【2019-11-25 00:06:05】
订单号：20191125000314505752
通知地址：http://pay1.dr5151.com/apis/pay_gateway/jiufujinzhifu/notice
通知报文：memberid=191209911&orderid=F201911250003133053&transaction_id=20191125000314505752&amount=100.0000&datetime=20191125000605&returncode=00&sign=69A73BF93D56365961EBAC9C43233A00&attach=
HTTP状态：
返回：OK

【2019-11-25 00:07:55】
订单号：20191125000637100494
通知地址：http://pay.vip6081.com/onlinepay/jiufubaov2/notify.do
通知报文：memberid=191155102&orderid=2019112500062500014&transaction_id=20191125000637100494&amount=100.0000&datetime=20191125000755&returncode=00&sign=BC50EB7EB18F1810FC6E4D047FFFCB28&attach=
HTTP状态：
返回：OK

【2019-11-25 00:35:21】
订单号：20191125003256564956
通知地址：https://payback3.lebopay.net/jfbscpay/scallback.php
通知报文：memberid=191209913&orderid=2019112412325576452241&transaction_id=20191125003256564956&amount=300.0000&datetime=20191125003518&returncode=00&sign=D3D03C2CD7E9CE8D24144BE16BE28D24&attach=41536-fde1d8c5219d3ec9f7be9815d022dad4
HTTP状态：
返回：OK

【2019-11-25 00:40:14】
订单号：20191125003716995457
通知地址：http://pay.vip6081.com/onlinepay/jiufubaov2/notify.do
通知报文：memberid=191155102&orderid=2019112500371400062&transaction_id=20191125003716995457&amount=100.0000&datetime=20191125004014&returncode=00&sign=94C75E2D37FF48E05A132B679E0FF5F9&attach=
HTTP状态：
返回：OK

【2019-11-25 00:45:06】
订单号：20191125004149100975
通知地址：http://pay.1youbox.com/onlinepay/jiufubaov2/notify.do
通知报文：memberid=191209910&orderid=2019112500414700078&transaction_id=20191125004149100975&amount=100.0000&datetime=20191125004506&returncode=00&sign=19A0B9CA3D295CC168B52212B7750380&attach=
HTTP状态：
返回：OK

【2019-11-25 09:53:18】
订单号：20191125094257495754
通知地址：https://a.818-158.com/Public.server.do
通知报文：memberid=191095866&orderid=Y1911250942565630&transaction_id=20191125094257495754&amount=2500.0000&datetime=20191125095318&returncode=00&sign=9CB44609A720A449134E63BD659A0246&attach=512,https://a.818-158.com/Account.jhrecharge.do
HTTP状态：
返回：<html>
<head><title>301 Moved Permanently</title></head>
<body bgcolor="white">
<center><h1>301 Moved Permanently</h1></center>
<hr><center>nginx</center>
</body>
</html>


【2019-11-25 10:02:27】
订单号：20191125094257495754
通知地址：https://a.818-158.com/Public.server.do
通知报文：memberid=191095866&orderid=Y1911250942565630&transaction_id=20191125094257495754&amount=2500.0000&datetime=20191125100227&returncode=00&sign=BE8CF2921D83118AC424099B66AAE766&attach=512,https://a.818-158.com/Account.jhrecharge.do
HTTP状态：
返回：<html>
<head><title>301 Moved Permanently</title></head>
<body bgcolor="white">
<center><h1>301 Moved Permanently</h1></center>
<hr><center>nginx</center>
</body>
</html>


【2019-11-25 11:00:22】
订单号：20191125103103555098
通知地址：http://pay.1youbox.com/onlinepay/jiufubaov2/notify.do
通知报文：memberid=191209910&orderid=2019112510310200800&transaction_id=20191125103103555098&amount=100.0000&datetime=20191125110022&returncode=00&sign=7C1AF91258ACC9C115EA475F64B3180E&attach=
HTTP状态：
返回：OK

【2019-11-25 12:13:21】
订单号：20191125120807559750
通知地址：http://awseb-e-q-awsebloa-p0jtqe3naeml-278855201.ap-northeast-1.elb.amazonaws.com/pay/notify/152/520
通知报文：memberid=191209912&orderid=1041364620191125120800775&transaction_id=20191125120807559750&amount=100.0000&datetime=20191125121321&returncode=00&sign=D46D269223703C4E4572FB57172FAF13&attach=
HTTP状态：
返回：OK

【2019-11-25 12:24:49】
订单号：20191125121722505049
通知地址：https://payback3.lebopay.net/jfbscpay/scallback.php
通知报文：memberid=191209913&orderid=2019112500171828049508&transaction_id=20191125121722505049&amount=100.0000&datetime=20191125122447&returncode=00&sign=2B14A9981BF9E561FB73433F423CE258&attach=41535-6657d506a5d5d8fcf0def3c9b450509b
HTTP状态：
返回：OK

【2019-11-25 12:50:52】
订单号：20191125124745495699
通知地址：http://pay1.dr5151.com/apis/pay_gateway/jiufujinzhifu/notice
通知报文：memberid=191209911&orderid=F201911251247434499&transaction_id=20191125124745495699&amount=100.0000&datetime=20191125125052&returncode=00&sign=8B57B0A5E0396B57FB6EB30BAE8840D2&attach=
HTTP状态：
返回：OK

【2019-11-25 13:12:51】
订单号：20191125131057491014
通知地址：http://pay.1youbox.com/onlinepay/jiufubaov2/notify.do
通知报文：memberid=191209910&orderid=2019112513105101436&transaction_id=20191125131057491014&amount=100.1000&datetime=20191125131251&returncode=00&sign=40C635B6AB9CF5823CBA2921062E22BD&attach=
HTTP状态：
返回：OK

【2019-11-25 13:16:19】
订单号：20191125131412521011
通知地址：http://pay1.dr5151.com/apis/pay_gateway/jiufujinzhifu/notice
通知报文：memberid=191209911&orderid=F201911251314119737&transaction_id=20191125131412521011&amount=800.0000&datetime=20191125131619&returncode=00&sign=E3F3A2C8580C9F4545D0AA6F1D442850&attach=
HTTP状态：
返回：OK

【2019-11-25 13:16:23】
订单号：20191125131401579798
通知地址：http://pay.1youbox.com/onlinepay/jiufubaov2/notify.do
通知报文：memberid=191209910&orderid=2019112513135401460&transaction_id=20191125131401579798&amount=100.0000&datetime=20191125131622&returncode=00&sign=972CBB1A0054479A060ACC733786D5D1&attach=
HTTP状态：
返回：

【2019-11-25 13:17:47】
订单号：20191125131605535650
通知地址：http://pay1.dr5151.com/apis/pay_gateway/jiufujinzhifu/notice
通知报文：memberid=191209911&orderid=F201911251316024905&transaction_id=20191125131605535650&amount=300.0000&datetime=20191125131746&returncode=00&sign=B35768FCB7FCB27B7D930245972C7588&attach=
HTTP状态：
返回：OK

【2019-11-25 13:18:38】
订单号：20191125130652999954
通知地址：http://pay.1youbox.com/onlinepay/jiufubaov2/notify.do
通知报文：memberid=191209910&orderid=2019112513064601420&transaction_id=20191125130652999954&amount=100.0000&datetime=20191125131838&returncode=00&sign=DD49ED082A7518DB7C14288A4DFFDC22&attach=
HTTP状态：
返回：OK

【2019-11-25 13:19:52】
订单号：20191125131451984997
通知地址：http://pay1.dr5151.com/apis/pay_gateway/jiufujinzhifu/notice
通知报文：memberid=191209911&orderid=F201911251314483788&transaction_id=20191125131451984997&amount=100.0000&datetime=20191125131951&returncode=00&sign=A5A23CEE3AE004AF4D995A22D22210FE&attach=
HTTP状态：
返回：OK

【2019-11-25 13:23:18】
订单号：20191125131310545610
通知地址：http://150.109.59.33/tools/notify-1bcf_81d2b5_b9b1_2892898_7e9d
通知报文：memberid=191189793&orderid=WX191125131304743924&transaction_id=20191125131310545610&amount=200.1100&datetime=20191125132318&returncode=00&sign=B91F7AF7A0877B468B1205F0669B453E&attach=
HTTP状态：
返回：ok

【2019-11-25 13:26:28】
订单号：20191125131629100495
通知地址：http://pay1.dr5151.com/apis/pay_gateway/jiufujinzhifu/notice
通知报文：memberid=191209911&orderid=F201911251316208860&transaction_id=20191125131629100495&amount=100.0000&datetime=20191125132627&returncode=00&sign=8874A496C47CA0927975BAD8F5D0FE5B&attach=
HTTP状态：
返回：OK

【2019-11-25 13:28:33】
订单号：20191125132626501005
通知地址：http://pay1.dr5151.com/apis/pay_gateway/jiufujinzhifu/notice
通知报文：memberid=191209911&orderid=F201911251326231601&transaction_id=20191125132626501005&amount=500.0000&datetime=20191125132833&returncode=00&sign=C793970573D37AAE00911237766F3430&attach=
HTTP状态：
返回：OK

【2019-11-25 13:43:39】
订单号：20191125134240484810
通知地址：http://pay.1youbox.com/onlinepay/jiufubaov2/notify.do
通知报文：memberid=191209910&orderid=2019112513423601569&transaction_id=20191125134240484810&amount=500.0000&datetime=20191125134339&returncode=00&sign=28EDE61A0DE231D8D5B10FAD8EEDE3A4&attach=
HTTP状态：
返回：OK

【2019-11-25 13:45:56】
订单号：20191125134254101565
通知地址：http://pay.1youbox.com/onlinepay/jiufubaov2/notify.do
通知报文：memberid=191209910&orderid=2019112513425201571&transaction_id=20191125134254101565&amount=600.0000&datetime=20191125134555&returncode=00&sign=B18002612500FDBA5795955055297A8F&attach=
HTTP状态：
返回：OK

【2019-11-25 13:51:48】
订单号：20191125134657495010
通知地址：http://pay.1youbox.com/onlinepay/jiufubaov2/notify.do
通知报文：memberid=191209910&orderid=2019112513464901590&transaction_id=20191125134657495010&amount=100.0000&datetime=20191125135147&returncode=00&sign=D2A84B1D88ADAEA0D43459F634C26114&attach=
HTTP状态：
返回：OK

【2019-11-25 14:09:59】
订单号：20191125140816485610
通知地址：http://pay.1youbox.com/onlinepay/jiufubaov2/notify.do
通知报文：memberid=191209910&orderid=2019112514081401685&transaction_id=20191125140816485610&amount=1000.0000&datetime=20191125140959&returncode=00&sign=AB9E0365D98A6C503A2563DD57B0B1C9&attach=
HTTP状态：
返回：OK

【2019-11-25 14:15:54】
订单号：20191125140552485199
通知地址：http://pay.1youbox.com/onlinepay/jiufubaov2/notify.do
通知报文：memberid=191209910&orderid=2019112514055001671&transaction_id=20191125140552485199&amount=100.0000&datetime=20191125141554&returncode=00&sign=BCA2CDFF81C422D079179FADEEFD25E9&attach=
HTTP状态：
返回：OK

【2019-11-25 14:16:41】
订单号：20191125141440484810
通知地址：http://pay.1youbox.com/onlinepay/jiufubaov2/notify.do
通知报文：memberid=191209910&orderid=2019112514143501716&transaction_id=20191125141440484810&amount=100.0000&datetime=20191125141641&returncode=00&sign=A158A5E227BBA4CF7EA84ED28368B51F&attach=
HTTP状态：
返回：OK

【2019-11-25 14:42:11】
订单号：20191125144033491015
通知地址：https://payback3.lebopay.net/jfbscpay/scallback.php
通知报文：memberid=191209913&orderid=2019112502403349647744&transaction_id=20191125144033491015&amount=1500.0000&datetime=20191125144209&returncode=00&sign=1A619586118036BC729B1F7732DA50D2&attach=41535-7617f5926455eccb548b9d7e60e6b437
HTTP状态：
返回：OK

【2019-11-25 14:42:47】
订单号：20191125144013100505
通知地址：http://150.109.59.33/tools/notify-1bcf_81d2b5_b9b1_2892bd2_7eb9
通知报文：memberid=191189793&orderid=WX191125144007957197&transaction_id=20191125144013100505&amount=500.1100&datetime=20191125144247&returncode=00&sign=73854A8A70A10637D619662D36C87EB3&attach=
HTTP状态：
返回：ok

【2019-11-25 15:05:34】
订单号：20191125145534541014
通知地址：http://pay.1youbox.com/onlinepay/jiufubaov2/notify.do
通知报文：memberid=191209910&orderid=2019112514551101913&transaction_id=20191125145534541014&amount=100.0000&datetime=20191125150534&returncode=00&sign=9C44AE3A07C38B3A1AF4C895675D56B6&attach=
HTTP状态：
返回：OK

【2019-11-25 15:33:55】
订单号：20191125153226974951
通知地址：http://pay.1youbox.com/onlinepay/jiufubaov2/notify.do
通知报文：memberid=191209910&orderid=2019112515322402068&transaction_id=20191125153226974951&amount=1000.0000&datetime=20191125153355&returncode=00&sign=B6E98C40171080B73F48D7E548B17C43&attach=
HTTP状态：
返回：OK

【2019-11-25 15:35:31】
订单号：20191125153412529798
通知地址：http://pay.1youbox.com/onlinepay/jiufubaov2/notify.do
通知报文：memberid=191209910&orderid=2019112515341202081&transaction_id=20191125153412529798&amount=1500.0000&datetime=20191125153531&returncode=00&sign=86BFFFBEB1457B68DE64B535D587EBCE&attach=
HTTP状态：
返回：OK

【2019-11-25 15:40:57】
订单号：20191125153631102524
通知地址：http://pay.1youbox.com/onlinepay/jiufubaov2/notify.do
通知报文：memberid=191209910&orderid=2019112515362302095&transaction_id=20191125153631102524&amount=100.0000&datetime=20191125154057&returncode=00&sign=9B596ED8FB4A4DF387383D5788FB1806&attach=
HTTP状态：
返回：OK

【2019-11-25 15:44:12】
订单号：20191125154256484951
通知地址：http://pay.1youbox.com/onlinepay/jiufubaov2/notify.do
通知报文：memberid=191209910&orderid=2019112515425502126&transaction_id=20191125154256484951&amount=200.0000&datetime=20191125154411&returncode=00&sign=F0533443C8CD6659CD8832E610DF0C61&attach=
HTTP状态：
返回：OK

【2019-11-25 15:53:11】
订单号：20191125155126101555
通知地址：http://pay.1youbox.com/onlinepay/jiufubaov2/notify.do
通知报文：memberid=191209910&orderid=2019112515512302164&transaction_id=20191125155126101555&amount=100.0000&datetime=20191125155311&returncode=00&sign=D81045400FBE6A2034F446C6F7AB2EF5&attach=
HTTP状态：
返回：OK

【2019-11-25 15:55:24】
订单号：20191125155356525410
通知地址：http://pay.1youbox.com/onlinepay/jiufubaov2/notify.do
通知报文：memberid=191209910&orderid=2019112515535602184&transaction_id=20191125155356525410&amount=100.0000&datetime=20191125155524&returncode=00&sign=762F31ADED2E7E19202658E4B28F6B41&attach=
HTTP状态：
返回：OK

【2019-11-25 16:03:10】
订单号：20191125160140529856
通知地址：http://awseb-e-q-awsebloa-p0jtqe3naeml-278855201.ap-northeast-1.elb.amazonaws.com/pay/notify/152/520
通知报文：memberid=191209912&orderid=1040722720191125160134235&transaction_id=20191125160140529856&amount=500.0000&datetime=20191125160310&returncode=00&sign=2F9F4DC700DBC2841140ED7CCD54A828&attach=
HTTP状态：
返回：OK

【2019-11-25 16:15:30】
订单号：20191125160404524954
通知地址：http://e019cdb2webapi.miapp66dom.com/Api/Home/payCallBack/jiufubao
通知报文：memberid=191121442&orderid=11251604023641&transaction_id=20191125160404524954&amount=200.0000&datetime=20191125161528&returncode=00&sign=D7EF4E330EF053F9183CEC8D9FB756F7&attach=
HTTP状态：
返回：查询订单失败查询订单订单状态为未支付ok

【2019-11-25 16:30:01】
订单号：20191125162601571004
通知地址：http://awseb-e-q-awsebloa-p0jtqe3naeml-278855201.ap-northeast-1.elb.amazonaws.com/pay/notify/152/520
通知报文：memberid=191209912&orderid=1040722720191125162555026&transaction_id=20191125162601571004&amount=200.0000&datetime=20191125163001&returncode=00&sign=7407BE98C6BF86D2FEE2EF6F820D30C2&attach=
HTTP状态：
返回：OK

【2019-11-25 16:39:57】
订单号：20191125163817574950
通知地址：http://150.109.59.33/tools/notify-1bcf_81d2b5_b9b1_2892f89_7ee9
通知报文：memberid=191189793&orderid=WX191125163816825252&transaction_id=20191125163817574950&amount=500.1100&datetime=20191125163957&returncode=00&sign=A6B4E5E980C130F8488DED3D05CD84F9&attach=
HTTP状态：
返回：ok

【2019-11-25 17:15:10】
订单号：20191125170310101574
通知地址：https://payback3.lebopay.net/jfbscpay/scallback.php
通知报文：memberid=191209913&orderid=2019112505030567619508&transaction_id=20191125170310101574&amount=100.0000&datetime=20191125171508&returncode=00&sign=EB02AA723C6A3B208BE5EB31818FB04E&attach=41535-77812db038904eddb75adff679ecbf05
HTTP状态：
返回：OK

【2019-11-25 17:40:09】
订单号：20191125173821100529
通知地址：http://pay.ffc585.com/JiuFuBaoZhiFuReturn/Index
通知报文：memberid=191205418&orderid=RK540635363451910773&transaction_id=20191125173821100529&amount=500.0000&datetime=20191125174009&returncode=00&sign=ECA24BA8FC2B151ECD6B423915535D2A&attach=
HTTP状态：
返回：OK

【2019-11-25 18:05:22】
订单号：20191125180352565051
通知地址：http://pay1.dr5151.com/apis/pay_gateway/jiufujinzhifu/notice
通知报文：memberid=191209911&orderid=F201911251803481024&transaction_id=20191125180352565051&amount=100.0000&datetime=20191125180522&returncode=00&sign=C1CB776C53712DAFDF88F2B1FE021A3F&attach=
HTTP状态：
返回：OK

【2019-11-25 18:15:11】
订单号：20191125181324529950
通知地址：http://pay.1youbox.com/onlinepay/jiufubaov2/notify.do
通知报文：memberid=191209910&orderid=2019112518132102680&transaction_id=20191125181324529950&amount=300.0000&datetime=20191125181510&returncode=00&sign=94989AAA92DEAC41CC12455400462491&attach=
HTTP状态：
返回：OK

【2019-11-25 18:15:21】
订单号：20191125180519102515
通知地址：http://pay.1youbox.com/onlinepay/jiufubaov2/notify.do
通知报文：memberid=191209910&orderid=2019112518051502655&transaction_id=20191125180519102515&amount=150.0000&datetime=20191125181521&returncode=00&sign=9F107F84E07F40AB317D2556F214CFF2&attach=
HTTP状态：
返回：OK

【2019-11-25 18:18:11】
订单号：20191125181653534952
通知地址：http://pay.1youbox.com/onlinepay/jiufubaov2/notify.do
通知报文：memberid=191209910&orderid=2019112518165002692&transaction_id=20191125181653534952&amount=500.0000&datetime=20191125181811&returncode=00&sign=2A4ED2531D3AAE4BF98838CD648BD296&attach=
HTTP状态：
返回：OK

【2019-11-25 18:39:47】
订单号：20191125183832569910
通知地址：https://a.818-158.com/Public.server.do
通知报文：memberid=191095866&orderid=W1911251838301037&transaction_id=20191125183832569910&amount=2500.0000&datetime=20191125183947&returncode=00&sign=178303A1AE0F77D251D761D22D00F7A5&attach=512,https://a.818-158.com/Account.jhrecharge.do
HTTP状态：
返回：<html>
<head><title>301 Moved Permanently</title></head>
<body bgcolor="white">
<center><h1>301 Moved Permanently</h1></center>
<hr><center>nginx</center>
</body>
</html>


【2019-11-25 18:40:08】
订单号：20191125183832569910
通知地址：https://a.818-158.com/Public.server.do
通知报文：memberid=191095866&orderid=W1911251838301037&transaction_id=20191125183832569910&amount=2500.0000&datetime=20191125184008&returncode=00&sign=C27872B1083E8CBCEBB21CE9A0FAE065&attach=512,https://a.818-158.com/Account.jhrecharge.do
HTTP状态：
返回：<html>
<head><title>301 Moved Permanently</title></head>
<body bgcolor="white">
<center><h1>301 Moved Permanently</h1></center>
<hr><center>nginx</center>
</body>
</html>


【2019-11-25 19:02:07】
订单号：20191125184245535556
通知地址：https://payback3.lebopay.net/jfbscpay/scallback.php
通知报文：memberid=191209913&orderid=2019112506424255622241&transaction_id=20191125184245535556&amount=300.0000&datetime=20191125190205&returncode=00&sign=3D6A910C5D21BD584C437F328E7BC4F5&attach=41536-9a6edb21d536379d6cd112126f29f595
HTTP状态：
返回：OK

【2019-11-25 19:09:14】
订单号：20191125190723984855
通知地址：http://pay.1youbox.com/onlinepay/jiufubaov2/notify.do
通知报文：memberid=191209910&orderid=2019112519072202823&transaction_id=20191125190723984855&amount=100.0000&datetime=20191125190914&returncode=00&sign=F56682A1FFF998B59FC98C4B4711DCA0&attach=
HTTP状态：
返回：OK

【2019-11-25 19:10:30】
订单号：20191125190825575249
通知地址：https://a.818-158.com/Public.server.do
通知报文：memberid=191095866&orderid=E1911251908231183&transaction_id=20191125190825575249&amount=5000.0000&datetime=20191125191030&returncode=00&sign=30888E31E298B819C21CA8E7741B72C9&attach=512,https://a.818-158.com/Account.jhrecharge.do
HTTP状态：
返回：<html>
<head><title>301 Moved Permanently</title></head>
<body bgcolor="white">
<center><h1>301 Moved Permanently</h1></center>
<hr><center>nginx</center>
</body>
</html>


【2019-11-25 19:14:12】
订单号：20191125191057495650
通知地址：http://e019cdb2app.miapp88api.com/Api/Home/payCallBack/jiufubao
通知报文：memberid=191121442&orderid=11251910577998&transaction_id=20191125191057495650&amount=200.0000&datetime=20191125191410&returncode=00&sign=8B32F71DC31FF5ED98D34F74A5559EA2&attach=
HTTP状态：
返回：查询订单失败查询订单订单状态为未支付ok

【2019-11-25 19:15:52】
订单号：20191125185518541005
通知地址：http://pay.vip6081.com/onlinepay/jiufubaov2/notify.do
通知报文：memberid=191155102&orderid=2019112518551701739&transaction_id=20191125185518541005&amount=100.0000&datetime=20191125191551&returncode=00&sign=CC7A8C062EA6BD0F8DA49A706487422D&attach=
HTTP状态：
返回：OK

【2019-11-25 19:25:56】
订单号：20191125192040565052
通知地址：http://pay.1youbox.com/onlinepay/jiufubaov2/notify.do
通知报文：memberid=191209910&orderid=2019112519203702882&transaction_id=20191125192040565052&amount=100.0000&datetime=20191125192556&returncode=00&sign=5CC137CB49809CB09F8EA7A4FD1AF080&attach=
HTTP状态：
返回：OK

【2019-11-25 19:30:01】
订单号：20191125192816485655
通知地址：http://pay.vip6081.com/onlinepay/jiufubaov2/notify.do
通知报文：memberid=191155102&orderid=2019112519281401842&transaction_id=20191125192816485655&amount=302.0000&datetime=20191125193001&returncode=00&sign=A878C59436D20333150748FFD524F52D&attach=
HTTP状态：
返回：OK

【2019-11-25 19:30:28】
订单号：20191125192828995357
通知地址：http://pay.vip6081.com/onlinepay/jiufubaov2/notify.do
通知报文：memberid=191155102&orderid=2019112519282701844&transaction_id=20191125192828995357&amount=100.0000&datetime=20191125193028&returncode=00&sign=F22846582EF95ACB71C1A4BB89CD57BF&attach=
HTTP状态：
返回：OK

【2019-11-25 19:41:40】
订单号：20191125193908995253
通知地址：http://pay.1youbox.com/onlinepay/jiufubaov2/notify.do
通知报文：memberid=191209910&orderid=2019112519390502956&transaction_id=20191125193908995253&amount=200.0000&datetime=20191125194140&returncode=00&sign=0C1FA509D6E13F4AF4B8B298A5A30DB4&attach=
HTTP状态：
返回：OK

【2019-11-25 19:50:11】
订单号：20191125194810975052
通知地址：https://a.818-158.com/Public.server.do
通知报文：memberid=191095866&orderid=N1911251948072156&transaction_id=20191125194810975052&amount=200.0000&datetime=20191125195011&returncode=00&sign=F911C7A6CA1D8637AFFC1AA9B7CE9EDA&attach=499,https://a.818-158.com/Account.jhrecharge.do
HTTP状态：
返回：<html>
<head><title>301 Moved Permanently</title></head>
<body bgcolor="white">
<center><h1>301 Moved Permanently</h1></center>
<hr><center>nginx</center>
</body>
</html>


【2019-11-25 19:52:57】
订单号：20191125195110101545
通知地址：http://e019cdb2app.miapp88api.com/Api/Home/payCallBack/jiufubao
通知报文：memberid=191121442&orderid=11251951102722&transaction_id=20191125195110101545&amount=200.0000&datetime=20191125195255&returncode=00&sign=3E211AA472A27026E4E9FA91F763552D&attach=
HTTP状态：
返回：查询订单失败查询订单订单状态为未支付ok

【2019-11-25 20:07:56】
订单号：20191125200408564810
通知地址：http://pay.1youbox.com/onlinepay/jiufubaov2/notify.do
通知报文：memberid=191209910&orderid=2019112520040703073&transaction_id=20191125200408564810&amount=100.0000&datetime=20191125200755&returncode=00&sign=DEA6E6E000F1ED5B56A9AF7E7B795502&attach=
HTTP状态：
返回：OK

【2019-11-25 20:12:23】
订单号：20191125201019985097
通知地址：http://pay.1youbox.com/onlinepay/jiufubaov2/notify.do
通知报文：memberid=191209910&orderid=2019112520101703097&transaction_id=20191125201019985097&amount=100.0000&datetime=20191125201223&returncode=00&sign=360FEE2A071A33D1555DDE3BF6C19120&attach=
HTTP状态：
返回：OK

【2019-11-25 20:18:33】
订单号：20191125201616485357
通知地址：http://pay1.dr5151.com/apis/pay_gateway/jiufujinzhifu/notice
通知报文：memberid=191209911&orderid=F201911252016093864&transaction_id=20191125201616485357&amount=3000.0000&datetime=20191125201833&returncode=00&sign=32A4EC0BCDDD4A6A3DDEE4DDD16967F0&attach=
HTTP状态：
返回：OK

【2019-11-25 20:20:33】
订单号：20191125200651981015
通知地址：http://e019cdb2app.miapp88api.com/Api/Home/payCallBack/jiufubao
通知报文：memberid=191121442&orderid=11252006513274&transaction_id=20191125200651981015&amount=100.0000&datetime=20191125202030&returncode=00&sign=E65EF49FF6A7F1091D8A8D4E3F5B8649&attach=
HTTP状态：
返回：查询订单失败查询订单订单状态为未支付ok

【2019-11-25 20:32:40】
订单号：20191125203103559957
通知地址：http://pay1.dr5151.com/apis/pay_gateway/jiufujinzhifu/notice
通知报文：memberid=191209911&orderid=F201911252031013304&transaction_id=20191125203103559957&amount=470.0000&datetime=20191125203239&returncode=00&sign=D35EBEB211C0264043D3F9DABEFAFF91&attach=
HTTP状态：
返回：OK

【2019-11-25 20:36:05】
订单号：20191125203315985149
通知地址：http://e019cdb2app.miapp88api.com/Api/Home/payCallBack/jiufubao
通知报文：memberid=191121442&orderid=11252033141227&transaction_id=20191125203315985149&amount=100.0000&datetime=20191125203603&returncode=00&sign=34C4AC1EDF54D359D7FB1D59BB2650CE&attach=
HTTP状态：
返回：查询订单失败查询订单订单状态为未支付ok

【2019-11-25 20:44:41】
订单号：20191125204229535755
通知地址：http://e019cdb2app.miapp88api.com/Api/Home/payCallBack/jiufubao
通知报文：memberid=191121442&orderid=11252042296730&transaction_id=20191125204229535755&amount=300.0000&datetime=20191125204440&returncode=00&sign=BFC5A5891583F00EB8835FF96AF9522D&attach=
HTTP状态：
返回：查询订单失败查询订单订单状态为未支付ok

【2019-11-25 20:54:35】
订单号：20191125205244999810
通知地址：http://pay1.dr5151.com/apis/pay_gateway/jiufujinzhifu/notice
通知报文：memberid=191209911&orderid=F201911252052426159&transaction_id=20191125205244999810&amount=200.0000&datetime=20191125205435&returncode=00&sign=2B4629294D38B24A1F5D8739CCECC614&attach=
HTTP状态：
返回：OK

【2019-11-25 21:01:21】
订单号：20191125205806101535
通知地址：http://pay1.dr5151.com/apis/pay_gateway/jiufujinzhifu/notice
通知报文：memberid=191209911&orderid=F201911252057571943&transaction_id=20191125205806101535&amount=200.0000&datetime=20191125210121&returncode=00&sign=174CB514D6F5F5E21610B12BA550F2DC&attach=
HTTP状态：
返回：OK

【2019-11-25 21:11:21】
订单号：20191125210131985455
通知地址：http://pay1.dr5151.com/apis/pay_gateway/jiufujinzhifu/notice
通知报文：memberid=191209911&orderid=F201911252101301192&transaction_id=20191125210131985455&amount=300.0000&datetime=20191125211121&returncode=00&sign=66975BA3EDA48C74735B5F7197D3D36F&attach=
HTTP状态：
返回：已处理过过的订单

【2019-11-25 21:11:23】
订单号：20191125210131985455
通知地址：http://pay1.dr5151.com/apis/pay_gateway/jiufujinzhifu/notice
通知报文：memberid=191209911&orderid=F201911252101301192&transaction_id=20191125210131985455&amount=300.0000&datetime=20191125211122&returncode=00&sign=5C51CD9E5EE3507076F2B556CAAE1259&attach=
HTTP状态：
返回：已处理过过的订单

【2019-11-25 21:14:58】
订单号：20191125211309539754
通知地址：http://pay1.dr5151.com/apis/pay_gateway/jiufujinzhifu/notice
通知报文：memberid=191209911&orderid=F201911252113051263&transaction_id=20191125211309539754&amount=500.0000&datetime=20191125211457&returncode=00&sign=92AC6EF708F3453101CDBF11B5F16474&attach=
HTTP状态：
返回：OK

【2019-11-25 21:16:01】
订单号：20191125211333100515
通知地址：http://pay.1youbox.com/onlinepay/jiufubaov2/notify.do
通知报文：memberid=191209910&orderid=2019112521133103413&transaction_id=20191125211333100515&amount=300.0000&datetime=20191125211601&returncode=00&sign=AE554979B7E625ACB1878939CF10C4C8&attach=
HTTP状态：
返回：OK

【2019-11-25 21:18:16】
订单号：20191125210131985455
通知地址：http://pay1.dr5151.com/apis/pay_gateway/jiufujinzhifu/notice
通知报文：memberid=191209911&orderid=F201911252101301192&transaction_id=20191125210131985455&amount=300.0000&datetime=20191125211815&returncode=00&sign=CD1DD4C7F32AC5DF2F19334EA8A51E49&attach=
HTTP状态：
返回：已处理过过的订单

【2019-11-25 21:18:29】
订单号：20191125210131985455
通知地址：http://pay1.dr5151.com/apis/pay_gateway/jiufujinzhifu/notice
通知报文：memberid=191209911&orderid=F201911252101301192&transaction_id=20191125210131985455&amount=300.0000&datetime=20191125211829&returncode=00&sign=6757BC3BA38886A81452533314EF8C3B&attach=
HTTP状态：
返回：已处理过过的订单

【2019-11-25 21:24:40】
订单号：20191125212245539752
通知地址：http://pay.ffc585.com/JiuFuBaoZhiFuReturn/Index
通知报文：memberid=191205418&orderid=RK540737059393865830&transaction_id=20191125212245539752&amount=350.0000&datetime=20191125212438&returncode=00&sign=276788E3B6FF79D5B42D2CB17922A048&attach=
HTTP状态：
返回：OK

【2019-11-25 21:25:55】
订单号：20191125194810975052
通知地址：https://a.818-158.com/Public.server.do
通知报文：memberid=191095866&orderid=N1911251948072156&transaction_id=20191125194810975052&amount=200.0000&datetime=20191125212555&returncode=00&sign=C56DDD8D13A4BF0BA2E76B83EEC3AEB5&attach=499,https://a.818-158.com/Account.jhrecharge.do
HTTP状态：
返回：<html>
<head><title>301 Moved Permanently</title></head>
<body bgcolor="white">
<center><h1>301 Moved Permanently</h1></center>
<hr><center>nginx</center>
</body>
</html>


【2019-11-25 21:46:49】
订单号：20191125213300994948
通知地址：http://pay1.dr5151.com/apis/pay_gateway/jiufujinzhifu/notice
通知报文：memberid=191209911&orderid=F201911252132583033&transaction_id=20191125213300994948&amount=100.0000&datetime=20191125214648&returncode=00&sign=859E0702284875222403576DBFF3F0CB&attach=
HTTP状态：
返回：OK

【2019-11-25 22:02:45】
订单号：20191125220011985048
通知地址：http://pay1.dr5151.com/apis/pay_gateway/jiufujinzhifu/notice
通知报文：memberid=191209911&orderid=F201911252200095631&transaction_id=20191125220011985048&amount=1000.0000&datetime=20191125220244&returncode=00&sign=CB90CD47BFB3875ADC1BAF7CA00269B4&attach=
HTTP状态：
返回：OK

【2019-11-25 22:11:13】
订单号：20191125220927551004
通知地址：http://pay1.dr5151.com/apis/pay_gateway/jiufujinzhifu/notice
通知报文：memberid=191209911&orderid=F201911252209257365&transaction_id=20191125220927551004&amount=500.0000&datetime=20191125221113&returncode=00&sign=9A056A3C65AF85DB1133EAF388DB7154&attach=
HTTP状态：
返回：OK

【2019-11-25 22:18:12】
订单号：20191125221645100515
通知地址：http://pay1.dr5151.com/apis/pay_gateway/jiufujinzhifu/notice
通知报文：memberid=191209911&orderid=F201911252216434899&transaction_id=20191125221645100515&amount=100.0000&datetime=20191125221812&returncode=00&sign=3AC4A938F36778852EA069FA95A214E3&attach=
HTTP状态：
返回：OK

【2019-11-25 22:19:07】
订单号：20191125221731985151
通知地址：http://pay.vip6081.com/onlinepay/jiufubaov2/notify.do
通知报文：memberid=191155102&orderid=2019112522172702274&transaction_id=20191125221731985151&amount=1000.0000&datetime=20191125221905&returncode=00&sign=3CA60D36331DB151C08FC32DFE66D289&attach=
HTTP状态：
返回：OK

【2019-11-25 22:19:28】
订单号：20191125221757535252
通知地址：http://pay.vip6081.com/onlinepay/jiufubaov2/notify.do
通知报文：memberid=191155102&orderid=2019112522175502277&transaction_id=20191125221757535252&amount=170.0000&datetime=20191125221928&returncode=00&sign=C68A246F5611A654FC6AC49B7B5B957F&attach=
HTTP状态：
返回：OK

【2019-11-25 22:27:14】
订单号：20191125222555511005
通知地址：http://pay.ffc585.com/JiuFuBaoZhiFuReturn/Index
通知报文：memberid=191205418&orderid=RK540873333562928753&transaction_id=20191125222555511005&amount=500.0000&datetime=20191125222714&returncode=00&sign=CB41BA90FC92715E2F3871DF0B388472&attach=
HTTP状态：
返回：OK

【2019-11-25 22:36:11】
订单号：20191125222608485451
通知地址：http://pay1.dr5151.com/apis/pay_gateway/jiufujinzhifu/notice
通知报文：memberid=191209911&orderid=F201911252225589949&transaction_id=20191125222608485451&amount=100.0000&datetime=20191125223611&returncode=00&sign=841DD2BC4672D09C417BDB2F5F1BEC0F&attach=
HTTP状态：
返回：OK

【2019-11-25 22:36:27】
订单号：20191125222410975510
通知地址：http://pay.1youbox.com/onlinepay/jiufubaov2/notify.do
通知报文：memberid=191209910&orderid=2019112522234903676&transaction_id=20191125222410975510&amount=100.0000&datetime=20191125223627&returncode=00&sign=ADF6D2D78ED9285F6EA88ECDAF9072D1&attach=
HTTP状态：
返回：OK

【2019-11-25 22:37:39】
订单号：20191125223638545454
通知地址：http://pay.ffc585.com/JiuFuBaoZhiFuReturn/Index
通知报文：memberid=191205418&orderid=RK540842163564376919&transaction_id=20191125223638545454&amount=500.0000&datetime=20191125223738&returncode=00&sign=906D6AB0CD62DC5CDA6BD00D97DE55CD&attach=
HTTP状态：
返回：OK

【2019-11-25 22:53:01】
订单号：20191125224854545056
通知地址：http://pay.vip6081.com/onlinepay/jiufubaov2/notify.do
通知报文：memberid=191155102&orderid=2019112522485102415&transaction_id=20191125224854545056&amount=1000.0000&datetime=20191125225301&returncode=00&sign=8AE5537D98E60D3970597654A24DAE21&attach=
HTTP状态：
返回：OK

【2019-11-25 22:57:34】
订单号：20191125224603985253
通知地址：http://pay.vip6081.com/onlinepay/jiufubaov2/notify.do
通知报文：memberid=191155102&orderid=2019112522455802399&transaction_id=20191125224603985253&amount=300.0000&datetime=20191125225733&returncode=00&sign=9289611886C2A18A2EE3A35D95696B15&attach=
HTTP状态：
返回：OK

【2019-11-25 22:58:22】
订单号：20191125225643989848
通知地址：http://e019cdb2app.miapp88api.com/Api/Home/payCallBack/jiufubao
通知报文：memberid=191121442&orderid=11252256427553&transaction_id=20191125225643989848&amount=200.0000&datetime=20191125225820&returncode=00&sign=076F032DB4C33629DEBB35A61708E1A1&attach=
HTTP状态：
返回：查询订单失败查询订单订单状态为未支付ok

【2019-11-25 23:02:46】
订单号：20191125230135102975
通知地址：http://pay.1youbox.com/onlinepay/jiufubaov2/notify.do
通知报文：memberid=191209910&orderid=2019112523013203785&transaction_id=20191125230135102975&amount=100.0000&datetime=20191125230245&returncode=00&sign=A34DBB1404A51DF2B0394058282E5A6B&attach=
HTTP状态：
返回：OK

【2019-11-25 23:10:48】
订单号：20191125230917100985
通知地址：http://pay.vip6081.com/onlinepay/jiufubaov2/notify.do
通知报文：memberid=191155102&orderid=2019112523091602478&transaction_id=20191125230917100985&amount=600.0000&datetime=20191125231046&returncode=00&sign=69F9E95598D9C29621273BE5EEAFFCBA&attach=
HTTP状态：
返回：OK

【2019-11-25 23:20:12】
订单号：20191125231815555699
通知地址：http://pay.vip6081.com/onlinepay/jiufubaov2/notify.do
通知报文：memberid=191155102&orderid=2019112523181502502&transaction_id=20191125231815555699&amount=1000.0000&datetime=20191125232012&returncode=00&sign=9C59582A4502E9F1E06AFCA16F4DDDAC&attach=
HTTP状态：
返回：OK

【2019-11-25 23:47:53】
订单号：20191125234636991009
通知地址：http://pay.1youbox.com/onlinepay/jiufubaov2/notify.do
通知报文：memberid=191209910&orderid=2019112523463503868&transaction_id=20191125234636991009&amount=100.0000&datetime=20191125234753&returncode=00&sign=166EEB9952A52E18A9DFD56BEC76BE7C&attach=
HTTP状态：
返回：OK

【2019-11-25 23:50:53】
订单号：20191125234927559750
通知地址：http://pay.vip6081.com/onlinepay/jiufubaov2/notify.do
通知报文：memberid=191155102&orderid=2019112523492402594&transaction_id=20191125234927559750&amount=1000.0000&datetime=20191125235052&returncode=00&sign=73A5F9F7F87E5FE4E8C60A9AA28C67D5&attach=
HTTP状态：
返回：OK

