【2019-12-09 00:08:32】
订单号：20191209000555515557
通知地址：https://pay.fh89zf.com/onlinePay/notify/p2jiufubaov2.do
通知报文：memberid=191194184&orderid=D2019120900055000014&transaction_id=20191209000555515557&amount=175.0000&datetime=20191209000830&returncode=00&sign=CB6231794229A614594B8D0590888F08&attach=
HTTP状态：
返回：OK

【2019-12-09 00:49:57】
订单号：20191209004716524952
通知地址：http://pay.ffc585.com/JiuFuBaoZhiFuReturn/Index
通知报文：memberid=191205418&orderid=RK390625248584362905&transaction_id=20191209004716524952&amount=100.0000&datetime=20191209004956&returncode=00&sign=A72686ABFCC2D75D7BA3017AC1803B34&attach=
HTTP状态：
返回：OK

【2019-12-09 00:52:21】
订单号：20191209005034975198
通知地址：http://e019cdb2app.miapp88api.com/Api/Home/payCallBack/jiufubao
通知报文：memberid=191121442&orderid=12090050344063&transaction_id=20191209005034975198&amount=100.0000&datetime=20191209005219&returncode=00&sign=E0AB244B9E6A8B3F1AB1789881CC6DF1&attach=
HTTP状态：
返回：查询订单失败查询订单订单状态为未支付ok

【2019-12-09 10:32:45】
订单号：20191209103109100505
通知地址：https://wanjia365.cn/Public.server.do
通知报文：memberid=191095866&orderid=D1912091031087934&transaction_id=20191209103109100505&amount=500.0000&datetime=20191209103244&returncode=00&sign=144C8B8BDA47A16D892A876F758A267F&attach=501,https://wanjia365.cn/Account.jhrecharge.do
HTTP状态：
返回：

【2019-12-09 10:44:09】
订单号：20191209104139515550
通知地址：http://pay.ffc585.com/JiuFuBaoZhiFuReturn/Index
通知报文：memberid=191205418&orderid=RK390893111472715433&transaction_id=20191209104139515550&amount=5000.0000&datetime=20191209104408&returncode=00&sign=88C822C7A9EFF45D1772E0C1F7148585&attach=
HTTP状态：
返回：OK

【2019-12-09 11:30:50】
订单号：20191209112820521004
通知地址：http://pay.ffc585.com/JiuFuBaoZhiFuReturn/Index
通知报文：memberid=191205418&orderid=RK390604291477700216&transaction_id=20191209112820521004&amount=8000.0000&datetime=20191209113050&returncode=00&sign=D2E2F16079A836D3F694DE111F7975A8&attach=
HTTP状态：
返回：OK

【2019-12-09 11:52:11】
订单号：20191208234628524952
通知地址：http://pay.1youbox.com/onlinepay/jiufubaov2/notify.do
通知报文：memberid=191209910&orderid=2019120823462104819&transaction_id=20191208234628524952&amount=500.0000&datetime=20191209115210&returncode=00&sign=B09E8086BA6FF85104E7F38FDA1702E9&attach=
HTTP状态：
返回：

【2019-12-09 11:56:08】
订单号：20191209115505574856
通知地址：http://pay.ffc585.com/JiuFuBaoZhiFuReturn/Index
通知报文：memberid=191205418&orderid=RK390716431477831742&transaction_id=20191209115505574856&amount=7000.0000&datetime=20191209115607&returncode=00&sign=BF070E0927F734858F7B985B79248F51&attach=
HTTP状态：
返回：OK

【2019-12-09 12:05:12】
订单号：20191209120314509710
通知地址：https://wanjia365.cn/Public.server.do
通知报文：memberid=191095866&orderid=T1912091203136313&transaction_id=20191209120314509710&amount=2000.0000&datetime=20191209120511&returncode=00&sign=14883749FCFC0C8456121BD56D6E52D4&attach=512,https://wanjia365.cn/Account.jhrecharge.do
HTTP状态：
返回：

【2019-12-09 12:13:26】
订单号：20191209121155985752
通知地址：https://wanjia365.cn/Public.server.do
通知报文：memberid=191095866&orderid=J1912091211553946&transaction_id=20191209121155985752&amount=5000.0000&datetime=20191209121326&returncode=00&sign=0CF8ED0D955CDEF0F3E9B9BDC37261FF&attach=512,https://wanjia365.cn/Account.jhrecharge.do
HTTP状态：
返回：

【2019-12-09 12:14:40】
订单号：20191208234628524952
通知地址：http://pay.1youbox.com/onlinepay/jiufubaov2/notify.do
通知报文：memberid=191209910&orderid=2019120823462104819&transaction_id=20191208234628524952&amount=500.0000&datetime=20191209121439&returncode=00&sign=833C087B6F544A989769CACFAE9430DA&attach=
HTTP状态：
返回：

【2019-12-09 12:19:02】
订单号：20191209120314509710
通知地址：https://wanjia365.cn/Public.server.do
通知报文：memberid=191095866&orderid=T1912091203136313&transaction_id=20191209120314509710&amount=2000.0000&datetime=20191209121901&returncode=00&sign=E8B651337E0BAAAFFABC7F4592583363&attach=512,https://wanjia365.cn/Account.jhrecharge.do
HTTP状态：
返回：

【2019-12-09 12:19:16】
订单号：20191209120314509710
通知地址：https://wanjia365.cn/Public.server.do
通知报文：memberid=191095866&orderid=T1912091203136313&transaction_id=20191209120314509710&amount=2000.0000&datetime=20191209121916&returncode=00&sign=9EC78F68C781D7B43AB4BFFC99BB5A71&attach=512,https://wanjia365.cn/Account.jhrecharge.do
HTTP状态：
返回：

【2019-12-09 12:22:04】
订单号：20191209121848565597
通知地址：http://e019cdb2app.miapp88api.com/Api/Home/payCallBack/jiufubao
通知报文：memberid=191121442&orderid=12091218472818&transaction_id=20191209121848565597&amount=100.0000&datetime=20191209122202&returncode=00&sign=8C593576EA7DEA77F726897A4F342148&attach=
HTTP状态：
返回：查询订单失败查询订单订单状态为未支付ok

【2019-12-09 12:24:07】
订单号：20191209121155985752
通知地址：https://wanjia365.cn/Public.server.do
通知报文：memberid=191095866&orderid=J1912091211553946&transaction_id=20191209121155985752&amount=5000.0000&datetime=20191209122407&returncode=00&sign=ECB6D9A1B88573945B1197E42FD2FB7D&attach=512,https://wanjia365.cn/Account.jhrecharge.do
HTTP状态：
返回：

【2019-12-09 12:24:17】
订单号：20191209121155985752
通知地址：https://wanjia365.cn/Public.server.do
通知报文：memberid=191095866&orderid=J1912091211553946&transaction_id=20191209121155985752&amount=5000.0000&datetime=20191209122417&returncode=00&sign=15A2A5D50F264EA389DFE549B3DF2B8B&attach=512,https://wanjia365.cn/Account.jhrecharge.do
HTTP状态：
返回：

【2019-12-09 12:25:34】
订单号：20191208234628524952
通知地址：http://pay.1youbox.com/onlinepay/jiufubaov2/notify.do
通知报文：memberid=191209910&orderid=2019120823462104819&transaction_id=20191208234628524952&amount=500.0000&datetime=20191209122533&returncode=00&sign=CB0C85A35A32EA1DDF574A356A08AF28&attach=
HTTP状态：
返回：

【2019-12-09 12:25:46】
订单号：20191208234628524952
通知地址：http://pay.1youbox.com/onlinepay/jiufubaov2/notify.do
通知报文：memberid=191209910&orderid=2019120823462104819&transaction_id=20191208234628524952&amount=500.0000&datetime=20191209122546&returncode=00&sign=FF20F4911BF9348876B53F9CDE26BD57&attach=
HTTP状态：
返回：

【2019-12-09 12:43:21】
订单号：20191209124102101995
通知地址：https://e019cdb2webapi.miapp66dom.com/Api/Home/payCallBack/jiufubao
通知报文：memberid=191121442&orderid=12091240579825&transaction_id=20191209124102101995&amount=1000.0000&datetime=20191209124318&returncode=00&sign=3DA1D5FF8022A4EB23CF0BDA1677E924&attach=
HTTP状态：
返回：查询订单失败查询订单订单状态为未支付ok

【2019-12-09 12:53:00】
订单号：20191209124611511015
通知地址：https://e019cdb2webapi.miapp66dom.com/Api/Home/payCallBack/jiufubao
通知报文：memberid=191121442&orderid=12091245458467&transaction_id=20191209124611511015&amount=1000.0000&datetime=20191209125257&returncode=00&sign=5531466F1DB8BA45F0D310A900A45045&attach=
HTTP状态：
返回：查询订单失败查询订单订单状态为未支付ok

【2019-12-09 12:53:42】
订单号：20191209124708999756
通知地址：http://e019cdb2app.miapp88api.com/Api/Home/payCallBack/jiufubao
通知报文：memberid=191121442&orderid=12091247087874&transaction_id=20191209124708999756&amount=1000.0000&datetime=20191209125339&returncode=00&sign=B604074503C3FEC36BC134D132DC2ED3&attach=
HTTP状态：
返回：查询订单失败查询订单订单状态为未支付ok

【2019-12-09 12:57:06】
订单号：20191209125555985498
通知地址：http://e019cdb2app.miapp88api.com/Api/Home/payCallBack/jiufubao
通知报文：memberid=191121442&orderid=12091255545169&transaction_id=20191209125555985498&amount=150.0000&datetime=20191209125704&returncode=00&sign=E3168051AEFB445E0D37AAF7909459E4&attach=
HTTP状态：
返回：查询订单失败查询订单订单状态为未支付ok

【2019-12-09 13:09:56】
订单号：20191209130325100101
通知地址：https://wanjia365.cn/Public.server.do
通知报文：memberid=191095866&orderid=V1912091303157568&transaction_id=20191209130325100101&amount=300.0000&datetime=20191209130956&returncode=00&sign=A76D6448D4080D65D36986DF52F7BC38&attach=691,https://wanjia365.cn/Account.jhrecharge.do
HTTP状态：
返回：

【2019-12-09 13:15:03】
订单号：20191209131237535453
通知地址：https://pay.fh89zf.com/onlinePay/notify/p2jiufubaov2.do
通知报文：memberid=191194184&orderid=D2019120913123400399&transaction_id=20191209131237535453&amount=4800.0000&datetime=20191209131501&returncode=00&sign=3C95B12BC9F73C3D006103A8C2B14C79&attach=
HTTP状态：
返回：OK

【2019-12-09 13:33:55】
订单号：20191209133134545457
通知地址：http://e019cdb2app.miapp88api.com/Api/Home/payCallBack/jiufubao
通知报文：memberid=191121442&orderid=12091331334140&transaction_id=20191209133134545457&amount=300.0000&datetime=20191209133353&returncode=00&sign=045D1B253B2228F3E206E4E263030AE4&attach=
HTTP状态：
返回：查询订单失败查询订单订单状态为未支付ok

【2019-12-09 13:40:17】
订单号：20191209133731985098
通知地址：http://e019cdb2app.miapp88api.com/Api/Home/payCallBack/jiufubao
通知报文：memberid=191121442&orderid=12091337306389&transaction_id=20191209133731985098&amount=300.0000&datetime=20191209134015&returncode=00&sign=BA23CF58D8DDFAFCFDCEFC5FD0F133E6&attach=
HTTP状态：
返回：查询订单失败查询订单订单状态为未支付ok

【2019-12-09 13:49:47】
订单号：20191209134812994954
通知地址：http://e019cdb2app.miapp88api.com/Api/Home/payCallBack/jiufubao
通知报文：memberid=191121442&orderid=12091348107707&transaction_id=20191209134812994954&amount=300.0000&datetime=20191209134944&returncode=00&sign=C2D3968DD3B8180BBDF54E52E0236706&attach=
HTTP状态：
返回：查询订单失败查询订单订单状态为未支付ok

【2019-12-09 14:27:00】
订单号：20191209142441575110
通知地址：http://pay.ffc585.com/JiuFuBaoZhiFuReturn/Index
通知报文：memberid=191205418&orderid=RK390667244285413930&transaction_id=20191209142441575110&amount=3000.0000&datetime=20191209142659&returncode=00&sign=DDE6F821E32D6EA63734A28D51DFCD0A&attach=
HTTP状态：
返回：OK

【2019-12-09 14:36:27】
订单号：20191209143330975110
通知地址：https://www.wanjia365.cn/Public.server.do
通知报文：memberid=191095866&orderid=G1912091433287453&transaction_id=20191209143330975110&amount=100.0000&datetime=20191209143626&returncode=00&sign=9C59A023490886382D42018E3A1C0651&attach=730,https://www.wanjia365.cn/Account.jhrecharge.do
HTTP状态：
返回：OK

【2019-12-09 14:36:47】
订单号：20191209143532521015
通知地址：https://e019cdb2webapi.miapp66dom.com/Api/Home/payCallBack/jiufubao
通知报文：memberid=191121442&orderid=12091435318985&transaction_id=20191209143532521015&amount=300.0000&datetime=20191209143645&returncode=00&sign=FBC87A5BF7BB0D26F6E80244A1A45BF2&attach=
HTTP状态：
返回：查询订单失败查询订单订单状态为未支付ok

【2019-12-09 15:00:37】
订单号：20191209145855102489
通知地址：http://pay.ffc585.com/JiuFuBaoZhiFuReturn/Index
通知报文：memberid=191205418&orderid=RK391144363009659262&transaction_id=20191209145855102489&amount=100.0000&datetime=20191209150036&returncode=00&sign=ECC4D746A5CC3E399B9509765F8102E8&attach=
HTTP状态：
返回：OK

【2019-12-09 15:16:49】
订单号：20191209150836524998
通知地址：https://pay.fh89zf.com/onlinePay/notify/p2jiufubaov2.do
通知报文：memberid=191194184&orderid=D2019120915082200565&transaction_id=20191209150836524998&amount=220.0000&datetime=20191209151648&returncode=00&sign=C1C3493F7A1E4595C539BB339CC18E13&attach=
HTTP状态：
返回：OK

【2019-12-09 15:23:48】
订单号：20191209152149100535
通知地址：https://wanjia365.cn/Public.server.do
通知报文：memberid=191095866&orderid=A1912091521478718&transaction_id=20191209152149100535&amount=500.0000&datetime=20191209152347&returncode=00&sign=8053144823061094B58B5FE7C67A73E5&attach=512,https://wanjia365.cn/Account.jhrecharge.do
HTTP状态：
返回：

【2019-12-09 15:32:18】
订单号：20191209153049575110
通知地址：http://e019cdb2app.miapp88api.com/Api/Home/payCallBack/jiufubao
通知报文：memberid=191121442&orderid=12091530418491&transaction_id=20191209153049575110&amount=2000.0000&datetime=20191209153216&returncode=00&sign=688B7B851B8198AB7B878EB448A5607D&attach=
HTTP状态：
返回：查询订单失败查询订单订单状态为未支付ok

【2019-12-09 16:28:29】
订单号：20191209162638101485
通知地址：http://pay.1youbox.com/onlinepay/jiufubaov2/notify.do
通知报文：memberid=191209910&orderid=2019120916263402639&transaction_id=20191209162638101485&amount=150.0000&datetime=20191209162828&returncode=00&sign=D1DE42AC07AC8D472C7EF7A810254163&attach=
HTTP状态：
返回：OK

【2019-12-09 16:43:17】
订单号：20191209164208485157
通知地址：http://e019cdb2app.miapp88api.com/Api/Home/payCallBack/jiufubao
通知报文：memberid=191121442&orderid=12091642086854&transaction_id=20191209164208485157&amount=1000.0000&datetime=20191209164315&returncode=00&sign=9594B567D168F30C33C7CEEB0CCA3A78&attach=
HTTP状态：
返回：查询订单失败查询订单订单状态为未支付ok

【2019-12-09 17:18:19】
订单号：20191209171632489997
通知地址：http://pay.ffc585.com/JiuFuBaoZhiFuReturn/Index
通知报文：memberid=191205418&orderid=RK390535604286159067&transaction_id=20191209171632489997&amount=3000.0000&datetime=20191209171818&returncode=00&sign=18106E9F0AF0B94A8B21A083DA340D65&attach=
HTTP状态：
返回：OK

【2019-12-09 17:22:44】
订单号：20191209171147519855
通知地址：http://e019cdb2app.miapp88api.com/Api/Home/payCallBack/jiufubao
通知报文：memberid=191121442&orderid=12091711479393&transaction_id=20191209171147519855&amount=300.0000&datetime=20191209172242&returncode=00&sign=4CB1200D20A576225D8C874F4E8DFFED&attach=
HTTP状态：
返回：查询订单失败查询订单订单状态为未支付ok

【2019-12-09 18:00:30】
订单号：20191209175757535010
通知地址：http://pay.1youbox.com/onlinepay/jiufubaov2/notify.do
通知报文：memberid=191209910&orderid=2019120917575502980&transaction_id=20191209175757535010&amount=300.0000&datetime=20191209180029&returncode=00&sign=5AA602AB6215EB251ECD00C8BDE2196C&attach=
HTTP状态：
返回：OK

【2019-12-09 18:34:28】
订单号：20191209183255555499
通知地址：https://e019cdb2webapi.miapp66dom.com/Api/Home/payCallBack/jiufubao
通知报文：memberid=191121442&orderid=12091832501811&transaction_id=20191209183255555499&amount=300.0000&datetime=20191209183426&returncode=00&sign=2DEED0F89EB35F825FB21CE24018EC7F&attach=
HTTP状态：
返回：查询订单失败查询订单订单状态为未支付ok

【2019-12-09 18:37:50】
订单号：20191209182958541005
通知地址：https://pay.fh89zf.com/onlinePay/notify/p2jiufubaov2.do
通知报文：memberid=191194184&orderid=D2019120918295400840&transaction_id=20191209182958541005&amount=150.0000&datetime=20191209183747&returncode=00&sign=35614063E8737F90E27786E2531B3789&attach=
HTTP状态：
返回：OK

【2019-12-09 18:38:47】
订单号：20191209183601495048
通知地址：http://e019cdb2app.miapp88api.com/Api/Home/payCallBack/jiufubao
通知报文：memberid=191121442&orderid=12091836011931&transaction_id=20191209183601495048&amount=1005.0000&datetime=20191209183845&returncode=00&sign=D1F1099CAB1FA799793DEE60C31EE062&attach=
HTTP状态：
返回：查询订单失败查询订单订单状态为未支付ok

【2019-12-09 18:48:26】
订单号：20191209184604995297
通知地址：http://pay.ffc585.com/JiuFuBaoZhiFuReturn/Index
通知报文：memberid=191205418&orderid=RK390541084280599299&transaction_id=20191209184604995297&amount=4300.0000&datetime=20191209184825&returncode=00&sign=03B0D2B40CAE6CB6D4A19704DDE5046B&attach=
HTTP状态：
返回：OK

【2019-12-09 18:50:29】
订单号：20191209184920484848
通知地址：http://e019cdb2app.miapp88api.com/Api/Home/payCallBack/jiufubao
通知报文：memberid=191121442&orderid=12091849201474&transaction_id=20191209184920484848&amount=300.0000&datetime=20191209185026&returncode=00&sign=BAC8DE78C381DE9AE5AA1A483671DEA2&attach=
HTTP状态：
返回：查询订单失败查询订单订单状态为未支付ok

【2019-12-09 18:59:17】
订单号：20191209185719102505
通知地址：http://pay1.dr5151.com/apis/pay_gateway/jiufujinzhifu/notice
通知报文：memberid=191209911&orderid=F201912091857134621&transaction_id=20191209185719102505&amount=100.0000&datetime=20191209185916&returncode=00&sign=CFA505E00BE03C905739C3D6F245B129&attach=
HTTP状态：
返回：OK

【2019-12-09 19:01:30】
订单号：20191209185951554810
通知地址：http://pay.ffc585.com/JiuFuBaoZhiFuReturn/Index
通知报文：memberid=191205418&orderid=RK391157214175047497&transaction_id=20191209185951554810&amount=300.0000&datetime=20191209190129&returncode=00&sign=7E672336E58E8EED965AF8AAF6140F8D&attach=
HTTP状态：
返回：OK

【2019-12-09 19:25:40】
订单号：20191209192343102101
通知地址：http://e019cdb2app.miapp88api.com/Api/Home/payCallBack/jiufubao
通知报文：memberid=191121442&orderid=12091923435593&transaction_id=20191209192343102101&amount=300.0000&datetime=20191209192538&returncode=00&sign=6CE5DF5DA8B08EF147C5A6F0869FBEBB&attach=
HTTP状态：
返回：查询订单失败查询订单订单状态为未支付ok

【2019-12-09 19:29:45】
订单号：20191209192845100515
通知地址：http://e019cdb2app.miapp88api.com/Api/Home/payCallBack/jiufubao
通知报文：memberid=191121442&orderid=12091928455765&transaction_id=20191209192845100515&amount=300.0000&datetime=20191209192943&returncode=00&sign=1DA6028C9CD3032564357D769DA6D1C7&attach=
HTTP状态：
返回：查询订单失败查询订单订单状态为未支付ok

【2019-12-09 19:37:31】
订单号：20191209190512565655
通知地址：http://e019cdb2app.miapp88api.com/Api/Home/payCallBack/jiufubao
通知报文：memberid=191121442&orderid=12091905117326&transaction_id=20191209190512565655&amount=300.0000&datetime=20191209193729&returncode=00&sign=DAF8DFA8C67A9105587D194EA5B81431&attach=
HTTP状态：
返回：查询订单失败查询订单订单状态为未支付ok

【2019-12-09 19:37:49】
订单号：20191209193142101535
通知地址：http://pay.1youbox.com/onlinepay/jiufubaov2/notify.do
通知报文：memberid=191209910&orderid=2019120919312703342&transaction_id=20191209193142101535&amount=300.0000&datetime=20191209193748&returncode=00&sign=8B9548B5EF2DB25EDBC43B0AEC31481C&attach=
HTTP状态：
返回：OK

【2019-12-09 19:44:34】
订单号：20191209194249575098
通知地址：https://e019cdb2webapi.miapp66dom.com/Api/Home/payCallBack/jiufubao
通知报文：memberid=191121442&orderid=12091942454122&transaction_id=20191209194249575098&amount=500.0000&datetime=20191209194431&returncode=00&sign=6D7BAAEABD4DC4A6433568A5D3AF00AF&attach=
HTTP状态：
返回：查询订单失败查询订单订单状态为未支付ok

【2019-12-09 20:02:28】
订单号：20191209200039551015
通知地址：http://pay.1youbox.com/onlinepay/jiufubaov2/notify.do
通知报文：memberid=191209910&orderid=2019120920003503484&transaction_id=20191209200039551015&amount=1500.0000&datetime=20191209200227&returncode=00&sign=A7D00BDF2C4FE2359D5856D13AC45FAC&attach=
HTTP状态：
返回：OK

【2019-12-09 20:06:37】
订单号：20191209200417491005
通知地址：http://pay.1youbox.com/onlinepay/jiufubaov2/notify.do
通知报文：memberid=191209910&orderid=2019120920041303507&transaction_id=20191209200417491005&amount=300.0000&datetime=20191209200637&returncode=00&sign=B5770BFB54B15FE137F031CFEC8A6363&attach=
HTTP状态：
返回：OK

【2019-12-09 20:13:30】
订单号：20191209201205539752
通知地址：http://pay.ffc585.com/JiuFuBaoZhiFuReturn/Index
通知报文：memberid=191205418&orderid=RK390253614283575112&transaction_id=20191209201205539752&amount=5000.0000&datetime=20191209201330&returncode=00&sign=2AE2A4934E140144B65C861142303A6C&attach=
HTTP状态：
返回：OK

【2019-12-09 20:23:16】
订单号：20191209202122501025
通知地址：https://wanjia365.cn/Public.server.do
通知报文：memberid=191095866&orderid=B1912092021216572&transaction_id=20191209202122501025&amount=500.0000&datetime=20191209202315&returncode=00&sign=34FF9294394CD7273AC964DC02FB164D&attach=512,https://wanjia365.cn/Account.jhrecharge.do
HTTP状态：
返回：

【2019-12-09 20:23:23】
订单号：20191209202128565649
通知地址：https://pay.fh89zf.com/onlinePay/notify/p2jiufubaov2.do
通知报文：memberid=191194184&orderid=D2019120920212500949&transaction_id=20191209202128565649&amount=5000.0000&datetime=20191209202321&returncode=00&sign=BE9A9C6E1A8074BF3ED44DD214F65BAB&attach=
HTTP状态：
返回：OK

【2019-12-09 20:25:31】
订单号：20191209202122501025
通知地址：https://wanjia365.cn/Public.server.do
通知报文：memberid=191095866&orderid=B1912092021216572&transaction_id=20191209202122501025&amount=500.0000&datetime=20191209202531&returncode=00&sign=4BF382C5F03010BFC018A88F5B1A0617&attach=512,https://wanjia365.cn/Account.jhrecharge.do
HTTP状态：
返回：

【2019-12-09 20:27:56】
订单号：20191209202604995456
通知地址：https://wanjia365.cn/Public.server.do
通知报文：memberid=191095866&orderid=K1912092026032574&transaction_id=20191209202604995456&amount=2000.0000&datetime=20191209202756&returncode=00&sign=243EB76946D05D3A3579490F1D3A779C&attach=512,https://wanjia365.cn/Account.jhrecharge.do
HTTP状态：
返回：

【2019-12-09 20:50:34】
订单号：20191209204841574898
通知地址：http://pay.ffc585.com/JiuFuBaoZhiFuReturn/Index
通知报文：memberid=191205418&orderid=RK390941060699706079&transaction_id=20191209204841574898&amount=500.0000&datetime=20191209205034&returncode=00&sign=B0A986A2B160756E14F0C1531C71BD3D&attach=
HTTP状态：
返回：OK

【2019-12-09 20:52:24】
订单号：20191209204952489899
通知地址：https://www.wanjia365.cn/Public.server.do
通知报文：memberid=191095866&orderid=N1912092049507962&transaction_id=20191209204952489899&amount=500.0000&datetime=20191209205223&returncode=00&sign=0CD980EFAFC8C0AECC9BC342C0449EB1&attach=725,https://www.wanjia365.cn/Account.jhrecharge.do
HTTP状态：
返回：OK

【2019-12-09 21:12:08】
订单号：20191209210939511024
通知地址：http://pay.ffc585.com/JiuFuBaoZhiFuReturn/Index
通知报文：memberid=191205418&orderid=RK390537980857550956&transaction_id=20191209210939511024&amount=1000.0000&datetime=20191209211208&returncode=00&sign=01B55757AE3B5207DBEDEA3AEBCCEC3F&attach=
HTTP状态：
返回：OK

【2019-12-09 21:26:57】
订单号：20191209212432485254
通知地址：https://gateway.em558.com/finance/return/guazi/pay/weixin268
通知报文：memberid=191201767&orderid=CZ20191209212431833006&transaction_id=20191209212432485254&amount=100.0000&datetime=20191209212656&returncode=00&sign=AA967CF157999C513E3081688C598DC7&attach=
HTTP状态：
返回：OK

【2019-12-09 21:28:56】
订单号：20191209212548995598
通知地址：http://pay.ffc585.com/JiuFuBaoZhiFuReturn/Index
通知报文：memberid=191205418&orderid=RK390816484284487471&transaction_id=20191209212548995598&amount=3000.0000&datetime=20191209212855&returncode=00&sign=DB334E0CD0D6AFB5B0E36ECA04981BF7&attach=
HTTP状态：
返回：OK

【2019-12-09 21:29:16】
订单号：20191209212657495497
通知地址：https://e019cdb2webapi.miapp66dom.com/Api/Home/payCallBack/jiufubao
通知报文：memberid=191121442&orderid=12092126538527&transaction_id=20191209212657495497&amount=500.0000&datetime=20191209212913&returncode=00&sign=20CD688734F4944EE839A42B6682BF70&attach=
HTTP状态：
返回：查询订单失败查询订单订单状态为未支付ok

【2019-12-09 21:43:30】
订单号：20191209214153499852
通知地址：https://wanjia365.cn/Public.server.do
通知报文：memberid=191095866&orderid=K1912092141521643&transaction_id=20191209214153499852&amount=1000.0000&datetime=20191209214330&returncode=00&sign=3D3319B6AF98D86618F192571C0E2C57&attach=512,https://wanjia365.cn/Account.jhrecharge.do
HTTP状态：
返回：

【2019-12-09 21:45:55】
订单号：20191209214053535698
通知地址：https://www.wanjia365.cn/Public.server.do
通知报文：memberid=191095866&orderid=T1912092140511879&transaction_id=20191209214053535698&amount=100.0000&datetime=20191209214554&returncode=00&sign=FF1478526403A148873AAFC7AC57FA38&attach=521,https://www.wanjia365.cn/Account.jhrecharge.do
HTTP状态：
返回：OK

【2019-12-09 21:46:38】
订单号：20191209214217575249
通知地址：http://e019cdb2app.miapp88api.com/Api/Home/payCallBack/jiufubao
通知报文：memberid=191121442&orderid=12092142175596&transaction_id=20191209214217575249&amount=100.0000&datetime=20191209214636&returncode=00&sign=6BA01D7118C92A1FFC6A443879DDC814&attach=
HTTP状态：
返回：查询订单失败查询订单订单状态为未支付ok

【2019-12-09 21:48:55】
订单号：20191209214744489850
通知地址：http://pay.ffc585.com/JiuFuBaoZhiFuReturn/Index
通知报文：memberid=191205418&orderid=RK390990747602463519&transaction_id=20191209214744489850&amount=300.0000&datetime=20191209214854&returncode=00&sign=E1A790D7DFD756CC2DA3F951C24EC344&attach=
HTTP状态：
返回：OK

【2019-12-09 22:04:24】
订单号：20191209220311102999
通知地址：http://e019cdb2app.miapp88api.com/Api/Home/payCallBack/jiufubao
通知报文：memberid=191121442&orderid=12092203086884&transaction_id=20191209220311102999&amount=1000.0000&datetime=20191209220422&returncode=00&sign=7EB4E9EB0E37CECB18C9EF4090BED9D7&attach=
HTTP状态：
返回：查询订单失败查询订单订单状态为未支付ok

【2019-12-09 22:19:21】
订单号：20191209220206101100
通知地址：http://pay1.dr5151.com/apis/pay_gateway/jiufujinzhifu/notice
通知报文：memberid=191209911&orderid=F201912092201591412&transaction_id=20191209220206101100&amount=100.0000&datetime=20191209221920&returncode=00&sign=53C4C3310B3A821A01810FA7AFC37CA6&attach=
HTTP状态：
返回：已处理过过的订单

【2019-12-09 22:19:29】
订单号：20191209220206101100
通知地址：http://pay1.dr5151.com/apis/pay_gateway/jiufujinzhifu/notice
通知报文：memberid=191209911&orderid=F201912092201591412&transaction_id=20191209220206101100&amount=100.0000&datetime=20191209221926&returncode=00&sign=65D11E33FF40CDC7CC74B1594F700BDF&attach=
HTTP状态：
返回：已处理过过的订单

【2019-12-09 22:35:19】
订单号：20191209223346975348
通知地址：http://e019cdb2app.miapp88api.com/Api/Home/payCallBack/jiufubao
通知报文：memberid=191121442&orderid=12092233435022&transaction_id=20191209223346975348&amount=500.0000&datetime=20191209223517&returncode=00&sign=E820B01A409FDBC90D71292B6B4ACEE1&attach=
HTTP状态：
返回：查询订单失败查询订单订单状态为未支付ok

【2019-12-09 22:35:54】
订单号：20191209223258975352
通知地址：http://e019cdb2app.miapp88api.com/Api/Home/payCallBack/jiufubao
通知报文：memberid=191121442&orderid=12092232552978&transaction_id=20191209223258975352&amount=500.0000&datetime=20191209223552&returncode=00&sign=03F3B14FE87D9A376A0E96436423D311&attach=
HTTP状态：
返回：查询订单失败查询订单订单状态为未支付ok

【2019-12-09 22:42:48】
订单号：20191209224118101515
通知地址：http://e019cdb2app.miapp88api.com/Api/Home/payCallBack/jiufubao
通知报文：memberid=191121442&orderid=12092241183699&transaction_id=20191209224118101515&amount=500.0000&datetime=20191209224246&returncode=00&sign=D0A493102CAAEE5BD277B6460CF350D7&attach=
HTTP状态：
返回：查询订单失败查询订单订单状态为未支付ok

【2019-12-09 22:49:57】
订单号：20191209224742101975
通知地址：http://e019cdb2app.miapp88api.com/Api/Home/payCallBack/jiufubao
通知报文：memberid=191121442&orderid=12092247391425&transaction_id=20191209224742101975&amount=100.0000&datetime=20191209224954&returncode=00&sign=A98A56701566FBB2A17DDC491A3FA003&attach=
HTTP状态：
返回：查询订单失败查询订单订单状态为未支付ok

【2019-12-09 22:58:50】
订单号：20191209225142101505
通知地址：http://pay1.dr5151.com/apis/pay_gateway/jiufujinzhifu/notice
通知报文：memberid=191209911&orderid=F201912092251333483&transaction_id=20191209225142101505&amount=100.0000&datetime=20191209225849&returncode=00&sign=2D37BDABD8E2647EBEFECBAB48BA455F&attach=
HTTP状态：
返回：OK

【2019-12-09 23:09:22】
订单号：20191209230616569750
通知地址：https://wanjia365.cn/Public.server.do
通知报文：memberid=191095866&orderid=W1912092306111518&transaction_id=20191209230616569750&amount=1000.0000&datetime=20191209230921&returncode=00&sign=8D5C67D9AE27B506959AF90096A176AB&attach=501,https://wanjia365.cn/Account.jhrecharge.do
HTTP状态：
返回：

【2019-12-09 23:27:04】
订单号：20191209232401499710
通知地址：https://pay.fh89zf.com/onlinePay/notify/p2jiufubaov2.do
通知报文：memberid=191194184&orderid=D2019120923234601086&transaction_id=20191209232401499710&amount=2000.0000&datetime=20191209232702&returncode=00&sign=1BF868FD64F25425D6669D1A9C3F8B46&attach=
HTTP状态：
返回：OK

【2019-12-09 23:36:23】
订单号：20191209233500525548
通知地址：http://e019cdb2app.miapp88api.com/Api/Home/payCallBack/jiufubao
通知报文：memberid=191121442&orderid=12092335004729&transaction_id=20191209233500525548&amount=5000.0000&datetime=20191209233621&returncode=00&sign=2110CCFDEC17A640873A3865A23B7CE6&attach=
HTTP状态：
返回：查询订单失败查询订单订单状态为未支付ok

