【2019-11-29 00:18:35】
订单号：20191129001411511019
通知地址：http://e019cdb2app.miapp88api.com/Api/Home/payCallBack/jiufubao
通知报文：memberid=191121442&orderid=11290014109288&transaction_id=20191129001411511019&amount=100.0000&datetime=20191129001833&returncode=00&sign=2DF790C1CE486C54B73F150B5C510022&attach=
HTTP状态：
返回：查询订单失败查询订单订单状态为未支付ok

【2019-11-29 00:30:22】
订单号：20191129002754975253
通知地址：http://e019cdb2app.miapp88api.com/Api/Home/payCallBack/jiufubao
通知报文：memberid=191121442&orderid=11290027537673&transaction_id=20191129002754975253&amount=200.0000&datetime=20191129003020&returncode=00&sign=E91F4369ED680B293E66C0CF6943E289&attach=
HTTP状态：
返回：查询订单失败查询订单订单状态为未支付ok

【2019-11-29 00:31:12】
订单号：20191129002922504855
通知地址：http://e019cdb2app.miapp88api.com/Api/Home/payCallBack/jiufubao
通知报文：memberid=191121442&orderid=11290029211669&transaction_id=20191129002922504855&amount=101.0000&datetime=20191129003110&returncode=00&sign=19AFA1F29F89E71F88B79D386691C2F2&attach=
HTTP状态：
返回：查询订单失败查询订单订单状态为未支付ok

【2019-11-29 00:39:31】
订单号：20191129003724525010
通知地址：http://pay1.dr5151.com/apis/pay_gateway/jiufujinzhifu/notice
通知报文：memberid=191209911&orderid=F201911290037219731&transaction_id=20191129003724525010&amount=100.0000&datetime=20191129003931&returncode=00&sign=E1F27FB19EC4ABC80B3B5A96B6F43D60&attach=
HTTP状态：
返回：OK

【2019-11-29 00:46:10】
订单号：20191129004455555248
通知地址：http://pay.vip6081.com/onlinepay/jiufubaov2/notify.do
通知报文：memberid=191155102&orderid=2019112900445400082&transaction_id=20191129004455555248&amount=270.0000&datetime=20191129004610&returncode=00&sign=A5C60C8063AE5316123D7C1196926FCB&attach=
HTTP状态：
返回：OK

【2019-11-29 00:51:36】
订单号：20191129005016565050
通知地址：http://e019cdb2app.miapp88api.com/Api/Home/payCallBack/jiufubao
通知报文：memberid=191121442&orderid=11290050152088&transaction_id=20191129005016565050&amount=200.0000&datetime=20191129005134&returncode=00&sign=F14F750E56948E31C19DA73BBBB39E19&attach=
HTTP状态：
返回：查询订单失败查询订单订单状态为未支付ok

【2019-11-29 00:55:33】
订单号：20191129005153571011
通知地址：http://pay.vip6081.com/onlinepay/jiufubaov2/notify.do
通知报文：memberid=191155102&orderid=2019112900515000086&transaction_id=20191129005153571011&amount=100.0000&datetime=20191129005533&returncode=00&sign=43F069E73AFBC235A9B79EF425DFF53D&attach=
HTTP状态：
返回：OK

【2019-11-29 00:57:10】
订单号：20191129005518544849
通知地址：http://pay.vip6081.com/onlinepay/jiufubaov2/notify.do
通知报文：memberid=191155102&orderid=2019112900550200092&transaction_id=20191129005518544849&amount=168.0000&datetime=20191129005709&returncode=00&sign=274D322DFD40465F468D7552190049B9&attach=
HTTP状态：
返回：OK

【2019-11-29 00:58:46】
订单号：20191129005505575556
通知地址：http://pay.vip6081.com/onlinepay/jiufubaov2/notify.do
通知报文：memberid=191155102&orderid=2019112900550400093&transaction_id=20191129005505575556&amount=210.0000&datetime=20191129005846&returncode=00&sign=B6EC8DACA193EF84B6B9BA8682951433&attach=
HTTP状态：
返回：OK

【2019-11-29 00:59:03】
订单号：20191129005714979910
通知地址：http://pay1.dr5151.com/apis/pay_gateway/jiufujinzhifu/notice
通知报文：memberid=191209911&orderid=F201911290057131164&transaction_id=20191129005714979910&amount=100.0000&datetime=20191129005902&returncode=00&sign=74B297B39ADD71FA5F6CD8C9254F9CBD&attach=
HTTP状态：
返回：OK

【2019-11-29 01:04:57】
订单号：20191129010340999910
通知地址：http://e019cdb2app.miapp88api.com/Api/Home/payCallBack/jiufubao
通知报文：memberid=191121442&orderid=11290103388576&transaction_id=20191129010340999910&amount=101.0000&datetime=20191129010455&returncode=00&sign=6CE21E0F57BCD3D34A1562D7D7A22D87&attach=
HTTP状态：
返回：查询订单失败查询订单订单状态为未支付ok

【2019-11-29 01:10:40】
订单号：20191129010904485551
通知地址：https://e019cdb2webapi.miapp66dom.com/Api/Home/payCallBack/jiufubao
通知报文：memberid=191121442&orderid=11290109024629&transaction_id=20191129010904485551&amount=600.0000&datetime=20191129011037&returncode=00&sign=4D34763C7E11CAA2A8F9A331082779DA&attach=
HTTP状态：
返回：查询订单失败查询订单订单状态为未支付ok

【2019-11-29 01:40:30】
订单号：20191129013851985448
通知地址：http://pay.vip6081.com/onlinepay/jiufubaov2/notify.do
通知报文：memberid=191155102&orderid=2019112901385000139&transaction_id=20191129013851985448&amount=190.0000&datetime=20191129014029&returncode=00&sign=43B6299E3AF7904F7A8216DBA0F764DA&attach=
HTTP状态：
返回：OK

【2019-11-29 01:42:21】
订单号：20191129014055559848
通知地址：http://e019cdb2app.miapp88api.com/Api/Home/payCallBack/jiufubao
通知报文：memberid=191121442&orderid=11290140543098&transaction_id=20191129014055559848&amount=1000.0000&datetime=20191129014218&returncode=00&sign=4F896BBADB78644AE9947EE5E93CA2C2&attach=
HTTP状态：
返回：查询订单失败查询订单订单状态为未支付ok

【2019-11-29 01:44:06】
订单号：20191129014221100491
通知地址：https://e019cdb2webapi.miapp66dom.com/Api/Home/payCallBack/jiufubao
通知报文：memberid=191121442&orderid=11290142171216&transaction_id=20191129014221100491&amount=800.0000&datetime=20191129014404&returncode=00&sign=54A048A86E52F39A52D00511B817436B&attach=
HTTP状态：
返回：查询订单失败查询订单订单状态为未支付ok

【2019-11-29 01:45:29】
订单号：20191129014343102519
通知地址：http://pay.ffc585.com/JiuFuBaoZhiFuReturn/Index
通知报文：memberid=191205418&orderid=RK580820026575436755&transaction_id=20191129014343102519&amount=300.0000&datetime=20191129014528&returncode=00&sign=8C48F38C288D8889E03C34DD3C8833E5&attach=
HTTP状态：
返回：OK

【2019-11-29 01:47:55】
订单号：20191129014630545051
通知地址：http://pay.vip6081.com/onlinepay/jiufubaov2/notify.do
通知报文：memberid=191155102&orderid=2019112901462800144&transaction_id=20191129014630545051&amount=400.0000&datetime=20191129014755&returncode=00&sign=6D7C8CECCC1262F468F1D0479E5944CD&attach=
HTTP状态：
返回：OK

【2019-11-29 01:56:12】
订单号：20191129015430549952
通知地址：http://pay.vip6081.com/onlinepay/jiufubaov2/notify.do
通知报文：memberid=191155102&orderid=2019112901542600148&transaction_id=20191129015430549952&amount=180.0000&datetime=20191129015612&returncode=00&sign=25E2060B376840308D1128DD294006E3&attach=
HTTP状态：
返回：OK

【2019-11-29 01:57:54】
订单号：20191129015526101551
通知地址：https://e019cdb2webapi.miapp66dom.com/Api/Home/payCallBack/jiufubao
通知报文：memberid=191121442&orderid=11290155238536&transaction_id=20191129015526101551&amount=800.0000&datetime=20191129015751&returncode=00&sign=4DD84529725E34A9F533EA6607FA20AB&attach=
HTTP状态：
返回：查询订单失败查询订单订单状态为未支付ok

【2019-11-29 10:01:21】
订单号：20191129095315984953
通知地址：http://pay.ffc585.com/JiuFuBaoZhiFuReturn/Index
通知报文：memberid=191205418&orderid=RK580764663803355438&transaction_id=20191129095315984953&amount=200.0000&datetime=20191129100121&returncode=00&sign=F565F765D0B6E72357B2D5EFAF33A13B&attach=
HTTP状态：
返回：OK

【2019-11-29 10:01:26】
订单号：20191129095229101484
通知地址：http://pay.ffc585.com/JiuFuBaoZhiFuReturn/Index
通知报文：memberid=191205418&orderid=RK580897580320883780&transaction_id=20191129095229101484&amount=200.0000&datetime=20191129100126&returncode=00&sign=7AF2DF63A851266C203073243987DF1C&attach=
HTTP状态：
返回：OK

【2019-11-29 10:25:52】
订单号：20191129102207102975
通知地址：http://pay.1youbox.com/onlinepay/jiufubaov2/notify.do
通知报文：memberid=191209910&orderid=2019112910220300748&transaction_id=20191129102207102975&amount=100.0000&datetime=20191129102552&returncode=00&sign=51416F9A7D775EBE197C0A565586E439&attach=
HTTP状态：
返回：OK

【2019-11-29 10:29:51】
订单号：20191129102834504957
通知地址：https://www.wanjia365.cn/Public.server.do
通知报文：memberid=191095866&orderid=B1911291028284407&transaction_id=20191129102834504957&amount=3000.0000&datetime=20191129102950&returncode=00&sign=DA2D7B02EE9654EEDEE060998F504C32&attach=512,https://wanjia365.cn/Account.jhrecharge.do
HTTP状态：
返回：OK

【2019-11-29 10:55:06】
订单号：20191129105336489852
通知地址：http://pay.ffc585.com/JiuFuBaoZhiFuReturn/Index
通知报文：memberid=191205418&orderid=RK580988602118275039&transaction_id=20191129105336489852&amount=2100.0000&datetime=20191129105506&returncode=00&sign=717201894C425604C241480CA8135FAB&attach=
HTTP状态：
返回：OK

【2019-11-29 11:10:33】
订单号：20191129110830101495
通知地址：http://pay1.dr5151.com/apis/pay_gateway/jiufujinzhifu/notice
通知报文：memberid=191209911&orderid=F201911291108298161&transaction_id=20191129110830101495&amount=400.0000&datetime=20191129111033&returncode=00&sign=AFC7C3C9582B484D556FE1A443B7B450&attach=
HTTP状态：
返回：OK

【2019-11-29 11:12:44】
订单号：20191129111101539952
通知地址：http://pay.ffc585.com/JiuFuBaoZhiFuReturn/Index
通知报文：memberid=191205418&orderid=RK580228152806419947&transaction_id=20191129111101539952&amount=1000.0000&datetime=20191129111244&returncode=00&sign=B1EAE825480F778E5D39280EF8528309&attach=
HTTP状态：
返回：OK

【2019-11-29 11:26:48】
订单号：20191129111959102535
通知地址：http://pay.1youbox.com/onlinepay/jiufubaov2/notify.do
通知报文：memberid=191209910&orderid=2019112911195500997&transaction_id=20191129111959102535&amount=2000.0000&datetime=20191129112648&returncode=00&sign=E4D5FB7659D1CDBB397527F39F0234CF&attach=
HTTP状态：
返回：OK

【2019-11-29 11:36:19】
订单号：20191129111935555356
通知地址：http://pay.ffc585.com/JiuFuBaoZhiFuReturn/Index
通知报文：memberid=191205418&orderid=RK580646713806096229&transaction_id=20191129111935555356&amount=300.0000&datetime=20191129113619&returncode=00&sign=F39A47434565C797EC28DA3903133C3C&attach=
HTTP状态：
返回：OK

【2019-11-29 12:17:42】
订单号：20191129121059511014
通知地址：http://pay.1youbox.com/onlinepay/jiufubaov2/notify.do
通知报文：memberid=191209910&orderid=2019112912105701145&transaction_id=20191129121059511014&amount=100.0000&datetime=20191129121742&returncode=00&sign=AFF35B3418BF894F8FA8D79E6ED744EB&attach=
HTTP状态：
返回：OK

【2019-11-29 12:20:49】
订单号：20191129121852999950
通知地址：http://pay.ffc585.com/JiuFuBaoZhiFuReturn/Index
通知报文：memberid=191205418&orderid=RK580699893802055540&transaction_id=20191129121852999950&amount=300.0000&datetime=20191129122049&returncode=00&sign=2840FF82191814A5EA42E9F89C4163E5&attach=
HTTP状态：
返回：OK

【2019-11-29 12:35:09】
订单号：20191129123149535648
通知地址：http://pay1.dr5151.com/apis/pay_gateway/jiufujinzhifu/notice
通知报文：memberid=191209911&orderid=F201911291231465887&transaction_id=20191129123149535648&amount=100.0000&datetime=20191129123509&returncode=00&sign=75CBE547242CB23DA1F62519595BEB0A&attach=
HTTP状态：
返回：OK

【2019-11-29 13:07:30】
订单号：20191129130458979756
通知地址：http://e019cdb2app.miapp88api.com/Api/Home/payCallBack/jiufubao
通知报文：memberid=191121442&orderid=11291304579281&transaction_id=20191129130458979756&amount=101.0000&datetime=20191129130728&returncode=00&sign=CC15ED1840899053C7D0B0C9D88C043B&attach=
HTTP状态：
返回：查询订单失败查询订单订单状态为未支付ok

【2019-11-29 13:07:36】
订单号：20191129130424564997
通知地址：http://pay1.dr5151.com/apis/pay_gateway/jiufujinzhifu/notice
通知报文：memberid=191209911&orderid=F201911291304225288&transaction_id=20191129130424564997&amount=500.0000&datetime=20191129130734&returncode=00&sign=16502427E2429CDDEA62A991CD039066&attach=
HTTP状态：
返回：OK

【2019-11-29 13:11:57】
订单号：20191129130920481011
通知地址：http://e019cdb2app.miapp88api.com/Api/Home/payCallBack/jiufubao
通知报文：memberid=191121442&orderid=11291309194737&transaction_id=20191129130920481011&amount=500.0000&datetime=20191129131155&returncode=00&sign=915CB62C572B3E166883BD9ED9260608&attach=
HTTP状态：
返回：查询订单失败查询订单订单状态为未支付ok

【2019-11-29 13:49:11】
订单号：20191129134726101531
通知地址：http://e019cdb2app.miapp88api.com/Api/Home/payCallBack/jiufubao
通知报文：memberid=191121442&orderid=11291347245682&transaction_id=20191129134726101531&amount=900.0000&datetime=20191129134909&returncode=00&sign=BBE6CF4F683E6249E42D47EFF1F0A79D&attach=
HTTP状态：
返回：查询订单失败查询订单订单状态为未支付ok

【2019-11-29 13:49:41】
订单号：20191129134758101101
通知地址：http://pay.ffc585.com/JiuFuBaoZhiFuReturn/Index
通知报文：memberid=191205418&orderid=RK581040763640589897&transaction_id=20191129134758101101&amount=200.0000&datetime=20191129134940&returncode=00&sign=C799810F7CD5D97C4B0E143F6DD34DE5&attach=
HTTP状态：
返回：OK

【2019-11-29 13:50:46】
订单号：20191129134843985055
通知地址：http://pay1.dr5151.com/apis/pay_gateway/jiufujinzhifu/notice
通知报文：memberid=191209911&orderid=F201911291348407966&transaction_id=20191129134843985055&amount=100.0000&datetime=20191129135046&returncode=00&sign=8C2A6697044DD671A168353D5ACE1012&attach=
HTTP状态：
返回：OK

【2019-11-29 13:50:51】
订单号：20191129134936485499
通知地址：http://pay.1youbox.com/onlinepay/jiufubaov2/notify.do
通知报文：memberid=191209910&orderid=2019112913493501504&transaction_id=20191129134936485499&amount=300.0000&datetime=20191129135051&returncode=00&sign=053F2A9F26F5E257FA4F2CE5A7A5B604&attach=
HTTP状态：
返回：OK

【2019-11-29 14:01:02】
订单号：20191129135311554898
通知地址：http://pay1.dr5151.com/apis/pay_gateway/jiufujinzhifu/notice
通知报文：memberid=191209911&orderid=F201911291353087055&transaction_id=20191129135311554898&amount=200.0000&datetime=20191129140100&returncode=00&sign=F6102DBE6641E9C2EB787CE59C9B2983&attach=
HTTP状态：
返回：OK

【2019-11-29 14:11:26】
订单号：20191129140941535452
通知地址：http://pay.ffc585.com/JiuFuBaoZhiFuReturn/Index
通知报文：memberid=191205418&orderid=RK580492221943814719&transaction_id=20191129140941535452&amount=200.0000&datetime=20191129141126&returncode=00&sign=E9E601849B81F8479318FE7962CC71A5&attach=
HTTP状态：
返回：OK

【2019-11-29 14:14:58】
订单号：20191129141337499899
通知地址：http://pay.1youbox.com/onlinepay/jiufubaov2/notify.do
通知报文：memberid=191209910&orderid=2019112914133501572&transaction_id=20191129141337499899&amount=199.0000&datetime=20191129141458&returncode=00&sign=00B04E82EA0E0A9881625F3349A69C03&attach=
HTTP状态：
返回：OK

【2019-11-29 14:19:41】
订单号：20191129141700994910
通知地址：http://pay.ffc585.com/JiuFuBaoZhiFuReturn/Index
通知报文：memberid=191205418&orderid=RK580690981941611773&transaction_id=20191129141700994910&amount=200.0000&datetime=20191129141939&returncode=00&sign=03702BA42FD40E1CCD6829D9EFD02C83&attach=
HTTP状态：
返回：OK

【2019-11-29 14:19:43】
订单号：20191129141228999998
通知地址：http://pay.ffc585.com/JiuFuBaoZhiFuReturn/Index
通知报文：memberid=191205418&orderid=RK580407092113066435&transaction_id=20191129141228999998&amount=5000.0000&datetime=20191129141943&returncode=00&sign=F6DE6211D1795A9D317FAEB1B429C6F0&attach=
HTTP状态：
返回：OK

【2019-11-29 14:34:15】
订单号：20191129143247102101
通知地址：http://pay.ffc585.com/JiuFuBaoZhiFuReturn/Index
通知报文：memberid=191205418&orderid=RK580811952807748074&transaction_id=20191129143247102101&amount=1500.0000&datetime=20191129143413&returncode=00&sign=27B6A053CE8A479F85A14ABFF4BF9A13&attach=
HTTP状态：
返回：OK

【2019-11-29 14:43:12】
订单号：20191129144120485353
通知地址：http://pay.ffc585.com/JiuFuBaoZhiFuReturn/Index
通知报文：memberid=191205418&orderid=RK580620126582952923&transaction_id=20191129144120485353&amount=200.0000&datetime=20191129144311&returncode=00&sign=FCD7974DAD71792F4AC7EACD30B724CA&attach=
HTTP状态：
返回：OK

【2019-11-29 14:44:03】
订单号：20191129144140529849
通知地址：http://pay.vip6081.com/onlinepay/jiufubaov2/notify.do
通知报文：memberid=191155102&orderid=2019112914413301147&transaction_id=20191129144140529849&amount=100.0000&datetime=20191129144402&returncode=00&sign=68838D20A782CC74DAE87B021B46F25F&attach=
HTTP状态：
返回：OK

【2019-11-29 14:55:01】
订单号：20191129144859981011
通知地址：http://pay1.dr5151.com/apis/pay_gateway/jiufujinzhifu/notice
通知报文：memberid=191209911&orderid=F201911291448557128&transaction_id=20191129144859981011&amount=160.0000&datetime=20191129145500&returncode=00&sign=47D952A3D283A90133582C2B0E43CA90&attach=
HTTP状态：
返回：OK

【2019-11-29 14:58:16】
订单号：20191129145635519751
通知地址：http://pay.ffc585.com/JiuFuBaoZhiFuReturn/Index
通知报文：memberid=191205418&orderid=RK580923476580738520&transaction_id=20191129145635519751&amount=300.0000&datetime=20191129145814&returncode=00&sign=05D80B987AAE0B4E1A196B3110690AE0&attach=
HTTP状态：
返回：OK

【2019-11-29 14:58:34】
订单号：20191129145332991011
通知地址：http://pay.1youbox.com/onlinepay/jiufubaov2/notify.do
通知报文：memberid=191209910&orderid=2019112914532801698&transaction_id=20191129145332991011&amount=300.0000&datetime=20191129145832&returncode=00&sign=FC0CC93474EA528A94BF52BA2BA227BB&attach=
HTTP状态：
返回：OK

【2019-11-29 15:03:19】
订单号：20191129150157535557
通知地址：http://pay.1youbox.com/onlinepay/jiufubaov2/notify.do
通知报文：memberid=191209910&orderid=2019112915015401740&transaction_id=20191129150157535557&amount=150.0000&datetime=20191129150318&returncode=00&sign=5B94FB550F7D678AD3881B8E50A59C82&attach=
HTTP状态：
返回：OK

【2019-11-29 15:05:49】
订单号：20191129150411981009
通知地址：http://pay.ffc585.com/JiuFuBaoZhiFuReturn/Index
通知报文：memberid=191205418&orderid=RK580181561432395767&transaction_id=20191129150411981009&amount=200.0000&datetime=20191129150549&returncode=00&sign=2C1CA2382DB20C8683B06800FD92FAE8&attach=
HTTP状态：
返回：OK

【2019-11-29 15:13:28】
订单号：20191129151156991004
通知地址：http://pay.ffc585.com/JiuFuBaoZhiFuReturn/Index
通知报文：memberid=191205418&orderid=RK580684546584156970&transaction_id=20191129151156991004&amount=200.0000&datetime=20191129151328&returncode=00&sign=6CD46CD7E7BF570260CE398FA8758D36&attach=
HTTP状态：
返回：OK

【2019-11-29 15:17:46】
订单号：20191129151540995251
通知地址：http://e019cdb2app.miapp88api.com/Api/Home/payCallBack/jiufubao
通知报文：memberid=191121442&orderid=11291515398784&transaction_id=20191129151540995251&amount=1000.0000&datetime=20191129151743&returncode=00&sign=81E6E9A38DA0062245818F9BC95C3859&attach=
HTTP状态：
返回：查询订单失败查询订单订单状态为未支付ok

【2019-11-29 15:19:43】
订单号：20191129151847559749
通知地址：http://pay.ffc585.com/JiuFuBaoZhiFuReturn/Index
通知报文：memberid=191205418&orderid=RK580670361058304945&transaction_id=20191129151847559749&amount=200.0000&datetime=20191129151943&returncode=00&sign=F7BF34A9ADC3A094E16C836154084DA9&attach=
HTTP状态：
返回：OK

【2019-11-29 15:20:04】
订单号：20191129151543102971
通知地址：http://e019cdb2app.miapp88api.com/Api/Home/payCallBack/jiufubao
通知报文：memberid=191121442&orderid=11291515439061&transaction_id=20191129151543102971&amount=201.0000&datetime=20191129152002&returncode=00&sign=AE344F5F70F2A99A5E0B387B408EF339&attach=
HTTP状态：
返回：查询订单失败查询订单订单状态为未支付ok

【2019-11-29 15:21:37】
订单号：20191129151928485752
通知地址：https://e019cdb2webapi.miapp66dom.com/Api/Home/payCallBack/jiufubao
通知报文：memberid=191121442&orderid=11291519213466&transaction_id=20191129151928485752&amount=300.0000&datetime=20191129152135&returncode=00&sign=BBAF98E175B242AAE3A9B73D0FF122F8&attach=
HTTP状态：
返回：查询订单失败查询订单订单状态为未支付ok

【2019-11-29 15:21:54】
订单号：20191129151612995056
通知地址：http://e019cdb2app.miapp88api.com/Api/Home/payCallBack/jiufubao
通知报文：memberid=191121442&orderid=11291516094379&transaction_id=20191129151612995056&amount=101.0000&datetime=20191129152152&returncode=00&sign=5FABBFA0E762951C8143750158FC6558&attach=
HTTP状态：
返回：查询订单失败查询订单订单状态为未支付ok

【2019-11-29 15:27:05】
订单号：20191129152353575699
通知地址：http://pay.ffc585.com/JiuFuBaoZhiFuReturn/Index
通知报文：memberid=191205418&orderid=RK580782946581577773&transaction_id=20191129152353575699&amount=300.0000&datetime=20191129152705&returncode=00&sign=4E0A2D1ABA3E369EC877AFF72CC0D666&attach=
HTTP状态：
返回：OK

【2019-11-29 15:35:41】
订单号：20191129153256564955
通知地址：http://e019cdb2app.miapp88api.com/Api/Home/payCallBack/jiufubao
通知报文：memberid=191121442&orderid=11291532541783&transaction_id=20191129153256564955&amount=200.0000&datetime=20191129153538&returncode=00&sign=D92D4FF0869609A892A11747DD37847D&attach=
HTTP状态：
返回：查询订单失败查询订单订单状态为未支付ok

【2019-11-29 15:36:30】
订单号：20191129153511102101
通知地址：https://e019cdb2webapi.miapp66dom.com/Api/Home/payCallBack/jiufubao
通知报文：memberid=191121442&orderid=11291535102766&transaction_id=20191129153511102101&amount=100.0000&datetime=20191129153628&returncode=00&sign=E9098EAAB0B68F9DAE5A0C26FF37993F&attach=
HTTP状态：
返回：查询订单失败查询订单订单状态为未支付ok

【2019-11-29 15:39:52】
订单号：20191129153838101579
通知地址：https://e019cdb2webapi.miapp66dom.com/Api/Home/payCallBack/jiufubao
通知报文：memberid=191121442&orderid=11291538376686&transaction_id=20191129153838101579&amount=1000.0000&datetime=20191129153950&returncode=00&sign=F367169507298514D4EF732963E743E8&attach=
HTTP状态：
返回：查询订单失败查询订单订单状态为未支付ok

【2019-11-29 15:40:08】
订单号：20191129153842505052
通知地址：https://e019cdb2webapi.miapp66dom.com/Api/Home/payCallBack/jiufubao
通知报文：memberid=191121442&orderid=11291538389973&transaction_id=20191129153842505052&amount=100.0000&datetime=20191129154006&returncode=00&sign=4855750DFCEC889A9FDBF8BE15C40E16&attach=
HTTP状态：
返回：查询订单失败查询订单订单状态为未支付ok

【2019-11-29 15:53:53】
订单号：20191129154941531024
通知地址：http://pay1.dr5151.com/apis/pay_gateway/jiufujinzhifu/notice
通知报文：memberid=191209911&orderid=F201911291549383893&transaction_id=20191129154941531024&amount=100.0000&datetime=20191129155352&returncode=00&sign=65A72D4620AEDAF3D678632B1F4C5C04&attach=
HTTP状态：
返回：OK

【2019-11-29 16:00:39】
订单号：20191129155837100519
通知地址：http://pay.1youbox.com/onlinepay/jiufubaov2/notify.do
通知报文：memberid=191209910&orderid=2019112915583201967&transaction_id=20191129155837100519&amount=580.0000&datetime=20191129160039&returncode=00&sign=0938DE1807494DC8A4A25A1AD6E0BBCC&attach=
HTTP状态：
返回：OK

【2019-11-29 16:04:45】
订单号：20191129160129575648
通知地址：http://e019cdb2app.miapp88api.com/Api/Home/payCallBack/jiufubao
通知报文：memberid=191121442&orderid=11291601285466&transaction_id=20191129160129575648&amount=800.0000&datetime=20191129160443&returncode=00&sign=8E26BA579704BF83C31C1D486E151F2E&attach=
HTTP状态：
返回：查询订单失败查询订单订单状态为未支付ok

【2019-11-29 16:08:23】
订单号：20191129160538504951
通知地址：http://pay.1youbox.com/onlinepay/jiufubaov2/notify.do
通知报文：memberid=191209910&orderid=2019112916053601999&transaction_id=20191129160538504951&amount=102.0000&datetime=20191129160822&returncode=00&sign=92919ECD91D5E8FA89880994D7C8673F&attach=
HTTP状态：
返回：OK

【2019-11-29 16:08:26】
订单号：20191129160604991015
通知地址：http://pay.ffc585.com/JiuFuBaoZhiFuReturn/Index
通知报文：memberid=191205418&orderid=RK580132164280342718&transaction_id=20191129160604991015&amount=5000.0000&datetime=20191129160826&returncode=00&sign=B0EDEC34849D5A90598D427EE8674827&attach=
HTTP状态：
返回：OK

【2019-11-29 16:32:25】
订单号：20191129162849495310
通知地址：http://pay.ffc585.com/JiuFuBaoZhiFuReturn/Index
通知报文：memberid=191205418&orderid=RK580786911945659620&transaction_id=20191129162849495310&amount=200.0000&datetime=20191129163224&returncode=00&sign=722EE7FA5216280C883A8789E44BE17A&attach=
HTTP状态：
返回：OK

【2019-11-29 16:37:08】
订单号：20191129163512485054
通知地址：http://pay.ffc585.com/JiuFuBaoZhiFuReturn/Index
通知报文：memberid=191205418&orderid=RK580502481947821709&transaction_id=20191129163512485054&amount=200.0000&datetime=20191129163708&returncode=00&sign=F4B01985D89183BCDFF938CB4114EAFD&attach=
HTTP状态：
返回：OK

【2019-11-29 16:38:17】
订单号：20191129163533534953
通知地址：https://e019cdb2webapi.miapp66dom.com/Api/Home/payCallBack/jiufubao
通知报文：memberid=191121442&orderid=11291635317298&transaction_id=20191129163533534953&amount=101.0000&datetime=20191129163815&returncode=00&sign=5F448BC43DD3AB3BC18976D00C546FB9&attach=
HTTP状态：
返回：查询订单失败查询订单订单状态为未支付ok

【2019-11-29 16:40:15】
订单号：20191129163845535297
通知地址：http://pay.ffc585.com/JiuFuBaoZhiFuReturn/Index
通知报文：memberid=191205418&orderid=RK580850791949005587&transaction_id=20191129163845535297&amount=200.0000&datetime=20191129164015&returncode=00&sign=9557A44010083D2C5059523546345416&attach=
HTTP状态：
返回：OK

【2019-11-29 16:43:15】
订单号：20191129164134101559
通知地址：http://pay.ffc585.com/JiuFuBaoZhiFuReturn/Index
通知报文：memberid=191205418&orderid=RK580782091941824948&transaction_id=20191129164134101559&amount=300.0000&datetime=20191129164315&returncode=00&sign=211F6B1D8027330153A860476EFE44F5&attach=
HTTP状态：
返回：OK

【2019-11-29 16:43:32】
订单号：20191129163528489910
通知地址：http://pay.vip6081.com/onlinepay/jiufubaov2/notify.do
通知报文：memberid=191155102&orderid=2019112916352601552&transaction_id=20191129163528489910&amount=100.0000&datetime=20191129164332&returncode=00&sign=BCD26C559B8941FDD3EAAF50AC7F015A&attach=
HTTP状态：
返回：OK

【2019-11-29 16:53:27】
订单号：20191129165059515253
通知地址：http://e019cdb2app.miapp88api.com/Api/Home/payCallBack/jiufubao
通知报文：memberid=191121442&orderid=11291650584354&transaction_id=20191129165059515253&amount=2000.0000&datetime=20191129165325&returncode=00&sign=3558D4E1A1647E76F4AF1C8A5564D8A2&attach=
HTTP状态：
返回：查询订单失败查询订单订单状态为未支付ok

【2019-11-29 17:07:35】
订单号：20191129170600565555
通知地址：http://pay1.dr5151.com/apis/pay_gateway/jiufujinzhifu/notice
通知报文：memberid=191209911&orderid=F201911291705543770&transaction_id=20191129170600565555&amount=100.0000&datetime=20191129170735&returncode=00&sign=A7EB0249D90EC06340D80F08C250DB1E&attach=
HTTP状态：
返回：OK

【2019-11-29 17:36:22】
订单号：20191129172200565257
通知地址：http://pay.vip6081.com/onlinepay/jiufubaov2/notify.do
通知报文：memberid=191155102&orderid=2019112917214801675&transaction_id=20191129172200565257&amount=398.0000&datetime=20191129173621&returncode=00&sign=5053932E58E69EBE7073764B5238392C&attach=
HTTP状态：
返回：OK

【2019-11-29 17:41:32】
订单号：20191129173941100525
通知地址：http://pay.vip6081.com/onlinepay/jiufubaov2/notify.do
通知报文：memberid=191155102&orderid=2019112917393801721&transaction_id=20191129173941100525&amount=200.0000&datetime=20191129174132&returncode=00&sign=51431E7DE8AF6FB5EADDB2D19D81431E&attach=
HTTP状态：
返回：OK

【2019-11-29 17:50:22】
订单号：20191129174442975450
通知地址：http://pay.vip6081.com/onlinepay/jiufubaov2/notify.do
通知报文：memberid=191155102&orderid=2019112917443601735&transaction_id=20191129174442975450&amount=250.0000&datetime=20191129175022&returncode=00&sign=CBF20A18532987E1B382F08D9432948C&attach=
HTTP状态：
返回：OK

【2019-11-29 17:53:48】
订单号：20191129175043515298
通知地址：http://pay.vip6081.com/onlinepay/jiufubaov2/notify.do
通知报文：memberid=191155102&orderid=2019112917504201754&transaction_id=20191129175043515298&amount=398.0000&datetime=20191129175348&returncode=00&sign=2B9B9498529A16061A873A48F4B22843&attach=
HTTP状态：
返回：OK

【2019-11-29 17:55:44】
订单号：20191129175047559754
通知地址：http://e019cdb2app.miapp88api.com/Api/Home/payCallBack/jiufubao
通知报文：memberid=191121442&orderid=11291750463651&transaction_id=20191129175047559754&amount=101.0000&datetime=20191129175542&returncode=00&sign=827ADC12FCD8BC1363094F03EC78CF02&attach=
HTTP状态：
返回：查询订单失败查询订单订单状态为未支付ok

【2019-11-29 18:01:31】
订单号：20191129175929495399
通知地址：http://pay.vip6081.com/onlinepay/jiufubaov2/notify.do
通知报文：memberid=191155102&orderid=2019112917592701773&transaction_id=20191129175929495399&amount=151.0000&datetime=20191129180131&returncode=00&sign=8B43BC164BDC62EE5E7CAD3B24C80373&attach=
HTTP状态：
返回：OK

【2019-11-29 18:02:11】
订单号：20191129175953575657
通知地址：http://e019cdb2app.miapp88api.com/Api/Home/payCallBack/jiufubao
通知报文：memberid=191121442&orderid=11291759527669&transaction_id=20191129175953575657&amount=500.0000&datetime=20191129180209&returncode=00&sign=9D758530D3B102D3E27342861A67A30F&attach=
HTTP状态：
返回：查询订单失败查询订单订单状态为未支付ok

【2019-11-29 18:04:35】
订单号：20191129180214545754
通知地址：http://e019cdb2app.miapp88api.com/Api/Home/payCallBack/jiufubao
通知报文：memberid=191121442&orderid=11291802137081&transaction_id=20191129180214545754&amount=100.0000&datetime=20191129180433&returncode=00&sign=A62E8EE2065006CE1789248D1A6CF46F&attach=
HTTP状态：
返回：查询订单失败查询订单订单状态为未支付ok

【2019-11-29 18:36:40】
订单号：20191129183128485099
通知地址：http://e019cdb2app.miapp88api.com/Api/Home/payCallBack/jiufubao
通知报文：memberid=191121442&orderid=11291831274515&transaction_id=20191129183128485099&amount=100.0000&datetime=20191129183637&returncode=00&sign=F2679425EF742871FF24AD24B85B76B4&attach=
HTTP状态：
返回：查询订单失败查询订单订单状态为未支付ok

【2019-11-29 18:44:59】
订单号：20191129184319551009
通知地址：http://pay.vip6081.com/onlinepay/jiufubaov2/notify.do
通知报文：memberid=191155102&orderid=2019112918431501884&transaction_id=20191129184319551009&amount=134.0000&datetime=20191129184459&returncode=00&sign=3CAD2F40884681B17694CB260DC47C1A&attach=
HTTP状态：
返回：OK

【2019-11-29 18:45:11】
订单号：20191129184138505054
通知地址：http://e019cdb2app.miapp88api.com/Api/Home/payCallBack/jiufubao
通知报文：memberid=191121442&orderid=11291841376498&transaction_id=20191129184138505054&amount=100.0000&datetime=20191129184510&returncode=00&sign=B62EB038CA317A9BF04442E968818E17&attach=
HTTP状态：
返回：查询订单失败查询订单订单状态为未支付ok

【2019-11-29 18:54:05】
订单号：20191129185211985010
通知地址：http://pay.1youbox.com/onlinepay/jiufubaov2/notify.do
通知报文：memberid=191209910&orderid=2019112918520702542&transaction_id=20191129185211985010&amount=100.0000&datetime=20191129185405&returncode=00&sign=2FEBCED64BF5D506F42FDE57849FF7E0&attach=
HTTP状态：
返回：OK

【2019-11-29 18:58:26】
订单号：20191129185514504850
通知地址：http://pay1.dr5151.com/apis/pay_gateway/jiufujinzhifu/notice
通知报文：memberid=191209911&orderid=F201911291854535190&transaction_id=20191129185514504850&amount=100.0000&datetime=20191129185826&returncode=00&sign=5DC01D97344F2288CC1DBC9DBD32FB87&attach=
HTTP状态：
返回：OK

【2019-11-29 19:02:36】
订单号：20191129190116995710
通知地址：http://pay.vip6081.com/onlinepay/jiufubaov2/notify.do
通知报文：memberid=191155102&orderid=2019112919011301945&transaction_id=20191129190116995710&amount=100.0000&datetime=20191129190236&returncode=00&sign=C0812F0BD07391B0ADDA083BC611AF5D&attach=
HTTP状态：
返回：OK

【2019-11-29 19:04:23】
订单号：20191129190125535399
通知地址：http://pay.1youbox.com/onlinepay/jiufubaov2/notify.do
通知报文：memberid=191209910&orderid=2019112919012302587&transaction_id=20191129190125535399&amount=100.0000&datetime=20191129190421&returncode=00&sign=A1751B8AEAC8F1D2D4B068DAB2CDF160&attach=
HTTP状态：
返回：OK

【2019-11-29 19:11:40】
订单号：20191129190909539757
通知地址：http://pay.1youbox.com/onlinepay/jiufubaov2/notify.do
通知报文：memberid=191209910&orderid=2019112919090802612&transaction_id=20191129190909539757&amount=202.0000&datetime=20191129191140&returncode=00&sign=F4F1378604C2A6B381E28C6AB51E9086&attach=
HTTP状态：
返回：OK

【2019-11-29 19:16:01】
订单号：20191129191130505754
通知地址：http://pay.vip6081.com/onlinepay/jiufubaov2/notify.do
通知报文：memberid=191155102&orderid=2019112919112901979&transaction_id=20191129191130505754&amount=100.0000&datetime=20191129191601&returncode=00&sign=5E0CC33B6E67680DEB34596558888329&attach=
HTTP状态：
返回：OK

【2019-11-29 19:18:11】
订单号：20191129191553575454
通知地址：http://pay.vip6081.com/onlinepay/jiufubaov2/notify.do
通知报文：memberid=191155102&orderid=2019112919154701992&transaction_id=20191129191553575454&amount=165.0000&datetime=20191129191811&returncode=00&sign=5AD31F60A4501C5AE4E9FAFC8D154AEA&attach=
HTTP状态：
返回：OK

【2019-11-29 19:18:56】
订单号：20191129191711555410
通知地址：http://pay.1youbox.com/onlinepay/jiufubaov2/notify.do
通知报文：memberid=191209910&orderid=2019112919170702640&transaction_id=20191129191711555410&amount=500.0000&datetime=20191129191854&returncode=00&sign=8B2D6F2EAA8AD4BEBB1444DA6CF7B495&attach=
HTTP状态：
返回：OK

【2019-11-29 19:20:09】
订单号：20191129191824485051
通知地址：http://pay1.dr5151.com/apis/pay_gateway/jiufujinzhifu/notice
通知报文：memberid=191209911&orderid=F201911291918219039&transaction_id=20191129191824485051&amount=5000.0000&datetime=20191129192008&returncode=00&sign=537EC2E9A273019A3D5D8E752484B2E8&attach=
HTTP状态：
返回：OK

【2019-11-29 19:25:10】
订单号：20191129192333535757
通知地址：http://pay.vip6081.com/onlinepay/jiufubaov2/notify.do
通知报文：memberid=191155102&orderid=2019112919233102019&transaction_id=20191129192333535757&amount=200.0000&datetime=20191129192510&returncode=00&sign=40EA7D32377D1C57C1E6559E85972C5B&attach=
HTTP状态：
返回：OK

【2019-11-29 19:26:15】
订单号：20191129192453531024
通知地址：http://pay.1youbox.com/onlinepay/jiufubaov2/notify.do
通知报文：memberid=191209910&orderid=2019112919245202673&transaction_id=20191129192453531024&amount=202.0000&datetime=20191129192615&returncode=00&sign=40CAC81F2CF987B5A8BEDFFE2A43B63C&attach=
HTTP状态：
返回：OK

【2019-11-29 19:28:13】
订单号：20191129192335555654
通知地址：http://pay.1youbox.com/onlinepay/jiufubaov2/notify.do
通知报文：memberid=191209910&orderid=2019112919233202669&transaction_id=20191129192335555654&amount=1680.0000&datetime=20191129192813&returncode=00&sign=BBFE9096D90F590E2A5A5278B9377759&attach=
HTTP状态：
返回：OK

【2019-11-29 19:40:40】
订单号：20191129193754505152
通知地址：http://pay.1youbox.com/onlinepay/jiufubaov2/notify.do
通知报文：memberid=191209910&orderid=2019112919375302721&transaction_id=20191129193754505152&amount=100.0000&datetime=20191129194039&returncode=00&sign=F0E0DA4B6018FF8F23A2A6620623B614&attach=
HTTP状态：
返回：OK

【2019-11-29 19:43:17】
订单号：20191129194142545755
通知地址：http://pay.vip6081.com/onlinepay/jiufubaov2/notify.do
通知报文：memberid=191155102&orderid=2019112919413902069&transaction_id=20191129194142545755&amount=200.0000&datetime=20191129194316&returncode=00&sign=B5DE70B09AE038FF855B27E2DAFD1E98&attach=
HTTP状态：
返回：OK

【2019-11-29 19:44:47】
订单号：20191129194142545549
通知地址：http://pay.1youbox.com/onlinepay/jiufubaov2/notify.do
通知报文：memberid=191209910&orderid=2019112919414002741&transaction_id=20191129194142545549&amount=300.0000&datetime=20191129194447&returncode=00&sign=3C72DAD3D08CD86483A05CE0F9395EFA&attach=
HTTP状态：
返回：OK

【2019-11-29 19:54:25】
订单号：20191129195230101541
通知地址：http://pay.1youbox.com/onlinepay/jiufubaov2/notify.do
通知报文：memberid=191209910&orderid=2019112919522602787&transaction_id=20191129195230101541&amount=3000.0000&datetime=20191129195424&returncode=00&sign=8BA1D5DAD1232ED5F283810519382064&attach=
HTTP状态：
返回：OK

【2019-11-29 19:54:53】
订单号：20191129194519102509
通知地址：http://pay.1youbox.com/onlinepay/jiufubaov2/notify.do
通知报文：memberid=191209910&orderid=2019112919451602757&transaction_id=20191129194519102509&amount=100.0000&datetime=20191129195453&returncode=00&sign=AB99A271FDBCEC99A7F0513CA926B712&attach=
HTTP状态：
返回：OK

【2019-11-29 19:55:15】
订单号：20191129195335102571
通知地址：http://pay.1youbox.com/onlinepay/jiufubaov2/notify.do
通知报文：memberid=191209910&orderid=2019112919533302794&transaction_id=20191129195335102571&amount=500.0000&datetime=20191129195515&returncode=00&sign=3A57BB3F002FB75605CC32C5ACEFBB88&attach=
HTTP状态：
返回：OK

【2019-11-29 19:55:20】
订单号：20191129195159102555
通知地址：http://pay.1youbox.com/onlinepay/jiufubaov2/notify.do
通知报文：memberid=191209910&orderid=2019112919515002783&transaction_id=20191129195159102555&amount=200.0000&datetime=20191129195520&returncode=00&sign=41DB1382390EDD996F203008D0B273ED&attach=
HTTP状态：
返回：OK

【2019-11-29 19:58:05】
订单号：20191129195640569949
通知地址：http://pay1.dr5151.com/apis/pay_gateway/jiufujinzhifu/notice
通知报文：memberid=191209911&orderid=F201911291956378342&transaction_id=20191129195640569949&amount=4700.0000&datetime=20191129195804&returncode=00&sign=97AD98F0682512B123169056DFFC7F4E&attach=
HTTP状态：
返回：OK

【2019-11-29 20:01:57】
订单号：20191129200015102574
通知地址：http://e019cdb2app.miapp88api.com/Api/Home/payCallBack/jiufubao
通知报文：memberid=191121442&orderid=11292000147330&transaction_id=20191129200015102574&amount=100.0000&datetime=20191129200155&returncode=00&sign=9F134476AEC6CC4C96B0652931821E20&attach=
HTTP状态：
返回：查询订单失败查询订单订单状态为未支付ok

【2019-11-29 20:04:34】
订单号：20191129200247555653
通知地址：http://pay.1youbox.com/onlinepay/jiufubaov2/notify.do
通知报文：memberid=191209910&orderid=2019112920024402832&transaction_id=20191129200247555653&amount=200.0000&datetime=20191129200434&returncode=00&sign=4651D4F1C83C12CE3C7F3061FF90FA8C&attach=
HTTP状态：
返回：OK

【2019-11-29 20:05:48】
订单号：20191129200356995048
通知地址：http://pay.1youbox.com/onlinepay/jiufubaov2/notify.do
通知报文：memberid=191209910&orderid=2019112920035402839&transaction_id=20191129200356995048&amount=100.0000&datetime=20191129200546&returncode=00&sign=E06E140EF94ACBC1D774EAD22643E073&attach=
HTTP状态：
返回：OK

【2019-11-29 20:07:20】
订单号：20191129200500991005
通知地址：http://pay.1youbox.com/onlinepay/jiufubaov2/notify.do
通知报文：memberid=191209910&orderid=2019112920045702848&transaction_id=20191129200500991005&amount=100.0000&datetime=20191129200719&returncode=00&sign=9896AF6F661A8D09B5B52E6CB1840A7B&attach=
HTTP状态：
返回：OK

【2019-11-29 20:08:29】
订单号：20191129200648565750
通知地址：http://pay.vip6081.com/onlinepay/jiufubaov2/notify.do
通知报文：memberid=191155102&orderid=2019112920064702137&transaction_id=20191129200648565750&amount=200.0000&datetime=20191129200829&returncode=00&sign=FA3DFBAB203593CB9F8EC7AEA055CF3D&attach=
HTTP状态：
返回：OK

【2019-11-29 20:12:44】
订单号：20191129201116524948
通知地址：http://pay.1youbox.com/onlinepay/jiufubaov2/notify.do
通知报文：memberid=191209910&orderid=2019112920110202869&transaction_id=20191129201116524948&amount=100.0000&datetime=20191129201244&returncode=00&sign=813D2A935D7A7263FE66D445C0F32806&attach=
HTTP状态：
返回：OK

【2019-11-29 20:16:18】
订单号：20191129201503555248
通知地址：https://www.wanjia365.cn/Public.server.do
通知报文：memberid=191095866&orderid=Z1911292014580626&transaction_id=20191129201503555248&amount=500.0000&datetime=20191129201616&returncode=00&sign=09EB09C865F70DCBD0FFDCFAB17AA8EF&attach=512,https://wanjia365.cn/Account.jhrecharge.do
HTTP状态：
返回：OK

【2019-11-29 20:24:52】
订单号：20191129201548525510
通知地址：http://pay.1youbox.com/onlinepay/jiufubaov2/notify.do
通知报文：memberid=191209910&orderid=2019112920154702888&transaction_id=20191129201548525510&amount=200.0000&datetime=20191129202451&returncode=00&sign=97ECC3B8B739EF5D5B8697A3F3103285&attach=
HTTP状态：
返回：OK

【2019-11-29 20:25:15】
订单号：20191129202250975350
通知地址：http://pay1.dr5151.com/apis/pay_gateway/jiufujinzhifu/notice
通知报文：memberid=191209911&orderid=F201911292022448093&transaction_id=20191129202250975350&amount=2000.0000&datetime=20191129202515&returncode=00&sign=BC1C05B878D84266D60B92D445E1CFA1&attach=
HTTP状态：
返回：OK

【2019-11-29 20:26:37】
订单号：20191129202512561015
通知地址：http://pay.1youbox.com/onlinepay/jiufubaov2/notify.do
通知报文：memberid=191209910&orderid=2019112920250902924&transaction_id=20191129202512561015&amount=100.0000&datetime=20191129202637&returncode=00&sign=235AAB0269539641A3B90141A0A8DBDA&attach=
HTTP状态：
返回：OK

【2019-11-29 20:26:42】
订单号：20191129202446101971
通知地址：http://pay.1youbox.com/onlinepay/jiufubaov2/notify.do
通知报文：memberid=191209910&orderid=2019112920244202920&transaction_id=20191129202446101971&amount=100.0000&datetime=20191129202642&returncode=00&sign=67E94CDBD6D555F2E0CDE4E0A559ED70&attach=
HTTP状态：
返回：OK

【2019-11-29 20:30:03】
订单号：20191129202827981001
通知地址：http://pay.vip6081.com/onlinepay/jiufubaov2/notify.do
通知报文：memberid=191155102&orderid=2019112920282502219&transaction_id=20191129202827981001&amount=200.0000&datetime=20191129203003&returncode=00&sign=FCD3B8859C3C02F188025F7B054FC54E&attach=
HTTP状态：
返回：OK

【2019-11-29 20:31:36】
订单号：20191129202903102531
通知地址：https://www.wanjia365.cn/Public.server.do
通知报文：memberid=191095866&orderid=V1911292028554217&transaction_id=20191129202903102531&amount=500.0000&datetime=20191129203135&returncode=00&sign=CD9EB8E0DD5EFF5E1E1DBCB43557784C&attach=499,https://wanjia365.cn/Account.jhrecharge.do
HTTP状态：
返回：OK

【2019-11-29 20:32:24】
订单号：20191129203025499956
通知地址：http://pay1.dr5151.com/apis/pay_gateway/jiufujinzhifu/notice
通知报文：memberid=191209911&orderid=F201911292030226784&transaction_id=20191129203025499956&amount=5000.0000&datetime=20191129203222&returncode=00&sign=58D3D1C05D1CDE40D587B6D963429C9B&attach=
HTTP状态：
返回：OK

【2019-11-29 20:37:11】
订单号：20191129203534541005
通知地址：http://pay.1youbox.com/onlinepay/jiufubaov2/notify.do
通知报文：memberid=191209910&orderid=2019112920352902968&transaction_id=20191129203534541005&amount=100.0000&datetime=20191129203711&returncode=00&sign=1BBA870D05CC8930AA106EB592A27BCE&attach=
HTTP状态：
返回：OK

【2019-11-29 20:39:02】
订单号：20191129203637539799
通知地址：https://www.wanjia365.cn/Public.server.do
通知报文：memberid=191095866&orderid=K1911292036351228&transaction_id=20191129203637539799&amount=500.0000&datetime=20191129203901&returncode=00&sign=845A785A82B57B69EC7E376CB5CCD8BE&attach=499,https://wanjia365.cn/Account.jhrecharge.do
HTTP状态：
返回：OK

【2019-11-29 20:42:14】
订单号：20191129203727555656
通知地址：https://www.wanjia365.cn/Public.server.do
通知报文：memberid=191095866&orderid=S1911292037250017&transaction_id=20191129203727555656&amount=500.0000&datetime=20191129204213&returncode=00&sign=8EEA219355EDA4573D77AD1115A59219&attach=512,https://wanjia365.cn/Account.jhrecharge.do
HTTP状态：
返回：OK

【2019-11-29 20:42:27】
订单号：20191129204037531009
通知地址：http://pay.1youbox.com/onlinepay/jiufubaov2/notify.do
通知报文：memberid=191209910&orderid=2019112920403502981&transaction_id=20191129204037531009&amount=200.0000&datetime=20191129204227&returncode=00&sign=9AD97A2109EE658093017E5E055C03B8&attach=
HTTP状态：
返回：OK

【2019-11-29 20:43:13】
订单号：20191129204144561001
通知地址：https://www.wanjia365.cn/Public.server.do
通知报文：memberid=191095866&orderid=P1911292041438899&transaction_id=20191129204144561001&amount=1000.0000&datetime=20191129204312&returncode=00&sign=04F6959E481BF15CBF5833999AF98710&attach=501,https://wanjia365.cn/Account.jhrecharge.do
HTTP状态：
返回：OK

【2019-11-29 20:47:11】
订单号：20191129204534101539
通知地址：http://pay.vip6081.com/onlinepay/jiufubaov2/notify.do
通知报文：memberid=191155102&orderid=2019112920453202283&transaction_id=20191129204534101539&amount=200.0000&datetime=20191129204711&returncode=00&sign=A60E810579F38804D6F94BC46D449BAE&attach=
HTTP状态：
返回：OK

【2019-11-29 20:51:41】
订单号：20191129204923519898
通知地址：http://pay.ffc585.com/JiuFuBaoZhiFuReturn/Index
通知报文：memberid=191205418&orderid=RK580796929707013732&transaction_id=20191129204923519898&amount=500.0000&datetime=20191129205140&returncode=00&sign=D7B1F5C81EA7751A0DBD59D116C29FF3&attach=
HTTP状态：
返回：OK

【2019-11-29 20:52:19】
订单号：20191129204934101524
通知地址：https://e019cdb2webapi.miapp66dom.com/Api/Home/payCallBack/jiufubao
通知报文：memberid=191121442&orderid=11292049318055&transaction_id=20191129204934101524&amount=102.0000&datetime=20191129205218&returncode=00&sign=B29C8ABE1DAC48C852E85480F37E193B&attach=
HTTP状态：
返回：查询订单失败查询订单订单状态为未支付ok

【2019-11-29 20:58:29】
订单号：20191129204830101575
通知地址：https://www.wanjia365.cn/Public.server.do
通知报文：memberid=191095866&orderid=O1911292048285818&transaction_id=20191129204830101575&amount=500.0000&datetime=20191129205829&returncode=00&sign=38471F23C96562575394F5A35693E1CE&attach=512,https://wanjia365.cn/Account.jhrecharge.do
HTTP状态：
返回：OK

【2019-11-29 21:01:32】
订单号：20191129204512565050
通知地址：http://pay1.dr5151.com/apis/pay_gateway/jiufujinzhifu/notice
通知报文：memberid=191209911&orderid=F201911292045095903&transaction_id=20191129204512565050&amount=100.0000&datetime=20191129210131&returncode=00&sign=569D11BEDFD0B9E016DDF064C7C6F019&attach=
HTTP状态：
返回：OK

【2019-11-29 21:02:16】
订单号：20191129210018505554
通知地址：http://awseb-e-q-awsebloa-p0jtqe3naeml-278855201.ap-northeast-1.elb.amazonaws.com/pay/notify/152/521
通知报文：memberid=191209912&orderid=1042121520191129210015079&transaction_id=20191129210018505554&amount=100.0000&datetime=20191129210216&returncode=00&sign=F5CC8B96012813DB12B331EB6A423197&attach=
HTTP状态：
返回：OK

【2019-11-29 21:02:59】
订单号：20191129210136485097
通知地址：https://e019cdb2webapi.miapp66dom.com/Api/Home/payCallBack/jiufubao
通知报文：memberid=191121442&orderid=11292101343139&transaction_id=20191129210136485097&amount=500.0000&datetime=20191129210257&returncode=00&sign=C3F855EFCA12E6ED39DCC1E917BF9EE9&attach=
HTTP状态：
返回：查询订单失败查询订单订单状态为未支付ok

【2019-11-29 21:03:05】
订单号：20191129205920569953
通知地址：https://www.wanjia365.cn/Public.server.do
通知报文：memberid=191095866&orderid=O1911292059189194&transaction_id=20191129205920569953&amount=100.0000&datetime=20191129210304&returncode=00&sign=3BAECEBB2156FFDC0467BC0B0ABA920A&attach=704,https://www.wanjia365.cn/Account.jhrecharge.do
HTTP状态：
返回：OK

【2019-11-29 21:10:31】
订单号：20191129210738975499
通知地址：http://pay1.dr5151.com/apis/pay_gateway/jiufujinzhifu/notice
通知报文：memberid=191209911&orderid=F201911292107362419&transaction_id=20191129210738975499&amount=100.0000&datetime=20191129211031&returncode=00&sign=554CFED8902AE9040C5702F3D7A105D9&attach=
HTTP状态：
返回：OK

【2019-11-29 21:23:45】
订单号：20191129212134101505
通知地址：https://e019cdb2webapi.miapp66dom.com/Api/Home/payCallBack/jiufubao
通知报文：memberid=191121442&orderid=11292121315189&transaction_id=20191129212134101505&amount=100.0000&datetime=20191129212341&returncode=00&sign=98B102EA85584DF1F37402FF7E5556B4&attach=
HTTP状态：
返回：查询订单失败查询订单订单状态为未支付ok

【2019-11-29 21:31:07】
订单号：20191129212920485710
通知地址：https://e019cdb2webapi.miapp66dom.com/Api/Home/payCallBack/jiufubao
通知报文：memberid=191121442&orderid=11292129188796&transaction_id=20191129212920485710&amount=200.0000&datetime=20191129213104&returncode=00&sign=1751B43C3016831C9C51A1DD79EBFB39&attach=
HTTP状态：
返回：查询订单失败查询订单订单状态为未支付ok

【2019-11-29 21:49:21】
订单号：20191129214728485499
通知地址：http://e019cdb2app.miapp88api.com/Api/Home/payCallBack/jiufubao
通知报文：memberid=191121442&orderid=11292147277527&transaction_id=20191129214728485499&amount=101.0000&datetime=20191129214919&returncode=00&sign=B59101C5B443C4F445D98BFDB4BA56C3&attach=
HTTP状态：
返回：查询订单失败查询订单订单状态为未支付ok

【2019-11-29 21:49:47】
订单号：20191129214733535555
通知地址：http://pay.vip6081.com/onlinepay/jiufubaov2/notify.do
通知报文：memberid=191155102&orderid=2019112921472902496&transaction_id=20191129214733535555&amount=200.0000&datetime=20191129214947&returncode=00&sign=1BA276529DDA71594D53CF74A3882D57&attach=
HTTP状态：
返回：OK

【2019-11-29 21:49:58】
订单号：20191129214819515352
通知地址：http://e019cdb2app.miapp88api.com/Api/Home/payCallBack/jiufubao
通知报文：memberid=191121442&orderid=11292148199291&transaction_id=20191129214819515352&amount=101.0000&datetime=20191129214956&returncode=00&sign=DB760D66F3A9BB6FD497AAB173AD4193&attach=
HTTP状态：
返回：查询订单失败查询订单订单状态为未支付ok

【2019-11-29 21:54:01】
订单号：20191129215207555357
通知地址：http://pay.1youbox.com/onlinepay/jiufubaov2/notify.do
通知报文：memberid=191209910&orderid=2019112921520303382&transaction_id=20191129215207555357&amount=1000.0000&datetime=20191129215401&returncode=00&sign=6CA1B503B7DA1E6D552FC9105C9B15C2&attach=
HTTP状态：
返回：OK

【2019-11-29 21:54:41】
订单号：20191129215324521024
通知地址：http://pay.ffc585.com/JiuFuBaoZhiFuReturn/Index
通知报文：memberid=191205418&orderid=RK580853411942670825&transaction_id=20191129215324521024&amount=200.0000&datetime=20191129215441&returncode=00&sign=1518B5514C6041E09C36A31128A55746&attach=
HTTP状态：
返回：OK

【2019-11-29 21:58:43】
订单号：20191129215721495549
通知地址：http://pay1.dr5151.com/apis/pay_gateway/jiufujinzhifu/notice
通知报文：memberid=191209911&orderid=F201911292157167804&transaction_id=20191129215721495549&amount=300.0000&datetime=20191129215842&returncode=00&sign=A56CA88352352D40C972E7655DBCC45B&attach=
HTTP状态：
返回：OK

【2019-11-29 22:02:00】
订单号：20191129220030101515
通知地址：http://e019cdb2app.miapp88api.com/Api/Home/payCallBack/jiufubao
通知报文：memberid=191121442&orderid=11292200284214&transaction_id=20191129220030101515&amount=200.0000&datetime=20191129220156&returncode=00&sign=8F42A2CC6FCE2A50A29D856D977D2EC2&attach=
HTTP状态：
返回：查询订单失败查询订单订单状态为未支付ok

【2019-11-29 22:03:39】
订单号：20191129220219989754
通知地址：http://pay.vip6081.com/onlinepay/jiufubaov2/notify.do
通知报文：memberid=191155102&orderid=2019112922021902581&transaction_id=20191129220219989754&amount=300.0000&datetime=20191129220339&returncode=00&sign=753E653A90D64C84A41B1472340FD19F&attach=
HTTP状态：
返回：OK

【2019-11-29 22:09:46】
订单号：20191129220752565154
通知地址：http://pay1.dr5151.com/apis/pay_gateway/jiufujinzhifu/notice
通知报文：memberid=191209911&orderid=F201911292207503085&transaction_id=20191129220752565154&amount=100.0000&datetime=20191129220946&returncode=00&sign=3D81489781E6154FA0C418B6EBC0900C&attach=
HTTP状态：
返回：OK

【2019-11-29 22:10:20】
订单号：20191129220913579749
通知地址：http://pay.1youbox.com/onlinepay/jiufubaov2/notify.do
通知报文：memberid=191209910&orderid=2019112922091103466&transaction_id=20191129220913579749&amount=100.0000&datetime=20191129221020&returncode=00&sign=B7B4CFF10FFEDEFE0A610702EB957F3D&attach=
HTTP状态：
返回：OK

【2019-11-29 22:10:28】
订单号：20191129220840564853
通知地址：http://pay.vip6081.com/onlinepay/jiufubaov2/notify.do
通知报文：memberid=191155102&orderid=2019112922083802622&transaction_id=20191129220840564853&amount=998.0000&datetime=20191129221028&returncode=00&sign=44A0A6A3EFC68174C691F688CCE316B8&attach=
HTTP状态：
返回：OK

【2019-11-29 22:12:11】
订单号：20191129220937495057
通知地址：http://pay.1youbox.com/onlinepay/jiufubaov2/notify.do
通知报文：memberid=191209910&orderid=2019112922093503468&transaction_id=20191129220937495057&amount=2600.0000&datetime=20191129221211&returncode=00&sign=3A5F64020FA9EADEC0D83EB878060787&attach=
HTTP状态：
返回：OK

【2019-11-29 22:14:35】
订单号：20191129221300999848
通知地址：http://pay.ffc585.com/JiuFuBaoZhiFuReturn/Index
通知报文：memberid=191205418&orderid=RK580767683847652033&transaction_id=20191129221300999848&amount=200.0000&datetime=20191129221435&returncode=00&sign=EC89DB79128CB8804A560F07F41B57B5&attach=
HTTP状态：
返回：OK

【2019-11-29 22:21:11】
订单号：20191129221930509997
通知地址：http://pay1.dr5151.com/apis/pay_gateway/jiufujinzhifu/notice
通知报文：memberid=191209911&orderid=F201911292219285810&transaction_id=20191129221930509997&amount=100.0000&datetime=20191129222111&returncode=00&sign=0CDE53421ACD3E4FCB629A8C1A99D0A0&attach=
HTTP状态：
返回：OK

【2019-11-29 22:22:37】
订单号：20191129222002509852
通知地址：http://pay.ffc585.com/JiuFuBaoZhiFuReturn/Index
通知报文：memberid=191205418&orderid=RK580319271941785033&transaction_id=20191129222002509852&amount=300.0000&datetime=20191129222237&returncode=00&sign=03D4D2F3EBD9C494920121E30EF398EC&attach=
HTTP状态：
返回：OK

【2019-11-29 22:26:41】
订单号：20191129222333539957
通知地址：http://pay.ffc585.com/JiuFuBaoZhiFuReturn/Index
通知报文：memberid=191205418&orderid=RK580606223847951702&transaction_id=20191129222333539957&amount=200.0000&datetime=20191129222640&returncode=00&sign=B8F388E9D4F2A441DE98CD5FD20D7396&attach=
HTTP状态：
返回：OK

【2019-11-29 22:36:13】
订单号：20191129223134549798
通知地址：http://pay1.dr5151.com/apis/pay_gateway/jiufujinzhifu/notice
通知报文：memberid=191209911&orderid=F201911292231312478&transaction_id=20191129223134549798&amount=100.0000&datetime=20191129223612&returncode=00&sign=4AF92D0B85EA0019AE2D23720C8B4615&attach=
HTTP状态：
返回：OK

【2019-11-29 22:40:01】
订单号：20191129223756525454
通知地址：http://e019cdb2app.miapp88api.com/Api/Home/payCallBack/jiufubao
通知报文：memberid=191121442&orderid=11292237558249&transaction_id=20191129223756525454&amount=200.0000&datetime=20191129223958&returncode=00&sign=62D2B3EAB7A8E2085309C232EA079087&attach=
HTTP状态：
返回：查询订单失败查询订单订单状态为未支付ok

【2019-11-29 22:44:57】
订单号：20191129224246545650
通知地址：http://e019cdb2app.miapp88api.com/Api/Home/payCallBack/jiufubao
通知报文：memberid=191121442&orderid=11292242458088&transaction_id=20191129224246545650&amount=101.0000&datetime=20191129224455&returncode=00&sign=48E191609C04070C5FC04D779836E8E6&attach=
HTTP状态：
返回：查询订单失败查询订单订单状态为未支付ok

【2019-11-29 22:45:26】
订单号：20191129223014541005
通知地址：http://pay.ffc585.com/JiuFuBaoZhiFuReturn/Index
通知报文：memberid=191205418&orderid=RK580535631947758189&transaction_id=20191129223014541005&amount=500.0000&datetime=20191129224525&returncode=00&sign=0504917BC0191EB96949106845E9F2AB&attach=
HTTP状态：
返回：OK

【2019-11-29 22:55:39】
订单号：20191129225411511015
通知地址：http://pay.vip6081.com/onlinepay/jiufubaov2/notify.do
通知报文：memberid=191155102&orderid=2019112922540902777&transaction_id=20191129225411511015&amount=1000.0000&datetime=20191129225538&returncode=00&sign=DE144AA937BEEE05A0DCBB3344ED566D&attach=
HTTP状态：
返回：OK

【2019-11-29 23:04:51】
订单号：20191129230208485457
通知地址：http://pay.vip6081.com/onlinepay/jiufubaov2/notify.do
通知报文：memberid=191155102&orderid=2019112923020602793&transaction_id=20191129230208485457&amount=499.0000&datetime=20191129230451&returncode=00&sign=FDFC7EC12AF7E0FCEFDD6BAC2F12F5F9&attach=
HTTP状态：
返回：OK

【2019-11-29 23:07:13】
订单号：20191129230535102534
通知地址：http://pay.vip6081.com/onlinepay/jiufubaov2/notify.do
通知报文：memberid=191155102&orderid=2019112923053302800&transaction_id=20191129230535102534&amount=100.0000&datetime=20191129230713&returncode=00&sign=B8A6E908A5EB0971D74865CD62390664&attach=
HTTP状态：
返回：OK

【2019-11-29 23:32:18】
订单号：20191129233103555356
通知地址：http://e019cdb2app.miapp88api.com/Api/Home/payCallBack/jiufubao
通知报文：memberid=191121442&orderid=11292331028248&transaction_id=20191129233103555356&amount=500.0000&datetime=20191129233216&returncode=00&sign=E8AD0607707D7746E73D890FED4E55E9&attach=
HTTP状态：
返回：查询订单失败查询订单订单状态为未支付ok

【2019-11-29 23:33:35】
订单号：20191129233225575797
通知地址：http://pay.vip6081.com/onlinepay/jiufubaov2/notify.do
通知报文：memberid=191155102&orderid=2019112923322402893&transaction_id=20191129233225575797&amount=100.0000&datetime=20191129233335&returncode=00&sign=239A1A02C91B20D5488806282C18E101&attach=
HTTP状态：
返回：OK

【2019-11-29 23:34:03】
订单号：20191129231241575454
通知地址：http://pay.1youbox.com/onlinepay/jiufubaov2/notify.do
通知报文：memberid=191209910&orderid=2019112923124003690&transaction_id=20191129231241575454&amount=100.0000&datetime=20191129233403&returncode=00&sign=A8081E0956647B8A89EFCC273AF10A8D&attach=
HTTP状态：
返回：OK

【2019-11-29 23:56:57】
订单号：20191129235500525056
通知地址：http://pay1.dr5151.com/apis/pay_gateway/jiufujinzhifu/notice
通知报文：memberid=191209911&orderid=F201911292354583475&transaction_id=20191129235500525056&amount=100.0000&datetime=20191129235652&returncode=00&sign=C4C552B34336278B1052A6BBCB98B1B4&attach=
HTTP状态：
返回：OK

