【2019-11-19 00:02:18】
订单号：20191119000029100551
通知地址：http://pay.vip6081.com/onlinepay/jiufubaov2/notify.do
通知报文：memberid=191155102&orderid=2019111900003200003&transaction_id=20191119000029100551&amount=100.0000&datetime=20191119000218&returncode=00&sign=13EF2E821B7FEC6C669F31315CF245CB&attach=
HTTP状态：
返回：OK

【2019-11-19 00:14:16】
订单号：20191119001256561014
通知地址：http://pay.vip6081.com/onlinepay/jiufubaov2/notify.do
通知报文：memberid=191155102&orderid=2019111900125800042&transaction_id=20191119001256561014&amount=100.0000&datetime=20191119001416&returncode=00&sign=A9B625B3523F48666E54AB6A8B4BB96C&attach=
HTTP状态：
返回：OK

【2019-11-19 00:16:59】
订单号：20191119001442505599
通知地址：http://pay.vip6081.com/onlinepay/jiufubaov2/notify.do
通知报文：memberid=191155102&orderid=2019111900144400044&transaction_id=20191119001442505599&amount=200.0000&datetime=20191119001658&returncode=00&sign=2367571046E1FDFE33410F5384EC7169&attach=
HTTP状态：
返回：OK

【2019-11-19 00:20:26】
订单号：20191119001846545610
通知地址：http://pay1.dr5151.com/apis/pay_gateway/jiufujinzhifu/notice
通知报文：memberid=191209911&orderid=F201911190018476332&transaction_id=20191119001846545610&amount=200.0000&datetime=20191119002026&returncode=00&sign=4B8C88BA85621BD3218C8158800A90B5&attach=
HTTP状态：
返回：OK

【2019-11-19 00:29:24】
订单号：20191119002745495198
通知地址：http://pay.vip6081.com/onlinepay/jiufubaov2/notify.do
通知报文：memberid=191155102&orderid=2019111900274700065&transaction_id=20191119002745495198&amount=200.0000&datetime=20191119002924&returncode=00&sign=08070325957EB0B59BE18EE86690EB03&attach=
HTTP状态：
返回：OK

【2019-11-19 00:46:42】
订单号：20191119004451515410
通知地址：http://834raw.top.cxmyjd.com/pay/jsp/jiufubaopay/res.jsp
通知报文：memberid=191156325&orderid=191118124420407362958&transaction_id=20191119004451515410&amount=100.0000&datetime=20191119004641&returncode=00&sign=96D3BE03F5A370932837DAFD81099403&attach=en0656A0EA7D17B7_85090017_113552
HTTP状态：
返回：OK

【2019-11-19 00:54:37】
订单号：20191119005305495010
通知地址：http://834raw.top.cxmyjd.com/pay/jsp/jiufubaopay/res.jsp
通知报文：memberid=191156325&orderid=191118125320407363411&transaction_id=20191119005305495010&amount=200.0000&datetime=20191119005437&returncode=00&sign=CCD00FC68A2CD577608B672B72EE0770&attach=en06216E9B9D0330_85090185_113552
HTTP状态：
返回：OK

【2019-11-19 01:24:45】
订单号：20191118231609574997
通知地址：http://834raw.top.cxmyjd.com/pay/jsp/jiufubaopay/res.jsp
通知报文：memberid=191156325&orderid=191118111620407357035&transaction_id=20191118231609574997&amount=100.0000&datetime=20191119012444&returncode=00&sign=9707780EA6331321044045D65788E875&attach=en0657E1D93CC7F1_85087645_113552
HTTP状态：
返回：OK

【2019-11-19 11:15:09】
订单号：20191119111403985450
通知地址：http://pay.ffc585.com/JiuFuBaoZhiFuReturn/Index
通知报文：memberid=191205418&orderid=RK480305348457868056&transaction_id=20191119111403985450&amount=500.0000&datetime=20191119111509&returncode=00&sign=014D630FEED6A589E157B21F170ACD72&attach=
HTTP状态：
返回：OK

【2019-11-19 11:16:31】
订单号：20191119111505571005
通知地址：http://pay.ffc585.com/JiuFuBaoZhiFuReturn/Index
通知报文：memberid=191205418&orderid=RK480335161471270761&transaction_id=20191119111505571005&amount=1000.0000&datetime=20191119111630&returncode=00&sign=16BD06545C8E2D3408B090F6E9521BEE&attach=
HTTP状态：
返回：OK

【2019-11-19 11:17:59】
订单号：20191119111641575310
通知地址：http://pay1.dr5151.com/apis/pay_gateway/jiufujinzhifu/notice
通知报文：memberid=191209911&orderid=F201911191116435710&transaction_id=20191119111641575310&amount=500.0000&datetime=20191119111759&returncode=00&sign=23BDF60AC99E3DABEC1028AA5FBA25EA&attach=
HTTP状态：
返回：OK

【2019-11-19 11:32:35】
订单号：20191119112808561004
通知地址：http://pay.ffc585.com/JiuFuBaoZhiFuReturn/Index
通知报文：memberid=191205418&orderid=RK480516801479528912&transaction_id=20191119112808561004&amount=5000.0000&datetime=20191119113234&returncode=00&sign=78FC64DFD55B26934AE05F5C6BF3E924&attach=
HTTP状态：
返回：OK

【2019-11-19 12:05:21】
订单号：20191119120349539799
通知地址：http://pay1.dr5151.com/apis/pay_gateway/jiufujinzhifu/notice
通知报文：memberid=191209911&orderid=F201911191203504778&transaction_id=20191119120349539799&amount=100.0000&datetime=20191119120521&returncode=00&sign=449BEF73832CD994B94BDB311E77ACB4&attach=
HTTP状态：
返回：OK

【2019-11-19 12:06:37】
订单号：20191119120331511005
通知地址：https://payback3.lebopay.net/jfbscpay/scallback.php
通知报文：memberid=191209913&orderid=2019111900033257669508&transaction_id=20191119120331511005&amount=100.0000&datetime=20191119120635&returncode=00&sign=E8F443C00A74905B310392B9462387EC&attach=41535-e1232117d14ef62ecb1d18aaa3a0f97f
HTTP状态：
返回：OK

【2019-11-19 12:12:28】
订单号：20191119121016565510
通知地址：https://payback3.lebopay.net/jfbscpay/scallback.php
通知报文：memberid=191209913&orderid=2019111900101657479508&transaction_id=20191119121016565510&amount=100.0000&datetime=20191119121226&returncode=00&sign=3AE43C76E44CA7ABC283896E14A2810F&attach=41535-fb61ab3d8e4e2cc1d88e7de119407a09
HTTP状态：
返回：OK

【2019-11-19 12:43:37】
订单号：20191119122911555450
通知地址：http://pay.ffc585.com/JiuFuBaoZhiFuReturn/Index
通知报文：memberid=191205418&orderid=RK480448264513787931&transaction_id=20191119122911555450&amount=200.0000&datetime=20191119124337&returncode=00&sign=920D49C0A1B59052DD4189885021AB75&attach=
HTTP状态：
返回：OK

【2019-11-19 12:44:17】
订单号：20191119124306974854
通知地址：http://e019cdb2webapi.miapp66dom.com/Api/Home/payCallBack/jiufubao
通知报文：memberid=191121442&orderid=11191243097995&transaction_id=20191119124306974854&amount=449.9900&datetime=20191119124416&returncode=00&sign=68CF324DC9C975B15C530DBA31A0CFDE&attach=
HTTP状态：
返回：查询订单失败查询订单订单状态为未支付ok

【2019-11-19 12:52:54】
订单号：20191119125138975153
通知地址：http://pay1.dr5151.com/apis/pay_gateway/jiufujinzhifu/notice
通知报文：memberid=191209911&orderid=F201911191251381025&transaction_id=20191119125138975153&amount=100.0000&datetime=20191119125254&returncode=00&sign=E7F7221EAD9BF808DEA6AB4F3554A755&attach=
HTTP状态：
返回：OK

【2019-11-19 13:03:31】
订单号：20191119130211515454
通知地址：http://150.109.59.33/tools/notify-1bcf_821736_b9b1_28864a5_7399
通知报文：memberid=191189793&orderid=WX191119130207796434&transaction_id=20191119130211515454&amount=200.1100&datetime=20191119130331&returncode=00&sign=2077D18B8117EB4399CD10451580878F&attach=
HTTP状态：
返回：ok

【2019-11-19 13:19:32】
订单号：20191119130836529710
通知地址：http://150.109.59.33/tools/notify-1bcf_821736_b9b1_28864fc_739c
通知报文：memberid=191189793&orderid=WX191119130833915135&transaction_id=20191119130836529710&amount=200.1100&datetime=20191119131932&returncode=00&sign=046EE08A7B05325B068F58321045DDD5&attach=
HTTP状态：
返回：ok

【2019-11-19 13:20:33】
订单号：20191119131855102579
通知地址：http://pay.ffc585.com/JiuFuBaoZhiFuReturn/Index
通知报文：memberid=191205418&orderid=RK480743654515884371&transaction_id=20191119131855102579&amount=200.0000&datetime=20191119132032&returncode=00&sign=6B5A0489BA7CADA10F3D5163B9584E03&attach=
HTTP状态：
返回：OK

【2019-11-19 13:20:42】
订单号：20191119131837100555
通知地址：http://pay.1youbox.com/onlinepay/jiufubaov2/notify.do
通知报文：memberid=191209910&orderid=2019111913183601212&transaction_id=20191119131837100555&amount=100.0000&datetime=20191119132041&returncode=00&sign=604189DF9DD651463298CCA0CC96FBBF&attach=
HTTP状态：
返回：OK

【2019-11-19 13:22:07】
订单号：20191119132027989854
通知地址：https://payback3.lebopay.net/jfbscpay/scallback.php
通知报文：memberid=191209913&orderid=2019111901202111640243&transaction_id=20191119132027989854&amount=100.0000&datetime=20191119132205&returncode=00&sign=5499F796BEDBA57F6889C495A929C6EA&attach=41535-3146d52472d00bad8b35c16276aeb109
HTTP状态：
返回：OK

【2019-11-19 13:24:06】
订单号：20191119132224489798
通知地址：http://pay.ffc585.com/JiuFuBaoZhiFuReturn/Index
通知报文：memberid=191205418&orderid=RK480463718192852976&transaction_id=20191119132224489798&amount=500.0000&datetime=20191119132406&returncode=00&sign=1B9E108BED27170FD8A0105A0CD42F54&attach=
HTTP状态：
返回：OK

【2019-11-19 13:30:27】
订单号：20191119132840561005
通知地址：http://pay.ffc585.com/JiuFuBaoZhiFuReturn/Index
通知报文：memberid=191205418&orderid=RK480682866125533770&transaction_id=20191119132840561005&amount=200.0000&datetime=20191119133027&returncode=00&sign=239F8833FB46104266A73CCA89E1E590&attach=
HTTP状态：
返回：OK

【2019-11-19 13:45:18】
订单号：20191119134331515110
通知地址：http://pay1.dr5151.com/apis/pay_gateway/jiufujinzhifu/notice
通知报文：memberid=191209911&orderid=F201911191343275831&transaction_id=20191119134331515110&amount=400.0000&datetime=20191119134518&returncode=00&sign=2AEDFCD63F3FF531BFD56886649C0FD0&attach=
HTTP状态：
返回：OK

【2019-11-19 13:46:10】
订单号：20191119134444991019
通知地址：http://pay.ffc585.com/JiuFuBaoZhiFuReturn/Index
通知报文：memberid=191205418&orderid=RK480889979535004800&transaction_id=20191119134444991019&amount=600.0000&datetime=20191119134610&returncode=00&sign=1CA8FAAF3D0255D17BC0B2D8097A1787&attach=
HTTP状态：
返回：OK

【2019-11-19 14:03:01】
订单号：20191119135434974997
通知地址：http://e019cdb2app.miapp88api.com/Api/Home/payCallBack/jiufubao
通知报文：memberid=191121442&orderid=11191354332656&transaction_id=20191119135434974997&amount=200.0000&datetime=20191119140259&returncode=00&sign=638E929A87641B56C9E616A9D5C6931A&attach=
HTTP状态：
返回：查询订单失败查询订单订单状态为未支付ok

【2019-11-19 14:05:24】
订单号：20191119140341100521
通知地址：http://834raw.top.cxmyjd.com/pay/jsp/jiufubaopay/res.jsp
通知报文：memberid=191156325&orderid=191119020320407390082&transaction_id=20191119140341100521&amount=100.0000&datetime=20191119140524&returncode=00&sign=D2A00C8BF3DB9B754FAC402C78B5EBDF&attach=en066205052206A1_85156745_113552
HTTP状态：
返回：OK

【2019-11-19 14:20:12】
订单号：20191119141819989749
通知地址：https://91876543.com/api/lottery/pay/notify/jfb/11706
通知报文：memberid=191141219&orderid=P1911191418196231658&transaction_id=20191119141819989749&amount=106.0000&datetime=20191119142012&returncode=00&sign=3DF2051616639C1219F05573FAC0E9DF&attach=1234|456
HTTP状态：
返回：OK

【2019-11-19 14:22:12】
订单号：20191119142100991005
通知地址：http://150.109.59.33/tools/notify-1bcf_821736_b9b1_2886798_73bc
通知报文：memberid=191189793&orderid=WX191119142057433504&transaction_id=20191119142100991005&amount=200.1100&datetime=20191119142212&returncode=00&sign=6B686CA4CC56D14E2AAD48CE803E2556&attach=
HTTP状态：
返回：ok

【2019-11-19 14:23:13】
订单号：20191119142101100561
通知地址：https://91876543.com/api/lottery/pay/notify/jfb/11706
通知报文：memberid=191141219&orderid=P1911191421012743739&transaction_id=20191119142101100561&amount=105.0000&datetime=20191119142312&returncode=00&sign=1EC3553EB6FC04BA8861C58EFB7C3D93&attach=1234|456
HTTP状态：
返回：OK

【2019-11-19 14:25:23】
订单号：20191119142345495753
通知地址：http://e019cdb2app.miapp88api.com/Api/Home/payCallBack/jiufubao
通知报文：memberid=191121442&orderid=11191423456488&transaction_id=20191119142345495753&amount=101.0000&datetime=20191119142522&returncode=00&sign=704BE6CBC08CB12EC2E53223D546007D&attach=
HTTP状态：
返回：查询订单失败查询订单订单状态为未支付ok

【2019-11-19 14:34:30】
订单号：20191119143247102561
通知地址：http://pay.ffc585.com/JiuFuBaoZhiFuReturn/Index
通知报文：memberid=191205418&orderid=RK480779229533173302&transaction_id=20191119143247102561&amount=1000.0000&datetime=20191119143430&returncode=00&sign=41528E975331D6814E79CC1F992E5A4D&attach=
HTTP状态：
返回：OK

【2019-11-19 14:35:05】
订单号：20191119143313579848
通知地址：http://e019cdb2app.miapp88api.com/Api/Home/payCallBack/jiufubao
通知报文：memberid=191121442&orderid=11191433133529&transaction_id=20191119143313579848&amount=135.0000&datetime=20191119143503&returncode=00&sign=89866E731CBB314EBECDC9976C5996C3&attach=
HTTP状态：
返回：查询订单失败查询订单订单状态为未支付ok

【2019-11-19 14:37:36】
订单号：20191119143555985110
通知地址：http://e019cdb2app.miapp88api.com/Api/Home/payCallBack/jiufubao
通知报文：memberid=191121442&orderid=11191435559247&transaction_id=20191119143555985110&amount=101.0000&datetime=20191119143734&returncode=00&sign=605E49249EED553D0475A6F0B04CFA98&attach=
HTTP状态：
返回：查询订单失败查询订单订单状态为未支付ok

【2019-11-19 14:43:20】
订单号：20191119144210505250
通知地址：https://91876543.com/api/lottery/pay/notify/jfb/11706
通知报文：memberid=191141219&orderid=P1911191442106025311&transaction_id=20191119144210505250&amount=100.0000&datetime=20191119144319&returncode=00&sign=D922D07AE389BBF02CAF86C4A08686EB&attach=1234|456
HTTP状态：
返回：OK

【2019-11-19 14:46:46】
订单号：20191119144456565697
通知地址：https://91876543.com/api/lottery/pay/notify/jfb/11706
通知报文：memberid=191141219&orderid=P1911191444561887077&transaction_id=20191119144456565697&amount=105.0000&datetime=20191119144646&returncode=00&sign=1FD37998733ED26D53C2A829C051C4B5&attach=1234|456
HTTP状态：
返回：OK

【2019-11-19 14:47:13】
订单号：20191119144221100575
通知地址：http://e019cdb2app.miapp88api.com/Api/Home/payCallBack/jiufubao
通知报文：memberid=191121442&orderid=11191442219268&transaction_id=20191119144221100575&amount=301.0000&datetime=20191119144711&returncode=00&sign=A9853C716CB049FBD67EEBED8A2E9F98&attach=
HTTP状态：
返回：查询订单失败查询订单订单状态为未支付ok

【2019-11-19 14:47:32】
订单号：20191119144611519754
通知地址：https://91876543.com/api/lottery/pay/notify/jfb/11706
通知报文：memberid=191141219&orderid=P1911191446111341195&transaction_id=20191119144611519754&amount=106.0000&datetime=20191119144732&returncode=00&sign=BE6A9955355A5EC10496831AA57013F5&attach=1234|456
HTTP状态：
返回：OK

【2019-11-19 14:50:18】
订单号：20191119144828995254
通知地址：http://e019cdb2app.miapp88api.com/Api/Home/payCallBack/jiufubao
通知报文：memberid=191121442&orderid=11191448289517&transaction_id=20191119144828995254&amount=101.0000&datetime=20191119145016&returncode=00&sign=325D6DECAB0C7643399B1A6A7BB975B7&attach=
HTTP状态：
返回：查询订单失败查询订单订单状态为未支付ok

【2019-11-19 14:55:08】
订单号：20191119145305495053
通知地址：http://150.109.59.33/tools/notify-1bcf_821736_b9b1_28868a1_73c3
通知报文：memberid=191189793&orderid=WX191119145305302297&transaction_id=20191119145305495053&amount=200.1100&datetime=20191119145508&returncode=00&sign=4A2FB78ADEC447F83E445A1FA4D778B1&attach=
HTTP状态：
返回：ok

【2019-11-19 15:04:55】
订单号：20191119142525535550
通知地址：http://pay1.dr5151.com/apis/pay_gateway/jiufujinzhifu/notice
通知报文：memberid=191209911&orderid=F201911191425156925&transaction_id=20191119142525535550&amount=100.0000&datetime=20191119150455&returncode=00&sign=1D1DB6F5CC32D0FAA8D5138C12738E94&attach=
HTTP状态：
返回：已处理过过的订单

【2019-11-19 15:04:58】
订单号：20191119142525535550
通知地址：http://pay1.dr5151.com/apis/pay_gateway/jiufujinzhifu/notice
通知报文：memberid=191209911&orderid=F201911191425156925&transaction_id=20191119142525535550&amount=100.0000&datetime=20191119150457&returncode=00&sign=FADD37E151114509D7B1F7BCCD7AA846&attach=
HTTP状态：
返回：已处理过过的订单

【2019-11-19 15:05:00】
订单号：20191119142525535550
通知地址：http://pay1.dr5151.com/apis/pay_gateway/jiufujinzhifu/notice
通知报文：memberid=191209911&orderid=F201911191425156925&transaction_id=20191119142525535550&amount=100.0000&datetime=20191119150459&returncode=00&sign=675F43D0ED422A0DB63DCF1348AC4DC5&attach=
HTTP状态：
返回：已处理过过的订单

【2019-11-19 15:05:39】
订单号：20191119142525535550
通知地址：http://pay1.dr5151.com/apis/pay_gateway/jiufujinzhifu/notice
通知报文：memberid=191209911&orderid=F201911191425156925&transaction_id=20191119142525535550&amount=100.0000&datetime=20191119150538&returncode=00&sign=DE5D105DEDAFE288AEB09204C92A076C&attach=
HTTP状态：
返回：已处理过过的订单

【2019-11-19 15:05:53】
订单号：20191119142525535550
通知地址：http://pay1.dr5151.com/apis/pay_gateway/jiufujinzhifu/notice
通知报文：memberid=191209911&orderid=F201911191425156925&transaction_id=20191119142525535550&amount=100.0000&datetime=20191119150553&returncode=00&sign=79FCE50845BD9233A2FB280945A57409&attach=
HTTP状态：
返回：已处理过过的订单

【2019-11-19 15:06:30】
订单号：20191119142525535550
通知地址：http://pay1.dr5151.com/apis/pay_gateway/jiufujinzhifu/notice
通知报文：memberid=191209911&orderid=F201911191425156925&transaction_id=20191119142525535550&amount=100.0000&datetime=20191119150630&returncode=00&sign=043879486FC1CFE11068BAD2B241F37F&attach=
HTTP状态：
返回：已处理过过的订单

【2019-11-19 15:13:15】
订单号：20191119151229100971
通知地址：https://91876543.com/api/lottery/pay/notify/jfb/11706
通知报文：memberid=191141219&orderid=P1911191512292507639&transaction_id=20191119151229100971&amount=100.0000&datetime=20191119151315&returncode=00&sign=E27DC2EA6E721C8C0CC4CB2D5E80FF73&attach=1234|456
HTTP状态：
返回：OK

【2019-11-19 15:14:11】
订单号：20191119151306505151
通知地址：https://91876543.com/api/lottery/pay/notify/jfb/11706
通知报文：memberid=191141219&orderid=P1911191513062108693&transaction_id=20191119151306505151&amount=101.0000&datetime=20191119151411&returncode=00&sign=690011FB040B1E1381FE1F8692F6B75F&attach=1234|456
HTTP状态：
返回：OK

【2019-11-19 15:15:18】
订单号：20191119151132524850
通知地址：http://e019cdb2app.miapp88api.com/Api/Home/payCallBack/jiufubao
通知报文：memberid=191121442&orderid=11191511308611&transaction_id=20191119151132524850&amount=500.0000&datetime=20191119151515&returncode=00&sign=908FEBF5CE752E228DB47BADF231B02A&attach=
HTTP状态：
返回：查询订单失败查询订单订单状态为未支付ok

【2019-11-19 15:22:04】
订单号：20191119152011989950
通知地址：http://e019cdb2app.miapp88api.com/Api/Home/payCallBack/jiufubao
通知报文：memberid=191121442&orderid=11191520096053&transaction_id=20191119152011989950&amount=800.0000&datetime=20191119152202&returncode=00&sign=D942D2ED37308408D8955F0A3586DD25&attach=
HTTP状态：
返回：查询订单失败查询订单订单状态为未支付ok

【2019-11-19 15:26:38】
订单号：20191119152502101525
通知地址：https://91876543.com/api/lottery/pay/notify/jfb/11706
通知报文：memberid=191141219&orderid=P1911191525025279520&transaction_id=20191119152502101525&amount=300.0000&datetime=20191119152638&returncode=00&sign=78B0EBA3C85AB4759FA1AE0C498A72E9&attach=1234|456
HTTP状态：
返回：OK

【2019-11-19 15:32:50】
订单号：20191119153119559951
通知地址：http://e019cdb2app.miapp88api.com/Api/Home/payCallBack/jiufubao
通知报文：memberid=191121442&orderid=11191531196337&transaction_id=20191119153119559951&amount=101.0000&datetime=20191119153248&returncode=00&sign=DEC4FD048D7DD59AA0E5246147057F84&attach=
HTTP状态：
返回：查询订单失败查询订单订单状态为未支付ok

【2019-11-19 15:35:20】
订单号：20191119153335102561
通知地址：http://834raw.top.cxmyjd.com/pay/jsp/jiufubaopay/res.jsp
通知报文：memberid=191156325&orderid=191119033320907497626&transaction_id=20191119153335102561&amount=200.0000&datetime=20191119153518&returncode=00&sign=B0913495FC0E960100F1F9F2CCB0F314&attach=en066BA2038BE09D_85181154_113552
HTTP状态：
返回：OK

【2019-11-19 15:47:53】
订单号：20191119154536481005
通知地址：http://834raw.top.cxmyjd.com/pay/jsp/jiufubaopay/res.jsp
通知报文：memberid=191156325&orderid=191119034520907498285&transaction_id=20191119154536481005&amount=300.0000&datetime=20191119154752&returncode=00&sign=3C95582DE55631FE016D011A07E0C385&attach=en069A55BFBF5B81_85181471_113552
HTTP状态：
返回：OK

【2019-11-19 15:51:29】
订单号：20191119154936489898
通知地址：http://834raw.top.cxmyjd.com/pay/jsp/jiufubaopay/res.jsp
通知报文：memberid=191156325&orderid=191119034920407395649&transaction_id=20191119154936489898&amount=100.0000&datetime=20191119155129&returncode=00&sign=AAED97426E309EF889E5380C28054153&attach=en068B5815A25D71_85194095_113552
HTTP状态：
返回：OK

【2019-11-19 15:55:36】
订单号：20191119155405100565
通知地址：http://834raw.top.cxmyjd.com/pay/jsp/jiufubaopay/res.jsp
通知报文：memberid=191156325&orderid=191119035420907498770&transaction_id=20191119155405100565&amount=100.0000&datetime=20191119155535&returncode=00&sign=06556B6B2E211C611840D25EB4FAD018&attach=en060A0438E7CA16_85181683_113552
HTTP状态：
返回：OK

【2019-11-19 16:07:16】
订单号：20191119160538505549
通知地址：http://834raw.top.cxmyjd.com/pay/jsp/jiufubaopay/res.jsp
通知报文：memberid=191156325&orderid=191119040520407396447&transaction_id=20191119160538505549&amount=500.0000&datetime=20191119160715&returncode=00&sign=9E61B8DC78292E3B0EEBEC2D48BAF53A&attach=en06854433D08B42_85194427_113552
HTTP状态：
返回：OK

【2019-11-19 16:07:22】
订单号：20191119160432485397
通知地址：http://834raw.top.cxmyjd.com/pay/jsp/jiufubaopay/res.jsp
通知报文：memberid=191156325&orderid=191119040420407396407&transaction_id=20191119160432485397&amount=260.0000&datetime=20191119160721&returncode=00&sign=A5F8C08133165B3D0A57FAF12AAD629F&attach=en068B82B6BEFE4E_85194412_113552
HTTP状态：
返回：OK

【2019-11-19 16:10:13】
订单号：20191119160903102541
通知地址：http://834raw.top.cxmyjd.com/pay/jsp/jiufubaopay/res.jsp
通知报文：memberid=191156325&orderid=191119040920907500577&transaction_id=20191119160903102541&amount=200.0000&datetime=20191119161012&returncode=00&sign=554E6C9B367BB962058FBFBD4CC9E6B9&attach=en06346548500459_85212041_113552
HTTP状态：
返回：OK

【2019-11-19 16:14:41】
订单号：20191119161117535748
通知地址：http://pay1.dr5151.com/apis/pay_gateway/jiufujinzhifu/notice
通知报文：memberid=191209911&orderid=F201911191611167824&transaction_id=20191119161117535748&amount=100.0000&datetime=20191119161440&returncode=00&sign=509F6FD278BAE4ACE6D3A2F2F741AD8E&attach=
HTTP状态：
返回：OK

【2019-11-19 16:25:41】
订单号：20191119162225495298
通知地址：http://pay.ffc585.com/JiuFuBaoZhiFuReturn/Index
通知报文：memberid=191205418&orderid=RK480506454516964645&transaction_id=20191119162225495298&amount=200.0000&datetime=20191119162541&returncode=00&sign=E113ACEB2F5A10EB570DD365D455A23E&attach=
HTTP状态：
返回：OK

【2019-11-19 16:27:13】
订单号：20191119162556529752
通知地址：http://834raw.top.cxmyjd.com/pay/jsp/jiufubaopay/res.jsp
通知报文：memberid=191156325&orderid=191119042520907501477&transaction_id=20191119162556529752&amount=100.0000&datetime=20191119162713&returncode=00&sign=5EA25D3E98C30B24F927443777EF03B4&attach=en0624C292829987_85212471_113552
HTTP状态：
返回：OK

【2019-11-19 16:31:44】
订单号：20191119162521495753
通知地址：http://pay1.dr5151.com/apis/pay_gateway/jiufujinzhifu/notice
通知报文：memberid=191209911&orderid=F201911191625163305&transaction_id=20191119162521495753&amount=100.0000&datetime=20191119163143&returncode=00&sign=4AD50CAC03E4DFF53F68F92C070FF73E&attach=
HTTP状态：
返回：OK

【2019-11-19 16:43:11】
订单号：20191119164138509910
通知地址：http://e019cdb2app.miapp88api.com/Api/Home/payCallBack/jiufubao
通知报文：memberid=191121442&orderid=11191641376148&transaction_id=20191119164138509910&amount=101.5000&datetime=20191119164308&returncode=00&sign=5FE54A31D44927BF478F7BD35701BA89&attach=
HTTP状态：
返回：查询订单失败查询订单订单状态为未支付ok

【2019-11-19 16:52:15】
订单号：20191119165035985148
通知地址：http://pay1.dr5151.com/apis/pay_gateway/jiufujinzhifu/notice
通知报文：memberid=191209911&orderid=F201911191650329847&transaction_id=20191119165035985148&amount=100.0000&datetime=20191119165215&returncode=00&sign=C4829AEA922B877EC8364B92F8A91724&attach=
HTTP状态：
返回：OK

【2019-11-19 17:08:01】
订单号：20191119170534101484
通知地址：http://e019cdb2webapi.miapp66dom.com/Api/Home/payCallBack/jiufubao
通知报文：memberid=191121442&orderid=11191705323614&transaction_id=20191119170534101484&amount=101.0000&datetime=20191119170759&returncode=00&sign=7EEC10DFFEF48680F2FB527067A3ED3C&attach=
HTTP状态：
返回：查询订单失败查询订单订单状态为未支付ok

【2019-11-19 17:19:18】
订单号：20191119171646101555
通知地址：http://pay1.dr5151.com/apis/pay_gateway/jiufujinzhifu/notice
通知报文：memberid=191209911&orderid=F201911191716403085&transaction_id=20191119171646101555&amount=100.0000&datetime=20191119171917&returncode=00&sign=D07BC51837A0455A6AD4098597E2025C&attach=
HTTP状态：
返回：OK

【2019-11-19 17:20:28】
订单号：20191119171911102504
通知地址：https://payback3.lebopay.net/jfbscpay/scallback.php
通知报文：memberid=191209913&orderid=2019111905190919313188&transaction_id=20191119171911102504&amount=100.0000&datetime=20191119172026&returncode=00&sign=C5E5B6B2B354A0E696B730D5301F60F8&attach=41535-246c170271661e937dcb334f396f36af
HTTP状态：
返回：OK

【2019-11-19 17:20:33】
订单号：20191119171930505050
通知地址：http://pay1.dr5151.com/apis/pay_gateway/jiufujinzhifu/notice
通知报文：memberid=191209911&orderid=F201911191719292411&transaction_id=20191119171930505050&amount=100.0000&datetime=20191119172033&returncode=00&sign=FCFCA625E36F61D8BB5011F1C776C2E8&attach=
HTTP状态：
返回：OK

【2019-11-19 17:20:40】
订单号：20191119171941100995
通知地址：http://e019cdb2webapi.miapp66dom.com/Api/Home/payCallBack/jiufubao
通知报文：memberid=191121442&orderid=11191719408779&transaction_id=20191119171941100995&amount=101.0000&datetime=20191119172038&returncode=00&sign=06F822A299D1CB0056B307204649AE9C&attach=
HTTP状态：
返回：查询订单失败查询订单订单状态为未支付ok

【2019-11-19 17:37:11】
订单号：20191119173608561011
通知地址：http://e019cdb2app.miapp88api.com/Api/Home/payCallBack/jiufubao
通知报文：memberid=191121442&orderid=11191736083456&transaction_id=20191119173608561011&amount=120.0000&datetime=20191119173710&returncode=00&sign=E451D28B1E8FCA67B7606BFA83C3AE80&attach=
HTTP状态：
返回：查询订单失败查询订单订单状态为未支付ok

【2019-11-19 17:40:18】
订单号：20191119165916521015
通知地址：http://pay1.dr5151.com/apis/pay_gateway/jiufujinzhifu/notice
通知报文：memberid=191209911&orderid=F201911191659129983&transaction_id=20191119165916521015&amount=100.0000&datetime=20191119174018&returncode=00&sign=3CF54CCB364FA87F8E14D98B8A5D5BDC&attach=
HTTP状态：
返回：已处理过过的订单

【2019-11-19 17:40:56】
订单号：20191119165916521015
通知地址：http://pay1.dr5151.com/apis/pay_gateway/jiufujinzhifu/notice
通知报文：memberid=191209911&orderid=F201911191659129983&transaction_id=20191119165916521015&amount=100.0000&datetime=20191119174056&returncode=00&sign=429CE24EE2104E2732503845B1660796&attach=
HTTP状态：
返回：已处理过过的订单

【2019-11-19 17:41:00】
订单号：20191119165916521015
通知地址：http://pay1.dr5151.com/apis/pay_gateway/jiufujinzhifu/notice
通知报文：memberid=191209911&orderid=F201911191659129983&transaction_id=20191119165916521015&amount=100.0000&datetime=20191119174100&returncode=00&sign=5AFCEBF19D43CC871DD84E5ED0A1F7B8&attach=
HTTP状态：
返回：已处理过过的订单

【2019-11-19 17:46:02】
订单号：20191119174436525210
通知地址：http://e019cdb2app.miapp88api.com/Api/Home/payCallBack/jiufubao
通知报文：memberid=191121442&orderid=11191744366000&transaction_id=20191119174436525210&amount=300.5000&datetime=20191119174600&returncode=00&sign=1D27F5F1762FEE8F9383FF20F9307A32&attach=
HTTP状态：
返回：查询订单失败查询订单订单状态为未支付ok

【2019-11-19 17:54:11】
订单号：20191119175243989810
通知地址：http://e019cdb2app.miapp88api.com/Api/Home/payCallBack/jiufubao
通知报文：memberid=191121442&orderid=11191752439230&transaction_id=20191119175243989810&amount=144.1000&datetime=20191119175409&returncode=00&sign=2CA087F2535A3BF3F4D783ED1EC547DE&attach=
HTTP状态：
返回：查询订单失败查询订单订单状态为未支付ok

【2019-11-19 17:54:31】
订单号：20191119175028529953
通知地址：http://834raw.top.cxmyjd.com/pay/jsp/jiufubaopay/res.jsp
通知报文：memberid=191156325&orderid=191119055020407402279&transaction_id=20191119175028529953&amount=200.0000&datetime=20191119175431&returncode=00&sign=0E9E79AB0B621DC0F075E57078DD428A&attach=en0678A39625F87F_85196620_113552
HTTP状态：
返回：OK

【2019-11-19 17:57:28】
订单号：20191119175544489850
通知地址：http://834raw.top.cxmyjd.com/pay/jsp/jiufubaopay/res.jsp
通知报文：memberid=191156325&orderid=191119055520907505643&transaction_id=20191119175544489850&amount=100.0000&datetime=20191119175728&returncode=00&sign=2475BBF32365A79AC827172F785523B5&attach=en0617384CC071A4_85214428_113552
HTTP状态：
返回：OK

【2019-11-19 18:07:07】
订单号：20191119180512569851
通知地址：http://pay1.dr5151.com/apis/pay_gateway/jiufujinzhifu/notice
通知报文：memberid=191209911&orderid=F201911191805113583&transaction_id=20191119180512569851&amount=500.0000&datetime=20191119180706&returncode=00&sign=112C9C432C829C99339FF1545727A4B1&attach=
HTTP状态：
返回：OK

【2019-11-19 18:11:05】
订单号：20191119180845100549
通知地址：https://payback3.lebopay.net/jfbscpay/scallback.php
通知报文：memberid=191209913&orderid=2019111906083937129508&transaction_id=20191119180845100549&amount=200.0000&datetime=20191119181103&returncode=00&sign=A6C5538AB21752A4323ED8586EF7C8E9&attach=41535-1033844ca76265eafbabaf513e9b537d
HTTP状态：
返回：OK

【2019-11-19 18:13:28】
订单号：20191119181218505499
通知地址：http://834raw.top.cxmyjd.com/pay/jsp/jiufubaopay/res.jsp
通知报文：memberid=191156325&orderid=191119061220907506379&transaction_id=20191119181218505499&amount=500.0000&datetime=20191119181328&returncode=00&sign=99E4E22AE35AD721DECC449F6025BA55&attach=en0688862BC03B8D_85214805_113552
HTTP状态：
返回：OK

【2019-11-19 18:18:25】
订单号：20191119181708525010
通知地址：http://834raw.top.cxmyjd.com/pay/jsp/jiufubaopay/res.jsp
通知报文：memberid=191156325&orderid=191119061720907506646&transaction_id=20191119181708525010&amount=600.0000&datetime=20191119181824&returncode=00&sign=37FC5322800BBED6D18AE6B9F74395B2&attach=en061B33A1195D29_85214938_113552
HTTP状态：
返回：OK

【2019-11-19 18:19:17】
订单号：20191119181739515452
通知地址：https://payback3.lebopay.net/jfbscpay/scallback.php
通知报文：memberid=191209913&orderid=2019111906173487479508&transaction_id=20191119181739515452&amount=200.0000&datetime=20191119181915&returncode=00&sign=7224D00CACF120306D47A591EE987F4E&attach=41535-0249ad547001ec176df637f328fbf144
HTTP状态：
返回：OK

【2019-11-19 18:22:08】
订单号：20191119182031102525
通知地址：https://payback3.lebopay.net/jfbscpay/scallback.php
通知报文：memberid=191209913&orderid=2019111906202716936172&transaction_id=20191119182031102525&amount=120.0000&datetime=20191119182206&returncode=00&sign=552B07DD64008689BC74754A510B81B8&attach=41536-db10147e47a3d88387780e00cf96bb2b
HTTP状态：
返回：OK

【2019-11-19 18:23:18】
订单号：20191119182128565098
通知地址：http://pay1.dr5151.com/apis/pay_gateway/jiufujinzhifu/notice
通知报文：memberid=191209911&orderid=F201911191821238774&transaction_id=20191119182128565098&amount=100.0000&datetime=20191119182317&returncode=00&sign=E04F8F8823EE21693160D157B7D7FB1B&attach=
HTTP状态：
返回：OK

【2019-11-19 18:26:01】
订单号：20191119181730975552
通知地址：https://payback3.lebopay.net/jfbscpay/scallback.php
通知报文：memberid=191209913&orderid=2019111906172520127429&transaction_id=20191119181730975552&amount=100.0000&datetime=20191119182559&returncode=00&sign=3023EF837B6C2AC39DB6AD4D893880C4&attach=41536-c877c8d31daafa0f385b046e736ae761
HTTP状态：
返回：OK

【2019-11-19 18:26:35】
订单号：20191119182452521015
通知地址：http://pay.1youbox.com/onlinepay/jiufubaov2/notify.do
通知报文：memberid=191209910&orderid=2019111918245102164&transaction_id=20191119182452521015&amount=200.0000&datetime=20191119182635&returncode=00&sign=31DEB1E646B3731E7C27C2BC46D2B1E2&attach=
HTTP状态：
返回：OK

【2019-11-19 18:30:56】
订单号：20191119182828995010
通知地址：http://e019cdb2webapi.miapp66dom.com/Api/Home/payCallBack/jiufubao
通知报文：memberid=191121442&orderid=11191828241257&transaction_id=20191119182828995010&amount=300.0000&datetime=20191119183054&returncode=00&sign=4EF451AE168663E8F490EA1BE6B5C4C6&attach=
HTTP状态：
返回：查询订单失败查询订单订单状态为未支付ok

【2019-11-19 18:31:17】
订单号：20191119182945575510
通知地址：http://e019cdb2app.miapp88api.com/Api/Home/payCallBack/jiufubao
通知报文：memberid=191121442&orderid=11191829454446&transaction_id=20191119182945575510&amount=101.0000&datetime=20191119183116&returncode=00&sign=523453AD387BE54AD939915AD87AB874&attach=
HTTP状态：
返回：查询订单失败查询订单订单状态为未支付ok

【2019-11-19 18:32:20】
订单号：20191119182957534857
通知地址：https://payback3.lebopay.net/jfbscpay/scallback.php
通知报文：memberid=191209913&orderid=2019111906295239559508&transaction_id=20191119182957534857&amount=100.0000&datetime=20191119183217&returncode=00&sign=5257D8DCA356C1E3ED482C33C87F25BD&attach=41535-893fca091b8ff62fdb172320fd257203
HTTP状态：
返回：OK

【2019-11-19 18:32:41】
订单号：20191119183045535154
通知地址：http://834raw.top.cxmyjd.com/pay/jsp/jiufubaopay/res.jsp
通知报文：memberid=191156325&orderid=191119063020407404299&transaction_id=20191119183045535154&amount=100.0000&datetime=20191119183240&returncode=00&sign=A950214BBF035796AF279D062AB99DF3&attach=en06643D93CCBB8F_85242606_113552
HTTP状态：
返回：OK

【2019-11-19 18:33:04】
订单号：20191119183031555356
通知地址：https://payback3.lebopay.net/jfbscpay/scallback.php
通知报文：memberid=191209913&orderid=2019111906302845329926&transaction_id=20191119183031555356&amount=1000.0000&datetime=20191119183301&returncode=00&sign=A64A96E43C719B5DE40DC1621DDDBB0F&attach=41535-0e838b431fb243327b08b0abee7c2be5
HTTP状态：
返回：OK

【2019-11-19 18:34:23】
订单号：20191119183216484955
通知地址：http://e019cdb2webapi.miapp66dom.com/Api/Home/payCallBack/jiufubao
通知报文：memberid=191121442&orderid=11191832131204&transaction_id=20191119183216484955&amount=200.0000&datetime=20191119183420&returncode=00&sign=81935B369FCE644AD1C0B215FDB66217&attach=
HTTP状态：
返回：查询订单失败查询订单订单状态为未支付ok

【2019-11-19 18:37:40】
订单号：20191119183559102559
通知地址：http://e019cdb2webapi.miapp66dom.com/Api/Home/payCallBack/jiufubao
通知报文：memberid=191121442&orderid=11191835578325&transaction_id=20191119183559102559&amount=200.0000&datetime=20191119183739&returncode=00&sign=504CB2E72204E904A8AC35D34FA84D38&attach=
HTTP状态：
返回：查询订单失败查询订单订单状态为未支付ok

【2019-11-19 18:44:59】
订单号：20191119183540995010
通知地址：https://payback3.lebopay.net/jfbscpay/scallback.php
通知报文：memberid=191209913&orderid=2019111906353650912827&transaction_id=20191119183540995010&amount=100.0000&datetime=20191119184457&returncode=00&sign=0CED567F8557208B25A29592D82E50C4&attach=41536-eeb3203de50471b6ebb149121e643076
HTTP状态：
返回：OK

【2019-11-19 18:48:26】
订单号：20191119184735555151
通知地址：http://pay1.dr5151.com/apis/pay_gateway/jiufujinzhifu/notice
通知报文：memberid=191209911&orderid=F201911191847232957&transaction_id=20191119184735555151&amount=200.1100&datetime=20191119184826&returncode=00&sign=5B85FB2C3B093C715B9B345AC21C9DCE&attach=
HTTP状态：
返回：OK

【2019-11-19 18:49:18】
订单号：20191119184721575048
通知地址：https://payback3.lebopay.net/jfbscpay/scallback.php
通知报文：memberid=191209913&orderid=2019111906471603769508&transaction_id=20191119184721575048&amount=100.0000&datetime=20191119184916&returncode=00&sign=5F9B0258E834B4FB4FE3EEDF99010E65&attach=41535-60638925291ebe64fb90e3eae0cda164
HTTP状态：
返回：OK

【2019-11-19 18:52:03】
订单号：20191119184636995457
通知地址：http://pay.ffc585.com/JiuFuBaoZhiFuReturn/Index
通知报文：memberid=191205418&orderid=RK480876004172595268&transaction_id=20191119184636995457&amount=500.0000&datetime=20191119185202&returncode=00&sign=0E77FDC6AECEE7FDA6820875A80A1D2F&attach=
HTTP状态：
返回：OK

【2019-11-19 18:52:07】
订单号：20191119185020995050
通知地址：http://pay.ffc585.com/JiuFuBaoZhiFuReturn/Index
通知报文：memberid=191205418&orderid=RK480760846835232436&transaction_id=20191119185020995050&amount=500.0000&datetime=20191119185207&returncode=00&sign=A68CC3EE5D9DCEA8A40ED59A79EE6772&attach=
HTTP状态：
返回：OK

【2019-11-19 19:00:28】
订单号：20191119185808485710
通知地址：http://e019cdb2app.miapp88api.com/Api/Home/payCallBack/jiufubao
通知报文：memberid=191121442&orderid=11191858078583&transaction_id=20191119185808485710&amount=101.1000&datetime=20191119190027&returncode=00&sign=4CE9A200F45164ED83BF46DD7EEC7A07&attach=
HTTP状态：
返回：查询订单失败查询订单订单状态为未支付ok

【2019-11-19 19:05:55】
订单号：20191119190413100101
通知地址：http://e019cdb2app.miapp88api.com/Api/Home/payCallBack/jiufubao
通知报文：memberid=191121442&orderid=11191904139612&transaction_id=20191119190413100101&amount=101.0000&datetime=20191119190552&returncode=00&sign=8CCD01D8DC99F0198E501DDDD3F26F8A&attach=
HTTP状态：
返回：查询订单失败查询订单订单状态为未支付ok

【2019-11-19 19:06:02】
订单号：20191119190413100101
通知地址：http://e019cdb2app.miapp88api.com/Api/Home/payCallBack/jiufubao
通知报文：memberid=191121442&orderid=11191904139612&transaction_id=20191119190413100101&amount=101.0000&datetime=20191119190602&returncode=00&sign=3C9DC1389CA342FC20DDE60DE9E1322B&attach=
HTTP状态：
返回：查询订单失败查询订单订单状态为未支付ok

【2019-11-19 19:07:30】
订单号：20191119190443985648
通知地址：http://pay.ffc585.com/JiuFuBaoZhiFuReturn/Index
通知报文：memberid=191205418&orderid=RK480478108102790303&transaction_id=20191119190443985648&amount=400.0000&datetime=20191119190729&returncode=00&sign=C9ACB1D46EC0139EC71D9B4FB37AE258&attach=
HTTP状态：
返回：OK

【2019-11-19 19:07:39】
订单号：20191119190443985648
通知地址：http://pay.ffc585.com/JiuFuBaoZhiFuReturn/Index
通知报文：memberid=191205418&orderid=RK480478108102790303&transaction_id=20191119190443985648&amount=400.0000&datetime=20191119190738&returncode=00&sign=6760060F6CA92A991B6238C77DDA9957&attach=
HTTP状态：
返回：OK

【2019-11-19 19:08:50】
订单号：20191119190629535610
通知地址：http://pay1.dr5151.com/apis/pay_gateway/jiufujinzhifu/notice
通知报文：memberid=191209911&orderid=F201911191906092975&transaction_id=20191119190629535610&amount=100.0000&datetime=20191119190850&returncode=00&sign=8A3CB21E682A099CDD5FB6620BE62A49&attach=
HTTP状态：
返回：OK

【2019-11-19 19:12:29】
订单号：20191119191025499857
通知地址：http://e019cdb2app.miapp88api.com/Api/Home/payCallBack/jiufubao
通知报文：memberid=191121442&orderid=11191910252687&transaction_id=20191119191025499857&amount=101.0000&datetime=20191119191226&returncode=00&sign=1937DA9F283A617FFD4EEEB84433539F&attach=
HTTP状态：
返回：查询订单失败查询订单订单状态为未支付ok

【2019-11-19 19:15:08】
订单号：20191119191352485253
通知地址：http://pay.1youbox.com/onlinepay/jiufubaov2/notify.do
通知报文：memberid=191209910&orderid=2019111919135102344&transaction_id=20191119191352485253&amount=100.0000&datetime=20191119191508&returncode=00&sign=BDC71170A8CCA03EC8800620B6817BC3&attach=
HTTP状态：
返回：OK

【2019-11-19 19:19:08】
订单号：20191119191711559710
通知地址：https://payback3.lebopay.net/jfbscpay/scallback.php
通知报文：memberid=191209913&orderid=2019111907170486224601&transaction_id=20191119191711559710&amount=200.0000&datetime=20191119191905&returncode=00&sign=4BFBFC7E5B80FA2553F2EEE65766FC0E&attach=41535-413438354c8745b873f93ab2ada3de16
HTTP状态：
返回：OK

【2019-11-19 19:21:00】
订单号：20191119191706505010
通知地址：http://pay.1youbox.com/onlinepay/jiufubaov2/notify.do
通知报文：memberid=191209910&orderid=2019111919170402351&transaction_id=20191119191706505010&amount=100.0000&datetime=20191119192100&returncode=00&sign=306F89010A3F33F2634989438BF6AFE7&attach=
HTTP状态：
返回：OK

【2019-11-19 19:21:29】
订单号：20191119191856485356
通知地址：http://e019cdb2app.miapp88api.com/Api/Home/payCallBack/jiufubao
通知报文：memberid=191121442&orderid=11191918557668&transaction_id=20191119191856485356&amount=101.0000&datetime=20191119192127&returncode=00&sign=379F806E7BDD27D7540EE07321066E05&attach=
HTTP状态：
返回：查询订单失败查询订单订单状态为未支付ok

【2019-11-19 19:21:56】
订单号：20191119192043989855
通知地址：https://payback3.lebopay.net/jfbscpay/scallback.php
通知报文：memberid=191209913&orderid=2019111907203989061565&transaction_id=20191119192043989855&amount=1000.0000&datetime=20191119192154&returncode=00&sign=D7541AF4A20F032FF1B6349426AAC624&attach=41536-482eac2db7647fb33958edac2af1a44d
HTTP状态：
返回：OK

【2019-11-19 19:25:59】
订单号：20191119192448485199
通知地址：https://payback3.lebopay.net/jfbscpay/scallback.php
通知报文：memberid=191209913&orderid=2019111907244626841565&transaction_id=20191119192448485199&amount=500.0000&datetime=20191119192557&returncode=00&sign=5759721C6E78A26BA26F8E4AC8B09331&attach=41536-fa4af141a85fa4ffd95916ec6637bbb0
HTTP状态：
返回：OK

【2019-11-19 19:34:17】
订单号：20191119193241574853
通知地址：http://pay1.dr5151.com/apis/pay_gateway/jiufujinzhifu/notice
通知报文：memberid=191209911&orderid=F201911191934579871&transaction_id=20191119193241574853&amount=100.0000&datetime=20191119193417&returncode=00&sign=05CDD5890AE00537CDD44777212461AF&attach=
HTTP状态：
返回：OK

【2019-11-19 19:35:42】
订单号：20191119193433571015
通知地址：http://e019cdb2app.miapp88api.com/Api/Home/payCallBack/jiufubao
通知报文：memberid=191121442&orderid=11191936507504&transaction_id=20191119193433571015&amount=200.0100&datetime=20191119193541&returncode=00&sign=EE5AF0DD19D624610E5E45610CADDAEA&attach=
HTTP状态：
返回：查询订单失败查询订单订单状态为未支付ok

【2019-11-19 19:37:28】
订单号：20191119193400569810
通知地址：http://pay.1youbox.com/onlinepay/jiufubaov2/notify.do
通知报文：memberid=191209910&orderid=2019111919361302434&transaction_id=20191119193400569810&amount=150.0000&datetime=20191119193727&returncode=00&sign=46C41FD9556F060444B4395938C5B034&attach=
HTTP状态：
返回：OK

【2019-11-19 19:40:07】
订单号：20191119190651981005
通知地址：http://834raw.top.cxmyjd.com/pay/jsp/jiufubaopay/res.jsp
通知报文：memberid=191156325&orderid=191119070620907509194&transaction_id=20191119190651981005&amount=100.0000&datetime=20191119194006&returncode=00&sign=84EC4C99B6EA837A093936D4EAEA563D&attach=en067724CAD8FDAB_85216350_113552
HTTP状态：
返回：OK

【2019-11-19 19:41:48】
订单号：20191119193953574850
通知地址：http://834raw.top.cxmyjd.com/pay/jsp/jiufubaopay/res.jsp
通知报文：memberid=191156325&orderid=191119074220407408087&transaction_id=20191119193953574850&amount=100.0000&datetime=20191119194148&returncode=00&sign=CE820DCB208D0908769AF78FF7878C0C&attach=en068A43F2CB47E1_85244833_113552
HTTP状态：
返回：OK

【2019-11-19 19:42:02】
订单号：20191119193937575550
通知地址：http://e019cdb2app.miapp88api.com/Api/Home/payCallBack/jiufubao
通知报文：memberid=191121442&orderid=11191941535370&transaction_id=20191119193937575550&amount=101.0000&datetime=20191119194200&returncode=00&sign=CDD5418D7E4825D755E1BE7B69A79DE2&attach=
HTTP状态：
返回：查询订单失败查询订单订单状态为未支付ok

【2019-11-19 19:47:56】
订单号：20191119194529575556
通知地址：http://150.109.59.33/tools/notify-1bcf_821736_b9b1_2887288_74ae
通知报文：memberid=191189793&orderid=WX191119194743840311&transaction_id=20191119194529575556&amount=500.1100&datetime=20191119194755&returncode=00&sign=4430D4F51E4CF3E07A925E21D3C08BE9&attach=
HTTP状态：
返回：ok

【2019-11-19 19:48:29】
订单号：20191119194656481005
通知地址：http://e019cdb2app.miapp88api.com/Api/Home/payCallBack/jiufubao
通知报文：memberid=191121442&orderid=11191949126372&transaction_id=20191119194656481005&amount=200.0000&datetime=20191119194827&returncode=00&sign=AD734E9A809A06B253324B5E02908C03&attach=
HTTP状态：
返回：查询订单失败查询订单订单状态为未支付ok

【2019-11-19 19:56:34】
订单号：20191119195354505210
通知地址：http://e019cdb2app.miapp88api.com/Api/Home/payCallBack/jiufubao
通知报文：memberid=191121442&orderid=11191956115708&transaction_id=20191119195354505210&amount=200.0000&datetime=20191119195631&returncode=00&sign=488FB2F78E19363C23456A496928CAAC&attach=
HTTP状态：
返回：查询订单失败查询订单订单状态为未支付ok

【2019-11-19 19:56:43】
订单号：20191119195354505210
通知地址：http://e019cdb2app.miapp88api.com/Api/Home/payCallBack/jiufubao
通知报文：memberid=191121442&orderid=11191956115708&transaction_id=20191119195354505210&amount=200.0000&datetime=20191119195641&returncode=00&sign=8EBF158A672857531BF52A856C121930&attach=
HTTP状态：
返回：查询订单失败查询订单订单状态为未支付ok

【2019-11-19 19:57:03】
订单号：20191119195551554810
通知地址：http://pay.1youbox.com/onlinepay/jiufubaov2/notify.do
通知报文：memberid=191209910&orderid=2019111919580602529&transaction_id=20191119195551554810&amount=100.0000&datetime=20191119195703&returncode=00&sign=D213CD00CDF5E84AD59F0C368FBB95CF&attach=
HTTP状态：
返回：OK

【2019-11-19 20:02:50】
订单号：20191119193916525298
通知地址：http://834raw.top.cxmyjd.com/pay/jsp/jiufubaopay/res.jsp
通知报文：memberid=191156325&orderid=191119074120407408058&transaction_id=20191119193916525298&amount=100.0000&datetime=20191119200249&returncode=00&sign=0F0D5D53076427C1CD1ECACC3CFDEF9E&attach=en065E4517439504_85244816_113552
HTTP状态：
返回：OK

【2019-11-19 20:07:50】
订单号：20191119200551102101
通知地址：http://pay.1youbox.com/onlinepay/jiufubaov2/notify.do
通知报文：memberid=191209910&orderid=2019111920080602578&transaction_id=20191119200551102101&amount=100.0000&datetime=20191119200749&returncode=00&sign=34BC30C7E41B37DBD11071D10D274A32&attach=
HTTP状态：
返回：OK

【2019-11-19 20:07:58】
订单号：20191119200622101531
通知地址：http://834raw.top.cxmyjd.com/pay/jsp/jiufubaopay/res.jsp
通知报文：memberid=191156325&orderid=191119080820407409665&transaction_id=20191119200622101531&amount=500.0000&datetime=20191119200756&returncode=00&sign=8350972E3DC7ED08499367A021A2C822&attach=en064FDA71F2096D_85245653_113552
HTTP状态：
返回：OK

【2019-11-19 20:11:27】
订单号：20191119201107985399
通知地址：https://www.jiufupay.cn/Pay_Charges_notify.html
通知报文：memberid=191156325&orderid=C20191119201107903620&transaction_id=20191119201107985399&amount=500.0000&datetime=20191119201127&returncode=00&sign=FC3583DCBB1B1CA2444E1DC83C6C1E4E&attach=
HTTP状态：
返回：OK

【2019-11-19 20:11:30】
订单号：20191119201107985399
通知地址：https://www.jiufupay.cn/Pay_Charges_notify.html
通知报文：memberid=191156325&orderid=C20191119201107903620&transaction_id=20191119201107985399&amount=500.0000&datetime=20191119201130&returncode=00&sign=10B90701F54158EE02280ED335D3D675&attach=
HTTP状态：
返回：OK

【2019-11-19 20:11:32】
订单号：20191119201107985399
通知地址：https://www.jiufupay.cn/Pay_Charges_notify.html
通知报文：memberid=191156325&orderid=C20191119201107903620&transaction_id=20191119201107985399&amount=500.0000&datetime=20191119201132&returncode=00&sign=61EE9E562345FECF4063F30B6C4D0646&attach=
HTTP状态：
返回：OK

【2019-11-19 20:11:38】
订单号：20191119201014541001
通知地址：http://pay1.dr5151.com/apis/pay_gateway/jiufujinzhifu/notice
通知报文：memberid=191209911&orderid=F201911192012294316&transaction_id=20191119201014541001&amount=600.0000&datetime=20191119201137&returncode=00&sign=66CD0125151EB9612BC3B479F13D3A26&attach=
HTTP状态：
返回：OK

【2019-11-19 20:12:02】
订单号：20191119201016561019
通知地址：http://pay.ffc585.com/JiuFuBaoZhiFuReturn/Index
通知报文：memberid=191205418&orderid=RK480539757571847913&transaction_id=20191119201016561019&amount=300.0000&datetime=20191119201202&returncode=00&sign=F75DB6F87506594C687AA58346B015C1&attach=
HTTP状态：
返回：OK

【2019-11-19 20:17:00】
订单号：20191119201519551025
通知地址：http://834raw.top.cxmyjd.com/pay/jsp/jiufubaopay/res.jsp
通知报文：memberid=191156325&orderid=191119081720907513355&transaction_id=20191119201519551025&amount=200.0000&datetime=20191119201659&returncode=00&sign=CCA9E94BF53149E7074B6406F0ACE921&attach=en0610C6F60826C9_85278548_113552
HTTP状态：
返回：OK

【2019-11-19 20:20:30】
订单号：20191119201839102494
通知地址：http://e019cdb2app.miapp88api.com/Api/Home/payCallBack/jiufubao
通知报文：memberid=191121442&orderid=11192020557060&transaction_id=20191119201839102494&amount=101.0000&datetime=20191119202029&returncode=00&sign=449485ED0CF7C4D550735F35971F8962&attach=
HTTP状态：
返回：查询订单失败查询订单订单状态为未支付ok

【2019-11-19 20:22:01】
订单号：20191119202051515798
通知地址：http://e019cdb2app.miapp88api.com/Api/Home/payCallBack/jiufubao
通知报文：memberid=191121442&orderid=11192023086193&transaction_id=20191119202051515798&amount=200.0000&datetime=20191119202159&returncode=00&sign=08DC8EC153075F2641FBD2F2F5C37292&attach=
HTTP状态：
返回：查询订单失败查询订单订单状态为未支付ok

【2019-11-19 20:22:24】
订单号：20191119201951555755
通知地址：http://pay1.dr5151.com/apis/pay_gateway/jiufujinzhifu/notice
通知报文：memberid=191209911&orderid=F201911192022036057&transaction_id=20191119201951555755&amount=100.0000&datetime=20191119202224&returncode=00&sign=8990B0776B13F18BC903D6E9B948B742&attach=
HTTP状态：
返回：OK

【2019-11-19 20:25:31】
订单号：20191119202359102101
通知地址：http://e019cdb2app.miapp88api.com/Api/Home/payCallBack/jiufubao
通知报文：memberid=191121442&orderid=11192026168929&transaction_id=20191119202359102101&amount=110.0000&datetime=20191119202530&returncode=00&sign=D1F0D779B6AE78B6CEC56209B62F96CB&attach=
HTTP状态：
返回：查询订单失败查询订单订单状态为未支付ok

【2019-11-19 20:25:58】
订单号：20191119201727554999
通知地址：http://150.109.59.33/tools/notify-1bcf_821736_b9b1_2887411_74ca
通知报文：memberid=191189793&orderid=WX191119201943812441&transaction_id=20191119201727554999&amount=500.1100&datetime=20191119202558&returncode=00&sign=0EC3BA51135D22B830B9A73884224398&attach=
HTTP状态：
返回：ok

【2019-11-19 20:26:34】
订单号：20191119202458975051
通知地址：http://150.109.59.33/tools/notify-1bcf_77bd97_b9b1_288a21d_74d2
通知报文：memberid=191189793&orderid=WX191119202714353321&transaction_id=20191119202458975051&amount=200.1100&datetime=20191119202634&returncode=00&sign=30F58D58719AAEF83C61E91F7AC3D62F&attach=
HTTP状态：
返回：ok

【2019-11-19 20:29:25】
订单号：20191119202542544855
通知地址：http://pay1.dr5151.com/apis/pay_gateway/jiufujinzhifu/notice
通知报文：memberid=191209911&orderid=F201911192027578550&transaction_id=20191119202542544855&amount=500.0000&datetime=20191119202925&returncode=00&sign=A8CCFAE5A8607A2A7E25E32C6185824C&attach=
HTTP状态：
返回：OK

【2019-11-19 20:30:40】
订单号：20191119202824569850
通知地址：http://e019cdb2app.miapp88api.com/Api/Home/payCallBack/jiufubao
通知报文：memberid=191121442&orderid=11192030412805&transaction_id=20191119202824569850&amount=200.0000&datetime=20191119203038&returncode=00&sign=3737E06587DA826C3EADD8CF10F6EFCA&attach=
HTTP状态：
返回：查询订单失败查询订单订单状态为未支付ok

【2019-11-19 20:35:08】
订单号：20191119203333100515
通知地址：http://e019cdb2app.miapp88api.com/Api/Home/payCallBack/jiufubao
通知报文：memberid=191121442&orderid=11192035508281&transaction_id=20191119203333100515&amount=200.0000&datetime=20191119203507&returncode=00&sign=4DE21820D8435CDF99E08F8B3C7FCA91&attach=
HTTP状态：
返回：查询订单失败查询订单订单状态为未支付ok

【2019-11-19 20:36:05】
订单号：20191119203240561011
通知地址：http://e019cdb2app.miapp88api.com/Api/Home/payCallBack/jiufubao
通知报文：memberid=191121442&orderid=11192034587011&transaction_id=20191119203240561011&amount=101.0000&datetime=20191119203602&returncode=00&sign=AE9925416A99FF5F8E15457F22962546&attach=
HTTP状态：
返回：查询订单失败查询订单订单状态为未支付ok

【2019-11-19 20:36:13】
订单号：20191119203240561011
通知地址：http://e019cdb2app.miapp88api.com/Api/Home/payCallBack/jiufubao
通知报文：memberid=191121442&orderid=11192034587011&transaction_id=20191119203240561011&amount=101.0000&datetime=20191119203612&returncode=00&sign=1A178D9B532BE1E3852CB3565262DE75&attach=
HTTP状态：
返回：查询订单失败查询订单订单状态为未支付ok

【2019-11-19 20:40:23】
订单号：20191119203614101100
通知地址：http://150.109.59.33/tools/notify-1bcf_821736_b9b1_288753c_74de
通知报文：memberid=191189793&orderid=WX191119203828227510&transaction_id=20191119203614101100&amount=1000.1100&datetime=20191119204023&returncode=00&sign=7C1D8E0849F2FC793C2B25635F7CFD85&attach=
HTTP状态：
返回：ok

【2019-11-19 20:46:15】
订单号：20191119204227515452
通知地址：http://pay1.dr5151.com/apis/pay_gateway/jiufujinzhifu/notice
通知报文：memberid=191209911&orderid=F201911192044436686&transaction_id=20191119204227515452&amount=300.0000&datetime=20191119204613&returncode=00&sign=04E20643FB530A2FB58C0F0FD778BDFD&attach=
HTTP状态：
返回：OK

【2019-11-19 20:46:22】
订单号：20191119204506504956
通知地址：http://e019cdb2app.miapp88api.com/Api/Home/payCallBack/jiufubao
通知报文：memberid=191121442&orderid=11192047225238&transaction_id=20191119204506504956&amount=300.0000&datetime=20191119204620&returncode=00&sign=616038AFB034208AE177C9B35FE8E2C3&attach=
HTTP状态：
返回：查询订单失败查询订单订单状态为未支付ok

【2019-11-19 20:47:25】
订单号：20191119204602975648
通知地址：http://pay1.dr5151.com/apis/pay_gateway/jiufujinzhifu/notice
通知报文：memberid=191209911&orderid=F201911192048092827&transaction_id=20191119204602975648&amount=1000.0000&datetime=20191119204725&returncode=00&sign=905A836D852368A05161BC1E14898D1A&attach=
HTTP状态：
返回：OK

【2019-11-19 20:48:37】
订单号：20191119204701539757
通知地址：http://e019cdb2webapi.miapp66dom.com/Api/Home/payCallBack/jiufubao
通知报文：memberid=191121442&orderid=11192049163931&transaction_id=20191119204701539757&amount=101.0000&datetime=20191119204835&returncode=00&sign=B8F87D718F0D046AF8B457279427782A&attach=
HTTP状态：
返回：查询订单失败查询订单订单状态为未支付ok

【2019-11-19 20:49:56】
订单号：20191119204835515053
通知地址：http://pay.1youbox.com/onlinepay/jiufubaov2/notify.do
通知报文：memberid=191209910&orderid=2019111920504702858&transaction_id=20191119204835515053&amount=100.0000&datetime=20191119204956&returncode=00&sign=6BB285A52D249013BB4ABB988E585FB3&attach=
HTTP状态：
返回：OK

【2019-11-19 20:51:19】
订单号：20191119204848489855
通知地址：http://834raw.top.cxmyjd.com/pay/jsp/jiufubaopay/res.jsp
通知报文：memberid=191156325&orderid=191119085120407412179&transaction_id=20191119204848489855&amount=100.0000&datetime=20191119205118&returncode=00&sign=A595727BBCD17A2D22DB6DF04B6FE84E&attach=en0603885BB11DCE_85246852_113552
HTTP状态：
返回：OK

【2019-11-19 20:52:22】
订单号：20191119204800481015
通知地址：http://pay1.dr5151.com/apis/pay_gateway/jiufujinzhifu/notice
通知报文：memberid=191209911&orderid=F201911192050146194&transaction_id=20191119204800481015&amount=100.0000&datetime=20191119205222&returncode=00&sign=2B30BB5A47F36DCA0A168502227DB65A&attach=
HTTP状态：
返回：OK

【2019-11-19 20:58:18】
订单号：20191119205706504998
通知地址：http://e019cdb2app.miapp88api.com/Api/Home/payCallBack/jiufubao
通知报文：memberid=191121442&orderid=11192059222668&transaction_id=20191119205706504998&amount=300.0000&datetime=20191119205817&returncode=00&sign=C18F6C3DC51819339133A0CB5D3B08B3&attach=
HTTP状态：
返回：查询订单失败查询订单订单状态为未支付ok

【2019-11-19 20:59:30】
订单号：20191119205747985698
通知地址：http://e019cdb2app.miapp88api.com/Api/Home/payCallBack/jiufubao
通知报文：memberid=191121442&orderid=11192100041681&transaction_id=20191119205747985698&amount=701.0000&datetime=20191119205927&returncode=00&sign=74C8F353C5503EDD7AC399CF7A5378E3&attach=
HTTP状态：
返回：查询订单失败查询订单订单状态为未支付ok

【2019-11-19 21:00:34】
订单号：20191119205857491015
通知地址：http://pay.ffc585.com/JiuFuBaoZhiFuReturn/Index
通知报文：memberid=191205418&orderid=RK480214896576194159&transaction_id=20191119205857491015&amount=500.0000&datetime=20191119210033&returncode=00&sign=33AC482100628EC283E4DDF679F52425&attach=
HTTP状态：
返回：OK

【2019-11-19 21:04:19】
订单号：20191119210309100505
通知地址：https://payback3.lebopay.net/jfbscpay/scallback.php
通知报文：memberid=191209913&orderid=2019111909052327051565&transaction_id=20191119210309100505&amount=500.0000&datetime=20191119210417&returncode=00&sign=F70F0D4F16FE887806C76978762FD4FB&attach=41536-eb4a76609f79afee9bdb72780ff8c80c
HTTP状态：
返回：OK

【2019-11-19 21:04:20】
订单号：20191119210309100505
通知地址：https://payback3.lebopay.net/jfbscpay/scallback.php
通知报文：memberid=191209913&orderid=2019111909052327051565&transaction_id=20191119210309100505&amount=500.0000&datetime=20191119210420&returncode=00&sign=C76086BC40A0626A65A732E704F4EF3E&attach=41536-eb4a76609f79afee9bdb72780ff8c80c
HTTP状态：
返回：OK

【2019-11-19 21:04:21】
订单号：20191119210309100505
通知地址：https://payback3.lebopay.net/jfbscpay/scallback.php
通知报文：memberid=191209913&orderid=2019111909052327051565&transaction_id=20191119210309100505&amount=500.0000&datetime=20191119210421&returncode=00&sign=66253177FD7C8A3E6931F25B8FE3C0C0&attach=41536-eb4a76609f79afee9bdb72780ff8c80c
HTTP状态：
返回：OK

【2019-11-19 21:04:23】
订单号：20191119210309100505
通知地址：https://payback3.lebopay.net/jfbscpay/scallback.php
通知报文：memberid=191209913&orderid=2019111909052327051565&transaction_id=20191119210309100505&amount=500.0000&datetime=20191119210423&returncode=00&sign=E29D368E765DDB1AF40B7A490658F8D5&attach=41536-eb4a76609f79afee9bdb72780ff8c80c
HTTP状态：
返回：OK

【2019-11-19 21:04:46】
订单号：20191119210338975650
通知地址：http://e019cdb2app.miapp88api.com/Api/Home/payCallBack/jiufubao
通知报文：memberid=191121442&orderid=11192105556596&transaction_id=20191119210338975650&amount=200.0000&datetime=20191119210444&returncode=00&sign=A9D386AA3DED7E214BF1FD0232255F49&attach=
HTTP状态：
返回：查询订单失败查询订单订单状态为未支付ok

【2019-11-19 21:15:33】
订单号：20191119211349100555
通知地址：http://pay1.dr5151.com/apis/pay_gateway/jiufujinzhifu/notice
通知报文：memberid=191209911&orderid=F201911192116006160&transaction_id=20191119211349100555&amount=150.0000&datetime=20191119211533&returncode=00&sign=C65DA5F9F01F68679059740004E06907&attach=
HTTP状态：
返回：OK

【2019-11-19 21:15:47】
订单号：20191119211231102995
通知地址：http://150.109.59.33/tools/notify-1bcf_761d17_b9b1_28864dd_74fc
通知报文：memberid=191189793&orderid=WX191119211446972709&transaction_id=20191119211231102995&amount=200.1100&datetime=20191119211547&returncode=00&sign=0427C4F5579C0E75E060AED550C4165D&attach=
HTTP状态：
返回：ok

【2019-11-19 21:16:38】
订单号：20191119211031554857
通知地址：http://pay.ffc585.com/JiuFuBaoZhiFuReturn/Index
通知报文：memberid=191205418&orderid=RK480689976570023881&transaction_id=20191119211031554857&amount=800.0000&datetime=20191119211637&returncode=00&sign=5618A383A678A00090D3D331D3ED3B3F&attach=
HTTP状态：
返回：OK

【2019-11-19 21:18:21】
订单号：20191119211617499751
通知地址：http://pay1.dr5151.com/apis/pay_gateway/jiufujinzhifu/notice
通知报文：memberid=191209911&orderid=F201911192118298919&transaction_id=20191119211617499751&amount=200.0000&datetime=20191119211821&returncode=00&sign=70126449CAE474F2F1449A3B251B46DB&attach=
HTTP状态：
返回：OK

【2019-11-19 22:02:53】
订单号：20191119215920561019
通知地址：https://payback3.lebopay.net/jfbscpay/scallback.php
通知报文：memberid=191209913&orderid=2019111909592039781730&transaction_id=20191119215920561019&amount=2200.0000&datetime=20191119220250&returncode=00&sign=A4DBF2B6F8DF0F68B5B8F04C4C2057ED&attach=41536-3d180cbcc31f10027fcb720d9490a4f5
HTTP状态：
返回：OK

【2019-11-19 22:06:30】
订单号：20191119220421535110
通知地址：http://pay1.dr5151.com/apis/pay_gateway/jiufujinzhifu/notice
通知报文：memberid=191209911&orderid=F201911192204153867&transaction_id=20191119220421535110&amount=500.0000&datetime=20191119220629&returncode=00&sign=F0073940AD0507AD04FB3630071C91FA&attach=
HTTP状态：
返回：OK

【2019-11-19 22:11:14】
订单号：20191119220930975257
通知地址：http://pay1.dr5151.com/apis/pay_gateway/jiufujinzhifu/notice
通知报文：memberid=191209911&orderid=F201911192209278607&transaction_id=20191119220930975257&amount=500.0000&datetime=20191119221114&returncode=00&sign=53A17E4449723DD9DE3123BCFFA9975B&attach=
HTTP状态：
返回：OK

【2019-11-19 22:11:37】
订单号：20191119221023102541
通知地址：https://payback3.lebopay.net/jfbscpay/scallback.php
通知报文：memberid=191209913&orderid=2019111910102039151565&transaction_id=20191119221023102541&amount=500.0000&datetime=20191119221135&returncode=00&sign=D7E69CE5148C7DD8FB51C5127DF3CAA2&attach=41536-9c199887924138d8838cc8dd3a5d6200
HTTP状态：
返回：OK

【2019-11-19 22:16:04】
订单号：20191119221434971024
通知地址：http://pay1.dr5151.com/apis/pay_gateway/jiufujinzhifu/notice
通知报文：memberid=191209911&orderid=F201911192214288160&transaction_id=20191119221434971024&amount=101.0000&datetime=20191119221602&returncode=00&sign=C988B3F46EFCB461326118EA2E2391DE&attach=
HTTP状态：
返回：OK

【2019-11-19 22:20:16】
订单号：20191119221850975710
通知地址：http://150.109.59.33/tools/notify-1bcf_821736_b9b1_2887977_7523
通知报文：memberid=191189793&orderid=WX191119221847204407&transaction_id=20191119221850975710&amount=500.1100&datetime=20191119222016&returncode=00&sign=285EE16E179A367D31276E98249F4BA9&attach=
HTTP状态：
返回：ok

【2019-11-19 22:20:58】
订单号：20191119221926101545
通知地址：https://payback3.lebopay.net/jfbscpay/scallback.php
通知报文：memberid=191209913&orderid=2019111910192051889508&transaction_id=20191119221926101545&amount=200.0000&datetime=20191119222056&returncode=00&sign=E0C3A7EA7515B1AF8F09A81E80CB5A7B&attach=41535-1f06e1a34f13467ce05e4687c5dd8bef
HTTP状态：
返回：OK

【2019-11-19 22:23:41】
订单号：20191119222227515610
通知地址：http://pay.ffc585.com/JiuFuBaoZhiFuReturn/Index
通知报文：memberid=191205418&orderid=RK480583236124740979&transaction_id=20191119222227515610&amount=200.0000&datetime=20191119222338&returncode=00&sign=1CFC2CDC5A3B845278A6C3AF1F9D5D8D&attach=
HTTP状态：
返回：OK

【2019-11-19 22:23:51】
订单号：20191119222227515610
通知地址：http://pay.ffc585.com/JiuFuBaoZhiFuReturn/Index
通知报文：memberid=191205418&orderid=RK480583236124740979&transaction_id=20191119222227515610&amount=200.0000&datetime=20191119222350&returncode=00&sign=6301BEDAC0697F1420042C7007FA3FB1&attach=
HTTP状态：
返回：OK

【2019-11-19 22:26:27】
订单号：20191119222431102102
通知地址：http://e019cdb2app.miapp88api.com/Api/Home/payCallBack/jiufubao
通知报文：memberid=191121442&orderid=11192224313254&transaction_id=20191119222431102102&amount=101.0000&datetime=20191119222625&returncode=00&sign=6A63100ADD2CE4460173A3A20AD13B3C&attach=
HTTP状态：
返回：查询订单失败查询订单订单状态为未支付ok

【2019-11-19 22:33:45】
订单号：20191119223157100561
通知地址：https://payback3.lebopay.net/jfbscpay/scallback.php
通知报文：memberid=191209913&orderid=2019111910315002719508&transaction_id=20191119223157100561&amount=300.0000&datetime=20191119223343&returncode=00&sign=23691839A9AE2EC4A6FF123843116690&attach=41535-8c44b38966e2c6cc5876ce189f68470b
HTTP状态：
返回：OK

【2019-11-19 22:38:26】
订单号：20191119223543102535
通知地址：http://e019cdb2app.miapp88api.com/Api/Home/payCallBack/jiufubao
通知报文：memberid=191121442&orderid=11192235436589&transaction_id=20191119223543102535&amount=101.0000&datetime=20191119223824&returncode=00&sign=1876CA8F643DB2428495232B5A3C9581&attach=
HTTP状态：
返回：查询订单失败查询订单订单状态为未支付ok

【2019-11-19 22:39:11】
订单号：20191119223730975653
通知地址：http://pay.ffc585.com/JiuFuBaoZhiFuReturn/Index
通知报文：memberid=191205418&orderid=RK480761176122540643&transaction_id=20191119223730975653&amount=200.0000&datetime=20191119223911&returncode=00&sign=73518BA8DC87367B5CFB383FB8E012C9&attach=
HTTP状态：
返回：OK

【2019-11-19 22:45:50】
订单号：20191119224309100505
通知地址：https://payback3.lebopay.net/jfbscpay/scallback.php
通知报文：memberid=191209913&orderid=2019111910430508857429&transaction_id=20191119224309100505&amount=200.0000&datetime=20191119224548&returncode=00&sign=8AD01CD198D95C456A8795BCFA124B98&attach=41536-8de90377852797fd5afef5980c63bd78
HTTP状态：
返回：OK

【2019-11-19 22:54:13】
订单号：20191119225248489910
通知地址：https://payback3.lebopay.net/jfbscpay/scallback.php
通知报文：memberid=191209913&orderid=2019111910524330429508&transaction_id=20191119225248489910&amount=100.0000&datetime=20191119225410&returncode=00&sign=1CB459C37B42AC90FE4D86145323B986&attach=41535-e7f451cbe7050a1fa6a223b550e57fb6
HTTP状态：
返回：OK

【2019-11-19 22:59:12】
订单号：20191119225756525255
通知地址：http://pay.ffc585.com/JiuFuBaoZhiFuReturn/Index
通知报文：memberid=191205418&orderid=RK481221826128051087&transaction_id=20191119225756525255&amount=200.0000&datetime=20191119225912&returncode=00&sign=E3DA132223553BCB9376FAA50C2DA64B&attach=
HTTP状态：
返回：OK

【2019-11-19 23:10:18】
订单号：20191119230141539710
通知地址：http://pay1.dr5151.com/apis/pay_gateway/jiufujinzhifu/notice
通知报文：memberid=191209911&orderid=F201911192301361545&transaction_id=20191119230141539710&amount=100.0000&datetime=20191119231018&returncode=00&sign=52BD69D1E81007EC0101266BFF11FA1E&attach=
HTTP状态：
返回：OK

【2019-11-19 23:19:03】
订单号：20191119231609575597
通知地址：http://e019cdb2app.miapp88api.com/Api/Home/payCallBack/jiufubao
通知报文：memberid=191121442&orderid=11192316087800&transaction_id=20191119231609575597&amount=101.0000&datetime=20191119231902&returncode=00&sign=A4D5636A9E68D6066DFD0871BB2EAD86&attach=
HTTP状态：
返回：查询订单失败查询订单订单状态为未支付ok

【2019-11-19 23:29:54】
订单号：20191119232805535456
通知地址：http://150.109.59.33/tools/notify-1bcf_821736_b9b1_2887bd4_7530
通知报文：memberid=191189793&orderid=WX191119232802563228&transaction_id=20191119232805535456&amount=200.1100&datetime=20191119232954&returncode=00&sign=80DFCB056AEA5325365037EA8E112608&attach=
HTTP状态：
返回：ok

【2019-11-19 23:31:00】
订单号：20191119232955515310
通知地址：http://e019cdb2app.miapp88api.com/Api/Home/payCallBack/jiufubao
通知报文：memberid=191121442&orderid=11192329553730&transaction_id=20191119232955515310&amount=101.0000&datetime=20191119233059&returncode=00&sign=883244893A007EC5C4D4C31D6E2024D3&attach=
HTTP状态：
返回：查询订单失败查询订单订单状态为未支付ok

【2019-11-19 23:49:26】
订单号：20191119234806545610
通知地址：http://e019cdb2app.miapp88api.com/Api/Home/payCallBack/jiufubao
通知报文：memberid=191121442&orderid=11192348062620&transaction_id=20191119234806545610&amount=200.0000&datetime=20191119234925&returncode=00&sign=2DDD50C6F522851835CFBF8A6DC245E1&attach=
HTTP状态：
返回：查询订单失败查询订单订单状态为未支付ok

