【2019-11-26 11:53:10】
订单号：20191126114759102575
通知地址：https://payback3.lebopay.net/jfbscpay/scallback.php
通知报文：memberid=191209913&orderid=2019112523475634831565&transaction_id=20191126114759102575&amount=500.0000&datetime=20191126115308&returncode=00&sign=2B2D05F68A4C1438B46FC48B7C8485AC&attach=41535-cd129131c1c272dff51280e773efdb1d
HTTP状态：
返回：OK

【2019-11-26 12:02:59】
订单号：20191126120110545654
通知地址：http://pay.1youbox.com/onlinepay/jiufubaov2/notify.do
通知报文：memberid=191209910&orderid=2019112612010501074&transaction_id=20191126120110545654&amount=300.1000&datetime=20191126120258&returncode=00&sign=CB1B78E5AD43191823319C93873DD74D&attach=
HTTP状态：
返回：OK

【2019-11-26 12:23:59】
订单号：20191126122223102575
通知地址：https://payback3.lebopay.net/jfbscpay/scallback.php
通知报文：memberid=191209913&orderid=2019112600222026221565&transaction_id=20191126122223102575&amount=500.0000&datetime=20191126122356&returncode=00&sign=2796C2603616A1016B773503C653BC2C&attach=41535-b35e682f91ce0089624bc467525020a1
HTTP状态：
返回：OK

【2019-11-26 12:24:14】
订单号：20191126122250971005
通知地址：http://pay1.dr5151.com/apis/pay_gateway/jiufujinzhifu/notice
通知报文：memberid=191209911&orderid=F201911261222491936&transaction_id=20191126122250971005&amount=200.0000&datetime=20191126122413&returncode=00&sign=6F1AEF572AF615539B17F424CFC3993A&attach=
HTTP状态：
返回：OK

【2019-11-26 12:32:13】
订单号：20191126123056485699
通知地址：https://payback3.lebopay.net/jfbscpay/scallback.php
通知报文：memberid=191209913&orderid=2019112600305526041565&transaction_id=20191126123056485699&amount=500.0000&datetime=20191126123211&returncode=00&sign=F4BE774EF8FA3388CA98DDBDE5484E3F&attach=41535-bcba85bfe527e1af257fa15179d1020e
HTTP状态：
返回：OK

【2019-11-26 12:51:45】
订单号：20191126125018979910
通知地址：http://pay.1youbox.com/onlinepay/jiufubaov2/notify.do
通知报文：memberid=191209910&orderid=2019112612501801258&transaction_id=20191126125018979910&amount=100.0000&datetime=20191126125145&returncode=00&sign=C198321E7CCD570438C11231B5D7BF19&attach=
HTTP状态：
返回：OK

【2019-11-26 12:54:50】
订单号：20191126125019985510
通知地址：http://pay.ffc585.com/JiuFuBaoZhiFuReturn/Index
通知报文：memberid=191205418&orderid=RK550650859157428850&transaction_id=20191126125019985510&amount=5000.0000&datetime=20191126125448&returncode=00&sign=9E2391558F7FF7761419BB2B0D4D8B84&attach=
HTTP状态：
返回：OK

【2019-11-26 13:16:25】
订单号：20191126130823559998
通知地址：http://pay.ffc585.com/JiuFuBaoZhiFuReturn/Index
通知报文：memberid=191205418&orderid=RK550303541379494675&transaction_id=20191126130823559998&amount=200.0000&datetime=20191126131625&returncode=00&sign=F04E4F6DE6A40B93DF380CD7A0ECCE36&attach=
HTTP状态：
返回：OK

【2019-11-26 13:20:30】
订单号：20191126131819981019
通知地址：http://pay.1youbox.com/onlinepay/jiufubaov2/notify.do
通知报文：memberid=191209910&orderid=2019112613181401368&transaction_id=20191126131819981019&amount=150.0000&datetime=20191126132030&returncode=00&sign=FF22FCEB24DE2707E0FE0311F45E9179&attach=
HTTP状态：
返回：OK

【2019-11-26 13:24:21】
订单号：20191126132244525110
通知地址：http://pay.1youbox.com/onlinepay/jiufubaov2/notify.do
通知报文：memberid=191209910&orderid=2019112613224201389&transaction_id=20191126132244525110&amount=100.0000&datetime=20191126132421&returncode=00&sign=DABDE09F932E1AEAFE9CBA5ABEF4EA23&attach=
HTTP状态：
返回：OK

【2019-11-26 13:25:32】
订单号：20191126132408569852
通知地址：http://pay1.dr5151.com/apis/pay_gateway/jiufujinzhifu/notice
通知报文：memberid=191209911&orderid=F201911261324062139&transaction_id=20191126132408569852&amount=300.0000&datetime=20191126132532&returncode=00&sign=EB0F42D9B415485D090A78FDC9A8F311&attach=
HTTP状态：
返回：OK

【2019-11-26 13:29:18】
订单号：20191126132745494948
通知地址：http://pay.ffc585.com/JiuFuBaoZhiFuReturn/Index
通知报文：memberid=191205418&orderid=RK550705924170386910&transaction_id=20191126132745494948&amount=500.0000&datetime=20191126132918&returncode=00&sign=72AA8EA05D72B247FAC160DC95349A8A&attach=
HTTP状态：
返回：OK

【2019-11-26 13:40:49】
订单号：20191126131434975351
通知地址：http://pay.1youbox.com/onlinepay/jiufubaov2/notify.do
通知报文：memberid=191209910&orderid=2019112613142901356&transaction_id=20191126131434975351&amount=1000.0000&datetime=20191126134049&returncode=00&sign=656BBD593805DEB533CDC6B97CCADF97&attach=
HTTP状态：
返回：OK

【2019-11-26 13:45:52】
订单号：20191126134250974848
通知地址：http://pay.1youbox.com/onlinepay/jiufubaov2/notify.do
通知报文：memberid=191209910&orderid=2019112613424801476&transaction_id=20191126134250974848&amount=100.0000&datetime=20191126134552&returncode=00&sign=E4DE038F765EA952857E2FE2936D4A86&attach=
HTTP状态：
返回：OK

【2019-11-26 14:07:56】
订单号：20191126140541535448
通知地址：http://pay.1youbox.com/onlinepay/jiufubaov2/notify.do
通知报文：memberid=191209910&orderid=2019112614053901571&transaction_id=20191126140541535448&amount=200.0000&datetime=20191126140756&returncode=00&sign=175074018BA308D8AF895248BE182672&attach=
HTTP状态：
返回：OK

【2019-11-26 14:16:15】
订单号：20191126141342544956
通知地址：http://pay.1youbox.com/onlinepay/jiufubaov2/notify.do
通知报文：memberid=191209910&orderid=2019112614133801602&transaction_id=20191126141342544956&amount=100.0000&datetime=20191126141615&returncode=00&sign=7D927CE22BE959146DAA49FAFF296FA5&attach=
HTTP状态：
返回：OK

【2019-11-26 14:25:54】
订单号：20191126142152485753
通知地址：http://150.109.59.33/tools/notify-1bcf_81d2b5_b9b1_2895007_805c
通知报文：memberid=191189793&orderid=WX191126142145749602&transaction_id=20191126142152485753&amount=200.1100&datetime=20191126142554&returncode=00&sign=04ED8C5573D9E2FDEBE238AD91D46B64&attach=
HTTP状态：
返回：ok

【2019-11-26 14:29:33】
订单号：20191126142258501011
通知地址：http://pay1.dr5151.com/apis/pay_gateway/jiufujinzhifu/notice
通知报文：memberid=191209911&orderid=F201911261422563826&transaction_id=20191126142258501011&amount=100.0000&datetime=20191126142933&returncode=00&sign=D60B5D3AAC2E3308D1FF9FBD7ECF3C42&attach=
HTTP状态：
返回：OK

【2019-11-26 14:34:33】
订单号：20191126143049579753
通知地址：http://pay.1youbox.com/onlinepay/jiufubaov2/notify.do
通知报文：memberid=191209910&orderid=2019112614304801685&transaction_id=20191126143049579753&amount=150.1000&datetime=20191126143433&returncode=00&sign=EF4536101A80601C2F8ED7612EC20729&attach=
HTTP状态：
返回：OK

【2019-11-26 14:44:56】
订单号：20191126144311102985
通知地址：http://pay.1youbox.com/onlinepay/jiufubaov2/notify.do
通知报文：memberid=191209910&orderid=2019112614431101726&transaction_id=20191126144311102985&amount=150.0000&datetime=20191126144456&returncode=00&sign=9A762F3777A78B1E88EB3B813C323AE7&attach=
HTTP状态：
返回：OK

【2019-11-26 14:53:17】
订单号：20191126145121575257
通知地址：http://pay1.dr5151.com/apis/pay_gateway/jiufujinzhifu/notice
通知报文：memberid=191209911&orderid=F201911261451152358&transaction_id=20191126145121575257&amount=100.0000&datetime=20191126145317&returncode=00&sign=5A90FC176E0A36AE8633C3A4D3771239&attach=
HTTP状态：
返回：OK

【2019-11-26 14:58:43】
订单号：20191126145652525310
通知地址：http://pay.1youbox.com/onlinepay/jiufubaov2/notify.do
通知报文：memberid=191209910&orderid=2019112614565201778&transaction_id=20191126145652525310&amount=2000.0000&datetime=20191126145842&returncode=00&sign=A94A663B9193F4609E23F13310050ED7&attach=
HTTP状态：
返回：OK

【2019-11-26 15:10:19】
订单号：20191126150733539957
通知地址：http://pay.1youbox.com/onlinepay/jiufubaov2/notify.do
通知报文：memberid=191209910&orderid=2019112615073201824&transaction_id=20191126150733539957&amount=1000.0000&datetime=20191126151019&returncode=00&sign=411D9A7099E7DF66C05B3626BDD81EEC&attach=
HTTP状态：
返回：OK

【2019-11-26 15:10:23】
订单号：20191126150855551001
通知地址：http://pay.1youbox.com/onlinepay/jiufubaov2/notify.do
通知报文：memberid=191209910&orderid=2019112615085201834&transaction_id=20191126150855551001&amount=2000.0000&datetime=20191126151023&returncode=00&sign=2474FD3856B58E8DA68E3148215472A6&attach=
HTTP状态：
返回：OK

【2019-11-26 15:17:25】
订单号：20191126141109100484
通知地址：http://pay.1youbox.com/onlinepay/jiufubaov2/notify.do
通知报文：memberid=191209910&orderid=2019112614110801590&transaction_id=20191126141109100484&amount=100.0000&datetime=20191126151724&returncode=00&sign=4F3A792F7AD68527AC39D7EA8989C3E9&attach=
HTTP状态：
返回：OK

【2019-11-26 15:18:55】
订单号：20191126151537575548
通知地址：http://pay.1youbox.com/onlinepay/jiufubaov2/notify.do
通知报文：memberid=191209910&orderid=2019112615153101863&transaction_id=20191126151537575548&amount=500.0000&datetime=20191126151855&returncode=00&sign=DFD3B1A33031356ECA9BEFD964EE6882&attach=
HTTP状态：
返回：OK

【2019-11-26 15:21:22】
订单号：20191126151509100100
通知地址：http://pay1.dr5151.com/apis/pay_gateway/jiufujinzhifu/notice
通知报文：memberid=191209911&orderid=F201911261515071426&transaction_id=20191126151509100100&amount=100.0000&datetime=20191126152121&returncode=00&sign=D7721F5707336613AEA70BDE0C57DED6&attach=
HTTP状态：
返回：OK

【2019-11-26 15:22:47】
订单号：20191126152046101484
通知地址：http://pay.vip6081.com/onlinepay/jiufubaov2/notify.do
通知报文：memberid=191155102&orderid=2019112615204501130&transaction_id=20191126152046101484&amount=100.0000&datetime=20191126152247&returncode=00&sign=A0ACC1232940C4EE96F02244EABA1AE0&attach=
HTTP状态：
返回：OK

【2019-11-26 15:28:51】
订单号：20191126152727102509
通知地址：http://pay1.dr5151.com/apis/pay_gateway/jiufujinzhifu/notice
通知报文：memberid=191209911&orderid=F201911261527148824&transaction_id=20191126152727102509&amount=100.0000&datetime=20191126152851&returncode=00&sign=C4ADCA78FBB09176CB151E29A0D7CC50&attach=
HTTP状态：
返回：OK

【2019-11-26 15:30:09】
订单号：20191126152846101565
通知地址：http://pay.1youbox.com/onlinepay/jiufubaov2/notify.do
通知报文：memberid=191209910&orderid=2019112615284401925&transaction_id=20191126152846101565&amount=100.0000&datetime=20191126153009&returncode=00&sign=9C9170B9A207A48F007A1772A723D45F&attach=
HTTP状态：
返回：OK

【2019-11-26 15:34:12】
订单号：20191126153240569997
通知地址：https://payback3.lebopay.net/jfbscpay/scallback.php
通知报文：memberid=191209913&orderid=2019112603323851325789&transaction_id=20191126153240569997&amount=100.0000&datetime=20191126153410&returncode=00&sign=A7B34F6F4F09FD9C39AD48097CB518B7&attach=41535-7838abdb2cbfae19fb783c40a3eba02c
HTTP状态：
返回：OK

【2019-11-26 15:36:31】
订单号：20191126153431554810
通知地址：https://a.818-158.com/Public.server.do
通知报文：memberid=191095866&orderid=V1911261534294873&transaction_id=20191126153431554810&amount=1000.0000&datetime=20191126153631&returncode=00&sign=2254C4BDF4381E813B8FEF258CC40FE0&attach=499,https://a.818-158.com/Account.jhrecharge.do
HTTP状态：
返回：<!doctype html>
<html>
<head>
<meta charset="utf-8">
<meta http-equiv="X-UA-Compatible" content="IE=edge">
<meta name="viewport" content="width=device-width, initial-scale=1, maximum-scale=1, user-scalable=no">
<title>404</title>
<style>
	body{
		background-color:#444;
		font-size:14px;
	}
	h3{
		font-size:60px;
		color:#eee;
		text-align:center;
		padding-top:30px;
		font-weight:normal;
	}
</style>
</head>

<body>
<h3>404，您请求的文件不存在!</h3>
</body>
</html>


【2019-11-26 15:36:35】
订单号：20191126153351102515
通知地址：http://pay1.dr5151.com/apis/pay_gateway/jiufujinzhifu/notice
通知报文：memberid=191209911&orderid=F201911261533463909&transaction_id=20191126153351102515&amount=100.0000&datetime=20191126153635&returncode=00&sign=60D1C03A889968B9DE7035B2C598BBC0&attach=
HTTP状态：
返回：OK

【2019-11-26 15:43:11】
订单号：20191126154029100491
通知地址：http://pay1.dr5151.com/apis/pay_gateway/jiufujinzhifu/notice
通知报文：memberid=191209911&orderid=F201911261540282250&transaction_id=20191126154029100491&amount=100.0000&datetime=20191126154311&returncode=00&sign=1E74827038B3F690EBAC8C0D97533EAC&attach=
HTTP状态：
返回：OK

【2019-11-26 15:50:45】
订单号：20191126154846101525
通知地址：https://a.818-158.com/Public.server.do
通知报文：memberid=191095866&orderid=D1911261548404965&transaction_id=20191126154846101525&amount=2000.0000&datetime=20191126155045&returncode=00&sign=93673939EB83513AC9806A0AD6ECC856&attach=499,https://a.818-158.com/Account.jhrecharge.do
HTTP状态：
返回：<!doctype html>
<html>
<head>
<meta charset="utf-8">
<meta http-equiv="X-UA-Compatible" content="IE=edge">
<meta name="viewport" content="width=device-width, initial-scale=1, maximum-scale=1, user-scalable=no">
<title>404</title>
<style>
	body{
		background-color:#444;
		font-size:14px;
	}
	h3{
		font-size:60px;
		color:#eee;
		text-align:center;
		padding-top:30px;
		font-weight:normal;
	}
</style>
</head>

<body>
<h3>404，您请求的文件不存在!</h3>
</body>
</html>


【2019-11-26 16:00:29】
订单号：20191126155908995610
通知地址：http://pay.ffc585.com/JiuFuBaoZhiFuReturn/Index
通知报文：memberid=191205418&orderid=RK550694584065333744&transaction_id=20191126155908995610&amount=200.0000&datetime=20191126160029&returncode=00&sign=D67DE2246B05AABFF7251F1227F14DEB&attach=
HTTP状态：
返回：OK

【2019-11-26 16:06:10】
订单号：20191126160432485757
通知地址：https://a.818-158.com/Public.server.do
通知报文：memberid=191095866&orderid=Z1911261604319582&transaction_id=20191126160432485757&amount=2000.0000&datetime=20191126160609&returncode=00&sign=270FF24C38F5774887C963763A21F14F&attach=499,https://a.818-158.com/Account.jhrecharge.do
HTTP状态：
返回：<!doctype html>
<html>
<head>
<meta charset="utf-8">
<meta http-equiv="X-UA-Compatible" content="IE=edge">
<meta name="viewport" content="width=device-width, initial-scale=1, maximum-scale=1, user-scalable=no">
<title>404</title>
<style>
	body{
		background-color:#444;
		font-size:14px;
	}
	h3{
		font-size:60px;
		color:#eee;
		text-align:center;
		padding-top:30px;
		font-weight:normal;
	}
</style>
</head>

<body>
<h3>404，您请求的文件不存在!</h3>
</body>
</html>


【2019-11-26 16:06:39】
订单号：20191126160242505056
通知地址：http://pay.ffc585.com/JiuFuBaoZhiFuReturn/Index
通知报文：memberid=191205418&orderid=RK550469304065564583&transaction_id=20191126160242505056&amount=200.0000&datetime=20191126160639&returncode=00&sign=EF12DEF0323BAD3F60351B701FF5D3F4&attach=
HTTP状态：
返回：OK

【2019-11-26 16:12:11】
订单号：20191126161044525452
通知地址：http://pay.ffc585.com/JiuFuBaoZhiFuReturn/Index
通知报文：memberid=191205418&orderid=RK550586644066523455&transaction_id=20191126161044525452&amount=500.0000&datetime=20191126161211&returncode=00&sign=B929628C216044E421BEFA0620025CF9&attach=
HTTP状态：
返回：OK

【2019-11-26 16:28:54】
订单号：20191126162626505755
通知地址：http://pay1.dr5151.com/apis/pay_gateway/jiufujinzhifu/notice
通知报文：memberid=191209911&orderid=F201911261626179739&transaction_id=20191126162626505755&amount=700.0000&datetime=20191126162854&returncode=00&sign=39B18449AB13B566C6861707563446BA&attach=
HTTP状态：
返回：OK

【2019-11-26 17:05:32】
订单号：20191126170333531001
通知地址：http://pay.1youbox.com/onlinepay/jiufubaov2/notify.do
通知报文：memberid=191209910&orderid=2019112617033402264&transaction_id=20191126170333531001&amount=100.0000&datetime=20191126170532&returncode=00&sign=97816625393C51F72C6F7A1517D36EC8&attach=
HTTP状态：
返回：OK

【2019-11-26 18:00:07】
订单号：20191126175844525710
通知地址：http://pay.1youbox.com/onlinepay/jiufubaov2/notify.do
通知报文：memberid=191209910&orderid=2019112617584502426&transaction_id=20191126175844525710&amount=1500.0000&datetime=20191126180007&returncode=00&sign=7D814B93B761E15EA41C766A3E5AAB86&attach=
HTTP状态：
返回：OK

【2019-11-26 18:29:15】
订单号：20191126182731519854
通知地址：https://payback3.lebopay.net/jfbscpay/scallback.php
通知报文：memberid=191209913&orderid=2019112606272914200184&transaction_id=20191126182731519854&amount=1000.0000&datetime=20191126182913&returncode=00&sign=926F936CF1B0AE8697ECB3B261BE8836&attach=41535-b58222ed7eaf79ba40550bbce9a5361d
HTTP状态：
返回：OK

【2019-11-26 18:29:40】
订单号：20191126182652995010
通知地址：http://pay.1youbox.com/onlinepay/jiufubaov2/notify.do
通知报文：memberid=191209910&orderid=2019112618265202535&transaction_id=20191126182652995010&amount=501.0000&datetime=20191126182940&returncode=00&sign=777DC653AB55D88A2A01FE4E2F83DE8D&attach=
HTTP状态：
返回：OK

【2019-11-26 18:32:28】
订单号：20191126183114505456
通知地址：http://pay1.dr5151.com/apis/pay_gateway/jiufujinzhifu/notice
通知报文：memberid=191209911&orderid=F201911261831124031&transaction_id=20191126183114505456&amount=100.0000&datetime=20191126183228&returncode=00&sign=0A8272B4F627FA3260133C8FE89E06DC&attach=
HTTP状态：
返回：OK

【2019-11-26 18:52:54】
订单号：20191126185104569797
通知地址：http://pay.1youbox.com/onlinepay/jiufubaov2/notify.do
通知报文：memberid=191209910&orderid=2019112618510102646&transaction_id=20191126185104569797&amount=100.0000&datetime=20191126185254&returncode=00&sign=DF1EAB0D048B10063771AED0AD9F14FF&attach=
HTTP状态：
返回：OK

【2019-11-26 18:54:11】
订单号：20191126185208564850
通知地址：http://pay1.dr5151.com/apis/pay_gateway/jiufujinzhifu/notice
通知报文：memberid=191209911&orderid=F201911261852048997&transaction_id=20191126185208564850&amount=101.0000&datetime=20191126185410&returncode=00&sign=EBBBC1A4834C836B803DB4A1A068C544&attach=
HTTP状态：
返回：OK

【2019-11-26 18:58:14】
订单号：20191126185412525698
通知地址：http://pay.1youbox.com/onlinepay/jiufubaov2/notify.do
通知报文：memberid=191209910&orderid=2019112618541002660&transaction_id=20191126185412525698&amount=100.0000&datetime=20191126185814&returncode=00&sign=479B47786961C46B357BBC6685074635&attach=
HTTP状态：
返回：OK

【2019-11-26 18:58:18】
订单号：20191126185407102495
通知地址：http://pay.1youbox.com/onlinepay/jiufubaov2/notify.do
通知报文：memberid=191209910&orderid=2019112618540202659&transaction_id=20191126185407102495&amount=501.0000&datetime=20191126185818&returncode=00&sign=4E550DC71D1686A4C6821BFBA2E19E1B&attach=
HTTP状态：
返回：OK

【2019-11-26 18:58:22】
订单号：20191126185250505355
通知地址：http://pay1.dr5151.com/apis/pay_gateway/jiufujinzhifu/notice
通知报文：memberid=191209911&orderid=F201911261852461052&transaction_id=20191126185250505355&amount=500.0000&datetime=20191126185821&returncode=00&sign=7C5B8BEC34A08818EC5E000BEDF6DB42&attach=
HTTP状态：
返回：OK

【2019-11-26 19:03:30】
订单号：20191126190006544910
通知地址：http://pay1.dr5151.com/apis/pay_gateway/jiufujinzhifu/notice
通知报文：memberid=191209911&orderid=F201911261900064982&transaction_id=20191126190006544910&amount=1000.0000&datetime=20191126190330&returncode=00&sign=2A920126E585741E8CCD47F1D0E501AA&attach=
HTTP状态：
返回：OK

【2019-11-26 19:06:11】
订单号：20191126190255102101
通知地址：http://pay.vip6081.com/onlinepay/jiufubaov2/notify.do
通知报文：memberid=191155102&orderid=2019112619025101880&transaction_id=20191126190255102101&amount=1000.0000&datetime=20191126190611&returncode=00&sign=0BAFEDFE7036A68F96F7ED44089EAC5E&attach=
HTTP状态：
返回：OK

【2019-11-26 19:08:09】
订单号：20191126190623102985
通知地址：http://pay1.dr5151.com/apis/pay_gateway/jiufujinzhifu/notice
通知报文：memberid=191209911&orderid=F201911261906142705&transaction_id=20191126190623102985&amount=100.0000&datetime=20191126190808&returncode=00&sign=DF9649852BAE1171D86917E1AE6532D3&attach=
HTTP状态：
返回：OK

【2019-11-26 19:16:51】
订单号：20191126191208561005
通知地址：http://pay.1youbox.com/onlinepay/jiufubaov2/notify.do
通知报文：memberid=191209910&orderid=2019112619120702757&transaction_id=20191126191208561005&amount=150.5500&datetime=20191126191651&returncode=00&sign=2A4B3AEB934D00A183D033873835C8F4&attach=
HTTP状态：
返回：OK

【2019-11-26 19:20:53】
订单号：20191126191936565554
通知地址：http://pay1.dr5151.com/apis/pay_gateway/jiufujinzhifu/notice
通知报文：memberid=191209911&orderid=F201911261919261197&transaction_id=20191126191936565554&amount=200.0000&datetime=20191126192053&returncode=00&sign=BC88065D37989CF2AD01A19ACD04B00B&attach=
HTTP状态：
返回：OK

【2019-11-26 19:28:58】
订单号：20191126192712489755
通知地址：http://pay.1youbox.com/onlinepay/jiufubaov2/notify.do
通知报文：memberid=191209910&orderid=2019112619271102817&transaction_id=20191126192712489755&amount=100.0000&datetime=20191126192858&returncode=00&sign=2E809102561A8BE9520152DD1AF0A70D&attach=
HTTP状态：
返回：OK

【2019-11-26 19:31:35】
订单号：20191126190107511005
通知地址：http://pay.1youbox.com/onlinepay/jiufubaov2/notify.do
通知报文：memberid=191209910&orderid=2019112619010602693&transaction_id=20191126190107511005&amount=100.0000&datetime=20191126193135&returncode=00&sign=5ADD2259F4FFBABF3367EAB62E9D7FAB&attach=
HTTP状态：
返回：OK

【2019-11-26 19:37:48】
订单号：20191126193551555254
通知地址：http://pay.1youbox.com/onlinepay/jiufubaov2/notify.do
通知报文：memberid=191209910&orderid=2019112619354902861&transaction_id=20191126193551555254&amount=180.8800&datetime=20191126193748&returncode=00&sign=2CF0C9E1602AE88DC6756F6193038AFA&attach=
HTTP状态：
返回：OK

【2019-11-26 19:57:38】
订单号：20191126195507985648
通知地址：http://pay1.dr5151.com/apis/pay_gateway/jiufujinzhifu/notice
通知报文：memberid=191209911&orderid=F201911261955052550&transaction_id=20191126195507985648&amount=100.0000&datetime=20191126195737&returncode=00&sign=AAEC6DF6FA89B06C84BA6359241FA5FE&attach=
HTTP状态：
返回：OK

【2019-11-26 19:58:49】
订单号：20191126195627985797
通知地址：https://payback3.lebopay.net/jfbscpay/scallback.php
通知报文：memberid=191209913&orderid=2019112607562668686172&transaction_id=20191126195627985797&amount=200.0000&datetime=20191126195847&returncode=00&sign=7C569D5335609FDAA51A56E9AC4A2823&attach=41536-8e0eec34d5f90feedaef4d51b9a55fcb
HTTP状态：
返回：OK

【2019-11-26 20:08:04】
订单号：20191126200402505510
通知地址：http://pay1.dr5151.com/apis/pay_gateway/jiufujinzhifu/notice
通知报文：memberid=191209911&orderid=F201911262004027623&transaction_id=20191126200402505510&amount=400.0000&datetime=20191126200804&returncode=00&sign=732A4ADC3974A82126F35C3007DFF356&attach=
HTTP状态：
返回：OK

【2019-11-26 20:14:00】
订单号：20191126200618979752
通知地址：http://pay.1youbox.com/onlinepay/jiufubaov2/notify.do
通知报文：memberid=191209910&orderid=2019112620061803041&transaction_id=20191126200618979752&amount=100.0000&datetime=20191126201359&returncode=00&sign=64CFFD7D4C88283D9CDA309CD07414C3&attach=
HTTP状态：
返回：OK

【2019-11-26 20:14:59】
订单号：20191126201225575351
通知地址：http://pay.1youbox.com/onlinepay/jiufubaov2/notify.do
通知报文：memberid=191209910&orderid=2019112620122603081&transaction_id=20191126201225575351&amount=200.0000&datetime=20191126201459&returncode=00&sign=B52E56CB6A5301DCCE0A8220A9D3AD38&attach=
HTTP状态：
返回：OK

【2019-11-26 20:28:20】
订单号：20191126202637100511
通知地址：http://pay.vip6081.com/onlinepay/jiufubaov2/notify.do
通知报文：memberid=191155102&orderid=2019112620263602311&transaction_id=20191126202637100511&amount=400.0000&datetime=20191126202819&returncode=00&sign=EDAD1760E9DBF4EF4B863326D5EC2665&attach=
HTTP状态：
返回：OK

【2019-11-26 20:34:20】
订单号：20191126203259989948
通知地址：http://pay.1youbox.com/onlinepay/jiufubaov2/notify.do
通知报文：memberid=191209910&orderid=2019112620325703208&transaction_id=20191126203259989948&amount=100.0000&datetime=20191126203419&returncode=00&sign=4D5EFC69492B5D93647D97C012CDA785&attach=
HTTP状态：
返回：OK

【2019-11-26 20:40:41】
订单号：20191126203921575110
通知地址：https://www.wanjia365.cn/Public.server.do
通知报文：memberid=191095866&orderid=R1911262039188251&transaction_id=20191126203921575110&amount=500.0000&datetime=20191126204040&returncode=00&sign=412DC1B7A67E79E9B90D580ED729E54E&attach=501,http://www.wanjia365.cn/Account.jhrecharge.do
HTTP状态：
返回：OK

【2019-11-26 20:42:01】
订单号：20191126203906975048
通知地址：http://pay1.dr5151.com/apis/pay_gateway/jiufujinzhifu/notice
通知报文：memberid=191209911&orderid=F201911262038588435&transaction_id=20191126203906975048&amount=100.0000&datetime=20191126204200&returncode=00&sign=3E67B8B0A6EB417FD9FB7A0B9A175C47&attach=
HTTP状态：
返回：OK

【2019-11-26 20:43:19】
订单号：20191126204138509853
通知地址：http://pay.1youbox.com/onlinepay/jiufubaov2/notify.do
通知报文：memberid=191209910&orderid=2019112620413603262&transaction_id=20191126204138509853&amount=400.0000&datetime=20191126204318&returncode=00&sign=BB41248B8598C06D0C4F339FEF19876A&attach=
HTTP状态：
返回：OK

【2019-11-26 20:49:42】
订单号：20191126204827989957
通知地址：http://pay1.dr5151.com/apis/pay_gateway/jiufujinzhifu/notice
通知报文：memberid=191209911&orderid=F201911262048267409&transaction_id=20191126204827989957&amount=109.0000&datetime=20191126204940&returncode=00&sign=6B9E5B62474A8ADDF2D8978665D9CBDB&attach=
HTTP状态：
返回：OK

【2019-11-26 21:01:58】
订单号：20191126205901535510
通知地址：http://pay.1youbox.com/onlinepay/jiufubaov2/notify.do
通知报文：memberid=191209910&orderid=2019112620590103400&transaction_id=20191126205901535510&amount=200.0000&datetime=20191126210158&returncode=00&sign=F328628FFA08D5CC7F676FF2650FE4F3&attach=
HTTP状态：
返回：OK

【2019-11-26 21:02:20】
订单号：20191126205943102995
通知地址：http://pay.1youbox.com/onlinepay/jiufubaov2/notify.do
通知报文：memberid=191209910&orderid=2019112620594203403&transaction_id=20191126205943102995&amount=100.0000&datetime=20191126210219&returncode=00&sign=5965A14048DF12E89B9B20AD830424BD&attach=
HTTP状态：
返回：OK

【2019-11-26 21:06:46】
订单号：20191126210146974854
通知地址：http://pay1.dr5151.com/apis/pay_gateway/jiufujinzhifu/notice
通知报文：memberid=191209911&orderid=F201911262101448392&transaction_id=20191126210146974854&amount=100.0000&datetime=20191126210645&returncode=00&sign=ABE2EDADD8DD04C8E6E27EAB2BAD50B8&attach=
HTTP状态：
返回：OK

【2019-11-26 21:13:55】
订单号：20191126211135555649
通知地址：http://pay.1youbox.com/onlinepay/jiufubaov2/notify.do
通知报文：memberid=191209910&orderid=2019112621113203482&transaction_id=20191126211135555649&amount=500.0000&datetime=20191126211355&returncode=00&sign=FC718B93737E80DEAFE27541B11701C9&attach=
HTTP状态：
返回：OK

【2019-11-26 21:26:03】
订单号：20191126212151102481
通知地址：http://pay.1youbox.com/onlinepay/jiufubaov2/notify.do
通知报文：memberid=191209910&orderid=2019112621214903566&transaction_id=20191126212151102481&amount=200.0000&datetime=20191126212601&returncode=00&sign=1CB4A1BC7C8D7EEFFE117B585B33639E&attach=
HTTP状态：
返回：OK

【2019-11-26 21:29:34】
订单号：20191126212542541005
通知地址：http://pay.1youbox.com/onlinepay/jiufubaov2/notify.do
通知报文：memberid=191209910&orderid=2019112621253103585&transaction_id=20191126212542541005&amount=200.0000&datetime=20191126212934&returncode=00&sign=6F95FC2BB38D7ADDCF666F1194A30DE4&attach=
HTTP状态：
返回：OK

【2019-11-26 21:33:09】
订单号：20191126210142544856
通知地址：http://pay.1youbox.com/onlinepay/jiufubaov2/notify.do
通知报文：memberid=191209910&orderid=2019112621001303409&transaction_id=20191126210142544856&amount=100.0000&datetime=20191126213309&returncode=00&sign=3349A8188C98F0543CF4AE164854F90F&attach=
HTTP状态：
返回：OK

【2019-11-26 21:41:51】
订单号：20191126214009575653
通知地址：http://pay.1youbox.com/onlinepay/jiufubaov2/notify.do
通知报文：memberid=191209910&orderid=2019112621400703673&transaction_id=20191126214009575653&amount=200.0000&datetime=20191126214151&returncode=00&sign=2A111BBCB4522E6014E9AED1BD332554&attach=
HTTP状态：
返回：OK

【2019-11-26 21:48:16】
订单号：20191126214635985451
通知地址：http://pay.1youbox.com/onlinepay/jiufubaov2/notify.do
通知报文：memberid=191209910&orderid=2019112621462703723&transaction_id=20191126214635985451&amount=100.0000&datetime=20191126214815&returncode=00&sign=257ED36827B7E32C7F78A35CCC25FC3A&attach=
HTTP状态：
返回：OK

【2019-11-26 21:49:06】
订单号：20191126214716525798
通知地址：https://www.wanjia365.cn/Public.server.do
通知报文：memberid=191095866&orderid=B1911262147155327&transaction_id=20191126214716525798&amount=200.0000&datetime=20191126214904&returncode=00&sign=0E54977D06DC836CD68DF502FEE177C5&attach=501,http://www.wanjia365.cn/Account.jhrecharge.do
HTTP状态：
返回：OK

【2019-11-26 21:55:14】
订单号：20191126215226975555
通知地址：https://www.wanjia365.cn/Public.server.do
通知报文：memberid=191095866&orderid=Y1911262152188972&transaction_id=20191126215226975555&amount=100.0000&datetime=20191126215513&returncode=00&sign=1EAC5A322E4C8E9E9A8FC7AA1710B293&attach=489,http://www.wanjia365.cn/Account.jhrecharge.do
HTTP状态：
返回：OK

【2019-11-26 21:55:37】
订单号：20191126215418974849
通知地址：http://pay.1youbox.com/onlinepay/jiufubaov2/notify.do
通知报文：memberid=191209910&orderid=2019112621541703777&transaction_id=20191126215418974849&amount=102.0000&datetime=20191126215537&returncode=00&sign=06AE3893DA12CAD3897CE4D6B300A94A&attach=
HTTP状态：
返回：OK

【2019-11-26 22:00:18】
订单号：20191126215852995454
通知地址：http://pay1.dr5151.com/apis/pay_gateway/jiufujinzhifu/notice
通知报文：memberid=191209911&orderid=F201911262158515196&transaction_id=20191126215852995454&amount=300.0000&datetime=20191126220018&returncode=00&sign=E9CCFA5781A45D9D7E951C1DDBFBD07A&attach=
HTTP状态：
返回：OK

【2019-11-26 22:05:00】
订单号：20191126220048484953
通知地址：https://www.wanjia365.cn/Public.server.do
通知报文：memberid=191095866&orderid=E1911262200459049&transaction_id=20191126220048484953&amount=400.0000&datetime=20191126220458&returncode=00&sign=8A97E5CBFD3F515187832E023DE79941&attach=489,http://www.wanjia365.cn/Account.jhrecharge.do
HTTP状态：
返回：OK

【2019-11-26 22:11:07】
订单号：20191126220246545098
通知地址：http://pay.vip6081.com/onlinepay/jiufubaov2/notify.do
通知报文：memberid=191155102&orderid=2019112622024503021&transaction_id=20191126220246545098&amount=100.0000&datetime=20191126221107&returncode=00&sign=A29AD2578ED0263ADE747257B955488F&attach=
HTTP状态：
返回：OK

【2019-11-26 22:14:24】
订单号：20191126220810974910
通知地址：http://pay.1youbox.com/onlinepay/jiufubaov2/notify.do
通知报文：memberid=191209910&orderid=2019112622080903840&transaction_id=20191126220810974910&amount=100.0000&datetime=20191126221422&returncode=00&sign=6BA6A9C4AF9636EFCCEBF047D3473217&attach=
HTTP状态：
返回：OK

【2019-11-26 22:21:56】
订单号：20191126220615551024
通知地址：http://pay1.dr5151.com/apis/pay_gateway/jiufujinzhifu/notice
通知报文：memberid=191209911&orderid=F201911262206109764&transaction_id=20191126220615551024&amount=100.0000&datetime=20191126222156&returncode=00&sign=C19D131E559FA2E717CB250F215DFD12&attach=
HTTP状态：
返回：已处理过过的订单

【2019-11-26 22:22:00】
订单号：20191126220615551024
通知地址：http://pay1.dr5151.com/apis/pay_gateway/jiufujinzhifu/notice
通知报文：memberid=191209911&orderid=F201911262206109764&transaction_id=20191126220615551024&amount=100.0000&datetime=20191126222159&returncode=00&sign=94617553739700B5B5B612D66243B1C9&attach=
HTTP状态：
返回：已处理过过的订单

【2019-11-26 22:26:55】
订单号：20191126222528565251
通知地址：http://150.109.59.33/tools/notify-1bcf_8c05c7_b9b1_28a5fb7_81ae
通知报文：memberid=191189793&orderid=WX191126222528540845&transaction_id=20191126222528565251&amount=1000.1100&datetime=20191126222655&returncode=00&sign=7BFE691B6C109D3C7F83A32BFC068815&attach=
HTTP状态：
返回：ok

【2019-11-26 22:33:07】
订单号：20191126223050975253
通知地址：http://pay.ffc585.com/JiuFuBaoZhiFuReturn/Index
通知报文：memberid=191205418&orderid=RK550894076030268676&transaction_id=20191126223050975253&amount=300.0000&datetime=20191126223307&returncode=00&sign=06FB8F79553ED5CCAFB3CC9C5381F591&attach=
HTTP状态：
返回：OK

【2019-11-26 22:34:27】
订单号：20191126223310549748
通知地址：http://pay.1youbox.com/onlinepay/jiufubaov2/notify.do
通知报文：memberid=191209910&orderid=2019112622331003938&transaction_id=20191126223310549748&amount=100.0000&datetime=20191126223425&returncode=00&sign=36557C84F4DD151003EED2AF5FB45741&attach=
HTTP状态：
返回：OK

【2019-11-26 22:52:42】
订单号：20191126224415102515
通知地址：http://pay1.dr5151.com/apis/pay_gateway/jiufujinzhifu/notice
通知报文：memberid=191209911&orderid=F201911262244139361&transaction_id=20191126224415102515&amount=100.0000&datetime=20191126225239&returncode=00&sign=B15570559BEE67AB6A08FBEBDDC23728&attach=
HTTP状态：
返回：OK

【2019-11-26 22:54:15】
订单号：20191126225247102569
通知地址：http://pay.1youbox.com/onlinepay/jiufubaov2/notify.do
通知报文：memberid=191209910&orderid=2019112622524604014&transaction_id=20191126225247102569&amount=100.0000&datetime=20191126225415&returncode=00&sign=6232E8E5594E259FCADE1BC0CC749EDE&attach=
HTTP状态：
返回：OK

【2019-11-26 23:02:57】
订单号：20191126230124525756
通知地址：http://pay.1youbox.com/onlinepay/jiufubaov2/notify.do
通知报文：memberid=191209910&orderid=2019112623012104049&transaction_id=20191126230124525756&amount=100.0000&datetime=20191126230257&returncode=00&sign=F77D97A11BEBF812CF6402840BE19B04&attach=
HTTP状态：
返回：OK

【2019-11-26 23:03:05】
订单号：20191126230139519952
通知地址：http://pay.1youbox.com/onlinepay/jiufubaov2/notify.do
通知报文：memberid=191209910&orderid=2019112623013704051&transaction_id=20191126230139519952&amount=500.0000&datetime=20191126230305&returncode=00&sign=12C75B78BEE45134FFFFA14F8132C2F0&attach=
HTTP状态：
返回：OK

【2019-11-26 23:04:41】
订单号：20191126230038545150
通知地址：http://pay.vip6081.com/onlinepay/jiufubaov2/notify.do
通知报文：memberid=191155102&orderid=2019112623003403231&transaction_id=20191126230038545150&amount=100.0000&datetime=20191126230440&returncode=00&sign=EB5B455A7E15C5076B3C7456E2230D30&attach=
HTTP状态：
返回：OK

【2019-11-26 23:06:14】
订单号：20191126230249575698
通知地址：http://pay.vip6081.com/onlinepay/jiufubaov2/notify.do
通知报文：memberid=191155102&orderid=2019112623024703244&transaction_id=20191126230249575698&amount=100.0000&datetime=20191126230614&returncode=00&sign=86B49D7A9999D2CE82B69DE697219366&attach=
HTTP状态：
返回：OK

【2019-11-26 23:18:16】
订单号：20191126225738505210
通知地址：http://pay.1youbox.com/onlinepay/jiufubaov2/notify.do
通知报文：memberid=191209910&orderid=2019112622573404035&transaction_id=20191126225738505210&amount=1000.0000&datetime=20191126231816&returncode=00&sign=9788AA8CEBB80130C4A32BF3249DAF4B&attach=
HTTP状态：
返回：OK

【2019-11-26 23:58:56】
订单号：20191126235731985755
通知地址：http://pay1.dr5151.com/apis/pay_gateway/jiufujinzhifu/notice
通知报文：memberid=191209911&orderid=F201911262357303002&transaction_id=20191126235731985755&amount=100.0000&datetime=20191126235856&returncode=00&sign=771F85AEFF175B6C238F437AFF6EBB5B&attach=
HTTP状态：
返回：OK

