【2019-12-25 12:51:44】
订单号：20191225124902101521
通知地址：https://wanjia365.cn/Public.server.do
通知报文：memberid=191095866&orderid=X1912251249017580&transaction_id=20191225124902101521&amount=100.0000&datetime=20191225125144&returncode=00&sign=F23FA54E43B2F529C975877B54FBF1AF&attach=761,https://wanjia365.cn/Account.jhrecharge.do
HTTP状态：
返回：

【2019-12-25 12:51:59】
订单号：20191225124902101521
通知地址：https://wanjia365.cn/Public.server.do
通知报文：memberid=191095866&orderid=X1912251249017580&transaction_id=20191225124902101521&amount=100.0000&datetime=20191225125159&returncode=00&sign=6DDA994664FA1B5B0AA140BB1560098B&attach=761,https://wanjia365.cn/Account.jhrecharge.do
HTTP状态：
返回：

【2019-12-25 12:52:30】
订单号：20191225124902101521
通知地址：https://wanjia365.cn/Public.server.do
通知报文：memberid=191095866&orderid=X1912251249017580&transaction_id=20191225124902101521&amount=100.0000&datetime=20191225125230&returncode=00&sign=F78A6EFD50FF10A1E9C14B20B255BADB&attach=761,https://wanjia365.cn/Account.jhrecharge.do
HTTP状态：
返回：

【2019-12-25 12:53:15】
订单号：20191225124902101521
通知地址：https://wanjia365.cn/Public.server.do
通知报文：memberid=191095866&orderid=X1912251249017580&transaction_id=20191225124902101521&amount=100.0000&datetime=20191225125315&returncode=00&sign=3EC769692DA0CDC0059CBA223519D21D&attach=761,https://wanjia365.cn/Account.jhrecharge.do
HTTP状态：
返回：

【2019-12-25 12:54:16】
订单号：20191225124902101521
通知地址：https://wanjia365.cn/Public.server.do
通知报文：memberid=191095866&orderid=X1912251249017580&transaction_id=20191225124902101521&amount=100.0000&datetime=20191225125416&returncode=00&sign=A740D85DCACD44A01ADC55D4C20DCC38&attach=761,https://wanjia365.cn/Account.jhrecharge.do
HTTP状态：
返回：

【2019-12-25 12:55:31】
订单号：20191225124902101521
通知地址：https://wanjia365.cn/Public.server.do
通知报文：memberid=191095866&orderid=X1912251249017580&transaction_id=20191225124902101521&amount=100.0000&datetime=20191225125531&returncode=00&sign=99FE81C310EC8765039A301D8E475B7E&attach=761,https://wanjia365.cn/Account.jhrecharge.do
HTTP状态：
返回：

【2019-12-25 12:57:03】
订单号：20191225124902101521
通知地址：https://wanjia365.cn/Public.server.do
通知报文：memberid=191095866&orderid=X1912251249017580&transaction_id=20191225124902101521&amount=100.0000&datetime=20191225125703&returncode=00&sign=F2284579708367FB06F49168B064BF82&attach=761,https://wanjia365.cn/Account.jhrecharge.do
HTTP状态：
返回：

【2019-12-25 12:58:49】
订单号：20191225124902101521
通知地址：https://wanjia365.cn/Public.server.do
通知报文：memberid=191095866&orderid=X1912251249017580&transaction_id=20191225124902101521&amount=100.0000&datetime=20191225125849&returncode=00&sign=50853C7398DDACD24FD594370C300FEC&attach=761,https://wanjia365.cn/Account.jhrecharge.do
HTTP状态：
返回：

【2019-12-25 13:00:49】
订单号：20191225124902101521
通知地址：https://wanjia365.cn/Public.server.do
通知报文：memberid=191095866&orderid=X1912251249017580&transaction_id=20191225124902101521&amount=100.0000&datetime=20191225130049&returncode=00&sign=D31F61046629A750DCBB3507CD907F35&attach=761,https://wanjia365.cn/Account.jhrecharge.do
HTTP状态：
返回：

【2019-12-25 13:02:33】
订单号：20191225124902101521
通知地址：https://wanjia365.cn/Public.server.do
通知报文：memberid=191095866&orderid=X1912251249017580&transaction_id=20191225124902101521&amount=100.0000&datetime=20191225130233&returncode=00&sign=B99CF8A4B1EB4EEACF0D6ABFD0AC90AD&attach=761,https://wanjia365.cn/Account.jhrecharge.do
HTTP状态：
返回：

【2019-12-25 13:02:49】
订单号：20191225124902101521
通知地址：https://wanjia365.cn/Public.server.do
通知报文：memberid=191095866&orderid=X1912251249017580&transaction_id=20191225124902101521&amount=100.0000&datetime=20191225130249&returncode=00&sign=A64383D2FC16D8F81C9E419DE32B9797&attach=761,https://wanjia365.cn/Account.jhrecharge.do
HTTP状态：
返回：

【2019-12-25 13:03:01】
订单号：20191225124902101521
通知地址：https://wanjia365.cn/Public.server.do
通知报文：memberid=191095866&orderid=X1912251249017580&transaction_id=20191225124902101521&amount=100.0000&datetime=20191225130301&returncode=00&sign=A1F25C66DAFBC455833C87A4615E63F3&attach=761,https://wanjia365.cn/Account.jhrecharge.do
HTTP状态：
返回：

【2019-12-25 13:03:06】
订单号：20191225124902101521
通知地址：https://wanjia365.cn/Public.server.do
通知报文：memberid=191095866&orderid=X1912251249017580&transaction_id=20191225124902101521&amount=100.0000&datetime=20191225130306&returncode=00&sign=B25A6A492974AC182F1790792A49D334&attach=761,https://wanjia365.cn/Account.jhrecharge.do
HTTP状态：
返回：

【2019-12-25 13:05:38】
订单号：20191225124902101521
通知地址：https://wanjia365.cn/Public.server.do
通知报文：memberid=191095866&orderid=X1912251249017580&transaction_id=20191225124902101521&amount=100.0000&datetime=20191225130538&returncode=00&sign=3F8DD75E1434BEF7AA17D5779F71F1D6&attach=761,https://wanjia365.cn/Account.jhrecharge.do
HTTP状态：
返回：

