【2019-11-16 00:05:51】
订单号：20191116000326101974
通知地址：http://pay1.dr5151.com/apis/pay_gateway/jiufujinzhifu/notice
通知报文：memberid=191209911&orderid=F201911160003202658&transaction_id=20191116000326101974&amount=500.0000&datetime=20191116000550&returncode=00&sign=5CACC2FA65C436D6F78E4C288BD0E3EE&attach=
HTTP状态：
返回：OK

【2019-11-16 12:34:46】
订单号：20191116123339515150
通知地址：https://91876543.com/api/lottery/pay/notify/jfb/11706
通知报文：memberid=191141219&orderid=P1911161233408687997&transaction_id=20191116123339515150&amount=100.0000&datetime=20191116123444&returncode=00&sign=0375E70E1867EF0D67098225267905F6&attach=1234|456
HTTP状态：
返回：OK

【2019-11-16 13:07:04】
订单号：20191116130554504810
通知地址：https://91876543.com/api/lottery/pay/notify/jfb/11706
通知报文：memberid=191141219&orderid=P1911161305551586531&transaction_id=20191116130554504810&amount=100.0000&datetime=20191116130704&returncode=00&sign=3F8618C08B779DC452B16518F59D6767&attach=1234|456
HTTP状态：
返回：OK

【2019-11-16 13:34:36】
订单号：20191116133328561015
通知地址：https://91876543.com/api/lottery/pay/notify/jfb/11706
通知报文：memberid=191141219&orderid=P1911161333306191682&transaction_id=20191116133328561015&amount=100.0000&datetime=20191116133434&returncode=00&sign=F6CE3958FA268F3C806FBAB03A5F23AA&attach=1234|456
HTTP状态：
返回：OK

【2019-11-16 13:38:59】
订单号：20191116133757534910
通知地址：https://91876543.com/api/lottery/pay/notify/jfb/11706
通知报文：memberid=191141219&orderid=P1911161337581108186&transaction_id=20191116133757534910&amount=106.0000&datetime=20191116133859&returncode=00&sign=FFEDD67E511807814BF379494454D285&attach=1234|456
HTTP状态：
返回：OK

【2019-11-16 14:00:05】
订单号：20191116135728569852
通知地址：https://91876543.com/api/lottery/pay/notify/jfb/11706
通知报文：memberid=191141219&orderid=P1911161357291077294&transaction_id=20191116135728569852&amount=106.0000&datetime=20191116140005&returncode=00&sign=68E619BA14567C9B5F7A3D66A89D475E&attach=1234|456
HTTP状态：
返回：OK

【2019-11-16 14:04:13】
订单号：20191116140230545353
通知地址：https://91876543.com/api/lottery/pay/notify/jfb/11706
通知报文：memberid=191141219&orderid=P1911161402317202418&transaction_id=20191116140230545353&amount=100.0000&datetime=20191116140413&returncode=00&sign=ECAF49FB650C5492A7ABE355D39850AB&attach=1234|456
HTTP状态：
返回：OK

【2019-11-16 14:05:12】
订单号：20191116140406545155
通知地址：https://91876543.com/api/lottery/pay/notify/jfb/11706
通知报文：memberid=191141219&orderid=P1911161404075522582&transaction_id=20191116140406545155&amount=100.0000&datetime=20191116140511&returncode=00&sign=25DEFF911792703F261024665E9458EC&attach=1234|456
HTTP状态：
返回：OK

【2019-11-16 14:08:20】
订单号：20191116140701534854
通知地址：https://91876543.com/api/lottery/pay/notify/jfb/11706
通知报文：memberid=191141219&orderid=P1911161407022817170&transaction_id=20191116140701534854&amount=500.0000&datetime=20191116140820&returncode=00&sign=D20CA4DBC430D10846BFE5FB4FA867B3&attach=1234|456
HTTP状态：
返回：OK

【2019-11-16 14:08:23】
订单号：20191116140342101494
通知地址：https://91876543.com/api/lottery/pay/notify/jfb/11706
通知报文：memberid=191141219&orderid=P1911161403431079413&transaction_id=20191116140342101494&amount=104.0000&datetime=20191116140823&returncode=00&sign=27591B7ABB169D9FE584FBE6ACF20488&attach=1234|456
HTTP状态：
返回：OK

【2019-11-16 14:11:06】
订单号：20191116140850504855
通知地址：https://payback3.lebopay.net/jfbscpay/scallback.php
通知报文：memberid=191209913&orderid=2019111602084910791368&transaction_id=20191116140850504855&amount=100.0000&datetime=20191116141104&returncode=00&sign=CC398FCB41DC83CA8EAF21C18A8FC6DB&attach=41536-f7886eaaf0e564761397aedbd4b2c87e
HTTP状态：
返回：OK

【2019-11-16 14:13:14】
订单号：20191116141143102554
通知地址：https://91876543.com/api/lottery/pay/notify/jfb/11706
通知报文：memberid=191141219&orderid=P1911161411456141978&transaction_id=20191116141143102554&amount=200.0000&datetime=20191116141312&returncode=00&sign=F69B0E6841C789219582F445F1830C26&attach=1234|456
HTTP状态：
返回：OK

【2019-11-16 14:22:30】
订单号：20191116142058975755
通知地址：https://91876543.com/api/lottery/pay/notify/jfb/11706
通知报文：memberid=191141219&orderid=P1911161420593134913&transaction_id=20191116142058975755&amount=100.0000&datetime=20191116142230&returncode=00&sign=690338AA717B7F439AD15D21AD7C2459&attach=1234|456
HTTP状态：
返回：OK

【2019-11-16 14:26:42】
订单号：20191116142513575657
通知地址：https://91876543.com/api/lottery/pay/notify/jfb/11706
通知报文：memberid=191141219&orderid=P1911161425151936578&transaction_id=20191116142513575657&amount=100.0000&datetime=20191116142642&returncode=00&sign=4AAEABAB78AAB5F7C5968F157D903859&attach=1234|456
HTTP状态：
返回：OK

【2019-11-16 14:31:24】
订单号：20191116142956525056
通知地址：https://payback3.lebopay.net/jfbscpay/scallback.php
通知报文：memberid=191209913&orderid=2019111602295348998267&transaction_id=20191116142956525056&amount=100.0000&datetime=20191116143122&returncode=00&sign=6CEE4BAB977AD61559D4671A7D954A51&attach=41536-cb56f9a9235e25b9962aaf762158d3e1
HTTP状态：
返回：OK

【2019-11-16 14:34:02】
订单号：20191116142513575657
通知地址：https://91876543.com/api/lottery/pay/notify/jfb/11706
通知报文：memberid=191141219&orderid=P1911161425151936578&transaction_id=20191116142513575657&amount=100.0000&datetime=20191116143400&returncode=00&sign=AABDB14CBE681877B2D5BCD82F1387FE&attach=1234|456
HTTP状态：
返回：OK

【2019-11-16 14:37:15】
订单号：20191116143612995250
通知地址：https://91876543.com/api/lottery/pay/notify/jfb/11706
通知报文：memberid=191141219&orderid=P1911161436133273436&transaction_id=20191116143612995250&amount=100.0000&datetime=20191116143714&returncode=00&sign=323CE10BA2858BFD370DD062FDF1C770&attach=1234|456
HTTP状态：
返回：OK

【2019-11-16 14:37:16】
订单号：20191116143554979850
通知地址：https://91876543.com/api/lottery/pay/notify/jfb/11706
通知报文：memberid=191141219&orderid=P1911161435562528463&transaction_id=20191116143554979850&amount=100.0000&datetime=20191116143716&returncode=00&sign=ACBAC039DF7ABF30E1558B24FFA4B947&attach=1234|456
HTTP状态：
返回：OK

【2019-11-16 14:40:57】
订单号：20191116143830545299
通知地址：https://91876543.com/api/lottery/pay/notify/jfb/11706
通知报文：memberid=191141219&orderid=P1911161438317178910&transaction_id=20191116143830545299&amount=100.0000&datetime=20191116144057&returncode=00&sign=1E8C0D650255155BA6F1349C0E91736C&attach=1234|456
HTTP状态：
返回：OK

【2019-11-16 14:46:54】
订单号：20191116144405535655
通知地址：https://91876543.com/api/lottery/pay/notify/jfb/11706
通知报文：memberid=191141219&orderid=P1911161444054472061&transaction_id=20191116144405535655&amount=100.0000&datetime=20191116144653&returncode=00&sign=676DDCC46DEC2D6139499A86AA8E39A1&attach=1234|456
HTTP状态：
返回：OK

【2019-11-16 14:53:40】
订单号：20191116144635989798
通知地址：http://awseb-e-q-awsebloa-p0jtqe3naeml-278855201.ap-northeast-1.elb.amazonaws.com/pay/notify/152/520
通知报文：memberid=191209912&orderid=1039414920191116144635175&transaction_id=20191116144635989798&amount=100.0000&datetime=20191116145340&returncode=00&sign=B9210E3F9780B18F1E3D166E430A266C&attach=
HTTP状态：
返回：OK

【2019-11-16 15:17:35】
订单号：20191116151554979753
通知地址：https://91876543.com/api/lottery/pay/notify/jfb/11706
通知报文：memberid=191141219&orderid=P1911161515565623092&transaction_id=20191116151554979753&amount=100.0000&datetime=20191116151734&returncode=00&sign=08912ED0E5715AE886C754F2CAAAD916&attach=1234|456
HTTP状态：
返回：OK

【2019-11-16 15:18:25】
订单号：20191116151721495654
通知地址：https://91876543.com/api/lottery/pay/notify/jfb/11706
通知报文：memberid=191141219&orderid=P1911161517220410108&transaction_id=20191116151721495654&amount=103.0000&datetime=20191116151825&returncode=00&sign=39FFBC35DF21422F041F120F9549B902&attach=1234|456
HTTP状态：
返回：OK

【2019-11-16 15:21:30】
订单号：20191116151805100531
通知地址：https://91876543.com/api/lottery/pay/notify/jfb/11706
通知报文：memberid=191141219&orderid=P1911161518066693221&transaction_id=20191116151805100531&amount=100.0000&datetime=20191116152130&returncode=00&sign=609390B9C54299CB8989946500A88758&attach=1234|456
HTTP状态：
返回：OK

【2019-11-16 16:13:41】
订单号：20191116161053100571
通知地址：https://payback3.lebopay.net/jfbscpay/scallback.php
通知报文：memberid=191209913&orderid=2019111604105092334903&transaction_id=20191116161053100571&amount=100.0000&datetime=20191116161339&returncode=00&sign=1F717C118607AB2B85046C21FBB5D5D0&attach=41536-ea853ae44657ebedfac5313c0a7c70de
HTTP状态：
返回：OK

【2019-11-16 16:34:19】
订单号：20191116163314979756
通知地址：https://91876543.com/api/lottery/pay/notify/jfb/11706
通知报文：memberid=191141219&orderid=P1911161633160046707&transaction_id=20191116163314979756&amount=100.0000&datetime=20191116163419&returncode=00&sign=B1F315EC61C23EF9FA042B8FFA717E74&attach=1234|456
HTTP状态：
返回：OK

【2019-11-16 16:52:16】
订单号：20191116165010505548
通知地址：https://91876543.com/api/lottery/pay/notify/jfb/11706
通知报文：memberid=191141219&orderid=P1911161650124477507&transaction_id=20191116165010505548&amount=100.0000&datetime=20191116165216&returncode=00&sign=0E9D5CB08093E27D8CDAD7DD2D5C4B34&attach=1234|456
HTTP状态：
返回：OK

【2019-11-16 16:59:47】
订单号：20191116165711555110
通知地址：https://91876543.com/api/lottery/pay/notify/jfb/11706
通知报文：memberid=191141219&orderid=P1911161657120179183&transaction_id=20191116165711555110&amount=100.0000&datetime=20191116165947&returncode=00&sign=281E24794CA7A3AA0D7BFCF4D36F5203&attach=1234|456
HTTP状态：
返回：OK

【2019-11-16 17:14:37】
订单号：20191116171319102100
通知地址：https://91876543.com/api/lottery/pay/notify/jfb/11706
通知报文：memberid=191141219&orderid=P1911161713213683218&transaction_id=20191116171319102100&amount=500.0000&datetime=20191116171436&returncode=00&sign=01E3CC04737A319C137F184EE6BA1D69&attach=1234|456
HTTP状态：
返回：OK

【2019-11-16 17:23:48】
订单号：20191116172208489897
通知地址：https://91876543.com/api/lottery/pay/notify/jfb/11706
通知报文：memberid=191141219&orderid=P1911161722101971648&transaction_id=20191116172208489897&amount=300.0000&datetime=20191116172348&returncode=00&sign=790AE441A133FF06DBAFB683F0B27F0F&attach=1234|456
HTTP状态：
返回：OK

【2019-11-16 17:28:05】
订单号：20191116171333100544
通知地址：http://pay1.dr5151.com/apis/pay_gateway/jiufujinzhifu/notice
通知报文：memberid=191209911&orderid=F201911161713317775&transaction_id=20191116171333100544&amount=100.0000&datetime=20191116172804&returncode=00&sign=B3F2F3D06DC90B87CF0472D1A35A21F5&attach=
HTTP状态：
返回：已处理过过的订单

【2019-11-16 17:28:45】
订单号：20191116172720565755
通知地址：https://payback3.lebopay.net/jfbscpay/scallback.php
通知报文：memberid=191209913&orderid=2019111605271842577670&transaction_id=20191116172720565755&amount=1000.0000&datetime=20191116172843&returncode=00&sign=B0395CD5F7D3B67237686E4E6990E527&attach=41536-38a4b4d9f588d8bcf9b223d812d74d93
HTTP状态：
返回：OK

【2019-11-16 17:28:52】
订单号：20191116171333100544
通知地址：http://pay1.dr5151.com/apis/pay_gateway/jiufujinzhifu/notice
通知报文：memberid=191209911&orderid=F201911161713317775&transaction_id=20191116171333100544&amount=100.0000&datetime=20191116172851&returncode=00&sign=CAF8EF39A5025D6E16B6F7410BF0B659&attach=
HTTP状态：
返回：已处理过过的订单

【2019-11-16 17:29:24】
订单号：20191116171333100544
通知地址：http://pay1.dr5151.com/apis/pay_gateway/jiufujinzhifu/notice
通知报文：memberid=191209911&orderid=F201911161713317775&transaction_id=20191116171333100544&amount=100.0000&datetime=20191116172924&returncode=00&sign=40670BCC488E09C5323B30ABFD30CDD4&attach=
HTTP状态：
返回：已处理过过的订单

【2019-11-16 17:29:29】
订单号：20191116171333100544
通知地址：http://pay1.dr5151.com/apis/pay_gateway/jiufujinzhifu/notice
通知报文：memberid=191209911&orderid=F201911161713317775&transaction_id=20191116171333100544&amount=100.0000&datetime=20191116172929&returncode=00&sign=1864BF510C86C9E942568D58D5D34F22&attach=
HTTP状态：
返回：已处理过过的订单

【2019-11-16 17:31:19】
订单号：20191116171333100544
通知地址：http://pay1.dr5151.com/apis/pay_gateway/jiufujinzhifu/notice
通知报文：memberid=191209911&orderid=F201911161713317775&transaction_id=20191116171333100544&amount=100.0000&datetime=20191116173119&returncode=00&sign=0257B658678FBE30A920A7E1DE2DC02B&attach=
HTTP状态：
返回：已处理过过的订单

【2019-11-16 17:39:04】
订单号：20191116173610979756
通知地址：https://payback3.lebopay.net/jfbscpay/scallback.php
通知报文：memberid=191209913&orderid=2019111605361072349454&transaction_id=20191116173610979756&amount=300.0000&datetime=20191116173902&returncode=00&sign=4C6AFB15290CCECB4023199336BA8E89&attach=41535-d209afb7117697ff35907fb0f2e19be0
HTTP状态：
返回：OK

【2019-11-16 17:41:37】
订单号：20191116174015102995
通知地址：https://payback3.lebopay.net/jfbscpay/scallback.php
通知报文：memberid=191209913&orderid=2019111605401397196858&transaction_id=20191116174015102995&amount=300.0000&datetime=20191116174135&returncode=00&sign=490E079B91DCDC9102840D2941BEE844&attach=41536-b763bd3b8b6aa135866212b962d20857
HTTP状态：
返回：OK

【2019-11-16 17:59:37】
订单号：20191116175815559748
通知地址：http://pay1.dr5151.com/apis/pay_gateway/jiufujinzhifu/notice
通知报文：memberid=191209911&orderid=F201911161758174571&transaction_id=20191116175815559748&amount=1000.0000&datetime=20191116175936&returncode=00&sign=B8D3A20E43D2841757802D33C04246D0&attach=
HTTP状态：
返回：OK

【2019-11-16 18:02:36】
订单号：20191116175808485499
通知地址：https://91876543.com/api/lottery/pay/notify/jfb/11706
通知报文：memberid=191141219&orderid=P1911161758102888838&transaction_id=20191116175808485499&amount=100.0000&datetime=20191116180236&returncode=00&sign=553DBFDC8E81C0B7B4FC01297EDB3905&attach=1234|456
HTTP状态：
返回：OK

【2019-11-16 18:07:01】
订单号：20191116175513495110
通知地址：https://payback3.lebopay.net/jfbscpay/scallback.php
通知报文：memberid=191209913&orderid=2019111605551257206858&transaction_id=20191116175513495110&amount=400.0000&datetime=20191116180659&returncode=00&sign=C8AEBD7FFF9B2CDB571C3C7FD12AD8F5&attach=41536-4118527ab51151200c8d5b9897fa5f0d
HTTP状态：
返回：OK

【2019-11-16 18:08:07】
订单号：20191116180612524910
通知地址：https://payback3.lebopay.net/jfbscpay/scallback.php
通知报文：memberid=191209913&orderid=2019111606060453134402&transaction_id=20191116180612524910&amount=200.0000&datetime=20191116180805&returncode=00&sign=FA9F1D1ABC308A35BBC5188764B21A10&attach=41536-bb3be7c1b4357836bed452b18fe1b030
HTTP状态：
返回：OK

【2019-11-16 18:14:37】
订单号：20191116180835515256
通知地址：http://pay1.dr5151.com/apis/pay_gateway/jiufujinzhifu/notice
通知报文：memberid=191209911&orderid=F201911161808359605&transaction_id=20191116180835515256&amount=100.0000&datetime=20191116181436&returncode=00&sign=AD0AA467218A418884E4F4046C845B9D&attach=
HTTP状态：
返回：OK

【2019-11-16 18:23:49】
订单号：20191116182051511015
通知地址：http://pay1.dr5151.com/apis/pay_gateway/jiufujinzhifu/notice
通知报文：memberid=191209911&orderid=F201911161820535787&transaction_id=20191116182051511015&amount=1000.0000&datetime=20191116182348&returncode=00&sign=85E96F16A4C11FA33D66E5B99635AA4D&attach=
HTTP状态：
返回：OK

【2019-11-16 18:30:13】
订单号：20191116182847102975
通知地址：http://pay1.dr5151.com/apis/pay_gateway/jiufujinzhifu/notice
通知报文：memberid=191209911&orderid=F201911161828496149&transaction_id=20191116182847102975&amount=100.1100&datetime=20191116183013&returncode=00&sign=D53F639BC2E0E8398DB05D703DEFC2A1&attach=
HTTP状态：
返回：OK

【2019-11-16 18:32:24】
订单号：20191116183129499756
通知地址：http://pay1.dr5151.com/apis/pay_gateway/jiufujinzhifu/notice
通知报文：memberid=191209911&orderid=F201911161831312135&transaction_id=20191116183129499756&amount=400.1100&datetime=20191116183224&returncode=00&sign=520765E14D7011661754C2CA55813C87&attach=
HTTP状态：
返回：OK

【2019-11-16 18:33:25】
订单号：20191116183159102989
通知地址：https://91876543.com/api/lottery/pay/notify/jfb/11706
通知报文：memberid=191141219&orderid=P1911161832017032042&transaction_id=20191116183159102989&amount=500.0000&datetime=20191116183325&returncode=00&sign=D120B5D42F9BC310C3567B29236D7BD5&attach=1234|456
HTTP状态：
返回：OK

【2019-11-16 18:54:11】
订单号：20191116185201495648
通知地址：https://payback3.lebopay.net/jfbscpay/scallback.php
通知报文：memberid=191209913&orderid=2019111606520101995784&transaction_id=20191116185201495648&amount=2000.0000&datetime=20191116185409&returncode=00&sign=4951476F00C153A4021170A204ED784C&attach=41536-17ec309f89180f1d22da724faf63ff3a
HTTP状态：
返回：OK

【2019-11-16 19:02:07】
订单号：20191116185228991005
通知地址：https://91876543.com/api/lottery/pay/notify/jfb/11706
通知报文：memberid=191141219&orderid=P1911161852307890222&transaction_id=20191116185228991005&amount=500.0000&datetime=20191116190207&returncode=00&sign=9304F927C461ACF9CA75FC2F3A34651F&attach=1234|456
HTTP状态：
返回：OK

【2019-11-16 19:11:03】
订单号：20191116190947989851
通知地址：https://payback3.lebopay.net/jfbscpay/scallback.php
通知报文：memberid=191209913&orderid=2019111607094787762039&transaction_id=20191116190947989851&amount=200.0000&datetime=20191116191101&returncode=00&sign=6AE98560CB27ED172BB1BF7C19DCDB64&attach=41536-e24a77ad65bc3ba679b687b71c607fba
HTTP状态：
返回：OK

【2019-11-16 19:14:55】
订单号：20191116191315985399
通知地址：https://91876543.com/api/lottery/pay/notify/jfb/11706
通知报文：memberid=191141219&orderid=P1911161913178611985&transaction_id=20191116191315985399&amount=500.0000&datetime=20191116191455&returncode=00&sign=34F2C9ED8591686F15C28B16731425D0&attach=1234|456
HTTP状态：
返回：OK

【2019-11-16 19:16:12】
订单号：20191116191424485554
通知地址：https://91876543.com/api/lottery/pay/notify/jfb/11706
通知报文：memberid=191141219&orderid=P1911161914267063575&transaction_id=20191116191424485554&amount=100.0000&datetime=20191116191611&returncode=00&sign=C4613E98617852A1F1C61D1951F5B08D&attach=1234|456
HTTP状态：
返回：OK

【2019-11-16 19:16:40】
订单号：20191116191500529897
通知地址：http://pay1.dr5151.com/apis/pay_gateway/jiufujinzhifu/notice
通知报文：memberid=191209911&orderid=F201911161914581686&transaction_id=20191116191500529897&amount=100.0000&datetime=20191116191639&returncode=00&sign=40B18334E02CE0AEACFB4731028BA6DF&attach=
HTTP状态：
返回：OK

【2019-11-16 19:43:09】
订单号：20191116194046101525
通知地址：http://pay1.dr5151.com/apis/pay_gateway/jiufujinzhifu/notice
通知报文：memberid=191209911&orderid=F201911161940426731&transaction_id=20191116194046101525&amount=100.0000&datetime=20191116194308&returncode=00&sign=F3BEA82A8742092C3C9544B1427D619D&attach=
HTTP状态：
返回：OK

【2019-11-16 19:48:55】
订单号：20191116194604995254
通知地址：http://pay1.dr5151.com/apis/pay_gateway/jiufujinzhifu/notice
通知报文：memberid=191209911&orderid=F201911161946032387&transaction_id=20191116194604995254&amount=401.0000&datetime=20191116194855&returncode=00&sign=C90219CD42EDC06E4F310C63EC164298&attach=
HTTP状态：
返回：OK

【2019-11-16 19:54:40】
订单号：20191116195308525451
通知地址：http://pay1.dr5151.com/apis/pay_gateway/jiufujinzhifu/notice
通知报文：memberid=191209911&orderid=F201911161953064113&transaction_id=20191116195308525451&amount=200.0000&datetime=20191116195438&returncode=00&sign=9CCAE721C92C89FB94C8869FA7A1005A&attach=
HTTP状态：
返回：OK

【2019-11-16 19:54:41】
订单号：20191116195324529956
通知地址：https://91876543.com/api/lottery/pay/notify/jfb/11706
通知报文：memberid=191141219&orderid=P1911161953274526069&transaction_id=20191116195324529956&amount=100.0000&datetime=20191116195441&returncode=00&sign=211A69D5195E1D44EB3DBE9B4C8F023F&attach=1234|456
HTTP状态：
返回：OK

【2019-11-16 19:56:49】
订单号：20191116195523989997
通知地址：http://150.109.59.33/tools/notify-1bcf_821736_b9b1_288010b_701d
通知报文：memberid=191189793&orderid=WX191116195522099236&transaction_id=20191116195523989997&amount=200.1100&datetime=20191116195649&returncode=00&sign=07D8638D11C0BD90EB88096A18609CAB&attach=
HTTP状态：
返回：ok

【2019-11-16 20:03:25】
订单号：20191116200143555710
通知地址：https://91876543.com/api/lottery/pay/notify/jfb/11706
通知报文：memberid=191141219&orderid=P1911162001402944315&transaction_id=20191116200143555710&amount=200.0000&datetime=20191116200325&returncode=00&sign=0ADA3FF3F041C520B21DD7517C1F7634&attach=1234|456
HTTP状态：
返回：OK

【2019-11-16 20:06:46】
订单号：20191116200526549751
通知地址：http://pay1.dr5151.com/apis/pay_gateway/jiufujinzhifu/notice
通知报文：memberid=191209911&orderid=F201911162005235607&transaction_id=20191116200526549751&amount=326.0000&datetime=20191116200636&returncode=00&sign=80BF6763C7B46A242AE6DB17748731F5&attach=
HTTP状态：
返回：

【2019-11-16 20:06:46】
订单号：20191116200526549751
通知地址：http://pay1.dr5151.com/apis/pay_gateway/jiufujinzhifu/notice
通知报文：memberid=191209911&orderid=F201911162005235607&transaction_id=20191116200526549751&amount=326.0000&datetime=20191116200646&returncode=00&sign=2EA85A6F8BD9A5F1B20A064E845BE299&attach=
HTTP状态：
返回：OK

【2019-11-16 20:15:21】
订单号：20191116201355511015
通知地址：https://91876543.com/api/lottery/pay/notify/jfb/11706
通知报文：memberid=191141219&orderid=P1911162013574855724&transaction_id=20191116201355511015&amount=200.0000&datetime=20191116201520&returncode=00&sign=966D662467765D46827444A9E8E61F55&attach=1234|456
HTTP状态：
返回：OK

【2019-11-16 20:29:05】
订单号：20191116202736565352
通知地址：https://91876543.com/api/lottery/pay/notify/jfb/11706
通知报文：memberid=191141219&orderid=P1911162027380025219&transaction_id=20191116202736565352&amount=110.0000&datetime=20191116202905&returncode=00&sign=46EEB491E2707AC722F4960005E65874&attach=1234|456
HTTP状态：
返回：OK

【2019-11-16 20:31:06】
订单号：20191116202949100555
通知地址：https://91876543.com/api/lottery/pay/notify/jfb/11706
通知报文：memberid=191141219&orderid=P1911162029510185626&transaction_id=20191116202949100555&amount=100.0000&datetime=20191116203106&returncode=00&sign=0E91C85CAF46EE68FCE0E13952AA6F87&attach=1234|456
HTTP状态：
返回：OK

【2019-11-16 20:33:44】
订单号：20191116203014545349
通知地址：http://pay.1youbox.com/onlinepay/jiufubaov2/notify.do
通知报文：memberid=191209910&orderid=2019111620301302855&transaction_id=20191116203014545349&amount=100.0000&datetime=20191116203343&returncode=00&sign=203847A9332E707E215CEFA883AE70A4&attach=
HTTP状态：
返回：OK

【2019-11-16 20:35:47】
订单号：20191116203409494910
通知地址：http://pay.1youbox.com/onlinepay/jiufubaov2/notify.do
通知报文：memberid=191209910&orderid=2019111620341102882&transaction_id=20191116203409494910&amount=101.0000&datetime=20191116203546&returncode=00&sign=90CFFE3927549652EB8D78A6B0EDFCB9&attach=
HTTP状态：
返回：OK

【2019-11-16 20:36:56】
订单号：20191116203528489952
通知地址：http://150.109.59.33/tools/notify-1bcf_821736_b9b1_288031e_702e
通知报文：memberid=191189793&orderid=WX191116203526682196&transaction_id=20191116203528489952&amount=200.1100&datetime=20191116203656&returncode=00&sign=FB7D6C01D35885BF405EB76D958CEF93&attach=
HTTP状态：
返回：ok

【2019-11-16 20:37:33】
订单号：20191116203614101509
通知地址：https://91876543.com/api/lottery/pay/notify/jfb/11706
通知报文：memberid=191141219&orderid=P1911162036165756289&transaction_id=20191116203614101509&amount=100.0000&datetime=20191116203733&returncode=00&sign=3243EA41D0A9923B51E9F0A7A04ED535&attach=1234|456
HTTP状态：
返回：OK

【2019-11-16 20:41:41】
订单号：20191116203941100485
通知地址：http://150.109.59.33/tools/notify-1bcf_821736_b9b1_288034b_7030
通知报文：memberid=191189793&orderid=WX191116203939328182&transaction_id=20191116203941100485&amount=200.1100&datetime=20191116204141&returncode=00&sign=CBB5686B150100D6FD981D05D27EDF5D&attach=
HTTP状态：
返回：ok

【2019-11-16 20:42:01】
订单号：20191116204011985654
通知地址：http://pay1.dr5151.com/apis/pay_gateway/jiufujinzhifu/notice
通知报文：memberid=191209911&orderid=F201911162040116529&transaction_id=20191116204011985654&amount=388.0000&datetime=20191116204158&returncode=00&sign=0609C5A416840DAC47CDB5306BFFC22B&attach=
HTTP状态：
返回：OK

【2019-11-16 20:42:10】
订单号：20191116204011985654
通知地址：http://pay1.dr5151.com/apis/pay_gateway/jiufujinzhifu/notice
通知报文：memberid=191209911&orderid=F201911162040116529&transaction_id=20191116204011985654&amount=388.0000&datetime=20191116204208&returncode=00&sign=D60557655A64713EF867CB3011AF3508&attach=
HTTP状态：
返回：已处理过过的订单

【2019-11-16 20:46:54】
订单号：20191116204539515410
通知地址：http://pay.vip6081.com/onlinepay/jiufubaov2/notify.do
通知报文：memberid=191155102&orderid=2019111620453802666&transaction_id=20191116204539515410&amount=200.0000&datetime=20191116204653&returncode=00&sign=B32803E1607E4964916397A1FE485466&attach=
HTTP状态：
返回：OK

【2019-11-16 20:49:27】
订单号：20191116203759559751
通知地址：https://91876543.com/api/lottery/pay/notify/jfb/11706
通知报文：memberid=191141219&orderid=P1911162038012098729&transaction_id=20191116203759559751&amount=100.0000&datetime=20191116204926&returncode=00&sign=5D077F0DF0A3202FAA06D3890B1C9D58&attach=1234|456
HTTP状态：
返回：OK

【2019-11-16 20:51:23】
订单号：20191116203759559751
通知地址：https://91876543.com/api/lottery/pay/notify/jfb/11706
通知报文：memberid=191141219&orderid=P1911162038012098729&transaction_id=20191116203759559751&amount=100.0000&datetime=20191116205123&returncode=00&sign=C131BA77E6F614E13301D562BA2B8BB8&attach=1234|456
HTTP状态：
返回：OK

【2019-11-16 21:06:42】
订单号：20191116210459985298
通知地址：http://pay.1youbox.com/onlinepay/jiufubaov2/notify.do
通知报文：memberid=191209910&orderid=2019111621045803104&transaction_id=20191116210459985298&amount=100.0000&datetime=20191116210641&returncode=00&sign=36C01C29A7D9263B330D99C2553BB56B&attach=
HTTP状态：
返回：OK

【2019-11-16 21:13:08】
订单号：20191116210540525498
通知地址：http://pay1.dr5151.com/apis/pay_gateway/jiufujinzhifu/notice
通知报文：memberid=191209911&orderid=F201911162105376350&transaction_id=20191116210540525498&amount=100.0000&datetime=20191116211307&returncode=00&sign=7060189A93D21DBCE110F2FA31431945&attach=
HTTP状态：
返回：OK

【2019-11-16 21:13:45】
订单号：20191116211201494850
通知地址：http://pay.1youbox.com/onlinepay/jiufubaov2/notify.do
通知报文：memberid=191209910&orderid=2019111621115503167&transaction_id=20191116211201494850&amount=200.0000&datetime=20191116211345&returncode=00&sign=E28C81657ABEFBCCF548C5F1D5E18D95&attach=
HTTP状态：
返回：OK

【2019-11-16 21:19:22】
订单号：20191116211621535048
通知地址：https://91876543.com/api/lottery/pay/notify/jfb/11706
通知报文：memberid=191141219&orderid=P1911162116232498164&transaction_id=20191116211621535048&amount=240.0000&datetime=20191116211920&returncode=00&sign=1245F3999462685EB09336EDB6512D86&attach=1234|456
HTTP状态：
返回：OK

【2019-11-16 21:20:02】
订单号：20191116211752489857
通知地址：http://pay.1youbox.com/onlinepay/jiufubaov2/notify.do
通知报文：memberid=191209910&orderid=2019111621175303203&transaction_id=20191116211752489857&amount=100.0000&datetime=20191116212000&returncode=00&sign=63068B0F8021BBA9907931129B8A1EC3&attach=
HTTP状态：
返回：OK

【2019-11-16 21:23:32】
订单号：20191116210402505048
通知地址：http://pay.9d9cdn.com/onlinepay/jiufubaov2/notify.do
通知报文：memberid=191141449&orderid=2019111621040202482&transaction_id=20191116210402505048&amount=100.0000&datetime=20191116212332&returncode=00&sign=E13507AE5E1BBDAADCC157E56B7DDA07&attach=
HTTP状态：
返回：OK

【2019-11-16 21:25:06】
订单号：20191116211926101551
通知地址：http://pay1.dr5151.com/apis/pay_gateway/jiufujinzhifu/notice
通知报文：memberid=191209911&orderid=F201911162119239316&transaction_id=20191116211926101551&amount=100.0000&datetime=20191116212506&returncode=00&sign=A4F6315239F241EE731C5BF717242F88&attach=
HTTP状态：
返回：OK

【2019-11-16 21:28:33】
订单号：20191116212643515655
通知地址：https://91876543.com/api/lottery/pay/notify/jfb/11706
通知报文：memberid=191141219&orderid=P1911162126459402712&transaction_id=20191116212643515655&amount=100.0000&datetime=20191116212832&returncode=00&sign=73311B7F30FAF37EE80481EBC7F1CC1C&attach=1234|456
HTTP状态：
返回：OK

【2019-11-16 21:45:07】
订单号：20191116214348525052
通知地址：https://91876543.com/api/lottery/pay/notify/jfb/11706
通知报文：memberid=191141219&orderid=P1911162143505015196&transaction_id=20191116214348525052&amount=100.0000&datetime=20191116214507&returncode=00&sign=559812B13E2D33D27E9FB825D82D75D1&attach=1234|456
HTTP状态：
返回：OK

【2019-11-16 21:53:19】
订单号：20191116215146504810
通知地址：http://pay.vip6081.com/onlinepay/jiufubaov2/notify.do
通知报文：memberid=191155102&orderid=2019111621514603194&transaction_id=20191116215146504810&amount=200.0000&datetime=20191116215318&returncode=00&sign=E46B0CEC1350F5F854346E15D3AE5162&attach=
HTTP状态：
返回：OK

【2019-11-16 21:54:27】
订单号：20191116215235515455
通知地址：https://91876543.com/api/lottery/pay/notify/jfb/11706
通知报文：memberid=191141219&orderid=P1911162152377727686&transaction_id=20191116215235515455&amount=100.0000&datetime=20191116215426&returncode=00&sign=5465264794C35E9E2123BA1F38471833&attach=1234|456
HTTP状态：
返回：OK

【2019-11-16 22:07:28】
订单号：20191116220212529751
通知地址：http://pay.vip6081.com/onlinepay/jiufubaov2/notify.do
通知报文：memberid=191155102&orderid=2019111622014803252&transaction_id=20191116220212529751&amount=200.0000&datetime=20191116220728&returncode=00&sign=F12D0BF2B342A2B9FD5F3EAC8D57029C&attach=
HTTP状态：
返回：OK

【2019-11-16 22:24:07】
订单号：20191116222130971005
通知地址：http://pay.1youbox.com/onlinepay/jiufubaov2/notify.do
通知报文：memberid=191209910&orderid=2019111622212803574&transaction_id=20191116222130971005&amount=200.0000&datetime=20191116222406&returncode=00&sign=1B684677AE19380143D25898EA162BF6&attach=
HTTP状态：
返回：OK

【2019-11-16 22:35:49】
订单号：20191116223401575053
通知地址：http://150.109.59.33/tools/notify-1bcf_821736_b9b1_288085f_7076
通知报文：memberid=191189793&orderid=WX191116223359649804&transaction_id=20191116223401575053&amount=200.1100&datetime=20191116223549&returncode=00&sign=7CECADA62E179324299FCCA76C168E2A&attach=
HTTP状态：
返回：ok

【2019-11-16 22:38:37】
订单号：20191116223632484810
通知地址：http://pay.768qppay1.com:5222/pay/api/callback/JIUFUBAOZF/1171
通知报文：memberid=191169232&orderid=20191116223631674eVK&transaction_id=20191116223632484810&amount=200.0000&datetime=20191116223837&returncode=00&sign=864ABA1F78EE61ADAFDB6AE4E14B4FDF&attach=
HTTP状态：
返回：{"status":-1,"msg":"网络维护中，稍后再试.","data":null}

【2019-11-16 22:39:09】
订单号：20191116223632484810
通知地址：http://pay.768qppay1.com:5222/pay/api/callback/JIUFUBAOZF/1171
通知报文：memberid=191169232&orderid=20191116223631674eVK&transaction_id=20191116223632484810&amount=200.0000&datetime=20191116223909&returncode=00&sign=74DC5E80A43DA55907E28782D27FA5DB&attach=
HTTP状态：
返回：{"status":-1,"msg":"网络维护中，稍后再试.","data":null}

【2019-11-16 22:45:28】
订单号：20191116224427989751
通知地址：https://payback3.lebopay.net/jfbscpay/scallback.php
通知报文：memberid=191209913&orderid=2019111610442516070586&transaction_id=20191116224427989751&amount=100.0000&datetime=20191116224525&returncode=00&sign=7540689288F0AFFBCD9469CB7681981E&attach=41536-810ea968b12c7645fa8dcf01bc85e11b
HTTP状态：
返回：OK

【2019-11-16 23:06:06】
订单号：20191116230346504855
通知地址：https://payback3.lebopay.net/jfbscpay/scallback.php
通知报文：memberid=191209913&orderid=2019111611034224609926&transaction_id=20191116230346504855&amount=100.0000&datetime=20191116230604&returncode=00&sign=EEFF77EFF9A67571FDF2E3B2B1A8EA75&attach=41535-69e31b2c86c75e2bf5dfd1a83e98327a
HTTP状态：
返回：OK

【2019-11-16 23:14:06】
订单号：20191116231203515057
通知地址：http://pay.vip6081.com/onlinepay/jiufubaov2/notify.do
通知报文：memberid=191155102&orderid=2019111623120203505&transaction_id=20191116231203515057&amount=100.0000&datetime=20191116231405&returncode=00&sign=71AC1556003B131B368CDA12C555BC1A&attach=
HTTP状态：
返回：OK

【2019-11-16 23:15:14】
订单号：20191116231258975050
通知地址：http://pay1.dr5151.com/apis/pay_gateway/jiufujinzhifu/notice
通知报文：memberid=191209911&orderid=F201911162312534221&transaction_id=20191116231258975050&amount=100.0000&datetime=20191116231512&returncode=00&sign=686B3A57A53627FFF1C2BCC4A07F7FC7&attach=
HTTP状态：
返回：OK

【2019-11-16 23:15:24】
订单号：20191116230535102481
通知地址：https://payback3.lebopay.net/jfbscpay/scallback.php
通知报文：memberid=191209913&orderid=2019111611053639140586&transaction_id=20191116230535102481&amount=200.0000&datetime=20191116231522&returncode=00&sign=0346649ED67E35D8333E3D6509048D04&attach=41536-83175823661dd4f36462970b6264cb7e
HTTP状态：
返回：OK

【2019-11-16 23:28:56】
订单号：20191116232720565448
通知地址：http://pay.1youbox.com/onlinepay/jiufubaov2/notify.do
通知报文：memberid=191209910&orderid=2019111623272003787&transaction_id=20191116232720565448&amount=100.0000&datetime=20191116232855&returncode=00&sign=4C8BE0EE0B4B18222735205442341D90&attach=
HTTP状态：
返回：OK

【2019-11-16 23:51:31】
订单号：20191117075130501015
通知地址：https://payback3.lebopay.net/jfbscpay/scallback.php
通知报文：memberid=191209913&orderid=2019111611491329990586&transaction_id=20191117075130501015&amount=200.0000&datetime=20191116235129&returncode=00&sign=BB76F8CA16431EC9E453DB4EE8DE1C08&attach=41536-22e6c84519ac47011472ea357a959f17
HTTP状态：
返回：OK

【2019-11-16 23:54:42】
订单号：20191116235315984810
通知地址：http://pay1.dr5151.com/apis/pay_gateway/jiufujinzhifu/notice
通知报文：memberid=191209911&orderid=F201911162353137318&transaction_id=20191116235315984810&amount=276.0000&datetime=20191116235441&returncode=00&sign=EDF234E80025ACB4097278C637E40B58&attach=
HTTP状态：
返回：OK

