【2019-12-01 00:02:24】
订单号：20191201000055559898
通知地址：http://150.109.59.33/tools/notify-1bcf_8d8f17_b9b1_28aa532_88d8
通知报文：memberid=191189793&orderid=WX191201000055095210&transaction_id=20191201000055559898&amount=200.1100&datetime=20191201000224&returncode=00&sign=7B5DD7B247FEB0E33568042595D61D84&attach=
HTTP状态：
返回：ok

【2019-12-01 00:03:42】
订单号：20191201000202971015
通知地址：http://pay.1youbox.com/onlinepay/jiufubaov2/notify.do
通知报文：memberid=191209910&orderid=2019120100020000006&transaction_id=20191201000202971015&amount=300.0000&datetime=20191201000342&returncode=00&sign=C8E15BBE5764BFB80054AF0AAA14C6E9&attach=
HTTP状态：
返回：OK

【2019-12-01 00:05:06】
订单号：20191201000357100555
通知地址：http://pay.vip6081.com/onlinepay/jiufubaov2/notify.do
通知报文：memberid=191155102&orderid=2019120100035500011&transaction_id=20191201000357100555&amount=190.0000&datetime=20191201000506&returncode=00&sign=49EC52ABCB57F2FB599B0DAB9F8A425A&attach=
HTTP状态：
返回：OK

【2019-12-01 00:08:56】
订单号：20191201000657495698
通知地址：https://payback3.lebopay.net/jfbscpay/scallback.php
通知报文：memberid=191209913&orderid=2019113012065262229508&transaction_id=20191201000657495698&amount=100.0000&datetime=20191201000853&returncode=00&sign=58691AB1948FE6BA13738C1B3F3463F5&attach=41535-20cf18488cdb2043ebf86d1e14ee1bd4
HTTP状态：
返回：OK

【2019-12-01 00:17:59】
订单号：20191201001552565310
通知地址：https://payback3.lebopay.net/jfbscpay/scallback.php
通知报文：memberid=191209913&orderid=2019113012154740489508&transaction_id=20191201001552565310&amount=100.0000&datetime=20191201001757&returncode=00&sign=93712A1D3902AE5F023257584878CEAB&attach=41535-9d567836c236caff5ca7f641d6d595e1
HTTP状态：
返回：OK

【2019-12-01 00:19:26】
订单号：20191201001813535553
通知地址：http://pay1.dr5151.com/apis/pay_gateway/jiufujinzhifu/notice
通知报文：memberid=191209911&orderid=F201912010018125400&transaction_id=20191201001813535553&amount=100.0000&datetime=20191201001926&returncode=00&sign=C4A26E0DF3D080158B25768E89909C1F&attach=
HTTP状态：
返回：OK

【2019-12-01 10:11:38】
订单号：20191201100929575154
通知地址：http://pay.ffc585.com/JiuFuBaoZhiFuReturn/Index
通知报文：memberid=191205418&orderid=RK310464170328354173&transaction_id=20191201100929575154&amount=200.0000&datetime=20191201101138&returncode=00&sign=7E4F299D47BAD3069F310589EE530A01&attach=
HTTP状态：
返回：OK

【2019-12-01 10:51:56】
订单号：20191201104821535155
通知地址：http://pay1.dr5151.com/apis/pay_gateway/jiufujinzhifu/notice
通知报文：memberid=191209911&orderid=F201912011048204798&transaction_id=20191201104821535155&amount=100.0000&datetime=20191201105156&returncode=00&sign=BDBBD9F5B1D5294FBDD9341BF684A761&attach=
HTTP状态：
返回：OK

【2019-12-01 10:57:18】
订单号：20191201105423102481
通知地址：http://pay1.dr5151.com/apis/pay_gateway/jiufujinzhifu/notice
通知报文：memberid=191209911&orderid=F201912011054194605&transaction_id=20191201105423102481&amount=1000.0000&datetime=20191201105718&returncode=00&sign=266B2C6B1D1CFFCD1FA779F2B2E5DF22&attach=
HTTP状态：
返回：OK

【2019-12-01 11:00:26】
订单号：20191201105858509753
通知地址：http://pay1.dr5151.com/apis/pay_gateway/jiufujinzhifu/notice
通知报文：memberid=191209911&orderid=F201912011058526318&transaction_id=20191201105858509753&amount=1500.0000&datetime=20191201110025&returncode=00&sign=B15CF03352482B84C801D0D95EBB413E&attach=
HTTP状态：
返回：OK

【2019-12-01 11:13:12】
订单号：20191201110754975610
通知地址：http://pay.vip6081.com/onlinepay/jiufubaov2/notify.do
通知报文：memberid=191155102&orderid=2019120111075200597&transaction_id=20191201110754975610&amount=200.0000&datetime=20191201111312&returncode=00&sign=6CD3AFB04045D5C3121B7B20BE33341E&attach=
HTTP状态：
返回：OK

【2019-12-01 11:13:57】
订单号：20191201111206545799
通知地址：http://pay.1youbox.com/onlinepay/jiufubaov2/notify.do
通知报文：memberid=191209910&orderid=2019120111120101213&transaction_id=20191201111206545799&amount=1000.0000&datetime=20191201111357&returncode=00&sign=26DD595C456096F56B27C2AAF85DD30C&attach=
HTTP状态：
返回：OK

【2019-12-01 11:14:53】
订单号：20191201111336485010
通知地址：http://pay.1youbox.com/onlinepay/jiufubaov2/notify.do
通知报文：memberid=191209910&orderid=2019120111133401220&transaction_id=20191201111336485010&amount=100.0000&datetime=20191201111453&returncode=00&sign=96BB0D74F1BD4D39114BACD58BF30763&attach=
HTTP状态：
返回：OK

【2019-12-01 11:19:38】
订单号：20191201111242975199
通知地址：http://pay1.dr5151.com/apis/pay_gateway/jiufujinzhifu/notice
通知报文：memberid=191209911&orderid=F201912011112411653&transaction_id=20191201111242975199&amount=100.0000&datetime=20191201111937&returncode=00&sign=A48AFFA3B8EA0889EF3521CD77F8DAA0&attach=
HTTP状态：
返回：OK

【2019-12-01 11:20:53】
订单号：20191201111932521005
通知地址：http://pay.1youbox.com/onlinepay/jiufubaov2/notify.do
通知报文：memberid=191209910&orderid=2019120111193101257&transaction_id=20191201111932521005&amount=100.0000&datetime=20191201112053&returncode=00&sign=39FCB93A87F2CC6B7F7C0E9FF45480D3&attach=
HTTP状态：
返回：OK

【2019-12-01 11:26:50】
订单号：20191201112442974949
通知地址：http://pay1.dr5151.com/apis/pay_gateway/jiufujinzhifu/notice
通知报文：memberid=191209911&orderid=F201912011124364092&transaction_id=20191201112442974949&amount=200.0000&datetime=20191201112650&returncode=00&sign=306E88ED90A952ADA6972E65B9EAC47A&attach=
HTTP状态：
返回：OK

【2019-12-01 11:28:03】
订单号：20191201112634975752
通知地址：http://pay1.dr5151.com/apis/pay_gateway/jiufujinzhifu/notice
通知报文：memberid=191209911&orderid=F201912011126331559&transaction_id=20191201112634975752&amount=101.0000&datetime=20191201112803&returncode=00&sign=580334268EA0EFC18111A33A4AA97F9B&attach=
HTTP状态：
返回：OK

【2019-12-01 11:29:00】
订单号：20191201112736561014
通知地址：http://pay1.dr5151.com/apis/pay_gateway/jiufujinzhifu/notice
通知报文：memberid=191209911&orderid=F201912011127356008&transaction_id=20191201112736561014&amount=200.0000&datetime=20191201112900&returncode=00&sign=1AA8BCD4E7139CF54577B2DC4A11D1FF&attach=
HTTP状态：
返回：OK

【2019-12-01 11:35:32】
订单号：20191201113233495754
通知地址：https://pay.fh89zf.com/onlinePay/notify/p2jiufubaov2.do
通知报文：memberid=191194184&orderid=D2019120111322600212&transaction_id=20191201113233495754&amount=1000.0000&datetime=20191201113532&returncode=00&sign=89CABED4B78C9EEE0AC54273B7C26CE9&attach=
HTTP状态：
返回：OK

【2019-12-01 11:42:20】
订单号：20191201114057575150
通知地址：https://91876543.com/api/lottery/pay/notify/jfb/11706
通知报文：memberid=191141219&orderid=P1912011140561945546&transaction_id=20191201114057575150&amount=100.0000&datetime=20191201114219&returncode=00&sign=6A18B3A2A30B1857DBA76848EE427CD0&attach=1234|456
HTTP状态：
返回：OK

【2019-12-01 11:49:04】
订单号：20191201113943102539
通知地址：http://pay1.dr5151.com/apis/pay_gateway/jiufujinzhifu/notice
通知报文：memberid=191209911&orderid=F201912011139429259&transaction_id=20191201113943102539&amount=200.0000&datetime=20191201114903&returncode=00&sign=74873473FAB664B0F7F1C567BAD35BD4&attach=
HTTP状态：
返回：OK

【2019-12-01 11:53:36】
订单号：20191201115157100501
通知地址：https://91876543.com/api/lottery/pay/notify/jfb/11706
通知报文：memberid=191141219&orderid=P1912011151566259554&transaction_id=20191201115157100501&amount=200.0000&datetime=20191201115335&returncode=00&sign=0CFED06221CC028D2F6A1C0F67E9A1A7&attach=1234|456
HTTP状态：
返回：OK

【2019-12-01 12:02:25】
订单号：20191201120044994999
通知地址：http://pay1.dr5151.com/apis/pay_gateway/jiufujinzhifu/notice
通知报文：memberid=191209911&orderid=F201912011200393377&transaction_id=20191201120044994999&amount=200.0000&datetime=20191201120224&returncode=00&sign=2C1D8DA78C35D8D2D490225052110967&attach=
HTTP状态：
返回：OK

【2019-12-01 12:02:31】
订单号：20191201120054545754
通知地址：https://payback3.lebopay.net/jfbscpay/scallback.php
通知报文：memberid=191209913&orderid=2019120100004620909508&transaction_id=20191201120054545754&amount=100.0000&datetime=20191201120228&returncode=00&sign=51368EDBC66E5426756F51C630AD17B3&attach=41535-4ea7de2670c2899e39cc45603cfa6466
HTTP状态：
返回：OK

【2019-12-01 12:03:17】
订单号：20191201120207102995
通知地址：http://pay1.dr5151.com/apis/pay_gateway/jiufujinzhifu/notice
通知报文：memberid=191209911&orderid=F201912011202031507&transaction_id=20191201120207102995&amount=100.0000&datetime=20191201120317&returncode=00&sign=7BE8E7D4024BF91145DFFD8B869237BA&attach=
HTTP状态：
返回：OK

【2019-12-01 12:03:32】
订单号：20191201120135102549
通知地址：https://91876543.com/api/lottery/pay/notify/jfb/11706
通知报文：memberid=191141219&orderid=P1912011201342332156&transaction_id=20191201120135102549&amount=100.0000&datetime=20191201120332&returncode=00&sign=2F43F8E14A0A102D1440F9138501A824&attach=1234|456
HTTP状态：
返回：OK

【2019-12-01 12:09:20】
订单号：20191201120735555450
通知地址：https://payback3.lebopay.net/jfbscpay/scallback.php
通知报文：memberid=191209913&orderid=2019120100073034569508&transaction_id=20191201120735555450&amount=100.0000&datetime=20191201120918&returncode=00&sign=19DEBA9FF2FACC244D6168BC1B876ABD&attach=41535-12c445d06a72bb439a04c0821320a210
HTTP状态：
返回：OK

【2019-12-01 12:10:31】
订单号：20191201120727102541
通知地址：http://pay.1youbox.com/onlinepay/jiufubaov2/notify.do
通知报文：memberid=191209910&orderid=2019120112072501414&transaction_id=20191201120727102541&amount=100.0000&datetime=20191201121030&returncode=00&sign=43A9C9607C7A3EC69276379B9928BD8A&attach=
HTTP状态：
返回：OK

【2019-12-01 12:15:14】
订单号：20191201121304484854
通知地址：http://pay1.dr5151.com/apis/pay_gateway/jiufujinzhifu/notice
通知报文：memberid=191209911&orderid=F201912011213025132&transaction_id=20191201121304484854&amount=100.0000&datetime=20191201121513&returncode=00&sign=C408B36174308E1C5747ACF28A5C8EAB&attach=
HTTP状态：
返回：OK

【2019-12-01 12:18:44】
订单号：20191201121546505457
通知地址：http://pay.1youbox.com/onlinepay/jiufubaov2/notify.do
通知报文：memberid=191209910&orderid=2019120112154301449&transaction_id=20191201121546505457&amount=100.0000&datetime=20191201121844&returncode=00&sign=6BCA4DC928DB46252495E8959B31DEC5&attach=
HTTP状态：
返回：OK

【2019-12-01 12:20:57】
订单号：20191201121855102541
通知地址：https://payback3.lebopay.net/jfbscpay/scallback.php
通知报文：memberid=191209913&orderid=2019120100185028719508&transaction_id=20191201121855102541&amount=100.0000&datetime=20191201122055&returncode=00&sign=186C5CE831E1F914AEE1E0E31001093B&attach=41535-caa608d75da14a565d76601351a3260c
HTTP状态：
返回：OK

【2019-12-01 12:21:41】
订单号：20191201122008565052
通知地址：http://pay1.dr5151.com/apis/pay_gateway/jiufujinzhifu/notice
通知报文：memberid=191209911&orderid=F201912011220068155&transaction_id=20191201122008565052&amount=100.0000&datetime=20191201122141&returncode=00&sign=D0BD01A4D50485E1821BD7DCBEC6EFF6&attach=
HTTP状态：
返回：OK

【2019-12-01 12:30:53】
订单号：20191201122935102495
通知地址：http://pay.1youbox.com/onlinepay/jiufubaov2/notify.do
通知报文：memberid=191209910&orderid=2019120112293401510&transaction_id=20191201122935102495&amount=100.0000&datetime=20191201123052&returncode=00&sign=131C5C29618517DFEC4DB36786E85260&attach=
HTTP状态：
返回：OK

【2019-12-01 12:41:10】
订单号：20191201123513499899
通知地址：http://pay.1youbox.com/onlinepay/jiufubaov2/notify.do
通知报文：memberid=191209910&orderid=2019120112351101540&transaction_id=20191201123513499899&amount=200.0000&datetime=20191201124109&returncode=00&sign=6F88263FCCCF339C79B7DCC0728C8580&attach=
HTTP状态：
返回：OK

【2019-12-01 12:41:32】
订单号：20191201123009495048
通知地址：http://pay.ffc585.com/JiuFuBaoZhiFuReturn/Index
通知报文：memberid=191205418&orderid=RK310369424067838621&transaction_id=20191201123009495048&amount=200.0000&datetime=20191201124131&returncode=00&sign=B5C7F6F2F688417209344F9A585DC4F3&attach=
HTTP状态：
返回：OK

【2019-12-01 12:42:29】
订单号：20191201124113575457
通知地址：https://91876543.com/api/lottery/pay/notify/jfb/11706
通知报文：memberid=191141219&orderid=P1912011241126727903&transaction_id=20191201124113575457&amount=100.0000&datetime=20191201124229&returncode=00&sign=F42F19422CAB9CE7A951E9195F601018&attach=1234|456
HTTP状态：
返回：OK

【2019-12-01 12:48:54】
订单号：20191201124723985254
通知地址：http://pay.ffc585.com/JiuFuBaoZhiFuReturn/Index
通知报文：memberid=191205418&orderid=RK310653804067926313&transaction_id=20191201124723985254&amount=260.0000&datetime=20191201124854&returncode=00&sign=810C9184067109C14B9CEACDAE6A37B5&attach=
HTTP状态：
返回：OK

【2019-12-01 12:51:23】
订单号：20191201124937495356
通知地址：http://pay1.dr5151.com/apis/pay_gateway/jiufujinzhifu/notice
通知报文：memberid=191209911&orderid=F201912011249146541&transaction_id=20191201124937495356&amount=300.0000&datetime=20191201125122&returncode=00&sign=E022C7BCD2BFDC78312F44405F662F9D&attach=
HTTP状态：
返回：OK

【2019-12-01 13:00:00】
订单号：20191201125753495151
通知地址：https://91876543.com/api/lottery/pay/notify/jfb/11706
通知报文：memberid=191141219&orderid=P1912011257520812175&transaction_id=20191201125753495151&amount=100.0000&datetime=20191201125959&returncode=00&sign=EDF583A93BB64765376D2FAEF9ADD0E4&attach=1234|456
HTTP状态：
返回：OK

【2019-12-01 13:01:47】
订单号：20191201125843511005
通知地址：http://pay.1youbox.com/onlinepay/jiufubaov2/notify.do
通知报文：memberid=191209910&orderid=2019120112584101629&transaction_id=20191201125843511005&amount=100.0000&datetime=20191201130146&returncode=00&sign=65BAD4447B7A88D68C1D35E7A0BCDFFF&attach=
HTTP状态：
返回：OK

【2019-12-01 13:01:58】
订单号：20191201130027989751
通知地址：http://pay.1youbox.com/onlinepay/jiufubaov2/notify.do
通知报文：memberid=191209910&orderid=2019120113002301638&transaction_id=20191201130027989751&amount=100.0000&datetime=20191201130158&returncode=00&sign=4246AAB6DA2E1D25A75BB360C21F47F7&attach=
HTTP状态：
返回：OK

【2019-12-01 13:03:20】
订单号：20191201130209495310
通知地址：http://pay1.dr5151.com/apis/pay_gateway/jiufujinzhifu/notice
通知报文：memberid=191209911&orderid=F201912011302078639&transaction_id=20191201130209495310&amount=400.0000&datetime=20191201130320&returncode=00&sign=44FE0559F69228A2F63643BA3750AA6F&attach=
HTTP状态：
返回：OK

【2019-12-01 13:06:17】
订单号：20191201130407555299
通知地址：http://pay.1youbox.com/onlinepay/jiufubaov2/notify.do
通知报文：memberid=191209910&orderid=2019120113040301658&transaction_id=20191201130407555299&amount=1000.0000&datetime=20191201130617&returncode=00&sign=73710BD4102EFD1C4C06A6E0A61095B7&attach=
HTTP状态：
返回：OK

【2019-12-01 13:09:45】
订单号：20191201130754975010
通知地址：http://pay.1youbox.com/onlinepay/jiufubaov2/notify.do
通知报文：memberid=191209910&orderid=2019120113075201678&transaction_id=20191201130754975010&amount=200.0000&datetime=20191201130945&returncode=00&sign=4C80D5C248238531C25855E0E1B064FA&attach=
HTTP状态：
返回：OK

【2019-12-01 13:10:39】
订单号：20191201130928565353
通知地址：https://91876543.com/api/lottery/pay/notify/jfb/11706
通知报文：memberid=191141219&orderid=P1912011309278754819&transaction_id=20191201130928565353&amount=103.0000&datetime=20191201131038&returncode=00&sign=6D065460E9A21A7DA809A57BA12E6407&attach=1234|456
HTTP状态：
返回：OK

【2019-12-01 13:13:26】
订单号：20191201131052995555
通知地址：https://91876543.com/api/lottery/pay/notify/jfb/11706
通知报文：memberid=191141219&orderid=P1912011310514308885&transaction_id=20191201131052995555&amount=100.0000&datetime=20191201131326&returncode=00&sign=E4645E7774878862D48C75701DD05CF8&attach=1234|456
HTTP状态：
返回：OK

【2019-12-01 13:14:38】
订单号：20191201131324521009
通知地址：https://91876543.com/api/lottery/pay/notify/jfb/11706
通知报文：memberid=191141219&orderid=P1912011313236376923&transaction_id=20191201131324521009&amount=104.0000&datetime=20191201131438&returncode=00&sign=AA6BF3357D42896AA81C9BC245343111&attach=1234|456
HTTP状态：
返回：OK

【2019-12-01 13:15:21】
订单号：20191201131425495453
通知地址：https://91876543.com/api/lottery/pay/notify/jfb/11706
通知报文：memberid=191141219&orderid=P1912011314247913818&transaction_id=20191201131425495453&amount=101.0000&datetime=20191201131521&returncode=00&sign=D5DC9994792DDD381111DBC8506B2AD0&attach=1234|456
HTTP状态：
返回：OK

【2019-12-01 13:16:10】
订单号：20191201100924524850
通知地址：http://pay.1youbox.com/onlinepay/jiufubaov2/notify.do
通知报文：memberid=191209910&orderid=2019120110092100899&transaction_id=20191201100924524850&amount=150.0000&datetime=20191201131610&returncode=00&sign=201658D1CE7D9E95ECD010DD00316F18&attach=
HTTP状态：
返回：OK

【2019-12-01 13:17:32】
订单号：20191201131615102485
通知地址：https://91876543.com/api/lottery/pay/notify/jfb/11706
通知报文：memberid=191141219&orderid=P1912011316138233016&transaction_id=20191201131615102485&amount=130.0000&datetime=20191201131732&returncode=00&sign=36C2E6085459A02849273BE199C6FA00&attach=1234|456
HTTP状态：
返回：OK

【2019-12-01 13:22:18】
订单号：20191201132107515348
通知地址：http://pay.1youbox.com/onlinepay/jiufubaov2/notify.do
通知报文：memberid=191209910&orderid=2019120113210301765&transaction_id=20191201132107515348&amount=200.0000&datetime=20191201132216&returncode=00&sign=37BB59B1468B408549C71A37A737F4FB&attach=
HTTP状态：
返回：OK

【2019-12-01 13:24:08】
订单号：20191201132214545410
通知地址：https://91876543.com/api/lottery/pay/notify/jfb/11706
通知报文：memberid=191141219&orderid=P1912011322124480474&transaction_id=20191201132214545410&amount=104.0000&datetime=20191201132407&returncode=00&sign=C61FF07F993428387B689E7692DF42A3&attach=1234|456
HTTP状态：
返回：OK

【2019-12-01 13:24:21】
订单号：20191201132305575056
通知地址：http://e019cdb2app.miapp88api.com/Api/Home/payCallBack/jiufubao
通知报文：memberid=191121442&orderid=12011323046314&transaction_id=20191201132305575056&amount=200.0000&datetime=20191201132419&returncode=00&sign=9D02D06648ACC8FF97AF204DE04A7C22&attach=
HTTP状态：
返回：查询订单失败查询订单订单状态为未支付ok

【2019-12-01 13:25:14】
订单号：20191201132339981005
通知地址：https://91876543.com/api/lottery/pay/notify/jfb/11706
通知报文：memberid=191141219&orderid=P1912011323397787866&transaction_id=20191201132339981005&amount=100.0000&datetime=20191201132514&returncode=00&sign=FF5A9EACA4A1BA05A21364A2DD5CD00F&attach=1234|456
HTTP状态：
返回：OK

【2019-12-01 13:25:37】
订单号：20191201132209495154
通知地址：https://pay.fh89zf.com/onlinePay/notify/p2jiufubaov2.do
通知报文：memberid=191194184&orderid=D2019120113220400314&transaction_id=20191201132209495154&amount=300.0000&datetime=20191201132537&returncode=00&sign=E95E9F0FCC12874E817FE5B52D408537&attach=
HTTP状态：
返回：OK

【2019-12-01 13:25:54】
订单号：20191201132354971011
通知地址：http://pay.1youbox.com/onlinepay/jiufubaov2/notify.do
通知报文：memberid=191209910&orderid=2019120113235401780&transaction_id=20191201132354971011&amount=102.0000&datetime=20191201132554&returncode=00&sign=14BC39342F37715DA1CB856F17038807&attach=
HTTP状态：
返回：OK

【2019-12-01 13:28:55】
订单号：20191201132703559798
通知地址：https://pay.fh89zf.com/onlinePay/notify/p2jiufubaov2.do
通知报文：memberid=191194184&orderid=D2019120113265800322&transaction_id=20191201132703559798&amount=1000.0000&datetime=20191201132854&returncode=00&sign=079DE605620D71810CEEE408A4A25E7F&attach=
HTTP状态：
返回：OK

【2019-12-01 13:29:54】
订单号：20191201132742101971
通知地址：https://91876543.com/api/lottery/pay/notify/jfb/11706
通知报文：memberid=191141219&orderid=P1912011327410664602&transaction_id=20191201132742101971&amount=100.0000&datetime=20191201132954&returncode=00&sign=2B12B5444EB5FE8ABEF233E0C4093F96&attach=1234|456
HTTP状态：
返回：OK

【2019-12-01 13:32:37】
订单号：20191201131832564998
通知地址：http://pay.vip6081.com/onlinepay/jiufubaov2/notify.do
通知报文：memberid=191155102&orderid=2019120113183000935&transaction_id=20191201131832564998&amount=500.0000&datetime=20191201133237&returncode=00&sign=04B7A058AE67BA35BEF15B4CF7DE3E9D&attach=
HTTP状态：
返回：OK

【2019-12-01 13:34:29】
订单号：20191201133312564957
通知地址：http://pay.1youbox.com/onlinepay/jiufubaov2/notify.do
通知报文：memberid=191209910&orderid=2019120113325801834&transaction_id=20191201133312564957&amount=200.1000&datetime=20191201133429&returncode=00&sign=AF75E9EE6CC7DDC8D0797FB9E68F553A&attach=
HTTP状态：
返回：OK

【2019-12-01 13:52:47】
订单号：20191201135121574851
通知地址：http://pay.1youbox.com/onlinepay/jiufubaov2/notify.do
通知报文：memberid=191209910&orderid=2019120113511901919&transaction_id=20191201135121574851&amount=302.0000&datetime=20191201135247&returncode=00&sign=05C6C87E694164FF2E1216CD8D5C004F&attach=
HTTP状态：
返回：OK

【2019-12-01 13:52:57】
订单号：20191201134829100565
通知地址：https://91876543.com/api/lottery/pay/notify/jfb/11706
通知报文：memberid=191141219&orderid=P1912011348294314137&transaction_id=20191201134829100565&amount=105.0000&datetime=20191201135257&returncode=00&sign=2F0EE7FCB1908561AA36DE43A2A4E3DA&attach=1234|456
HTTP状态：
返回：OK

【2019-12-01 13:53:09】
订单号：20191201134616569810
通知地址：http://e019cdb2app.miapp88api.com/Api/Home/payCallBack/jiufubao
通知报文：memberid=191121442&orderid=12011346145731&transaction_id=20191201134616569810&amount=300.0000&datetime=20191201135307&returncode=00&sign=0D0C99EF292D78785783D949A2AAF566&attach=
HTTP状态：
返回：查询订单失败查询订单订单状态为未支付ok

【2019-12-01 13:53:43】
订单号：20191201135014545410
通知地址：http://pay.1youbox.com/onlinepay/jiufubaov2/notify.do
通知报文：memberid=191209910&orderid=2019120113501101915&transaction_id=20191201135014545410&amount=100.0000&datetime=20191201135343&returncode=00&sign=D818D3260588388D33C584C2EAC5C560&attach=
HTTP状态：
返回：OK

【2019-12-01 13:57:08】
订单号：20191201135533539998
通知地址：http://pay.1youbox.com/onlinepay/jiufubaov2/notify.do
通知报文：memberid=191209910&orderid=2019120113553301943&transaction_id=20191201135533539998&amount=120.0000&datetime=20191201135708&returncode=00&sign=891A4B46A1781EE30961B30174393C73&attach=
HTTP状态：
返回：OK

【2019-12-01 13:58:47】
订单号：20191201135732991005
通知地址：https://pay.fh89zf.com/onlinePay/notify/p2jiufubaov2.do
通知报文：memberid=191194184&orderid=D2019120113572900354&transaction_id=20191201135732991005&amount=300.0000&datetime=20191201135847&returncode=00&sign=2E0AEE827D1C438B2190B591337CF396&attach=
HTTP状态：
返回：OK

【2019-12-01 14:03:53】
订单号：20191201140010975551
通知地址：http://pay.vip6081.com/onlinepay/jiufubaov2/notify.do
通知报文：memberid=191155102&orderid=2019120114000701099&transaction_id=20191201140010975551&amount=500.0000&datetime=20191201140353&returncode=00&sign=484460E81519BECFC4B367F03C052AF9&attach=
HTTP状态：
返回：OK

【2019-12-01 14:04:08】
订单号：20191201140157535510
通知地址：https://pay.fh89zf.com/onlinePay/notify/p2jiufubaov2.do
通知报文：memberid=191194184&orderid=D2019120114014700358&transaction_id=20191201140157535510&amount=500.0000&datetime=20191201140407&returncode=00&sign=C1DF034FF035B43486126CBEC789DF88&attach=
HTTP状态：
返回：OK

【2019-12-01 14:16:39】
订单号：20191201141437100985
通知地址：https://pay.fh89zf.com/onlinePay/notify/p2jiufubaov2.do
通知报文：memberid=191194184&orderid=D2019120114142500367&transaction_id=20191201141437100985&amount=2000.0000&datetime=20191201141639&returncode=00&sign=02F298125C17FE38D30E6958E5A70C7C&attach=
HTTP状态：
返回：OK

【2019-12-01 14:22:33】
订单号：20191201142116999898
通知地址：https://pay.fh89zf.com/onlinePay/notify/p2jiufubaov2.do
通知报文：memberid=191194184&orderid=D2019120114211200372&transaction_id=20191201142116999898&amount=300.0000&datetime=20191201142233&returncode=00&sign=805855ACAB770E7433F702237CDF80EF&attach=
HTTP状态：
返回：OK

【2019-12-01 14:23:30】
订单号：20191201142144565057
通知地址：http://pay.vip6081.com/onlinepay/jiufubaov2/notify.do
通知报文：memberid=191155102&orderid=2019120114213301199&transaction_id=20191201142144565057&amount=100.0000&datetime=20191201142330&returncode=00&sign=516DC20A813EFAA4597BCB58AF86D9DC&attach=
HTTP状态：
返回：OK

【2019-12-01 14:42:52】
订单号：20191201144052525410
通知地址：http://e019cdb2app.miapp88api.com/Api/Home/payCallBack/jiufubao
通知报文：memberid=191121442&orderid=12011440507091&transaction_id=20191201144052525410&amount=300.0000&datetime=20191201144249&returncode=00&sign=8F9BDC48B5CA21C8530E8E88FA34ED7C&attach=
HTTP状态：
返回：查询订单失败查询订单订单状态为未支付ok

【2019-12-01 14:45:34】
订单号：20191201144236995010
通知地址：https://e019cdb2webapi.miapp66dom.com/Api/Home/payCallBack/jiufubao
通知报文：memberid=191121442&orderid=12011442343018&transaction_id=20191201144236995010&amount=100.0000&datetime=20191201144531&returncode=00&sign=45482C965A2CD441151808B2764CC97D&attach=
HTTP状态：
返回：查询订单失败查询订单订单状态为未支付ok

【2019-12-01 14:46:04】
订单号：20191201143331984851
通知地址：http://pay1.dr5151.com/apis/pay_gateway/jiufujinzhifu/notice
通知报文：memberid=191209911&orderid=F201912011433288892&transaction_id=20191201143331984851&amount=100.0000&datetime=20191201144603&returncode=00&sign=0F2C18445F00A9993F1422BDDA5B7FC2&attach=
HTTP状态：
返回：OK

【2019-12-01 14:51:44】
订单号：20191201144701539749
通知地址：http://pay.1youbox.com/onlinepay/jiufubaov2/notify.do
通知报文：memberid=191209910&orderid=2019120114465902149&transaction_id=20191201144701539749&amount=100.0000&datetime=20191201145143&returncode=00&sign=CCA9FEF7751F960EA608817BF51E2D91&attach=
HTTP状态：
返回：OK

【2019-12-01 14:55:56】
订单号：20191201145254545610
通知地址：http://pay.1youbox.com/onlinepay/jiufubaov2/notify.do
通知报文：memberid=191209910&orderid=2019120114525102181&transaction_id=20191201145254545610&amount=100.0000&datetime=20191201145556&returncode=00&sign=E48E9A09BBF1BE34EAC31887665DAF17&attach=
HTTP状态：
返回：OK

【2019-12-01 14:56:33】
订单号：20191201145125100101
通知地址：http://pay.vip6081.com/onlinepay/jiufubaov2/notify.do
通知报文：memberid=191155102&orderid=2019120114512301293&transaction_id=20191201145125100101&amount=200.0000&datetime=20191201145633&returncode=00&sign=62ED10B78FA1B4D4E4BE81B89921936E&attach=
HTTP状态：
返回：OK

【2019-12-01 14:59:00】
订单号：20191201145419985297
通知地址：http://pay.1youbox.com/onlinepay/jiufubaov2/notify.do
通知报文：memberid=191209910&orderid=2019120114541602186&transaction_id=20191201145419985297&amount=100.0000&datetime=20191201145859&returncode=00&sign=778FFBF67ADBEF04321FE2973EA4B741&attach=
HTTP状态：
返回：OK

【2019-12-01 15:03:25】
订单号：20191201150151102551
通知地址：http://pay.1youbox.com/onlinepay/jiufubaov2/notify.do
通知报文：memberid=191209910&orderid=2019120115014802210&transaction_id=20191201150151102551&amount=100.0000&datetime=20191201150325&returncode=00&sign=860CFCFE3B4E24265E159F926A0FDCE8&attach=
HTTP状态：
返回：OK

【2019-12-01 15:11:38】
订单号：20191201150859981025
通知地址：http://pay.1youbox.com/onlinepay/jiufubaov2/notify.do
通知报文：memberid=191209910&orderid=2019120115085702244&transaction_id=20191201150859981025&amount=100.0000&datetime=20191201151138&returncode=00&sign=2C5E0AAFBDCAA097FA75F706A6EE18C5&attach=
HTTP状态：
返回：OK

【2019-12-01 15:17:27】
订单号：20191201151429535451
通知地址：http://e019cdb2app.miapp88api.com/Api/Home/payCallBack/jiufubao
通知报文：memberid=191121442&orderid=12011514282557&transaction_id=20191201151429535451&amount=300.0000&datetime=20191201151725&returncode=00&sign=36C789C4093F0B1FF7EDF951D6DF0455&attach=
HTTP状态：
返回：查询订单失败查询订单订单状态为未支付ok

【2019-12-01 15:17:32】
订单号：20191201151613100985
通知地址：http://e019cdb2app.miapp88api.com/Api/Home/payCallBack/jiufubao
通知报文：memberid=191121442&orderid=12011516127031&transaction_id=20191201151613100985&amount=400.0000&datetime=20191201151730&returncode=00&sign=DB984C511942B4326AD790389F73A2A2&attach=
HTTP状态：
返回：查询订单失败查询订单订单状态为未支付ok

【2019-12-01 15:25:45】
订单号：20191201152306975055
通知地址：https://pay.fh89zf.com/onlinePay/notify/p2jiufubaov2.do
通知报文：memberid=191194184&orderid=D2019120115225800431&transaction_id=20191201152306975055&amount=100.0000&datetime=20191201152544&returncode=00&sign=EF38D143BB503A9EA80888897F117EA2&attach=
HTTP状态：
返回：OK

【2019-12-01 15:36:04】
订单号：20191201153349100571
通知地址：http://e019cdb2app.miapp88api.com/Api/Home/payCallBack/jiufubao
通知报文：memberid=191121442&orderid=12011533495821&transaction_id=20191201153349100571&amount=300.0000&datetime=20191201153602&returncode=00&sign=5FEAC2359B6FAC5E59E14FF1B25386BB&attach=
HTTP状态：
返回：查询订单失败查询订单订单状态为未支付ok

【2019-12-01 15:37:33】
订单号：20191201153606545410
通知地址：http://pay.1youbox.com/onlinepay/jiufubaov2/notify.do
通知报文：memberid=191209910&orderid=2019120115360302347&transaction_id=20191201153606545410&amount=200.0000&datetime=20191201153733&returncode=00&sign=426528C7E0477ECE3A9A77C7D63563AF&attach=
HTTP状态：
返回：OK

【2019-12-01 16:02:12】
订单号：20191201155843515210
通知地址：http://pay.1youbox.com/onlinepay/jiufubaov2/notify.do
通知报文：memberid=191209910&orderid=2019120115583802456&transaction_id=20191201155843515210&amount=300.0000&datetime=20191201160212&returncode=00&sign=A7B88242AEB652239F54B42A757F37E1&attach=
HTTP状态：
返回：OK

【2019-12-01 16:05:12】
订单号：20191201131620524898
通知地址：https://91876543.com/api/lottery/pay/notify/jfb/11706
通知报文：memberid=191141219&orderid=P1912011316198315568&transaction_id=20191201131620524898&amount=100.0000&datetime=20191201160512&returncode=00&sign=DD9E43A5B6E201946939F445A44A905A&attach=1234|456
HTTP状态：
返回：OK

【2019-12-01 16:07:42】
订单号：20191201160610509757
通知地址：http://pay.1youbox.com/onlinepay/jiufubaov2/notify.do
通知报文：memberid=191209910&orderid=2019120116060702493&transaction_id=20191201160610509757&amount=150.0000&datetime=20191201160742&returncode=00&sign=E0758E955D370CBBAC9A2BC4449A60B5&attach=
HTTP状态：
返回：OK

【2019-12-01 16:11:59】
订单号：20191201160947984851
通知地址：http://pay1.dr5151.com/apis/pay_gateway/jiufujinzhifu/notice
通知报文：memberid=191209911&orderid=F201912011609318033&transaction_id=20191201160947984851&amount=100.0000&datetime=20191201161158&returncode=00&sign=94FA4883486A1DF3DC9973E2F3C3C427&attach=
HTTP状态：
返回：OK

【2019-12-01 16:14:35】
订单号：20191201161316995155
通知地址：https://payback3.lebopay.net/jfbscpay/scallback.php
通知报文：memberid=191209913&orderid=2019120104131358432827&transaction_id=20191201161316995155&amount=100.0000&datetime=20191201161435&returncode=00&sign=58A1D4C27CB0E68E8197A05BEF232A70&attach=41535-85ebfeb73bdb72074a60165f77b1d2f2
HTTP状态：
返回：OK

【2019-12-01 16:14:35】
订单号：20191201161316995155
通知地址：https://payback3.lebopay.net/jfbscpay/scallback.php
通知报文：memberid=191209913&orderid=2019120104131358432827&transaction_id=20191201161316995155&amount=100.0000&datetime=20191201161433&returncode=00&sign=762D67C0876DBC8601334846B5FCABF1&attach=41535-85ebfeb73bdb72074a60165f77b1d2f2
HTTP状态：
返回：OK

【2019-12-01 16:14:55】
订单号：20191201161318101495
通知地址：http://pay.1youbox.com/onlinepay/jiufubaov2/notify.do
通知报文：memberid=191209910&orderid=2019120116131502527&transaction_id=20191201161318101495&amount=300.0000&datetime=20191201161455&returncode=00&sign=1CFA6AFFCFF6F66042F2BC9D969A9CBA&attach=
HTTP状态：
返回：OK

【2019-12-01 16:29:49】
订单号：20191201162247555451
通知地址：http://pay1.dr5151.com/apis/pay_gateway/jiufujinzhifu/notice
通知报文：memberid=191209911&orderid=F201912011622392837&transaction_id=20191201162247555451&amount=100.0000&datetime=20191201162949&returncode=00&sign=BB49992A66E31A50360FAA3CC46EE889&attach=
HTTP状态：
返回：OK

【2019-12-01 16:31:09】
订单号：20191201162115989857
通知地址：http://e019cdb2app.miapp88api.com/Api/Home/payCallBack/jiufubao
通知报文：memberid=191121442&orderid=12011621132031&transaction_id=20191201162115989857&amount=101.0000&datetime=20191201163107&returncode=00&sign=E8F92C3FABDC3D21C3DB25087775AC12&attach=
HTTP状态：
返回：查询订单失败查询订单订单状态为未支付ok

【2019-12-01 16:35:47】
订单号：20191201163318101511
通知地址：http://pay.1youbox.com/onlinepay/jiufubaov2/notify.do
通知报文：memberid=191209910&orderid=2019120116331602628&transaction_id=20191201163318101511&amount=200.0000&datetime=20191201163547&returncode=00&sign=6CB7F32637C10F623E3A7C2A0EBF19CA&attach=
HTTP状态：
返回：OK

【2019-12-01 16:41:48】
订单号：20191201164037535051
通知地址：http://e019cdb2app.miapp88api.com/Api/Home/payCallBack/jiufubao
通知报文：memberid=191121442&orderid=12011640355755&transaction_id=20191201164037535051&amount=200.0000&datetime=20191201164146&returncode=00&sign=48F443DD940C6E93A5C9F522F810BDD0&attach=
HTTP状态：
返回：查询订单失败查询订单订单状态为未支付ok

【2019-12-01 16:41:50】
订单号：20191201164009575610
通知地址：https://pay.fh89zf.com/onlinePay/notify/p2jiufubaov2.do
通知报文：memberid=191194184&orderid=D2019120116400000533&transaction_id=20191201164009575610&amount=100.0000&datetime=20191201164149&returncode=00&sign=7431002F92EACC4BEDB4EE35D06E1C11&attach=
HTTP状态：
返回：OK

【2019-12-01 16:48:10】
订单号：20191201164554505399
通知地址：https://pay.fh89zf.com/onlinePay/notify/p2jiufubaov2.do
通知报文：memberid=191194184&orderid=D2019120116454600540&transaction_id=20191201164554505399&amount=300.0000&datetime=20191201164809&returncode=00&sign=3E6BE514710153AF00AF801EF708C5AF&attach=
HTTP状态：
返回：OK

【2019-12-01 17:08:50】
订单号：20191201164441579955
通知地址：http://pay1.dr5151.com/apis/pay_gateway/jiufujinzhifu/notice
通知报文：memberid=191209911&orderid=F201912011644305490&transaction_id=20191201164441579955&amount=100.0000&datetime=20191201170849&returncode=00&sign=2C3BCC6DC473206BD9036F2DC61D3F97&attach=
HTTP状态：
返回：OK

【2019-12-01 17:13:51】
订单号：20191201171229100101
通知地址：http://pay1.dr5151.com/apis/pay_gateway/jiufujinzhifu/notice
通知报文：memberid=191209911&orderid=F201912011712252729&transaction_id=20191201171229100101&amount=100.0000&datetime=20191201171351&returncode=00&sign=0BC1BA03090D19833C8CBFCED847644A&attach=
HTTP状态：
返回：OK

【2019-12-01 17:14:04】
订单号：20191201171230101981
通知地址：https://payback3.lebopay.net/jfbscpay/scallback.php
通知报文：memberid=191209913&orderid=2019120105122576149508&transaction_id=20191201171230101981&amount=200.0000&datetime=20191201171401&returncode=00&sign=A7F6A3EBCC4E9AE1A9B754F29CEFDF1E&attach=41535-a32b11f54b2e37c84b741948cda4dd6c
HTTP状态：
返回：OK

【2019-12-01 17:16:01】
订单号：20191201171306505099
通知地址：http://pay1.dr5151.com/apis/pay_gateway/jiufujinzhifu/notice
通知报文：memberid=191209911&orderid=F201912011712579568&transaction_id=20191201171306505099&amount=100.0000&datetime=20191201171601&returncode=00&sign=9BADDB577535D332CC4A342A3B15DB4F&attach=
HTTP状态：
返回：OK

【2019-12-01 17:22:52】
订单号：20191201172019514850
通知地址：https://payback3.lebopay.net/jfbscpay/scallback.php
通知报文：memberid=191209913&orderid=2019120105201453469508&transaction_id=20191201172019514850&amount=100.0000&datetime=20191201172250&returncode=00&sign=D1ED5A6FDA20F7EFC19D9E8E3A94BEF7&attach=41535-e6d306d0fa77a3b60f185eff0a2686f2
HTTP状态：
返回：OK

【2019-12-01 17:25:03】
订单号：20191201172212529751
通知地址：http://pay1.dr5151.com/apis/pay_gateway/jiufujinzhifu/notice
通知报文：memberid=191209911&orderid=F201912011722021575&transaction_id=20191201172212529751&amount=100.0000&datetime=20191201172503&returncode=00&sign=D3482EC83D96866D1D731FF82780E240&attach=
HTTP状态：
返回：OK

【2019-12-01 17:29:32】
订单号：20191201172754979854
通知地址：http://pay1.dr5151.com/apis/pay_gateway/jiufujinzhifu/notice
通知报文：memberid=191209911&orderid=F201912011727506887&transaction_id=20191201172754979854&amount=400.0000&datetime=20191201172931&returncode=00&sign=DB539150CDA9862D011D78C374239B2D&attach=
HTTP状态：
返回：OK

【2019-12-01 17:30:45】
订单号：20191201172839555098
通知地址：https://pay.fh89zf.com/onlinePay/notify/p2jiufubaov2.do
通知报文：memberid=191194184&orderid=D2019120117283500594&transaction_id=20191201172839555098&amount=500.0000&datetime=20191201173044&returncode=00&sign=DB55C78EE5E43B82D776E9518916E595&attach=
HTTP状态：
返回：OK

【2019-12-01 17:35:47】
订单号：20191201173111102569
通知地址：http://pay.1youbox.com/onlinepay/jiufubaov2/notify.do
通知报文：memberid=191209910&orderid=2019120117310902883&transaction_id=20191201173111102569&amount=100.0000&datetime=20191201173547&returncode=00&sign=7053F2B9A24018924C0B77C2F1D05510&attach=
HTTP状态：
返回：OK

【2019-12-01 17:48:28】
订单号：20191201174634975749
通知地址：http://e019cdb2app.miapp88api.com/Api/Home/payCallBack/jiufubao
通知报文：memberid=191121442&orderid=12011746322308&transaction_id=20191201174634975749&amount=100.0000&datetime=20191201174826&returncode=00&sign=8BC5C109E107F8A999621D2CEDE47A77&attach=
HTTP状态：
返回：查询订单失败查询订单订单状态为未支付ok

【2019-12-01 17:52:03】
订单号：20191201174949100569
通知地址：https://pay.fh89zf.com/onlinePay/notify/p2jiufubaov2.do
通知报文：memberid=191194184&orderid=D2019120117493200631&transaction_id=20191201174949100569&amount=200.0000&datetime=20191201175203&returncode=00&sign=8B754CB24E1AB64CF9E3AB90EA15958A&attach=
HTTP状态：
返回：OK

【2019-12-01 17:52:13】
订单号：20191201175020995399
通知地址：http://e019cdb2app.miapp88api.com/Api/Home/payCallBack/jiufubao
通知报文：memberid=191121442&orderid=12011750189003&transaction_id=20191201175020995399&amount=200.0000&datetime=20191201175211&returncode=00&sign=C9CCCE33BFDC50BC6D2DFF2C8E1497F6&attach=
HTTP状态：
返回：查询订单失败查询订单订单状态为未支付ok

【2019-12-01 17:54:23】
订单号：20191201175137575510
通知地址：https://e019cdb2webapi.miapp66dom.com/Api/Home/payCallBack/jiufubao
通知报文：memberid=191121442&orderid=12011751363037&transaction_id=20191201175137575510&amount=100.0000&datetime=20191201175421&returncode=00&sign=16509681513F4E374E27F455D953AE99&attach=
HTTP状态：
返回：查询订单失败查询订单订单状态为未支付ok

【2019-12-01 18:17:09】
订单号：20191201181314975349
通知地址：https://payback3.lebopay.net/jfbscpay/scallback.php
通知报文：memberid=191209913&orderid=2019120106131145137035&transaction_id=20191201181314975349&amount=100.0000&datetime=20191201181707&returncode=00&sign=86A7518708030BB40867939B7D623ABD&attach=41536-714ec7d80076bb9f5a9c95db68d972e5
HTTP状态：
返回：OK

【2019-12-01 18:20:01】
订单号：20191201181825495348
通知地址：http://pay.1youbox.com/onlinepay/jiufubaov2/notify.do
通知报文：memberid=191209910&orderid=2019120118182203038&transaction_id=20191201181825495348&amount=100.0000&datetime=20191201182001&returncode=00&sign=47D1109B8EE9F9EB0E6BD2E5C57616D6&attach=
HTTP状态：
返回：OK

【2019-12-01 18:24:21】
订单号：20191201182137495099
通知地址：https://pay.fh89zf.com/onlinePay/notify/p2jiufubaov2.do
通知报文：memberid=191194184&orderid=D2019120118211900680&transaction_id=20191201182137495099&amount=301.0000&datetime=20191201182419&returncode=00&sign=6FD6674CBF39247F6A3C2EAFD3E788B5&attach=
HTTP状态：
返回：OK

【2019-12-01 18:24:25】
订单号：20191201182151102102
通知地址：http://e019cdb2app.miapp88api.com/Api/Home/payCallBack/jiufubao
通知报文：memberid=191121442&orderid=12011821505231&transaction_id=20191201182151102102&amount=300.0000&datetime=20191201182423&returncode=00&sign=C662D45A72628B8A2F98C00AC931A496&attach=
HTTP状态：
返回：查询订单失败查询订单订单状态为未支付ok

【2019-12-01 18:27:11】
订单号：20191201182459981019
通知地址：http://pay.1youbox.com/onlinepay/jiufubaov2/notify.do
通知报文：memberid=191209910&orderid=2019120118245503060&transaction_id=20191201182459981019&amount=100.0000&datetime=20191201182711&returncode=00&sign=9D3FC89143BBCC1C4CCA11CAC7F2310A&attach=
HTTP状态：
返回：OK

【2019-12-01 18:27:54】
订单号：20191201182526545348
通知地址：http://e019cdb2app.miapp88api.com/Api/Home/payCallBack/jiufubao
通知报文：memberid=191121442&orderid=12011825254648&transaction_id=20191201182526545348&amount=100.0000&datetime=20191201182753&returncode=00&sign=F133CA74110EC89F44BD50FCB4BEA715&attach=
HTTP状态：
返回：查询订单失败查询订单订单状态为未支付ok

【2019-12-01 18:32:37】
订单号：20191201182931989910
通知地址：http://e019cdb2app.miapp88api.com/Api/Home/payCallBack/jiufubao
通知报文：memberid=191121442&orderid=12011829304255&transaction_id=20191201182931989910&amount=101.0000&datetime=20191201183235&returncode=00&sign=FE91C851D2B657BB1779416AD49BCA6C&attach=
HTTP状态：
返回：查询订单失败查询订单订单状态为未支付ok

【2019-12-01 18:36:44】
订单号：20191201183258979710
通知地址：https://pay.fh89zf.com/onlinePay/notify/p2jiufubaov2.do
通知报文：memberid=191194184&orderid=D2019120118325700693&transaction_id=20191201183258979710&amount=100.0000&datetime=20191201183644&returncode=00&sign=9E7FBA59F40C6FED4CB8C633173E70B2&attach=
HTTP状态：
返回：OK

【2019-12-01 18:41:55】
订单号：20191201183957100549
通知地址：https://pay.fh89zf.com/onlinePay/notify/p2jiufubaov2.do
通知报文：memberid=191194184&orderid=D2019120118395200708&transaction_id=20191201183957100549&amount=100.0000&datetime=20191201184155&returncode=00&sign=8BE7B14C8B9442DCECC1D05568707BB9&attach=
HTTP状态：
返回：OK

【2019-12-01 18:46:50】
订单号：20191201184348525252
通知地址：http://e019cdb2app.miapp88api.com/Api/Home/payCallBack/jiufubao
通知报文：memberid=191121442&orderid=12011843471027&transaction_id=20191201184348525252&amount=5000.0000&datetime=20191201184647&returncode=00&sign=9E78A64C19E6ED5B5FFCBCE40F9F23E1&attach=
HTTP状态：
返回：查询订单失败查询订单订单状态为未支付ok

【2019-12-01 18:50:23】
订单号：20191201184759102989
通知地址：http://pay1.dr5151.com/apis/pay_gateway/jiufujinzhifu/notice
通知报文：memberid=191209911&orderid=F201912011847572582&transaction_id=20191201184759102989&amount=350.0000&datetime=20191201185023&returncode=00&sign=1E0C14D816D4F89980490A1943816A46&attach=
HTTP状态：
返回：OK

【2019-12-01 18:51:39】
订单号：20191201184924529957
通知地址：http://pay.1youbox.com/onlinepay/jiufubaov2/notify.do
通知报文：memberid=191209910&orderid=2019120118492203136&transaction_id=20191201184924529957&amount=180.0000&datetime=20191201185139&returncode=00&sign=03C23E76EF8EC3A1819B218910C7B9C4&attach=
HTTP状态：
返回：OK

【2019-12-01 18:52:50】
订单号：20191201184958544954
通知地址：https://pay.fh89zf.com/onlinePay/notify/p2jiufubaov2.do
通知报文：memberid=191194184&orderid=D2019120118494800713&transaction_id=20191201184958544954&amount=261.0000&datetime=20191201185250&returncode=00&sign=CDB7394C53B2A2AE313C065871B4C636&attach=
HTTP状态：
返回：OK

【2019-12-01 18:52:57】
订单号：20191201185140995056
通知地址：http://pay.1youbox.com/onlinepay/jiufubaov2/notify.do
通知报文：memberid=191209910&orderid=2019120118513503144&transaction_id=20191201185140995056&amount=200.0000&datetime=20191201185255&returncode=00&sign=9C1388C66D120D372844DA9FBCB9A192&attach=
HTTP状态：
返回：OK

【2019-12-01 18:55:40】
订单号：20191201185321495010
通知地址：http://pay1.dr5151.com/apis/pay_gateway/jiufujinzhifu/notice
通知报文：memberid=191209911&orderid=F201912011853194148&transaction_id=20191201185321495010&amount=100.0000&datetime=20191201185537&returncode=00&sign=A2E2A529A931B0043DA7AA5CBE0AD8CE&attach=
HTTP状态：
返回：OK

【2019-12-01 19:02:00】
订单号：20191201190018505349
通知地址：https://pay.fh89zf.com/onlinePay/notify/p2jiufubaov2.do
通知报文：memberid=191194184&orderid=D2019120119001200726&transaction_id=20191201190018505349&amount=300.0000&datetime=20191201190159&returncode=00&sign=BB8FBEB4805BCF381CC9AD4CCC9372A1&attach=
HTTP状态：
返回：OK

【2019-12-01 19:04:55】
订单号：20191201190206101529
通知地址：http://pay.1youbox.com/onlinepay/jiufubaov2/notify.do
通知报文：memberid=191209910&orderid=2019120119020103183&transaction_id=20191201190206101529&amount=100.0000&datetime=20191201190455&returncode=00&sign=4B4F5BEB3E2DC0E3E203FDE901A0209C&attach=
HTTP状态：
返回：OK

【2019-12-01 19:11:38】
订单号：20191201191007102539
通知地址：http://e019cdb2app.miapp88api.com/Api/Home/payCallBack/jiufubao
通知报文：memberid=191121442&orderid=12011910041392&transaction_id=20191201191007102539&amount=101.0000&datetime=20191201191136&returncode=00&sign=F9B428758FFE0157B7BE6F8E71D681D2&attach=
HTTP状态：
返回：查询订单失败查询订单订单状态为未支付ok

【2019-12-01 19:27:00】
订单号：20191201192456565249
通知地址：http://pay1.dr5151.com/apis/pay_gateway/jiufujinzhifu/notice
通知报文：memberid=191209911&orderid=F201912011924542592&transaction_id=20191201192456565249&amount=100.0000&datetime=20191201192659&returncode=00&sign=7C5EA0DF097C5D8E3D8830BCFF67FB2B&attach=
HTTP状态：
返回：OK

【2019-12-01 19:32:07】
订单号：20191201193034979799
通知地址：http://e019cdb2app.miapp88api.com/Api/Home/payCallBack/jiufubao
通知报文：memberid=191121442&orderid=12011930323678&transaction_id=20191201193034979799&amount=101.0000&datetime=20191201193205&returncode=00&sign=CF3533DFFFEC885AD601A4848197150C&attach=
HTTP状态：
返回：查询订单失败查询订单订单状态为未支付ok

【2019-12-01 19:37:26】
订单号：20191201193450979710
通知地址：http://e019cdb2app.miapp88api.com/Api/Home/payCallBack/jiufubao
通知报文：memberid=191121442&orderid=12011934498197&transaction_id=20191201193450979710&amount=101.0000&datetime=20191201193724&returncode=00&sign=599097741D5CFA6262E2E9A16B25BD2F&attach=
HTTP状态：
返回：查询订单失败查询订单订单状态为未支付ok

【2019-12-01 19:38:29】
订单号：20191201193657574949
通知地址：http://e019cdb2app.miapp88api.com/Api/Home/payCallBack/jiufubao
通知报文：memberid=191121442&orderid=12011936566686&transaction_id=20191201193657574949&amount=3000.0000&datetime=20191201193826&returncode=00&sign=68561B36442FC614314B630FEF041282&attach=
HTTP状态：
返回：查询订单失败查询订单订单状态为未支付ok

【2019-12-01 19:38:33】
订单号：20191201193641571015
通知地址：http://pay1.dr5151.com/apis/pay_gateway/jiufujinzhifu/notice
通知报文：memberid=191209911&orderid=F201912011936399982&transaction_id=20191201193641571015&amount=100.0000&datetime=20191201193833&returncode=00&sign=B9E2B9530E36F43A0323E4623517AEAA&attach=
HTTP状态：
返回：OK

【2019-12-01 19:57:02】
订单号：20191201195420995098
通知地址：https://payback3.lebopay.net/jfbscpay/scallback.php
通知报文：memberid=191209913&orderid=2019120107541578017429&transaction_id=20191201195420995098&amount=200.0000&datetime=20191201195700&returncode=00&sign=8BA62800C1F46D38260720FA0E4F7227&attach=41536-74159af3dce4acddb63e31a36868a8f7
HTTP状态：
返回：OK

【2019-12-01 19:58:24】
订单号：20191201195642975055
通知地址：http://e019cdb2app.miapp88api.com/Api/Home/payCallBack/jiufubao
通知报文：memberid=191121442&orderid=12011956397876&transaction_id=20191201195642975055&amount=300.0000&datetime=20191201195822&returncode=00&sign=43D5CEA81D6482D3ADC0D6FD2403864B&attach=
HTTP状态：
返回：查询订单失败查询订单订单状态为未支付ok

【2019-12-01 19:59:26】
订单号：20191201195637539956
通知地址：http://pay.1youbox.com/onlinepay/jiufubaov2/notify.do
通知报文：memberid=191209910&orderid=2019120119563403409&transaction_id=20191201195637539956&amount=200.0000&datetime=20191201195925&returncode=00&sign=F90BF8263F895954044EED5396EABE91&attach=
HTTP状态：
返回：OK

【2019-12-01 19:59:51】
订单号：20191201195728564953
通知地址：https://e019cdb2webapi.miapp66dom.com/Api/Home/payCallBack/jiufubao
通知报文：memberid=191121442&orderid=12011957252556&transaction_id=20191201195728564953&amount=1000.0000&datetime=20191201195949&returncode=00&sign=C0014D6CA208F22C245EA46ED364A979&attach=
HTTP状态：
返回：查询订单失败查询订单订单状态为未支付ok

【2019-12-01 20:00:30】
订单号：20191201195816561025
通知地址：https://pay.fh89zf.com/onlinePay/notify/p2jiufubaov2.do
通知报文：memberid=191194184&orderid=D2019120119580800777&transaction_id=20191201195816561025&amount=100.0000&datetime=20191201200030&returncode=00&sign=23632993DD8B723F098A90D82961625F&attach=
HTTP状态：
返回：OK

【2019-12-01 20:00:59】
订单号：20191201195913495297
通知地址：http://pay1.dr5151.com/apis/pay_gateway/jiufujinzhifu/notice
通知报文：memberid=191209911&orderid=F201912011959103774&transaction_id=20191201195913495297&amount=100.0000&datetime=20191201200059&returncode=00&sign=114781EEC7523402D357588497309319&attach=
HTTP状态：
返回：OK

【2019-12-01 20:09:31】
订单号：20191201200822545599
通知地址：https://pay.fh89zf.com/onlinePay/notify/p2jiufubaov2.do
通知报文：memberid=191194184&orderid=D2019120120082000784&transaction_id=20191201200822545599&amount=2000.0000&datetime=20191201200929&returncode=00&sign=F6A3A4DDDFFC587E3EBDF54C8FDC533D&attach=
HTTP状态：
返回：OK

【2019-12-01 20:14:21】
订单号：20191201201202509949
通知地址：http://pay.1youbox.com/onlinepay/jiufubaov2/notify.do
通知报文：memberid=191209910&orderid=2019120120120003479&transaction_id=20191201201202509949&amount=100.0000&datetime=20191201201421&returncode=00&sign=42F4F1B29562354BD8E8BB2C210661E7&attach=
HTTP状态：
返回：OK

【2019-12-01 20:20:51】
订单号：20191201201840485153
通知地址：http://pay.vip6081.com/onlinepay/jiufubaov2/notify.do
通知报文：memberid=191155102&orderid=2019120120183802393&transaction_id=20191201201840485153&amount=300.0000&datetime=20191201202051&returncode=00&sign=E1D694B7729663EF785DFC3DFFE340C3&attach=
HTTP状态：
返回：OK

【2019-12-01 20:22:03】
订单号：20191201201949535055
通知地址：https://pay.fh89zf.com/onlinePay/notify/p2jiufubaov2.do
通知报文：memberid=191194184&orderid=D2019120120193900803&transaction_id=20191201201949535055&amount=800.0000&datetime=20191201202203&returncode=00&sign=98409231E2DA6C13199793905D8A8CF6&attach=
HTTP状态：
返回：OK

【2019-12-01 20:24:34】
订单号：20191201202247559856
通知地址：http://e019cdb2app.miapp88api.com/Api/Home/payCallBack/jiufubao
通知报文：memberid=191121442&orderid=12012022461199&transaction_id=20191201202247559856&amount=500.0000&datetime=20191201202431&returncode=00&sign=A848C8960061B7E4C05E101FD0B466AE&attach=
HTTP状态：
返回：查询订单失败查询订单订单状态为未支付ok

【2019-12-01 20:39:50】
订单号：20191201203759555552
通知地址：http://e019cdb2app.miapp88api.com/Api/Home/payCallBack/jiufubao
通知报文：memberid=191121442&orderid=12012037573013&transaction_id=20191201203759555552&amount=400.0000&datetime=20191201203947&returncode=00&sign=377B603E1164313DED4063894DC58ED3&attach=
HTTP状态：
返回：查询订单失败查询订单订单状态为未支付ok

【2019-12-01 20:41:17】
订单号：20191201203722505655
通知地址：http://pay.1youbox.com/onlinepay/jiufubaov2/notify.do
通知报文：memberid=191209910&orderid=2019120120372003595&transaction_id=20191201203722505655&amount=100.8800&datetime=20191201204117&returncode=00&sign=AF7C5A5AB1156D18AA58E93DD0BA7AE3&attach=
HTTP状态：
返回：OK

【2019-12-01 20:41:36】
订单号：20191201203925100995
通知地址：http://pay1.dr5151.com/apis/pay_gateway/jiufujinzhifu/notice
通知报文：memberid=191209911&orderid=F201912012039228626&transaction_id=20191201203925100995&amount=100.0000&datetime=20191201204136&returncode=00&sign=7DDF21F6971BD07E1C5AF0A5DB5B1297&attach=
HTTP状态：
返回：OK

【2019-12-01 20:43:01】
订单号：20191201204041575548
通知地址：http://pay.ffc585.com/JiuFuBaoZhiFuReturn/Index
通知报文：memberid=191205418&orderid=RK310884546182426517&transaction_id=20191201204041575548&amount=850.0000&datetime=20191201204301&returncode=00&sign=5EC13114A78C7746EDAB2CD4AC85E8E7&attach=
HTTP状态：
返回：OK

【2019-12-01 20:49:32】
订单号：20191201204217579897
通知地址：http://pay1.dr5151.com/apis/pay_gateway/jiufujinzhifu/notice
通知报文：memberid=191209911&orderid=F201912012042167805&transaction_id=20191201204217579897&amount=200.0000&datetime=20191201204930&returncode=00&sign=46F7F8724F1566E6FDF4DA808C95DD68&attach=
HTTP状态：
返回：OK

【2019-12-01 20:56:47】
订单号：20191201205530505397
通知地址：http://pay.ffc585.com/JiuFuBaoZhiFuReturn/Index
通知报文：memberid=191205418&orderid=RK310926636187033684&transaction_id=20191201205530505397&amount=1800.0000&datetime=20191201205646&returncode=00&sign=1FD915C2D701FC454671BA04E5ADB02E&attach=
HTTP状态：
返回：OK

【2019-12-01 20:59:00】
订单号：20191201205739515255
通知地址：https://pay.fh89zf.com/onlinePay/notify/p2jiufubaov2.do
通知报文：memberid=191194184&orderid=D2019120120573800857&transaction_id=20191201205739515255&amount=200.0000&datetime=20191201205857&returncode=00&sign=CB32CD6F0273CF6939CB16E6C39C9AB1&attach=
HTTP状态：
返回：OK

【2019-12-01 21:02:43】
订单号：20191201205823102979
通知地址：http://pay.1youbox.com/onlinepay/jiufubaov2/notify.do
通知报文：memberid=191209910&orderid=2019120120582003698&transaction_id=20191201205823102979&amount=100.0000&datetime=20191201210243&returncode=00&sign=247169A23F8B34F1B86FFE482C950614&attach=
HTTP状态：
返回：OK

【2019-12-01 21:15:50】
订单号：20191201211427511001
通知地址：http://pay.1youbox.com/onlinepay/jiufubaov2/notify.do
通知报文：memberid=191209910&orderid=2019120121142503772&transaction_id=20191201211427511001&amount=100.0000&datetime=20191201211550&returncode=00&sign=91FC2262099E4A245A15E068E85D84AD&attach=
HTTP状态：
返回：OK

【2019-12-01 21:21:21】
订单号：20191201211937575510
通知地址：http://pay.1youbox.com/onlinepay/jiufubaov2/notify.do
通知报文：memberid=191209910&orderid=2019120121193503792&transaction_id=20191201211937575510&amount=100.0000&datetime=20191201212121&returncode=00&sign=031C9B4BE5AD5D7D552B1911615282DE&attach=
HTTP状态：
返回：OK

【2019-12-01 21:25:03】
订单号：20191201212326101535
通知地址：http://e019cdb2app.miapp88api.com/Api/Home/payCallBack/jiufubao
通知报文：memberid=191121442&orderid=12012123255900&transaction_id=20191201212326101535&amount=101.0000&datetime=20191201212459&returncode=00&sign=F838CEAA423AB670E409465AA9F13854&attach=
HTTP状态：
返回：查询订单失败查询订单订单状态为未支付ok

【2019-12-01 21:25:17】
订单号：20191201212349535649
通知地址：http://e019cdb2app.miapp88api.com/Api/Home/payCallBack/jiufubao
通知报文：memberid=191121442&orderid=12012123473602&transaction_id=20191201212349535649&amount=500.0000&datetime=20191201212515&returncode=00&sign=3ED9C8B79A66BA46E9F762874B84EB18&attach=
HTTP状态：
返回：查询订单失败查询订单订单状态为未支付ok

【2019-12-01 21:28:14】
订单号：20191201212512564855
通知地址：http://pay.1youbox.com/onlinepay/jiufubaov2/notify.do
通知报文：memberid=191209910&orderid=2019120121251003833&transaction_id=20191201212512564855&amount=100.0000&datetime=20191201212813&returncode=00&sign=8158FCB2489903B001B820DDE43DD8B5&attach=
HTTP状态：
返回：OK

【2019-12-01 21:28:20】
订单号：20191201212649574856
通知地址：http://e019cdb2app.miapp88api.com/Api/Home/payCallBack/jiufubao
通知报文：memberid=191121442&orderid=12012126466716&transaction_id=20191201212649574856&amount=200.0000&datetime=20191201212818&returncode=00&sign=C4FD32344DA0A3F111CDD3CDCC949E2F&attach=
HTTP状态：
返回：查询订单失败查询订单订单状态为未支付ok

【2019-12-01 21:28:24】
订单号：20191201212537494898
通知地址：http://pay1.dr5151.com/apis/pay_gateway/jiufujinzhifu/notice
通知报文：memberid=191209911&orderid=F201912012125343903&transaction_id=20191201212537494898&amount=100.0000&datetime=20191201212823&returncode=00&sign=4D4612ED9018C0880B8458AC375DFFEC&attach=
HTTP状态：
返回：OK

【2019-12-01 21:29:54】
订单号：20191201212820525153
通知地址：http://pay.1youbox.com/onlinepay/jiufubaov2/notify.do
通知报文：memberid=191209910&orderid=2019120121281803857&transaction_id=20191201212820525153&amount=101.0000&datetime=20191201212954&returncode=00&sign=9DFBA3A3B9CDC7444F8C01737C36F8A3&attach=
HTTP状态：
返回：OK

【2019-12-01 21:36:31】
订单号：20191201213508995656
通知地址：http://e019cdb2app.miapp88api.com/Api/Home/payCallBack/jiufubao
通知报文：memberid=191121442&orderid=12012135085584&transaction_id=20191201213508995656&amount=1000.0000&datetime=20191201213629&returncode=00&sign=3968D021F2CD564B641FAC327A36EEF7&attach=
HTTP状态：
返回：查询订单失败查询订单订单状态为未支付ok

【2019-12-01 21:36:59】
订单号：20191201213408485454
通知地址：http://pay1.dr5151.com/apis/pay_gateway/jiufujinzhifu/notice
通知报文：memberid=191209911&orderid=F201912012134061574&transaction_id=20191201213408485454&amount=100.0000&datetime=20191201213658&returncode=00&sign=2AE54451DADB79BA54F33A064A815EBA&attach=
HTTP状态：
返回：OK

【2019-12-01 21:37:24】
订单号：20191201213446545655
通知地址：https://e019cdb2webapi.miapp66dom.com/Api/Home/payCallBack/jiufubao
通知报文：memberid=191121442&orderid=12012134442303&transaction_id=20191201213446545655&amount=160.0000&datetime=20191201213722&returncode=00&sign=938D80A11E15D76CC017ECE4533A0F90&attach=
HTTP状态：
返回：查询订单失败查询订单订单状态为未支付ok

【2019-12-01 21:39:03】
订单号：20191201213706509856
通知地址：http://pay1.dr5151.com/apis/pay_gateway/jiufujinzhifu/notice
通知报文：memberid=191209911&orderid=F201912012137044796&transaction_id=20191201213706509856&amount=101.0000&datetime=20191201213901&returncode=00&sign=3C74B5E04F52EAAF1381AB032EF030A3&attach=
HTTP状态：
返回：OK

【2019-12-01 21:40:42】
订单号：20191201213409494810
通知地址：http://pay.1youbox.com/onlinepay/jiufubaov2/notify.do
通知报文：memberid=191209910&orderid=2019120121340503881&transaction_id=20191201213409494810&amount=200.0000&datetime=20191201214042&returncode=00&sign=51E9D07C2923166644D6EB9EC4231F03&attach=
HTTP状态：
返回：OK

【2019-12-01 21:41:58】
订单号：20191201213949539752
通知地址：http://pay.1youbox.com/onlinepay/jiufubaov2/notify.do
通知报文：memberid=191209910&orderid=2019120121394703911&transaction_id=20191201213949539752&amount=100.0000&datetime=20191201214158&returncode=00&sign=BA5F537340BD71B9A702A94C8B93A754&attach=
HTTP状态：
返回：<html>
<head><title>502 Bad Gateway</title></head>
<body bgcolor="white">
<center><h1>502 Bad Gateway</h1></center>
<hr><center>nginx/1.8.1</center>
</body>
</html>


【2019-12-01 21:42:28】
订单号：20191201214101100100
通知地址：http://pay.1youbox.com/onlinepay/jiufubaov2/notify.do
通知报文：memberid=191209910&orderid=2019120121405903918&transaction_id=20191201214101100100&amount=2000.0000&datetime=20191201214219&returncode=00&sign=F8D0F034FA7D6F1FBC81AE8B8A6342C1&attach=
HTTP状态：
返回：OK

【2019-12-01 21:48:58】
订单号：20191201214652994951
通知地址：http://e019cdb2app.miapp88api.com/Api/Home/payCallBack/jiufubao
通知报文：memberid=191121442&orderid=12012146518266&transaction_id=20191201214652994951&amount=200.0000&datetime=20191201214855&returncode=00&sign=7C381D6D4061392164820C73D8A917FA&attach=
HTTP状态：
返回：查询订单失败查询订单订单状态为未支付ok

【2019-12-01 21:56:42】
订单号：20191201215201494855
通知地址：http://e019cdb2app.miapp88api.com/Api/Home/payCallBack/jiufubao
通知报文：memberid=191121442&orderid=12012151596532&transaction_id=20191201215201494855&amount=600.0000&datetime=20191201215640&returncode=00&sign=C7E460AAD550F183A23714D5FD1245F3&attach=
HTTP状态：
返回：查询订单失败查询订单订单状态为未支付ok

【2019-12-01 21:58:32】
订单号：20191201215247102975
通知地址：http://pay1.dr5151.com/apis/pay_gateway/jiufujinzhifu/notice
通知报文：memberid=191209911&orderid=F201912012152383725&transaction_id=20191201215247102975&amount=700.0000&datetime=20191201215831&returncode=00&sign=D8BD4497097A3A92C6E46DC3F64C0841&attach=
HTTP状态：
返回：OK

【2019-12-01 22:03:37】
订单号：20191201220210505698
通知地址：https://e019cdb2webapi.miapp66dom.com/Api/Home/payCallBack/jiufubao
通知报文：memberid=191121442&orderid=12012202074589&transaction_id=20191201220210505698&amount=145.0000&datetime=20191201220335&returncode=00&sign=FD8DA461F9C6A6F45B661C904D6AA265&attach=
HTTP状态：
返回：查询订单失败查询订单订单状态为未支付ok

【2019-12-01 22:05:33】
订单号：20191201220236991005
通知地址：http://150.109.59.33/tools/notify-1bcf_8df904_b9b1_289aef5_8a2b
通知报文：memberid=191189793&orderid=WX191201220234541888&transaction_id=20191201220236991005&amount=500.1100&datetime=20191201220533&returncode=00&sign=FB7CCCE4C22690133CA0F277ED83779B&attach=
HTTP状态：
返回：ok

【2019-12-01 22:07:56】
订单号：20191201220638101991
通知地址：https://e019cdb2webapi.miapp66dom.com/Api/Home/payCallBack/jiufubao
通知报文：memberid=191121442&orderid=12012206369157&transaction_id=20191201220638101991&amount=600.0000&datetime=20191201220754&returncode=00&sign=92B552422B57CA52F8BD20FDFB9CE6FA&attach=
HTTP状态：
返回：查询订单失败查询订单订单状态为未支付ok

【2019-12-01 22:14:40】
订单号：20191201221124994955
通知地址：http://e019cdb2app.miapp88api.com/Api/Home/payCallBack/jiufubao
通知报文：memberid=191121442&orderid=12012211224141&transaction_id=20191201221124994955&amount=101.0000&datetime=20191201221438&returncode=00&sign=64532757754F0753E3F48C3C89D7759F&attach=
HTTP状态：
返回：查询订单失败查询订单订单状态为未支付ok

【2019-12-01 22:17:35】
订单号：20191201221603514810
通知地址：http://pay.1youbox.com/onlinepay/jiufubaov2/notify.do
通知报文：memberid=191209910&orderid=2019120122155904071&transaction_id=20191201221603514810&amount=101.0000&datetime=20191201221735&returncode=00&sign=4339CCB8DFD37248730BCB33C37A4633&attach=
HTTP状态：
返回：OK

【2019-12-01 22:36:12】
订单号：20191201223424485354
通知地址：http://pay.1youbox.com/onlinepay/jiufubaov2/notify.do
通知报文：memberid=191209910&orderid=2019120122342104133&transaction_id=20191201223424485354&amount=202.0000&datetime=20191201223612&returncode=00&sign=C012D17F39445A8BEEECFB1732C9A872&attach=
HTTP状态：
返回：OK

【2019-12-01 22:37:21】
订单号：20191201223514505397
通知地址：https://e019cdb2webapi.miapp66dom.com/Api/Home/payCallBack/jiufubao
通知报文：memberid=191121442&orderid=12012235122325&transaction_id=20191201223514505397&amount=101.0000&datetime=20191201223719&returncode=00&sign=77109A3882533ED01F684CDC67B0BE48&attach=
HTTP状态：
返回：查询订单失败查询订单订单状态为未支付ok

【2019-12-01 22:43:22】
订单号：20191201224203989855
通知地址：http://pay.1youbox.com/onlinepay/jiufubaov2/notify.do
通知报文：memberid=191209910&orderid=2019120122420104161&transaction_id=20191201224203989855&amount=100.0000&datetime=20191201224322&returncode=00&sign=02EF400F8C8E1CEE58BBD294B3E2FB46&attach=
HTTP状态：
返回：OK

【2019-12-01 22:54:42】
订单号：20191201225302101995
通知地址：https://e019cdb2webapi.miapp66dom.com/Api/Home/payCallBack/jiufubao
通知报文：memberid=191121442&orderid=12012252596951&transaction_id=20191201225302101995&amount=1200.0000&datetime=20191201225439&returncode=00&sign=DDCA09CED0761CB04E49CF0E6E485F9F&attach=
HTTP状态：
返回：查询订单失败查询订单订单状态为未支付ok

【2019-12-01 22:56:50】
订单号：20191201225344565248
通知地址：http://pay.vip6081.com/onlinepay/jiufubaov2/notify.do
通知报文：memberid=191155102&orderid=2019120122534002888&transaction_id=20191201225344565248&amount=200.0000&datetime=20191201225650&returncode=00&sign=76B432B1EA53FF31192231A05DC320D3&attach=
HTTP状态：
返回：OK

【2019-12-01 23:13:23】
订单号：20191201231125100525
通知地址：http://e019cdb2app.miapp88api.com/Api/Home/payCallBack/jiufubao
通知报文：memberid=191121442&orderid=12012311249624&transaction_id=20191201231125100525&amount=101.0000&datetime=20191201231321&returncode=00&sign=EEE49020A65375D41A5B09F0FE714435&attach=
HTTP状态：
返回：查询订单失败查询订单订单状态为未支付ok

【2019-12-01 23:14:45】
订单号：20191201231329574999
通知地址：http://pay1.dr5151.com/apis/pay_gateway/jiufujinzhifu/notice
通知报文：memberid=191209911&orderid=F201912012313279135&transaction_id=20191201231329574999&amount=100.0000&datetime=20191201231445&returncode=00&sign=69C1B07B95FA7130713DDF928E86E3A7&attach=
HTTP状态：
返回：OK

【2019-12-01 23:26:21】
订单号：20191201232500994856
通知地址：http://pay.1youbox.com/onlinepay/jiufubaov2/notify.do
通知报文：memberid=191209910&orderid=2019120123245704269&transaction_id=20191201232500994856&amount=100.0000&datetime=20191201232620&returncode=00&sign=FF06A03328B57AE384F3094E576171C3&attach=
HTTP状态：
返回：OK

【2019-12-01 23:37:27】
订单号：20191201233346975710
通知地址：http://e019cdb2app.miapp88api.com/Api/Home/payCallBack/jiufubao
通知报文：memberid=191121442&orderid=12012333455917&transaction_id=20191201233346975710&amount=101.0000&datetime=20191201233723&returncode=00&sign=62634C7692EB2B95A1A91D6F7F46EE0A&attach=
HTTP状态：
返回：查询订单失败查询订单订单状态为未支付ok

【2019-12-01 23:47:00】
订单号：20191201234447102101
通知地址：https://payback3.lebopay.net/jfbscpay/scallback.php
通知报文：memberid=191209913&orderid=2019120111444139809508&transaction_id=20191201234447102101&amount=100.0000&datetime=20191201234658&returncode=00&sign=0548781A548580F81CA09DBA94C7AB69&attach=41535-69cc4876db157e89ea083cbd2bd4f83c
HTTP状态：
返回：OK

【2019-12-01 23:53:54】
订单号：20191201235240565254
通知地址：http://pay.1youbox.com/onlinepay/jiufubaov2/notify.do
通知报文：memberid=191209910&orderid=2019120123523704328&transaction_id=20191201235240565254&amount=300.0000&datetime=20191201235353&returncode=00&sign=177914018408A5E019F7F8406FBD1DBB&attach=
HTTP状态：
返回：OK

【2019-12-01 23:56:46】
订单号：20191201235452991015
通知地址：http://pay.1youbox.com/onlinepay/jiufubaov2/notify.do
通知报文：memberid=191209910&orderid=2019120123545104334&transaction_id=20191201235452991015&amount=100.0000&datetime=20191201235646&returncode=00&sign=B91F5D247213FD345E1A57A88935A5DC&attach=
HTTP状态：
返回：OK

【2019-12-01 23:58:14】
订单号：20191201235710545255
通知地址：http://pay.1youbox.com/onlinepay/jiufubaov2/notify.do
通知报文：memberid=191209910&orderid=2019120123570604339&transaction_id=20191201235710545255&amount=700.0000&datetime=20191201235814&returncode=00&sign=AEB63203520940976EDBB1179108E6E4&attach=
HTTP状态：
返回：OK

