【2019-11-27 00:20:42】
订单号：20191127001837100515
通知地址：http://pay.1youbox.com/onlinepay/jiufubaov2/notify.do
通知报文：memberid=191209910&orderid=2019112700183600052&transaction_id=20191127001837100515&amount=100.0000&datetime=20191127002041&returncode=00&sign=240B53C81E8FDADAE116D4797F807F4B&attach=
HTTP状态：
返回：OK

【2019-11-27 00:34:00】
订单号：20191127003123985599
通知地址：https://a.818-158.com/Public.server.do
通知报文：memberid=191095866&orderid=Q1911270031207453&transaction_id=20191127003123985599&amount=500.0000&datetime=20191127003400&returncode=00&sign=86E5CE2D73BFDAB269E2495B3BFB59A5&attach=512,https://a.818-158.com/Account.jhrecharge.do
HTTP状态：
返回：<!doctype html>
<html>
<head>
<meta charset="utf-8">
<meta http-equiv="X-UA-Compatible" content="IE=edge">
<meta name="viewport" content="width=device-width, initial-scale=1, maximum-scale=1, user-scalable=no">
<title>404</title>
<style>
	body{
		background-color:#444;
		font-size:14px;
	}
	h3{
		font-size:60px;
		color:#eee;
		text-align:center;
		padding-top:30px;
		font-weight:normal;
	}
</style>
</head>

<body>
<h3>404，您请求的文件不存在!</h3>
</body>
</html>


【2019-11-27 00:49:36】
订单号：20191127004636999855
通知地址：https://a.818-158.com/Public.server.do
通知报文：memberid=191095866&orderid=P1911270046345019&transaction_id=20191127004636999855&amount=500.0000&datetime=20191127004935&returncode=00&sign=1CCF2453FB8B713CE8BB506057F45300&attach=512,https://a.818-158.com/Account.jhrecharge.do
HTTP状态：
返回：<!doctype html>
<html>
<head>
<meta charset="utf-8">
<meta http-equiv="X-UA-Compatible" content="IE=edge">
<meta name="viewport" content="width=device-width, initial-scale=1, maximum-scale=1, user-scalable=no">
<title>404</title>
<style>
	body{
		background-color:#444;
		font-size:14px;
	}
	h3{
		font-size:60px;
		color:#eee;
		text-align:center;
		padding-top:30px;
		font-weight:normal;
	}
</style>
</head>

<body>
<h3>404，您请求的文件不存在!</h3>
</body>
</html>


【2019-11-27 00:53:01】
订单号：20191127004636999855
通知地址：https://a.818-158.com/Public.server.do
通知报文：memberid=191095866&orderid=P1911270046345019&transaction_id=20191127004636999855&amount=500.0000&datetime=20191127005301&returncode=00&sign=68BD2E7C815B3147494729FEBEACBCFC&attach=512,https://a.818-158.com/Account.jhrecharge.do
HTTP状态：
返回：<!doctype html>
<html>
<head>
<meta charset="utf-8">
<meta http-equiv="X-UA-Compatible" content="IE=edge">
<meta name="viewport" content="width=device-width, initial-scale=1, maximum-scale=1, user-scalable=no">
<title>404</title>
<style>
	body{
		background-color:#444;
		font-size:14px;
	}
	h3{
		font-size:60px;
		color:#eee;
		text-align:center;
		padding-top:30px;
		font-weight:normal;
	}
</style>
</head>

<body>
<h3>404，您请求的文件不存在!</h3>
</body>
</html>


【2019-11-27 00:57:51】
订单号：20191127005621535556
通知地址：http://pay.ffc585.com/JiuFuBaoZhiFuReturn/Index
通知报文：memberid=191205418&orderid=RK560762579535331314&transaction_id=20191127005621535556&amount=1000.0000&datetime=20191127005750&returncode=00&sign=E8AC7C3BB11DDB17604FD959D8D6F5E5&attach=
HTTP状态：
返回：OK

【2019-11-27 01:01:29】
订单号：20191127005923989998
通知地址：https://payback3.lebopay.net/jfbscpay/scallback.php
通知报文：memberid=191209913&orderid=2019112612592170798083&transaction_id=20191127005923989998&amount=100.0000&datetime=20191127010127&returncode=00&sign=77880429B9BF05F1CA784AF68D46DB8F&attach=41536-f3c0d5c45fa83cb89a856719f5f3cc4a
HTTP状态：
返回：OK

【2019-11-27 01:03:51】
订单号：20191127004636999855
通知地址：https://a.818-158.com/Public.server.do
通知报文：memberid=191095866&orderid=P1911270046345019&transaction_id=20191127004636999855&amount=500.0000&datetime=20191127010350&returncode=00&sign=300A511273E61144E375CFB464ECB4A8&attach=512,https://a.818-158.com/Account.jhrecharge.do
HTTP状态：
返回：<!doctype html>
<html>
<head>
<meta charset="utf-8">
<meta http-equiv="X-UA-Compatible" content="IE=edge">
<meta name="viewport" content="width=device-width, initial-scale=1, maximum-scale=1, user-scalable=no">
<title>404</title>
<style>
	body{
		background-color:#444;
		font-size:14px;
	}
	h3{
		font-size:60px;
		color:#eee;
		text-align:center;
		padding-top:30px;
		font-weight:normal;
	}
</style>
</head>

<body>
<h3>404，您请求的文件不存在!</h3>
</body>
</html>


【2019-11-27 11:00:17】
订单号：20191127105247102555
通知地址：http://pay.1youbox.com/onlinepay/jiufubaov2/notify.do
通知报文：memberid=191209910&orderid=2019112710524100846&transaction_id=20191127105247102555&amount=100.0000&datetime=20191127110017&returncode=00&sign=BD888CB2F65B0B50993ABF6521BCD8B6&attach=
HTTP状态：
返回：OK

【2019-11-27 11:15:13】
订单号：20191127111329579955
通知地址：https://www.wanjia365.cn/Public.server.do
通知报文：memberid=191095866&orderid=G1911271113271604&transaction_id=20191127111329579955&amount=500.0000&datetime=20191127111513&returncode=00&sign=63217D72090470FA8A1C4394CBDA3302&attach=501,https://www.wanjia365.cn/Account.jhrecharge.do
HTTP状态：
返回：OK

【2019-11-27 11:20:52】
订单号：20191127111942101981
通知地址：https://wanjia365.cn/Public.server.do
通知报文：memberid=191095866&orderid=Q1911271119403220&transaction_id=20191127111942101981&amount=1000.0000&datetime=20191127112052&returncode=00&sign=418147E3B764EF4B85BD921E2CB43164&attach=512,https://wanjia365.cn/Account.jhrecharge.do
HTTP状态：
返回：

【2019-11-27 11:33:34】
订单号：20191127113209574951
通知地址：https://wanjia365.cn/Public.server.do
通知报文：memberid=191095866&orderid=N1911271132073445&transaction_id=20191127113209574951&amount=2000.0000&datetime=20191127113332&returncode=00&sign=87F57F959D290E1E381FB64DF18E0E44&attach=512,https://wanjia365.cn/Account.jhrecharge.do
HTTP状态：
返回：

【2019-11-27 11:33:42】
订单号：20191127113209574951
通知地址：https://wanjia365.cn/Public.server.do
通知报文：memberid=191095866&orderid=N1911271132073445&transaction_id=20191127113209574951&amount=2000.0000&datetime=20191127113342&returncode=00&sign=88681D64D7AA7B4F6A801DAB434F6539&attach=512,https://wanjia365.cn/Account.jhrecharge.do
HTTP状态：
返回：

【2019-11-27 11:33:43】
订单号：20191127113209574951
通知地址：https://wanjia365.cn/Public.server.do
通知报文：memberid=191095866&orderid=N1911271132073445&transaction_id=20191127113209574951&amount=2000.0000&datetime=20191127113342&returncode=00&sign=88681D64D7AA7B4F6A801DAB434F6539&attach=512,https://wanjia365.cn/Account.jhrecharge.do
HTTP状态：
返回：

【2019-11-27 11:33:51】
订单号：20191127113209574951
通知地址：https://wanjia365.cn/Public.server.do
通知报文：memberid=191095866&orderid=N1911271132073445&transaction_id=20191127113209574951&amount=2000.0000&datetime=20191127113351&returncode=00&sign=3822B181E84A1C32D9D30B0F6CB399C5&attach=512,https://wanjia365.cn/Account.jhrecharge.do
HTTP状态：
返回：

【2019-11-27 11:54:09】
订单号：20191127115215102504
通知地址：http://pay.vip6081.com/onlinepay/jiufubaov2/notify.do
通知报文：memberid=191155102&orderid=2019112711521400585&transaction_id=20191127115215102504&amount=100.0000&datetime=20191127115409&returncode=00&sign=E955BAFFD3A6F50E7727FCB88EDA80BB&attach=
HTTP状态：
返回：OK

【2019-11-27 12:04:43】
订单号：20191127120205100985
通知地址：http://pay.vip6081.com/onlinepay/jiufubaov2/notify.do
通知报文：memberid=191155102&orderid=2019112712020400600&transaction_id=20191127120205100985&amount=200.0000&datetime=20191127120443&returncode=00&sign=CC668551DB93EB77C2077F631A6F33D7&attach=
HTTP状态：
返回：OK

【2019-11-27 12:29:16】
订单号：20191127122652994810
通知地址：http://pay.1youbox.com/onlinepay/jiufubaov2/notify.do
通知报文：memberid=191209910&orderid=2019112712265001129&transaction_id=20191127122652994810&amount=102.0000&datetime=20191127122916&returncode=00&sign=2344751B2588F54CC6455263940ED788&attach=
HTTP状态：
返回：OK

【2019-11-27 12:50:48】
订单号：20191127124719555656
通知地址：http://pay.1youbox.com/onlinepay/jiufubaov2/notify.do
通知报文：memberid=191209910&orderid=2019112712471601218&transaction_id=20191127124719555656&amount=100.0000&datetime=20191127125048&returncode=00&sign=22FC6DB4B0D2D9146606776416BD301B&attach=
HTTP状态：
返回：OK

【2019-11-27 12:57:49】
订单号：20191127125608569749
通知地址：http://pay.1youbox.com/onlinepay/jiufubaov2/notify.do
通知报文：memberid=191209910&orderid=2019112712560401249&transaction_id=20191127125608569749&amount=100.0000&datetime=20191127125749&returncode=00&sign=6A96D1AD8A5A80F43235939FEB9B8F02&attach=
HTTP状态：
返回：OK

【2019-11-27 12:58:06】
订单号：20191127125607555297
通知地址：https://payback3.lebopay.net/jfbscpay/scallback.php
通知报文：memberid=191209913&orderid=2019112700560081879508&transaction_id=20191127125607555297&amount=200.0000&datetime=20191127125804&returncode=00&sign=07D0DF87485742C11DEA08D481A68086&attach=41535-114ea67e6d837ede0eb1ef82c5939c81
HTTP状态：
返回：OK

【2019-11-27 13:00:16】
订单号：20191127125848564954
通知地址：http://pay1.dr5151.com/apis/pay_gateway/jiufujinzhifu/notice
通知报文：memberid=191209911&orderid=F201911271258463369&transaction_id=20191127125848564954&amount=100.0000&datetime=20191127130016&returncode=00&sign=DB3F964D8DAA03F3125F7229ED329F01&attach=
HTTP状态：
返回：OK

【2019-11-27 13:02:22】
订单号：20191127125946505497
通知地址：http://pay.vip6081.com/onlinepay/jiufubaov2/notify.do
通知报文：memberid=191155102&orderid=2019112712594200740&transaction_id=20191127125946505497&amount=300.0000&datetime=20191127130222&returncode=00&sign=17C7CE72326338ACCCAAA41A30B044DA&attach=
HTTP状态：
返回：OK

【2019-11-27 13:08:07】
订单号：20191127130600564857
通知地址：https://e019cdb2webapi.miapp66dom.com/Api/Home/payCallBack/jiufubao
通知报文：memberid=191121442&orderid=11271305572889&transaction_id=20191127130600564857&amount=1000.0000&datetime=20191127130805&returncode=00&sign=995A3239AA6795DB9724EF3C72C06CC5&attach=
HTTP状态：
返回：查询订单失败查询订单订单状态为未支付ok

【2019-11-27 13:08:46】
订单号：20191127130447102529
通知地址：http://pay1.dr5151.com/apis/pay_gateway/jiufujinzhifu/notice
通知报文：memberid=191209911&orderid=F201911271304364835&transaction_id=20191127130447102529&amount=1000.0000&datetime=20191127130845&returncode=00&sign=4EBDC00E6FF1C4EB04EC2490E0D9A75E&attach=
HTTP状态：
返回：OK

【2019-11-27 13:09:35】
订单号：20191127130759102515
通知地址：https://www.wanjia365.cn/Public.server.do
通知报文：memberid=191095866&orderid=I1911271307564677&transaction_id=20191127130759102515&amount=800.0000&datetime=20191127130933&returncode=00&sign=FD7B703EBD1592D13E23F34009C904D7&attach=501,https://www.wanjia365.cn/Account.jhrecharge.do
HTTP状态：
返回：OK

【2019-11-27 13:13:34】
订单号：20191127131136561005
通知地址：http://pay.1youbox.com/onlinepay/jiufubaov2/notify.do
通知报文：memberid=191209910&orderid=2019112713113501299&transaction_id=20191127131136561005&amount=100.0000&datetime=20191127131332&returncode=00&sign=ECA884E927AB2EA4BE3596ABDAAFB291&attach=
HTTP状态：
返回：OK

【2019-11-27 13:28:34】
订单号：20191127132605100531
通知地址：https://payback3.lebopay.net/jfbscpay/scallback.php
通知报文：memberid=191209913&orderid=2019112701255223939508&transaction_id=20191127132605100531&amount=300.0000&datetime=20191127132832&returncode=00&sign=54C3EFBF3018C2551529FD903B51086E&attach=41535-777d06706275d6406f145fd27138aa7a
HTTP状态：
返回：OK

【2019-11-27 13:39:12】
订单号：20191127133739514810
通知地址：https://wanjia365.cn/Public.server.do
通知报文：memberid=191095866&orderid=S1911271337271102&transaction_id=20191127133739514810&amount=500.0000&datetime=20191127133911&returncode=00&sign=EFC51E48D36731655926A49C3A42B38C&attach=501,https://wanjia365.cn/Account.jhrecharge.do
HTTP状态：
返回：

【2019-11-27 13:46:22】
订单号：20191127134255102485
通知地址：http://pay.1youbox.com/onlinepay/jiufubaov2/notify.do
通知报文：memberid=191209910&orderid=2019112713425201413&transaction_id=20191127134255102485&amount=9500.0000&datetime=20191127134621&returncode=00&sign=FF7F07FC68D1330C6A97A89A1AFB505B&attach=
HTTP状态：
返回：OK

【2019-11-27 13:48:39】
订单号：20191127134723985649
通知地址：https://e019cdb2webapi.miapp66dom.com/Api/Home/payCallBack/jiufubao
通知报文：memberid=191121442&orderid=11271347228452&transaction_id=20191127134723985649&amount=1000.0000&datetime=20191127134838&returncode=00&sign=557B389F61D74CA2C113D550388AF63E&attach=
HTTP状态：
返回：查询订单失败查询订单订单状态为未支付ok

【2019-11-27 13:58:39】
订单号：20191127135718101989
通知地址：http://pay.1youbox.com/onlinepay/jiufubaov2/notify.do
通知报文：memberid=191209910&orderid=2019112713571601486&transaction_id=20191127135718101989&amount=101.0000&datetime=20191127135829&returncode=00&sign=68F5BC19997B836C0B23C490C9F1A8F8&attach=
HTTP状态：
返回：

【2019-11-27 14:00:59】
订单号：20191127135933539757
通知地址：http://pay.ffc585.com/JiuFuBaoZhiFuReturn/Index
通知报文：memberid=191205418&orderid=RK560929019538489667&transaction_id=20191127135933539757&amount=1000.0000&datetime=20191127140059&returncode=00&sign=050E596FCF6186E4F9978E9AFE5992D7&attach=
HTTP状态：
返回：OK

【2019-11-27 14:01:28】
订单号：20191127135718101989
通知地址：http://pay.1youbox.com/onlinepay/jiufubaov2/notify.do
通知报文：memberid=191209910&orderid=2019112713571601486&transaction_id=20191127135718101989&amount=101.0000&datetime=20191127140128&returncode=00&sign=26EB09394924CEEC5FCA88ECEC909B84&attach=
HTTP状态：
返回：OK

【2019-11-27 14:01:55】
订单号：20191127133739514810
通知地址：https://wanjia365.cn/Public.server.do
通知报文：memberid=191095866&orderid=S1911271337271102&transaction_id=20191127133739514810&amount=500.0000&datetime=20191127140145&returncode=00&sign=C49874E1941CD8DB235020EA5CA5DC32&attach=501,https://wanjia365.cn/Account.jhrecharge.do
HTTP状态：
返回：

【2019-11-27 14:03:59】
订单号：20191127135015551015
通知地址：http://pay1.dr5151.com/apis/pay_gateway/jiufujinzhifu/notice
通知报文：memberid=191209911&orderid=F201911271350128786&transaction_id=20191127135015551015&amount=100.0000&datetime=20191127140359&returncode=00&sign=EE3BD446C40CCE4854BF5312F32C49C1&attach=
HTTP状态：
返回：OK

【2019-11-27 14:04:06】
订单号：20191127140235984856
通知地址：http://pay.1youbox.com/onlinepay/jiufubaov2/notify.do
通知报文：memberid=191209910&orderid=2019112714023301511&transaction_id=20191127140235984856&amount=102.0000&datetime=20191127140405&returncode=00&sign=5DC36FA642396C9FC10EB936F37E8B16&attach=
HTTP状态：
返回：OK

【2019-11-27 14:05:23】
订单号：20191127140356995610
通知地址：http://pay1.dr5151.com/apis/pay_gateway/jiufujinzhifu/notice
通知报文：memberid=191209911&orderid=F201911271403514484&transaction_id=20191127140356995610&amount=100.0000&datetime=20191127140523&returncode=00&sign=47AA60A518FEC2BDD04AFA598CEE4B68&attach=
HTTP状态：
返回：OK

【2019-11-27 14:08:47】
订单号：20191127140454544852
通知地址：http://e019cdb2app.miapp88api.com/Api/Home/payCallBack/jiufubao
通知报文：memberid=191121442&orderid=11271404524414&transaction_id=20191127140454544852&amount=200.0000&datetime=20191127140845&returncode=00&sign=CEDEBC52D1C18F1F839CC533F44D673B&attach=
HTTP状态：
返回：查询订单失败查询订单订单状态为未支付ok

【2019-11-27 14:10:34】
订单号：20191127140818501015
通知地址：http://pay.1youbox.com/onlinepay/jiufubaov2/notify.do
通知报文：memberid=191209910&orderid=2019112714081701530&transaction_id=20191127140818501015&amount=500.0000&datetime=20191127141033&returncode=00&sign=32DA5A00B2AA731C0C31D394A5F7FA4E&attach=
HTTP状态：
返回：OK

【2019-11-27 14:11:11】
订单号：20191127140754979810
通知地址：http://e019cdb2app.miapp88api.com/Api/Home/payCallBack/jiufubao
通知报文：memberid=191121442&orderid=11271407532146&transaction_id=20191127140754979810&amount=300.0000&datetime=20191127141109&returncode=00&sign=8A8DCF7DEC695F11D2901A110DA6909C&attach=
HTTP状态：
返回：查询订单失败查询订单订单状态为未支付ok

【2019-11-27 14:18:28】
订单号：20191127141551555410
通知地址：http://e019cdb2app.miapp88api.com/Api/Home/payCallBack/jiufubao
通知报文：memberid=191121442&orderid=11271415503316&transaction_id=20191127141551555410&amount=300.0000&datetime=20191127141825&returncode=00&sign=238C9AE877EE6E7946530568A2AD54BB&attach=
HTTP状态：
返回：查询订单失败查询订单订单状态为未支付ok

【2019-11-27 14:19:13】
订单号：20191127141732999857
通知地址：http://pay.1youbox.com/onlinepay/jiufubaov2/notify.do
通知报文：memberid=191209910&orderid=2019112714173001571&transaction_id=20191127141732999857&amount=100.0000&datetime=20191127141912&returncode=00&sign=4F7EF7568197ABAA5412CD2348CD0280&attach=
HTTP状态：
返回：OK

【2019-11-27 14:26:28】
订单号：20191127142411989898
通知地址：http://pay.1youbox.com/onlinepay/jiufubaov2/notify.do
通知报文：memberid=191209910&orderid=2019112714241001597&transaction_id=20191127142411989898&amount=100.0000&datetime=20191127142626&returncode=00&sign=BBBCE1B5E0EB256384A02D50D2FB384D&attach=
HTTP状态：
返回：OK

【2019-11-27 14:29:26】
订单号：20191127142639102101
通知地址：http://e019cdb2app.miapp88api.com/Api/Home/payCallBack/jiufubao
通知报文：memberid=191121442&orderid=11271426387977&transaction_id=20191127142639102101&amount=5000.0000&datetime=20191127142924&returncode=00&sign=DFCCB908C86178CB9B2FFEFECA347076&attach=
HTTP状态：
返回：查询订单失败查询订单订单状态为未支付ok

【2019-11-27 14:32:34】
订单号：20191127143022101545
通知地址：http://e019cdb2app.miapp88api.com/Api/Home/payCallBack/jiufubao
通知报文：memberid=191121442&orderid=11271430211111&transaction_id=20191127143022101545&amount=500.0000&datetime=20191127143231&returncode=00&sign=3E3807EB98864A12D3A0B4248770307B&attach=
HTTP状态：
返回：查询订单失败查询订单订单状态为未支付ok

【2019-11-27 14:34:02】
订单号：20191127143227985152
通知地址：https://payback3.lebopay.net/jfbscpay/scallback.php
通知报文：memberid=191209913&orderid=2019112702321828569508&transaction_id=20191127143227985152&amount=300.0000&datetime=20191127143400&returncode=00&sign=E670B236772761B457A5E970CAA87538&attach=41535-babb68935c90f44c3d7711327bc07832
HTTP状态：
返回：OK

【2019-11-27 14:44:11】
订单号：20191127144115981004
通知地址：http://e019cdb2app.miapp88api.com/Api/Home/payCallBack/jiufubao
通知报文：memberid=191121442&orderid=11271441132439&transaction_id=20191127144115981004&amount=500.0000&datetime=20191127144407&returncode=00&sign=6D8083316C45FCBDC3FF157CCB5D4D85&attach=
HTTP状态：
返回：查询订单失败查询订单订单状态为未支付ok

【2019-11-27 14:48:40】
订单号：20191127144702545757
通知地址：http://pay.vip6081.com/onlinepay/jiufubaov2/notify.do
通知报文：memberid=191155102&orderid=2019112714465801115&transaction_id=20191127144702545757&amount=400.0000&datetime=20191127144840&returncode=00&sign=DDFBF8507BC1A361905C578FFDCD7F4A&attach=
HTTP状态：
返回：OK

【2019-11-27 14:58:14】
订单号：20191127145523985156
通知地址：http://pay.1youbox.com/onlinepay/jiufubaov2/notify.do
通知报文：memberid=191209910&orderid=2019112714552101757&transaction_id=20191127145523985156&amount=100.0000&datetime=20191127145814&returncode=00&sign=C0C41AEF5BA9F14C4A01E87B405D2139&attach=
HTTP状态：
返回：OK

【2019-11-27 14:58:19】
订单号：20191127144712489849
通知地址：http://pay1.dr5151.com/apis/pay_gateway/jiufujinzhifu/notice
通知报文：memberid=191209911&orderid=F201911271447113005&transaction_id=20191127144712489849&amount=100.0000&datetime=20191127145819&returncode=00&sign=75FCF17F9FC23E9DBEBA1682F239038A&attach=
HTTP状态：
返回：OK

【2019-11-27 15:00:03】
订单号：20191127145430545251
通知地址：http://pay.vip6081.com/onlinepay/jiufubaov2/notify.do
通知报文：memberid=191155102&orderid=2019112714542301141&transaction_id=20191127145430545251&amount=500.0000&datetime=20191127150003&returncode=00&sign=98808F3CAE7EF1EA14DB1EBE3A91BC35&attach=
HTTP状态：
返回：OK

【2019-11-27 15:08:41】
订单号：20191127150625495652
通知地址：http://pay1.dr5151.com/apis/pay_gateway/jiufujinzhifu/notice
通知报文：memberid=191209911&orderid=F201911271506173988&transaction_id=20191127150625495652&amount=700.0000&datetime=20191127150838&returncode=00&sign=2E1806FC527675D3EAE998E7E758F2D6&attach=
HTTP状态：
返回：OK

【2019-11-27 15:16:38】
订单号：20191127151054101559
通知地址：http://pay.1youbox.com/onlinepay/jiufubaov2/notify.do
通知报文：memberid=191209910&orderid=2019112715104901816&transaction_id=20191127151054101559&amount=290.0000&datetime=20191127151638&returncode=00&sign=4984E17D9CBE474F82611AB7ADC451B4&attach=
HTTP状态：
返回：OK

【2019-11-27 15:17:35】
订单号：20191127151536565350
通知地址：http://e019cdb2app.miapp88api.com/Api/Home/payCallBack/jiufubao
通知报文：memberid=191121442&orderid=11271515359276&transaction_id=20191127151536565350&amount=101.0000&datetime=20191127151733&returncode=00&sign=FE7EA725FD320C2DEDEEAF034C21B18E&attach=
HTTP状态：
返回：查询订单失败查询订单订单状态为未支付ok

【2019-11-27 15:27:23】
订单号：20191127152532995799
通知地址：http://e019cdb2app.miapp88api.com/Api/Home/payCallBack/jiufubao
通知报文：memberid=191121442&orderid=11271525311578&transaction_id=20191127152532995799&amount=500.0000&datetime=20191127152721&returncode=00&sign=E257D475E5DBA8F185A00285334BAFB3&attach=
HTTP状态：
返回：查询订单失败查询订单订单状态为未支付ok

【2019-11-27 15:31:52】
订单号：20191127130212521019
通知地址：http://pay.vip6081.com/onlinepay/jiufubaov2/notify.do
通知报文：memberid=191155102&orderid=2019112713021000749&transaction_id=20191127130212521019&amount=100.0000&datetime=20191127153152&returncode=00&sign=35ED8089A0929474BA21F1846C2D2990&attach=
HTTP状态：
返回：OK

【2019-11-27 15:32:40】
订单号：20191127153144484810
通知地址：https://www.jiufupay.cn/Pay_Charges_notify.html
通知报文：memberid=20002&orderid=C20191127153143958441&transaction_id=20191127153144484810&amount=5000.0000&datetime=20191127153240&returncode=00&sign=57129109BBB40CFB810CE35FCDF88BF8&attach=
HTTP状态：
返回：OK

【2019-11-27 15:53:40】
订单号：20191127152025574955
通知地址：http://pay.ffc585.com/JiuFuBaoZhiFuReturn/Index
通知报文：memberid=191205418&orderid=RK560461220325382097&transaction_id=20191127152025574955&amount=200.0000&datetime=20191127155340&returncode=00&sign=0D2683DB661EAAD2F24CA6466DBA18B6&attach=
HTTP状态：
返回：OK

【2019-11-27 16:13:00】
订单号：20191127161020991009
通知地址：http://e019cdb2app.miapp88api.com/Api/Home/payCallBack/jiufubao
通知报文：memberid=191121442&orderid=11271610156139&transaction_id=20191127161020991009&amount=800.0000&datetime=20191127161258&returncode=00&sign=4A3137D8BCDB908547B790E015C19FBC&attach=
HTTP状态：
返回：查询订单失败查询订单订单状态为未支付ok

【2019-11-27 16:13:06】
订单号：20191127160802501001
通知地址：https://www.wanjia365.cn/Public.server.do
通知报文：memberid=191095866&orderid=J1911271608006218&transaction_id=20191127160802501001&amount=300.0000&datetime=20191127161303&returncode=00&sign=0C1BA1B22636EE76FA61F76AF028C5C5&attach=501,https://www.wanjia365.cn/Account.jhrecharge.do
HTTP状态：
返回：OK

【2019-11-27 16:19:23】
订单号：20191127161811519952
通知地址：http://pay.vip6081.com/onlinepay/jiufubaov2/notify.do
通知报文：memberid=191155102&orderid=2019112716180901454&transaction_id=20191127161811519952&amount=100.0000&datetime=20191127161922&returncode=00&sign=FBB2CB2CDA696EEEBE3860C40BC68993&attach=
HTTP状态：
返回：OK

【2019-11-27 16:19:31】
订单号：20191127161731985655
通知地址：http://150.109.59.33/tools/notify-1bcf_8714e3_b9b1_28a1709_82ac
通知报文：memberid=191189793&orderid=WX191127161729862800&transaction_id=20191127161731985655&amount=500.1100&datetime=20191127161931&returncode=00&sign=7C70347859CA7299A80691C759094F40&attach=
HTTP状态：
返回：ok

【2019-11-27 16:29:54】
订单号：20191127162547984910
通知地址：https://e019cdb2webapi.miapp66dom.com/Api/Home/payCallBack/jiufubao
通知报文：memberid=191121442&orderid=11271625449146&transaction_id=20191127162547984910&amount=600.0000&datetime=20191127162952&returncode=00&sign=C6D9FD6176CB47BFF9059F8574FF76AB&attach=
HTTP状态：
返回：查询订单失败查询订单订单状态为未支付ok

【2019-11-27 16:36:21】
订单号：20191127163437100505
通知地址：http://pay.1youbox.com/onlinepay/jiufubaov2/notify.do
通知报文：memberid=191209910&orderid=2019112716343402102&transaction_id=20191127163437100505&amount=100.0000&datetime=20191127163621&returncode=00&sign=9842C4BBF30CB2D2AC706950A82A58D5&attach=
HTTP状态：
返回：OK

【2019-11-27 16:36:25】
订单号：20191127163503555555
通知地址：http://pay.vip6081.com/onlinepay/jiufubaov2/notify.do
通知报文：memberid=191155102&orderid=2019112716350001511&transaction_id=20191127163503555555&amount=100.0000&datetime=20191127163625&returncode=00&sign=F1E0CBBCD256CC9DEC4C966F5390FCC1&attach=
HTTP状态：
返回：OK

【2019-11-27 16:39:07】
订单号：20191127163625575598
通知地址：https://wanjia365.cn/Public.server.do
通知报文：memberid=191095866&orderid=S1911271636183653&transaction_id=20191127163625575598&amount=100.0000&datetime=20191127163903&returncode=00&sign=4EEE5AE92E576984D7AC52AFC2C60C92&attach=696,https://wanjia365.cn/Account.jhrecharge.do
HTTP状态：
返回：

【2019-11-27 16:43:32】
订单号：20191127164047102525
通知地址：https://www.wanjia365.cn/Public.server.do
通知报文：memberid=191095866&orderid=Q1911271640431293&transaction_id=20191127164047102525&amount=600.0000&datetime=20191127164331&returncode=00&sign=2D7FE6941EFA707FE4169181F2B3276C&attach=501,https://www.wanjia365.cn/Account.jhrecharge.do
HTTP状态：
返回：OK

【2019-11-27 16:50:03】
订单号：20191127164715515648
通知地址：http://pay.1youbox.com/onlinepay/jiufubaov2/notify.do
通知报文：memberid=191209910&orderid=2019112716471302151&transaction_id=20191127164715515648&amount=881.0000&datetime=20191127165003&returncode=00&sign=CB25A6F99239F3A747B04CC27A6E728A&attach=
HTTP状态：
返回：OK

【2019-11-27 17:05:57】
订单号：20191127165204525154
通知地址：http://pay1.dr5151.com/apis/pay_gateway/jiufujinzhifu/notice
通知报文：memberid=191209911&orderid=F201911271651542305&transaction_id=20191127165204525154&amount=100.0000&datetime=20191127170552&returncode=00&sign=CC99860A2E89EDBCFD02AFBD5A9FF350&attach=
HTTP状态：
返回：OK

【2019-11-27 17:18:39】
订单号：20191127171608569857
通知地址：http://pay.ffc585.com/JiuFuBaoZhiFuReturn/Index
通知报文：memberid=191205418&orderid=RK560291689534536118&transaction_id=20191127171608569857&amount=500.0000&datetime=20191127171838&returncode=00&sign=23E30BA4FE82E25D8538E5D35F308E7A&attach=
HTTP状态：
返回：OK

【2019-11-27 17:26:16】
订单号：20191127172432485048
通知地址：http://e019cdb2app.miapp88api.com/Api/Home/payCallBack/jiufubao
通知报文：memberid=191121442&orderid=11271724315087&transaction_id=20191127172432485048&amount=101.0000&datetime=20191127172615&returncode=00&sign=BCC3BFB85106DD5C68D6E14207CEB1B2&attach=
HTTP状态：
返回：查询订单失败查询订单订单状态为未支付ok

【2019-11-27 17:33:07】
订单号：20191127173125100991
通知地址：http://pay1.dr5151.com/apis/pay_gateway/jiufujinzhifu/notice
通知报文：memberid=191209911&orderid=F201911271731191649&transaction_id=20191127173125100991&amount=5000.0000&datetime=20191127173306&returncode=00&sign=AC7C3F8F250EBD2E229309ABCEC19A85&attach=
HTTP状态：
返回：OK

【2019-11-27 17:38:12】
订单号：20191127173617495210
通知地址：http://pay.1youbox.com/onlinepay/jiufubaov2/notify.do
通知报文：memberid=191209910&orderid=2019112717361102291&transaction_id=20191127173617495210&amount=100.0000&datetime=20191127173812&returncode=00&sign=EE4DB2E76EE2376093937A965339EAF8&attach=
HTTP状态：
返回：OK

【2019-11-27 17:45:17】
订单号：20191127174332521011
通知地址：https://payback3.lebopay.net/jfbscpay/scallback.php
通知报文：memberid=191209913&orderid=2019112705432499659508&transaction_id=20191127174332521011&amount=200.0000&datetime=20191127174515&returncode=00&sign=DB149F892AA48A1B970AA59319BA520D&attach=41535-3f6d23c0e8d6f868a447c2a48b57e7e8
HTTP状态：
返回：OK

【2019-11-27 18:02:37】
订单号：20191127180109539997
通知地址：http://pay.vip6081.com/onlinepay/jiufubaov2/notify.do
通知报文：memberid=191155102&orderid=2019112718010701764&transaction_id=20191127180109539997&amount=900.0000&datetime=20191127180237&returncode=00&sign=275D30B956B716FC6F0483F946C9706A&attach=
HTTP状态：
返回：OK

【2019-11-27 18:06:04】
订单号：20191127180445100519
通知地址：http://pay.1youbox.com/onlinepay/jiufubaov2/notify.do
通知报文：memberid=191209910&orderid=2019112718044302361&transaction_id=20191127180445100519&amount=200.0000&datetime=20191127180604&returncode=00&sign=D3E2E685A41D50E00CC1033CEBE33D58&attach=
HTTP状态：
返回：OK

【2019-11-27 18:07:13】
订单号：20191127180534101495
通知地址：https://payback3.lebopay.net/jfbscpay/scallback.php
通知报文：memberid=191209913&orderid=2019112706052959209508&transaction_id=20191127180534101495&amount=100.0000&datetime=20191127180711&returncode=00&sign=808ECE9835864B26BA394AA444BB76F0&attach=41535-e69a60660a0f3b596a9922eee4586f9c
HTTP状态：
返回：OK

【2019-11-27 18:08:01】
订单号：20191127180624485152
通知地址：http://pay.ffc585.com/JiuFuBaoZhiFuReturn/Index
通知报文：memberid=191205418&orderid=RK560317480321764828&transaction_id=20191127180624485152&amount=200.0000&datetime=20191127180801&returncode=00&sign=492A58ABDB46D1519265A91B4FBE4E32&attach=
HTTP状态：
返回：OK

【2019-11-27 18:24:34】
订单号：20191127181628999810
通知地址：http://e019cdb2app.miapp88api.com/Api/Home/payCallBack/jiufubao
通知报文：memberid=191121442&orderid=11271816278922&transaction_id=20191127181628999810&amount=101.0000&datetime=20191127182432&returncode=00&sign=2F20D0753817C2FA3FB41EAC05D8B0A5&attach=
HTTP状态：
返回：查询订单失败查询订单订单状态为未支付ok

【2019-11-27 18:24:38】
订单号：20191127181455102524
通知地址：http://e019cdb2app.miapp88api.com/Api/Home/payCallBack/jiufubao
通知报文：memberid=191121442&orderid=11271814545931&transaction_id=20191127181455102524&amount=200.0000&datetime=20191127182436&returncode=00&sign=EF09F438323744F33B86B86E3CA2B2F4&attach=
HTTP状态：
返回：查询订单失败查询订单订单状态为未支付ok

【2019-11-27 18:39:54】
订单号：20191127183814545548
通知地址：http://pay1.dr5151.com/apis/pay_gateway/jiufujinzhifu/notice
通知报文：memberid=191209911&orderid=F201911271838113413&transaction_id=20191127183814545548&amount=200.0000&datetime=20191127183953&returncode=00&sign=A284B5C6F8A79981883C801D51BCC119&attach=
HTTP状态：
返回：OK

【2019-11-27 18:42:56】
订单号：20191127113209574951
通知地址：https://wanjia365.cn/Public.server.do
通知报文：memberid=191095866&orderid=N1911271132073445&transaction_id=20191127113209574951&amount=2000.0000&datetime=20191127184253&returncode=00&sign=7F8A91B3D2E367C402C285A456442C7A&attach=512,https://wanjia365.cn/Account.jhrecharge.do
HTTP状态：
返回：

【2019-11-27 18:43:08】
订单号：20191127113209574951
通知地址：https://wanjia365.cn/Public.server.do
通知报文：memberid=191095866&orderid=N1911271132073445&transaction_id=20191127113209574951&amount=2000.0000&datetime=20191127184308&returncode=00&sign=F187FE7F64D57A01840FD0910B5CCE01&attach=512,https://wanjia365.cn/Account.jhrecharge.do
HTTP状态：
返回：

【2019-11-27 18:50:16】
订单号：20191127184911555557
通知地址：http://pay.1youbox.com/onlinepay/jiufubaov2/notify.do
通知报文：memberid=191209910&orderid=2019112718490902503&transaction_id=20191127184911555557&amount=100.0000&datetime=20191127185016&returncode=00&sign=666DBC4503093157FCE17F77AC7A8520&attach=
HTTP状态：
返回：OK

【2019-11-27 18:55:27】
订单号：20191127185411515210
通知地址：https://payback3.lebopay.net/jfbscpay/scallback.php
通知报文：memberid=191209913&orderid=2019112706540913012827&transaction_id=20191127185411515210&amount=100.0000&datetime=20191127185525&returncode=00&sign=0CA205B1785ED28C82BE1B8095A3B015&attach=41535-a5b183981b59bebb86e434579a8dd678
HTTP状态：
返回：OK

【2019-11-27 19:14:17】
订单号：20191127191007102574
通知地址：http://e019cdb2app.miapp88api.com/Api/Home/payCallBack/jiufubao
通知报文：memberid=191121442&orderid=11271910064311&transaction_id=20191127191007102574&amount=101.0000&datetime=20191127191415&returncode=00&sign=ACFCD6E1CB11C4BCBA01F2D8CC938D6A&attach=
HTTP状态：
返回：查询订单失败查询订单订单状态为未支付ok

【2019-11-27 19:16:24】
订单号：20191127191049575010
通知地址：http://pay.vip6081.com/onlinepay/jiufubaov2/notify.do
通知报文：memberid=191155102&orderid=2019112719104501990&transaction_id=20191127191049575010&amount=100.0000&datetime=20191127191624&returncode=00&sign=BE3D9A3FA6C71CC82834058C321DF646&attach=
HTTP状态：
返回：OK

【2019-11-27 19:26:07】
订单号：20191127192359102975
通知地址：http://e019cdb2app.miapp88api.com/Api/Home/payCallBack/jiufubao
通知报文：memberid=191121442&orderid=11271923598065&transaction_id=20191127192359102975&amount=200.0000&datetime=20191127192605&returncode=00&sign=16F678A6B95206B28A222A9D697DFB12&attach=
HTTP状态：
返回：查询订单失败查询订单订单状态为未支付ok

【2019-11-27 19:35:00】
订单号：20191127193413534810
通知地址：http://pay.vip6081.com/onlinepay/jiufubaov2/notify.do
通知报文：memberid=191155102&orderid=2019112719334102067&transaction_id=20191127193413534810&amount=100.0000&datetime=20191127193500&returncode=00&sign=797605464402CA17770590B90269E44D&attach=
HTTP状态：
返回：OK

【2019-11-27 19:37:06】
订单号：20191127193529495655
通知地址：http://pay.vip6081.com/onlinepay/jiufubaov2/notify.do
通知报文：memberid=191155102&orderid=2019112719352402071&transaction_id=20191127193529495655&amount=100.0000&datetime=20191127193706&returncode=00&sign=E81C6E1299B279178189F1DDE9BD0E3A&attach=
HTTP状态：
返回：OK

【2019-11-27 19:39:08】
订单号：20191127193743551011
通知地址：http://pay.ffc585.com/JiuFuBaoZhiFuReturn/Index
通知报文：memberid=191205418&orderid=RK560865281397907386&transaction_id=20191127193743551011&amount=200.0000&datetime=20191127193908&returncode=00&sign=DB79B4B0943BE2764B6A01704525F431&attach=
HTTP状态：
返回：OK

【2019-11-27 19:40:03】
订单号：20191127193756525510
通知地址：http://e019cdb2app.miapp88api.com/Api/Home/payCallBack/jiufubao
通知报文：memberid=191121442&orderid=11271937556965&transaction_id=20191127193756525510&amount=200.0000&datetime=20191127194001&returncode=00&sign=ED3958577BD1227DB29D874EAB20DB03&attach=
HTTP状态：
返回：查询订单失败查询订单订单状态为未支付ok

【2019-11-27 19:40:29】
订单号：20191127193949539748
通知地址：http://pay.ffc585.com/JiuFuBaoZhiFuReturn/Index
通知报文：memberid=191205418&orderid=RK560922721541434063&transaction_id=20191127193949539748&amount=200.0000&datetime=20191127194029&returncode=00&sign=FA916F0B965F739821B650BC69A48657&attach=
HTTP状态：
返回：OK

【2019-11-27 19:41:02】
订单号：20191127193855102995
通知地址：http://pay1.dr5151.com/apis/pay_gateway/jiufujinzhifu/notice
通知报文：memberid=191209911&orderid=F201911271938538687&transaction_id=20191127193855102995&amount=200.0000&datetime=20191127194100&returncode=00&sign=0AFA0A9BB10027970B43986C5F697E80&attach=
HTTP状态：
返回：OK

【2019-11-27 19:42:19】
订单号：20191127192721575099
通知地址：https://wanjia365.cn/Public.server.do
通知报文：memberid=191095866&orderid=J1911271927175249&transaction_id=20191127192721575099&amount=500.0000&datetime=20191127194217&returncode=00&sign=B3DA5F3689A8B4D30061C4BD4BC9DD0E&attach=512,https://wanjia365.cn/Account.jhrecharge.do
HTTP状态：
返回：

【2019-11-27 19:42:38】
订单号：20191127194006544898
通知地址：http://pay.1youbox.com/onlinepay/jiufubaov2/notify.do
通知报文：memberid=191209910&orderid=2019112719400002722&transaction_id=20191127194006544898&amount=100.0000&datetime=20191127194237&returncode=00&sign=577A18E959C36AC065692068F54A9E1C&attach=
HTTP状态：
返回：OK

【2019-11-27 19:44:30】
订单号：20191127194202974910
通知地址：http://pay1.dr5151.com/apis/pay_gateway/jiufujinzhifu/notice
通知报文：memberid=191209911&orderid=F201911271941563166&transaction_id=20191127194202974910&amount=1000.0000&datetime=20191127194430&returncode=00&sign=ED0F0C90823270CAD62F4BE6C4B0D364&attach=
HTTP状态：
返回：OK

【2019-11-27 19:46:02】
订单号：20191127194445100971
通知地址：http://pay.1youbox.com/onlinepay/jiufubaov2/notify.do
通知报文：memberid=191209910&orderid=2019112719444302749&transaction_id=20191127194445100971&amount=100.0000&datetime=20191127194602&returncode=00&sign=0D3DE789AB6DDA677DA6897BEB301A04&attach=
HTTP状态：
返回：OK

【2019-11-27 19:58:42】
订单号：20191127194018505510
通知地址：http://pay1.dr5151.com/apis/pay_gateway/jiufujinzhifu/notice
通知报文：memberid=191209911&orderid=F201911271940176097&transaction_id=20191127194018505510&amount=200.0000&datetime=20191127195839&returncode=00&sign=C4D7F042C54BC2ABD0F4FCF4D5E9465D&attach=
HTTP状态：
返回：OK

【2019-11-27 20:01:54】
订单号：20191127200019515755
通知地址：https://wanjia365.cn/Public.server.do
通知报文：memberid=191095866&orderid=S1911272000179075&transaction_id=20191127200019515755&amount=500.0000&datetime=20191127200144&returncode=00&sign=B1BDF03CED2F7FA3C2077521BD3D9F9D&attach=512,https://wanjia365.cn/Account.jhrecharge.do
HTTP状态：
返回：

【2019-11-27 20:09:10】
订单号：20191127200720564899
通知地址：http://pay1.dr5151.com/apis/pay_gateway/jiufujinzhifu/notice
通知报文：memberid=191209911&orderid=F201911272007115195&transaction_id=20191127200720564899&amount=100.0000&datetime=20191127200900&returncode=00&sign=771C56B64E6A71CACE645F6DA86B698B&attach=
HTTP状态：
返回：

【2019-11-27 20:16:03】
订单号：20191127201400565749
通知地址：https://payback3.lebopay.net/jfbscpay/scallback.php
通知报文：memberid=191209913&orderid=2019112708135762591565&transaction_id=20191127201400565749&amount=300.0000&datetime=20191127201601&returncode=00&sign=7CC010F2A9DB70B35FB4A2A3031D82AE&attach=41535-3d6aff1e8b033e8acac30ac2bc21d85c
HTTP状态：
返回：OK

【2019-11-27 20:20:12】
订单号：20191127201837100569
通知地址：https://wanjia365.cn/Public.server.do
通知报文：memberid=191095866&orderid=C1911272018351019&transaction_id=20191127201837100569&amount=2000.0000&datetime=20191127202010&returncode=00&sign=9BC3802ACB27F1A8F5154920B4F0F783&attach=512,https://wanjia365.cn/Account.jhrecharge.do
HTTP状态：
返回：

【2019-11-27 20:23:40】
订单号：20191127202216561015
通知地址：https://payback3.lebopay.net/jfbscpay/scallback.php
通知报文：memberid=191209913&orderid=2019112708221444261565&transaction_id=20191127202216561015&amount=500.0000&datetime=20191127202338&returncode=00&sign=E08EC3BCA9E33B14F7681933A94D0AFC&attach=41535-6a88fa09972150f172607de173495b53
HTTP状态：
返回：OK

【2019-11-27 20:31:03】
订单号：20191127202807555299
通知地址：http://pay1.dr5151.com/apis/pay_gateway/jiufujinzhifu/notice
通知报文：memberid=191209911&orderid=F201911272027591179&transaction_id=20191127202807555299&amount=100.0000&datetime=20191127203101&returncode=00&sign=E89F98AD79B06AF25D1D225EAE26C679&attach=
HTTP状态：
返回：OK

【2019-11-27 20:34:06】
订单号：20191127202613534956
通知地址：http://e019cdb2app.miapp88api.com/Api/Home/payCallBack/jiufubao
通知报文：memberid=191121442&orderid=11272026116416&transaction_id=20191127202613534956&amount=300.0000&datetime=20191127203404&returncode=00&sign=8C9D622B6B1FB956A945EA38FC08D4FD&attach=
HTTP状态：
返回：查询订单失败查询订单订单状态为未支付ok

【2019-11-27 20:36:15】
订单号：20191127203455102531
通知地址：http://pay1.dr5151.com/apis/pay_gateway/jiufujinzhifu/notice
通知报文：memberid=191209911&orderid=F201911272034511367&transaction_id=20191127203455102531&amount=101.0000&datetime=20191127203612&returncode=00&sign=1EA136D72937FA5E7F528C5ECE1255E5&attach=
HTTP状态：
返回：OK

【2019-11-27 20:41:16】
订单号：20191127203900529810
通知地址：http://pay.1youbox.com/onlinepay/jiufubaov2/notify.do
通知报文：memberid=191209910&orderid=2019112720385502939&transaction_id=20191127203900529810&amount=100.0000&datetime=20191127204115&returncode=00&sign=C8E09BC57B869D2D55D04D607802527A&attach=
HTTP状态：
返回：OK

【2019-11-27 20:43:17】
订单号：20191127204139515599
通知地址：http://pay.ffc585.com/JiuFuBaoZhiFuReturn/Index
通知报文：memberid=191205418&orderid=RK560869706838887286&transaction_id=20191127204139515599&amount=2000.0000&datetime=20191127204312&returncode=00&sign=47234F6933995D7D993904A50A575845&attach=
HTTP状态：
返回：OK

【2019-11-27 20:50:47】
订单号：20191127204847102491
通知地址：https://www.wanjia365.cn/Public.server.do
通知报文：memberid=191095866&orderid=H1911272048450484&transaction_id=20191127204847102491&amount=500.0000&datetime=20191127205044&returncode=00&sign=D59B8D9B87EBA4167F5D055D3C95A0BE&attach=501,https://www.wanjia365.cn/Account.jhrecharge.do
HTTP状态：
返回：OK

【2019-11-27 20:51:12】
订单号：20191127204809579852
通知地址：http://pay1.dr5151.com/apis/pay_gateway/jiufujinzhifu/notice
通知报文：memberid=191209911&orderid=F201911272048029697&transaction_id=20191127204809579852&amount=600.0000&datetime=20191127205108&returncode=00&sign=CDE03258807278686D8B32CD4B7CDCFC&attach=
HTTP状态：
返回：OK

【2019-11-27 20:51:42】
订单号：20191127204717531015
通知地址：http://pay1.dr5151.com/apis/pay_gateway/jiufujinzhifu/notice
通知报文：memberid=191209911&orderid=F201911272047157086&transaction_id=20191127204717531015&amount=500.0000&datetime=20191127205140&returncode=00&sign=9DA9045362E37DB569AC89E6A2F9C9DE&attach=
HTTP状态：
返回：OK

【2019-11-27 20:53:26】
订单号：20191127205046549857
通知地址：http://pay.1youbox.com/onlinepay/jiufubaov2/notify.do
通知报文：memberid=191209910&orderid=2019112720503702984&transaction_id=20191127205046549857&amount=100.0000&datetime=20191127205326&returncode=00&sign=E07809B3DD1F425ADC7972192E739121&attach=
HTTP状态：
返回：OK

【2019-11-27 20:55:09】
订单号：20191127205428525348
通知地址：http://pay.ffc585.com/JiuFuBaoZhiFuReturn/Index
通知报文：memberid=191205418&orderid=RK560844596839058969&transaction_id=20191127205428525348&amount=900.0000&datetime=20191127205509&returncode=00&sign=66AD21429D6F9017C66B095000931D37&attach=
HTTP状态：
返回：OK

【2019-11-27 20:56:36】
订单号：20191127205359559910
通知地址：http://e019cdb2app.miapp88api.com/Api/Home/payCallBack/jiufubao
通知报文：memberid=191121442&orderid=11272053598458&transaction_id=20191127205359559910&amount=300.0000&datetime=20191127205634&returncode=00&sign=676B54E958CAE86064548A8B457B2835&attach=
HTTP状态：
返回：查询订单失败查询订单订单状态为未支付ok

【2019-11-27 20:56:40】
订单号：20191127205256561005
通知地址：http://pay.ffc585.com/JiuFuBaoZhiFuReturn/Index
通知报文：memberid=191205418&orderid=RK561156506833023881&transaction_id=20191127205256561005&amount=900.0000&datetime=20191127205640&returncode=00&sign=D66AEAC24EB99229A1C72A31328DC980&attach=
HTTP状态：
返回：OK

【2019-11-27 21:05:00】
订单号：20191127205955981025
通知地址：http://pay1.dr5151.com/apis/pay_gateway/jiufujinzhifu/notice
通知报文：memberid=191209911&orderid=F201911272059539431&transaction_id=20191127205955981025&amount=100.0000&datetime=20191127210450&returncode=00&sign=8A98E2160D9E98C4478CCDE56B4AAC25&attach=
HTTP状态：
返回：

【2019-11-27 21:10:09】
订单号：20191127210854541015
通知地址：https://payback3.lebopay.net/jfbscpay/scallback.php
通知报文：memberid=191209913&orderid=2019112709085073961565&transaction_id=20191127210854541015&amount=500.0000&datetime=20191127211007&returncode=00&sign=E406588CFE4AF5731F8B5AD27F387C21&attach=41535-e7db337a6b7012a6e241306c6c2fb1a6
HTTP状态：
返回：OK

【2019-11-27 21:14:01】
订单号：20191127211321495555
通知地址：http://pay.vip6081.com/onlinepay/jiufubaov2/notify.do
通知报文：memberid=191155102&orderid=2019112721131802455&transaction_id=20191127211321495555&amount=500.0000&datetime=20191127211401&returncode=00&sign=022B16BE378A6FF447C3031819204FAA&attach=
HTTP状态：
返回：OK

【2019-11-27 21:15:13】
订单号：20191127211213100501
通知地址：http://pay.1youbox.com/onlinepay/jiufubaov2/notify.do
通知报文：memberid=191209910&orderid=2019112721121103075&transaction_id=20191127211213100501&amount=200.0000&datetime=20191127211512&returncode=00&sign=6C125502B05D2EEE46BD915DF6AD5597&attach=
HTTP状态：
返回：OK

【2019-11-27 21:22:48】
订单号：20191127212044995648
通知地址：http://pay.ffc585.com/JiuFuBaoZhiFuReturn/Index
通知报文：memberid=191205418&orderid=RK560715209835217560&transaction_id=20191127212044995648&amount=1000.0000&datetime=20191127212248&returncode=00&sign=6F049691006DDE803A969E9B04B3B074&attach=
HTTP状态：
返回：OK

【2019-11-27 21:23:22】
订单号：20191127212238101565
通知地址：http://150.109.59.33/tools/notify-1bcf_7bd019_b9b1_28ab9ae_832b
通知报文：memberid=191189793&orderid=WX191127212237645422&transaction_id=20191127212238101565&amount=200.1100&datetime=20191127212322&returncode=00&sign=100BF36D2017381AC0DF63939E362B16&attach=
HTTP状态：
返回：ok

【2019-11-27 21:24:51】
订单号：20191127212251985752
通知地址：http://pay.1youbox.com/onlinepay/jiufubaov2/notify.do
通知报文：memberid=191209910&orderid=2019112721224903110&transaction_id=20191127212251985752&amount=300.0000&datetime=20191127212451&returncode=00&sign=E9EF42712EFB716FBB6200946C81DF16&attach=
HTTP状态：
返回：OK

【2019-11-27 21:30:39】
订单号：20191127212734549710
通知地址：http://pay1.dr5151.com/apis/pay_gateway/jiufujinzhifu/notice
通知报文：memberid=191209911&orderid=F201911272127301674&transaction_id=20191127212734549710&amount=100.0000&datetime=20191127213034&returncode=00&sign=BBDF16F7D80934831DF2D35E68B35547&attach=
HTTP状态：
返回：OK

【2019-11-27 21:30:42】
订单号：20191127213008485097
通知地址：http://150.109.59.33/tools/notify-1bcf_60eaf0_b9b1_28a3440_832e
通知报文：memberid=191189793&orderid=WX191127213007441631&transaction_id=20191127213008485097&amount=200.1100&datetime=20191127213042&returncode=00&sign=CE4936E88481673E6B92EDA07E484286&attach=
HTTP状态：
返回：ok

【2019-11-27 21:38:57】
订单号：20191127213812524910
通知地址：http://150.109.59.33/tools/notify-1bcf_60eaf0_b9b1_28a34af_833a
通知报文：memberid=191189793&orderid=WX191127213811371696&transaction_id=20191127213812524910&amount=200.1100&datetime=20191127213857&returncode=00&sign=17460D63751D1385C48509A86C4DC985&attach=
HTTP状态：
返回：ok

【2019-11-27 21:39:24】
订单号：20191127213845535054
通知地址：http://150.109.59.33/tools/notify-1bcf_73f4c9_b9b1_2899871_833b
通知报文：memberid=191189793&orderid=WX191127213844020597&transaction_id=20191127213845535054&amount=500.1100&datetime=20191127213924&returncode=00&sign=30ED2DFAC4FCF92B313602416628DD9E&attach=
HTTP状态：
返回：ok

【2019-11-27 21:40:39】
订单号：20191127213911102504
通知地址：http://pay1.dr5151.com/apis/pay_gateway/jiufujinzhifu/notice
通知报文：memberid=191209911&orderid=F201911272139071761&transaction_id=20191127213911102504&amount=500.0000&datetime=20191127214029&returncode=00&sign=E0EBB56F37ECB95E40AAB4228996DD71&attach=
HTTP状态：
返回：

【2019-11-27 21:41:21】
订单号：20191127214033495452
通知地址：http://150.109.59.33/tools/notify-1bcf_68e42e_b9b1_289828d_8340
通知报文：memberid=191189793&orderid=WX191127214031729221&transaction_id=20191127214033495452&amount=200.1100&datetime=20191127214121&returncode=00&sign=038071FDCD22CF155E32285FBBC2FC37&attach=
HTTP状态：
返回：ok

【2019-11-27 21:41:35】
订单号：20191127214017494898
通知地址：http://e019cdb2app.miapp88api.com/Api/Home/payCallBack/jiufubao
通知报文：memberid=191121442&orderid=11272140111648&transaction_id=20191127214017494898&amount=101.0000&datetime=20191127214132&returncode=00&sign=1163E5E6A5F5A97FF324B41696928A8D&attach=
HTTP状态：
返回：查询订单失败查询订单订单状态为未支付ok

【2019-11-27 21:49:59】
订单号：20191127214823555497
通知地址：https://payback3.lebopay.net/jfbscpay/scallback.php
通知报文：memberid=191209913&orderid=2019112709482002811565&transaction_id=20191127214823555497&amount=500.0000&datetime=20191127214957&returncode=00&sign=5BD4494B5D154F6C59C9C48E7AAE96AE&attach=41535-563da2d8f6697a2372764a4a808934d5
HTTP状态：
返回：OK

【2019-11-27 21:54:31】
订单号：20191127215249491015
通知地址：http://pay.1youbox.com/onlinepay/jiufubaov2/notify.do
通知报文：memberid=191209910&orderid=2019112721524303222&transaction_id=20191127215249491015&amount=300.0000&datetime=20191127215430&returncode=00&sign=4082987DFD8D92B419F860E561B6B22D&attach=
HTTP状态：
返回：OK

【2019-11-27 21:56:08】
订单号：20191127215105579950
通知地址：http://150.109.59.33/tools/notify-1bcf_68e42e_b9b1_28982d5_8352
通知报文：memberid=191189793&orderid=WX191127215104982488&transaction_id=20191127215105579950&amount=200.1100&datetime=20191127215608&returncode=00&sign=9EEAFE39999C3B33DC2741C391AD4D01&attach=
HTTP状态：
返回：ok

【2019-11-27 21:57:43】
订单号：20191127215537574852
通知地址：http://pay.vip6081.com/onlinepay/jiufubaov2/notify.do
通知报文：memberid=191155102&orderid=2019112721553302603&transaction_id=20191127215537574852&amount=280.0000&datetime=20191127215742&returncode=00&sign=76A4F6E17E5E9E5FF9ADB9F817DFD059&attach=
HTTP状态：
返回：OK

【2019-11-27 21:59:49】
订单号：20191127215506975448
通知地址：http://150.109.59.33/tools/notify-1bcf_68e42e_b9b1_28982f9_8357
通知报文：memberid=191189793&orderid=WX191127215505309938&transaction_id=20191127215506975448&amount=200.1100&datetime=20191127215949&returncode=00&sign=652D3B5C0857B7D2419054F98EA0A881&attach=
HTTP状态：
返回：ok

【2019-11-27 22:02:17】
订单号：20191127214930975549
通知地址：http://e019cdb2app.miapp88api.com/Api/Home/payCallBack/jiufubao
通知报文：memberid=191121442&orderid=11272149293947&transaction_id=20191127214930975549&amount=300.0000&datetime=20191127220216&returncode=00&sign=4DF47B7DBDA94952EF777D7F2E292952&attach=
HTTP状态：
返回：查询订单失败查询订单订单状态为未支付ok

【2019-11-27 22:08:13】
订单号：20191127220452525110
通知地址：http://pay.1youbox.com/onlinepay/jiufubaov2/notify.do
通知报文：memberid=191209910&orderid=2019112722045003273&transaction_id=20191127220452525110&amount=1000.0000&datetime=20191127220813&returncode=00&sign=3C440D6339C810743F06F059361C0B7E&attach=
HTTP状态：
返回：OK

【2019-11-27 22:09:24】
订单号：20191127220334545099
通知地址：https://payback3.lebopay.net/jfbscpay/scallback.php
通知报文：memberid=191209913&orderid=2019112710033155621565&transaction_id=20191127220334545099&amount=1000.0000&datetime=20191127220922&returncode=00&sign=FC60D5F9C3D7ED7BC6F378A1155C0B54&attach=41535-cbdc40516ff411dd6c98dcc742076f7d
HTTP状态：
返回：OK

【2019-11-27 22:12:04】
订单号：20191127221057495510
通知地址：https://payback3.lebopay.net/jfbscpay/scallback.php
通知报文：memberid=191209913&orderid=2019112710105550361565&transaction_id=20191127221057495510&amount=1000.0000&datetime=20191127221202&returncode=00&sign=CB18F2892A0E3E7490151E312988A7AE&attach=41535-a3506fc57af60ba271df23367d24349f
HTTP状态：
返回：OK

【2019-11-27 22:16:05】
订单号：20191127221154971004
通知地址：https://e019cdb2webapi.miapp66dom.com/Api/Home/payCallBack/jiufubao
通知报文：memberid=191121442&orderid=11272211506091&transaction_id=20191127221154971004&amount=1000.0000&datetime=20191127221603&returncode=00&sign=43B08C7FB2F1FBFC68298E0A64C686D1&attach=
HTTP状态：
返回：查询订单失败查询订单订单状态为未支付ok

【2019-11-27 22:23:10】
订单号：20191127222025575251
通知地址：http://e019cdb2app.miapp88api.com/Api/Home/payCallBack/jiufubao
通知报文：memberid=191121442&orderid=11272220215635&transaction_id=20191127222025575251&amount=100.0000&datetime=20191127222309&returncode=00&sign=189E5593479173D80800100D28EE979B&attach=
HTTP状态：
返回：查询订单失败查询订单订单状态为未支付ok

【2019-11-27 22:30:13】
订单号：20191127221921575055
通知地址：http://e019cdb2app.miapp88api.com/Api/Home/payCallBack/jiufubao
通知报文：memberid=191121442&orderid=11272219196743&transaction_id=20191127221921575055&amount=100.0000&datetime=20191127223011&returncode=00&sign=0A2DB50AB8BBA46A1AC290320F12E9AC&attach=
HTTP状态：
返回：查询订单失败查询订单订单状态为未支付ok

【2019-11-27 22:43:58】
订单号：20191127222021531001
通知地址：http://e019cdb2app.miapp88api.com/Api/Home/payCallBack/jiufubao
通知报文：memberid=191121442&orderid=11272220212341&transaction_id=20191127222021531001&amount=100.0000&datetime=20191127224356&returncode=00&sign=4A179D45F54E61A55480AABD45C06FDB&attach=
HTTP状态：
返回：查询订单失败查询订单订单状态为未支付ok

【2019-11-27 23:09:34】
订单号：20191127230807554810
通知地址：http://pay.1youbox.com/onlinepay/jiufubaov2/notify.do
通知报文：memberid=191209910&orderid=2019112723080503475&transaction_id=20191127230807554810&amount=300.0000&datetime=20191127230933&returncode=00&sign=6F3D2FCA07C5BE6FFF36BABD2B7A748C&attach=
HTTP状态：
返回：OK

【2019-11-27 23:40:16】
订单号：20191127233854101575
通知地址：http://pay.ffc585.com/JiuFuBaoZhiFuReturn/Index
通知报文：memberid=191205418&orderid=RK561023240320051359&transaction_id=20191127233854101575&amount=200.0000&datetime=20191127234015&returncode=00&sign=4957694040E575B9E7450E40F2556AB5&attach=
HTTP状态：
返回：OK

【2019-11-27 23:41:58】
订单号：20191127234036529810
通知地址：http://pay.vip6081.com/onlinepay/jiufubaov2/notify.do
通知报文：memberid=191155102&orderid=2019112723403002908&transaction_id=20191127234036529810&amount=3000.0000&datetime=20191127234158&returncode=00&sign=B6D0BB99A2C5E5654EAAF01144B4B02F&attach=
HTTP状态：
返回：OK

