【2019-12-06 00:25:39】
订单号：20191206002244525699
通知地址：http://pay.vip6081.com/onlinepay/jiufubaov2/notify.do
通知报文：memberid=191155102&orderid=2019120600224400033&transaction_id=20191206002244525699&amount=700.0000&datetime=20191206002538&returncode=00&sign=4D459D03EFEB6FF94BE7EA721FCDD9C1&attach=
HTTP状态：
返回：OK

【2019-12-06 00:31:50】
订单号：20191206002952481019
通知地址：http://e019cdb2app.miapp88api.com/Api/Home/payCallBack/jiufubao
通知报文：memberid=191121442&orderid=12060029514607&transaction_id=20191206002952481019&amount=100.0000&datetime=20191206003147&returncode=00&sign=1B2CCFAB0992D6357065486EC4461E37&attach=
HTTP状态：
返回：查询订单失败查询订单订单状态为未支付ok

【2019-12-06 01:05:29】
订单号：20191206010220995356
通知地址：http://e019cdb2app.miapp88api.com/Api/Home/payCallBack/jiufubao
通知报文：memberid=191121442&orderid=12060102212787&transaction_id=20191206010220995356&amount=100.0000&datetime=20191206010526&returncode=00&sign=4799F5C4839CD60CFA86A43F84130058&attach=
HTTP状态：
返回：查询订单失败查询订单订单状态为未支付ok

【2019-12-06 10:27:40】
订单号：20191206101023102504
通知地址：http://pay.vip6081.com/onlinepay/jiufubaov2/notify.do
通知报文：memberid=191155102&orderid=2019120610102100384&transaction_id=20191206101023102504&amount=200.0000&datetime=20191206102740&returncode=00&sign=A86DB01CF611A4270F09CCC3B5456218&attach=
HTTP状态：
返回：OK

【2019-12-06 10:55:33】
订单号：20191206104621100100
通知地址：https://pay.fh89zf.com/onlinePay/notify/p2jiufubaov2.do
通知报文：memberid=191194184&orderid=D2019120610461700244&transaction_id=20191206104621100100&amount=300.0000&datetime=20191206105532&returncode=00&sign=E76C720CB43F87F5DFC71BB5A1D149AE&attach=
HTTP状态：
返回：OK

【2019-12-06 11:04:44】
订单号：20191206110214545597
通知地址：http://pay1.dr5151.com/apis/pay_gateway/jiufujinzhifu/notice
通知报文：memberid=191209911&orderid=F201912061102162430&transaction_id=20191206110214545597&amount=400.0000&datetime=20191206110443&returncode=00&sign=7BBD84C64A56E584620653FCF302E8AC&attach=
HTTP状态：
返回：OK

【2019-12-06 11:27:56】
订单号：20191206112530979955
通知地址：http://pay.1youbox.com/onlinepay/jiufubaov2/notify.do
通知报文：memberid=191209910&orderid=2019120611252901307&transaction_id=20191206112530979955&amount=500.0000&datetime=20191206112755&returncode=00&sign=1A8BC410B2D22FA3C6494FB19242FE36&attach=
HTTP状态：
返回：OK

【2019-12-06 11:28:30】
订单号：20191206112539515756
通知地址：https://payback3.lebopay.net/jfbscpay/scallback.php
通知报文：memberid=191209913&orderid=2019120523253687057429&transaction_id=20191206112539515756&amount=100.0000&datetime=20191206112827&returncode=00&sign=45132E2BD5FCAA86093291A71126872E&attach=41536-90c326d5bec4d9dbc0e35801f587f71e
HTTP状态：
返回：OK

【2019-12-06 11:34:29】
订单号：20191206113213100485
通知地址：http://pay1.dr5151.com/apis/pay_gateway/jiufujinzhifu/notice
通知报文：memberid=191209911&orderid=F201912061132105256&transaction_id=20191206113213100485&amount=200.0000&datetime=20191206113429&returncode=00&sign=3C0FCF8514B53FF41603C80369152DCF&attach=
HTTP状态：
返回：OK

【2019-12-06 11:55:28】
订单号：20191206114748524897
通知地址：http://pay1.dr5151.com/apis/pay_gateway/jiufujinzhifu/notice
通知报文：memberid=191209911&orderid=F201912061147417732&transaction_id=20191206114748524897&amount=500.0000&datetime=20191206115527&returncode=00&sign=F8AC84CE38F122D5AC3CEE155269CE08&attach=
HTTP状态：
返回：OK

【2019-12-06 11:56:42】
订单号：20191206114542549949
通知地址：http://pay.1youbox.com/onlinepay/jiufubaov2/notify.do
通知报文：memberid=191209910&orderid=2019120611453601383&transaction_id=20191206114542549949&amount=100.0000&datetime=20191206115642&returncode=00&sign=DA48FA4F9D989C6E19927250A6B82737&attach=
HTTP状态：
返回：OK

【2019-12-06 12:00:25】
订单号：20191206115717100521
通知地址：http://pay1.dr5151.com/apis/pay_gateway/jiufujinzhifu/notice
通知报文：memberid=191209911&orderid=F201912061157127308&transaction_id=20191206115717100521&amount=100.0000&datetime=20191206120024&returncode=00&sign=3DDA9838D3D686D562802E156194F70B&attach=
HTTP状态：
返回：OK

【2019-12-06 12:55:17】
订单号：20191206125137575650
通知地址：http://pay1.dr5151.com/apis/pay_gateway/jiufujinzhifu/notice
通知报文：memberid=191209911&orderid=F201912061251382946&transaction_id=20191206125137575650&amount=400.0000&datetime=20191206125516&returncode=00&sign=0CDFF43AC6D48ABB407D9F151DACB74E&attach=
HTTP状态：
返回：OK

【2019-12-06 13:11:36】
订单号：20191206125943102545
通知地址：http://pay1.dr5151.com/apis/pay_gateway/jiufujinzhifu/notice
通知报文：memberid=191209911&orderid=F201912061259413140&transaction_id=20191206125943102545&amount=100.0000&datetime=20191206131135&returncode=00&sign=80ACFB9D396ECEEF5B50754E8CCFCA1E&attach=
HTTP状态：
返回：OK

【2019-12-06 13:28:36】
订单号：20191206132514979910
通知地址：http://pay.vip6081.com/onlinepay/jiufubaov2/notify.do
通知报文：memberid=191155102&orderid=2019120613251400874&transaction_id=20191206132514979910&amount=901.0000&datetime=20191206132835&returncode=00&sign=E211B471E021CCDC64AFE3E4C4218A41&attach=
HTTP状态：
返回：OK

【2019-12-06 13:47:17】
订单号：20191206134215554899
通知地址：http://pay1.dr5151.com/apis/pay_gateway/jiufujinzhifu/notice
通知报文：memberid=191209911&orderid=F201912061342112124&transaction_id=20191206134215554899&amount=200.0000&datetime=20191206134715&returncode=00&sign=06EBF3D2B9B3989E3E314BCFF5C738C3&attach=
HTTP状态：
返回：OK

【2019-12-06 14:20:21】
订单号：20191206141706501005
通知地址：https://pay.fh89zf.com/onlinePay/notify/p2jiufubaov2.do
通知报文：memberid=191194184&orderid=D2019120614165800405&transaction_id=20191206141706501005&amount=400.0000&datetime=20191206142018&returncode=00&sign=C00A7E682D0B1D958642D07DC7B75684&attach=
HTTP状态：
返回：OK

【2019-12-06 14:25:45】
订单号：20191206142324995799
通知地址：http://pay.1youbox.com/onlinepay/jiufubaov2/notify.do
通知报文：memberid=191209910&orderid=2019120614232202193&transaction_id=20191206142324995799&amount=200.0000&datetime=20191206142545&returncode=00&sign=A92F3AC45A1731D045F31D4E74A0DB64&attach=
HTTP状态：
返回：OK

【2019-12-06 14:37:58】
订单号：20191206143616489949
通知地址：http://pay1.dr5151.com/apis/pay_gateway/jiufujinzhifu/notice
通知报文：memberid=191209911&orderid=F201912061436144197&transaction_id=20191206143616489949&amount=100.0000&datetime=20191206143757&returncode=00&sign=BFC0AB3EDE6041C58059F55EE8E180E7&attach=
HTTP状态：
返回：OK

【2019-12-06 14:39:58】
订单号：20191206143812529810
通知地址：http://pay1.dr5151.com/apis/pay_gateway/jiufujinzhifu/notice
通知报文：memberid=191209911&orderid=F201912061438115025&transaction_id=20191206143812529810&amount=200.0000&datetime=20191206143957&returncode=00&sign=8A0F5D15B03EEC57085E2FEFE37B359B&attach=
HTTP状态：
返回：OK

【2019-12-06 14:53:55】
订单号：20191206144532995656
通知地址：http://pay.1youbox.com/onlinepay/jiufubaov2/notify.do
通知报文：memberid=191209910&orderid=2019120614452902285&transaction_id=20191206144532995656&amount=100.0000&datetime=20191206145354&returncode=00&sign=B951B5AD408C18A7F2D8F1D57AFE18C7&attach=
HTTP状态：
返回：OK

【2019-12-06 14:55:13】
订单号：20191206144636991005
通知地址：https://wanjia365.cn/Public.server.do
通知报文：memberid=191095866&orderid=L1912061446374674&transaction_id=20191206144636991005&amount=1000.0000&datetime=20191206145512&returncode=00&sign=E3FE62C60DB5D8C9DC0EDD1BD9E0608D&attach=717,https://wanjia365.cn/Account.jhrecharge.do
HTTP状态：
返回：

【2019-12-06 14:56:22】
订单号：20191206144636991005
通知地址：https://wanjia365.cn/Public.server.do
通知报文：memberid=191095866&orderid=L1912061446374674&transaction_id=20191206144636991005&amount=1000.0000&datetime=20191206145622&returncode=00&sign=A1359DAC787A166E4608739485172695&attach=717,https://wanjia365.cn/Account.jhrecharge.do
HTTP状态：
返回：

【2019-12-06 14:57:41】
订单号：20191206144636991005
通知地址：https://wanjia365.cn/Public.server.do
通知报文：memberid=191095866&orderid=L1912061446374674&transaction_id=20191206144636991005&amount=1000.0000&datetime=20191206145740&returncode=00&sign=9D22CD7BD3044AE8311A69556E26697B&attach=717,https://wanjia365.cn/Account.jhrecharge.do
HTTP状态：
返回：

【2019-12-06 14:58:21】
订单号：20191206144636991005
通知地址：https://wanjia365.cn/Public.server.do
通知报文：memberid=191095866&orderid=L1912061446374674&transaction_id=20191206144636991005&amount=1000.0000&datetime=20191206145821&returncode=00&sign=7A5EBFFC9AD0E12479478A51E909452F&attach=717,https://wanjia365.cn/Account.jhrecharge.do
HTTP状态：
返回：

【2019-12-06 15:00:57】
订单号：20191206144636991005
通知地址：https://wanjia365.cn/Public.server.do
通知报文：memberid=191095866&orderid=L1912061446374674&transaction_id=20191206144636991005&amount=1000.0000&datetime=20191206150057&returncode=00&sign=9087AD2E6A2ABEE55411E1CEE432E157&attach=717,https://wanjia365.cn/Account.jhrecharge.do
HTTP状态：
返回：

【2019-12-06 15:05:24】
订单号：20191206150209499899
通知地址：http://pay1.dr5151.com/apis/pay_gateway/jiufujinzhifu/notice
通知报文：memberid=191209911&orderid=F201912061502096048&transaction_id=20191206150209499899&amount=200.0000&datetime=20191206150524&returncode=00&sign=9DB4E10B0C82D69F31F1CD9C75CAB383&attach=
HTTP状态：
返回：OK

【2019-12-06 15:07:56】
订单号：20191206150502101999
通知地址：http://pay.1youbox.com/onlinepay/jiufubaov2/notify.do
通知报文：memberid=191209910&orderid=2019120615050502378&transaction_id=20191206150502101999&amount=100.0000&datetime=20191206150755&returncode=00&sign=94EEE4839D1AD8FAEA88ECE6C8D63AFE&attach=
HTTP状态：
返回：OK

【2019-12-06 15:08:17】
订单号：20191206144616561015
通知地址：https://payback3.lebopay.net/jfbscpay/scallback.php
通知报文：memberid=191209913&orderid=2019120602461552527429&transaction_id=20191206144616561015&amount=200.0000&datetime=20191206150815&returncode=00&sign=5727386F7FEAE388AD7276DBC42528F8&attach=41536-9711ac5db948f39a3803573977b297ec
HTTP状态：
返回：OK

【2019-12-06 15:34:24】
订单号：20191206153219511014
通知地址：http://pay1.dr5151.com/apis/pay_gateway/jiufujinzhifu/notice
通知报文：memberid=191209911&orderid=F201912061532217076&transaction_id=20191206153219511014&amount=100.0000&datetime=20191206153423&returncode=00&sign=954E64FB2E7BB01F43AC80EF2A42D146&attach=
HTTP状态：
返回：OK

【2019-12-06 15:34:24】
订单号：20191206153219511014
通知地址：http://pay1.dr5151.com/apis/pay_gateway/jiufujinzhifu/notice
通知报文：memberid=191209911&orderid=F201912061532217076&transaction_id=20191206153219511014&amount=100.0000&datetime=20191206153424&returncode=00&sign=AF75FCA1A4B82EE2A4E71BE23A6D726E&attach=
HTTP状态：
返回：已处理过过的订单

【2019-12-06 15:35:07】
订单号：20191206153323511014
通知地址：http://pay.1youbox.com/onlinepay/jiufubaov2/notify.do
通知报文：memberid=191209910&orderid=2019120615332502511&transaction_id=20191206153323511014&amount=200.0000&datetime=20191206153507&returncode=00&sign=0478F74AFE286AA7EC83E68DE059FAB0&attach=
HTTP状态：
返回：OK

【2019-12-06 15:42:58】
订单号：20191206154000484910
通知地址：https://pay.fh89zf.com/onlinePay/notify/p2jiufubaov2.do
通知报文：memberid=191194184&orderid=D2019120615394300455&transaction_id=20191206154000484910&amount=100.0000&datetime=20191206154257&returncode=00&sign=AA1F0631F7AE4AA2246BF9D676881B32&attach=
HTTP状态：
返回：OK

【2019-12-06 15:49:15】
订单号：20191206154808564857
通知地址：https://pay.fh89zf.com/onlinePay/notify/p2jiufubaov2.do
通知报文：memberid=191194184&orderid=D2019120615480800463&transaction_id=20191206154808564857&amount=100.0000&datetime=20191206154914&returncode=00&sign=5D9A3220E4A9BCE938360AA0EAA1B1AD&attach=
HTTP状态：
返回：OK

【2019-12-06 15:57:09】
订单号：20191206154947981005
通知地址：https://pay.fh89zf.com/onlinePay/notify/p2jiufubaov2.do
通知报文：memberid=191194184&orderid=D2019120615494400466&transaction_id=20191206154947981005&amount=500.0000&datetime=20191206155708&returncode=00&sign=FCDC7913A157C699AD497FC25C9E6674&attach=
HTTP状态：
返回：OK

【2019-12-06 15:57:20】
订单号：20191206155602505051
通知地址：http://pay.1youbox.com/onlinepay/jiufubaov2/notify.do
通知报文：memberid=191209910&orderid=2019120615555902633&transaction_id=20191206155602505051&amount=200.0000&datetime=20191206155720&returncode=00&sign=36248B06E90EF36307DD15339C02D77D&attach=
HTTP状态：
返回：OK

【2019-12-06 16:01:32】
订单号：20191206155735102544
通知地址：http://pay.1youbox.com/onlinepay/jiufubaov2/notify.do
通知报文：memberid=191209910&orderid=2019120615573502644&transaction_id=20191206155735102544&amount=100.0000&datetime=20191206160131&returncode=00&sign=B5D69D3EB3EAB06D548919283E3ADF3C&attach=
HTTP状态：
返回：OK

【2019-12-06 16:02:16】
订单号：20191206160003515754
通知地址：http://pay1.dr5151.com/apis/pay_gateway/jiufujinzhifu/notice
通知报文：memberid=191209911&orderid=F201912061600041345&transaction_id=20191206160003515754&amount=100.0000&datetime=20191206160215&returncode=00&sign=0BDF3E9F75ADB10AC5D39AEAECD889EF&attach=
HTTP状态：
返回：OK

【2019-12-06 16:02:20】
订单号：20191206160008565610
通知地址：https://pay.fh89zf.com/onlinePay/notify/p2jiufubaov2.do
通知报文：memberid=191194184&orderid=D2019120615595700471&transaction_id=20191206160008565610&amount=100.0000&datetime=20191206160219&returncode=00&sign=0396361CBDEE65D6C9BDD39C68EE890D&attach=
HTTP状态：
返回：OK

【2019-12-06 18:13:57】
订单号：20191206181206545698
通知地址：https://wanjia365.cn/Public.server.do
通知报文：memberid=191095866&orderid=C1912061812066159&transaction_id=20191206181206545698&amount=500.0000&datetime=20191206181356&returncode=00&sign=862162FC89321ABA343BCA77F80536DB&attach=720,https://wanjia365.cn/Account.jhrecharge.do
HTTP状态：
返回：

【2019-12-06 18:44:25】
订单号：20191206184244525298
通知地址：https://pay.fh89zf.com/onlinePay/notify/p2jiufubaov2.do
通知报文：memberid=191194184&orderid=D2019120618424500616&transaction_id=20191206184244525298&amount=150.0000&datetime=20191206184424&returncode=00&sign=8D63F05929EE026585518EB6D7F5D698&attach=
HTTP状态：
返回：OK

【2019-12-06 18:51:34】
订单号：20191206184849491015
通知地址：https://wanjia365.cn/Public.server.do
通知报文：memberid=191095866&orderid=O1912061848519018&transaction_id=20191206184849491015&amount=100.0000&datetime=20191206185133&returncode=00&sign=337C684FF14A92F0D14607C1B2EB23C5&attach=501,https://wanjia365.cn/Account.jhrecharge.do
HTTP状态：
返回：

【2019-12-06 18:59:16】
订单号：20191206185622549798
通知地址：http://pay.1youbox.com/onlinepay/jiufubaov2/notify.do
通知报文：memberid=191209910&orderid=2019120618562403390&transaction_id=20191206185622549798&amount=200.0000&datetime=20191206185915&returncode=00&sign=C162709856AE548309E34DAB4189197C&attach=
HTTP状态：
返回：OK

【2019-12-06 19:15:45】
订单号：20191206191407102565
通知地址：http://pay.1youbox.com/onlinepay/jiufubaov2/notify.do
通知报文：memberid=191209910&orderid=2019120619140703465&transaction_id=20191206191407102565&amount=1000.0000&datetime=20191206191544&returncode=00&sign=0DDDCAEEB05227587E56D547B7D5F6CB&attach=
HTTP状态：
返回：OK

【2019-12-06 19:16:39】
订单号：20191206191428521005
通知地址：http://pay.1youbox.com/onlinepay/jiufubaov2/notify.do
通知报文：memberid=191209910&orderid=2019120619142903466&transaction_id=20191206191428521005&amount=100.0000&datetime=20191206191638&returncode=00&sign=711C77B069E1BAA311EF485102813B0D&attach=
HTTP状态：
返回：OK

【2019-12-06 19:20:29】
订单号：20191206191206549752
通知地址：http://pay.1youbox.com/onlinepay/jiufubaov2/notify.do
通知报文：memberid=191209910&orderid=2019120619120703457&transaction_id=20191206191206549752&amount=100.0000&datetime=20191206192028&returncode=00&sign=0351EC42FEFAC8933C2EBCF36A676C83&attach=
HTTP状态：
返回：OK

【2019-12-06 19:23:09】
订单号：20191206192055555710
通知地址：http://pay1.dr5151.com/apis/pay_gateway/jiufujinzhifu/notice
通知报文：memberid=191209911&orderid=F201912061920313848&transaction_id=20191206192055555710&amount=100.0000&datetime=20191206192307&returncode=00&sign=A586279FF439AF9A61B3115E694AAE6C&attach=
HTTP状态：
返回：OK

【2019-12-06 19:38:08】
订单号：20191206193500524855
通知地址：http://pay1.dr5151.com/apis/pay_gateway/jiufujinzhifu/notice
通知报文：memberid=191209911&orderid=F201912061935024136&transaction_id=20191206193500524855&amount=100.0000&datetime=20191206193807&returncode=00&sign=427A4EE1D8D21026A93E58A1721EEFB8&attach=
HTTP状态：
返回：OK

【2019-12-06 19:44:10】
订单号：20191206194135102575
通知地址：http://pay1.dr5151.com/apis/pay_gateway/jiufujinzhifu/notice
通知报文：memberid=191209911&orderid=F201912061941335910&transaction_id=20191206194135102575&amount=1000.0000&datetime=20191206194409&returncode=00&sign=16CD480C8D37050ECA4CD2B3ABA1033B&attach=
HTTP状态：
返回：OK

【2019-12-06 19:51:38】
订单号：20191206194845100559
通知地址：http://pay.1youbox.com/onlinepay/jiufubaov2/notify.do
通知报文：memberid=191209910&orderid=2019120619484403616&transaction_id=20191206194845100559&amount=100.0000&datetime=20191206195138&returncode=00&sign=197A857F7A45CA691F578466B3946BDC&attach=
HTTP状态：
返回：OK

【2019-12-06 19:51:41】
订单号：20191206194829100100
通知地址：http://pay.1youbox.com/onlinepay/jiufubaov2/notify.do
通知报文：memberid=191209910&orderid=2019120619483003613&transaction_id=20191206194829100100&amount=200.0000&datetime=20191206195141&returncode=00&sign=37F3B8321B09EDC4621BCF4C6E9F8FF9&attach=
HTTP状态：
返回：OK

【2019-12-06 19:52:35】
订单号：20191206194947985151
通知地址：http://pay.1youbox.com/onlinepay/jiufubaov2/notify.do
通知报文：memberid=191209910&orderid=2019120619494303622&transaction_id=20191206194947985151&amount=1000.0000&datetime=20191206195234&returncode=00&sign=DADEF39EC1987C967BE3A5626F4ADB26&attach=
HTTP状态：
返回：OK

【2019-12-06 19:58:04】
订单号：20191206195522974857
通知地址：https://pay.fh89zf.com/onlinePay/notify/p2jiufubaov2.do
通知报文：memberid=191194184&orderid=D2019120619551800694&transaction_id=20191206195522974857&amount=100.0000&datetime=20191206195803&returncode=00&sign=E13583DEAFA9D85C1B2F3D2005849A95&attach=
HTTP状态：
返回：OK

【2019-12-06 20:31:22】
订单号：20191206202503102565
通知地址：http://pay1.dr5151.com/apis/pay_gateway/jiufujinzhifu/notice
通知报文：memberid=191209911&orderid=F201912062025053684&transaction_id=20191206202503102565&amount=100.0000&datetime=20191206203121&returncode=00&sign=BEDCE2363B7DCA85A9ECE0B1E9A981EF&attach=
HTTP状态：
返回：OK

【2019-12-06 20:33:14】
订单号：20191206203146505097
通知地址：https://pay.fh89zf.com/onlinePay/notify/p2jiufubaov2.do
通知报文：memberid=191194184&orderid=D2019120620311300736&transaction_id=20191206203146505097&amount=600.0000&datetime=20191206203312&returncode=00&sign=C9AACEB4749541C1B1E0F95757035228&attach=
HTTP状态：
返回：OK

【2019-12-06 20:34:47】
订单号：20191206203057499798
通知地址：https://pay.fh89zf.com/onlinePay/notify/p2jiufubaov2.do
通知报文：memberid=191194184&orderid=D2019120620310000735&transaction_id=20191206203057499798&amount=5000.0000&datetime=20191206203445&returncode=00&sign=0997799153815BA3FC4C9D19FF676DCF&attach=
HTTP状态：
返回：OK

【2019-12-06 20:47:58】
订单号：20191206204508525398
通知地址：https://pay.fh89zf.com/onlinePay/notify/p2jiufubaov2.do
通知报文：memberid=191194184&orderid=D2019120620450800770&transaction_id=20191206204508525398&amount=300.0000&datetime=20191206204757&returncode=00&sign=8FD3A71F12AF94BF581CD4D4DF8020BE&attach=
HTTP状态：
返回：OK

【2019-12-06 21:01:37】
订单号：20191206205750101485
通知地址：http://awseb-e-q-awsebloa-p0jtqe3naeml-278855201.ap-northeast-1.elb.amazonaws.com/pay/notify/152/521
通知报文：memberid=191209912&orderid=1043132020191206205748678&transaction_id=20191206205750101485&amount=300.0000&datetime=20191206210137&returncode=00&sign=FADF98BDAA046639FBAEBBF06E8C5E14&attach=
HTTP状态：
返回：OK

【2019-12-06 21:04:52】
订单号：20191206210209495210
通知地址：http://pay.ffc585.com/JiuFuBaoZhiFuReturn/Index
通知报文：memberid=191205418&orderid=RK360204247608372235&transaction_id=20191206210209495210&amount=300.0000&datetime=20191206210449&returncode=00&sign=80246460EAF917BC0DCF6F7D27B7A6AE&attach=
HTTP状态：
返回：OK

【2019-12-06 21:04:57】
订单号：20191206210341100100
通知地址：http://pay1.dr5151.com/apis/pay_gateway/jiufujinzhifu/notice
通知报文：memberid=191209911&orderid=F201912062103337753&transaction_id=20191206210341100100&amount=500.0000&datetime=20191206210455&returncode=00&sign=98C952814C377A9E61F8B9458230F159&attach=
HTTP状态：
返回：OK

【2019-12-06 21:07:38】
订单号：20191206210505495754
通知地址：http://pay1.dr5151.com/apis/pay_gateway/jiufujinzhifu/notice
通知报文：memberid=191209911&orderid=F201912062105089723&transaction_id=20191206210505495754&amount=100.0000&datetime=20191206210737&returncode=00&sign=59901856E2DA29E4F5676E4D02271388&attach=
HTTP状态：
返回：OK

【2019-12-06 21:11:25】
订单号：20191206210551102565
通知地址：https://payback3.lebopay.net/jfbscpay/scallback.php
通知报文：memberid=191209913&orderid=2019120609054992797429&transaction_id=20191206210551102565&amount=200.0000&datetime=20191206211123&returncode=00&sign=4C86187B43AE31CA41125D4330F2C427&attach=41536-13a9bd1109e78ab5d87fffbc71109488
HTTP状态：
返回：OK

【2019-12-06 21:17:07】
订单号：20191206211338504910
通知地址：http://pay.1youbox.com/onlinepay/jiufubaov2/notify.do
通知报文：memberid=191209910&orderid=2019120621133904037&transaction_id=20191206211338504910&amount=130.0000&datetime=20191206211706&returncode=00&sign=89A79FFADB7CE134FC3E617E68C2C382&attach=
HTTP状态：
返回：OK

【2019-12-06 21:17:42】
订单号：20191206210737575157
通知地址：https://pay.fh89zf.com/onlinePay/notify/p2jiufubaov2.do
通知报文：memberid=191194184&orderid=D2019120621074000802&transaction_id=20191206210737575157&amount=100.0000&datetime=20191206211741&returncode=00&sign=C31DD3FDD750FBA0B5543230C3B61676&attach=
HTTP状态：
返回：OK

【2019-12-06 21:55:08】
订单号：20191206215044524855
通知地址：http://pay.1youbox.com/onlinepay/jiufubaov2/notify.do
通知报文：memberid=191209910&orderid=2019120621504704249&transaction_id=20191206215044524855&amount=100.0000&datetime=20191206215508&returncode=00&sign=603049D56CED6DD0FC23BA2BABA19240&attach=
HTTP状态：
返回：OK

【2019-12-06 21:56:20】
订单号：20191206215452994910
通知地址：http://pay.1youbox.com/onlinepay/jiufubaov2/notify.do
通知报文：memberid=191209910&orderid=2019120621544504269&transaction_id=20191206215452994910&amount=200.0000&datetime=20191206215619&returncode=00&sign=7A2FF0F51CE69355838710408DB8137E&attach=
HTTP状态：
返回：OK

【2019-12-06 22:10:15】
订单号：20191206220758101541
通知地址：http://pay.ffc585.com/JiuFuBaoZhiFuReturn/Index
通知报文：memberid=191205418&orderid=RK360188628194621317&transaction_id=20191206220758101541&amount=500.0000&datetime=20191206221014&returncode=00&sign=CA2E6604D761D9BCDDBE9B396FA60FE8&attach=
HTTP状态：
返回：OK

【2019-12-06 22:43:30】
订单号：20191206223426505151
通知地址：http://pay.1youbox.com/onlinepay/jiufubaov2/notify.do
通知报文：memberid=191209910&orderid=2019120622342904445&transaction_id=20191206223426505151&amount=200.0000&datetime=20191206224329&returncode=00&sign=411F12B8885874584D8404EAD881DA8A&attach=
HTTP状态：
返回：OK

【2019-12-06 22:47:05】
订单号：20191206223428529999
通知地址：https://pay.fh89zf.com/onlinePay/notify/p2jiufubaov2.do
通知报文：memberid=191194184&orderid=D2019120622343100868&transaction_id=20191206223428529999&amount=1000.0000&datetime=20191206224703&returncode=00&sign=A645121BFA4BCA8EC34C2FC204580971&attach=
HTTP状态：
返回：OK

【2019-12-06 22:47:33】
订单号：20191206223925100495
通知地址：https://pay.fh89zf.com/onlinePay/notify/p2jiufubaov2.do
通知报文：memberid=191194184&orderid=D2019120622392500874&transaction_id=20191206223925100495&amount=500.0000&datetime=20191206224730&returncode=00&sign=DC56079DAF544B5FDFCC7484BA5A3232&attach=
HTTP状态：
返回：OK

【2019-12-06 22:49:56】
订单号：20191206224420524854
通知地址：https://pay.fh89zf.com/onlinePay/notify/p2jiufubaov2.do
通知报文：memberid=191194184&orderid=D2019120622441800882&transaction_id=20191206224420524854&amount=300.0000&datetime=20191206224955&returncode=00&sign=51EC8BC6A16B257AAFCC20C8F22DE371&attach=
HTTP状态：
返回：OK

【2019-12-06 22:57:29】
订单号：20191206225421100544
通知地址：http://pay.ffc585.com/JiuFuBaoZhiFuReturn/Index
通知报文：memberid=191205418&orderid=RK360881101477544032&transaction_id=20191206225421100544&amount=1500.0000&datetime=20191206225729&returncode=00&sign=F875DE73F8600F695DC6E6C8E40EA962&attach=
HTTP状态：
返回：OK

【2019-12-06 23:01:24】
订单号：20191206225938975554
通知地址：http://pay1.dr5151.com/apis/pay_gateway/jiufujinzhifu/notice
通知报文：memberid=191209911&orderid=F201912062259378997&transaction_id=20191206225938975554&amount=500.0000&datetime=20191206230123&returncode=00&sign=B2E41DDF59415A30AB25FE10D6E394A2&attach=
HTTP状态：
返回：OK

【2019-12-06 23:03:55】
订单号：20191206230146975448
通知地址：https://pay.fh89zf.com/onlinePay/notify/p2jiufubaov2.do
通知报文：memberid=191194184&orderid=D2019120623014600906&transaction_id=20191206230146975448&amount=1500.0000&datetime=20191206230353&returncode=00&sign=7BB11965F26467B081D18B5B722EA609&attach=
HTTP状态：
返回：OK

【2019-12-06 23:19:37】
订单号：20191206231706504955
通知地址：https://pay.fh89zf.com/onlinePay/notify/p2jiufubaov2.do
通知报文：memberid=191194184&orderid=D2019120623170300918&transaction_id=20191206231706504955&amount=300.0000&datetime=20191206231935&returncode=00&sign=B28D7FC4AD8183CC0778E5DD47EBA550&attach=
HTTP状态：
返回：OK

【2019-12-06 23:33:03】
订单号：20191206232851515148
通知地址：https://payback3.lebopay.net/jfbscpay/scallback.php
通知报文：memberid=191209913&orderid=2019120611284631208582&transaction_id=20191206232851515148&amount=100.0000&datetime=20191206233301&returncode=00&sign=424D7B5BBE956E7F104E4BE77BD7FF68&attach=41536-d807eebca28621a7ef91e30bb1551333
HTTP状态：
返回：OK

【2019-12-06 23:37:45】
订单号：20191206233549534997
通知地址：https://pay.fh89zf.com/onlinePay/notify/p2jiufubaov2.do
通知报文：memberid=191194184&orderid=D2019120623354600932&transaction_id=20191206233549534997&amount=300.0000&datetime=20191206233742&returncode=00&sign=79362DBD6F1977F6E899823B1E319C27&attach=
HTTP状态：
返回：OK

【2019-12-06 23:37:51】
订单号：20191206233400565748
通知地址：http://pay1.dr5151.com/apis/pay_gateway/jiufujinzhifu/notice
通知报文：memberid=191209911&orderid=F201912062334006648&transaction_id=20191206233400565748&amount=1000.0000&datetime=20191206233749&returncode=00&sign=8870E644853CF2B0232DF2FF57F91B11&attach=
HTTP状态：
返回：OK

【2019-12-06 23:56:32】
订单号：20191206235346975510
通知地址：http://pay.ffc585.com/JiuFuBaoZhiFuReturn/Index
通知报文：memberid=191205418&orderid=RK361136231478113762&transaction_id=20191206235346975510&amount=5000.0000&datetime=20191206235631&returncode=00&sign=24368F45DA7615F897655F19E72F0415&attach=
HTTP状态：
返回：OK

