【2019-11-21 00:13:21】
订单号：20191121000408561005
通知地址：http://e019cdb2app.miapp88api.com/Api/Home/payCallBack/jiufubao
通知报文：memberid=191121442&orderid=11210004085604&transaction_id=20191121000408561005&amount=200.0000&datetime=20191121001320&returncode=00&sign=B6478372F68B1FEEFD7E07C550D2893E&attach=
HTTP状态：
返回：查询订单失败查询订单订单状态为未支付ok

【2019-11-21 01:19:04】
订单号：20191121011844525553
通知地址：https://a.818-158.com/Public.server.do
通知报文：memberid=191095866&orderid=J1911210118435634&transaction_id=20191121011844525553&amount=300.0000&datetime=20191121011904&returncode=00&sign=AE745A3C1D8FFBE9B6657942865AFEDC&attach=368,https://a.818-158.com/Account.jhrecharge.do
HTTP状态：
返回：OK

【2019-11-21 01:19:06】
订单号：20191121011844525553
通知地址：https://a.818-158.com/Public.server.do
通知报文：memberid=191095866&orderid=J1911210118435634&transaction_id=20191121011844525553&amount=300.0000&datetime=20191121011906&returncode=00&sign=A18B115813FF4E1A7D9866BE4AAC3E6A&attach=368,https://a.818-158.com/Account.jhrecharge.do
HTTP状态：
返回：OK

【2019-11-21 01:19:09】
订单号：20191121011844525553
通知地址：https://a.818-158.com/Public.server.do
通知报文：memberid=191095866&orderid=J1911210118435634&transaction_id=20191121011844525553&amount=300.0000&datetime=20191121011909&returncode=00&sign=3C17D037129B0DE958A7FAD0081CCC99&attach=368,https://a.818-158.com/Account.jhrecharge.do
HTTP状态：
返回：OK

【2019-11-21 01:19:10】
订单号：20191121011844525553
通知地址：https://a.818-158.com/Public.server.do
通知报文：memberid=191095866&orderid=J1911210118435634&transaction_id=20191121011844525553&amount=300.0000&datetime=20191121011910&returncode=00&sign=FE0D438E6036F0441B3265C3B5E20226&attach=368,https://a.818-158.com/Account.jhrecharge.do
HTTP状态：
返回：OK

【2019-11-21 01:19:12】
订单号：20191121011844525553
通知地址：https://a.818-158.com/Public.server.do
通知报文：memberid=191095866&orderid=J1911210118435634&transaction_id=20191121011844525553&amount=300.0000&datetime=20191121011912&returncode=00&sign=E082F4830DA1C9351252F60ABBABDD47&attach=368,https://a.818-158.com/Account.jhrecharge.do
HTTP状态：
返回：OK

【2019-11-21 01:19:14】
订单号：20191121011844525553
通知地址：https://a.818-158.com/Public.server.do
通知报文：memberid=191095866&orderid=J1911210118435634&transaction_id=20191121011844525553&amount=300.0000&datetime=20191121011914&returncode=00&sign=66EAE1A092481AF882626B86F1EE0B45&attach=368,https://a.818-158.com/Account.jhrecharge.do
HTTP状态：
返回：OK

【2019-11-21 01:19:17】
订单号：20191121011844525553
通知地址：https://a.818-158.com/Public.server.do
通知报文：memberid=191095866&orderid=J1911210118435634&transaction_id=20191121011844525553&amount=300.0000&datetime=20191121011917&returncode=00&sign=7829AEB7A51F0A151F0857F87EF2655D&attach=368,https://a.818-158.com/Account.jhrecharge.do
HTTP状态：
返回：OK

【2019-11-21 01:19:19】
订单号：20191121011844525553
通知地址：https://a.818-158.com/Public.server.do
通知报文：memberid=191095866&orderid=J1911210118435634&transaction_id=20191121011844525553&amount=300.0000&datetime=20191121011919&returncode=00&sign=B0633CD1E4F0C7BBBF2A2ECCEB4B2381&attach=368,https://a.818-158.com/Account.jhrecharge.do
HTTP状态：
返回：OK

【2019-11-21 01:19:21】
订单号：20191121011844525553
通知地址：https://a.818-158.com/Public.server.do
通知报文：memberid=191095866&orderid=J1911210118435634&transaction_id=20191121011844525553&amount=300.0000&datetime=20191121011921&returncode=00&sign=92796925E2ACA8EC7FE3CF9655122A07&attach=368,https://a.818-158.com/Account.jhrecharge.do
HTTP状态：
返回：OK

【2019-11-21 01:19:24】
订单号：20191121011844525553
通知地址：https://a.818-158.com/Public.server.do
通知报文：memberid=191095866&orderid=J1911210118435634&transaction_id=20191121011844525553&amount=300.0000&datetime=20191121011923&returncode=00&sign=EB1A0F71BE19571130440D73EFDDA48E&attach=368,https://a.818-158.com/Account.jhrecharge.do
HTTP状态：
返回：OK

【2019-11-21 01:19:25】
订单号：20191121011844525553
通知地址：https://a.818-158.com/Public.server.do
通知报文：memberid=191095866&orderid=J1911210118435634&transaction_id=20191121011844525553&amount=300.0000&datetime=20191121011925&returncode=00&sign=542B4A239BC8BDB422C12AB3305E8E5D&attach=368,https://a.818-158.com/Account.jhrecharge.do
HTTP状态：
返回：OK

【2019-11-21 01:30:57】
订单号：20191121012950101531
通知地址：https://a.818-158.com/Public.server.do
通知报文：memberid=191095866&orderid=P1911210129492520&transaction_id=20191121012950101531&amount=300.0000&datetime=20191121013057&returncode=00&sign=FFCB280A66EDE36521730A86F5BB73BB&attach=368,https://a.818-158.com/Account.jhrecharge.do
HTTP状态：
返回：OK

【2019-11-21 01:30:59】
订单号：20191121012950101531
通知地址：https://a.818-158.com/Public.server.do
通知报文：memberid=191095866&orderid=P1911210129492520&transaction_id=20191121012950101531&amount=300.0000&datetime=20191121013059&returncode=00&sign=33C3FD482181829F0B6674907946AC5F&attach=368,https://a.818-158.com/Account.jhrecharge.do
HTTP状态：
返回：OK

【2019-11-21 01:31:01】
订单号：20191121012950101531
通知地址：https://a.818-158.com/Public.server.do
通知报文：memberid=191095866&orderid=P1911210129492520&transaction_id=20191121012950101531&amount=300.0000&datetime=20191121013101&returncode=00&sign=0CD7D74C4A18E8C537E2A9062CC69BD2&attach=368,https://a.818-158.com/Account.jhrecharge.do
HTTP状态：
返回：OK

【2019-11-21 01:31:04】
订单号：20191121012950101531
通知地址：https://a.818-158.com/Public.server.do
通知报文：memberid=191095866&orderid=P1911210129492520&transaction_id=20191121012950101531&amount=300.0000&datetime=20191121013104&returncode=00&sign=E1C61327F26E8FB1A1BCE33F75E9D9F4&attach=368,https://a.818-158.com/Account.jhrecharge.do
HTTP状态：
返回：OK

【2019-11-21 01:31:06】
订单号：20191121012950101531
通知地址：https://a.818-158.com/Public.server.do
通知报文：memberid=191095866&orderid=P1911210129492520&transaction_id=20191121012950101531&amount=300.0000&datetime=20191121013106&returncode=00&sign=1619CECB362AC7B23C4FDE8F1E10D05B&attach=368,https://a.818-158.com/Account.jhrecharge.do
HTTP状态：
返回：OK

【2019-11-21 01:31:08】
订单号：20191121012950101531
通知地址：https://a.818-158.com/Public.server.do
通知报文：memberid=191095866&orderid=P1911210129492520&transaction_id=20191121012950101531&amount=300.0000&datetime=20191121013108&returncode=00&sign=5DB9C6EC3CAC06CDE058FD853E99B236&attach=368,https://a.818-158.com/Account.jhrecharge.do
HTTP状态：
返回：OK

【2019-11-21 01:31:10】
订单号：20191121012950101531
通知地址：https://a.818-158.com/Public.server.do
通知报文：memberid=191095866&orderid=P1911210129492520&transaction_id=20191121012950101531&amount=300.0000&datetime=20191121013110&returncode=00&sign=746044166F235F13E4D3B2A88ADE16D9&attach=368,https://a.818-158.com/Account.jhrecharge.do
HTTP状态：
返回：OK

【2019-11-21 01:31:12】
订单号：20191121012950101531
通知地址：https://a.818-158.com/Public.server.do
通知报文：memberid=191095866&orderid=P1911210129492520&transaction_id=20191121012950101531&amount=300.0000&datetime=20191121013112&returncode=00&sign=3C5B1E8F90AED8B4C0383067D1306D2E&attach=368,https://a.818-158.com/Account.jhrecharge.do
HTTP状态：
返回：OK

【2019-11-21 01:31:14】
订单号：20191121012950101531
通知地址：https://a.818-158.com/Public.server.do
通知报文：memberid=191095866&orderid=P1911210129492520&transaction_id=20191121012950101531&amount=300.0000&datetime=20191121013114&returncode=00&sign=1B2E10629FBE2FC2FE87E2E0AA8080DF&attach=368,https://a.818-158.com/Account.jhrecharge.do
HTTP状态：
返回：OK

【2019-11-21 01:31:16】
订单号：20191121012950101531
通知地址：https://a.818-158.com/Public.server.do
通知报文：memberid=191095866&orderid=P1911210129492520&transaction_id=20191121012950101531&amount=300.0000&datetime=20191121013116&returncode=00&sign=0CB761514CFF753C1FF644AE7BD734C2&attach=368,https://a.818-158.com/Account.jhrecharge.do
HTTP状态：
返回：OK

【2019-11-21 01:31:18】
订单号：20191121012950101531
通知地址：https://a.818-158.com/Public.server.do
通知报文：memberid=191095866&orderid=P1911210129492520&transaction_id=20191121012950101531&amount=300.0000&datetime=20191121013118&returncode=00&sign=3880281E971876E90AA1FB35C3DEEE3C&attach=368,https://a.818-158.com/Account.jhrecharge.do
HTTP状态：
返回：OK

【2019-11-21 01:31:20】
订单号：20191121012950101531
通知地址：https://a.818-158.com/Public.server.do
通知报文：memberid=191095866&orderid=P1911210129492520&transaction_id=20191121012950101531&amount=300.0000&datetime=20191121013120&returncode=00&sign=4E0148B3EB3526BF8BB49767575C84A7&attach=368,https://a.818-158.com/Account.jhrecharge.do
HTTP状态：
返回：OK

【2019-11-21 01:31:22】
订单号：20191121012950101531
通知地址：https://a.818-158.com/Public.server.do
通知报文：memberid=191095866&orderid=P1911210129492520&transaction_id=20191121012950101531&amount=300.0000&datetime=20191121013122&returncode=00&sign=6C90ED3880F0DF7B0FC19CA0441413D7&attach=368,https://a.818-158.com/Account.jhrecharge.do
HTTP状态：
返回：OK

【2019-11-21 01:31:24】
订单号：20191121012950101531
通知地址：https://a.818-158.com/Public.server.do
通知报文：memberid=191095866&orderid=P1911210129492520&transaction_id=20191121012950101531&amount=300.0000&datetime=20191121013124&returncode=00&sign=6FC98660FF12FCA0799AD9D3CBAB78B2&attach=368,https://a.818-158.com/Account.jhrecharge.do
HTTP状态：
返回：OK

【2019-11-21 01:31:26】
订单号：20191121012950101531
通知地址：https://a.818-158.com/Public.server.do
通知报文：memberid=191095866&orderid=P1911210129492520&transaction_id=20191121012950101531&amount=300.0000&datetime=20191121013126&returncode=00&sign=8BA682BF006997C4279BDA1D6388E2AA&attach=368,https://a.818-158.com/Account.jhrecharge.do
HTTP状态：
返回：OK

【2019-11-21 01:31:28】
订单号：20191121012950101531
通知地址：https://a.818-158.com/Public.server.do
通知报文：memberid=191095866&orderid=P1911210129492520&transaction_id=20191121012950101531&amount=300.0000&datetime=20191121013128&returncode=00&sign=DAF8E6FFF4F17C66FEFB14D982CF812B&attach=368,https://a.818-158.com/Account.jhrecharge.do
HTTP状态：
返回：OK

【2019-11-21 01:31:30】
订单号：20191121012950101531
通知地址：https://a.818-158.com/Public.server.do
通知报文：memberid=191095866&orderid=P1911210129492520&transaction_id=20191121012950101531&amount=300.0000&datetime=20191121013130&returncode=00&sign=A393542D8B1718F8C02C2164ECB531E7&attach=368,https://a.818-158.com/Account.jhrecharge.do
HTTP状态：
返回：OK

【2019-11-21 01:33:41】
订单号：20191121013330974910
通知地址：https://a.818-158.com/Public.server.do
通知报文：memberid=191095866&orderid=C1911210133297297&transaction_id=20191121013330974910&amount=300.0000&datetime=20191121013341&returncode=00&sign=1B7F9D87ABE12540D0F517864839F910&attach=368,https://a.818-158.com/Account.jhrecharge.do
HTTP状态：
返回：OK

【2019-11-21 01:33:43】
订单号：20191121013330974910
通知地址：https://a.818-158.com/Public.server.do
通知报文：memberid=191095866&orderid=C1911210133297297&transaction_id=20191121013330974910&amount=300.0000&datetime=20191121013343&returncode=00&sign=31866672D8EE602290ACB5CCDE4A8B9F&attach=368,https://a.818-158.com/Account.jhrecharge.do
HTTP状态：
返回：OK

【2019-11-21 01:33:45】
订单号：20191121013330974910
通知地址：https://a.818-158.com/Public.server.do
通知报文：memberid=191095866&orderid=C1911210133297297&transaction_id=20191121013330974910&amount=300.0000&datetime=20191121013345&returncode=00&sign=2EBCB734F08C06C84728B4BD599BA987&attach=368,https://a.818-158.com/Account.jhrecharge.do
HTTP状态：
返回：OK

【2019-11-21 01:33:47】
订单号：20191121013330974910
通知地址：https://a.818-158.com/Public.server.do
通知报文：memberid=191095866&orderid=C1911210133297297&transaction_id=20191121013330974910&amount=300.0000&datetime=20191121013347&returncode=00&sign=58D3E97CBD7EB5AFDCD5769A70D5C67B&attach=368,https://a.818-158.com/Account.jhrecharge.do
HTTP状态：
返回：OK

【2019-11-21 01:33:51】
订单号：20191121013330974910
通知地址：https://a.818-158.com/Public.server.do
通知报文：memberid=191095866&orderid=C1911210133297297&transaction_id=20191121013330974910&amount=300.0000&datetime=20191121013351&returncode=00&sign=90D1AD7014413D0B7ECFC70B53C9075B&attach=368,https://a.818-158.com/Account.jhrecharge.do
HTTP状态：
返回：OK

【2019-11-21 01:33:52】
订单号：20191121013330974910
通知地址：https://a.818-158.com/Public.server.do
通知报文：memberid=191095866&orderid=C1911210133297297&transaction_id=20191121013330974910&amount=300.0000&datetime=20191121013351&returncode=00&sign=90D1AD7014413D0B7ECFC70B53C9075B&attach=368,https://a.818-158.com/Account.jhrecharge.do
HTTP状态：
返回：OK

【2019-11-21 01:33:53】
订单号：20191121013330974910
通知地址：https://a.818-158.com/Public.server.do
通知报文：memberid=191095866&orderid=C1911210133297297&transaction_id=20191121013330974910&amount=300.0000&datetime=20191121013353&returncode=00&sign=B716FA15BABB2A1B4CF6EF7C25CC3A0D&attach=368,https://a.818-158.com/Account.jhrecharge.do
HTTP状态：
返回：OK

【2019-11-21 01:33:55】
订单号：20191121013330974910
通知地址：https://a.818-158.com/Public.server.do
通知报文：memberid=191095866&orderid=C1911210133297297&transaction_id=20191121013330974910&amount=300.0000&datetime=20191121013355&returncode=00&sign=4C47D342B95DEBB297AF0E955681C438&attach=368,https://a.818-158.com/Account.jhrecharge.do
HTTP状态：
返回：OK

【2019-11-21 01:33:57】
订单号：20191121013330974910
通知地址：https://a.818-158.com/Public.server.do
通知报文：memberid=191095866&orderid=C1911210133297297&transaction_id=20191121013330974910&amount=300.0000&datetime=20191121013357&returncode=00&sign=0699D0225F4B217F96E8B36F9492E567&attach=368,https://a.818-158.com/Account.jhrecharge.do
HTTP状态：
返回：OK

【2019-11-21 01:33:59】
订单号：20191121013330974910
通知地址：https://a.818-158.com/Public.server.do
通知报文：memberid=191095866&orderid=C1911210133297297&transaction_id=20191121013330974910&amount=300.0000&datetime=20191121013359&returncode=00&sign=EF7EE645C456AD92FC8C5721D7A39E59&attach=368,https://a.818-158.com/Account.jhrecharge.do
HTTP状态：
返回：OK

【2019-11-21 01:34:01】
订单号：20191121013330974910
通知地址：https://a.818-158.com/Public.server.do
通知报文：memberid=191095866&orderid=C1911210133297297&transaction_id=20191121013330974910&amount=300.0000&datetime=20191121013401&returncode=00&sign=E7F7A97540AE3AD06BC87B1C1F1E48B1&attach=368,https://a.818-158.com/Account.jhrecharge.do
HTTP状态：
返回：OK

【2019-11-21 01:43:07】
订单号：20191121014252995049
通知地址：https://a.818-158.com/Public.server.do
通知报文：memberid=191095866&orderid=V1911210142501914&transaction_id=20191121014252995049&amount=300.0000&datetime=20191121014307&returncode=00&sign=4B877B4EA40DB494DC0D4202B43C0C56&attach=368,https://a.818-158.com/Account.jhrecharge.do
HTTP状态：
返回：OK

【2019-11-21 01:43:09】
订单号：20191121014252995049
通知地址：https://a.818-158.com/Public.server.do
通知报文：memberid=191095866&orderid=V1911210142501914&transaction_id=20191121014252995049&amount=300.0000&datetime=20191121014309&returncode=00&sign=4EF01B57D2387420304478A9BC13E3B6&attach=368,https://a.818-158.com/Account.jhrecharge.do
HTTP状态：
返回：OK

【2019-11-21 01:43:11】
订单号：20191121014252995049
通知地址：https://a.818-158.com/Public.server.do
通知报文：memberid=191095866&orderid=V1911210142501914&transaction_id=20191121014252995049&amount=300.0000&datetime=20191121014311&returncode=00&sign=7DB0625E7989B2149985806FFF6B72BA&attach=368,https://a.818-158.com/Account.jhrecharge.do
HTTP状态：
返回：OK

【2019-11-21 01:43:13】
订单号：20191121014252995049
通知地址：https://a.818-158.com/Public.server.do
通知报文：memberid=191095866&orderid=V1911210142501914&transaction_id=20191121014252995049&amount=300.0000&datetime=20191121014313&returncode=00&sign=7858D238097EDB4D20C16F0234ADA820&attach=368,https://a.818-158.com/Account.jhrecharge.do
HTTP状态：
返回：OK

【2019-11-21 01:43:15】
订单号：20191121014252995049
通知地址：https://a.818-158.com/Public.server.do
通知报文：memberid=191095866&orderid=V1911210142501914&transaction_id=20191121014252995049&amount=300.0000&datetime=20191121014315&returncode=00&sign=44F70F678937B8CF83FC31864B53EF63&attach=368,https://a.818-158.com/Account.jhrecharge.do
HTTP状态：
返回：OK

【2019-11-21 01:43:17】
订单号：20191121014252995049
通知地址：https://a.818-158.com/Public.server.do
通知报文：memberid=191095866&orderid=V1911210142501914&transaction_id=20191121014252995049&amount=300.0000&datetime=20191121014317&returncode=00&sign=B06C4B73F571A4E969D781D229A72671&attach=368,https://a.818-158.com/Account.jhrecharge.do
HTTP状态：
返回：OK

【2019-11-21 01:43:19】
订单号：20191121014252995049
通知地址：https://a.818-158.com/Public.server.do
通知报文：memberid=191095866&orderid=V1911210142501914&transaction_id=20191121014252995049&amount=300.0000&datetime=20191121014319&returncode=00&sign=F7D39A51A11A3EBFD7BCFFB21CDD61D5&attach=368,https://a.818-158.com/Account.jhrecharge.do
HTTP状态：
返回：OK

【2019-11-21 01:43:21】
订单号：20191121014252995049
通知地址：https://a.818-158.com/Public.server.do
通知报文：memberid=191095866&orderid=V1911210142501914&transaction_id=20191121014252995049&amount=300.0000&datetime=20191121014321&returncode=00&sign=F21705D148E3E08B81392D651BD5624A&attach=368,https://a.818-158.com/Account.jhrecharge.do
HTTP状态：
返回：OK

【2019-11-21 01:43:23】
订单号：20191121014252995049
通知地址：https://a.818-158.com/Public.server.do
通知报文：memberid=191095866&orderid=V1911210142501914&transaction_id=20191121014252995049&amount=300.0000&datetime=20191121014323&returncode=00&sign=E12B4FC6662CE218FF781EE975F27D42&attach=368,https://a.818-158.com/Account.jhrecharge.do
HTTP状态：
返回：OK

【2019-11-21 01:43:25】
订单号：20191121014252995049
通知地址：https://a.818-158.com/Public.server.do
通知报文：memberid=191095866&orderid=V1911210142501914&transaction_id=20191121014252995049&amount=300.0000&datetime=20191121014325&returncode=00&sign=AF009CEB1D654938D12DE3789D5B3B9C&attach=368,https://a.818-158.com/Account.jhrecharge.do
HTTP状态：
返回：OK

【2019-11-21 01:43:27】
订单号：20191121014252995049
通知地址：https://a.818-158.com/Public.server.do
通知报文：memberid=191095866&orderid=V1911210142501914&transaction_id=20191121014252995049&amount=300.0000&datetime=20191121014327&returncode=00&sign=3F225A23C79040F6E471845011DE146F&attach=368,https://a.818-158.com/Account.jhrecharge.do
HTTP状态：
返回：OK

【2019-11-21 02:25:06】
订单号：20191121022255102989
通知地址：https://a.818-158.com/Public.server.do
通知报文：memberid=191095866&orderid=J1911210222547571&transaction_id=20191121022255102989&amount=100.0000&datetime=20191121022506&returncode=00&sign=67F02AEA0F13F2E5C49A5ECA4A79DF5C&attach=368,https://a.818-158.com/Account.jhrecharge.do
HTTP状态：
返回：OK

【2019-11-21 02:50:35】
订单号：20191121025014545299
通知地址：https://www.jiufupay.cn/Pay_Charges_notify.html
通知报文：memberid=20002&orderid=C20191121025014286276&transaction_id=20191121025014545299&amount=1000.0000&datetime=20191121025035&returncode=00&sign=1211BD3752238EFE8B723D9FE0D7D7E6&attach=
HTTP状态：
返回：OK

【2019-11-21 02:50:37】
订单号：20191121025014545299
通知地址：https://www.jiufupay.cn/Pay_Charges_notify.html
通知报文：memberid=20002&orderid=C20191121025014286276&transaction_id=20191121025014545299&amount=1000.0000&datetime=20191121025037&returncode=00&sign=6FF763D2BC13C2FBA4FA678B8BF3B8DF&attach=
HTTP状态：
返回：OK

【2019-11-21 02:50:39】
订单号：20191121025014545299
通知地址：https://www.jiufupay.cn/Pay_Charges_notify.html
通知报文：memberid=20002&orderid=C20191121025014286276&transaction_id=20191121025014545299&amount=1000.0000&datetime=20191121025039&returncode=00&sign=C366E273C9A462D4C40D91207173DA99&attach=
HTTP状态：
返回：OK

【2019-11-21 12:00:07】
订单号：20191121115736485210
通知地址：http://pay.ffc585.com/JiuFuBaoZhiFuReturn/Index
通知报文：memberid=191205418&orderid=RK501048756374603945&transaction_id=20191121115736485210&amount=1500.0000&datetime=20191121120007&returncode=00&sign=10F53CFE9EC9FF4D44B3C7EAFBBBC970&attach=
HTTP状态：
返回：OK

【2019-11-21 12:18:32】
订单号：20191121121652524910
通知地址：http://pay.ffc585.com/JiuFuBaoZhiFuReturn/Index
通知报文：memberid=191205418&orderid=RK500631844513931127&transaction_id=20191121121652524910&amount=500.0000&datetime=20191121121829&returncode=00&sign=C415D4B1B0E983EC2A8540F9B451C15E&attach=
HTTP状态：
返回：OK

【2019-11-21 12:22:40】
订单号：20191121121942101984
通知地址：http://pay1.dr5151.com/apis/pay_gateway/jiufujinzhifu/notice
通知报文：memberid=191209911&orderid=F201911211219423327&transaction_id=20191121121942101984&amount=100.0000&datetime=20191121122239&returncode=00&sign=14E51734EA583981EEAAF7DD1B87AE09&attach=
HTTP状态：
返回：OK

【2019-11-21 12:31:39】
订单号：20191121122305575497
通知地址：http://pay.vip6081.com/onlinepay/jiufubaov2/notify.do
通知报文：memberid=191155102&orderid=2019112112225900641&transaction_id=20191121122305575497&amount=110.0000&datetime=20191121123138&returncode=00&sign=B79807E7AFCD690D3C6B1FDCBDDB7439&attach=
HTTP状态：
返回：OK

【2019-11-21 12:33:23】
订单号：20191121123135554853
通知地址：http://pay.ffc585.com/JiuFuBaoZhiFuReturn/Index
通知报文：memberid=191205418&orderid=RK500670224512735383&transaction_id=20191121123135554853&amount=500.0000&datetime=20191121123322&returncode=00&sign=B37D5B76A9313FAF74BC6883D2A18A90&attach=
HTTP状态：
返回：OK

【2019-11-21 12:55:15】
订单号：20191121125318101495
通知地址：http://e019cdb2app.miapp88api.com/Api/Home/payCallBack/jiufubao
通知报文：memberid=191121442&orderid=11211253149217&transaction_id=20191121125318101495&amount=101.0000&datetime=20191121125514&returncode=00&sign=50A6990EE38E4BE773F5D950129DB1F4&attach=
HTTP状态：
返回：查询订单失败查询订单订单状态为未支付ok

【2019-11-21 12:56:48】
订单号：20191121125508994955
通知地址：http://pay1.dr5151.com/apis/pay_gateway/jiufujinzhifu/notice
通知报文：memberid=191209911&orderid=F201911211255083085&transaction_id=20191121125508994955&amount=525.0000&datetime=20191121125647&returncode=00&sign=F1D85F1829F14A0FEE71DD0BB1EEFCFD&attach=
HTTP状态：
返回：OK

【2019-11-21 13:06:40】
订单号：20191121130451515555
通知地址：http://pay1.dr5151.com/apis/pay_gateway/jiufujinzhifu/notice
通知报文：memberid=191209911&orderid=F201911211304503687&transaction_id=20191121130451515555&amount=100.0000&datetime=20191121130640&returncode=00&sign=938F02E04B9CEE8C1AE0B680DB231899&attach=
HTTP状态：
返回：OK

【2019-11-21 13:10:03】
订单号：20191121130807554848
通知地址：http://e019cdb2app.miapp88api.com/Api/Home/payCallBack/jiufubao
通知报文：memberid=191121442&orderid=11211308077552&transaction_id=20191121130807554848&amount=400.0000&datetime=20191121131002&returncode=00&sign=A71A191E0AE6DF210535C5ED06ACAAA6&attach=
HTTP状态：
返回：查询订单失败查询订单订单状态为未支付ok

【2019-11-21 13:26:48】
订单号：20191121132455559997
通知地址：http://e019cdb2app.miapp88api.com/Api/Home/payCallBack/jiufubao
通知报文：memberid=191121442&orderid=11211324563700&transaction_id=20191121132455559997&amount=200.0000&datetime=20191121132647&returncode=00&sign=8E424F392825A9BC47126D85C515B9D1&attach=
HTTP状态：
返回：查询订单失败查询订单订单状态为未支付ok

【2019-11-21 13:57:28】
订单号：20191121135228995099
通知地址：http://e019cdb2webapi.miapp66dom.com/Api/Home/payCallBack/jiufubao
通知报文：memberid=191121442&orderid=11211352283053&transaction_id=20191121135228995099&amount=888.0000&datetime=20191121135726&returncode=00&sign=696EE3D2F2F93D8A3C2D60F6D6615FD5&attach=
HTTP状态：
返回：查询订单失败查询订单订单状态为未支付ok

【2019-11-21 13:58:53】
订单号：20191121135705495556
通知地址：http://pay.vip6081.com/onlinepay/jiufubaov2/notify.do
通知报文：memberid=191155102&orderid=2019112113570400849&transaction_id=20191121135705495556&amount=200.0000&datetime=20191121135853&returncode=00&sign=3071F80C4648F8DFA84727BA4EFF6214&attach=
HTTP状态：
返回：OK

【2019-11-21 14:06:25】
订单号：20191121140420525498
通知地址：http://pay.ffc585.com/JiuFuBaoZhiFuReturn/Index
通知报文：memberid=191205418&orderid=RK500265869392046673&transaction_id=20191121140420525498&amount=5000.0000&datetime=20191121140624&returncode=00&sign=84A6929D7F491877CEF80947490C8E1D&attach=
HTTP状态：
返回：OK

【2019-11-21 14:08:55】
订单号：20191121140628525551
通知地址：http://pay.ffc585.com/JiuFuBaoZhiFuReturn/Index
通知报文：memberid=191205418&orderid=RK500371159391824740&transaction_id=20191121140628525551&amount=5000.0000&datetime=20191121140854&returncode=00&sign=E6D081CC9D1C98103E376530CF399FD8&attach=
HTTP状态：
返回：OK

【2019-11-21 14:09:01】
订单号：20191121140720565048
通知地址：http://pay.ffc585.com/JiuFuBaoZhiFuReturn/Index
通知报文：memberid=191205418&orderid=RK500299019397069776&transaction_id=20191121140720565048&amount=5000.0000&datetime=20191121140901&returncode=00&sign=AF439E9AF01224498DEE1F5D1CF509E0&attach=
HTTP状态：
返回：OK

【2019-11-21 14:10:07】
订单号：20191121140809579855
通知地址：http://pay.ffc585.com/JiuFuBaoZhiFuReturn/Index
通知报文：memberid=191205418&orderid=RK500202029393015600&transaction_id=20191121140809579855&amount=5000.0000&datetime=20191121141006&returncode=00&sign=ECEE53B9ACB10E707AE61FB5EF4BCEC3&attach=
HTTP状态：
返回：OK

【2019-11-21 14:21:16】
订单号：20191121141819989949
通知地址：http://pay.ffc585.com/JiuFuBaoZhiFuReturn/Index
通知报文：memberid=191205418&orderid=RK500396669399836872&transaction_id=20191121141819989949&amount=5000.0000&datetime=20191121142116&returncode=00&sign=3CCAF5FB9347A26ED1AA16CC1CBFF5E7&attach=
HTTP状态：
返回：OK

【2019-11-21 14:21:21】
订单号：20191121141901539710
通知地址：http://pay.ffc585.com/JiuFuBaoZhiFuReturn/Index
通知报文：memberid=191205418&orderid=RK500232399396982103&transaction_id=20191121141901539710&amount=5000.0000&datetime=20191121142121&returncode=00&sign=89B1F4DF3282652D55AF89FB280708F2&attach=
HTTP状态：
返回：OK

【2019-11-21 14:24:20】
订单号：20191121142022544954
通知地址：http://pay.ffc585.com/JiuFuBaoZhiFuReturn/Index
通知报文：memberid=191205418&orderid=RK500445419396785412&transaction_id=20191121142022544954&amount=5000.0000&datetime=20191121142418&returncode=00&sign=85B2B495A0CC79CA06A90A70C31BA1EC&attach=
HTTP状态：
返回：OK

【2019-11-21 14:29:31】
订单号：20191121142811985399
通知地址：http://pay.ffc585.com/JiuFuBaoZhiFuReturn/Index
通知报文：memberid=191205418&orderid=RK500416656377108614&transaction_id=20191121142811985399&amount=4000.0000&datetime=20191121142931&returncode=00&sign=F1E15FCCAED92209E6B707DEE9C163F0&attach=
HTTP状态：
返回：OK

【2019-11-21 14:39:26】
订单号：20191121142103102489
通知地址：http://pay.ffc585.com/JiuFuBaoZhiFuReturn/Index
通知报文：memberid=191205418&orderid=RK500263819392155950&transaction_id=20191121142103102489&amount=5000.0000&datetime=20191121143924&returncode=00&sign=3B3E7DBF6C1506609432DC9B4CE09217&attach=
HTTP状态：
返回：OK

【2019-11-21 14:43:47】
订单号：20191121144042979955
通知地址：http://e019cdb2webapi.miapp66dom.com/Api/Home/payCallBack/jiufubao
通知报文：memberid=191121442&orderid=11211440419284&transaction_id=20191121144042979955&amount=100.0000&datetime=20191121144345&returncode=00&sign=62E1FF8AAD083A4370F719723121E8FB&attach=
HTTP状态：
返回：查询订单失败查询订单订单状态为未支付ok

【2019-11-21 15:15:13】
订单号：20191121151352481019
通知地址：http://pay.vip6081.com/onlinepay/jiufubaov2/notify.do
通知报文：memberid=191155102&orderid=2019112115135201088&transaction_id=20191121151352481019&amount=900.0000&datetime=20191121151512&returncode=00&sign=9C99D60E578F9E0022A705B0402837AF&attach=
HTTP状态：
返回：OK

【2019-11-21 15:18:13】
订单号：20191121145619511005
通知地址：http://e019cdb2app.miapp88api.com/Api/Home/payCallBack/jiufubao
通知报文：memberid=191121442&orderid=11211456219776&transaction_id=20191121145619511005&amount=100.0000&datetime=20191121151811&returncode=00&sign=52F2D8A7A69C9A4E42D69C1DF3F9F8C8&attach=
HTTP状态：
返回：查询订单失败查询订单订单状态为未支付ok

【2019-11-21 16:14:03】
订单号：20191121161139989948
通知地址：http://pay1.dr5151.com/apis/pay_gateway/jiufujinzhifu/notice
通知报文：memberid=191209911&orderid=F201911211611381528&transaction_id=20191121161139989948&amount=900.0000&datetime=20191121161403&returncode=00&sign=53E066D72FF0C050FC760B63F291ED6A&attach=
HTTP状态：
返回：OK

【2019-11-21 16:25:22】
订单号：20191121161157100989
通知地址：http://pay.ffc585.com/JiuFuBaoZhiFuReturn/Index
通知报文：memberid=191205418&orderid=RK500694205932283026&transaction_id=20191121161157100989&amount=500.0000&datetime=20191121162521&returncode=00&sign=4E3EC6A9B833C38959483D987C6C505D&attach=
HTTP状态：
返回：OK

【2019-11-21 16:39:04】
订单号：20191121163131519810
通知地址：http://pay.ffc585.com/JiuFuBaoZhiFuReturn/Index
通知报文：memberid=191205418&orderid=RK500669365937633150&transaction_id=20191121163131519810&amount=1000.0000&datetime=20191121163903&returncode=00&sign=FE706F31A2AB18E42EE73D37FC07748E&attach=
HTTP状态：
返回：OK

【2019-11-21 16:47:28】
订单号：20191121164605100495
通知地址：http://e019cdb2app.miapp88api.com/Api/Home/payCallBack/jiufubao
通知报文：memberid=191121442&orderid=11211646057472&transaction_id=20191121164605100495&amount=101.0000&datetime=20191121164726&returncode=00&sign=583CABC8CE688DEBB7B69B62894A4B9C&attach=
HTTP状态：
返回：查询订单失败查询订单订单状态为未支付ok

【2019-11-21 17:15:50】
订单号：20191121171108994857
通知地址：http://pay.1youbox.com/onlinepay/jiufubaov2/notify.do
通知报文：memberid=191209910&orderid=2019112117110402138&transaction_id=20191121171108994857&amount=150.0000&datetime=20191121171549&returncode=00&sign=CAFF6ADB21EE575E9B378BE41A92E005&attach=
HTTP状态：
返回：OK

【2019-11-21 17:21:12】
订单号：20191121171817579848
通知地址：http://e019cdb2app.miapp88api.com/Api/Home/payCallBack/jiufubao
通知报文：memberid=191121442&orderid=11211718171826&transaction_id=20191121171817579848&amount=101.0000&datetime=20191121172111&returncode=00&sign=90BB85C1B36251C1B03A198D20FABD08&attach=
HTTP状态：
返回：查询订单失败查询订单订单状态为未支付ok

【2019-11-21 17:30:45】
订单号：20191121172858971015
通知地址：http://e019cdb2app.miapp88api.com/Api/Home/payCallBack/jiufubao
通知报文：memberid=191121442&orderid=11211728584276&transaction_id=20191121172858971015&amount=600.0000&datetime=20191121173043&returncode=00&sign=8F11C4E56475C74A9904A31B3FDCDC8C&attach=
HTTP状态：
返回：查询订单失败查询订单订单状态为未支付ok

【2019-11-21 17:33:33】
订单号：20191121173204525399
通知地址：http://pay.ffc585.com/JiuFuBaoZhiFuReturn/Index
通知报文：memberid=191205418&orderid=RK500412464177966074&transaction_id=20191121173204525399&amount=2500.0000&datetime=20191121173332&returncode=00&sign=F29C5308042B15F685057FEB63F56F74&attach=
HTTP状态：
返回：OK

【2019-11-21 17:44:46】
订单号：20191121174303554950
通知地址：http://pay1.dr5151.com/apis/pay_gateway/jiufujinzhifu/notice
通知报文：memberid=191209911&orderid=F201911211742573889&transaction_id=20191121174303554950&amount=100.0000&datetime=20191121174446&returncode=00&sign=AE4A0AA633A2D9C33BBE29585019FD92&attach=
HTTP状态：
返回：OK

【2019-11-21 17:51:06】
订单号：20191121174642505610
通知地址：http://pay1.dr5151.com/apis/pay_gateway/jiufujinzhifu/notice
通知报文：memberid=191209911&orderid=F201911211746416448&transaction_id=20191121174642505610&amount=100.0000&datetime=20191121175106&returncode=00&sign=01E2090D6CC3A2532040F71A20052FD2&attach=
HTTP状态：
返回：OK

【2019-11-21 18:05:08】
订单号：20191121180318545298
通知地址：http://e019cdb2app.miapp88api.com/Api/Home/payCallBack/jiufubao
通知报文：memberid=191121442&orderid=11211803176112&transaction_id=20191121180318545298&amount=300.0000&datetime=20191121180507&returncode=00&sign=9E3BC7AD38CF6BCF6AD0858C30AE3179&attach=
HTTP状态：
返回：查询订单失败查询订单订单状态为未支付ok

【2019-11-21 18:12:18】
订单号：20191121180600569855
通知地址：http://pay.1youbox.com/onlinepay/jiufubaov2/notify.do
通知报文：memberid=191209910&orderid=2019112118055502284&transaction_id=20191121180600569855&amount=100.0000&datetime=20191121181217&returncode=00&sign=C102BA39AF6DDFFF1D5075284D5D6D96&attach=
HTTP状态：
返回：OK

【2019-11-21 18:15:37】
订单号：20191121181314975754
通知地址：http://pay.1youbox.com/onlinepay/jiufubaov2/notify.do
通知报文：memberid=191209910&orderid=2019112118131302313&transaction_id=20191121181314975754&amount=100.0000&datetime=20191121181537&returncode=00&sign=77982649E1CA6FC9254CAE76D7DA3554&attach=
HTTP状态：
返回：OK

【2019-11-21 18:21:54】
订单号：20191121182008569957
通知地址：http://e019cdb2webapi.miapp66dom.com/Api/Home/payCallBack/jiufubao
通知报文：memberid=191121442&orderid=11211820057715&transaction_id=20191121182008569957&amount=350.0000&datetime=20191121182153&returncode=00&sign=C2BFA3F52BE2840A219C5A7863CD2262&attach=
HTTP状态：
返回：查询订单失败查询订单订单状态为未支付ok

【2019-11-21 18:24:57】
订单号：20191121181150545697
通知地址：http://e019cdb2webapi.miapp66dom.com/Api/Home/payCallBack/jiufubao
通知报文：memberid=191121442&orderid=11211811492409&transaction_id=20191121181150545697&amount=180.0000&datetime=20191121182456&returncode=00&sign=B0C1730E7673295259A831D5D5249A2A&attach=
HTTP状态：
返回：查询订单失败查询订单订单状态为未支付ok

【2019-11-21 18:27:36】
订单号：20191121182432489850
通知地址：http://e019cdb2app.miapp88api.com/Api/Home/payCallBack/jiufubao
通知报文：memberid=191121442&orderid=11211824321668&transaction_id=20191121182432489850&amount=100.0000&datetime=20191121182735&returncode=00&sign=794FF9A3E68CC0BBC0A9BFCF85EC317A&attach=
HTTP状态：
返回：查询订单失败查询订单订单状态为未支付ok

【2019-11-21 18:33:02】
订单号：20191121183117535351
通知地址：http://e019cdb2app.miapp88api.com/Api/Home/payCallBack/jiufubao
通知报文：memberid=191121442&orderid=11211831177071&transaction_id=20191121183117535351&amount=500.0000&datetime=20191121183301&returncode=00&sign=1FC3E7DA741C9BCEB1C48684BCFD8A02&attach=
HTTP状态：
返回：查询订单失败查询订单订单状态为未支付ok

【2019-11-21 18:33:06】
订单号：20191121183142101102
通知地址：http://pay1.dr5151.com/apis/pay_gateway/jiufujinzhifu/notice
通知报文：memberid=191209911&orderid=F201911211831422035&transaction_id=20191121183142101102&amount=100.0000&datetime=20191121183305&returncode=00&sign=6B794FF69DAB97669A05B3ED3F82A81F&attach=
HTTP状态：
返回：OK

【2019-11-21 18:41:22】
订单号：20191121183813531015
通知地址：http://e019cdb2app.miapp88api.com/Api/Home/payCallBack/jiufubao
通知报文：memberid=191121442&orderid=11211838143214&transaction_id=20191121183813531015&amount=100.0000&datetime=20191121184120&returncode=00&sign=F430EB9C323128B7BFEA7086048CF744&attach=
HTTP状态：
返回：查询订单失败查询订单订单状态为未支付ok

【2019-11-21 18:41:25】
订单号：20191121183933539799
通知地址：http://pay1.dr5151.com/apis/pay_gateway/jiufujinzhifu/notice
通知报文：memberid=191209911&orderid=F201911211839284592&transaction_id=20191121183933539799&amount=100.0000&datetime=20191121184125&returncode=00&sign=A1A77447A409D1FB060461DE508FC4C1&attach=
HTTP状态：
返回：OK

【2019-11-21 18:49:33】
订单号：20191121184713495349
通知地址：http://pay.1youbox.com/onlinepay/jiufubaov2/notify.do
通知报文：memberid=191209910&orderid=2019112118470802439&transaction_id=20191121184713495349&amount=180.8800&datetime=20191121184932&returncode=00&sign=30C4385454CB5A1120BC232FD8CEFB1E&attach=
HTTP状态：
返回：OK

【2019-11-21 18:54:04】
订单号：20191121185251515297
通知地址：http://pay1.dr5151.com/apis/pay_gateway/jiufujinzhifu/notice
通知报文：memberid=191209911&orderid=F201911211852509402&transaction_id=20191121185251515297&amount=200.1100&datetime=20191121185403&returncode=00&sign=5A16FB9912AC13CEC0DE5EB9F702B85B&attach=
HTTP状态：
返回：OK

【2019-11-21 18:56:23】
订单号：20191121185434975098
通知地址：http://e019cdb2app.miapp88api.com/Api/Home/payCallBack/jiufubao
通知报文：memberid=191121442&orderid=11211854348095&transaction_id=20191121185434975098&amount=300.0000&datetime=20191121185622&returncode=00&sign=BC36EDAE065ECBB45BECB5B661BBCEF9&attach=
HTTP状态：
返回：查询订单失败查询订单订单状态为未支付ok

【2019-11-21 18:57:12】
订单号：20191121185558101100
通知地址：http://pay1.dr5151.com/apis/pay_gateway/jiufujinzhifu/notice
通知报文：memberid=191209911&orderid=F201911211855568726&transaction_id=20191121185558101100&amount=100.0000&datetime=20191121185712&returncode=00&sign=1807BCDFC4C4773D4E2F16EFF99242F9&attach=
HTTP状态：
返回：OK

【2019-11-21 18:59:49】
订单号：20191121185747989949
通知地址：http://pay.1youbox.com/onlinepay/jiufubaov2/notify.do
通知报文：memberid=191209910&orderid=2019112118574602493&transaction_id=20191121185747989949&amount=101.0000&datetime=20191121185948&returncode=00&sign=81D055B34FC1276361CB684104434829&attach=
HTTP状态：
返回：OK

【2019-11-21 19:04:08】
订单号：20191121190222101575
通知地址：http://pay1.dr5151.com/apis/pay_gateway/jiufujinzhifu/notice
通知报文：memberid=191209911&orderid=F201911211902207481&transaction_id=20191121190222101575&amount=818.0000&datetime=20191121190408&returncode=00&sign=F9C8AC4F5D336FB6DCAE1BF016799C74&attach=
HTTP状态：
返回：OK

【2019-11-21 19:05:59】
订单号：20191121190429100531
通知地址：http://pay.ffc585.com/JiuFuBaoZhiFuReturn/Index
通知报文：memberid=191205418&orderid=RK500399774511904875&transaction_id=20191121190429100531&amount=200.0000&datetime=20191121190558&returncode=00&sign=F1B536EAF0BE513D76F987AA2160787E&attach=
HTTP状态：
返回：OK

【2019-11-21 19:06:34】
订单号：20191121190432485052
通知地址：http://pay.1youbox.com/onlinepay/jiufubaov2/notify.do
通知报文：memberid=191209910&orderid=2019112119042702521&transaction_id=20191121190432485052&amount=100.0000&datetime=20191121190634&returncode=00&sign=C646FD75DE06481570A79CA83C2CC844&attach=
HTTP状态：
返回：OK

【2019-11-21 19:06:48】
订单号：20191121190300525110
通知地址：http://150.109.59.33/tools/notify-1bcf_6bb015_b9b1_28866fb_77ac
通知报文：memberid=191189793&orderid=WX191121190259280693&transaction_id=20191121190300525110&amount=200.1100&datetime=20191121190647&returncode=00&sign=1EB41B66CFD62EE95BB6D9D30FF717B1&attach=
HTTP状态：
返回：ok

【2019-11-21 19:07:55】
订单号：20191121190551102519
通知地址：http://pay1.dr5151.com/apis/pay_gateway/jiufujinzhifu/notice
通知报文：memberid=191209911&orderid=F201911211905509070&transaction_id=20191121190551102519&amount=500.0000&datetime=20191121190755&returncode=00&sign=C1CFF8937D6B795F94AF4FDEFA7BB577&attach=
HTTP状态：
返回：OK

【2019-11-21 19:12:56】
订单号：20191121191114505151
通知地址：http://e019cdb2app.miapp88api.com/Api/Home/payCallBack/jiufubao
通知报文：memberid=191121442&orderid=11211911132873&transaction_id=20191121191114505151&amount=101.0000&datetime=20191121191253&returncode=00&sign=5A6C2FDEC05B781883BC8393923CCD29&attach=
HTTP状态：
返回：查询订单失败查询订单订单状态为未支付ok

【2019-11-21 19:13:28】
订单号：20191121190230545251
通知地址：http://pay1.dr5151.com/apis/pay_gateway/jiufujinzhifu/notice
通知报文：memberid=191209911&orderid=F201911211902272341&transaction_id=20191121190230545251&amount=500.0000&datetime=20191121191328&returncode=00&sign=DA7D081BE45E31E6B1CF453E07FBDF42&attach=
HTTP状态：
返回：已处理过过的订单

【2019-11-21 19:14:13】
订单号：20191121190230545251
通知地址：http://pay1.dr5151.com/apis/pay_gateway/jiufujinzhifu/notice
通知报文：memberid=191209911&orderid=F201911211902272341&transaction_id=20191121190230545251&amount=500.0000&datetime=20191121191412&returncode=00&sign=F3FC06789B66B7044F90393404AEAE45&attach=
HTTP状态：
返回：已处理过过的订单

【2019-11-21 19:14:49】
订单号：20191121191218509953
通知地址：http://e019cdb2app.miapp88api.com/Api/Home/payCallBack/jiufubao
通知报文：memberid=191121442&orderid=11211912185226&transaction_id=20191121191218509953&amount=100.0000&datetime=20191121191447&returncode=00&sign=30EECCACF799B1C2B7CC102161AF29F3&attach=
HTTP状态：
返回：查询订单失败查询订单订单状态为未支付ok

【2019-11-21 19:15:03】
订单号：20191121190812999910
通知地址：http://pay.1youbox.com/onlinepay/jiufubaov2/notify.do
通知报文：memberid=191209910&orderid=2019112119081202540&transaction_id=20191121190812999910&amount=100.0000&datetime=20191121191503&returncode=00&sign=F009172FAD289958669555C62A75ECE8&attach=
HTTP状态：
返回：OK

【2019-11-21 19:18:52】
订单号：20191121191700991014
通知地址：http://pay.1youbox.com/onlinepay/jiufubaov2/notify.do
通知报文：memberid=191209910&orderid=2019112119170002588&transaction_id=20191121191700991014&amount=200.0000&datetime=20191121191851&returncode=00&sign=F54E95EB65C56FF364BB65B2CAC458DA&attach=
HTTP状态：
返回：OK

【2019-11-21 19:24:40】
订单号：20191121192259514899
通知地址：http://e019cdb2webapi.miapp66dom.com/Api/Home/payCallBack/jiufubao
通知报文：memberid=191121442&orderid=11211922588989&transaction_id=20191121192259514899&amount=300.0000&datetime=20191121192438&returncode=00&sign=017FEF5A383A192C496AC353332936F6&attach=
HTTP状态：
返回：查询订单失败查询订单订单状态为未支付ok

【2019-11-21 19:24:54】
订单号：20191121191418974853
通知地址：http://pay.1youbox.com/onlinepay/jiufubaov2/notify.do
通知报文：memberid=191209910&orderid=2019112119134202568&transaction_id=20191121191418974853&amount=100.0000&datetime=20191121192453&returncode=00&sign=558CA0AA34001CB08613F300F32BEE92&attach=
HTTP状态：
返回：OK

【2019-11-21 19:27:06】
订单号：20191121191745575410
通知地址：http://e019cdb2app.miapp88api.com/Api/Home/payCallBack/jiufubao
通知报文：memberid=191121442&orderid=11211917456536&transaction_id=20191121191745575410&amount=100.0000&datetime=20191121192704&returncode=00&sign=56D21E9A8884982B4782FFCFD1A10708&attach=
HTTP状态：
返回：查询订单失败查询订单订单状态为未支付ok

【2019-11-21 19:28:13】
订单号：20191121191943102579
通知地址：http://e019cdb2app.miapp88api.com/Api/Home/payCallBack/jiufubao
通知报文：memberid=191121442&orderid=11211919426843&transaction_id=20191121191943102579&amount=500.0000&datetime=20191121192812&returncode=00&sign=052C770EEDB50805EDBA5B737C995470&attach=
HTTP状态：
返回：查询订单失败查询订单订单状态为未支付ok

【2019-11-21 19:36:53】
订单号：20191121193131511015
通知地址：http://e019cdb2app.miapp88api.com/Api/Home/payCallBack/jiufubao
通知报文：memberid=191121442&orderid=11211931312774&transaction_id=20191121193131511015&amount=101.0000&datetime=20191121193652&returncode=00&sign=FD14646FECF50C8F0ADD48A99F89ED36&attach=
HTTP状态：
返回：查询订单失败查询订单订单状态为未支付ok

【2019-11-21 19:37:01】
订单号：20191121193202505799
通知地址：http://pay.ffc585.com/JiuFuBaoZhiFuReturn/Index
通知报文：memberid=191205418&orderid=RK500407154510414650&transaction_id=20191121193202505799&amount=500.0000&datetime=20191121193700&returncode=00&sign=3AFFB5738C026D02DE43CB170E7C80BE&attach=
HTTP状态：
返回：OK

【2019-11-21 19:37:10】
订单号：20191121193415555598
通知地址：http://pay.1youbox.com/onlinepay/jiufubaov2/notify.do
通知报文：memberid=191209910&orderid=2019112119341302675&transaction_id=20191121193415555598&amount=100.0000&datetime=20191121193710&returncode=00&sign=E0E1B5AD81080881F35B16BD5822F3CF&attach=
HTTP状态：
返回：OK

【2019-11-21 19:40:32】
订单号：20191121191259985310
通知地址：http://pay.1youbox.com/onlinepay/jiufubaov2/notify.do
通知报文：memberid=191209910&orderid=2019112119124402561&transaction_id=20191121191259985310&amount=100.0000&datetime=20191121194032&returncode=00&sign=EE6F76A510B5C8BBBDFB08DCE680E3BB&attach=
HTTP状态：
返回：OK

【2019-11-21 19:48:34】
订单号：20191121194700529754
通知地址：http://e019cdb2webapi.miapp66dom.com/Api/Home/payCallBack/jiufubao
通知报文：memberid=191121442&orderid=11211946596263&transaction_id=20191121194700529754&amount=100.0000&datetime=20191121194832&returncode=00&sign=56F4D8B2590161618C8FB7201DED544D&attach=
HTTP状态：
返回：查询订单失败查询订单订单状态为未支付ok

【2019-11-21 19:50:33】
订单号：20191121194623102971
通知地址：http://e019cdb2webapi.miapp66dom.com/Api/Home/payCallBack/jiufubao
通知报文：memberid=191121442&orderid=11211946236022&transaction_id=20191121194623102971&amount=101.0000&datetime=20191121195032&returncode=00&sign=98705FFED652D59EE75BDC2D8F1781D1&attach=
HTTP状态：
返回：查询订单失败查询订单订单状态为未支付ok

【2019-11-21 19:50:42】
订单号：20191121193535555453
通知地址：http://pay.1youbox.com/onlinepay/jiufubaov2/notify.do
通知报文：memberid=191209910&orderid=2019112119353202679&transaction_id=20191121193535555453&amount=300.0000&datetime=20191121195041&returncode=00&sign=F8FD92A30EA43EFDB30C20C50A5E1815&attach=
HTTP状态：
返回：OK

【2019-11-21 19:51:30】
订单号：20191121195001575656
通知地址：http://pay.1youbox.com/onlinepay/jiufubaov2/notify.do
通知报文：memberid=191209910&orderid=2019112119495902768&transaction_id=20191121195001575656&amount=200.0000&datetime=20191121195130&returncode=00&sign=8216C8DC6FCC4AB2F968B0A9B9C14CE1&attach=
HTTP状态：
返回：OK

【2019-11-21 19:53:54】
订单号：20191121195054101514
通知地址：http://pay.1youbox.com/onlinepay/jiufubaov2/notify.do
通知报文：memberid=191209910&orderid=2019112119505202772&transaction_id=20191121195054101514&amount=100.0000&datetime=20191121195354&returncode=00&sign=4784AB687BE83E4F679E6784AED8990C&attach=
HTTP状态：
返回：OK

【2019-11-21 19:56:42】
订单号：20191121195404995153
通知地址：http://e019cdb2app.miapp88api.com/Api/Home/payCallBack/jiufubao
通知报文：memberid=191121442&orderid=11211954033710&transaction_id=20191121195404995153&amount=101.0000&datetime=20191121195640&returncode=00&sign=3A69B4990AA1B1C84404FFACBF14E3EF&attach=
HTTP状态：
返回：查询订单失败查询订单订单状态为未支付ok

【2019-11-21 20:00:11】
订单号：20191121195752481001
通知地址：http://pay.1youbox.com/onlinepay/jiufubaov2/notify.do
通知报文：memberid=191209910&orderid=2019112119574902817&transaction_id=20191121195752481001&amount=180.0000&datetime=20191121200011&returncode=00&sign=3472426A1CC107C775690405D2AA2103&attach=
HTTP状态：
返回：OK

【2019-11-21 20:05:09】
订单号：20191121200219984910
通知地址：http://pay1.dr5151.com/apis/pay_gateway/jiufujinzhifu/notice
通知报文：memberid=191209911&orderid=F201911212002154267&transaction_id=20191121200219984910&amount=320.0000&datetime=20191121200508&returncode=00&sign=954777F85ECBEB60305225E5E06060C8&attach=
HTTP状态：
返回：OK

【2019-11-21 20:09:58】
订单号：20191121200429100495
通知地址：http://pay.1youbox.com/onlinepay/jiufubaov2/notify.do
通知报文：memberid=191209910&orderid=2019112120042702854&transaction_id=20191121200429100495&amount=100.0000&datetime=20191121200958&returncode=00&sign=23A57399638241629EFC90F430F07407&attach=
HTTP状态：
返回：OK

【2019-11-21 20:11:43】
订单号：20191121200931989849
通知地址：http://pay.1youbox.com/onlinepay/jiufubaov2/notify.do
通知报文：memberid=191209910&orderid=2019112120092802881&transaction_id=20191121200931989849&amount=100.0000&datetime=20191121201143&returncode=00&sign=9E7B593A03E84ECCADCAB323D1572738&attach=
HTTP状态：
返回：OK

【2019-11-21 20:20:04】
订单号：20191121201855102995
通知地址：http://e019cdb2app.miapp88api.com/Api/Home/payCallBack/jiufubao
通知报文：memberid=191121442&orderid=11212018542363&transaction_id=20191121201855102995&amount=300.0000&datetime=20191121202002&returncode=00&sign=0329F6890FAFEC87FAB7D103A3B4C54E&attach=
HTTP状态：
返回：查询订单失败查询订单订单状态为未支付ok

【2019-11-21 20:23:34】
订单号：20191121202105491001
通知地址：http://150.109.59.33/tools/notify-1bcf_6bb015_b9b1_2886a2c_77e4
通知报文：memberid=191189793&orderid=WX191121202104534165&transaction_id=20191121202105491001&amount=200.1100&datetime=20191121202334&returncode=00&sign=9DA07CBEF6F46C3897257803A22C0AFA&attach=
HTTP状态：
返回：ok

【2019-11-21 20:24:28】
订单号：20191121202301535653
通知地址：https://a.818-158.com/Public.server.do
通知报文：memberid=191095866&orderid=P1911212022565360&transaction_id=20191121202301535653&amount=300.0000&datetime=20191121202428&returncode=00&sign=4182F5927E4F9F30464C870439889D82&attach=501,https://a.818-158.com/Account.jhrecharge.do
HTTP状态：
返回：OK

【2019-11-21 20:27:35】
订单号：20191121202453531015
通知地址：http://e019cdb2app.miapp88api.com/Api/Home/payCallBack/jiufubao
通知报文：memberid=191121442&orderid=11212024532284&transaction_id=20191121202453531015&amount=101.0000&datetime=20191121202733&returncode=00&sign=A3084936A1D0CA80A3E8053FB27F073B&attach=
HTTP状态：
返回：查询订单失败查询订单订单状态为未支付ok

【2019-11-21 20:30:49】
订单号：20191121202928561011
通知地址：http://e019cdb2app.miapp88api.com/Api/Home/payCallBack/jiufubao
通知报文：memberid=191121442&orderid=11212029283294&transaction_id=20191121202928561011&amount=101.0000&datetime=20191121203047&returncode=00&sign=4F3389AFEA84E3440AEE95C7212D2576&attach=
HTTP状态：
返回：查询订单失败查询订单订单状态为未支付ok

【2019-11-21 20:35:23】
订单号：20191121203340524856
通知地址：http://pay.1youbox.com/onlinepay/jiufubaov2/notify.do
通知报文：memberid=191209910&orderid=2019112120333703068&transaction_id=20191121203340524856&amount=200.0000&datetime=20191121203521&returncode=00&sign=821E187C5572896AE7C17940B2CEEC52&attach=
HTTP状态：
返回：OK

【2019-11-21 20:37:07】
订单号：20191121203450971019
通知地址：http://e019cdb2app.miapp88api.com/Api/Home/payCallBack/jiufubao
通知报文：memberid=191121442&orderid=11212034506872&transaction_id=20191121203450971019&amount=300.0000&datetime=20191121203706&returncode=00&sign=3B5BA3106E503181976043DB247A6315&attach=
HTTP状态：
返回：查询订单失败查询订单订单状态为未支付ok

【2019-11-21 20:37:50】
订单号：20191121203643985054
通知地址：http://e019cdb2app.miapp88api.com/Api/Home/payCallBack/jiufubao
通知报文：memberid=191121442&orderid=11212036355970&transaction_id=20191121203643985054&amount=101.0000&datetime=20191121203747&returncode=00&sign=B1DA49EB004DEA2BDBBB401E04C29D44&attach=
HTTP状态：
返回：查询订单失败查询订单订单状态为未支付ok

【2019-11-21 20:45:52】
订单号：20191121204316525610
通知地址：http://pay.1youbox.com/onlinepay/jiufubaov2/notify.do
通知报文：memberid=191209910&orderid=2019112120431603148&transaction_id=20191121204316525610&amount=100.0000&datetime=20191121204551&returncode=00&sign=BC27B485A54D4DA7F15D9A8541F276B3&attach=
HTTP状态：
返回：OK

【2019-11-21 20:47:14】
订单号：20191121204535102100
通知地址：http://pay1.dr5151.com/apis/pay_gateway/jiufujinzhifu/notice
通知报文：memberid=191209911&orderid=F201911212045343265&transaction_id=20191121204535102100&amount=200.0000&datetime=20191121204714&returncode=00&sign=70D8FBFFD50749D9FA2C476CAB53C79D&attach=
HTTP状态：
返回：OK

【2019-11-21 20:51:29】
订单号：20191121204906505549
通知地址：http://e019cdb2app.miapp88api.com/Api/Home/payCallBack/jiufubao
通知报文：memberid=191121442&orderid=11212049052108&transaction_id=20191121204906505549&amount=100.0000&datetime=20191121205128&returncode=00&sign=636F2EBCA3CCAE46733BEAF9D6B3B580&attach=
HTTP状态：
返回：查询订单失败查询订单订单状态为未支付ok

【2019-11-21 20:51:51】
订单号：20191121205007102984
通知地址：http://e019cdb2app.miapp88api.com/Api/Home/payCallBack/jiufubao
通知报文：memberid=191121442&orderid=11212050074018&transaction_id=20191121205007102984&amount=101.0000&datetime=20191121205149&returncode=00&sign=5070B00BE2DBC4E42E0642205DBDE53F&attach=
HTTP状态：
返回：查询订单失败查询订单订单状态为未支付ok

【2019-11-21 20:52:22】
订单号：20191121205058504852
通知地址：http://pay1.dr5151.com/apis/pay_gateway/jiufujinzhifu/notice
通知报文：memberid=191209911&orderid=F201911212050563179&transaction_id=20191121205058504852&amount=500.0000&datetime=20191121205222&returncode=00&sign=C0C4AB7BEE52122CEC2946463DC0E625&attach=
HTTP状态：
返回：OK

【2019-11-21 20:52:33】
订单号：20191121205053100555
通知地址：http://pay.1youbox.com/onlinepay/jiufubaov2/notify.do
通知报文：memberid=191209910&orderid=2019112120505003192&transaction_id=20191121205053100555&amount=120.0000&datetime=20191121205233&returncode=00&sign=255B9A14C9CEF4DBA1DADAB1C2B28AFC&attach=
HTTP状态：
返回：OK

【2019-11-21 20:54:23】
订单号：20191121205316999997
通知地址：http://pay.1youbox.com/onlinepay/jiufubaov2/notify.do
通知报文：memberid=191209910&orderid=2019112120531503207&transaction_id=20191121205316999997&amount=240.0000&datetime=20191121205422&returncode=00&sign=D02B8C64AD2B44831AF90386DC6D5392&attach=
HTTP状态：
返回：OK

【2019-11-21 20:54:47】
订单号：20191121205331981004
通知地址：http://pay.vip6081.com/onlinepay/jiufubaov2/notify.do
通知报文：memberid=191155102&orderid=2019112120532802498&transaction_id=20191121205331981004&amount=100.0000&datetime=20191121205447&returncode=00&sign=EF6BABD984DE547C81D213D779178547&attach=
HTTP状态：
返回：OK

【2019-11-21 20:57:19】
订单号：20191121205454101515
通知地址：http://pay.1youbox.com/onlinepay/jiufubaov2/notify.do
通知报文：memberid=191209910&orderid=2019112120545103217&transaction_id=20191121205454101515&amount=500.0000&datetime=20191121205718&returncode=00&sign=FC66F95D5FA5BEB6582DF19D3C3B7664&attach=
HTTP状态：
返回：OK

【2019-11-21 20:57:58】
订单号：20191121205247102561
通知地址：http://pay.ffc585.com/JiuFuBaoZhiFuReturn/Index
通知报文：memberid=191205418&orderid=RK501064744517067631&transaction_id=20191121205247102561&amount=500.0000&datetime=20191121205758&returncode=00&sign=1903D0464BF4ED383F0877520E909EA6&attach=
HTTP状态：
返回：OK

【2019-11-21 20:58:03】
订单号：20191121205219519797
通知地址：http://pay.1youbox.com/onlinepay/jiufubaov2/notify.do
通知报文：memberid=191209910&orderid=2019112120521503203&transaction_id=20191121205219519797&amount=501.0000&datetime=20191121205803&returncode=00&sign=51D64F74B93EB0952A6830EA687ABD2B&attach=
HTTP状态：
返回：OK

【2019-11-21 20:58:24】
订单号：20191121205000564953
通知地址：http://pay.1youbox.com/onlinepay/jiufubaov2/notify.do
通知报文：memberid=191209910&orderid=2019112120495903189&transaction_id=20191121205000564953&amount=100.0000&datetime=20191121205824&returncode=00&sign=9800E604F88787E329D8B5D398295E73&attach=
HTTP状态：
返回：OK

【2019-11-21 20:58:50】
订单号：20191121205716999856
通知地址：http://e019cdb2app.miapp88api.com/Api/Home/payCallBack/jiufubao
通知报文：memberid=191121442&orderid=11212057157422&transaction_id=20191121205716999856&amount=140.0000&datetime=20191121205847&returncode=00&sign=3DD6545EF02EDEF3A79CF07937725862&attach=
HTTP状态：
返回：查询订单失败查询订单订单状态为未支付ok

【2019-11-21 20:59:47】
订单号：20191121205841495499
通知地址：http://pay1.dr5151.com/apis/pay_gateway/jiufujinzhifu/notice
通知报文：memberid=191209911&orderid=F201911212058384224&transaction_id=20191121205841495499&amount=108.0000&datetime=20191121205947&returncode=00&sign=88480F271E51EB3076CDC0B71AF2CD1E&attach=
HTTP状态：
返回：OK

【2019-11-21 21:04:36】
订单号：20191121210237100485
通知地址：http://pay.vip6081.com/onlinepay/jiufubaov2/notify.do
通知报文：memberid=191155102&orderid=2019112121023402566&transaction_id=20191121210237100485&amount=250.0000&datetime=20191121210426&returncode=00&sign=640A22DA628E043022DD8034E066895C&attach=
HTTP状态：
返回：

【2019-11-21 21:06:42】
订单号：20191121210414101505
通知地址：http://pay.1youbox.com/onlinepay/jiufubaov2/notify.do
通知报文：memberid=191209910&orderid=2019112121040603266&transaction_id=20191121210414101505&amount=301.0000&datetime=20191121210641&returncode=00&sign=BB6044859419D7A60C660A6B7EAABE00&attach=
HTTP状态：
返回：OK

【2019-11-21 21:11:50】
订单号：20191121210804525310
通知地址：http://150.109.59.33/tools/notify-1bcf_7cda14_b9b1_2897499_7841
通知报文：memberid=191189793&orderid=WX191121210804589600&transaction_id=20191121210804525310&amount=200.1100&datetime=20191121211150&returncode=00&sign=133CE7BC09BD1480C7BE713D8536D5DB&attach=
HTTP状态：
返回：ok

【2019-11-21 21:17:42】
订单号：20191121211505579998
通知地址：http://pay.1youbox.com/onlinepay/jiufubaov2/notify.do
通知报文：memberid=191209910&orderid=2019112121150403321&transaction_id=20191121211505579998&amount=100.0000&datetime=20191121211742&returncode=00&sign=A7783C7F74E54C5348D892DBE0F0DDB3&attach=
HTTP状态：
返回：OK

【2019-11-21 21:19:28】
订单号：20191121205310549798
通知地址：http://pay.1youbox.com/onlinepay/jiufubaov2/notify.do
通知报文：memberid=191209910&orderid=2019112120530703206&transaction_id=20191121205310549798&amount=200.0000&datetime=20191121211928&returncode=00&sign=CE09F9065C196B9C5B24D100BAF3E0AD&attach=
HTTP状态：
返回：OK

【2019-11-21 21:20:23】
订单号：20191121211616485356
通知地址：http://pay.1youbox.com/onlinepay/jiufubaov2/notify.do
通知报文：memberid=191209910&orderid=2019112121161503326&transaction_id=20191121211616485356&amount=200.0000&datetime=20191121212023&returncode=00&sign=ED394251D82F591D2E8D2D70318D857D&attach=
HTTP状态：
返回：OK

【2019-11-21 21:23:19】
订单号：20191121210947985010
通知地址：http://e019cdb2webapi.miapp66dom.com/Api/Home/payCallBack/jiufubao
通知报文：memberid=191121442&orderid=11212109461534&transaction_id=20191121210947985010&amount=600.0000&datetime=20191121212317&returncode=00&sign=EC4B412E923B959B88D1BC6397563EA5&attach=
HTTP状态：
返回：查询订单失败查询订单订单状态为未支付ok

【2019-11-21 21:24:18】
订单号：20191121212017499956
通知地址：http://pay1.dr5151.com/apis/pay_gateway/jiufujinzhifu/notice
通知报文：memberid=191209911&orderid=F201911212120115406&transaction_id=20191121212017499956&amount=100.0000&datetime=20191121212418&returncode=00&sign=046B59E693EBF440BFD923EE348BA589&attach=
HTTP状态：
返回：OK

【2019-11-21 21:33:12】
订单号：20191121212931985348
通知地址：http://pay1.dr5151.com/apis/pay_gateway/jiufujinzhifu/notice
通知报文：memberid=191209911&orderid=F201911212129222575&transaction_id=20191121212931985348&amount=500.0000&datetime=20191121213311&returncode=00&sign=8A2C15BEF62BBBAFB363E3B3A18E8355&attach=
HTTP状态：
返回：OK

【2019-11-21 21:33:26】
订单号：20191121213113494810
通知地址：http://pay1.dr5151.com/apis/pay_gateway/jiufujinzhifu/notice
通知报文：memberid=191209911&orderid=F201911212131057254&transaction_id=20191121213113494810&amount=100.0000&datetime=20191121213324&returncode=00&sign=94EEE777667F83ED14A68A4D0D8F99EB&attach=
HTTP状态：
返回：OK

【2019-11-21 21:33:41】
订单号：20191121213020995253
通知地址：http://e019cdb2webapi.miapp66dom.com/Api/Home/payCallBack/jiufubao
通知报文：memberid=191121442&orderid=11212130191663&transaction_id=20191121213020995253&amount=100.0000&datetime=20191121213339&returncode=00&sign=6836E3EB88E366C1258FFB784B1364E1&attach=
HTTP状态：
返回：查询订单失败查询订单订单状态为未支付ok

【2019-11-21 21:44:08】
订单号：20191121212904485057
通知地址：http://e019cdb2app.miapp88api.com/Api/Home/payCallBack/jiufubao
通知报文：memberid=191121442&orderid=11212129048442&transaction_id=20191121212904485057&amount=300.0000&datetime=20191121214406&returncode=00&sign=EC7230954B02C29B3E782FBECB4F9697&attach=
HTTP状态：
返回：查询订单失败查询订单订单状态为未支付ok

【2019-11-21 21:48:52】
订单号：20191121214153495457
通知地址：http://e019cdb2app.miapp88api.com/Api/Home/payCallBack/jiufubao
通知报文：memberid=191121442&orderid=11212141524771&transaction_id=20191121214153495457&amount=400.0000&datetime=20191121214850&returncode=00&sign=94DA5B712FE567E83A5AAADA034D6345&attach=
HTTP状态：
返回：查询订单失败查询订单订单状态为未支付ok

【2019-11-21 21:58:37】
订单号：20191121215710545551
通知地址：http://pay.1youbox.com/onlinepay/jiufubaov2/notify.do
通知报文：memberid=191209910&orderid=2019112121570603580&transaction_id=20191121215710545551&amount=300.0000&datetime=20191121215836&returncode=00&sign=DD239B157FC9DF6B05F54D182BE616CC&attach=
HTTP状态：
返回：OK

【2019-11-21 22:01:16】
订单号：20191121214536485799
通知地址：http://834raw.top.cxmyjd.com/pay/jsp/jiufubaopay/res.jsp
通知报文：memberid=191156325&orderid=191121094520907639923&transaction_id=20191121214536485799&amount=100.0000&datetime=20191121220115&returncode=00&sign=4B9ED5164DF570DF3FA58069A81FFACA&attach=en060E9AE2C3EBEC_85783364_113552
HTTP状态：
返回：OK

【2019-11-21 22:09:15】
订单号：20191121220440565410
通知地址：http://e019cdb2app.miapp88api.com/Api/Home/payCallBack/jiufubao
通知报文：memberid=191121442&orderid=11212204403150&transaction_id=20191121220440565410&amount=101.0000&datetime=20191121220913&returncode=00&sign=092387FE92A2868690712BE11DCC4F12&attach=
HTTP状态：
返回：查询订单失败查询订单订单状态为未支付ok

【2019-11-21 22:11:58】
订单号：20191121221033575049
通知地址：http://pay.1youbox.com/onlinepay/jiufubaov2/notify.do
通知报文：memberid=191209910&orderid=2019112122102703657&transaction_id=20191121221033575049&amount=150.0000&datetime=20191121221158&returncode=00&sign=874A52792E369BBEC04B288FAD3CB326&attach=
HTTP状态：
返回：OK

【2019-11-21 22:13:43】
订单号：20191121221211985348
通知地址：http://150.109.59.33/tools/notify-1bcf_89999c_b9b1_288c8bf_7892
通知报文：memberid=191189793&orderid=WX191121221206690925&transaction_id=20191121221211985348&amount=200.1100&datetime=20191121221343&returncode=00&sign=17A07B68CE538BACFD15A9D407F89439&attach=
HTTP状态：
返回：ok

【2019-11-21 22:15:07】
订单号：20191121221334101575
通知地址：http://e019cdb2app.miapp88api.com/Api/Home/payCallBack/jiufubao
通知报文：memberid=191121442&orderid=11212213349831&transaction_id=20191121221334101575&amount=300.0000&datetime=20191121221505&returncode=00&sign=DEE26B3858AEEEB8E1DAE201428759F3&attach=
HTTP状态：
返回：查询订单失败查询订单订单状态为未支付ok

【2019-11-21 22:20:27】
订单号：20191121221812521009
通知地址：http://e019cdb2app.miapp88api.com/Api/Home/payCallBack/jiufubao
通知报文：memberid=191121442&orderid=11212218132545&transaction_id=20191121221812521009&amount=200.0000&datetime=20191121222025&returncode=00&sign=00FC241F8FBEF8ED7FE580F4C280BA30&attach=
HTTP状态：
返回：查询订单失败查询订单订单状态为未支付ok

【2019-11-21 22:20:41】
订单号：20191121221931515157
通知地址：http://pay.1youbox.com/onlinepay/jiufubaov2/notify.do
通知报文：memberid=191209910&orderid=2019112122192803706&transaction_id=20191121221931515157&amount=199.0000&datetime=20191121222040&returncode=00&sign=3C013665DD2BA579F52D29AC9DC5AD45&attach=
HTTP状态：
返回：OK

【2019-11-21 22:22:02】
订单号：20191121222049494948
通知地址：http://e019cdb2app.miapp88api.com/Api/Home/payCallBack/jiufubao
通知报文：memberid=191121442&orderid=11212220446173&transaction_id=20191121222049494948&amount=101.0000&datetime=20191121222200&returncode=00&sign=4ED57EE0A3891BCB4585C0248F9B27B1&attach=
HTTP状态：
返回：查询订单失败查询订单订单状态为未支付ok

【2019-11-21 22:23:27】
订单号：20191121222053535355
通知地址：http://e019cdb2app.miapp88api.com/Api/Home/payCallBack/jiufubao
通知报文：memberid=191121442&orderid=11212220522896&transaction_id=20191121222053535355&amount=300.0000&datetime=20191121222325&returncode=00&sign=C41240353C9E096D2C9CC8BDAF830A13&attach=
HTTP状态：
返回：查询订单失败查询订单订单状态为未支付ok

【2019-11-21 22:24:20】
订单号：20191121222243515456
通知地址：http://pay.1youbox.com/onlinepay/jiufubaov2/notify.do
通知报文：memberid=191209910&orderid=2019112122224203740&transaction_id=20191121222243515456&amount=400.0000&datetime=20191121222420&returncode=00&sign=1D2EF20CA6A4BAA49BFFE62EA0FFEFC8&attach=
HTTP状态：
返回：OK

【2019-11-21 22:26:33】
订单号：20191121222455555154
通知地址：http://150.109.59.33/tools/notify-1bcf_89999c_b9b1_288c95e_789b
通知报文：memberid=191189793&orderid=WX191121222451874794&transaction_id=20191121222455555154&amount=500.1100&datetime=20191121222633&returncode=00&sign=6AE3A7131973143DBD07EDB42D5347E3&attach=
HTTP状态：
返回：ok

【2019-11-21 22:26:59】
订单号：20191121222423555553
通知地址：http://pay1.dr5151.com/apis/pay_gateway/jiufujinzhifu/notice
通知报文：memberid=191209911&orderid=F201911212224231538&transaction_id=20191121222423555553&amount=100.0000&datetime=20191121222659&returncode=00&sign=A679744179476538837F58C03FC40A9E&attach=
HTTP状态：
返回：OK

【2019-11-21 22:28:36】
订单号：20191121222625499810
通知地址：http://pay.1youbox.com/onlinepay/jiufubaov2/notify.do
通知报文：memberid=191209910&orderid=2019112122262503758&transaction_id=20191121222625499810&amount=100.0000&datetime=20191121222836&returncode=00&sign=CBEC7EDE1CEFC0308860F9B7ADD20E7C&attach=
HTTP状态：
返回：OK

【2019-11-21 22:32:11】
订单号：20191121223031554854
通知地址：http://e019cdb2app.miapp88api.com/Api/Home/payCallBack/jiufubao
通知报文：memberid=191121442&orderid=11212230314335&transaction_id=20191121223031554854&amount=101.0000&datetime=20191121223209&returncode=00&sign=38591C267D8D689DC1D7150E4E734F39&attach=
HTTP状态：
返回：查询订单失败查询订单订单状态为未支付ok

【2019-11-21 22:37:29】
订单号：20191121223414545455
通知地址：http://e019cdb2app.miapp88api.com/Api/Home/payCallBack/jiufubao
通知报文：memberid=191121442&orderid=11212234139177&transaction_id=20191121223414545455&amount=101.0000&datetime=20191121223727&returncode=00&sign=54D76475ABD75627D7FDD22FC2633559&attach=
HTTP状态：
返回：查询订单失败查询订单订单状态为未支付ok

【2019-11-21 22:38:09】
订单号：20191121223311555350
通知地址：http://pay.1youbox.com/onlinepay/jiufubaov2/notify.do
通知报文：memberid=191209910&orderid=2019112122330803794&transaction_id=20191121223311555350&amount=100.1000&datetime=20191121223805&returncode=00&sign=8489CEBC4C4506311F725F7853A2309D&attach=
HTTP状态：
返回：OK

【2019-11-21 22:39:45】
订单号：20191121223708521005
通知地址：http://pay.1youbox.com/onlinepay/jiufubaov2/notify.do
通知报文：memberid=191209910&orderid=2019112122370703818&transaction_id=20191121223708521005&amount=100.0000&datetime=20191121223945&returncode=00&sign=58BAA1FA27080B0C9A84FFA90231766C&attach=
HTTP状态：
返回：OK

【2019-11-21 22:45:36】
订单号：20191121224353575610
通知地址：http://e019cdb2app.miapp88api.com/Api/Home/payCallBack/jiufubao
通知报文：memberid=191121442&orderid=11212243532164&transaction_id=20191121224353575610&amount=100.0000&datetime=20191121224533&returncode=00&sign=DA4BDB39BFD19219FF3D27240B98B905&attach=
HTTP状态：
返回：查询订单失败查询订单订单状态为未支付ok

【2019-11-21 22:45:56】
订单号：20191121224210505557
通知地址：http://e019cdb2webapi.miapp66dom.com/Api/Home/payCallBack/jiufubao
通知报文：memberid=191121442&orderid=11212242052820&transaction_id=20191121224210505557&amount=100.0000&datetime=20191121224554&returncode=00&sign=43A2486FF2BAEE76874E90B5527B1120&attach=
HTTP状态：
返回：查询订单失败查询订单订单状态为未支付ok

【2019-11-21 22:46:18】
订单号：20191121224425579910
通知地址：http://e019cdb2webapi.miapp66dom.com/Api/Home/payCallBack/jiufubao
通知报文：memberid=191121442&orderid=11212244248613&transaction_id=20191121224425579910&amount=200.0000&datetime=20191121224617&returncode=00&sign=D72E6F621C56A8E9D956E686587CF49B&attach=
HTTP状态：
返回：查询订单失败查询订单订单状态为未支付ok

【2019-11-21 22:47:34】
订单号：20191121224603989898
通知地址：http://e019cdb2webapi.miapp66dom.com/Api/Home/payCallBack/jiufubao
通知报文：memberid=191121442&orderid=11212246022132&transaction_id=20191121224603989898&amount=101.0000&datetime=20191121224733&returncode=00&sign=65BBE6373C8D7E28216E915C007A8E0F&attach=
HTTP状态：
返回：查询订单失败查询订单订单状态为未支付ok

【2019-11-21 22:51:19】
订单号：20191121224920484898
通知地址：http://e019cdb2webapi.miapp66dom.com/Api/Home/payCallBack/jiufubao
通知报文：memberid=191121442&orderid=11212249195207&transaction_id=20191121224920484898&amount=101.0000&datetime=20191121225117&returncode=00&sign=CB7154B56D2BE79B5A05534890E11319&attach=
HTTP状态：
返回：查询订单失败查询订单订单状态为未支付ok

【2019-11-21 22:57:11】
订单号：20191121225408485451
通知地址：http://e019cdb2app.miapp88api.com/Api/Home/payCallBack/jiufubao
通知报文：memberid=191121442&orderid=11212254075037&transaction_id=20191121225408485451&amount=100.0000&datetime=20191121225709&returncode=00&sign=528DC3FF0CA5159B7277407E8814592B&attach=
HTTP状态：
返回：查询订单失败查询订单订单状态为未支付ok

【2019-11-21 22:59:16】
订单号：20191121225246101565
通知地址：http://e019cdb2app.miapp88api.com/Api/Home/payCallBack/jiufubao
通知报文：memberid=191121442&orderid=11212252457728&transaction_id=20191121225246101565&amount=200.0000&datetime=20191121225914&returncode=00&sign=F1C050069638F51A07E588C43FE69DFD&attach=
HTTP状态：
返回：查询订单失败查询订单订单状态为未支付ok

【2019-11-21 23:00:37】
订单号：20191121225511102535
通知地址：http://e019cdb2app.miapp88api.com/Api/Home/payCallBack/jiufubao
通知报文：memberid=191121442&orderid=11212255111090&transaction_id=20191121225511102535&amount=101.0000&datetime=20191121230035&returncode=00&sign=986AE23FE14A88041B4A6CEF65B143A3&attach=
HTTP状态：
返回：查询订单失败查询订单订单状态为未支付ok

【2019-11-21 23:10:07】
订单号：20191121230838549810
通知地址：http://e019cdb2webapi.miapp66dom.com/Api/Home/payCallBack/jiufubao
通知报文：memberid=191121442&orderid=11212308361295&transaction_id=20191121230838549810&amount=101.0000&datetime=20191121231005&returncode=00&sign=4342D67DE4AEC29CA8AB703DB1DBD19D&attach=
HTTP状态：
返回：查询订单失败查询订单订单状态为未支付ok

【2019-11-21 23:10:35】
订单号：20191121225409495310
通知地址：http://pay.1youbox.com/onlinepay/jiufubaov2/notify.do
通知报文：memberid=191209910&orderid=2019112122540703862&transaction_id=20191121225409495310&amount=200.0000&datetime=20191121231035&returncode=00&sign=3DFF0408E9F3E7DCAFD5C50BA03E3870&attach=
HTTP状态：
返回：OK

【2019-11-21 23:20:17】
订单号：20191121231850975698
通知地址：http://e019cdb2app.miapp88api.com/Api/Home/payCallBack/jiufubao
通知报文：memberid=191121442&orderid=11212318506654&transaction_id=20191121231850975698&amount=100.0000&datetime=20191121232015&returncode=00&sign=47C90780A4319BD779D371D7809C9ACE&attach=
HTTP状态：
返回：查询订单失败查询订单订单状态为未支付ok

【2019-11-21 23:20:44】
订单号：20191121231622545497
通知地址：http://150.109.59.33/tools/notify-1bcf_821736_b9b1_288c984_78cd
通知报文：memberid=191189793&orderid=WX191121231621810208&transaction_id=20191121231622545497&amount=200.1100&datetime=20191121232044&returncode=00&sign=0519891173871DB422EC41022661E358&attach=
HTTP状态：
返回：ok

【2019-11-21 23:28:19】
订单号：20191121232611514999
通知地址：http://e019cdb2webapi.miapp66dom.com/Api/Home/payCallBack/jiufubao
通知报文：memberid=191121442&orderid=11212326016012&transaction_id=20191121232611514999&amount=100.0000&datetime=20191121232816&returncode=00&sign=948CBFD2CA4410FA9B842A7B05170028&attach=
HTTP状态：
返回：查询订单失败查询订单订单状态为未支付ok

【2019-11-21 23:32:36】
订单号：20191121233105575757
通知地址：http://pay.1youbox.com/onlinepay/jiufubaov2/notify.do
通知报文：memberid=191209910&orderid=2019112123305303980&transaction_id=20191121233105575757&amount=300.0000&datetime=20191121233236&returncode=00&sign=A7B9AF17065478F9EAC8750A61CC1147&attach=
HTTP状态：
返回：OK

【2019-11-21 23:33:57】
订单号：20191121233237535797
通知地址：http://e019cdb2app.miapp88api.com/Api/Home/payCallBack/jiufubao
通知报文：memberid=191121442&orderid=11212332371302&transaction_id=20191121233237535797&amount=101.0000&datetime=20191121233355&returncode=00&sign=593554BD2B2F412F751BCF56042AC46A&attach=
HTTP状态：
返回：查询订单失败查询订单订单状态为未支付ok

【2019-11-21 23:38:58】
订单号：20191121233459515310
通知地址：http://pay1.dr5151.com/apis/pay_gateway/jiufujinzhifu/notice
通知报文：memberid=191209911&orderid=F201911212334561894&transaction_id=20191121233459515310&amount=500.0000&datetime=20191121233857&returncode=00&sign=02E8B7846BB19E4F2AA2A7D2C416477E&attach=
HTTP状态：
返回：OK

【2019-11-21 23:51:00】
订单号：20191121234802505399
通知地址：http://pay1.dr5151.com/apis/pay_gateway/jiufujinzhifu/notice
通知报文：memberid=191209911&orderid=F201911212348011737&transaction_id=20191121234802505399&amount=300.0000&datetime=20191121235058&returncode=00&sign=E431B161E24ACC350BA4993790643E66&attach=
HTTP状态：
返回：OK

【2019-11-21 23:52:35】
订单号：20191121234749535297
通知地址：http://834raw.top.cxmyjd.com/pay/jsp/jiufubaopay/res.jsp
通知报文：memberid=191156325&orderid=191121114720907647364&transaction_id=20191121234749535297&amount=100.0000&datetime=20191121235234&returncode=00&sign=D7CB93A45A5450DB854D6EFC06D99D16&attach=en06556188C22F96_85786650_113552
HTTP状态：
返回：OK

【2019-11-21 23:57:29】
订单号：20191121205248489952
通知地址：http://pay.vip6081.com/onlinepay/jiufubaov2/notify.do
通知报文：memberid=191155102&orderid=2019112120524802489&transaction_id=20191121205248489952&amount=200.0000&datetime=20191121235728&returncode=00&sign=148E25C03480E70F412001C9E1A82169&attach=
HTTP状态：
返回：

