【2019-11-20 00:09:57】
订单号：20191120000749539953
通知地址：https://payback3.lebopay.net/jfbscpay/scallback.php
通知报文：memberid=191209913&orderid=2019111912074564442827&transaction_id=20191120000749539953&amount=100.0000&datetime=20191120000955&returncode=00&sign=63676CA93077CB3F567D1BDD076DFFF6&attach=41536-5821ee0971b88c5744f0074f40555eb9
HTTP状态：
返回：OK

【2019-11-20 00:11:42】
订单号：20191120001005100989
通知地址：http://e019cdb2app.miapp88api.com/Api/Home/payCallBack/jiufubao
通知报文：memberid=191121442&orderid=11200010022107&transaction_id=20191120001005100989&amount=101.0000&datetime=20191120001141&returncode=00&sign=16E9A74132B8DA885033CE02855DDF9C&attach=
HTTP状态：
返回：查询订单失败查询订单订单状态为未支付ok

【2019-11-20 00:13:30】
订单号：20191120001102545410
通知地址：http://pay1.dr5151.com/apis/pay_gateway/jiufujinzhifu/notice
通知报文：memberid=191209911&orderid=F201911200010551935&transaction_id=20191120001102545410&amount=100.0000&datetime=20191120001329&returncode=00&sign=4736EEA4C5C2C585C8183E376327D85F&attach=
HTTP状态：
返回：OK

【2019-11-20 00:20:04】
订单号：20191120001852999949
通知地址：http://pay1.dr5151.com/apis/pay_gateway/jiufujinzhifu/notice
通知报文：memberid=191209911&orderid=F201911200018472112&transaction_id=20191120001852999949&amount=1500.0000&datetime=20191120002002&returncode=00&sign=0554D19AC0E82D0F537B5917FB213843&attach=
HTTP状态：
返回：OK

【2019-11-20 00:29:05】
订单号：20191120002735559810
通知地址：http://pay.ffc585.com/JiuFuBaoZhiFuReturn/Index
通知报文：memberid=191205418&orderid=RK490617451347214021&transaction_id=20191120002735559810&amount=1000.0000&datetime=20191120002904&returncode=00&sign=34D296A552F3B98956DF359DB08B0950&attach=
HTTP状态：
返回：OK

【2019-11-20 00:41:13】
订单号：20191120002513575355
通知地址：http://pay1.dr5151.com/apis/pay_gateway/jiufujinzhifu/notice
通知报文：memberid=191209911&orderid=F201911200025055851&transaction_id=20191120002513575355&amount=200.0000&datetime=20191120004112&returncode=00&sign=CAA6A05E63457C7C7BEAC75496BDFE26&attach=
HTTP状态：
返回：OK

【2019-11-20 00:54:03】
订单号：20191120005217499810
通知地址：http://e019cdb2app.miapp88api.com/Api/Home/payCallBack/jiufubao
通知报文：memberid=191121442&orderid=11200052172897&transaction_id=20191120005217499810&amount=200.0000&datetime=20191120005401&returncode=00&sign=0576099DB51B57AE51D5A1F19148A6B4&attach=
HTTP状态：
返回：查询订单失败查询订单订单状态为未支付ok

【2019-11-20 11:23:13】
订单号：20191120112153495150
通知地址：http://pay.ffc585.com/JiuFuBaoZhiFuReturn/Index
通知报文：memberid=191205418&orderid=RK490799679539682213&transaction_id=20191120112153495150&amount=500.0000&datetime=20191120112313&returncode=00&sign=114C0EDAEF32A1B3738D28AFCEC59C3D&attach=
HTTP状态：
返回：OK

【2019-11-20 11:25:13】
订单号：20191120112247555049
通知地址：http://e019cdb2app.miapp88api.com/Api/Home/payCallBack/jiufubao
通知报文：memberid=191121442&orderid=11201122472444&transaction_id=20191120112247555049&amount=101.0000&datetime=20191120112512&returncode=00&sign=E558DBCEBD101D9DFC454915FB56C7D8&attach=
HTTP状态：
返回：查询订单失败查询订单订单状态为未支付ok

【2019-11-20 11:26:54】
订单号：20191120112442974998
通知地址：http://pay.ffc585.com/JiuFuBaoZhiFuReturn/Index
通知报文：memberid=191205418&orderid=RK490774285934124616&transaction_id=20191120112442974998&amount=500.0000&datetime=20191120112654&returncode=00&sign=6ED1DB28D1ADDFF842E112A3965963EB&attach=
HTTP状态：
返回：OK

【2019-11-20 11:27:27】
订单号：20191120112531981005
通知地址：http://pay.ffc585.com/JiuFuBaoZhiFuReturn/Index
通知报文：memberid=191205418&orderid=RK490670675790286026&transaction_id=20191120112531981005&amount=500.0000&datetime=20191120112727&returncode=00&sign=D2B2014741CC9463641C97EC07ABFB55&attach=
HTTP状态：
返回：OK

【2019-11-20 11:31:41】
订单号：20191120112923514910
通知地址：http://834raw.top.cxmyjd.com/pay/jsp/jiufubaopay/res.jsp
通知报文：memberid=191156325&orderid=191119232920407445611&transaction_id=20191120112923514910&amount=500.0000&datetime=20191120113141&returncode=00&sign=C25A48FB8496A8E6CBEBE4778E53BD53&attach=en0634D7967CF229_85380841_113552
HTTP状态：
返回：OK

【2019-11-20 11:34:12】
订单号：20191120113238545710
通知地址：http://pay.ffc585.com/JiuFuBaoZhiFuReturn/Index
通知报文：memberid=191205418&orderid=RK490819645930368044&transaction_id=20191120113238545710&amount=1500.0000&datetime=20191120113412&returncode=00&sign=3E2E4AA7912833A8C7801C8DAB5511B2&attach=
HTTP状态：
返回：OK

【2019-11-20 12:04:49】
订单号：20191120120009579953
通知地址：http://e019cdb2app.miapp88api.com/Api/Home/payCallBack/jiufubao
通知报文：memberid=191121442&orderid=11201200064230&transaction_id=20191120120009579953&amount=101.0000&datetime=20191120120448&returncode=00&sign=C4C9BE20D2B64A3C1CC576CE6E6B09CA&attach=
HTTP状态：
返回：查询订单失败查询订单订单状态为未支付ok

【2019-11-20 12:09:32】
订单号：20191120120423554957
通知地址：http://pay.ffc585.com/JiuFuBaoZhiFuReturn/Index
通知报文：memberid=191205418&orderid=RK490260026379155867&transaction_id=20191120120423554957&amount=1500.0000&datetime=20191120120932&returncode=00&sign=A921945B35B262D4D3665FF5437A5E4B&attach=
HTTP状态：
返回：OK

【2019-11-20 12:22:06】
订单号：20191120122007555455
通知地址：http://e019cdb2app.miapp88api.com/Api/Home/payCallBack/jiufubao
通知报文：memberid=191121442&orderid=11201220087492&transaction_id=20191120122007555455&amount=101.0000&datetime=20191120122205&returncode=00&sign=A2D658B4F9B48EC1559F3CB5E7C4F783&attach=
HTTP状态：
返回：查询订单失败查询订单订单状态为未支付ok

【2019-11-20 12:22:40】
订单号：20191120122117100515
通知地址：http://e019cdb2webapi.miapp66dom.com/Api/Home/payCallBack/jiufubao
通知报文：memberid=191121442&orderid=11201221162114&transaction_id=20191120122117100515&amount=304.0000&datetime=20191120122239&returncode=00&sign=36E7203E3CA045BCF2F7C9582364BF6B&attach=
HTTP状态：
返回：查询订单失败查询订单订单状态为未支付ok

【2019-11-20 12:35:03】
订单号：20191120123354509899
通知地址：http://e019cdb2app.miapp88api.com/Api/Home/payCallBack/jiufubao
通知报文：memberid=191121442&orderid=11201233457516&transaction_id=20191120123354509899&amount=101.0000&datetime=20191120123502&returncode=00&sign=DA9493F5BD98BEA536FAC30F9ACD8B05&attach=
HTTP状态：
返回：查询订单失败查询订单订单状态为未支付ok

【2019-11-20 12:51:57】
订单号：20191120124712485698
通知地址：http://pay.ffc585.com/JiuFuBaoZhiFuReturn/Index
通知报文：memberid=191205418&orderid=RK490569065794812733&transaction_id=20191120124712485698&amount=300.0000&datetime=20191120125156&returncode=00&sign=684D28D127C508CB4F11480AF02B2231&attach=
HTTP状态：
返回：OK

【2019-11-20 13:11:37】
订单号：20191120131034979998
通知地址：http://pay1.dr5151.com/apis/pay_gateway/jiufujinzhifu/notice
通知报文：memberid=191209911&orderid=F201911201310335489&transaction_id=20191120131034979998&amount=200.0000&datetime=20191120131137&returncode=00&sign=0E2A2E6B7A1CD37E97E9AEFFBC3C82A5&attach=
HTTP状态：
返回：OK

【2019-11-20 13:13:02】
订单号：20191120131012525510
通知地址：http://e019cdb2webapi.miapp66dom.com/Api/Home/payCallBack/jiufubao
通知报文：memberid=191121442&orderid=11201310115848&transaction_id=20191120131012525510&amount=300.0000&datetime=20191120131300&returncode=00&sign=62910D337054DC707A819B903895B1AE&attach=
HTTP状态：
返回：查询订单失败查询订单订单状态为未支付ok

【2019-11-20 13:24:52】
订单号：20191120132306971025
通知地址：http://834raw.top.cxmyjd.com/pay/jsp/jiufubaopay/res.jsp
通知报文：memberid=191156325&orderid=191120012320407450713&transaction_id=20191120132306971025&amount=100.0000&datetime=20191120132451&returncode=00&sign=2E28E2E96942ECE804CAB7A00CF5BF50&attach=en061CB9AD3DAC3A_85423050_113552
HTTP状态：
返回：OK

【2019-11-20 13:30:07】
订单号：20191120132806545497
通知地址：http://pay.ffc585.com/JiuFuBaoZhiFuReturn/Index
通知报文：memberid=191205418&orderid=RK490324524511895178&transaction_id=20191120132806545497&amount=200.0000&datetime=20191120133007&returncode=00&sign=4615666D6D215D2E9C8BC94011DD3B75&attach=
HTTP状态：
返回：OK

【2019-11-20 13:34:38】
订单号：20191120132639102521
通知地址：http://pay.vip6081.com/onlinepay/jiufubaov2/notify.do
通知报文：memberid=191155102&orderid=2019112013263200792&transaction_id=20191120132639102521&amount=100.0000&datetime=20191120133437&returncode=00&sign=CD779CF5503818748CD066A7064E6C77&attach=
HTTP状态：
返回：OK

【2019-11-20 13:34:54】
订单号：20191120132639102521
通知地址：http://pay.vip6081.com/onlinepay/jiufubaov2/notify.do
通知报文：memberid=191155102&orderid=2019112013263200792&transaction_id=20191120132639102521&amount=100.0000&datetime=20191120133453&returncode=00&sign=EC035CECD7796558E5A90602FD9EE609&attach=
HTTP状态：
返回：

【2019-11-20 13:39:57】
订单号：20191120132317539949
通知地址：http://pay1.dr5151.com/apis/pay_gateway/jiufujinzhifu/notice
通知报文：memberid=191209911&orderid=F201911201323147711&transaction_id=20191120132317539949&amount=100.0000&datetime=20191120133957&returncode=00&sign=99D91C74A2648FC6ED254C61B17D7544&attach=
HTTP状态：
返回：OK

【2019-11-20 13:39:59】
订单号：20191120132317539949
通知地址：http://pay1.dr5151.com/apis/pay_gateway/jiufujinzhifu/notice
通知报文：memberid=191209911&orderid=F201911201323147711&transaction_id=20191120132317539949&amount=100.0000&datetime=20191120133959&returncode=00&sign=C1C711172B803423F6046D67C0ECDD5D&attach=
HTTP状态：
返回：已处理过过的订单

【2019-11-20 13:42:43】
订单号：20191120134031102531
通知地址：http://e019cdb2app.miapp88api.com/Api/Home/payCallBack/jiufubao
通知报文：memberid=191121442&orderid=11201340312044&transaction_id=20191120134031102531&amount=101.0000&datetime=20191120134242&returncode=00&sign=6AE6B7097ED8AB9CC17B2D31B3E7B258&attach=
HTTP状态：
返回：查询订单失败查询订单订单状态为未支付ok

【2019-11-20 13:43:12】
订单号：20191120134205100100
通知地址：http://e019cdb2app.miapp88api.com/Api/Home/payCallBack/jiufubao
通知报文：memberid=191121442&orderid=11201342055856&transaction_id=20191120134205100100&amount=300.0000&datetime=20191120134310&returncode=00&sign=6B66DE37DA30C0C54BD6B5005456993C&attach=
HTTP状态：
返回：查询订单失败查询订单订单状态为未支付ok

【2019-11-20 13:57:15】
订单号：20191120135556995549
通知地址：http://pay.ffc585.com/JiuFuBaoZhiFuReturn/Index
通知报文：memberid=191205418&orderid=RK491128719534392533&transaction_id=20191120135556995549&amount=300.0000&datetime=20191120135715&returncode=00&sign=E88D9D9DEDB07C8D8E27CC0DF0A5ECC8&attach=
HTTP状态：
返回：OK

【2019-11-20 13:59:18】
订单号：20191120135254549955
通知地址：http://pay.vip6081.com/onlinepay/jiufubaov2/notify.do
通知报文：memberid=191155102&orderid=2019112013525200893&transaction_id=20191120135254549955&amount=100.0000&datetime=20191120135917&returncode=00&sign=3D81AFFD7401D0EE8E206C25B9097C95&attach=
HTTP状态：
返回：OK

【2019-11-20 14:01:26】
订单号：20191120135254549955
通知地址：http://pay.vip6081.com/onlinepay/jiufubaov2/notify.do
通知报文：memberid=191155102&orderid=2019112013525200893&transaction_id=20191120135254549955&amount=100.0000&datetime=20191120140126&returncode=00&sign=79CBE66F0AC6F7A284CC57C85307057B&attach=
HTTP状态：
返回：

【2019-11-20 14:02:33】
订单号：20191120135941100975
通知地址：http://pay.vip6081.com/onlinepay/jiufubaov2/notify.do
通知报文：memberid=191155102&orderid=2019112013594200914&transaction_id=20191120135941100975&amount=100.0000&datetime=20191120140233&returncode=00&sign=AE9B6FC3D2F10EC9881F15DFBE1D9E7B&attach=
HTTP状态：
返回：OK

【2019-11-20 14:03:36】
订单号：20191120135913495655
通知地址：http://150.109.59.33/tools/notify-1bcf_56510e_b9b1_288aba4_75ce
通知报文：memberid=191189793&orderid=WX191120135913753226&transaction_id=20191120135913495655&amount=500.1100&datetime=20191120140335&returncode=00&sign=B27BFD69182C016D7C2482DFF9A5BF4F&attach=
HTTP状态：
返回：ok

【2019-11-20 14:09:00】
订单号：20191120140606101515
通知地址：http://pay.vip6081.com/onlinepay/jiufubaov2/notify.do
通知报文：memberid=191155102&orderid=2019112014060500932&transaction_id=20191120140606101515&amount=100.0000&datetime=20191120140900&returncode=00&sign=CC6298B50F070744BF6068A3B8481A4F&attach=
HTTP状态：
返回：OK

【2019-11-20 14:11:31】
订单号：20191120140954501001
通知地址：http://e019cdb2app.miapp88api.com/Api/Home/payCallBack/jiufubao
通知报文：memberid=191121442&orderid=11201409548691&transaction_id=20191120140954501001&amount=210.0000&datetime=20191120141129&returncode=00&sign=482AF261817FC1B50CD257FC5E6BF139&attach=
HTTP状态：
返回：查询订单失败查询订单订单状态为未支付ok

【2019-11-20 14:13:06】
订单号：20191120140843985299
通知地址：http://pay.ffc585.com/JiuFuBaoZhiFuReturn/Index
通知报文：memberid=191205418&orderid=RK490537774513034656&transaction_id=20191120140843985299&amount=200.0000&datetime=20191120141306&returncode=00&sign=12C417F98BB81EE3B02C5CBA3E7D86BD&attach=
HTTP状态：
返回：OK

【2019-11-20 14:20:11】
订单号：20191120141755519799
通知地址：http://e019cdb2webapi.miapp66dom.com/Api/Home/payCallBack/jiufubao
通知报文：memberid=191121442&orderid=11201417546844&transaction_id=20191120141755519799&amount=200.0000&datetime=20191120142009&returncode=00&sign=368CC8F3453F53CD08AE9128D17648F9&attach=
HTTP状态：
返回：查询订单失败查询订单订单状态为未支付ok

【2019-11-20 14:37:36】
订单号：20191120143348991015
通知地址：http://pay1.dr5151.com/apis/pay_gateway/jiufujinzhifu/notice
通知报文：memberid=191209911&orderid=F201911201433391884&transaction_id=20191120143348991015&amount=100.0000&datetime=20191120143735&returncode=00&sign=924C7F7B1204FCF7FC70B73578EBBDF8&attach=
HTTP状态：
返回：OK

【2019-11-20 14:58:02】
订单号：20191120145638545797
通知地址：http://pay.vip6081.com/onlinepay/jiufubaov2/notify.do
通知报文：memberid=191155102&orderid=2019112014563801054&transaction_id=20191120145638545797&amount=100.0000&datetime=20191120145802&returncode=00&sign=D8C55C494AB3F6325430B219B9864A60&attach=
HTTP状态：
返回：OK

【2019-11-20 15:03:32】
订单号：20191120150012995251
通知地址：http://pay.ffc585.com/JiuFuBaoZhiFuReturn/Index
通知报文：memberid=191205418&orderid=RK490127836838198167&transaction_id=20191120150012995251&amount=1000.0000&datetime=20191120150332&returncode=00&sign=5EC95AFE8B8242D9DDD330DBDB3419B3&attach=
HTTP状态：
返回：OK

【2019-11-20 15:03:56】
订单号：20191120150241499850
通知地址：http://e019cdb2app.miapp88api.com/Api/Home/payCallBack/jiufubao
通知报文：memberid=191121442&orderid=11201502419006&transaction_id=20191120150241499850&amount=200.0000&datetime=20191120150355&returncode=00&sign=BC05B7FE8B5A7FC9745ED039DF02CCE7&attach=
HTTP状态：
返回：查询订单失败查询订单订单状态为未支付ok

【2019-11-20 15:04:36】
订单号：20191120150012995251
通知地址：http://pay.ffc585.com/JiuFuBaoZhiFuReturn/Index
通知报文：memberid=191205418&orderid=RK490127836838198167&transaction_id=20191120150012995251&amount=1000.0000&datetime=20191120150435&returncode=00&sign=2C6F67AAC7CBFDF44DE29345321801A0&attach=
HTTP状态：
返回：OK

【2019-11-20 15:05:35】
订单号：20191120150411985754
通知地址：http://e019cdb2app.miapp88api.com/Api/Home/payCallBack/jiufubao
通知报文：memberid=191121442&orderid=11201504111696&transaction_id=20191120150411985754&amount=101.0000&datetime=20191120150534&returncode=00&sign=F3B7A94E2B43EAE16D461E6B1E09A282&attach=
HTTP状态：
返回：查询订单失败查询订单订单状态为未支付ok

【2019-11-20 15:16:56】
订单号：20191120151514501015
通知地址：http://150.109.59.33/tools/notify-1bcf_56510e_b9b1_288ae51_75e3
通知报文：memberid=191189793&orderid=WX191120151513776807&transaction_id=20191120151514501015&amount=200.1100&datetime=20191120151656&returncode=00&sign=0602A5D9B07820C300DC217937C0C725&attach=
HTTP状态：
返回：ok

【2019-11-20 15:31:41】
订单号：20191120153031555397
通知地址：http://e019cdb2app.miapp88api.com/Api/Home/payCallBack/jiufubao
通知报文：memberid=191121442&orderid=11201530314348&transaction_id=20191120153031555397&amount=101.0000&datetime=20191120153139&returncode=00&sign=CB56CAACE60E98C7897A20DB7507FEF6&attach=
HTTP状态：
返回：查询订单失败查询订单订单状态为未支付ok

【2019-11-20 15:45:25】
订单号：20191120154345495352
通知地址：http://pay1.dr5151.com/apis/pay_gateway/jiufujinzhifu/notice
通知报文：memberid=191209911&orderid=F201911201543459615&transaction_id=20191120154345495352&amount=100.0000&datetime=20191120154525&returncode=00&sign=C6EC7C972B48AA17E0A24B0FBAE6C9F9&attach=
HTTP状态：
返回：OK

【2019-11-20 15:50:47】
订单号：20191120154935102579
通知地址：http://pay.vip6081.com/onlinepay/jiufubaov2/notify.do
通知报文：memberid=191155102&orderid=2019112015493401229&transaction_id=20191120154935102579&amount=300.0000&datetime=20191120155047&returncode=00&sign=0116DF7BC13BC308CAE4C9A053A4DD1A&attach=
HTTP状态：
返回：OK

【2019-11-20 16:15:27】
订单号：20191120161401575355
通知地址：http://150.109.59.33/tools/notify-1bcf_89999c_b9b1_288960d_7611
通知报文：memberid=191189793&orderid=WX191120161355201295&transaction_id=20191120161401575355&amount=200.1100&datetime=20191120161527&returncode=00&sign=18A03C287CAA9518BC083F61E2092444&attach=
HTTP状态：
返回：ok

【2019-11-20 16:38:51】
订单号：20191120163729575053
通知地址：http://pay1.dr5151.com/apis/pay_gateway/jiufujinzhifu/notice
通知报文：memberid=191209911&orderid=F201911201637228045&transaction_id=20191120163729575053&amount=100.0000&datetime=20191120163851&returncode=00&sign=AECAA9891E87D1E437D5CEBA5C188285&attach=
HTTP状态：
返回：OK

【2019-11-20 17:01:34】
订单号：20191120165925100561
通知地址：http://e019cdb2app.miapp88api.com/Api/Home/payCallBack/jiufubao
通知报文：memberid=191121442&orderid=11201659243258&transaction_id=20191120165925100561&amount=800.0000&datetime=20191120170132&returncode=00&sign=37E5E52464B5E056B46C12A6EC0F8DFF&attach=
HTTP状态：
返回：查询订单失败查询订单订单状态为未支付ok

【2019-11-20 17:09:52】
订单号：20191120170830101519
通知地址：http://pay.vip6081.com/onlinepay/jiufubaov2/notify.do
通知报文：memberid=191155102&orderid=2019112017082901473&transaction_id=20191120170830101519&amount=180.0000&datetime=20191120170951&returncode=00&sign=CAAB25BEB1734AEF709951206209BB78&attach=
HTTP状态：
返回：OK

【2019-11-20 17:20:28】
订单号：20191120171906975657
通知地址：http://150.109.59.33/tools/notify-1bcf_89999c_b9b1_288981d_763c
通知报文：memberid=191189793&orderid=WX191120171900876221&transaction_id=20191120171906975657&amount=200.1100&datetime=20191120172028&returncode=00&sign=58548AD7C0E75C44F6E4FB091FA4D8C6&attach=
HTTP状态：
返回：ok

【2019-11-20 17:31:36】
订单号：20191120173039102981
通知地址：http://e019cdb2webapi.miapp66dom.com/Api/Home/payCallBack/jiufubao
通知报文：memberid=191121442&orderid=11201730394360&transaction_id=20191120173039102981&amount=101.0000&datetime=20191120173135&returncode=00&sign=C0A2FC0AEFD9A312BAA160981E5636B6&attach=
HTTP状态：
返回：查询订单失败查询订单订单状态为未支付ok

【2019-11-20 17:36:01】
订单号：20191120173401579953
通知地址：http://pay.ffc585.com/JiuFuBaoZhiFuReturn/Index
通知报文：memberid=191205418&orderid=RK490405084519226871&transaction_id=20191120173401579953&amount=200.0000&datetime=20191120173600&returncode=00&sign=FE079B7C29F3700AD3322E062EDBBC7A&attach=
HTTP状态：
返回：OK

【2019-11-20 17:36:34】
订单号：20191120172349535553
通知地址：http://pay1.dr5151.com/apis/pay_gateway/jiufujinzhifu/notice
通知报文：memberid=191209911&orderid=F201911201723475919&transaction_id=20191120172349535553&amount=150.0000&datetime=20191120173633&returncode=00&sign=796F97548724F74BEE353EA79617BBFF&attach=
HTTP状态：
返回：已处理过过的订单

【2019-11-20 17:37:18】
订单号：20191120172349535553
通知地址：http://pay1.dr5151.com/apis/pay_gateway/jiufujinzhifu/notice
通知报文：memberid=191209911&orderid=F201911201723475919&transaction_id=20191120172349535553&amount=150.0000&datetime=20191120173718&returncode=00&sign=667499E97579388071BC1A6B2EDD2AC0&attach=
HTTP状态：
返回：已处理过过的订单

【2019-11-20 17:37:38】
订单号：20191120172349535553
通知地址：http://pay1.dr5151.com/apis/pay_gateway/jiufujinzhifu/notice
通知报文：memberid=191209911&orderid=F201911201723475919&transaction_id=20191120172349535553&amount=150.0000&datetime=20191120173738&returncode=00&sign=0A46624F9E0B8E507E703A87EBBB746D&attach=
HTTP状态：
返回：已处理过过的订单

【2019-11-20 17:45:10】
订单号：20191120172349535553
通知地址：http://pay1.dr5151.com/apis/pay_gateway/jiufujinzhifu/notice
通知报文：memberid=191209911&orderid=F201911201723475919&transaction_id=20191120172349535553&amount=150.0000&datetime=20191120174510&returncode=00&sign=180939071E39BF92F9D10B3134C601A8&attach=
HTTP状态：
返回：已处理过过的订单

【2019-11-20 17:49:02】
订单号：20191120174756995550
通知地址：http://pay1.dr5151.com/apis/pay_gateway/jiufujinzhifu/notice
通知报文：memberid=191209911&orderid=F201911201747559251&transaction_id=20191120174756995550&amount=500.0000&datetime=20191120174901&returncode=00&sign=0B4C5303305C244717929C763A7010FE&attach=
HTTP状态：
返回：OK

【2019-11-20 17:53:05】
订单号：20191120174742101569
通知地址：http://834raw.top.cxmyjd.com/pay/jsp/jiufubaopay/res.jsp
通知报文：memberid=191156325&orderid=191120054720407461838&transaction_id=20191120174742101569&amount=300.0000&datetime=20191120175305&returncode=00&sign=8293403DB673FE10F8E67826DE270861&attach=en06349EEA5FAC38_85468398_113552
HTTP状态：
返回：OK

【2019-11-20 17:53:54】
订单号：20191120175213100100
通知地址：http://pay.vip6081.com/onlinepay/jiufubaov2/notify.do
通知报文：memberid=191155102&orderid=2019112017521201591&transaction_id=20191120175213100100&amount=250.0000&datetime=20191120175354&returncode=00&sign=0D2AB22432E6629A0D9D65B2D84791A4&attach=
HTTP状态：
返回：OK

【2019-11-20 17:55:10】
订单号：20191120175348994850
通知地址：http://834raw.top.cxmyjd.com/pay/jsp/jiufubaopay/res.jsp
通知报文：memberid=191156325&orderid=191120055320407462117&transaction_id=20191120175348994850&amount=998.0000&datetime=20191120175509&returncode=00&sign=ED77AE8A168E082C96A859311F984009&attach=en06051D18959436_85468539_113552
HTTP状态：
返回：OK

【2019-11-20 18:40:26】
订单号：20191120183822101531
通知地址：http://e019cdb2app.miapp88api.com/Api/Home/payCallBack/jiufubao
通知报文：memberid=191121442&orderid=11201838222650&transaction_id=20191120183822101531&amount=500.0000&datetime=20191120184025&returncode=00&sign=D0056712962ED906F7967330765459E5&attach=
HTTP状态：
返回：查询订单失败查询订单订单状态为未支付ok

【2019-11-20 18:44:11】
订单号：20191120184232565351
通知地址：http://834raw.top.cxmyjd.com/pay/jsp/jiufubaopay/res.jsp
通知报文：memberid=191156325&orderid=191120064220907567636&transaction_id=20191120184232565351&amount=100.0000&datetime=20191120184410&returncode=00&sign=A1736CFDC2A51E3D3D0A73AD2398383D&attach=en069E2D8447B25B_85487887_113552
HTTP状态：
返回：OK

【2019-11-20 18:47:31】
订单号：20191120184620991011
通知地址：http://pay.vip6081.com/onlinepay/jiufubaov2/notify.do
通知报文：memberid=191155102&orderid=2019112018461901726&transaction_id=20191120184620991011&amount=200.0000&datetime=20191120184731&returncode=00&sign=792C1E37E1EDE6F1ED66E1FB366BA453&attach=
HTTP状态：
返回：OK

【2019-11-20 18:52:42】
订单号：20191120184416485553
通知地址：http://pay1.dr5151.com/apis/pay_gateway/jiufujinzhifu/notice
通知报文：memberid=191209911&orderid=F201911201844149040&transaction_id=20191120184416485553&amount=200.0000&datetime=20191120185242&returncode=00&sign=9D3A5F5BB3F10806E679005B988219B4&attach=
HTTP状态：
返回：OK

【2019-11-20 19:04:30】
订单号：20191120190056565451
通知地址：http://pay1.dr5151.com/apis/pay_gateway/jiufujinzhifu/notice
通知报文：memberid=191209911&orderid=F201911201900557454&transaction_id=20191120190056565451&amount=100.0000&datetime=20191120190430&returncode=00&sign=2649EA50562EC1DC40192C7DDE0E66C3&attach=
HTTP状态：
返回：OK

【2019-11-20 19:22:42】
订单号：20191120192048481004
通知地址：http://pay1.dr5151.com/apis/pay_gateway/jiufujinzhifu/notice
通知报文：memberid=191209911&orderid=F201911201920414440&transaction_id=20191120192048481004&amount=500.0000&datetime=20191120192242&returncode=00&sign=EB93BC7866D5153990B76CC1BF889643&attach=
HTTP状态：
返回：OK

【2019-11-20 19:36:00】
订单号：20191120193440489848
通知地址：http://pay.vip6081.com/onlinepay/jiufubaov2/notify.do
通知报文：memberid=191155102&orderid=2019112019343601847&transaction_id=20191120193440489848&amount=300.0000&datetime=20191120193600&returncode=00&sign=A498C625E6A0F576BE641E06F5A8A325&attach=
HTTP状态：
返回：OK

【2019-11-20 19:36:09】
订单号：20191120193440489848
通知地址：http://pay.vip6081.com/onlinepay/jiufubaov2/notify.do
通知报文：memberid=191155102&orderid=2019112019343601847&transaction_id=20191120193440489848&amount=300.0000&datetime=20191120193609&returncode=00&sign=9D701A4EBBC35E5F6B1F8FB34A7A91C7&attach=
HTTP状态：
返回：

【2019-11-20 19:37:46】
订单号：20191120193621531014
通知地址：http://e019cdb2app.miapp88api.com/Api/Home/payCallBack/jiufubao
通知报文：memberid=191121442&orderid=11201936214135&transaction_id=20191120193621531014&amount=501.0000&datetime=20191120193744&returncode=00&sign=FE45D9392B0403E1F3CA3DDD5DEB7DA6&attach=
HTTP状态：
返回：查询订单失败查询订单订单状态为未支付ok

【2019-11-20 19:42:42】
订单号：20191120193135555599
通知地址：http://pay1.dr5151.com/apis/pay_gateway/jiufujinzhifu/notice
通知报文：memberid=191209911&orderid=F201911201931346704&transaction_id=20191120193135555599&amount=100.0000&datetime=20191120194242&returncode=00&sign=3CBE86640E1D604F6C63794BD251750B&attach=
HTTP状态：
返回：已处理过过的订单

【2019-11-20 19:43:59】
订单号：20191120194114971014
通知地址：http://pay.ffc585.com/JiuFuBaoZhiFuReturn/Index
通知报文：memberid=191205418&orderid=RK490623634709243216&transaction_id=20191120194114971014&amount=1000.0000&datetime=20191120194358&returncode=00&sign=C9CB88CFA272F1822DC677EF71C01929&attach=
HTTP状态：
返回：OK

【2019-11-20 19:46:29】
订单号：20191120194332525449
通知地址：http://pay1.dr5151.com/apis/pay_gateway/jiufujinzhifu/notice
通知报文：memberid=191209911&orderid=F201911201943187558&transaction_id=20191120194332525449&amount=1000.0000&datetime=20191120194629&returncode=00&sign=ADAEBABB221EF52D9DC5BCEE2E41E3AD&attach=
HTTP状态：
返回：OK

【2019-11-20 19:46:42】
订单号：20191120194452525549
通知地址：http://e019cdb2app.miapp88api.com/Api/Home/payCallBack/jiufubao
通知报文：memberid=191121442&orderid=11201944526182&transaction_id=20191120194452525549&amount=201.0000&datetime=20191120194641&returncode=00&sign=36B1A321D8C8421781FCDA0D68C6D829&attach=
HTTP状态：
返回：查询订单失败查询订单订单状态为未支付ok

【2019-11-20 19:55:42】
订单号：20191120195407102555
通知地址：http://pay.ffc585.com/JiuFuBaoZhiFuReturn/Index
通知报文：memberid=191205418&orderid=RK490651341399596347&transaction_id=20191120195407102555&amount=200.0000&datetime=20191120195542&returncode=00&sign=94CC39FCA454DE480F3BEA5DB0B9F820&attach=
HTTP状态：
返回：OK

【2019-11-20 20:23:33】
订单号：20191120202156521025
通知地址：http://pay1.dr5151.com/apis/pay_gateway/jiufujinzhifu/notice
通知报文：memberid=191209911&orderid=F201911202021479195&transaction_id=20191120202156521025&amount=100.0000&datetime=20191120202333&returncode=00&sign=58FE2131A16C06B86D01FEAFE77E8D2B&attach=
HTTP状态：
返回：OK

【2019-11-20 20:24:24】
订单号：20191120201336485410
通知地址：http://834raw.top.cxmyjd.com/pay/jsp/jiufubaopay/res.jsp
通知报文：memberid=191156325&orderid=191120081320407469217&transaction_id=20191120201336485410&amount=2000.0000&datetime=20191120202424&returncode=00&sign=D6A3D504802358E892ED48968D4C54F6&attach=en065E638C266319_85542045_113552
HTTP状态：
返回：OK

【2019-11-20 20:24:49】
订单号：20191120202326101509
通知地址：http://pay.ffc585.com/JiuFuBaoZhiFuReturn/Index
通知报文：memberid=191205418&orderid=RK490552535790271668&transaction_id=20191120202326101509&amount=200.0000&datetime=20191120202447&returncode=00&sign=7EBE47BC488AFC621382084F5B73D1AC&attach=
HTTP状态：
返回：OK

【2019-11-20 20:42:05】
订单号：20191120204028999810
通知地址：http://e019cdb2app.miapp88api.com/Api/Home/payCallBack/jiufubao
通知报文：memberid=191121442&orderid=11202040272873&transaction_id=20191120204028999810&amount=101.0000&datetime=20191120204204&returncode=00&sign=B7425A6C2B046B665C1ED6981963E414&attach=
HTTP状态：
返回：查询订单失败查询订单订单状态为未支付ok

【2019-11-20 20:53:39】
订单号：20191120205210975352
通知地址：http://e019cdb2app.miapp88api.com/Api/Home/payCallBack/jiufubao
通知报文：memberid=191121442&orderid=11202052097299&transaction_id=20191120205210975352&amount=200.0000&datetime=20191120205338&returncode=00&sign=01368C2CBCF8DB04C67322C235A8B7D7&attach=
HTTP状态：
返回：查询订单失败查询订单订单状态为未支付ok

【2019-11-20 21:01:39】
订单号：20191120205616485410
通知地址：http://e019cdb2app.miapp88api.com/Api/Home/payCallBack/jiufubao
通知报文：memberid=191121442&orderid=11202056165151&transaction_id=20191120205616485410&amount=200.0000&datetime=20191120210137&returncode=00&sign=1ACEEEBE7F59E09429F0406D0EB7CAF0&attach=
HTTP状态：
返回：查询订单失败查询订单订单状态为未支付ok

【2019-11-20 21:17:39】
订单号：20191120211606545352
通知地址：http://e019cdb2app.miapp88api.com/Api/Home/payCallBack/jiufubao
通知报文：memberid=191121442&orderid=11202116047893&transaction_id=20191120211606545352&amount=200.0000&datetime=20191120211737&returncode=00&sign=50C9879479C74513DCDFFECCB90EAD70&attach=
HTTP状态：
返回：查询订单失败查询订单订单状态为未支付ok

【2019-11-20 21:17:50】
订单号：20191120211611989797
通知地址：http://e019cdb2app.miapp88api.com/Api/Home/payCallBack/jiufubao
通知报文：memberid=191121442&orderid=11202116108714&transaction_id=20191120211611989797&amount=300.0000&datetime=20191120211749&returncode=00&sign=3E4E2B45FC415D7766D19ACC5E6CC063&attach=
HTTP状态：
返回：查询订单失败查询订单订单状态为未支付ok

【2019-11-20 21:21:48】
订单号：20191120211930505655
通知地址：http://pay1.dr5151.com/apis/pay_gateway/jiufujinzhifu/notice
通知报文：memberid=191209911&orderid=F201911202119265916&transaction_id=20191120211930505655&amount=100.0000&datetime=20191120212147&returncode=00&sign=09C1D24F7BBACDE1A4DECA802158DC84&attach=
HTTP状态：
返回：OK

【2019-11-20 21:28:49】
订单号：20191120212604991011
通知地址：http://pay1.dr5151.com/apis/pay_gateway/jiufujinzhifu/notice
通知报文：memberid=191209911&orderid=F201911202126015835&transaction_id=20191120212604991011&amount=120.0000&datetime=20191120212848&returncode=00&sign=F72BBB4685BE8AB194330A73319E9577&attach=
HTTP状态：
返回：OK

【2019-11-20 21:40:58】
订单号：20191120213904565749
通知地址：http://pay1.dr5151.com/apis/pay_gateway/jiufujinzhifu/notice
通知报文：memberid=191209911&orderid=F201911202139011589&transaction_id=20191120213904565749&amount=100.0000&datetime=20191120214057&returncode=00&sign=D73CF7A09CF0CCE1615CF19E761B257D&attach=
HTTP状态：
返回：OK

【2019-11-20 21:51:05】
订单号：20191120214637100101
通知地址：http://e019cdb2app.miapp88api.com/Api/Home/payCallBack/jiufubao
通知报文：memberid=191121442&orderid=11202146367763&transaction_id=20191120214637100101&amount=300.0000&datetime=20191120215103&returncode=00&sign=77B0799B01AF3E60A5473536E4CDDC94&attach=
HTTP状态：
返回：查询订单失败查询订单订单状态为未支付ok

【2019-11-20 21:51:19】
订单号：20191120214557535054
通知地址：http://pay1.dr5151.com/apis/pay_gateway/jiufujinzhifu/notice
通知报文：memberid=191209911&orderid=F201911202145486119&transaction_id=20191120214557535054&amount=100.0000&datetime=20191120215118&returncode=00&sign=722114639B24462607A979153BC49F20&attach=
HTTP状态：
返回：OK

【2019-11-20 22:01:48】
订单号：20191120215810505198
通知地址：http://e019cdb2app.miapp88api.com/Api/Home/payCallBack/jiufubao
通知报文：memberid=191121442&orderid=11202158105883&transaction_id=20191120215810505198&amount=101.0000&datetime=20191120220146&returncode=00&sign=416F60C4ACECEA91700FCD5C45F0639D&attach=
HTTP状态：
返回：查询订单失败查询订单订单状态为未支付ok

【2019-11-20 22:04:44】
订单号：20191120220137495453
通知地址：http://pay1.dr5151.com/apis/pay_gateway/jiufujinzhifu/notice
通知报文：memberid=191209911&orderid=F201911202201315735&transaction_id=20191120220137495453&amount=100.0000&datetime=20191120220443&returncode=00&sign=B299D2F47E12985D428790183327D945&attach=
HTTP状态：
返回：OK

【2019-11-20 22:06:14】
订单号：20191120220342101481
通知地址：http://pay1.dr5151.com/apis/pay_gateway/jiufujinzhifu/notice
通知报文：memberid=191209911&orderid=F201911202203389636&transaction_id=20191120220342101481&amount=1000.0000&datetime=20191120220614&returncode=00&sign=282F721D448D2DA25114C38244D6A7A6&attach=
HTTP状态：
返回：OK

【2019-11-20 22:39:41】
订单号：20191120223750101489
通知地址：http://e019cdb2app.miapp88api.com/Api/Home/payCallBack/jiufubao
通知报文：memberid=191121442&orderid=11202237492745&transaction_id=20191120223750101489&amount=200.0000&datetime=20191120223940&returncode=00&sign=39786337946660AC9190B3C7E903ABAE&attach=
HTTP状态：
返回：查询订单失败查询订单订单状态为未支付ok

【2019-11-20 22:49:21】
订单号：20191120224742101501
通知地址：http://e019cdb2app.miapp88api.com/Api/Home/payCallBack/jiufubao
通知报文：memberid=191121442&orderid=11202247429522&transaction_id=20191120224742101501&amount=101.0000&datetime=20191120224919&returncode=00&sign=F0DBA6CB820CF8E04C7117C403F25001&attach=
HTTP状态：
返回：查询订单失败查询订单订单状态为未支付ok

【2019-11-20 22:59:26】
订单号：20191120225647102575
通知地址：http://e019cdb2app.miapp88api.com/Api/Home/payCallBack/jiufubao
通知报文：memberid=191121442&orderid=11202256477192&transaction_id=20191120225647102575&amount=101.0000&datetime=20191120225925&returncode=00&sign=B3DE386D702D17AEF91EDDD852298CAE&attach=
HTTP状态：
返回：查询订单失败查询订单订单状态为未支付ok

【2019-11-20 22:59:51】
订单号：20191120225837100495
通知地址：http://e019cdb2app.miapp88api.com/Api/Home/payCallBack/jiufubao
通知报文：memberid=191121442&orderid=11202258363286&transaction_id=20191120225837100495&amount=101.0000&datetime=20191120225949&returncode=00&sign=9192F99EFD149DE5B788C6870E9C9956&attach=
HTTP状态：
返回：查询订单失败查询订单订单状态为未支付ok

【2019-11-20 23:20:09】
订单号：20191120231610979949
通知地址：http://pay1.dr5151.com/apis/pay_gateway/jiufujinzhifu/notice
通知报文：memberid=191209911&orderid=F201911202316106860&transaction_id=20191120231610979949&amount=100.0000&datetime=20191120232009&returncode=00&sign=743ED89ADD9D58EE275A8D17D908AF7F&attach=
HTTP状态：
返回：OK

【2019-11-20 23:20:22】
订单号：20191120231804995297
通知地址：http://e019cdb2app.miapp88api.com/Api/Home/payCallBack/jiufubao
通知报文：memberid=191121442&orderid=11202318035282&transaction_id=20191120231804995297&amount=200.0000&datetime=20191120232020&returncode=00&sign=464A5216998364239B0338E1AC2B3B78&attach=
HTTP状态：
返回：查询订单失败查询订单订单状态为未支付ok

【2019-11-20 23:40:52】
订单号：20191120230208481019
通知地址：http://e019cdb2app.miapp88api.com/Api/Home/payCallBack/jiufubao
通知报文：memberid=191121442&orderid=11202302088041&transaction_id=20191120230208481019&amount=200.0000&datetime=20191120234050&returncode=00&sign=B6720D5E154BA638CB10F8DCE6E00246&attach=
HTTP状态：
返回：查询订单失败查询订单订单状态为未支付ok

【2019-11-20 23:46:36】
订单号：20191120234055554857
通知地址：http://pay1.dr5151.com/apis/pay_gateway/jiufujinzhifu/notice
通知报文：memberid=191209911&orderid=F201911202340492528&transaction_id=20191120234055554857&amount=100.0000&datetime=20191120234634&returncode=00&sign=72ADC2D6D1E84CC80D32032FCD960103&attach=
HTTP状态：
返回：OK

