【2019-11-12 11:45:35】
订单号：20191107231731984999
通知地址：https://m.818-158.com/Public.server.do
通知报文：memberid=191095866&orderid=C1911072317309824&transaction_id=20191107231731984999&amount=5.0000&datetime=20191112114535&returncode=00&sign=951333184D990F377A22936525921E65&attach=242,https://a.818-158.com/Account.jhrecharge.do
HTTP状态：
返回：

【2019-11-12 11:45:44】
订单号：20191107231731984999
通知地址：https://m.818-158.com/Public.server.do
通知报文：memberid=191095866&orderid=C1911072317309824&transaction_id=20191107231731984999&amount=5.0000&datetime=20191112114543&returncode=00&sign=3153B89B2D6F0BDBB11DCEEFC8E3EAA1&attach=242,https://a.818-158.com/Account.jhrecharge.do
HTTP状态：
返回：

【2019-11-12 11:46:21】
订单号：20191107220143551004
通知地址：https://a.818-158.com/Account.server.do
通知报文：memberid=191095866&orderid=T1911072201434963&transaction_id=20191107220143551004&amount=5.0000&datetime=20191112114620&returncode=00&sign=F6BFD0128F70D38E408F7EC40008CED0&attach=242,https://a.818-158.com/Account.jhrecharge.do
HTTP状态：
返回：

【2019-11-12 11:47:18】
订单号：20191107231731984999
通知地址：https://m.818-158.com/Public.server.do
通知报文：memberid=191095866&orderid=C1911072317309824&transaction_id=20191107231731984999&amount=5.0000&datetime=20191112114718&returncode=00&sign=57DCA41F8CE5B71857932407881AFE3A&attach=242,https://a.818-158.com/Account.jhrecharge.do
HTTP状态：
返回：

【2019-11-12 11:47:28】
订单号：20191107231731984999
通知地址：https://m.818-158.com/Public.server.do
通知报文：memberid=191095866&orderid=C1911072317309824&transaction_id=20191107231731984999&amount=5.0000&datetime=20191112114728&returncode=00&sign=FD8BFC9B0F22169ABEF1F2EF81C05AE8&attach=242,https://a.818-158.com/Account.jhrecharge.do
HTTP状态：
返回：

【2019-11-12 11:49:08】
订单号：20191107231731984999
通知地址：https://m.818-158.com/Public.server.do
通知报文：memberid=191095866&orderid=C1911072317309824&transaction_id=20191107231731984999&amount=5.0000&datetime=20191112114908&returncode=00&sign=45266184C30602FA66F94A46FCDAF5F9&attach=242,https://a.818-158.com/Account.jhrecharge.do
HTTP状态：
返回：

【2019-11-12 11:51:26】
订单号：20191107231731984999
通知地址：https://m.818-158.com/Public.server.do
通知报文：memberid=191095866&orderid=C1911072317309824&transaction_id=20191107231731984999&amount=5.0000&datetime=20191112115126&returncode=00&sign=65FD9066192842AD67F48F8D1390213B&attach=242,https://a.818-158.com/Account.jhrecharge.do
HTTP状态：
返回：

【2019-11-12 17:21:23】
订单号：20191112161431555252
通知地址：http://jheng.free.idcfengye.com/apis/pay_gateway/jiufujinzhifu/notice
通知报文：memberid=191209911&orderid=F201911121573546474&transaction_id=20191112161431555252&amount=100.0000&datetime=20191112172120&returncode=00&sign=4E91F1AC6F47BD505784DD79A3D21AA8&attach=
HTTP状态：
返回：OK

【2019-11-12 18:58:22】
订单号：20191107231731984999
通知地址：https://m.818-158.com/Public.server.do
通知报文：memberid=191095866&orderid=C1911072317309824&transaction_id=20191107231731984999&amount=5.0000&datetime=20191112185821&returncode=00&sign=16792E72BCF14F049FE140B56629C222&attach=242,https://a.818-158.com/Account.jhrecharge.do
HTTP状态：
返回：

【2019-11-12 18:58:39】
订单号：20191107220143551004
通知地址：https://a.818-158.com/Account.server.do
通知报文：memberid=191095866&orderid=T1911072201434963&transaction_id=20191107220143551004&amount=5.0000&datetime=20191112185839&returncode=00&sign=E28062AA9AADEAC8843255DF2C827FCA&attach=242,https://a.818-158.com/Account.jhrecharge.do
HTTP状态：
返回：

【2019-11-12 21:48:04】
订单号：20191112214246545651
通知地址：http://bspay.7171r.com/Notify/Async/apiToken/D41BD23595D3EF7D3806D4F43D705ADE
通知报文：memberid=191165591&orderid=C2191919100805325806&transaction_id=20191112214246545651&amount=9555.0000&datetime=20191112214803&returncode=00&sign=86E8E8DE7D8B08C9F148F48B197DC8E1&attach=
HTTP状态：
返回：查询结果：未支付

【2019-11-12 21:48:13】
订单号：20191112214246545651
通知地址：http://bspay.7171r.com/Notify/Async/apiToken/D41BD23595D3EF7D3806D4F43D705ADE
通知报文：memberid=191165591&orderid=C2191919100805325806&transaction_id=20191112214246545651&amount=9555.0000&datetime=20191112214813&returncode=00&sign=54FDB4306B5A0B8855EB91FAA305D27E&attach=
HTTP状态：
返回：查询结果：未支付

【2019-11-12 21:48:22】
订单号：20191112214246545651
通知地址：http://bspay.7171r.com/Notify/Async/apiToken/D41BD23595D3EF7D3806D4F43D705ADE
通知报文：memberid=191165591&orderid=C2191919100805325806&transaction_id=20191112214246545651&amount=9555.0000&datetime=20191112214822&returncode=00&sign=DCFE36BAA9ABD6F636BF671F8BDBCC55&attach=
HTTP状态：
返回：查询结果：未支付

【2019-11-12 21:51:54】
订单号：20191112214246545651
通知地址：http://bspay.7171r.com/Notify/Async/apiToken/D41BD23595D3EF7D3806D4F43D705ADE
通知报文：memberid=191165591&orderid=C2191919100805325806&transaction_id=20191112214246545651&amount=9555.0000&datetime=20191112215153&returncode=00&sign=957306E17D95E59819E24A97A401A882&attach=
HTTP状态：
返回：查询结果：未支付

【2019-11-12 21:55:23】
订单号：20191112214246545651
通知地址：http://bspay.7171r.com/Notify/Async/apiToken/D41BD23595D3EF7D3806D4F43D705ADE
通知报文：memberid=191165591&orderid=C2191919100805325806&transaction_id=20191112214246545651&amount=9555.0000&datetime=20191112215522&returncode=00&sign=40E7B797588C7C8FADC966E22D28E1CB&attach=
HTTP状态：
返回：查询结果：未支付

【2019-11-12 22:05:56】
订单号：20191112220303555354
通知地址：http://bspay.7171r.com/Notify/Async/apiToken/D41BD23595D3EF7D3806D4F43D705ADE
通知报文：memberid=191165591&orderid=C2191995168437267731&transaction_id=20191112220303555354&amount=300.0000&datetime=20191112220556&returncode=00&sign=A26B398747DCBAC1C34A55D3A35F058B&attach=
HTTP状态：
返回：查询结果：未支付

【2019-11-12 22:06:06】
订单号：20191112220303555354
通知地址：http://bspay.7171r.com/Notify/Async/apiToken/D41BD23595D3EF7D3806D4F43D705ADE
通知报文：memberid=191165591&orderid=C2191995168437267731&transaction_id=20191112220303555354&amount=300.0000&datetime=20191112220606&returncode=00&sign=B03773BF53680DD45027B14D974EC9A7&attach=
HTTP状态：
返回：查询结果：未支付

【2019-11-12 22:06:16】
订单号：20191112220303555354
通知地址：http://bspay.7171r.com/Notify/Async/apiToken/D41BD23595D3EF7D3806D4F43D705ADE
通知报文：memberid=191165591&orderid=C2191995168437267731&transaction_id=20191112220303555354&amount=300.0000&datetime=20191112220615&returncode=00&sign=3484DA66852DA8FD8EB3B01E225EEF3C&attach=
HTTP状态：
返回：查询结果：未支付

【2019-11-12 22:12:41】
订单号：20191112221128485054
通知地址：https://www.jiufupay.cn/Pay_Charges_notify.html
通知报文：memberid=191095866&orderid=C20191112221127253570&transaction_id=20191112221128485054&amount=500.0000&datetime=20191112221241&returncode=00&sign=42AE23EDDC6293E6FC078DEE5BD253A2&attach=
HTTP状态：
返回：OK

【2019-11-12 22:12:42】
订单号：20191112221128485054
通知地址：https://www.jiufupay.cn/Pay_Charges_notify.html
通知报文：memberid=191095866&orderid=C20191112221127253570&transaction_id=20191112221128485054&amount=500.0000&datetime=20191112221242&returncode=00&sign=19E6FBD0093001A7C6E994E58AF19AC9&attach=
HTTP状态：
返回：OK

【2019-11-12 22:12:45】
订单号：20191112221128485054
通知地址：https://www.jiufupay.cn/Pay_Charges_notify.html
通知报文：memberid=191095866&orderid=C20191112221127253570&transaction_id=20191112221128485054&amount=500.0000&datetime=20191112221245&returncode=00&sign=7D513280F5FB7829BE5514EB1553301A&attach=
HTTP状态：
返回：OK

【2019-11-12 22:34:12】
订单号：20191112220721575555
通知地址：http://bspay.7171r.com/Notify/Async/apiToken/D41BD23595D3EF7D3806D4F43D705ADE
通知报文：memberid=191165591&orderid=C2191984932816790813&transaction_id=20191112220721575555&amount=2000.0000&datetime=20191112223411&returncode=00&sign=21E670488411CA2CAB1750AFB86DE397&attach=
HTTP状态：
返回：OK

【2019-11-12 22:34:18】
订单号：20191112220303555354
通知地址：http://bspay.7171r.com/Notify/Async/apiToken/D41BD23595D3EF7D3806D4F43D705ADE
通知报文：memberid=191165591&orderid=C2191995168437267731&transaction_id=20191112220303555354&amount=300.0000&datetime=20191112223417&returncode=00&sign=BE7656B88FA9226516910E9A8278A192&attach=
HTTP状态：
返回：OK

【2019-11-12 22:34:24】
订单号：20191112215641579899
通知地址：http://bspay.7171r.com/Notify/Async/apiToken/D41BD23595D3EF7D3806D4F43D705ADE
通知报文：memberid=191165591&orderid=C2191916696548841620&transaction_id=20191112215641579899&amount=100.0000&datetime=20191112223423&returncode=00&sign=C67B7999A4F9DA727E163BED72067E88&attach=
HTTP状态：
返回：OK

【2019-11-12 22:34:29】
订单号：20191112214728481005
通知地址：http://bspay.7171r.com/Notify/Async/apiToken/D41BD23595D3EF7D3806D4F43D705ADE
通知报文：memberid=191165591&orderid=C2191982110974331306&transaction_id=20191112214728481005&amount=445.0000&datetime=20191112223429&returncode=00&sign=991142F38EA8CCD0A477A97CC4DDEF2B&attach=
HTTP状态：
返回：OK

【2019-11-12 22:34:35】
订单号：20191112222350545751
通知地址：http://bspay.7171r.com/Notify/Async/apiToken/D41BD23595D3EF7D3806D4F43D705ADE
通知报文：memberid=191165591&orderid=C2191984616315162018&transaction_id=20191112222350545751&amount=2000.0000&datetime=20191112223434&returncode=00&sign=E6CB5C9861BC33384C3F8A93ECB47438&attach=
HTTP状态：
返回：OK

【2019-11-12 22:34:38】
订单号：20191112221936569949
通知地址：http://bspay.7171r.com/Notify/Async/apiToken/D41BD23595D3EF7D3806D4F43D705ADE
通知报文：memberid=191165591&orderid=C2191959268826196241&transaction_id=20191112221936569949&amount=100.0000&datetime=20191112223438&returncode=00&sign=99AB137D220F48C4BCF4EC8F52E8026E&attach=
HTTP状态：
返回：OK

【2019-11-12 22:34:41】
订单号：20191112221815551005
通知地址：http://bspay.7171r.com/Notify/Async/apiToken/D41BD23595D3EF7D3806D4F43D705ADE
通知报文：memberid=191165591&orderid=C2191986642245174764&transaction_id=20191112221815551005&amount=500.0000&datetime=20191112223440&returncode=00&sign=9DCF42578F005D4399679174DAB8EF78&attach=
HTTP状态：
返回：OK

【2019-11-12 22:44:23】
订单号：20191112214246545651
通知地址：http://bspay.7171r.com/Notify/Async/apiToken/D41BD23595D3EF7D3806D4F43D705ADE
通知报文：memberid=191165591&orderid=C2191919100805325806&transaction_id=20191112214246545651&amount=9555.0000&datetime=20191112224423&returncode=00&sign=754AD4364555B7DF2DDBD28BA4B332D5&attach=
HTTP状态：
返回：OK

