【2019-12-04 00:14:11】
订单号：20191204001303102575
通知地址：http://pay.vip6081.com/onlinepay/jiufubaov2/notify.do
通知报文：memberid=191155102&orderid=2019120400125800014&transaction_id=20191204001303102575&amount=200.0000&datetime=20191204001411&returncode=00&sign=15D1DF727724C9C0409415D61AFAEB5C&attach=
HTTP状态：
返回：OK

【2019-12-04 00:20:44】
订单号：20191204001924995251
通知地址：https://pay.fh89zf.com/onlinePay/notify/p2jiufubaov2.do
通知报文：memberid=191194184&orderid=D2019120400192400012&transaction_id=20191204001924995251&amount=300.0000&datetime=20191204002044&returncode=00&sign=9BA8AA81DEA06204EE29F26F2C65BE9E&attach=
HTTP状态：
返回：OK

【2019-12-04 10:08:48】
订单号：20191203203904565410
通知地址：http://pay.1youbox.com/onlinepay/jiufubaov2/notify.do
通知报文：memberid=191209910&orderid=2019120320385803916&transaction_id=20191203203904565410&amount=100.0000&datetime=20191204100848&returncode=00&sign=32F295E15B94C1223A65F6AA613C0809&attach=
HTTP状态：
返回：

【2019-12-04 10:11:02】
订单号：20191204100724994950
通知地址：https://pay.fh89zf.com/onlinePay/notify/p2jiufubaov2.do
通知报文：memberid=191194184&orderid=D2019120410071600176&transaction_id=20191204100724994950&amount=100.0000&datetime=20191204101101&returncode=00&sign=606D005DB3718916825A850BFD259EDF&attach=
HTTP状态：
返回：OK

【2019-12-04 10:12:17】
订单号：20191203203904565410
通知地址：http://pay.1youbox.com/onlinepay/jiufubaov2/notify.do
通知报文：memberid=191209910&orderid=2019120320385803916&transaction_id=20191203203904565410&amount=100.0000&datetime=20191204101217&returncode=00&sign=D256DC0837915554DC9F0EB37E281B7B&attach=
HTTP状态：
返回：

【2019-12-04 10:14:28】
订单号：20191204101301100511
通知地址：https://pay.fh89zf.com/onlinePay/notify/p2jiufubaov2.do
通知报文：memberid=191194184&orderid=D2019120410125500184&transaction_id=20191204101301100511&amount=300.0000&datetime=20191204101427&returncode=00&sign=B501D72B40B21AE350B73F95EAFE96D8&attach=
HTTP状态：
返回：OK

【2019-12-04 10:18:44】
订单号：20191204101437100515
通知地址：https://pay.fh89zf.com/onlinePay/notify/p2jiufubaov2.do
通知报文：memberid=191194184&orderid=D2019120410142900186&transaction_id=20191204101437100515&amount=300.0000&datetime=20191204101843&returncode=00&sign=F29687FFAD415CBD36CA1190CD8745C4&attach=
HTTP状态：
返回：OK

【2019-12-04 10:32:51】
订单号：20191204103141100549
通知地址：https://www.wanjia365.cn/Public.server.do
通知报文：memberid=191095866&orderid=Q1912041031398831&transaction_id=20191204103141100549&amount=1000.0000&datetime=20191204103250&returncode=00&sign=53045C1860D2AE2A21F13D9992333FD4&attach=512,https://wanjia365.cn/Account.jhrecharge.do
HTTP状态：
返回：OK

【2019-12-04 10:42:01】
订单号：20191204103712561005
通知地址：http://pay.1youbox.com/onlinepay/jiufubaov2/notify.do
通知报文：memberid=191209910&orderid=2019120410371101179&transaction_id=20191204103712561005&amount=100.0000&datetime=20191204104201&returncode=00&sign=78B3FDF2B8A85AE82D034BC0520C9DB9&attach=
HTTP状态：
返回：OK

【2019-12-04 10:55:19】
订单号：20191204105425499797
通知地址：http://pay1.dr5151.com/apis/pay_gateway/jiufujinzhifu/notice
通知报文：memberid=191209911&orderid=F201912041054241013&transaction_id=20191204105425499797&amount=100.0000&datetime=20191204105519&returncode=00&sign=2D0366CD9D765E0D0E2403055A61ED44&attach=
HTTP状态：
返回：OK

【2019-12-04 10:55:38】
订单号：20191203193007102101
通知地址：https://www.wanjia365.cn/Public.server.do
通知报文：memberid=191095866&orderid=X1912031930055541&transaction_id=20191203193007102101&amount=300.0000&datetime=20191204105537&returncode=00&sign=E14BF07B4BE9530F1319E2EE89340C9C&attach=487,https://www.wanjia365.cn/Account.jhrecharge.do
HTTP状态：
返回：OK

【2019-12-04 10:57:23】
订单号：20191204105526101511
通知地址：http://e019cdb2app.miapp88api.com/Api/Home/payCallBack/jiufubao
通知报文：memberid=191121442&orderid=12041055254750&transaction_id=20191204105526101511&amount=100.0000&datetime=20191204105721&returncode=00&sign=0CCF2AD8BF19FD2F2B4DEA3E4D7D1D06&attach=
HTTP状态：
返回：查询订单失败查询订单订单状态为未支付ok

【2019-12-04 11:21:25】
订单号：20191204111801579851
通知地址：http://pay1.dr5151.com/apis/pay_gateway/jiufujinzhifu/notice
通知报文：memberid=191209911&orderid=F201912041118006959&transaction_id=20191204111801579851&amount=100.0000&datetime=20191204112125&returncode=00&sign=28ECF120AC5814CB2C17D63EF03E9B5C&attach=
HTTP状态：
返回：OK

【2019-12-04 11:26:55】
订单号：20191204111657575250
通知地址：http://pay.1youbox.com/onlinepay/jiufubaov2/notify.do
通知报文：memberid=191209910&orderid=2019120411165501384&transaction_id=20191204111657575250&amount=100.0000&datetime=20191204112655&returncode=00&sign=98DB998EB73C8B524058F1C42A1416A1&attach=
HTTP状态：
返回：OK

【2019-12-04 11:51:59】
订单号：20191204114929575748
通知地址：http://pay.ffc585.com/JiuFuBaoZhiFuReturn/Index
通知报文：memberid=191205418&orderid=RK340886863802118146&transaction_id=20191204114929575748&amount=200.0000&datetime=20191204115158&returncode=00&sign=EB5D7AE751876E4205E5E39D0A99CD01&attach=
HTTP状态：
返回：OK

【2019-12-04 11:52:48】
订单号：20191204115045535150
通知地址：http://pay.1youbox.com/onlinepay/jiufubaov2/notify.do
通知报文：memberid=191209910&orderid=2019120411504401537&transaction_id=20191204115045535150&amount=200.0000&datetime=20191204115248&returncode=00&sign=D6B52AFB064C1D2249B294D152737773&attach=
HTTP状态：
返回：OK

【2019-12-04 11:52:52】
订单号：20191204115126101575
通知地址：http://pay.1youbox.com/onlinepay/jiufubaov2/notify.do
通知报文：memberid=191209910&orderid=2019120411512401539&transaction_id=20191204115126101575&amount=100.0000&datetime=20191204115252&returncode=00&sign=BF740C1D838354B369E8E085F778F634&attach=
HTTP状态：
返回：OK

【2019-12-04 12:00:38】
订单号：20191204115934545157
通知地址：http://pay.1youbox.com/onlinepay/jiufubaov2/notify.do
通知报文：memberid=191209910&orderid=2019120411593201572&transaction_id=20191204115934545157&amount=100.0000&datetime=20191204120038&returncode=00&sign=744100D39DB56144E413258EE2487A44&attach=
HTTP状态：
返回：OK

【2019-12-04 12:11:44】
订单号：20191204120926549951
通知地址：http://pay.1youbox.com/onlinepay/jiufubaov2/notify.do
通知报文：memberid=191209910&orderid=2019120412092401625&transaction_id=20191204120926549951&amount=2035.0000&datetime=20191204121144&returncode=00&sign=4FC89BA02DAFE122A34F0B8E08AE57CE&attach=
HTTP状态：
返回：OK

【2019-12-04 12:16:14】
订单号：20191204121319102485
通知地址：http://pay1.dr5151.com/apis/pay_gateway/jiufujinzhifu/notice
通知报文：memberid=191209911&orderid=F201912041213139316&transaction_id=20191204121319102485&amount=100.0000&datetime=20191204121614&returncode=00&sign=7B0446B0E540E0F8692C41E3B66116C7&attach=
HTTP状态：
返回：OK

【2019-12-04 12:16:17】
订单号：20191204121255555250
通知地址：http://pay1.dr5151.com/apis/pay_gateway/jiufujinzhifu/notice
通知报文：memberid=191209911&orderid=F201912041212515797&transaction_id=20191204121255555250&amount=100.0000&datetime=20191204121617&returncode=00&sign=1E9472208A2B3CFFC8EAD8A573776E5D&attach=
HTTP状态：
返回：OK

【2019-12-04 12:18:29】
订单号：20191204121711554953
通知地址：http://pay.ffc585.com/JiuFuBaoZhiFuReturn/Index
通知报文：memberid=191205418&orderid=RK340272553807912643&transaction_id=20191204121711554953&amount=300.0000&datetime=20191204121829&returncode=00&sign=A898AB316D552E8B126FFF1206A0C6D9&attach=
HTTP状态：
返回：OK

【2019-12-04 12:30:51】
订单号：20191204122844991005
通知地址：http://pay.vip6081.com/onlinepay/jiufubaov2/notify.do
通知报文：memberid=191155102&orderid=2019120412284200784&transaction_id=20191204122844991005&amount=101.0000&datetime=20191204123050&returncode=00&sign=9344C1EB6CDAA8F9CBFA147390E05910&attach=
HTTP状态：
返回：OK

【2019-12-04 12:30:55】
订单号：20191204122927564848
通知地址：http://pay.bmqp5pay1.com:5222/pay/api/callback/JIUFUBAOSZF/11
通知报文：memberid=191127554&orderid=20191204122926255qto&transaction_id=20191204122927564848&amount=100.0000&datetime=20191204123055&returncode=00&sign=7F217AE2EFB7C7A48F1C04681447F5C1&attach=
HTTP状态：
返回：OK

【2019-12-04 12:38:45】
订单号：20191204123619519952
通知地址：http://pay.vip6081.com/onlinepay/jiufubaov2/notify.do
通知报文：memberid=191155102&orderid=2019120412361600807&transaction_id=20191204123619519952&amount=398.0000&datetime=20191204123845&returncode=00&sign=229D380F35BB5E0EE4EB0DCF0EAED0BE&attach=
HTTP状态：
返回：OK

【2019-12-04 12:44:28】
订单号：20191204124141539853
通知地址：http://pay.1youbox.com/onlinepay/jiufubaov2/notify.do
通知报文：memberid=191209910&orderid=2019120412414101774&transaction_id=20191204124141539853&amount=202.0000&datetime=20191204124427&returncode=00&sign=A20DA69BF1FDFF76926382E48B564509&attach=
HTTP状态：
返回：OK

【2019-12-04 12:44:33】
订单号：20191204124123515351
通知地址：http://e019cdb2app.miapp88api.com/Api/Home/payCallBack/jiufubao
通知报文：memberid=191121442&orderid=12041241227781&transaction_id=20191204124123515351&amount=101.0000&datetime=20191204124431&returncode=00&sign=98CEB9E38E91444FFFDA050CF4A6C7A5&attach=
HTTP状态：
返回：查询订单失败查询订单订单状态为未支付ok

【2019-12-04 12:45:52】
订单号：20191204124200565750
通知地址：http://pay.1youbox.com/onlinepay/jiufubaov2/notify.do
通知报文：memberid=191209910&orderid=2019120412415701776&transaction_id=20191204124200565750&amount=500.0000&datetime=20191204124552&returncode=00&sign=5FCD7288378E506D14A77A1DB530F705&attach=
HTTP状态：
返回：OK

【2019-12-04 12:54:02】
订单号：20191204125143102985
通知地址：https://pay.fh89zf.com/onlinePay/notify/p2jiufubaov2.do
通知报文：memberid=191194184&orderid=D2019120412511800332&transaction_id=20191204125143102985&amount=100.0000&datetime=20191204125402&returncode=00&sign=E142D7A0CA500F4DE873E86ACE89ACD1&attach=
HTTP状态：
返回：OK

【2019-12-04 12:54:12】
订单号：20191204125306505456
通知地址：http://pay1.dr5151.com/apis/pay_gateway/jiufujinzhifu/notice
通知报文：memberid=191209911&orderid=F201912041253054402&transaction_id=20191204125306505456&amount=100.0000&datetime=20191204125412&returncode=00&sign=AA51BD28B441332253382368446E4058&attach=
HTTP状态：
返回：OK

【2019-12-04 12:59:40】
订单号：20191204125756525097
通知地址：http://pay1.dr5151.com/apis/pay_gateway/jiufujinzhifu/notice
通知报文：memberid=191209911&orderid=F201912041257538441&transaction_id=20191204125756525097&amount=100.0000&datetime=20191204125939&returncode=00&sign=8EA0B49915AABCA963AE54C3D00F9523&attach=
HTTP状态：
返回：OK

【2019-12-04 12:59:46】
订单号：20191204125652525548
通知地址：http://pay1.dr5151.com/apis/pay_gateway/jiufujinzhifu/notice
通知报文：memberid=191209911&orderid=F201912041256513604&transaction_id=20191204125652525548&amount=200.0000&datetime=20191204125945&returncode=00&sign=7ED19344B4D21EAE5833201B9ABCA3BB&attach=
HTTP状态：
返回：OK

【2019-12-04 13:00:24】
订单号：20191204125915515550
通知地址：http://e019cdb2app.miapp88api.com/Api/Home/payCallBack/jiufubao
通知报文：memberid=191121442&orderid=12041259149148&transaction_id=20191204125915515550&amount=800.0000&datetime=20191204130019&returncode=00&sign=33A74E9878E5EE3264769625A2EC97CF&attach=
HTTP状态：
返回：查询订单失败查询订单订单状态为未支付ok

【2019-12-04 13:05:08】
订单号：20191204130030101491
通知地址：http://pay1.dr5151.com/apis/pay_gateway/jiufujinzhifu/notice
通知报文：memberid=191209911&orderid=F201912041300263932&transaction_id=20191204130030101491&amount=100.0000&datetime=20191204130508&returncode=00&sign=4291AB80B75323E03AC9A9B5B2C6019F&attach=
HTTP状态：
返回：OK

【2019-12-04 13:05:13】
订单号：20191204125921574810
通知地址：http://pay1.dr5151.com/apis/pay_gateway/jiufujinzhifu/notice
通知报文：memberid=191209911&orderid=F201912041259174782&transaction_id=20191204125921574810&amount=100.0000&datetime=20191204130513&returncode=00&sign=9288D8EB38B436A7E5C4950AC54BDC4F&attach=
HTTP状态：
返回：OK

【2019-12-04 13:14:16】
订单号：20191204131304481009
通知地址：http://pay.1youbox.com/onlinepay/jiufubaov2/notify.do
通知报文：memberid=191209910&orderid=2019120413130301925&transaction_id=20191204131304481009&amount=200.0000&datetime=20191204131416&returncode=00&sign=1B0DE455B0137271CEE009F2A036611B&attach=
HTTP状态：
返回：OK

【2019-12-04 13:16:49】
订单号：20191204131524999956
通知地址：http://pay.1youbox.com/onlinepay/jiufubaov2/notify.do
通知报文：memberid=191209910&orderid=2019120413152201938&transaction_id=20191204131524999956&amount=202.0000&datetime=20191204131649&returncode=00&sign=F6ED195D6AF34DF77068739B6E61677C&attach=
HTTP状态：
返回：OK

【2019-12-04 13:18:34】
订单号：20191204131500521014
通知地址：http://pay1.dr5151.com/apis/pay_gateway/jiufujinzhifu/notice
通知报文：memberid=191209911&orderid=F201912041314567115&transaction_id=20191204131500521014&amount=300.0000&datetime=20191204131834&returncode=00&sign=5E3DA0FA5A4E8BC5CD19DA714AE63AA2&attach=
HTTP状态：
返回：OK

【2019-12-04 13:21:26】
订单号：20191204131750101101
通知地址：http://pay1.dr5151.com/apis/pay_gateway/jiufujinzhifu/notice
通知报文：memberid=191209911&orderid=F201912041316592564&transaction_id=20191204131750101101&amount=100.0000&datetime=20191204132125&returncode=00&sign=D4B7766D953D03070A837CE8F9F96EAC&attach=
HTTP状态：
返回：OK

【2019-12-04 13:21:30】
订单号：20191204131617495497
通知地址：http://pay1.dr5151.com/apis/pay_gateway/jiufujinzhifu/notice
通知报文：memberid=191209911&orderid=F201912041315592931&transaction_id=20191204131617495497&amount=100.0000&datetime=20191204132130&returncode=00&sign=48A3B19AAF0CD70E67C91EE5404651BA&attach=
HTTP状态：
返回：OK

【2019-12-04 13:23:54】
订单号：20191204132208485056
通知地址：http://pay.1youbox.com/onlinepay/jiufubaov2/notify.do
通知报文：memberid=191209910&orderid=2019120413220601987&transaction_id=20191204132208485056&amount=150.0000&datetime=20191204132354&returncode=00&sign=D4DD89113F87C2B5A70633465521D3E5&attach=
HTTP状态：
返回：OK

【2019-12-04 13:32:30】
订单号：20191204132954505455
通知地址：http://pay.1youbox.com/onlinepay/jiufubaov2/notify.do
通知报文：memberid=191209910&orderid=2019120413295102033&transaction_id=20191204132954505455&amount=100.0000&datetime=20191204133230&returncode=00&sign=A15E7D56066E8F77FE507355FA38C885&attach=
HTTP状态：
返回：OK

【2019-12-04 13:40:27】
订单号：20191204133817571004
通知地址：http://pay.1youbox.com/onlinepay/jiufubaov2/notify.do
通知报文：memberid=191209910&orderid=2019120413381302080&transaction_id=20191204133817571004&amount=200.0000&datetime=20191204134026&returncode=00&sign=1E1385192A45FFE522FB0A9EACDD9E3B&attach=
HTTP状态：
返回：OK

【2019-12-04 13:55:07】
订单号：20191204135320489751
通知地址：http://e019cdb2app.miapp88api.com/Api/Home/payCallBack/jiufubao
通知报文：memberid=191121442&orderid=12041353183472&transaction_id=20191204135320489751&amount=200.0000&datetime=20191204135505&returncode=00&sign=6F0BBED902BEDABDE44341679D3AF3D1&attach=
HTTP状态：
返回：查询订单失败查询订单订单状态为未支付ok

【2019-12-04 13:57:12】
订单号：20191204135304484853
通知地址：http://pay.1youbox.com/onlinepay/jiufubaov2/notify.do
通知报文：memberid=191209910&orderid=2019120413530302158&transaction_id=20191204135304484853&amount=1018.0000&datetime=20191204135712&returncode=00&sign=C1D5F8A43FED479771A87A0ADB7BFA3F&attach=
HTTP状态：
返回：OK

【2019-12-04 14:00:49】
订单号：20191204135939981014
通知地址：http://pay1.dr5151.com/apis/pay_gateway/jiufujinzhifu/notice
通知报文：memberid=191209911&orderid=F201912041359323361&transaction_id=20191204135939981014&amount=200.0000&datetime=20191204140048&returncode=00&sign=C4C3351678A06595D651A38D3CE9C97D&attach=
HTTP状态：
返回：OK

【2019-12-04 14:04:37】
订单号：20191204140049494854
通知地址：http://e019cdb2app.miapp88api.com/Api/Home/payCallBack/jiufubao
通知报文：memberid=191121442&orderid=12041400477591&transaction_id=20191204140049494854&amount=100.0000&datetime=20191204140435&returncode=00&sign=E033BF2AE30A3A0021F1A4392FA9E053&attach=
HTTP状态：
返回：查询订单失败查询订单订单状态为未支付ok

【2019-12-04 14:04:57】
订单号：20191204140120481015
通知地址：http://e019cdb2app.miapp88api.com/Api/Home/payCallBack/jiufubao
通知报文：memberid=191121442&orderid=12041401195248&transaction_id=20191204140120481015&amount=1000.0000&datetime=20191204140455&returncode=00&sign=44989DF8D0A49928AE4D6A16DFF1AEE5&attach=
HTTP状态：
返回：查询订单失败查询订单订单状态为未支付ok

【2019-12-04 14:10:59】
订单号：20191204140812995398
通知地址：https://pay.fh89zf.com/onlinePay/notify/p2jiufubaov2.do
通知报文：memberid=191194184&orderid=D2019120414080400424&transaction_id=20191204140812995398&amount=300.0000&datetime=20191204141058&returncode=00&sign=C3026BDD44DAC337A88C1B4B239518AB&attach=
HTTP状态：
返回：OK

【2019-12-04 14:15:37】
订单号：20191204141430545757
通知地址：http://pay.bmqp5pay1.com:5222/pay/api/callback/JIUFUBAOSZF/11
通知报文：memberid=191127554&orderid=201912041414257372Bs&transaction_id=20191204141430545757&amount=100.0000&datetime=20191204141537&returncode=00&sign=8E82EAA9E75A96AA5D9E31F509E9850C&attach=
HTTP状态：
返回：OK

【2019-12-04 14:15:42】
订单号：20191204141330979855
通知地址：http://pay.1youbox.com/onlinepay/jiufubaov2/notify.do
通知报文：memberid=191209910&orderid=2019120414132802269&transaction_id=20191204141330979855&amount=200.0000&datetime=20191204141541&returncode=00&sign=191304E52BA32BC3E9F520A4B9F7E7FA&attach=
HTTP状态：
返回：OK

【2019-12-04 14:32:57】
订单号：20191204142845100524
通知地址：http://awseb-e-q-awsebloa-p0jtqe3naeml-278855201.ap-northeast-1.elb.amazonaws.com/pay/notify/152/520
通知报文：memberid=191209912&orderid=1040142920191204142833816&transaction_id=20191204142845100524&amount=100.0000&datetime=20191204143257&returncode=00&sign=625EEAAAABB8032853A73CD71E561D26&attach=
HTTP状态：
返回：OK

【2019-12-04 14:37:31】
订单号：20191204143423102481
通知地址：http://pay.1youbox.com/onlinepay/jiufubaov2/notify.do
通知报文：memberid=191209910&orderid=2019120414342002387&transaction_id=20191204143423102481&amount=105.0000&datetime=20191204143730&returncode=00&sign=09640F50850B231264F7AD67AA4C0801&attach=
HTTP状态：
返回：OK

【2019-12-04 14:47:03】
订单号：20191204142830101975
通知地址：http://pay1.dr5151.com/apis/pay_gateway/jiufujinzhifu/notice
通知报文：memberid=191209911&orderid=F201912041428278162&transaction_id=20191204142830101975&amount=100.0000&datetime=20191204144702&returncode=00&sign=6CC6CA3BAC5F0E7428978829C3921559&attach=
HTTP状态：
返回：OK

【2019-12-04 14:57:27】
订单号：20191204145151555648
通知地址：http://pay.1youbox.com/onlinepay/jiufubaov2/notify.do
通知报文：memberid=191209910&orderid=2019120414515002470&transaction_id=20191204145151555648&amount=300.0000&datetime=20191204145726&returncode=00&sign=1F2432C9A41E4445C05813391AB5EBEB&attach=
HTTP状态：
返回：OK

【2019-12-04 15:00:59】
订单号：20191204145904565651
通知地址：http://e019cdb2app.miapp88api.com/Api/Home/payCallBack/jiufubao
通知报文：memberid=191121442&orderid=12041459041012&transaction_id=20191204145904565651&amount=200.0000&datetime=20191204150057&returncode=00&sign=471A09DA808AAD2D7367D70C94A00E56&attach=
HTTP状态：
返回：查询订单失败查询订单订单状态为未支付ok

【2019-12-04 15:08:52】
订单号：20191204150403519755
通知地址：http://pay.1youbox.com/onlinepay/jiufubaov2/notify.do
通知报文：memberid=191209910&orderid=2019120415040102553&transaction_id=20191204150403519755&amount=300.0000&datetime=20191204150852&returncode=00&sign=26890934B94E079537820D3C40E3A0C7&attach=
HTTP状态：
返回：OK

【2019-12-04 15:10:16】
订单号：20191204150201575555
通知地址：http://150.109.59.33/tools/notify-1bcf_88cb60_b9b1_28b36bd_8e23
通知报文：memberid=191189793&orderid=WX191204150156531495&transaction_id=20191204150201575555&amount=200.1100&datetime=20191204151016&returncode=00&sign=C15C2DBD9960E9930A76195CF8576B43&attach=
HTTP状态：
返回：ok

【2019-12-04 15:20:05】
订单号：20191204151224561005
通知地址：http://pay.vip6081.com/onlinepay/jiufubaov2/notify.do
通知报文：memberid=191155102&orderid=2019120415115701402&transaction_id=20191204151224561005&amount=198.0000&datetime=20191204152003&returncode=00&sign=09860A9A657E0845770B70539A39AD83&attach=
HTTP状态：
返回：OK

【2019-12-04 15:26:21】
订单号：20191204152500995457
通知地址：http://pay.1youbox.com/onlinepay/jiufubaov2/notify.do
通知报文：memberid=191209910&orderid=2019120415245802627&transaction_id=20191204152500995457&amount=101.0000&datetime=20191204152621&returncode=00&sign=94AA3160F85FDA2845CCACCDF66FD75E&attach=
HTTP状态：
返回：OK

【2019-12-04 15:30:07】
订单号：20191204152840565652
通知地址：http://awseb-e-q-awsebloa-p0jtqe3naeml-278855201.ap-northeast-1.elb.amazonaws.com/pay/notify/152/520
通知报文：memberid=191209912&orderid=1040722720191204152837352&transaction_id=20191204152840565652&amount=100.0000&datetime=20191204153007&returncode=00&sign=96A0D1BC749540129AA9F1BC4AC24D61&attach=
HTTP状态：
返回：OK

【2019-12-04 15:30:15】
订单号：20191204152711102485
通知地址：http://pay.1youbox.com/onlinepay/jiufubaov2/notify.do
通知报文：memberid=191209910&orderid=2019120415271002634&transaction_id=20191204152711102485&amount=100.0000&datetime=20191204153014&returncode=00&sign=B924FC2CE57C562C3E6271F00452BD46&attach=
HTTP状态：
返回：OK

【2019-12-04 15:30:43】
订单号：20191204152740999810
通知地址：http://pay.1youbox.com/onlinepay/jiufubaov2/notify.do
通知报文：memberid=191209910&orderid=2019120415273702636&transaction_id=20191204152740999810&amount=200.0000&datetime=20191204153043&returncode=00&sign=AC80971AE81ACB30614A34945AB0CB52&attach=
HTTP状态：
返回：OK

【2019-12-04 15:33:55】
订单号：20191204153243985551
通知地址：https://pay.fh89zf.com/onlinePay/notify/p2jiufubaov2.do
通知报文：memberid=191194184&orderid=D2019120415323500488&transaction_id=20191204153243985551&amount=700.0000&datetime=20191204153355&returncode=00&sign=F616D84B80498C9809F5B93F6D93F6E4&attach=
HTTP状态：
返回：OK

【2019-12-04 15:46:39】
订单号：20191204154521499752
通知地址：http://awseb-e-q-awsebloa-p0jtqe3naeml-278855201.ap-northeast-1.elb.amazonaws.com/pay/notify/152/520
通知报文：memberid=191209912&orderid=1040722720191204154519335&transaction_id=20191204154521499752&amount=100.0000&datetime=20191204154638&returncode=00&sign=60378BE1B3953DF1B73A7843749595E8&attach=
HTTP状态：
返回：OK

【2019-12-04 15:53:30】
订单号：20191204155112485457
通知地址：http://awseb-e-q-awsebloa-p0jtqe3naeml-278855201.ap-northeast-1.elb.amazonaws.com/pay/notify/152/520
通知报文：memberid=191209912&orderid=1040722720191204155110167&transaction_id=20191204155112485457&amount=100.0000&datetime=20191204155330&returncode=00&sign=335BD24391FC7CEA8B2F2B2FB428236C&attach=
HTTP状态：
返回：OK

【2019-12-04 15:55:19】
订单号：20191204155233495098
通知地址：https://pay.fh89zf.com/onlinePay/notify/p2jiufubaov2.do
通知报文：memberid=191194184&orderid=D2019120415523100513&transaction_id=20191204155233495098&amount=100.0000&datetime=20191204155518&returncode=00&sign=41BC1A3544415F6F7EF462C53B432884&attach=
HTTP状态：
返回：OK

【2019-12-04 16:03:33】
订单号：20191204160108521019
通知地址：http://pay.1youbox.com/onlinepay/jiufubaov2/notify.do
通知报文：memberid=191209910&orderid=2019120416010802772&transaction_id=20191204160108521019&amount=200.0000&datetime=20191204160333&returncode=00&sign=B76177FDEB5BFD9A6619ED02B6345584&attach=
HTTP状态：
返回：OK

【2019-12-04 16:06:04】
订单号：20191204160452524910
通知地址：http://awseb-e-q-awsebloa-p0jtqe3naeml-278855201.ap-northeast-1.elb.amazonaws.com/pay/notify/152/520
通知报文：memberid=191209912&orderid=1040722720191204160450203&transaction_id=20191204160452524910&amount=200.0000&datetime=20191204160604&returncode=00&sign=7D07ACBC82DBF00D7675AF229518D0A1&attach=
HTTP状态：
返回：OK

【2019-12-04 16:08:04】
订单号：20191204160626509710
通知地址：https://pay.fh89zf.com/onlinePay/notify/p2jiufubaov2.do
通知报文：memberid=191194184&orderid=D2019120416062200520&transaction_id=20191204160626509710&amount=1000.0000&datetime=20191204160804&returncode=00&sign=9B1DC510589BA46F005EFBF38CE1D553&attach=
HTTP状态：
返回：OK

【2019-12-04 16:08:04】
订单号：20191204160626509710
通知地址：https://pay.fh89zf.com/onlinePay/notify/p2jiufubaov2.do
通知报文：memberid=191194184&orderid=D2019120416062200520&transaction_id=20191204160626509710&amount=1000.0000&datetime=20191204160804&returncode=00&sign=9B1DC510589BA46F005EFBF38CE1D553&attach=
HTTP状态：
返回：OK

【2019-12-04 16:11:11】
订单号：20191204145337491009
通知地址：http://pay.1youbox.com/onlinepay/jiufubaov2/notify.do
通知报文：memberid=191209910&orderid=2019120414533002481&transaction_id=20191204145337491009&amount=200.0000&datetime=20191204161111&returncode=00&sign=9A6719E77D1DAD6369317247E7FAE0D8&attach=
HTTP状态：
返回：OK

【2019-12-04 16:11:31】
订单号：20191204161022101575
通知地址：http://e019cdb2app.miapp88api.com/Api/Home/payCallBack/jiufubao
通知报文：memberid=191121442&orderid=12041610217817&transaction_id=20191204161022101575&amount=600.0000&datetime=20191204161129&returncode=00&sign=FB34F3572AE74C0FD0138ED21BB6F4C8&attach=
HTTP状态：
返回：查询订单失败查询订单订单状态为未支付ok

【2019-12-04 16:12:15】
订单号：20191204160946975455
通知地址：http://awseb-e-q-awsebloa-p0jtqe3naeml-278855201.ap-northeast-1.elb.amazonaws.com/pay/notify/152/521
通知报文：memberid=191209912&orderid=1040696120191204160937953&transaction_id=20191204160946975455&amount=100.0000&datetime=20191204161214&returncode=00&sign=1AD55364F2CCEFC7D38BD71E605CF55E&attach=
HTTP状态：
返回：OK

【2019-12-04 16:13:09】
订单号：20191204152415102485
通知地址：http://pay.1youbox.com/onlinepay/jiufubaov2/notify.do
通知报文：memberid=191209910&orderid=2019120415241202624&transaction_id=20191204152415102485&amount=100.0000&datetime=20191204161309&returncode=00&sign=F47A2BDD43D13FC1AC5DB3AEF47F403B&attach=
HTTP状态：
返回：OK

【2019-12-04 16:19:52】
订单号：20191204161756525297
通知地址：http://pay.vip6081.com/onlinepay/jiufubaov2/notify.do
通知报文：memberid=191155102&orderid=2019120416175201616&transaction_id=20191204161756525297&amount=200.0000&datetime=20191204161942&returncode=00&sign=C5FAEDC3E9BDB5BC2B1EDE6FFADE5B59&attach=
HTTP状态：
返回：

【2019-12-04 16:20:05】
订单号：20191204161756525297
通知地址：http://pay.vip6081.com/onlinepay/jiufubaov2/notify.do
通知报文：memberid=191155102&orderid=2019120416175201616&transaction_id=20191204161756525297&amount=200.0000&datetime=20191204162002&returncode=00&sign=09A8F71455ED7FE7DB6D97D36DCF4A79&attach=
HTTP状态：
返回：

【2019-12-04 16:20:38】
订单号：20191204161756525297
通知地址：http://pay.vip6081.com/onlinepay/jiufubaov2/notify.do
通知报文：memberid=191155102&orderid=2019120416175201616&transaction_id=20191204161756525297&amount=200.0000&datetime=20191204162036&returncode=00&sign=C914333D6DF0165F3D9D081F43EA355A&attach=
HTTP状态：
返回：

【2019-12-04 16:30:08】
订单号：20191204162806541015
通知地址：http://pay.1youbox.com/onlinepay/jiufubaov2/notify.do
通知报文：memberid=191209910&orderid=2019120416280502869&transaction_id=20191204162806541015&amount=120.0000&datetime=20191204163007&returncode=00&sign=2BE0E8E1FC921477BAD869C9FCA5F7B7&attach=
HTTP状态：
返回：OK

【2019-12-04 16:30:32】
订单号：20191204161756525297
通知地址：http://pay.vip6081.com/onlinepay/jiufubaov2/notify.do
通知报文：memberid=191155102&orderid=2019120416175201616&transaction_id=20191204161756525297&amount=200.0000&datetime=20191204163031&returncode=00&sign=7C4171F6D2F46C165ED20B2E542AB26E&attach=
HTTP状态：
返回：

【2019-12-04 16:39:23】
订单号：20191204163550541011
通知地址：http://pay.1youbox.com/onlinepay/jiufubaov2/notify.do
通知报文：memberid=191209910&orderid=2019120416354802890&transaction_id=20191204163550541011&amount=100.0000&datetime=20191204163922&returncode=00&sign=F6EB481CDABE4B087021FB4204B19D26&attach=
HTTP状态：
返回：OK

【2019-12-04 17:14:13】
订单号：20191204170702545052
通知地址：http://awseb-e-q-awsebloa-p0jtqe3naeml-278855201.ap-northeast-1.elb.amazonaws.com/pay/notify/152/520
通知报文：memberid=191209912&orderid=1040722720191204170659805&transaction_id=20191204170702545052&amount=100.0000&datetime=20191204171411&returncode=00&sign=BA1E1EA76600C93EC5734D0CF9543352&attach=
HTTP状态：
返回：OK

【2019-12-04 17:18:32】
订单号：20191204171601494851
通知地址：https://pay.fh89zf.com/onlinePay/notify/p2jiufubaov2.do
通知报文：memberid=191194184&orderid=D2019120417160000624&transaction_id=20191204171601494851&amount=200.0000&datetime=20191204171831&returncode=00&sign=8615572988A40D4BAAB9E1603284A389&attach=
HTTP状态：
返回：OK

【2019-12-04 17:20:00】
订单号：20191204171821100101
通知地址：http://pay.1youbox.com/onlinepay/jiufubaov2/notify.do
通知报文：memberid=191209910&orderid=2019120417182103038&transaction_id=20191204171821100101&amount=500.0000&datetime=20191204172000&returncode=00&sign=4D358FC2E5DB38883EACCCD34730C6CF&attach=
HTTP状态：
返回：OK

【2019-12-04 17:20:25】
订单号：20191204171841491019
通知地址：http://pay1.dr5151.com/apis/pay_gateway/jiufujinzhifu/notice
通知报文：memberid=191209911&orderid=F201912041718404899&transaction_id=20191204171841491019&amount=400.0000&datetime=20191204172025&returncode=00&sign=39188ACB355704A654512D8CADBB9D7B&attach=
HTTP状态：
返回：OK

【2019-12-04 17:22:53】
订单号：20191204172115985455
通知地址：https://pay.fh89zf.com/onlinePay/notify/p2jiufubaov2.do
通知报文：memberid=191194184&orderid=D2019120417210900632&transaction_id=20191204172115985455&amount=500.0000&datetime=20191204172253&returncode=00&sign=EB4235C90D91625A32975DAC178D0029&attach=
HTTP状态：
返回：OK

【2019-12-04 17:34:50】
订单号：20191204173250505250
通知地址：http://pay.1youbox.com/onlinepay/jiufubaov2/notify.do
通知报文：memberid=191209910&orderid=2019120417324703080&transaction_id=20191204173250505250&amount=150.0000&datetime=20191204173450&returncode=00&sign=84E1337ED55A31816316A81AFAFF1A05&attach=
HTTP状态：
返回：OK

【2019-12-04 17:35:40】
订单号：20191204173259985599
通知地址：http://e019cdb2app.miapp88api.com/Api/Home/payCallBack/jiufubao
通知报文：memberid=191121442&orderid=12041732586983&transaction_id=20191204173259985599&amount=101.0000&datetime=20191204173538&returncode=00&sign=7F742714AD75FD024AE83644DE95C31D&attach=
HTTP状态：
返回：查询订单失败查询订单订单状态为未支付ok

【2019-12-04 17:49:24】
订单号：20191204174806541015
通知地址：http://pay.ffc585.com/JiuFuBaoZhiFuReturn/Index
通知报文：memberid=191205418&orderid=RK340591653800746235&transaction_id=20191204174806541015&amount=200.0000&datetime=20191204174924&returncode=00&sign=7610D4417E64913B31BF7BFC3A023090&attach=
HTTP状态：
返回：OK

【2019-12-04 17:59:19】
订单号：20191204175757539998
通知地址：http://pay.ffc585.com/JiuFuBaoZhiFuReturn/Index
通知报文：memberid=191205418&orderid=RK341192453800534886&transaction_id=20191204175757539998&amount=300.0000&datetime=20191204175918&returncode=00&sign=5F397E5D10D4B464AA9DE2F7F697FA37&attach=
HTTP状态：
返回：OK

【2019-12-04 18:01:36】
订单号：20191204175958101985
通知地址：http://e019cdb2app.miapp88api.com/Api/Home/payCallBack/jiufubao
通知报文：memberid=191121442&orderid=12041759577861&transaction_id=20191204175958101985&amount=200.0000&datetime=20191204180134&returncode=00&sign=3A5A651498FA12534FDB01065E60D4B5&attach=
HTTP状态：
返回：查询订单失败查询订单订单状态为未支付ok

【2019-12-04 18:07:37】
订单号：20191204180615551025
通知地址：https://pay.fh89zf.com/onlinePay/notify/p2jiufubaov2.do
通知报文：memberid=191194184&orderid=D2019120418061500679&transaction_id=20191204180615551025&amount=500.0000&datetime=20191204180736&returncode=00&sign=8C42B4EF098070AC521FCA170EB85B27&attach=
HTTP状态：
返回：OK

【2019-12-04 18:14:40】
订单号：20191204181150544956
通知地址：http://pay.1youbox.com/onlinepay/jiufubaov2/notify.do
通知报文：memberid=191209910&orderid=2019120418114903233&transaction_id=20191204181150544956&amount=500.0000&datetime=20191204181439&returncode=00&sign=ED59283A5980144FEDF6D9686241C10B&attach=
HTTP状态：
返回：OK

【2019-12-04 18:22:46】
订单号：20191204182044995198
通知地址：https://pay.fh89zf.com/onlinePay/notify/p2jiufubaov2.do
通知报文：memberid=191194184&orderid=D2019120418204100696&transaction_id=20191204182044995198&amount=150.0000&datetime=20191204182244&returncode=00&sign=D5677B9380B77AA775FF9A24D7173B26&attach=
HTTP状态：
返回：OK

【2019-12-04 18:27:13】
订单号：20191204182448485699
通知地址：http://pay.vip6081.com/onlinepay/jiufubaov2/notify.do
通知报文：memberid=191155102&orderid=2019120418244601936&transaction_id=20191204182448485699&amount=200.0000&datetime=20191204182713&returncode=00&sign=FFC92E3CCF9A5FEAC73C53B66823BE58&attach=
HTTP状态：
返回：OK

【2019-12-04 18:32:58】
订单号：20191204183045535010
通知地址：http://pay.vip6081.com/onlinepay/jiufubaov2/notify.do
通知报文：memberid=191155102&orderid=2019120418304101952&transaction_id=20191204183045535010&amount=300.0000&datetime=20191204183257&returncode=00&sign=C537EB74E3437E80223BE877CD3D8BE9&attach=
HTTP状态：
返回：OK

【2019-12-04 18:39:47】
订单号：20191204183540991004
通知地址：http://pay.ffc585.com/JiuFuBaoZhiFuReturn/Index
通知报文：memberid=191205418&orderid=RK340797780325466170&transaction_id=20191204183540991004&amount=200.0000&datetime=20191204183937&returncode=00&sign=9CCD05C96D4FDD5CA8D618029AF0468E&attach=
HTTP状态：
返回：

【2019-12-04 18:42:08】
订单号：20191204183540991004
通知地址：http://pay.ffc585.com/JiuFuBaoZhiFuReturn/Index
通知报文：memberid=191205418&orderid=RK340797780325466170&transaction_id=20191204183540991004&amount=200.0000&datetime=20191204184208&returncode=00&sign=2BDEDCB54DEC0A47A6418ED07B2939F5&attach=
HTTP状态：
返回：OK

【2019-12-04 18:46:43】
订单号：20191204184254101989
通知地址：http://pay.1youbox.com/onlinepay/jiufubaov2/notify.do
通知报文：memberid=191209910&orderid=2019120418424803358&transaction_id=20191204184254101989&amount=100.1200&datetime=20191204184642&returncode=00&sign=B34D3232ED73386523809E63593C2A2A&attach=
HTTP状态：
返回：OK

【2019-12-04 18:46:46】
订单号：20191204184500999949
通知地址：https://pay.fh89zf.com/onlinePay/notify/p2jiufubaov2.do
通知报文：memberid=191194184&orderid=D2019120418444800719&transaction_id=20191204184500999949&amount=800.0000&datetime=20191204184645&returncode=00&sign=E86514324EC8E832865A07DEE8817D10&attach=
HTTP状态：
返回：OK

【2019-12-04 18:50:58】
订单号：20191204184858975155
通知地址：http://pay.1youbox.com/onlinepay/jiufubaov2/notify.do
通知报文：memberid=191209910&orderid=2019120418485603384&transaction_id=20191204184858975155&amount=100.0000&datetime=20191204185057&returncode=00&sign=8D90B6CC82470A702963D67F05C12DA6&attach=
HTTP状态：
返回：OK

【2019-12-04 18:51:02】
订单号：20191204184836521009
通知地址：https://pay.fh89zf.com/onlinePay/notify/p2jiufubaov2.do
通知报文：memberid=191194184&orderid=D2019120418481700721&transaction_id=20191204184836521009&amount=100.0000&datetime=20191204185102&returncode=00&sign=BD4FE86AE482DA7DA21FC87C4BAB25E6&attach=
HTTP状态：
返回：OK

【2019-12-04 18:59:20】
订单号：20191204185618505753
通知地址：https://pay.fh89zf.com/onlinePay/notify/p2jiufubaov2.do
通知报文：memberid=191194184&orderid=D2019120418561500727&transaction_id=20191204185618505753&amount=100.0000&datetime=20191204185919&returncode=00&sign=92DF40192ED549A4E39BBA310EECBEFC&attach=
HTTP状态：
返回：OK

【2019-12-04 19:03:14】
订单号：20191204190123514810
通知地址：https://www.wanjia365.cn/Public.server.do
通知报文：memberid=191095866&orderid=H1912041901180286&transaction_id=20191204190123514810&amount=5100.0000&datetime=20191204190313&returncode=00&sign=325F9EC7AC15AC60F840B8BF5F51A891&attach=500,https://wanjia365.cn/Account.jhrecharge.do
HTTP状态：
返回：OK

【2019-12-04 19:13:14】
订单号：20191204191133535299
通知地址：http://pay.vip6081.com/onlinepay/jiufubaov2/notify.do
通知报文：memberid=191155102&orderid=2019120419113002031&transaction_id=20191204191133535299&amount=300.0000&datetime=20191204191314&returncode=00&sign=A21E9A24049BE6405576F2D49A7CB785&attach=
HTTP状态：
返回：OK

【2019-12-04 19:16:06】
订单号：20191204191342549798
通知地址：http://pay.1youbox.com/onlinepay/jiufubaov2/notify.do
通知报文：memberid=191209910&orderid=2019120419134103481&transaction_id=20191204191342549798&amount=1000.0000&datetime=20191204191606&returncode=00&sign=5EDE74A54B1793947D1299BB9B0B6A1B&attach=
HTTP状态：
返回：OK

【2019-12-04 19:23:19】
订单号：20191204192036529799
通知地址：https://pay.fh89zf.com/onlinePay/notify/p2jiufubaov2.do
通知报文：memberid=191194184&orderid=D2019120419203100760&transaction_id=20191204192036529799&amount=300.0000&datetime=20191204192318&returncode=00&sign=9DD783D45187C51FAA870CE0C3C67B0B&attach=
HTTP状态：
返回：OK

【2019-12-04 19:23:31】
订单号：20191204192206101495
通知地址：https://pay.fh89zf.com/onlinePay/notify/p2jiufubaov2.do
通知报文：memberid=191194184&orderid=D2019120419220300762&transaction_id=20191204192206101495&amount=108.0000&datetime=20191204192331&returncode=00&sign=2D63E0300ACEF5942E937135B3E146A9&attach=
HTTP状态：
返回：OK

【2019-12-04 19:24:00】
订单号：20191204192252991019
通知地址：http://pay.1youbox.com/onlinepay/jiufubaov2/notify.do
通知报文：memberid=191209910&orderid=2019120419225103524&transaction_id=20191204192252991019&amount=100.0000&datetime=20191204192400&returncode=00&sign=89DEE5F639F5CF5ACA8E055A58112CAE&attach=
HTTP状态：
返回：OK

【2019-12-04 19:35:20】
订单号：20191204192323989910
通知地址：http://e019cdb2app.miapp88api.com/Api/Home/payCallBack/jiufubao
通知报文：memberid=191121442&orderid=12041923223504&transaction_id=20191204192323989910&amount=100.0000&datetime=20191204193518&returncode=00&sign=F4E3A03ECD79B34411B9F2FFF76933B8&attach=
HTTP状态：
返回：查询订单失败查询订单订单状态为未支付ok

【2019-12-04 19:36:57】
订单号：20191204193458505048
通知地址：https://e019cdb2webapi.miapp66dom.com/Api/Home/payCallBack/jiufubao
通知报文：memberid=191121442&orderid=12041934567105&transaction_id=20191204193458505048&amount=200.0000&datetime=20191204193655&returncode=00&sign=73BF54C7D64278684EC2A308B769BA77&attach=
HTTP状态：
返回：查询订单失败查询订单订单状态为未支付ok

【2019-12-04 19:36:59】
订单号：20191204193543102975
通知地址：http://pay.1youbox.com/onlinepay/jiufubaov2/notify.do
通知报文：memberid=191209910&orderid=2019120419354203580&transaction_id=20191204193543102975&amount=200.0000&datetime=20191204193659&returncode=00&sign=7941F1A91E4A76AE5EDCDAA68D60770F&attach=
HTTP状态：
返回：OK

【2019-12-04 19:39:47】
订单号：20191204193745575149
通知地址：http://pay1.dr5151.com/apis/pay_gateway/jiufujinzhifu/notice
通知报文：memberid=191209911&orderid=F201912041937407461&transaction_id=20191204193745575149&amount=500.0000&datetime=20191204193946&returncode=00&sign=4CFA64CDBC8041A0F8CE8371B968B105&attach=
HTTP状态：
返回：OK

【2019-12-04 19:43:20】
订单号：20191204194033491015
通知地址：http://pay.1youbox.com/onlinepay/jiufubaov2/notify.do
通知报文：memberid=191209910&orderid=2019120419402303603&transaction_id=20191204194033491015&amount=100.0000&datetime=20191204194319&returncode=00&sign=7DE49BCC6E3026FB0C6466AAED4FA86A&attach=
HTTP状态：
返回：OK

【2019-12-04 19:46:20】
订单号：20191204194332525610
通知地址：http://pay.1youbox.com/onlinepay/jiufubaov2/notify.do
通知报文：memberid=191209910&orderid=2019120419433003622&transaction_id=20191204194332525610&amount=100.0000&datetime=20191204194619&returncode=00&sign=03BB05088730D1C57A33141B31C46799&attach=
HTTP状态：
返回：OK

【2019-12-04 19:46:26】
订单号：20191204194204994949
通知地址：http://pay1.dr5151.com/apis/pay_gateway/jiufujinzhifu/notice
通知报文：memberid=191209911&orderid=F201912041941486560&transaction_id=20191204194204994949&amount=100.0000&datetime=20191204194626&returncode=00&sign=0FFD6C9BC8051567D8124891C1EF9647&attach=
HTTP状态：
返回：OK

【2019-12-04 19:48:18】
订单号：20191204194654101515
通知地址：http://pay.1youbox.com/onlinepay/jiufubaov2/notify.do
通知报文：memberid=191209910&orderid=2019120419465103637&transaction_id=20191204194654101515&amount=100.0000&datetime=20191204194817&returncode=00&sign=E923AD51C46CC99C7C6ABA7D8A42AC83&attach=
HTTP状态：
返回：OK

【2019-12-04 19:52:00】
订单号：20191204194302545654
通知地址：http://pay.1youbox.com/onlinepay/jiufubaov2/notify.do
通知报文：memberid=191209910&orderid=2019120419425703616&transaction_id=20191204194302545654&amount=200.0000&datetime=20191204195159&returncode=00&sign=CA66EB3C0E78F89DF648A88C44C58139&attach=
HTTP状态：
返回：OK

【2019-12-04 19:55:15】
订单号：20191204195327555710
通知地址：http://pay.1youbox.com/onlinepay/jiufubaov2/notify.do
通知报文：memberid=191209910&orderid=2019120419532503666&transaction_id=20191204195327555710&amount=200.0000&datetime=20191204195515&returncode=00&sign=753C62D8DFEC84FD02DE5A0230683064&attach=
HTTP状态：
返回：OK

【2019-12-04 19:57:57】
订单号：20191204195632485799
通知地址：http://e019cdb2app.miapp88api.com/Api/Home/payCallBack/jiufubao
通知报文：memberid=191121442&orderid=12041956327889&transaction_id=20191204195632485799&amount=200.0000&datetime=20191204195755&returncode=00&sign=29941EC3CF9FF571C962D2D42EAC2DE1&attach=
HTTP状态：
返回：查询订单失败查询订单订单状态为未支付ok

【2019-12-04 20:03:48】
订单号：20191204200153494897
通知地址：http://pay1.dr5151.com/apis/pay_gateway/jiufujinzhifu/notice
通知报文：memberid=191209911&orderid=F201912042001501913&transaction_id=20191204200153494897&amount=100.0000&datetime=20191204200347&returncode=00&sign=1A33DDF3B4D5D449D51A8A2C312615C2&attach=
HTTP状态：
返回：OK

【2019-12-04 20:04:57】
订单号：20191204200226509710
通知地址：http://pay.1youbox.com/onlinepay/jiufubaov2/notify.do
通知报文：memberid=191209910&orderid=2019120420022403705&transaction_id=20191204200226509710&amount=200.0000&datetime=20191204200457&returncode=00&sign=9114EFCF0C585FF7244C6DEB9A57D9EF&attach=
HTTP状态：
返回：OK

【2019-12-04 20:06:13】
订单号：20191204200417499710
通知地址：http://pay.1youbox.com/onlinepay/jiufubaov2/notify.do
通知报文：memberid=191209910&orderid=2019120420041403716&transaction_id=20191204200417499710&amount=500.0000&datetime=20191204200612&returncode=00&sign=40B11B296988DA6CCD0BBBCC9F1545C6&attach=
HTTP状态：
返回：OK

【2019-12-04 20:14:23】
订单号：20191204201316995051
通知地址：http://pay1.dr5151.com/apis/pay_gateway/jiufujinzhifu/notice
通知报文：memberid=191209911&orderid=F201912042013128738&transaction_id=20191204201316995051&amount=100.0000&datetime=20191204201423&returncode=00&sign=7B25025B0ABD23E6AF0CEE0B6982DB4F&attach=
HTTP状态：
返回：OK

【2019-12-04 20:14:28】
订单号：20191204201219515052
通知地址：https://pay.fh89zf.com/onlinePay/notify/p2jiufubaov2.do
通知报文：memberid=191194184&orderid=D2019120420121100820&transaction_id=20191204201219515052&amount=1500.0000&datetime=20191204201428&returncode=00&sign=7CFC065DC14C24D936705BAE6CA372D0&attach=
HTTP状态：
返回：OK

【2019-12-04 20:16:01】
订单号：20191204201315985548
通知地址：http://pay.1youbox.com/onlinepay/jiufubaov2/notify.do
通知报文：memberid=191209910&orderid=2019120420131303771&transaction_id=20191204201315985548&amount=500.0000&datetime=20191204201601&returncode=00&sign=8E4107DAB0AA42110E53739C93FCCD17&attach=
HTTP状态：
返回：OK

【2019-12-04 20:16:04】
订单号：20191204201230101494
通知地址：http://pay.1youbox.com/onlinepay/jiufubaov2/notify.do
通知报文：memberid=191209910&orderid=2019120420122503764&transaction_id=20191204201230101494&amount=500.0000&datetime=20191204201604&returncode=00&sign=6982FF40F3DE67D34AE60A15E05A560F&attach=
HTTP状态：
返回：OK

【2019-12-04 20:22:22】
订单号：20191204202004525252
通知地址：http://pay.1youbox.com/onlinepay/jiufubaov2/notify.do
通知报文：memberid=191209910&orderid=2019120420200203802&transaction_id=20191204202004525252&amount=101.0000&datetime=20191204202221&returncode=00&sign=0B5530550A7490F3C671A9E722D832D0&attach=
HTTP状态：
返回：OK

【2019-12-04 20:22:50】
订单号：20191204202110544857
通知地址：http://e019cdb2app.miapp88api.com/Api/Home/payCallBack/jiufubao
通知报文：memberid=191121442&orderid=12042021089759&transaction_id=20191204202110544857&amount=100.0000&datetime=20191204202248&returncode=00&sign=171C5743826292EF2156A44CA7406028&attach=
HTTP状态：
返回：查询订单失败查询订单订单状态为未支付ok

【2019-12-04 20:32:16】
订单号：20191204203055102101
通知地址：https://pay.fh89zf.com/onlinePay/notify/p2jiufubaov2.do
通知报文：memberid=191194184&orderid=D2019120420304900837&transaction_id=20191204203055102101&amount=150.0000&datetime=20191204203215&returncode=00&sign=6F05A3B32176220B9418B18A44DBC943&attach=
HTTP状态：
返回：OK

【2019-12-04 20:33:32】
订单号：20191204203014541005
通知地址：http://pay1.dr5151.com/apis/pay_gateway/jiufujinzhifu/notice
通知报文：memberid=191209911&orderid=F201912042030114331&transaction_id=20191204203014541005&amount=200.0000&datetime=20191204203330&returncode=00&sign=F30C08EC1BC64820D479D9BC4917A2E5&attach=
HTTP状态：
返回：OK

【2019-12-04 20:39:40】
订单号：20191204203836991015
通知地址：http://e019cdb2app.miapp88api.com/Api/Home/payCallBack/jiufubao
通知报文：memberid=191121442&orderid=12042038352566&transaction_id=20191204203836991015&amount=500.0000&datetime=20191204203938&returncode=00&sign=6EA09639024D13E4DB280AC509CAA249&attach=
HTTP状态：
返回：查询订单失败查询订单订单状态为未支付ok

【2019-12-04 20:40:14】
订单号：20191204203818979797
通知地址：http://pay1.dr5151.com/apis/pay_gateway/jiufujinzhifu/notice
通知报文：memberid=191209911&orderid=F201912042038154475&transaction_id=20191204203818979797&amount=100.0000&datetime=20191204204013&returncode=00&sign=1FAA3F6A9EFA513964FD4BD3039C6934&attach=
HTTP状态：
返回：OK

【2019-12-04 20:46:12】
订单号：20191204204345495355
通知地址：http://pay.1youbox.com/onlinepay/jiufubaov2/notify.do
通知报文：memberid=191209910&orderid=2019120420433803925&transaction_id=20191204204345495355&amount=500.0000&datetime=20191204204612&returncode=00&sign=8C1909A3E0C27FE390B2DC64F765E3B0&attach=
HTTP状态：
返回：OK

【2019-12-04 20:49:31】
订单号：20191204204730504850
通知地址：http://pay1.dr5151.com/apis/pay_gateway/jiufujinzhifu/notice
通知报文：memberid=191209911&orderid=F201912042047287290&transaction_id=20191204204730504850&amount=300.0000&datetime=20191204204931&returncode=00&sign=F10A0333C221AC48F024A2467182F51D&attach=
HTTP状态：
返回：OK

【2019-12-04 20:52:12】
订单号：20191204204917100505
通知地址：https://pay.fh89zf.com/onlinePay/notify/p2jiufubaov2.do
通知报文：memberid=191194184&orderid=D2019120420491300860&transaction_id=20191204204917100505&amount=100.0000&datetime=20191204205212&returncode=00&sign=214255E4566EA301066AC973F2F7C9BD&attach=
HTTP状态：
返回：OK

【2019-12-04 20:53:27】
订单号：20191204205142101565
通知地址：http://pay.1youbox.com/onlinepay/jiufubaov2/notify.do
通知报文：memberid=191209910&orderid=2019120420514003987&transaction_id=20191204205142101565&amount=101.0000&datetime=20191204205327&returncode=00&sign=7546BDF5473560F3BC7E81838995B5B5&attach=
HTTP状态：
返回：OK

【2019-12-04 21:04:11】
订单号：20191204205652525510
通知地址：http://pay1.dr5151.com/apis/pay_gateway/jiufujinzhifu/notice
通知报文：memberid=191209911&orderid=F201912042056486261&transaction_id=20191204205652525510&amount=100.0000&datetime=20191204210411&returncode=00&sign=DD1DAA62FBE4D3154220655E0373A52A&attach=
HTTP状态：
返回：OK

【2019-12-04 21:12:14】
订单号：20191204211020995749
通知地址：http://pay.1youbox.com/onlinepay/jiufubaov2/notify.do
通知报文：memberid=191209910&orderid=2019120421101404090&transaction_id=20191204211020995749&amount=200.0000&datetime=20191204211214&returncode=00&sign=3354CF368657374884237C9230540FAF&attach=
HTTP状态：
返回：OK

【2019-12-04 21:12:22】
订单号：20191204210723985353
通知地址：http://awseb-e-q-awsebloa-p0jtqe3naeml-278855201.ap-northeast-1.elb.amazonaws.com/pay/notify/152/520
通知报文：memberid=191209912&orderid=1039819920191204210647135&transaction_id=20191204210723985353&amount=500.0000&datetime=20191204211222&returncode=00&sign=A927C2D7393247D9752CE56AC1604269&attach=
HTTP状态：
返回：OK

【2019-12-04 21:20:46】
订单号：20191204211556991009
通知地址：http://pay1.dr5151.com/apis/pay_gateway/jiufujinzhifu/notice
通知报文：memberid=191209911&orderid=F201912042115551979&transaction_id=20191204211556991009&amount=300.0000&datetime=20191204212046&returncode=00&sign=4087C8782AEA0464F2332279526F72DC&attach=
HTTP状态：
返回：OK

【2019-12-04 21:20:51】
订单号：20191204211842509752
通知地址：http://pay1.dr5151.com/apis/pay_gateway/jiufujinzhifu/notice
通知报文：memberid=191209911&orderid=F201912042118358954&transaction_id=20191204211842509752&amount=100.0000&datetime=20191204212051&returncode=00&sign=B522114610FD044247C251ADC9A9E5BA&attach=
HTTP状态：
返回：OK

【2019-12-04 21:28:23】
订单号：20191204212457571011
通知地址：http://pay.1youbox.com/onlinepay/jiufubaov2/notify.do
通知报文：memberid=191209910&orderid=2019120421245404172&transaction_id=20191204212457571011&amount=100.0000&datetime=20191204212823&returncode=00&sign=B463277732D32155C442079F3CC9FD30&attach=
HTTP状态：
返回：OK

【2019-12-04 21:28:27】
订单号：20191204212125531015
通知地址：http://pay1.dr5151.com/apis/pay_gateway/jiufujinzhifu/notice
通知报文：memberid=191209911&orderid=F201912042121205414&transaction_id=20191204212125531015&amount=100.0000&datetime=20191204212826&returncode=00&sign=561824EC873E88F21B29E727BA0CA1F7&attach=
HTTP状态：
返回：OK

【2019-12-04 21:28:30】
订单号：20191204212314504910
通知地址：http://pay1.dr5151.com/apis/pay_gateway/jiufujinzhifu/notice
通知报文：memberid=191209911&orderid=F201912042123115935&transaction_id=20191204212314504910&amount=500.0000&datetime=20191204212830&returncode=00&sign=6B137D1E25A592DB1239DC4DCA06235C&attach=
HTTP状态：
返回：OK

【2019-12-04 21:28:35】
订单号：20191204212411985753
通知地址：https://e019cdb2webapi.miapp66dom.com/Api/Home/payCallBack/jiufubao
通知报文：memberid=191121442&orderid=12042124102729&transaction_id=20191204212411985753&amount=200.0000&datetime=20191204212833&returncode=00&sign=A3F7B2B7ECC53D2F6AD2ADB0226388DB&attach=
HTTP状态：
返回：查询订单失败查询订单订单状态为未支付ok

【2019-12-04 21:34:01】
订单号：20191204213001575099
通知地址：http://awseb-e-q-awsebloa-p0jtqe3naeml-278855201.ap-northeast-1.elb.amazonaws.com/pay/notify/152/520
通知报文：memberid=191209912&orderid=1040142920191204212954693&transaction_id=20191204213001575099&amount=100.0000&datetime=20191204213401&returncode=00&sign=3BE5E5D85E3F5D87B44B0586F894CF73&attach=
HTTP状态：
返回：OK

【2019-12-04 21:43:00】
订单号：20191204214152489955
通知地址：http://e019cdb2app.miapp88api.com/Api/Home/payCallBack/jiufubao
通知报文：memberid=191121442&orderid=12042141526794&transaction_id=20191204214152489955&amount=100.0000&datetime=20191204214258&returncode=00&sign=954ED7CED5509E75F9E48D016511FCD0&attach=
HTTP状态：
返回：查询订单失败查询订单订单状态为未支付ok

【2019-12-04 21:44:50】
订单号：20191204214223102495
通知地址：http://pay.1youbox.com/onlinepay/jiufubaov2/notify.do
通知报文：memberid=191209910&orderid=2019120421422204238&transaction_id=20191204214223102495&amount=120.0000&datetime=20191204214449&returncode=00&sign=4B95DAC16BEDB751D4CC9CE2532D93C5&attach=
HTTP状态：
返回：OK

【2019-12-04 21:45:24】
订单号：20191204214339989757
通知地址：http://awseb-e-q-awsebloa-p0jtqe3naeml-278855201.ap-northeast-1.elb.amazonaws.com/pay/notify/152/521
通知报文：memberid=191209912&orderid=1038731920191204214240020&transaction_id=20191204214339989757&amount=1000.0000&datetime=20191204214524&returncode=00&sign=2369D9AD42FAAE4CDEDF058B78511B15&attach=
HTTP状态：
返回：OK

【2019-12-04 21:51:03】
订单号：20191204214624485248
通知地址：http://pay.1youbox.com/onlinepay/jiufubaov2/notify.do
通知报文：memberid=191209910&orderid=2019120421462204262&transaction_id=20191204214624485248&amount=200.0000&datetime=20191204215103&returncode=00&sign=33E507285B8B690E7E37B55C35DDF568&attach=
HTTP状态：
返回：OK

【2019-12-04 21:56:18】
订单号：20191204215233499953
通知地址：http://e019cdb2app.miapp88api.com/Api/Home/payCallBack/jiufubao
通知报文：memberid=191121442&orderid=12042152339729&transaction_id=20191204215233499953&amount=101.0000&datetime=20191204215616&returncode=00&sign=FE89E51ACED38DBB71D819B1D1E4889B&attach=
HTTP状态：
返回：查询订单失败查询订单订单状态为未支付ok

【2019-12-04 21:57:25】
订单号：20191204215624565199
通知地址：http://pay1.dr5151.com/apis/pay_gateway/jiufujinzhifu/notice
通知报文：memberid=191209911&orderid=F201912042156168430&transaction_id=20191204215624565199&amount=100.0000&datetime=20191204215725&returncode=00&sign=4FC6281D31CBA47D1A38E359E530549A&attach=
HTTP状态：
返回：OK

【2019-12-04 22:02:49】
订单号：20191204215646101495
通知地址：http://e019cdb2app.miapp88api.com/Api/Home/payCallBack/jiufubao
通知报文：memberid=191121442&orderid=12042156458850&transaction_id=20191204215646101495&amount=100.0000&datetime=20191204220247&returncode=00&sign=6A47BBEEA4D58157FA08E40317BE14C5&attach=
HTTP状态：
返回：查询订单失败查询订单订单状态为未支付ok

【2019-12-04 22:02:59】
订单号：20191204220056561004
通知地址：http://pay.ffc585.com/JiuFuBaoZhiFuReturn/Index
通知报文：memberid=191205418&orderid=RK340654612223695923&transaction_id=20191204220056561004&amount=300.0000&datetime=20191204220258&returncode=00&sign=CEB3CC215E11C64C5FDAFFF7E35E5EA6&attach=
HTTP状态：
返回：OK

【2019-12-04 22:05:45】
订单号：20191204220249571015
通知地址：http://e019cdb2app.miapp88api.com/Api/Home/payCallBack/jiufubao
通知报文：memberid=191121442&orderid=12042202488313&transaction_id=20191204220249571015&amount=100.0000&datetime=20191204220543&returncode=00&sign=D6A397B1AFA2F6B0C5339AFD85182F90&attach=
HTTP状态：
返回：查询订单失败查询订单订单状态为未支付ok

【2019-12-04 22:09:25】
订单号：20191204220733534848
通知地址：http://pay.ffc585.com/JiuFuBaoZhiFuReturn/Index
通知报文：memberid=191205418&orderid=RK340487700799559966&transaction_id=20191204220733534848&amount=1000.0000&datetime=20191204220925&returncode=00&sign=58A567D63F4FFC49F522E9CEE17C0B9B&attach=
HTTP状态：
返回：OK

【2019-12-04 22:09:30】
订单号：20191204220334549953
通知地址：http://pay1.dr5151.com/apis/pay_gateway/jiufujinzhifu/notice
通知报文：memberid=191209911&orderid=F201912042203305803&transaction_id=20191204220334549953&amount=402.0000&datetime=20191204220930&returncode=00&sign=3B0097044D80FCD1A58B3C5C7D6E3786&attach=
HTTP状态：
返回：OK

【2019-12-04 22:10:34】
订单号：20191204213109100101
通知地址：http://pay1.dr5151.com/apis/pay_gateway/jiufujinzhifu/notice
通知报文：memberid=191209911&orderid=F201912042131044951&transaction_id=20191204213109100101&amount=100.0000&datetime=20191204221033&returncode=00&sign=73EC04EEAC71B43C4EEFEFFCEC8764F4&attach=
HTTP状态：
返回：已处理过过的订单

【2019-12-04 22:13:43】
订单号：20191204221146505649
通知地址：http://pay.1youbox.com/onlinepay/jiufubaov2/notify.do
通知报文：memberid=191209910&orderid=2019120422114304383&transaction_id=20191204221146505649&amount=250.0000&datetime=20191204221342&returncode=00&sign=B298A28F1643CA5EA12EDCD24CB311DD&attach=
HTTP状态：
返回：OK

【2019-12-04 22:18:03】
订单号：20191204221601494957
通知地址：http://pay.1youbox.com/onlinepay/jiufubaov2/notify.do
通知报文：memberid=191209910&orderid=2019120422155504405&transaction_id=20191204221601494957&amount=301.1200&datetime=20191204221802&returncode=00&sign=D10D925E598005C35006E836912AD06D&attach=
HTTP状态：
返回：OK

【2019-12-04 22:20:01】
订单号：20191204221821100975
通知地址：http://pay.vip6081.com/onlinepay/jiufubaov2/notify.do
通知报文：memberid=191155102&orderid=2019120422182002669&transaction_id=20191204221821100975&amount=200.0000&datetime=20191204222001&returncode=00&sign=3E301D8CDAB8499E88E6A4FB8E7CB9D2&attach=
HTTP状态：
返回：OK

【2019-12-04 22:22:36】
订单号：20191204222034505799
通知地址：http://pay.1youbox.com/onlinepay/jiufubaov2/notify.do
通知报文：memberid=191209910&orderid=2019120422203204422&transaction_id=20191204222034505799&amount=110.0000&datetime=20191204222235&returncode=00&sign=E3D6A20F80963A7FA77D5F30A91683BA&attach=
HTTP状态：
返回：OK

【2019-12-04 22:24:23】
订单号：20191204222120485356
通知地址：http://pay1.dr5151.com/apis/pay_gateway/jiufujinzhifu/notice
通知报文：memberid=191209911&orderid=F201912042221155725&transaction_id=20191204222120485356&amount=200.0000&datetime=20191204222423&returncode=00&sign=0AD98D0B5E37A33C189C690A39D103F6&attach=
HTTP状态：
返回：OK

【2019-12-04 22:36:08】
订单号：20191204223301100494
通知地址：http://pay.1youbox.com/onlinepay/jiufubaov2/notify.do
通知报文：memberid=191209910&orderid=2019120422325904470&transaction_id=20191204223301100494&amount=100.0000&datetime=20191204223607&returncode=00&sign=4F424D1B38DA65E7F90322998DCD666D&attach=
HTTP状态：
返回：OK

【2019-12-04 22:41:33】
订单号：20191204223500521025
通知地址：http://pay.vip6081.com/onlinepay/jiufubaov2/notify.do
通知报文：memberid=191155102&orderid=2019120422345702699&transaction_id=20191204223500521025&amount=500.0000&datetime=20191204224131&returncode=00&sign=A7DFAE0F540ADA236D702D9BE101DB51&attach=
HTTP状态：
返回：OK

【2019-12-04 22:43:35】
订单号：20191204224115985750
通知地址：https://pay.fh89zf.com/onlinePay/notify/p2jiufubaov2.do
通知报文：memberid=191194184&orderid=D2019120422411200992&transaction_id=20191204224115985750&amount=200.0000&datetime=20191204224334&returncode=00&sign=9DF73CA02ABA597F252E03E07844D516&attach=
HTTP状态：
返回：OK

【2019-12-04 22:45:11】
订单号：20191204224231555010
通知地址：http://pay.1youbox.com/onlinepay/jiufubaov2/notify.do
通知报文：memberid=191209910&orderid=2019120422422704503&transaction_id=20191204224231555010&amount=200.0000&datetime=20191204224511&returncode=00&sign=5D5FDF0171159F2B8706EFDBDD5550BA&attach=
HTTP状态：
返回：OK

【2019-12-04 23:01:33】
订单号：20191204225930505156
通知地址：http://pay.vip6081.com/onlinepay/jiufubaov2/notify.do
通知报文：memberid=191155102&orderid=2019120422592602725&transaction_id=20191204225930505156&amount=100.0100&datetime=20191204230132&returncode=00&sign=F4654BCA0EED4B3A77DFD8B6D1725495&attach=
HTTP状态：
返回：OK

【2019-12-04 23:13:39】
订单号：20191204231112489850
通知地址：http://pay.ffc585.com/JiuFuBaoZhiFuReturn/Index
通知报文：memberid=191205418&orderid=RK340340173801111111&transaction_id=20191204231112489850&amount=200.0000&datetime=20191204231338&returncode=00&sign=3620B37D4C2636D41D8F0B2AC241C02E&attach=
HTTP状态：
返回：OK

【2019-12-04 23:19:10】
订单号：20191204231639559949
通知地址：http://pay.vip6081.com/onlinepay/jiufubaov2/notify.do
通知报文：memberid=191155102&orderid=2019120423163402756&transaction_id=20191204231639559949&amount=1500.0000&datetime=20191204231910&returncode=00&sign=30329DA7976F36C37408CC8B87B4802F&attach=
HTTP状态：
返回：OK

【2019-12-04 23:26:07】
订单号：20191204232420529950
通知地址：https://pay.fh89zf.com/onlinePay/notify/p2jiufubaov2.do
通知报文：memberid=191194184&orderid=D2019120423240901018&transaction_id=20191204232420529950&amount=300.0000&datetime=20191204232607&returncode=00&sign=C5962E0BAFA0150F2D1E86595B1FEA54&attach=
HTTP状态：
返回：OK

【2019-12-04 23:30:59】
订单号：20191204232824569752
通知地址：https://e019cdb2webapi.miapp66dom.com/Api/Home/payCallBack/jiufubao
通知报文：memberid=191121442&orderid=12042328239329&transaction_id=20191204232824569752&amount=118.0000&datetime=20191204233057&returncode=00&sign=55C6C0C6F94CC05B6682AEEF13C51EAF&attach=
HTTP状态：
返回：查询订单失败查询订单订单状态为未支付ok

【2019-12-04 23:33:58】
订单号：20191204232755985410
通知地址：http://pay.ffc585.com/JiuFuBaoZhiFuReturn/Index
通知报文：memberid=191205418&orderid=RK340905207296075184&transaction_id=20191204232755985410&amount=5000.0000&datetime=20191204233358&returncode=00&sign=0DFCEF7E8F3FB4AF57DC410C4D51B632&attach=
HTTP状态：
返回：OK

【2019-12-04 23:37:33】
订单号：20191204233441491001
通知地址：http://pay1.dr5151.com/apis/pay_gateway/jiufujinzhifu/notice
通知报文：memberid=191209911&orderid=F201912042334336578&transaction_id=20191204233441491001&amount=200.0000&datetime=20191204233733&returncode=00&sign=A228A810122CC2121099216914A2CCF2&attach=
HTTP状态：
返回：OK

【2019-12-04 23:40:00】
订单号：20191204233741534851
通知地址：http://e019cdb2app.miapp88api.com/Api/Home/payCallBack/jiufubao
通知报文：memberid=191121442&orderid=12042337407826&transaction_id=20191204233741534851&amount=101.0000&datetime=20191204233957&returncode=00&sign=77907AF56ED9916AB4F939B974BC1185&attach=
HTTP状态：
返回：查询订单失败查询订单订单状态为未支付ok

【2019-12-04 23:47:39】
订单号：20191204234240485351
通知地址：http://pay.ffc585.com/JiuFuBaoZhiFuReturn/Index
通知报文：memberid=191205418&orderid=RK340919653809767282&transaction_id=20191204234240485351&amount=400.0000&datetime=20191204234737&returncode=00&sign=818EDC0B2948821BA1EF91AC0543F037&attach=
HTTP状态：
返回：OK

【2019-12-04 23:47:45】
订单号：20191204234336564899
通知地址：http://e019cdb2app.miapp88api.com/Api/Home/payCallBack/jiufubao
通知报文：memberid=191121442&orderid=12042343353617&transaction_id=20191204234336564899&amount=101.0000&datetime=20191204234742&returncode=00&sign=9629083B97EBB8B916370425C38F2390&attach=
HTTP状态：
返回：查询订单失败查询订单订单状态为未支付ok

【2019-12-04 23:53:58】
订单号：20191204235155985610
通知地址：http://pay.1youbox.com/onlinepay/jiufubaov2/notify.do
通知报文：memberid=191209910&orderid=2019120423515304695&transaction_id=20191204235155985610&amount=260.0000&datetime=20191204235357&returncode=00&sign=46B36C6AAE34CD924059520B6A662147&attach=
HTTP状态：
返回：OK

【2019-12-04 23:54:47】
订单号：20191204235344565053
通知地址：http://pay.1youbox.com/onlinepay/jiufubaov2/notify.do
通知报文：memberid=191209910&orderid=2019120423534004702&transaction_id=20191204235344565053&amount=100.0000&datetime=20191204235447&returncode=00&sign=7A219D7CF4B649EE267BEFA888322FCB&attach=
HTTP状态：
返回：OK

