【2019-12-03 00:11:26】
订单号：20191203000642501005
通知地址：http://e019cdb2app.miapp88api.com/Api/Home/payCallBack/jiufubao
通知报文：memberid=191121442&orderid=12030006416779&transaction_id=20191203000642501005&amount=500.0000&datetime=20191203001124&returncode=00&sign=C86CAF0789917C4D7A073F1315B8B05A&attach=
HTTP状态：
返回：查询订单失败查询订单订单状态为未支付ok

【2019-12-03 00:20:32】
订单号：20191203001847559857
通知地址：http://e019cdb2app.miapp88api.com/Api/Home/payCallBack/jiufubao
通知报文：memberid=191121442&orderid=12030018465487&transaction_id=20191203001847559857&amount=100.0000&datetime=20191203002029&returncode=00&sign=350AEFF62BC9EBF9EB492D324AA7E32B&attach=
HTTP状态：
返回：查询订单失败查询订单订单状态为未支付ok

【2019-12-03 00:21:34】
订单号：20191203001146505554
通知地址：http://pay.1youbox.com/onlinepay/jiufubaov2/notify.do
通知报文：memberid=191209910&orderid=2019120300114200036&transaction_id=20191203001146505554&amount=150.0000&datetime=20191203002131&returncode=00&sign=2D15F177AE98B3F282D7F62343E4EBE3&attach=
HTTP状态：
返回：OK

【2019-12-03 00:26:28】
订单号：20191203002055554997
通知地址：http://e019cdb2app.miapp88api.com/Api/Home/payCallBack/jiufubao
通知报文：memberid=191121442&orderid=12030020534750&transaction_id=20191203002055554997&amount=500.0000&datetime=20191203002626&returncode=00&sign=21D652746201A1C72DFAB6489852BC65&attach=
HTTP状态：
返回：查询订单失败查询订单订单状态为未支付ok

【2019-12-03 00:37:12】
订单号：20191203003514505610
通知地址：http://e019cdb2app.miapp88api.com/Api/Home/payCallBack/jiufubao
通知报文：memberid=191121442&orderid=12030035132028&transaction_id=20191203003514505610&amount=200.0000&datetime=20191203003709&returncode=00&sign=AEA5FFE357813A568305606B029A19AC&attach=
HTTP状态：
返回：查询订单失败查询订单订单状态为未支付ok

【2019-12-03 00:39:07】
订单号：20191203003649491005
通知地址：http://pay.1youbox.com/onlinepay/jiufubaov2/notify.do
通知报文：memberid=191209910&orderid=2019120300364800072&transaction_id=20191203003649491005&amount=100.0000&datetime=20191203003906&returncode=00&sign=56EA483984EC849FA2985CAF9508FB13&attach=
HTTP状态：
返回：OK

【2019-12-03 00:39:24】
订单号：20191203003803985650
通知地址：https://pay.fh89zf.com/onlinePay/notify/p2jiufubaov2.do
通知报文：memberid=191194184&orderid=D2019120300380000016&transaction_id=20191203003803985650&amount=500.0000&datetime=20191203003923&returncode=00&sign=F35C748FB35D11F32D13389535D54F7C&attach=
HTTP状态：
返回：OK

【2019-12-03 00:56:43】
订单号：20191203005508995448
通知地址：http://pay.vip6081.com/onlinepay/jiufubaov2/notify.do
通知报文：memberid=191155102&orderid=2019120300550600058&transaction_id=20191203005508995448&amount=400.0000&datetime=20191203005643&returncode=00&sign=4BA1364A9A7541F4573B3187FA883BCA&attach=
HTTP状态：
返回：OK

【2019-12-03 01:09:21】
订单号：20191203010723989710
通知地址：https://payback3.lebopay.net/jfbscpay/scallback.php
通知报文：memberid=191209913&orderid=2019120213072045827035&transaction_id=20191203010723989710&amount=100.0000&datetime=20191203010919&returncode=00&sign=B774217BD230DDA1E4EDA23375DF3655&attach=41536-0e399629567d23693f3dd06703112b8d
HTTP状态：
返回：OK

【2019-12-03 01:46:22】
订单号：20191203010158545499
通知地址：http://pay.1youbox.com/onlinepay/jiufubaov2/notify.do
通知报文：memberid=191209910&orderid=2019120301014900104&transaction_id=20191203010158545499&amount=100.0000&datetime=20191203014622&returncode=00&sign=BAE99A3C095C715215D05A52509BE314&attach=
HTTP状态：
返回：OK

【2019-12-03 02:06:52】
订单号：20191203015525100525
通知地址：http://pay.bmqp5pay1.com:5222/pay/api/callback/JIUFUBAOSZF/11
通知报文：memberid=191127554&orderid=20191203015516862but&transaction_id=20191203015525100525&amount=100.0000&datetime=20191203020651&returncode=00&sign=547C4DD887CF03C18F3B1AD91C7D2AB0&attach=
HTTP状态：
返回：OK

【2019-12-03 02:15:43】
订单号：20191203021407102515
通知地址：https://www.wanjia365.cn/Public.server.do
通知报文：memberid=191095866&orderid=Q1912030214043112&transaction_id=20191203021407102515&amount=5000.0000&datetime=20191203021543&returncode=00&sign=BA0B86A66975A5E5AB25CB59BBC40384&attach=500,https://wanjia365.cn/Account.jhrecharge.do
HTTP状态：
返回：OK

【2019-12-03 11:35:16】
订单号：20191203112912564957
通知地址：https://payback3.lebopay.net/jfbscpay/scallback.php
通知报文：memberid=191209913&orderid=2019120223290715789508&transaction_id=20191203112912564957&amount=100.0000&datetime=20191203113514&returncode=00&sign=F4828D0FDB30EF1A3A60F1E51AFF3F26&attach=41535-45ce854c34e60b17015d5c61d37c3272
HTTP状态：
返回：OK

【2019-12-03 11:40:36】
订单号：20191203113914505754
通知地址：http://pay.vip6081.com/onlinepay/jiufubaov2/notify.do
通知报文：memberid=191155102&orderid=2019120311391100629&transaction_id=20191203113914505754&amount=200.0000&datetime=20191203114036&returncode=00&sign=5EA2ACE74AC2DD472122255FB91E1E36&attach=
HTTP状态：
返回：OK

【2019-12-03 11:42:56】
订单号：20191203114115985499
通知地址：http://pay1.dr5151.com/apis/pay_gateway/jiufujinzhifu/notice
通知报文：memberid=191209911&orderid=F201912031141101825&transaction_id=20191203114115985499&amount=100.0000&datetime=20191203114255&returncode=00&sign=6996F5C6962A3AE6B932B126D91F5D06&attach=
HTTP状态：
返回：OK

【2019-12-03 11:45:03】
订单号：20191203114133100100
通知地址：http://pay1.dr5151.com/apis/pay_gateway/jiufujinzhifu/notice
通知报文：memberid=191209911&orderid=F201912031141319910&transaction_id=20191203114133100100&amount=200.0000&datetime=20191203114502&returncode=00&sign=624083E6F95E0E827E79BFF7DC9979BD&attach=
HTTP状态：
返回：OK

【2019-12-03 11:45:08】
订单号：20191203114352565653
通知地址：https://pay.fh89zf.com/onlinePay/notify/p2jiufubaov2.do
通知报文：memberid=191194184&orderid=D2019120311434700226&transaction_id=20191203114352565653&amount=300.0000&datetime=20191203114507&returncode=00&sign=34A23F1019D20B48BEDE5A9BB33D57E6&attach=
HTTP状态：
返回：OK

【2019-12-03 11:52:59】
订单号：20191203114944564956
通知地址：http://pay.1youbox.com/onlinepay/jiufubaov2/notify.do
通知报文：memberid=191209910&orderid=2019120311493701333&transaction_id=20191203114944564956&amount=250.0100&datetime=20191203115259&returncode=00&sign=095E6C3BB7FE3BA5769B3FE1D504CB04&attach=
HTTP状态：
返回：OK

【2019-12-03 11:54:29】
订单号：20191203115328565049
通知地址：http://pay.1youbox.com/onlinepay/jiufubaov2/notify.do
通知报文：memberid=191209910&orderid=2019120311532701354&transaction_id=20191203115328565049&amount=202.0000&datetime=20191203115429&returncode=00&sign=BAF02D6CD660561D0FDF4C47F4BFB575&attach=
HTTP状态：
返回：OK

【2019-12-03 12:04:44】
订单号：20191203120320564848
通知地址：https://payback3.lebopay.net/jfbscpay/scallback.php
通知报文：memberid=191209913&orderid=2019120300031409039508&transaction_id=20191203120320564848&amount=100.0000&datetime=20191203120442&returncode=00&sign=7929E6859F0079AC5C998B0E3DC10ADD&attach=41535-8334206dbff0a433325983380c8d65b4
HTTP状态：
返回：OK

【2019-12-03 12:05:58】
订单号：20191203115505574899
通知地址：https://www.wanjia365.cn/Public.server.do
通知报文：memberid=191095866&orderid=M1912031155035099&transaction_id=20191203115505574899&amount=509.0000&datetime=20191203120558&returncode=00&sign=3DC824DB614400EEBDD930F0FC86DA8C&attach=242,https://www.wanjia365.cn/Account.jhrecharge.do
HTTP状态：
返回：OK

【2019-12-03 12:10:40】
订单号：20191203120755981004
通知地址：http://pay.1youbox.com/onlinepay/jiufubaov2/notify.do
通知报文：memberid=191209910&orderid=2019120312075401404&transaction_id=20191203120755981004&amount=100.0000&datetime=20191203121039&returncode=00&sign=4CC89C98E332DA9284429D19A2448B75&attach=
HTTP状态：
返回：OK

【2019-12-03 12:10:54】
订单号：20191203120709100509
通知地址：http://pay.vip6081.com/onlinepay/jiufubaov2/notify.do
通知报文：memberid=191155102&orderid=2019120312070700665&transaction_id=20191203120709100509&amount=100.0000&datetime=20191203121054&returncode=00&sign=82265C2707EB0F3E6A8F852C6C4F6D3B&attach=
HTTP状态：
返回：OK

【2019-12-03 12:11:46】
订单号：20191203115619511004
通知地址：http://pay1.dr5151.com/apis/pay_gateway/jiufujinzhifu/notice
通知报文：memberid=191209911&orderid=F201912031156181785&transaction_id=20191203115619511004&amount=208.0000&datetime=20191203121145&returncode=00&sign=66037DF3C2ADDCFD437E4E91D00FB388&attach=
HTTP状态：
返回：OK

【2019-12-03 12:53:00】
订单号：20191203125120565257
通知地址：https://www.wanjia365.cn/Public.server.do
通知报文：memberid=191095866&orderid=G1912031251187334&transaction_id=20191203125120565257&amount=1000.0000&datetime=20191203125259&returncode=00&sign=C4F5C3A40EA4041AD46E7DC7D3511957&attach=512,https://wanjia365.cn/Account.jhrecharge.do
HTTP状态：
返回：OK

【2019-12-03 14:19:37】
订单号：20191203140808565153
通知地址：https://www.wanjia365.cn/Public.server.do
通知报文：memberid=191095866&orderid=Q1912031408068452&transaction_id=20191203140808565153&amount=1000.0000&datetime=20191203141936&returncode=00&sign=A5A5E6DA18B3F6F0BA87BB103A499232&attach=242,https://www.wanjia365.cn/Account.jhrecharge.do
HTTP状态：
返回：OK

【2019-12-03 14:19:53】
订单号：20191203140020529710
通知地址：https://www.wanjia365.cn/Public.server.do
通知报文：memberid=191095866&orderid=E1912031400174872&transaction_id=20191203140020529710&amount=1000.0000&datetime=20191203141952&returncode=00&sign=D0E1C62CEA41A402662752B54400E71A&attach=242,https://www.wanjia365.cn/Account.jhrecharge.do
HTTP状态：
返回：OK

【2019-12-03 14:20:10】
订单号：20191203141746974910
通知地址：https://www.wanjia365.cn/Public.server.do
通知报文：memberid=191095866&orderid=F1912031417447755&transaction_id=20191203141746974910&amount=1000.0000&datetime=20191203142009&returncode=00&sign=0D33F7179CA145C010C87D5F8908C81F&attach=242,https://www.wanjia365.cn/Account.jhrecharge.do
HTTP状态：
返回：OK

【2019-12-03 14:20:16】
订单号：20191203141508995057
通知地址：https://www.wanjia365.cn/Public.server.do
通知报文：memberid=191095866&orderid=O1912031415068352&transaction_id=20191203141508995057&amount=1000.0000&datetime=20191203142015&returncode=00&sign=C88395E7DE54618F55640BDD89699D45&attach=242,https://www.wanjia365.cn/Account.jhrecharge.do
HTTP状态：
返回：OK

【2019-12-03 14:21:16】
订单号：20191203131311555253
通知地址：https://www.wanjia365.cn/Public.server.do
通知报文：memberid=191095866&orderid=P1912031313099843&transaction_id=20191203131311555253&amount=518.0000&datetime=20191203142116&returncode=00&sign=D7BCBCBDE44C58B3564413AE2CB2A8BF&attach=242,https://www.wanjia365.cn/Account.jhrecharge.do
HTTP状态：
返回：OK

【2019-12-03 14:48:58】
订单号：20191203142007555255
通知地址：https://www.wanjia365.cn/Public.server.do
通知报文：memberid=191095866&orderid=V1912031420052493&transaction_id=20191203142007555255&amount=1000.0000&datetime=20191203144854&returncode=00&sign=1BF2A36E948AAFEDFF3E871C00EEADAE&attach=242,https://www.wanjia365.cn/Account.jhrecharge.do
HTTP状态：
返回：OK

【2019-12-03 14:51:56】
订单号：20191203124953495610
通知地址：https://www.wanjia365.cn/Public.server.do
通知报文：memberid=191095866&orderid=O1912031249520746&transaction_id=20191203124953495610&amount=507.0000&datetime=20191203145156&returncode=00&sign=87833FEFCE20336680E62D10A42AC348&attach=487,https://www.wanjia365.cn/Account.jhrecharge.do
HTTP状态：
返回：OK

【2019-12-03 15:00:31】
订单号：20191203145148521001
通知地址：https://www.wanjia365.cn/Public.server.do
通知报文：memberid=191095866&orderid=M1912031451462137&transaction_id=20191203145148521001&amount=1000.0000&datetime=20191203150031&returncode=00&sign=F5A80623D36AA126BD0AAA691DC531E1&attach=242,https://www.wanjia365.cn/Account.jhrecharge.do
HTTP状态：
返回：OK

【2019-12-03 15:13:16】
订单号：20191203145359555457
通知地址：https://www.wanjia365.cn/Public.server.do
通知报文：memberid=191095866&orderid=C1912031453573449&transaction_id=20191203145359555457&amount=1000.0000&datetime=20191203151315&returncode=00&sign=08A822191943AF2B89B8E050EB7E38B2&attach=242,https://www.wanjia365.cn/Account.jhrecharge.do
HTTP状态：
返回：OK

【2019-12-03 18:51:58】
订单号：20191203185033575199
通知地址：http://pay1.dr5151.com/apis/pay_gateway/jiufujinzhifu/notice
通知报文：memberid=191209911&orderid=F201912031850313239&transaction_id=20191203185033575199&amount=101.0000&datetime=20191203185157&returncode=00&sign=B763A2B9BEBE775F25BF4A1D7252C963&attach=
HTTP状态：
返回：OK

【2019-12-03 18:53:59】
订单号：20191203185131515110
通知地址：https://pay.fh89zf.com/onlinePay/notify/p2jiufubaov2.do
通知报文：memberid=191194184&orderid=D2019120318512400754&transaction_id=20191203185131515110&amount=700.0000&datetime=20191203185358&returncode=00&sign=0C4E61A2FCE2263AE877358ABECA212E&attach=
HTTP状态：
返回：OK

【2019-12-03 18:59:06】
订单号：20191203183830545654
通知地址：https://www.wanjia365.cn/Public.server.do
通知报文：memberid=191095866&orderid=D1912031838277592&transaction_id=20191203183830545654&amount=300.0000&datetime=20191203185906&returncode=00&sign=FEA2A084C7A907DFDAE3998FD45EB3A5&attach=487,https://www.wanjia365.cn/Account.jhrecharge.do
HTTP状态：
返回：OK

【2019-12-03 19:01:46】
订单号：20191203185713574810
通知地址：http://e019cdb2app.miapp88api.com/Api/Home/payCallBack/jiufubao
通知报文：memberid=191121442&orderid=12031857126458&transaction_id=20191203185713574810&amount=101.0000&datetime=20191203190145&returncode=00&sign=4DA46E55F123B0CBA7E9EA8B071EF1EB&attach=
HTTP状态：
返回：查询订单失败查询订单订单状态为未支付ok

【2019-12-03 19:03:51】
订单号：20191203190146979954
通知地址：http://pay.ffc585.com/JiuFuBaoZhiFuReturn/Index
通知报文：memberid=191205418&orderid=RK330540124176476207&transaction_id=20191203190146979954&amount=3000.0000&datetime=20191203190351&returncode=00&sign=97BC0949F3C0CD3E1F17D259171B5B1F&attach=
HTTP状态：
返回：OK

【2019-12-03 19:04:57】
订单号：20191203190038541015
通知地址：https://pay.fh89zf.com/onlinePay/notify/p2jiufubaov2.do
通知报文：memberid=191194184&orderid=D2019120319003400774&transaction_id=20191203190038541015&amount=301.0000&datetime=20191203190456&returncode=00&sign=668065DCDC41A8141DA5EF4D341A6317&attach=
HTTP状态：
返回：OK

【2019-12-03 19:11:26】
订单号：20191203191023102100
通知地址：http://pay.1youbox.com/onlinepay/jiufubaov2/notify.do
通知报文：memberid=191209910&orderid=2019120319102303273&transaction_id=20191203191023102100&amount=102.0000&datetime=20191203191125&returncode=00&sign=A37019BC62FE4C5A17176C23F28D0244&attach=
HTTP状态：
返回：OK

【2019-12-03 19:12:05】
订单号：20191203191018971015
通知地址：http://e019cdb2app.miapp88api.com/Api/Home/payCallBack/jiufubao
通知报文：memberid=191121442&orderid=12031910175639&transaction_id=20191203191018971015&amount=200.0000&datetime=20191203191203&returncode=00&sign=9999088F3710EF3E501B30F4EE4A4752&attach=
HTTP状态：
返回：查询订单失败查询订单订单状态为未支付ok

【2019-12-03 19:16:50】
订单号：20191203191532525310
通知地址：http://pay.ffc585.com/JiuFuBaoZhiFuReturn/Index
通知报文：memberid=191205418&orderid=RK330535039539045590&transaction_id=20191203191532525310&amount=300.0000&datetime=20191203191650&returncode=00&sign=B12CCCF2E160117C831A40DE57EB4B16&attach=
HTTP状态：
返回：OK

【2019-12-03 19:17:00】
订单号：20191203191512484852
通知地址：http://e019cdb2app.miapp88api.com/Api/Home/payCallBack/jiufubao
通知报文：memberid=191121442&orderid=12031915106756&transaction_id=20191203191512484852&amount=300.0000&datetime=20191203191658&returncode=00&sign=F1A7FC3BB598A817D9FFE1BE224BE330&attach=
HTTP状态：
返回：查询订单失败查询订单订单状态为未支付ok

【2019-12-03 19:24:31】
订单号：20191203192244525554
通知地址：http://e019cdb2app.miapp88api.com/Api/Home/payCallBack/jiufubao
通知报文：memberid=191121442&orderid=12031922438937&transaction_id=20191203192244525554&amount=300.0000&datetime=20191203192429&returncode=00&sign=691621FE2F465C1569E75EDD3A6A5914&attach=
HTTP状态：
返回：查询订单失败查询订单订单状态为未支付ok

【2019-12-03 19:24:32】
订单号：20191203192244525554
通知地址：http://e019cdb2app.miapp88api.com/Api/Home/payCallBack/jiufubao
通知报文：memberid=191121442&orderid=12031922438937&transaction_id=20191203192244525554&amount=300.0000&datetime=20191203192430&returncode=00&sign=48591C1CCC55C330FF40D1811A1B10E9&attach=
HTTP状态：
返回：查询订单失败查询订单订单状态为未支付error1

【2019-12-03 19:24:47】
订单号：20191203192321575651
通知地址：http://pay.1youbox.com/onlinepay/jiufubaov2/notify.do
通知报文：memberid=191209910&orderid=2019120319231803370&transaction_id=20191203192321575651&amount=100.0000&datetime=20191203192445&returncode=00&sign=BDE51F172E48B93CDD7113E0C072B0EB&attach=
HTTP状态：
返回：OK

【2019-12-03 19:28:26】
订单号：20191203192547985653
通知地址：https://www.wanjia365.cn/Public.server.do
通知报文：memberid=191095866&orderid=N1912031925441260&transaction_id=20191203192547985653&amount=300.0000&datetime=20191203192825&returncode=00&sign=FFB3F928C47AE5E78D251E4B37B2F49F&attach=487,https://www.wanjia365.cn/Account.jhrecharge.do
HTTP状态：
返回：OK

【2019-12-03 19:29:33】
订单号：20191203192624485152
通知地址：http://pay.1youbox.com/onlinepay/jiufubaov2/notify.do
通知报文：memberid=191209910&orderid=2019120319262003400&transaction_id=20191203192624485152&amount=100.0000&datetime=20191203192932&returncode=00&sign=93FB671802D144DD21A91698E0D5FED2&attach=
HTTP状态：
返回：OK

【2019-12-03 19:30:16】
订单号：20191203190350544948
通知地址：http://pay.1youbox.com/onlinepay/jiufubaov2/notify.do
通知报文：memberid=191209910&orderid=2019120319034903233&transaction_id=20191203190350544948&amount=100.0000&datetime=20191203193015&returncode=00&sign=704BF88014A2A787296ED8E7FC283FCE&attach=
HTTP状态：
返回：OK

【2019-12-03 19:33:45】
订单号：20191203193205535099
通知地址：http://pay.1youbox.com/onlinepay/jiufubaov2/notify.do
通知报文：memberid=191209910&orderid=2019120319320103438&transaction_id=20191203193205535099&amount=400.0000&datetime=20191203193345&returncode=00&sign=CAE2833C43899A1595D7C6E1069F5004&attach=
HTTP状态：
返回：OK

【2019-12-03 19:33:53】
订单号：20191203193121575751
通知地址：http://pay.1youbox.com/onlinepay/jiufubaov2/notify.do
通知报文：memberid=191209910&orderid=2019120319311503434&transaction_id=20191203193121575751&amount=201.0000&datetime=20191203193353&returncode=00&sign=AF208B457BDCFCC1F43B24DF986B9539&attach=
HTTP状态：
返回：OK

【2019-12-03 19:34:07】
订单号：20191203193041499948
通知地址：http://pay.1youbox.com/onlinepay/jiufubaov2/notify.do
通知报文：memberid=191209910&orderid=2019120319303803427&transaction_id=20191203193041499948&amount=200.0000&datetime=20191203193406&returncode=00&sign=4A08B3F50CDCE1F556CF669E5BD315C5&attach=
HTTP状态：
返回：OK

【2019-12-03 19:38:55】
订单号：20191203193736485056
通知地址：http://pay.1youbox.com/onlinepay/jiufubaov2/notify.do
通知报文：memberid=191209910&orderid=2019120319373403477&transaction_id=20191203193736485056&amount=210.0000&datetime=20191203193855&returncode=00&sign=BFE3AA540658802E8721C000CD92049A&attach=
HTTP状态：
返回：

【2019-12-03 19:38:55】
订单号：20191203193736485056
通知地址：http://pay.1youbox.com/onlinepay/jiufubaov2/notify.do
通知报文：memberid=191209910&orderid=2019120319373403477&transaction_id=20191203193736485056&amount=210.0000&datetime=20191203193855&returncode=00&sign=BFE3AA540658802E8721C000CD92049A&attach=
HTTP状态：
返回：OK

【2019-12-03 19:39:00】
订单号：20191203193731985497
通知地址：http://pay.1youbox.com/onlinepay/jiufubaov2/notify.do
通知报文：memberid=191209910&orderid=2019120319372403475&transaction_id=20191203193731985497&amount=100.0000&datetime=20191203193859&returncode=00&sign=8942E8B4931485CB4A93EF40731E925F&attach=
HTTP状态：
返回：OK

【2019-12-03 19:39:28】
订单号：20191203193751102565
通知地址：http://pay.1youbox.com/onlinepay/jiufubaov2/notify.do
通知报文：memberid=191209910&orderid=2019120319374903480&transaction_id=20191203193751102565&amount=500.0000&datetime=20191203193928&returncode=00&sign=180BD56FC01BFA8F6D90C09C4A98EF6F&attach=
HTTP状态：
返回：OK

【2019-12-03 19:42:04】
订单号：20191203193910101505
通知地址：http://pay.1youbox.com/onlinepay/jiufubaov2/notify.do
通知报文：memberid=191209910&orderid=2019120319390203491&transaction_id=20191203193910101505&amount=150.0000&datetime=20191203194204&returncode=00&sign=7A7E8FA833B6A805328F393046FE71B3&attach=
HTTP状态：
返回：OK

【2019-12-03 19:45:28】
订单号：20191203194420521015
通知地址：https://pay.fh89zf.com/onlinePay/notify/p2jiufubaov2.do
通知报文：memberid=191194184&orderid=D2019120319441400882&transaction_id=20191203194420521015&amount=100.0000&datetime=20191203194527&returncode=00&sign=EBF80762498C7207924C11ED72A537D9&attach=
HTTP状态：
返回：OK

【2019-12-03 19:47:56】
订单号：20191203194606101569
通知地址：http://pay.1youbox.com/onlinepay/jiufubaov2/notify.do
通知报文：memberid=191209910&orderid=2019120319460303533&transaction_id=20191203194606101569&amount=100.0000&datetime=20191203194756&returncode=00&sign=F7EF3EE2D2FEFD5461638F8289687840&attach=
HTTP状态：
返回：OK

【2019-12-03 19:48:05】
订单号：20191203194554505710
通知地址：http://e019cdb2app.miapp88api.com/Api/Home/payCallBack/jiufubao
通知报文：memberid=191121442&orderid=12031945531934&transaction_id=20191203194554505710&amount=300.0000&datetime=20191203194803&returncode=00&sign=DFEA65FCF64835F1057901EADA2E69B1&attach=
HTTP状态：
返回：查询订单失败查询订单订单状态为未支付ok

【2019-12-03 19:51:24】
订单号：20191203195006101525
通知地址：http://e019cdb2app.miapp88api.com/Api/Home/payCallBack/jiufubao
通知报文：memberid=191121442&orderid=12031950055375&transaction_id=20191203195006101525&amount=101.0000&datetime=20191203195122&returncode=00&sign=CEAF100E12BF3DCF93EB05CE4F77AE84&attach=
HTTP状态：
返回：查询订单失败查询订单订单状态为未支付ok

【2019-12-03 19:52:00】
订单号：20191203194958544857
通知地址：https://pay.fh89zf.com/onlinePay/notify/p2jiufubaov2.do
通知报文：memberid=191194184&orderid=D2019120319495300893&transaction_id=20191203194958544857&amount=100.0000&datetime=20191203195200&returncode=00&sign=45065FA44714ED1A115DE4731AE50CA1&attach=
HTTP状态：
返回：OK

【2019-12-03 19:52:01】
订单号：20191203194940525451
通知地址：http://pay.1youbox.com/onlinepay/jiufubaov2/notify.do
通知报文：memberid=191209910&orderid=2019120319493803550&transaction_id=20191203194940525451&amount=304.0000&datetime=20191203195201&returncode=00&sign=D4E57C6B5E068E5427B7B1E81AE61EC5&attach=
HTTP状态：
返回：OK

【2019-12-03 19:57:27】
订单号：20191203195405100509
通知地址：https://pay.fh89zf.com/onlinePay/notify/p2jiufubaov2.do
通知报文：memberid=191194184&orderid=D2019120319535000909&transaction_id=20191203195405100509&amount=100.0000&datetime=20191203195725&returncode=00&sign=474DFD82570079E3185F2E2BED3F4556&attach=
HTTP状态：
返回：OK

【2019-12-03 19:58:24】
订单号：20191203195533535498
通知地址：https://pay.fh89zf.com/onlinePay/notify/p2jiufubaov2.do
通知报文：memberid=191194184&orderid=D2019120319551700919&transaction_id=20191203195533535498&amount=100.0000&datetime=20191203195823&returncode=00&sign=6F3A58DFE92887B90714E2530CEB1DD6&attach=
HTTP状态：
返回：OK

【2019-12-03 20:01:37】
订单号：20191203200009579752
通知地址：http://pay.1youbox.com/onlinepay/jiufubaov2/notify.do
通知报文：memberid=191209910&orderid=2019120320000703625&transaction_id=20191203200009579752&amount=100.0000&datetime=20191203200136&returncode=00&sign=A75CD646DBB7FA229B1863D30DC40680&attach=
HTTP状态：
返回：OK

【2019-12-03 20:03:53】
订单号：20191203200139511009
通知地址：http://pay.1youbox.com/onlinepay/jiufubaov2/notify.do
通知报文：memberid=191209910&orderid=2019120320013703636&transaction_id=20191203200139511009&amount=100.0000&datetime=20191203200353&returncode=00&sign=CC60715E876D386FDED73A688B882F3C&attach=
HTTP状态：
返回：OK

【2019-12-03 20:03:58】
订单号：20191203200107515557
通知地址：http://pay.1youbox.com/onlinepay/jiufubaov2/notify.do
通知报文：memberid=191209910&orderid=2019120320010103631&transaction_id=20191203200107515557&amount=100.0000&datetime=20191203200358&returncode=00&sign=14F65C00B2B5DB9260186BECBCCEA284&attach=
HTTP状态：
返回：OK

【2019-12-03 20:05:39】
订单号：20191203200413100559
通知地址：http://e019cdb2app.miapp88api.com/Api/Home/payCallBack/jiufubao
通知报文：memberid=191121442&orderid=12032004126472&transaction_id=20191203200413100559&amount=200.0000&datetime=20191203200537&returncode=00&sign=1ABE27B6BE9BF1B04D228F3367878FE0&attach=
HTTP状态：
返回：查询订单失败查询订单订单状态为未支付ok

【2019-12-03 20:10:43】
订单号：20191203194602979749
通知地址：https://e019cdb2webapi.miapp66dom.com/Api/Home/payCallBack/jiufubao
通知报文：memberid=191121442&orderid=12031945591457&transaction_id=20191203194602979749&amount=101.0000&datetime=20191203201041&returncode=00&sign=005547EDDD3DBD0FD8BA4C825A49391E&attach=
HTTP状态：
返回：查询订单失败查询订单订单状态为未支付ok

【2019-12-03 20:12:32】
订单号：20191203201012525349
通知地址：http://pay.1youbox.com/onlinepay/jiufubaov2/notify.do
通知报文：memberid=191209910&orderid=2019120320101103705&transaction_id=20191203201012525349&amount=800.0000&datetime=20191203201232&returncode=00&sign=BDF6D21B269BF34931DACBEEC6ED7D85&attach=
HTTP状态：
返回：OK

【2019-12-03 20:19:36】
订单号：20191203201730974910
通知地址：https://pay.fh89zf.com/onlinePay/notify/p2jiufubaov2.do
通知报文：memberid=191194184&orderid=D2019120320172200974&transaction_id=20191203201730974910&amount=100.0000&datetime=20191203201935&returncode=00&sign=F4F74906F1B6CD4CF3DE16260EA07FE9&attach=
HTTP状态：
返回：OK

【2019-12-03 20:21:52】
订单号：20191203202036525249
通知地址：https://pay.fh89zf.com/onlinePay/notify/p2jiufubaov2.do
通知报文：memberid=191194184&orderid=D2019120320203200981&transaction_id=20191203202036525249&amount=100.0000&datetime=20191203202152&returncode=00&sign=9086400931D7680F7394282548E48BE4&attach=
HTTP状态：
返回：OK

【2019-12-03 20:24:06】
订单号：20191203201704484955
通知地址：http://pay.1youbox.com/onlinepay/jiufubaov2/notify.do
通知报文：memberid=191209910&orderid=2019120320170303751&transaction_id=20191203201704484955&amount=100.0000&datetime=20191203202406&returncode=00&sign=19B095E65C361B59706BC5F30CBB3291&attach=
HTTP状态：
返回：OK

【2019-12-03 20:30:06】
订单号：20191203202827985753
通知地址：http://pay1.dr5151.com/apis/pay_gateway/jiufujinzhifu/notice
通知报文：memberid=191209911&orderid=F201912032028254781&transaction_id=20191203202827985753&amount=100.0000&datetime=20191203203006&returncode=00&sign=D2BCEEFD983C8AD195C8542A4705878C&attach=
HTTP状态：
返回：OK

【2019-12-03 20:31:21】
订单号：20191203202927555548
通知地址：http://pay1.dr5151.com/apis/pay_gateway/jiufujinzhifu/notice
通知报文：memberid=191209911&orderid=F201912032029246511&transaction_id=20191203202927555548&amount=200.0000&datetime=20191203203120&returncode=00&sign=18EFF06EA2F31A906F65E5D3B16CCFE0&attach=
HTTP状态：
返回：OK

【2019-12-03 20:32:35】
订单号：20191203203052995156
通知地址：http://pay.vip6081.com/onlinepay/jiufubaov2/notify.do
通知报文：memberid=191155102&orderid=2019120320304901343&transaction_id=20191203203052995156&amount=2000.0000&datetime=20191203203234&returncode=00&sign=BBBB87C1F6FF09E0377133AB247DAC6D&attach=
HTTP状态：
返回：OK

【2019-12-03 20:36:47】
订单号：20191203203339515199
通知地址：http://pay.1youbox.com/onlinepay/jiufubaov2/notify.do
通知报文：memberid=191209910&orderid=2019120320333503873&transaction_id=20191203203339515199&amount=150.0000&datetime=20191203203646&returncode=00&sign=239DFD21AE1B8DC1D6B5ED785E1DAD52&attach=
HTTP状态：
返回：OK

【2019-12-03 20:37:03】
订单号：20191203203503555098
通知地址：https://pay.fh89zf.com/onlinePay/notify/p2jiufubaov2.do
通知报文：memberid=191194184&orderid=D2019120320350101023&transaction_id=20191203203503555098&amount=100.0000&datetime=20191203203702&returncode=00&sign=3168E9154C8798A9152E3C1DD00E1296&attach=
HTTP状态：
返回：OK

【2019-12-03 20:37:52】
订单号：20191203203418971009
通知地址：http://e019cdb2app.miapp88api.com/Api/Home/payCallBack/jiufubao
通知报文：memberid=191121442&orderid=12032034167542&transaction_id=20191203203418971009&amount=101.0000&datetime=20191203203750&returncode=00&sign=5A74245473774EF29839F5F074B97837&attach=
HTTP状态：
返回：查询订单失败查询订单订单状态为未支付ok

【2019-12-03 20:38:03】
订单号：20191203202947989950
通知地址：http://pay.ffc585.com/JiuFuBaoZhiFuReturn/Index
通知报文：memberid=191205418&orderid=RK330840329658138961&transaction_id=20191203202947989950&amount=200.0000&datetime=20191203203803&returncode=00&sign=E8D4991B9EEAD5AAE1000A7E4D92F3AE&attach=
HTTP状态：
返回：OK

【2019-12-03 20:38:43】
订单号：20191203203737495156
通知地址：http://pay1.dr5151.com/apis/pay_gateway/jiufujinzhifu/notice
通知报文：memberid=191209911&orderid=F201912032037321859&transaction_id=20191203203737495156&amount=100.0000&datetime=20191203203841&returncode=00&sign=1E1E91928B22C29479FF284F4C5C3539&attach=
HTTP状态：
返回：OK

【2019-12-03 20:42:10】
订单号：20191203203610975056
通知地址：http://e019cdb2app.miapp88api.com/Api/Home/payCallBack/jiufubao
通知报文：memberid=191121442&orderid=12032036097856&transaction_id=20191203203610975056&amount=200.0000&datetime=20191203204207&returncode=00&sign=C09F969BA6774BC5D1C9E5DEAF70EE7E&attach=
HTTP状态：
返回：查询订单失败查询订单订单状态为未支付ok

【2019-12-03 20:43:29】
订单号：20191203204200565297
通知地址：http://pay1.dr5151.com/apis/pay_gateway/jiufujinzhifu/notice
通知报文：memberid=191209911&orderid=F201912032041494581&transaction_id=20191203204200565297&amount=200.0000&datetime=20191203204327&returncode=00&sign=1ABCFD1C1782E138D85D705D0B03186F&attach=
HTTP状态：
返回：OK

【2019-12-03 20:43:51】
订单号：20191203204237100101
通知地址：http://pay1.dr5151.com/apis/pay_gateway/jiufujinzhifu/notice
通知报文：memberid=191209911&orderid=F201912032042324550&transaction_id=20191203204237100101&amount=100.1100&datetime=20191203204351&returncode=00&sign=88E3E86E609588580A874EB85B9120AE&attach=
HTTP状态：
返回：OK

【2019-12-03 20:43:53】
订单号：20191203203302101515
通知地址：https://pay.fh89zf.com/onlinePay/notify/p2jiufubaov2.do
通知报文：memberid=191194184&orderid=D2019120320330201019&transaction_id=20191203203302101515&amount=500.0000&datetime=20191203204353&returncode=00&sign=F4B1C947DA81CA9713568A21C126E0F9&attach=
HTTP状态：
返回：OK

【2019-12-03 20:45:27】
订单号：20191203204400484854
通知地址：http://pay.1youbox.com/onlinepay/jiufubaov2/notify.do
通知报文：memberid=191209910&orderid=2019120320435703960&transaction_id=20191203204400484854&amount=200.0000&datetime=20191203204527&returncode=00&sign=47C30530B950BF5C06155D674C1C1C19&attach=
HTTP状态：
返回：OK

【2019-12-03 20:45:46】
订单号：20191203201809495451
通知地址：http://pay.1youbox.com/onlinepay/jiufubaov2/notify.do
通知报文：memberid=191209910&orderid=2019120320180803761&transaction_id=20191203201809495451&amount=101.0000&datetime=20191203204546&returncode=00&sign=2896AFDB6C64A12001D70A794BF5A83E&attach=
HTTP状态：
返回：OK

【2019-12-03 20:47:00】
订单号：20191203204440565397
通知地址：http://e019cdb2app.miapp88api.com/Api/Home/payCallBack/jiufubao
通知报文：memberid=191121442&orderid=12032044395620&transaction_id=20191203204440565397&amount=300.0000&datetime=20191203204655&returncode=00&sign=BC96AF8C18EB6014049760744A2B48AA&attach=
HTTP状态：
返回：查询订单失败查询订单订单状态为未支付ok

【2019-12-03 20:48:04】
订单号：20191203204453539810
通知地址：http://e019cdb2app.miapp88api.com/Api/Home/payCallBack/jiufubao
通知报文：memberid=191121442&orderid=12032044521199&transaction_id=20191203204453539810&amount=101.0000&datetime=20191203204802&returncode=00&sign=DB76A5C13DE3DE6C520018374768F99D&attach=
HTTP状态：
返回：查询订单失败查询订单订单状态为未支付ok

【2019-12-03 20:49:46】
订单号：20191203204721575410
通知地址：http://e019cdb2app.miapp88api.com/Api/Home/payCallBack/jiufubao
通知报文：memberid=191121442&orderid=12032047209515&transaction_id=20191203204721575410&amount=101.0000&datetime=20191203204944&returncode=00&sign=8B4512FEAAF5EEB7D0BF05DD11272C63&attach=
HTTP状态：
返回：查询订单失败查询订单订单状态为未支付ok

【2019-12-03 20:56:29】
订单号：20191203205500529810
通知地址：https://e019cdb2webapi.miapp66dom.com/Api/Home/payCallBack/jiufubao
通知报文：memberid=191121442&orderid=12032054567195&transaction_id=20191203205500529810&amount=1200.0000&datetime=20191203205626&returncode=00&sign=B34D87049E12050DF8330193DCCC8727&attach=
HTTP状态：
返回：查询订单失败查询订单订单状态为未支付ok

【2019-12-03 20:57:35】
订单号：20191203205535554854
通知地址：https://www.wanjia365.cn/Public.server.do
通知报文：memberid=191095866&orderid=O1912032055208652&transaction_id=20191203205535554854&amount=200.0000&datetime=20191203205734&returncode=00&sign=2CADE809962F9D8F2041707F48017A20&attach=691,https://wanjia365.cn/Account.jhrecharge.do
HTTP状态：
返回：OK

【2019-12-03 20:58:24】
订单号：20191203205340529948
通知地址：http://pay.vip6081.com/onlinepay/jiufubaov2/notify.do
通知报文：memberid=191155102&orderid=2019120320534001500&transaction_id=20191203205340529948&amount=221.0000&datetime=20191203205824&returncode=00&sign=D2A90A0D35F8EB9D2F98FA71B8CADFCB&attach=
HTTP状态：
返回：OK

【2019-12-03 20:58:59】
订单号：20191203201548525249
通知地址：http://pay1.dr5151.com/apis/pay_gateway/jiufujinzhifu/notice
通知报文：memberid=191209911&orderid=F201912032015272624&transaction_id=20191203201548525249&amount=100.0000&datetime=20191203205859&returncode=00&sign=037FA4B6E7181C5A19CC911F2A3DE48F&attach=
HTTP状态：
返回：已处理过过的订单

【2019-12-03 21:02:00】
订单号：20191203205930501001
通知地址：https://pay.fh89zf.com/onlinePay/notify/p2jiufubaov2.do
通知报文：memberid=191194184&orderid=D2019120320592001087&transaction_id=20191203205930501001&amount=600.0000&datetime=20191203210150&returncode=00&sign=208223371B72ADCA4FA9C555CCEB664B&attach=
HTTP状态：
返回：OK

【2019-12-03 21:02:44】
订单号：20191203203519555551
通知地址：http://pay.1youbox.com/onlinepay/jiufubaov2/notify.do
通知报文：memberid=191209910&orderid=2019120320351703892&transaction_id=20191203203519555551&amount=100.0000&datetime=20191203210243&returncode=00&sign=4FC94C463E6645B9D85B4ACC4B79BE79&attach=
HTTP状态：
返回：OK

【2019-12-03 21:05:05】
订单号：20191203210344489899
通知地址：https://pay.fh89zf.com/onlinePay/notify/p2jiufubaov2.do
通知报文：memberid=191194184&orderid=D2019120321034201105&transaction_id=20191203210344489899&amount=500.0000&datetime=20191203210455&returncode=00&sign=E1FF44025394CB3AF9ED804FBF5416C0&attach=
HTTP状态：
返回：

【2019-12-03 21:08:22】
订单号：20191203210614544855
通知地址：http://pay.1youbox.com/onlinepay/jiufubaov2/notify.do
通知报文：memberid=191209910&orderid=2019120321061204108&transaction_id=20191203210614544855&amount=100.0000&datetime=20191203210819&returncode=00&sign=2D0D4B26CA6ABE9EE71C017657983AF0&attach=
HTTP状态：
返回：OK

【2019-12-03 21:09:44】
订单号：20191203210344489899
通知地址：https://pay.fh89zf.com/onlinePay/notify/p2jiufubaov2.do
通知报文：memberid=191194184&orderid=D2019120321034201105&transaction_id=20191203210344489899&amount=500.0000&datetime=20191203210944&returncode=00&sign=FDB1DAEBE63AAADCD41F0EBD3497BB1D&attach=
HTTP状态：
返回：OK

【2019-12-03 21:15:59】
订单号：20191203210737571015
通知地址：http://pay1.dr5151.com/apis/pay_gateway/jiufujinzhifu/notice
通知报文：memberid=191209911&orderid=F201912032107275011&transaction_id=20191203210737571015&amount=100.0000&datetime=20191203211558&returncode=00&sign=63DCBB4A3B62BCEF13032B3C06A0020A&attach=
HTTP状态：
返回：OK

【2019-12-03 21:18:21】
订单号：20191203211505575252
通知地址：http://awseb-e-q-awsebloa-p0jtqe3naeml-278855201.ap-northeast-1.elb.amazonaws.com/pay/notify/152/520
通知报文：memberid=191209912&orderid=1040929720191203211502928&transaction_id=20191203211505575252&amount=100.0000&datetime=20191203211820&returncode=00&sign=2F91A20A7261D76774C975CF91E41E03&attach=
HTTP状态：
返回：OK

【2019-12-03 21:22:55】
订单号：20191203211608569751
通知地址：http://pay.1youbox.com/onlinepay/jiufubaov2/notify.do
通知报文：memberid=191209910&orderid=2019120321160704164&transaction_id=20191203211608569751&amount=600.0000&datetime=20191203212255&returncode=00&sign=37F6D23F48C09D6E6846002BD596A011&attach=
HTTP状态：
返回：OK

【2019-12-03 21:23:00】
订单号：20191203211641575748
通知地址：http://pay.1youbox.com/onlinepay/jiufubaov2/notify.do
通知报文：memberid=191209910&orderid=2019120321163904165&transaction_id=20191203211641575748&amount=240.0000&datetime=20191203212259&returncode=00&sign=7B7994E91019AE80AE200C97E309DED5&attach=
HTTP状态：
返回：OK

【2019-12-03 21:23:15】
订单号：20191203212046101554
通知地址：https://www.wanjia365.cn/Public.server.do
通知报文：memberid=191095866&orderid=R1912032120447028&transaction_id=20191203212046101554&amount=670.0000&datetime=20191203212315&returncode=00&sign=4CB543726EFD9667D154F3AE378F4FA2&attach=487,https://www.wanjia365.cn/Account.jhrecharge.do
HTTP状态：
返回：OK

【2019-12-03 21:23:27】
订单号：20191203211400565710
通知地址：https://www.wanjia365.cn/Public.server.do
通知报文：memberid=191095866&orderid=V1912032113585799&transaction_id=20191203211400565710&amount=660.0000&datetime=20191203212326&returncode=00&sign=4C6E0A7A8E10390F995316A582BF8AA3&attach=368,https://www.wanjia365.cn/Account.jhrecharge.do
HTTP状态：
返回：OK

【2019-12-03 21:26:09】
订单号：20191203212207102495
通知地址：http://pay.1youbox.com/onlinepay/jiufubaov2/notify.do
通知报文：memberid=191209910&orderid=2019120321220404203&transaction_id=20191203212207102495&amount=100.0000&datetime=20191203212609&returncode=00&sign=37B36BBEE327EB76EE6F5D5508333A26&attach=
HTTP状态：
返回：OK

【2019-12-03 21:26:54】
订单号：20191203212425579956
通知地址：http://e019cdb2app.miapp88api.com/Api/Home/payCallBack/jiufubao
通知报文：memberid=191121442&orderid=12032124245505&transaction_id=20191203212425579956&amount=200.0000&datetime=20191203212651&returncode=00&sign=55D4D3D9A7CEB597F3460186D1A5374A&attach=
HTTP状态：
返回：查询订单失败查询订单订单状态为未支付ok

【2019-12-03 21:27:09】
订单号：20191203212509534948
通知地址：http://pay1.dr5151.com/apis/pay_gateway/jiufujinzhifu/notice
通知报文：memberid=191209911&orderid=F201912032125059919&transaction_id=20191203212509534948&amount=100.0000&datetime=20191203212709&returncode=00&sign=916D3ED550076642831D233A488F25B7&attach=
HTTP状态：
返回：OK

【2019-12-03 21:31:01】
订单号：20191203212855554997
通知地址：http://pay1.dr5151.com/apis/pay_gateway/jiufujinzhifu/notice
通知报文：memberid=191209911&orderid=F201912032128538242&transaction_id=20191203212855554997&amount=300.0000&datetime=20191203213100&returncode=00&sign=4F2B9F8BA8F50BFE68517B632110F2F5&attach=
HTTP状态：
返回：OK

【2019-12-03 21:33:51】
订单号：20191203213144485351
通知地址：http://pay1.dr5151.com/apis/pay_gateway/jiufujinzhifu/notice
通知报文：memberid=191209911&orderid=F201912032131417588&transaction_id=20191203213144485351&amount=1000.0000&datetime=20191203213351&returncode=00&sign=C21870B00B139A15B55891579961CC94&attach=
HTTP状态：
返回：OK

【2019-12-03 21:34:12】
订单号：20191203213120569851
通知地址：https://pay.fh89zf.com/onlinePay/notify/p2jiufubaov2.do
通知报文：memberid=191194184&orderid=D2019120321310901156&transaction_id=20191203213120569851&amount=100.0000&datetime=20191203213411&returncode=00&sign=E57EFAA291ABE4275EA2563F02A29FFE&attach=
HTTP状态：
返回：OK

【2019-12-03 21:35:01】
订单号：20191203213259985451
通知地址：http://pay.ffc585.com/JiuFuBaoZhiFuReturn/Index
通知报文：memberid=191205418&orderid=RK330998474280968790&transaction_id=20191203213259985451&amount=2000.0000&datetime=20191203213501&returncode=00&sign=ECAEA7ADE48BF3A357233D4982FFC992&attach=
HTTP状态：
返回：OK

【2019-12-03 21:37:25】
订单号：20191203213349100100
通知地址：http://pay1.dr5151.com/apis/pay_gateway/jiufujinzhifu/notice
通知报文：memberid=191209911&orderid=F201912032133419425&transaction_id=20191203213349100100&amount=100.0000&datetime=20191203213724&returncode=00&sign=4BA49401351469DEFD8C94E9853C50EA&attach=
HTTP状态：
返回：OK

【2019-12-03 21:40:39】
订单号：20191203213801579810
通知地址：http://e019cdb2app.miapp88api.com/Api/Home/payCallBack/jiufubao
通知报文：memberid=191121442&orderid=12032138006036&transaction_id=20191203213801579810&amount=101.0000&datetime=20191203214037&returncode=00&sign=69B461A6B64C989565F35DEB2041BE2C&attach=
HTTP状态：
返回：查询订单失败查询订单订单状态为未支付ok

【2019-12-03 21:40:53】
订单号：20191203213653539948
通知地址：http://pay1.dr5151.com/apis/pay_gateway/jiufujinzhifu/notice
通知报文：memberid=191209911&orderid=F201912032136516859&transaction_id=20191203213653539948&amount=500.0000&datetime=20191203214053&returncode=00&sign=8201E59F6201A44AD6B8F99495A90AFF&attach=
HTTP状态：
返回：OK

【2019-12-03 21:45:15】
订单号：20191203213941100100
通知地址：http://pay1.dr5151.com/apis/pay_gateway/jiufujinzhifu/notice
通知报文：memberid=191209911&orderid=F201912032139359337&transaction_id=20191203213941100100&amount=200.0000&datetime=20191203214514&returncode=00&sign=35563E5C9519A1018D525EB4BD513901&attach=
HTTP状态：
返回：OK

【2019-12-03 21:48:24】
订单号：20191203214648565410
通知地址：http://pay.1youbox.com/onlinepay/jiufubaov2/notify.do
通知报文：memberid=191209910&orderid=2019120321464304386&transaction_id=20191203214648565410&amount=100.0000&datetime=20191203214823&returncode=00&sign=473BC6332B80FDEAE96B6DC0F0E851C1&attach=
HTTP状态：
返回：OK

【2019-12-03 21:54:36】
订单号：20191203215323515350
通知地址：http://pay.1youbox.com/onlinepay/jiufubaov2/notify.do
通知报文：memberid=191209910&orderid=2019120321532104436&transaction_id=20191203215323515350&amount=100.0000&datetime=20191203215436&returncode=00&sign=22D9F8E523AC9FA3813FF30B1B833B2D&attach=
HTTP状态：
返回：OK

【2019-12-03 21:58:13】
订单号：20191203215656564952
通知地址：http://pay1.dr5151.com/apis/pay_gateway/jiufujinzhifu/notice
通知报文：memberid=191209911&orderid=F201912032156543915&transaction_id=20191203215656564952&amount=200.0000&datetime=20191203215813&returncode=00&sign=5E10EF4B5762FABAD9BCF8C43448E351&attach=
HTTP状态：
返回：OK

【2019-12-03 21:59:20】
订单号：20191203215639555448
通知地址：http://pay1.dr5151.com/apis/pay_gateway/jiufujinzhifu/notice
通知报文：memberid=191209911&orderid=F201912032156389076&transaction_id=20191203215639555448&amount=500.0000&datetime=20191203215920&returncode=00&sign=E84658FF872FC67AB79F093816B7A6CE&attach=
HTTP状态：
返回：OK

【2019-12-03 22:05:39】
订单号：20191203220325100571
通知地址：http://pay.1youbox.com/onlinepay/jiufubaov2/notify.do
通知报文：memberid=191209910&orderid=2019120322032504515&transaction_id=20191203220325100571&amount=102.0000&datetime=20191203220539&returncode=00&sign=725709B3B2C006ED362CCE306BF91636&attach=
HTTP状态：
返回：OK

【2019-12-03 22:05:51】
订单号：20191203220313495410
通知地址：http://e019cdb2app.miapp88api.com/Api/Home/payCallBack/jiufubao
通知报文：memberid=191121442&orderid=12032203129009&transaction_id=20191203220313495410&amount=101.0000&datetime=20191203220549&returncode=00&sign=3E447D60D10C1E5CC54DA95063D939AE&attach=
HTTP状态：
返回：查询订单失败查询订单订单状态为未支付ok

【2019-12-03 22:07:36】
订单号：20191203220343102989
通知地址：http://pay.1youbox.com/onlinepay/jiufubaov2/notify.do
通知报文：memberid=191209910&orderid=2019120322034204516&transaction_id=20191203220343102989&amount=200.0000&datetime=20191203220736&returncode=00&sign=89EAA2AF1EF3904B6D3C11942B6C43C0&attach=
HTTP状态：
返回：OK

【2019-12-03 22:16:13】
订单号：20191203200922504953
通知地址：http://pay.1youbox.com/onlinepay/jiufubaov2/notify.do
通知报文：memberid=191209910&orderid=2019120320091603695&transaction_id=20191203200922504953&amount=1000.0000&datetime=20191203221613&returncode=00&sign=15E8D30275C7603349493A0E9036C2E7&attach=
HTTP状态：
返回：OK

【2019-12-03 22:24:50】
订单号：20191203222029100554
通知地址：https://pay.fh89zf.com/onlinePay/notify/p2jiufubaov2.do
通知报文：memberid=191194184&orderid=D2019120322202301295&transaction_id=20191203222029100554&amount=300.0000&datetime=20191203222448&returncode=00&sign=3648B738C474C9CAB443626834C7879E&attach=
HTTP状态：
返回：OK

【2019-12-03 22:24:52】
订单号：20191203222259514952
通知地址：http://e019cdb2app.miapp88api.com/Api/Home/payCallBack/jiufubao
通知报文：memberid=191121442&orderid=12032222578544&transaction_id=20191203222259514952&amount=101.0000&datetime=20191203222449&returncode=00&sign=83EF4D96CA62D2F3B4123B1908BBBDF3&attach=
HTTP状态：
返回：查询订单失败查询订单订单状态为未支付ok

【2019-12-03 22:36:19】
订单号：20191203223032569856
通知地址：http://pay1.dr5151.com/apis/pay_gateway/jiufujinzhifu/notice
通知报文：memberid=191209911&orderid=F201912032230259523&transaction_id=20191203223032569856&amount=2000.0000&datetime=20191203223619&returncode=00&sign=EC1C3AFBE1FFACAC05BD6EDF7F0A17A0&attach=
HTTP状态：
返回：OK

【2019-12-03 22:36:25】
订单号：20191203223435989951
通知地址：http://e019cdb2app.miapp88api.com/Api/Home/payCallBack/jiufubao
通知报文：memberid=191121442&orderid=12032234339959&transaction_id=20191203223435989951&amount=500.0000&datetime=20191203223622&returncode=00&sign=9E1B4B582918E2DB2CCD4FE7D708CE39&attach=
HTTP状态：
返回：查询订单失败查询订单订单状态为未支付ok

【2019-12-03 22:45:14】
订单号：20191203224059985449
通知地址：https://pay.fh89zf.com/onlinePay/notify/p2jiufubaov2.do
通知报文：memberid=191194184&orderid=D2019120322404901338&transaction_id=20191203224059985449&amount=300.0000&datetime=20191203224514&returncode=00&sign=C5BAD669EB9CB8C1ADAE4DC282449B8E&attach=
HTTP状态：
返回：OK

【2019-12-03 22:50:57】
订单号：20191203223935554998
通知地址：http://pay1.dr5151.com/apis/pay_gateway/jiufujinzhifu/notice
通知报文：memberid=191209911&orderid=F201912032239333309&transaction_id=20191203223935554998&amount=101.0000&datetime=20191203225056&returncode=00&sign=385960186267ECAF48438ABC5DBF12F1&attach=
HTTP状态：
返回：OK

【2019-12-03 23:04:29】
订单号：20191203225648485748
通知地址：http://pay.1youbox.com/onlinepay/jiufubaov2/notify.do
通知报文：memberid=191209910&orderid=2019120322564404781&transaction_id=20191203225648485748&amount=100.0000&datetime=20191203230427&returncode=00&sign=3D2D7B40D43042D8431F5C24E49D9632&attach=
HTTP状态：
返回：OK

【2019-12-03 23:09:15】
订单号：20191203230730505254
通知地址：http://pay.1youbox.com/onlinepay/jiufubaov2/notify.do
通知报文：memberid=191209910&orderid=2019120323072604829&transaction_id=20191203230730505254&amount=401.0000&datetime=20191203230914&returncode=00&sign=1B157D36D696D2BEB20F7279EFBBCCE3&attach=
HTTP状态：
返回：OK

【2019-12-03 23:18:44】
订单号：20191203231726549948
通知地址：http://pay.bmqp5pay1.com:5222/pay/api/callback/JIUFUBAOSZF/11
通知报文：memberid=191127554&orderid=20191203231724331US7&transaction_id=20191203231726549948&amount=100.0000&datetime=20191203231844&returncode=00&sign=219AB55F6D23542BFADF9755CF726F16&attach=
HTTP状态：
返回：OK

【2019-12-03 23:27:12】
订单号：20191203232311102525
通知地址：http://pay.1youbox.com/onlinepay/jiufubaov2/notify.do
通知报文：memberid=191209910&orderid=2019120323230704911&transaction_id=20191203232311102525&amount=150.0000&datetime=20191203232712&returncode=00&sign=D87B51E5A235A892887248DB52353166&attach=
HTTP状态：
返回：OK

【2019-12-03 23:36:39】
订单号：20191203233354509850
通知地址：http://pay.vip6081.com/onlinepay/jiufubaov2/notify.do
通知报文：memberid=191155102&orderid=2019120323334902224&transaction_id=20191203233354509850&amount=200.0000&datetime=20191203233638&returncode=00&sign=1973CD9038BF328E6DE626A3EB4C6058&attach=
HTTP状态：
返回：OK

【2019-12-03 23:49:50】
订单号：20191203234819519848
通知地址：http://e019cdb2app.miapp88api.com/Api/Home/payCallBack/jiufubao
通知报文：memberid=191121442&orderid=12032348184512&transaction_id=20191203234819519848&amount=200.0000&datetime=20191203234947&returncode=00&sign=BC6E7E0E6F8A19F1CCA1A0578C94CF7C&attach=
HTTP状态：
返回：查询订单失败查询订单订单状态为未支付ok

【2019-12-03 23:59:56】
订单号：20191203235522975753
通知地址：https://payback3.lebopay.net/jfbscpay/scallback.php
通知报文：memberid=191209913&orderid=2019120311551695353239&transaction_id=20191203235522975753&amount=200.0000&datetime=20191203235954&returncode=00&sign=811E61A9FD9701AA6AF091EEF63D3479&attach=41536-439078369ec41fc1fba39220070d4023
HTTP状态：
返回：OK

