【2019-11-23 00:10:58】
订单号：20191123000930975110
通知地址：http://834raw.top.cxmyjd.com/pay/jsp/jiufubaopay/res.jsp
通知报文：memberid=191156325&orderid=191122120920407612174&transaction_id=20191123000930975110&amount=300.0000&datetime=20191123001058&returncode=00&sign=809A57B684EAE090336B690D7D92F4AA&attach=en0602D14CF4FC46_86051027_113552
HTTP状态：
返回：OK

【2019-11-23 00:11:05】
订单号：20191123000939515654
通知地址：http://834raw.top.cxmyjd.com/pay/jsp/jiufubaopay/res.jsp
通知报文：memberid=191156325&orderid=191122120920407612211&transaction_id=20191123000939515654&amount=515.0000&datetime=20191123001105&returncode=00&sign=13651F85BBE665A4FA61BF37FDF876EF&attach=en0605E345E35942_86051040_113552
HTTP状态：
返回：OK

【2019-11-23 00:13:46】
订单号：20191123001159102575
通知地址：http://e019cdb2app.miapp88api.com/Api/Home/payCallBack/jiufubao
通知报文：memberid=191121442&orderid=11230011593011&transaction_id=20191123001159102575&amount=300.0000&datetime=20191123001342&returncode=00&sign=0B20777B6378814EC68EF34AF92486DA&attach=
HTTP状态：
返回：查询订单失败查询订单订单状态为未支付ok

【2019-11-23 00:22:54】
订单号：20191123002043985497
通知地址：http://150.109.59.33/tools/notify-1bcf_759e15_b9b1_289fc84_7a70
通知报文：memberid=191189793&orderid=WX191123002038163639&transaction_id=20191123002043985497&amount=200.1100&datetime=20191123002254&returncode=00&sign=AE7F7C8FEB8CCAE15C8E3BD9B412E5F4&attach=
HTTP状态：
返回：ok

【2019-11-23 00:26:10】
订单号：20191123002447102101
通知地址：http://e019cdb2app.miapp88api.com/Api/Home/payCallBack/jiufubao
通知报文：memberid=191121442&orderid=11230024472811&transaction_id=20191123002447102101&amount=500.0000&datetime=20191123002608&returncode=00&sign=1B037B956A8ABCF408B4D721F8D7FD43&attach=
HTTP状态：
返回：查询订单失败查询订单订单状态为未支付ok

【2019-11-23 00:34:41】
订单号：20191123003306501005
通知地址：http://834raw.top.cxmyjd.com/pay/jsp/jiufubaopay/res.jsp
通知报文：memberid=191156325&orderid=191122123320407614080&transaction_id=20191123003306501005&amount=1002.0000&datetime=20191123003441&returncode=00&sign=56F51FC2241074C936E0881B3A05B981&attach=en066928E0EFF5AE_86051819_113552
HTTP状态：
返回：OK

【2019-11-23 11:29:07】
订单号：20191123112628525499
通知地址：http://pay.1youbox.com/onlinepay/jiufubaov2/notify.do
通知报文：memberid=191209910&orderid=2019112311262900888&transaction_id=20191123112628525499&amount=100.0000&datetime=20191123112907&returncode=00&sign=B9F8DFB454724E8022E3A2067D76E770&attach=
HTTP状态：
返回：OK

【2019-11-23 11:47:00】
订单号：20191123114416481015
通知地址：http://pay.1youbox.com/onlinepay/jiufubaov2/notify.do
通知报文：memberid=191209910&orderid=2019112311441200969&transaction_id=20191123114416481015&amount=100.0000&datetime=20191123114659&returncode=00&sign=294651CD2092003EF98A6DBA3D9AF12D&attach=
HTTP状态：
返回：OK

【2019-11-23 11:59:19】
订单号：20191123115646101495
通知地址：https://payback3.lebopay.net/jfbscpay/scallback.php
通知报文：memberid=191209913&orderid=2019112223564035089508&transaction_id=20191123115646101495&amount=100.0000&datetime=20191123115917&returncode=00&sign=3C218980494609A2A02721DE3C419B2F&attach=41535-7aa607d642656a26b21692359b547c1e
HTTP状态：
返回：OK

【2019-11-23 12:08:13】
订单号：20191123120153495510
通知地址：https://payback3.lebopay.net/jfbscpay/scallback.php
通知报文：memberid=191209913&orderid=2019112300015094899508&transaction_id=20191123120153495510&amount=100.0000&datetime=20191123120811&returncode=00&sign=D1B36C27088737440D31A011303164AB&attach=41535-d19d57eb951f6eb80d724d3187ba920a
HTTP状态：
返回：OK

【2019-11-23 12:23:08】
订单号：20191123122043981001
通知地址：http://pay1.dr5151.com/apis/pay_gateway/jiufujinzhifu/notice
通知报文：memberid=191209911&orderid=F201911231220444559&transaction_id=20191123122043981001&amount=100.0000&datetime=20191123122308&returncode=00&sign=03179F8D829FF6A2FB8D8966750AADC1&attach=
HTTP状态：
返回：OK

【2019-11-23 12:26:16】
订单号：20191123122454545010
通知地址：http://pay.vip6081.com/onlinepay/jiufubaov2/notify.do
通知报文：memberid=191155102&orderid=2019112312245200553&transaction_id=20191123122454545010&amount=100.0000&datetime=20191123122616&returncode=00&sign=5F43D9CA3C33910D77D1F8E407887201&attach=
HTTP状态：
返回：OK

【2019-11-23 12:31:14】
订单号：20191123122934101985
通知地址：http://pay1.dr5151.com/apis/pay_gateway/jiufujinzhifu/notice
通知报文：memberid=191209911&orderid=F201911231229307885&transaction_id=20191123122934101985&amount=100.0000&datetime=20191123123114&returncode=00&sign=5085EB17B377BC9CD512130EC8C6056C&attach=
HTTP状态：
返回：OK

【2019-11-23 12:43:59】
订单号：20191123124101100981
通知地址：http://pay.1youbox.com/onlinepay/jiufubaov2/notify.do
通知报文：memberid=191209910&orderid=2019112312410101244&transaction_id=20191123124101100981&amount=100.0000&datetime=20191123124358&returncode=00&sign=B0C2021BE98CD4D4D87B7BCDF9F4F71E&attach=
HTTP状态：
返回：OK

【2019-11-23 12:54:41】
订单号：20191123125031555250
通知地址：http://pay.ffc585.com/JiuFuBaoZhiFuReturn/Index
通知报文：memberid=191205418&orderid=RK520801423453236203&transaction_id=20191123125031555250&amount=1000.0000&datetime=20191123125440&returncode=00&sign=E9694FE2343853F1F9252568E48338CF&attach=
HTTP状态：
返回：OK

【2019-11-23 12:56:13】
订单号：20191123124348525753
通知地址：http://pay.1youbox.com/onlinepay/jiufubaov2/notify.do
通知报文：memberid=191209910&orderid=2019112312433901263&transaction_id=20191123124348525753&amount=500.0000&datetime=20191123125612&returncode=00&sign=9ED8F45F81BCA256AEF672A86BE2034D&attach=
HTTP状态：
返回：OK

【2019-11-23 12:57:28】
订单号：20191123125155985053
通知地址：http://pay1.dr5151.com/apis/pay_gateway/jiufujinzhifu/notice
通知报文：memberid=191209911&orderid=F201911231251474017&transaction_id=20191123125155985053&amount=100.0000&datetime=20191123125728&returncode=00&sign=8C24F720D51DD0ED013E2947362FD3E9&attach=
HTTP状态：
返回：OK

【2019-11-23 13:02:20】
订单号：20191123130016485010
通知地址：http://pay.1youbox.com/onlinepay/jiufubaov2/notify.do
通知报文：memberid=191209910&orderid=2019112313001201331&transaction_id=20191123130016485010&amount=200.0000&datetime=20191123130220&returncode=00&sign=E5F8DCA49DB886B308494EFA92545891&attach=
HTTP状态：
返回：OK

【2019-11-23 13:04:11】
订单号：20191123130021535650
通知地址：http://pay.1youbox.com/onlinepay/jiufubaov2/notify.do
通知报文：memberid=191209910&orderid=2019112313002001332&transaction_id=20191123130021535650&amount=1000.0000&datetime=20191123130411&returncode=00&sign=002C00C8AE84182DC6645CA3F058E7C3&attach=
HTTP状态：
返回：OK

【2019-11-23 13:16:49】
订单号：20191123131436999797
通知地址：http://pay1.dr5151.com/apis/pay_gateway/jiufujinzhifu/notice
通知报文：memberid=191209911&orderid=F201911231314316494&transaction_id=20191123131436999797&amount=100.0000&datetime=20191123131649&returncode=00&sign=85B5A1BF41810DBBC161356CC4559A60&attach=
HTTP状态：
返回：OK

【2019-11-23 13:22:14】
订单号：20191123131602505198
通知地址：http://pay.1youbox.com/onlinepay/jiufubaov2/notify.do
通知报文：memberid=191209910&orderid=2019112313155501404&transaction_id=20191123131602505198&amount=650.0000&datetime=20191123132213&returncode=00&sign=D12DF5F82105A01871C99AD74AAFB9FA&attach=
HTTP状态：
返回：OK

【2019-11-23 13:24:13】
订单号：20191123131359559849
通知地址：http://pay.ffc585.com/JiuFuBaoZhiFuReturn/Index
通知报文：memberid=191205418&orderid=RK520679291346835183&transaction_id=20191123131359559849&amount=300.0000&datetime=20191123132412&returncode=00&sign=6A2CF61DD8A3766A4ED1030631DF9850&attach=
HTTP状态：
返回：OK

【2019-11-23 13:36:29】
订单号：20191123133412521015
通知地址：http://pay1.dr5151.com/apis/pay_gateway/jiufujinzhifu/notice
通知报文：memberid=191209911&orderid=F201911231334083045&transaction_id=20191123133412521015&amount=100.0000&datetime=20191123133629&returncode=00&sign=D0DAC585249C62E42D18EA65A6EFF946&attach=
HTTP状态：
返回：OK

【2019-11-23 13:41:06】
订单号：20191123133620525754
通知地址：http://pay.vip6081.com/onlinepay/jiufubaov2/notify.do
通知报文：memberid=191155102&orderid=2019112313361700761&transaction_id=20191123133620525754&amount=300.0000&datetime=20191123134106&returncode=00&sign=A6A0CB048B4DA3E08B9F24CBDD6AA457&attach=
HTTP状态：
返回：OK

【2019-11-23 13:55:26】
订单号：20191123135409495454
通知地址：http://pay.1youbox.com/onlinepay/jiufubaov2/notify.do
通知报文：memberid=191209910&orderid=2019112313540901549&transaction_id=20191123135409495454&amount=200.0000&datetime=20191123135526&returncode=00&sign=4C5A7F42ECCC242A414E351B82CA34F2&attach=
HTTP状态：
返回：OK

【2019-11-23 14:02:09】
订单号：20191123140012991011
通知地址：http://pay.1youbox.com/onlinepay/jiufubaov2/notify.do
通知报文：memberid=191209910&orderid=2019112314001301573&transaction_id=20191123140012991011&amount=300.0000&datetime=20191123140209&returncode=00&sign=1710E07C54A2AD602F1B3ACF485F7AFD&attach=
HTTP状态：
返回：OK

【2019-11-23 14:27:31】
订单号：20191123141406101529
通知地址：http://pay.1youbox.com/onlinepay/jiufubaov2/notify.do
通知报文：memberid=191209910&orderid=2019112314140601628&transaction_id=20191123141406101529&amount=500.0000&datetime=20191123142731&returncode=00&sign=434D2D81A2A5C76603628C150CA6D70F&attach=
HTTP状态：
返回：OK

【2019-11-23 14:50:33】
订单号：20191123144852525753
通知地址：http://pay.ffc585.com/JiuFuBaoZhiFuReturn/Index
通知报文：memberid=191205418&orderid=RK521036447631609165&transaction_id=20191123144852525753&amount=200.0000&datetime=20191123145033&returncode=00&sign=25DCD596F27BE9552D1075428E989BC1&attach=
HTTP状态：
返回：OK

【2019-11-23 15:18:41】
订单号：20191123151723519998
通知地址：http://pay1.dr5151.com/apis/pay_gateway/jiufujinzhifu/notice
通知报文：memberid=191209911&orderid=F201911231517223693&transaction_id=20191123151723519998&amount=300.0000&datetime=20191123151841&returncode=00&sign=30B8F6C2E9328ACAE245343DE3612043&attach=
HTTP状态：
返回：OK

【2019-11-23 15:19:21】
订单号：20191123151723515350
通知地址：http://pay.vip6081.com/onlinepay/jiufubaov2/notify.do
通知报文：memberid=191155102&orderid=2019112315172301116&transaction_id=20191123151723515350&amount=100.0000&datetime=20191123151921&returncode=00&sign=BB798965A04D4AABE0598D9C75181009&attach=
HTTP状态：
返回：OK

【2019-11-23 15:23:28】
订单号：20191123151744565298
通知地址：http://pay.vip6081.com/onlinepay/jiufubaov2/notify.do
通知报文：memberid=191155102&orderid=2019112315174501118&transaction_id=20191123151744565298&amount=200.0000&datetime=20191123152328&returncode=00&sign=7A41E2BCDE854A32385C510F9370AD5D&attach=
HTTP状态：
返回：OK

【2019-11-23 15:31:29】
订单号：20191123152923515548
通知地址：http://pay1.dr5151.com/apis/pay_gateway/jiufujinzhifu/notice
通知报文：memberid=191209911&orderid=F201911231529168928&transaction_id=20191123152923515548&amount=700.0000&datetime=20191123153129&returncode=00&sign=126BA799CBA3826ED242A6F9A09DB345&attach=
HTTP状态：
返回：OK

【2019-11-23 15:31:33】
订单号：20191123152942545156
通知地址：http://pay.1youbox.com/onlinepay/jiufubaov2/notify.do
通知报文：memberid=191209910&orderid=2019112315294201980&transaction_id=20191123152942545156&amount=200.0000&datetime=20191123153133&returncode=00&sign=BFFBAC6A40271B3EA067EB7ABCAA2E31&attach=
HTTP状态：
返回：OK

【2019-11-23 15:38:00】
订单号：20191123153549539756
通知地址：http://pay.1youbox.com/onlinepay/jiufubaov2/notify.do
通知报文：memberid=191209910&orderid=2019112315354802007&transaction_id=20191123153549539756&amount=300.0000&datetime=20191123153800&returncode=00&sign=1E1BD471817BD99420241C1BB7ECE44E&attach=
HTTP状态：
返回：OK

【2019-11-23 15:44:23】
订单号：20191123154218975110
通知地址：http://pay1.dr5151.com/apis/pay_gateway/jiufujinzhifu/notice
通知报文：memberid=191209911&orderid=F201911231542154436&transaction_id=20191123154218975110&amount=800.0000&datetime=20191123154422&returncode=00&sign=77B427A2459F0F13E958205C7B0A515A&attach=
HTTP状态：
返回：OK

【2019-11-23 15:46:13】
订单号：20191123154429100504
通知地址：https://payback3.lebopay.net/jfbscpay/scallback.php
通知报文：memberid=191209913&orderid=2019112303442468164794&transaction_id=20191123154429100504&amount=100.0000&datetime=20191123154610&returncode=00&sign=F9A90D416B6C6E190F6E5128C92AEE57&attach=41535-9778e291b03ff01c5d67dda55fc09450
HTTP状态：
返回：OK

【2019-11-23 15:55:10】
订单号：20191123155340521011
通知地址：http://pay.1youbox.com/onlinepay/jiufubaov2/notify.do
通知报文：memberid=191209910&orderid=2019112315534002073&transaction_id=20191123155340521011&amount=150.5500&datetime=20191123155509&returncode=00&sign=88C556912029514377600EB5DEC451C6&attach=
HTTP状态：
返回：OK

【2019-11-23 15:56:16】
订单号：20191123155415555456
通知地址：http://pay.vip6081.com/onlinepay/jiufubaov2/notify.do
通知报文：memberid=191155102&orderid=2019112315541501194&transaction_id=20191123155415555456&amount=100.0000&datetime=20191123155616&returncode=00&sign=5B25FB3A2BA95D5903FB8EE62A8DD851&attach=
HTTP状态：
返回：OK

【2019-11-23 15:56:34】
订单号：20191123155455102481
通知地址：http://pay.vip6081.com/onlinepay/jiufubaov2/notify.do
通知报文：memberid=191155102&orderid=2019112315545301197&transaction_id=20191123155455102481&amount=200.0000&datetime=20191123155634&returncode=00&sign=254F2F7AF819F1C5BF875EE2B5E14656&attach=
HTTP状态：
返回：OK

【2019-11-23 16:09:14】
订单号：20191123160721575310
通知地址：http://pay.vip6081.com/onlinepay/jiufubaov2/notify.do
通知报文：memberid=191155102&orderid=2019112316072101235&transaction_id=20191123160721575310&amount=364.0000&datetime=20191123160912&returncode=00&sign=AEC1FF8A6D67DEA90100CC2349C4B9F0&attach=
HTTP状态：
返回：OK

【2019-11-23 16:12:40】
订单号：20191123161022101985
通知地址：http://pay1.dr5151.com/apis/pay_gateway/jiufujinzhifu/notice
通知报文：memberid=191209911&orderid=F201911231610215671&transaction_id=20191123161022101985&amount=200.0000&datetime=20191123161240&returncode=00&sign=DE1C7AE902E96039F3874D857376DBB7&attach=
HTTP状态：
返回：OK

【2019-11-23 16:14:16】
订单号：20191123161258979750
通知地址：http://pay1.dr5151.com/apis/pay_gateway/jiufujinzhifu/notice
通知报文：memberid=191209911&orderid=F201911231612561950&transaction_id=20191123161258979750&amount=600.0000&datetime=20191123161415&returncode=00&sign=CE853753F36558E704BAC1D909956A7E&attach=
HTTP状态：
返回：OK

【2019-11-23 16:14:37】
订单号：20191123130533100494
通知地址：http://pay1.dr5151.com/apis/pay_gateway/jiufujinzhifu/notice
通知报文：memberid=191209911&orderid=F201911231305324536&transaction_id=20191123130533100494&amount=100.0000&datetime=20191123161437&returncode=00&sign=4B5EB3D1F77D3C8C5C4C413CC5B5910B&attach=
HTTP状态：
返回：OK

【2019-11-23 16:16:04】
订单号：20191123161415555750
通知地址：http://pay1.dr5151.com/apis/pay_gateway/jiufujinzhifu/notice
通知报文：memberid=191209911&orderid=F201911231614095079&transaction_id=20191123161415555750&amount=100.0000&datetime=20191123161603&returncode=00&sign=4F2AE26AD86FFA5546E2C8F157D872AB&attach=
HTTP状态：
返回：OK

【2019-11-23 16:21:49】
订单号：20191123161911102511
通知地址：http://awseb-e-q-awsebloa-p0jtqe3naeml-278855201.ap-northeast-1.elb.amazonaws.com/pay/notify/152/521
通知报文：memberid=191209912&orderid=1041143520191123161907691&transaction_id=20191123161911102511&amount=100.0000&datetime=20191123162149&returncode=00&sign=9143B35897D8E604B1D79B1F1DF4174D&attach=
HTTP状态：
返回：OK

【2019-11-23 16:34:02】
订单号：20191123163057495310
通知地址：https://payback3.lebopay.net/jfbscpay/scallback.php
通知报文：memberid=191209913&orderid=2019112304305524619508&transaction_id=20191123163057495310&amount=100.0000&datetime=20191123163400&returncode=00&sign=864F8422A04FEB5996CF7F0754A4FA7A&attach=41535-a013e4ea820ad5091e92a6893d224f9b
HTTP状态：
返回：OK

【2019-11-23 16:36:23】
订单号：20191123163444525054
通知地址：http://pay1.dr5151.com/apis/pay_gateway/jiufujinzhifu/notice
通知报文：memberid=191209911&orderid=F201911231634422542&transaction_id=20191123163444525054&amount=400.0000&datetime=20191123163623&returncode=00&sign=B020732D9576A556FC6EF36C6E663E18&attach=
HTTP状态：
返回：OK

【2019-11-23 16:45:16】
订单号：20191123164324995053
通知地址：http://pay.vip6081.com/onlinepay/jiufubaov2/notify.do
通知报文：memberid=191155102&orderid=2019112316432401323&transaction_id=20191123164324995053&amount=300.0000&datetime=20191123164515&returncode=00&sign=2465847A19D388AE04E88CC783838185&attach=
HTTP状态：
返回：OK

【2019-11-23 16:47:05】
订单号：20191123162937495155
通知地址：http://pay1.dr5151.com/apis/pay_gateway/jiufujinzhifu/notice
通知报文：memberid=191209911&orderid=F201911231629384518&transaction_id=20191123162937495155&amount=100.0000&datetime=20191123164705&returncode=00&sign=8BAC1F27E2078E16F19BBE297251D7F2&attach=
HTTP状态：
返回：OK

【2019-11-23 16:49:21】
订单号：20191123164750545548
通知地址：https://payback3.lebopay.net/jfbscpay/scallback.php
通知报文：memberid=191209913&orderid=2019112304474718539508&transaction_id=20191123164750545548&amount=100.0000&datetime=20191123164919&returncode=00&sign=AB2733D360540D70785C23FDF35BF919&attach=41535-347f142e6963c7830afb226dd250381b
HTTP状态：
返回：OK

【2019-11-23 17:23:41】
订单号：20191123172203985056
通知地址：http://pay.vip6081.com/onlinepay/jiufubaov2/notify.do
通知报文：memberid=191155102&orderid=2019112317220301422&transaction_id=20191123172203985056&amount=100.0000&datetime=20191123172341&returncode=00&sign=159FB27BCAF1A2F9761E1674E34BD889&attach=
HTTP状态：
返回：OK

【2019-11-23 17:25:35】
订单号：20191123172349531019
通知地址：http://150.109.59.33/tools/notify-1bcf_88b2b2_8747_289083b_7b6a
通知报文：memberid=191189793&orderid=ZF191123172351796305&transaction_id=20191123172349531019&amount=200.1100&datetime=20191123172535&returncode=00&sign=EBD84418374E85403C9D903FB6478DF8&attach=
HTTP状态：
返回：ok

【2019-11-23 17:26:30】
订单号：20191123172416481011
通知地址：http://pay.1youbox.com/onlinepay/jiufubaov2/notify.do
通知报文：memberid=191209910&orderid=2019112317241002346&transaction_id=20191123172416481011&amount=200.0000&datetime=20191123172629&returncode=00&sign=78A24CE38589C92373E9F6E740262A25&attach=
HTTP状态：
返回：OK

【2019-11-23 17:27:38】
订单号：20191123172542549753
通知地址：http://pay1.dr5151.com/apis/pay_gateway/jiufujinzhifu/notice
通知报文：memberid=191209911&orderid=F201911231725394506&transaction_id=20191123172542549753&amount=100.0000&datetime=20191123172738&returncode=00&sign=613BA1A980619489C89B23A7DA66CF5B&attach=
HTTP状态：
返回：OK

【2019-11-23 17:29:23】
订单号：20191123170612525352
通知地址：http://pay1.dr5151.com/apis/pay_gateway/jiufujinzhifu/notice
通知报文：memberid=191209911&orderid=F201911231706052209&transaction_id=20191123170612525352&amount=100.0000&datetime=20191123172922&returncode=00&sign=C2302055133865E9085584F25A5BFD2C&attach=
HTTP状态：
返回：OK

【2019-11-23 17:59:54】
订单号：20191123175747985452
通知地址：http://pay.vip6081.com/onlinepay/jiufubaov2/notify.do
通知报文：memberid=191155102&orderid=2019112317574701509&transaction_id=20191123175747985452&amount=300.0000&datetime=20191123175954&returncode=00&sign=42D6803A00B4D7A07D7BC6328D7750A3&attach=
HTTP状态：
返回：OK

【2019-11-23 18:12:01】
订单号：20191123181042505549
通知地址：https://a.818-158.com/Public.server.do
通知报文：memberid=191095866&orderid=O1911231810428241&transaction_id=20191123181042505549&amount=300.0000&datetime=20191123181200&returncode=00&sign=E034DA5AD83470E467ACEE91DA225D01&attach=501,https://a.818-158.com/Account.jhrecharge.do
HTTP状态：
返回：OK

【2019-11-23 18:36:43】
订单号：20191123183032569851
通知地址：http://pay.1youbox.com/onlinepay/jiufubaov2/notify.do
通知报文：memberid=191209910&orderid=2019112318303302567&transaction_id=20191123183032569851&amount=100.0000&datetime=20191123183643&returncode=00&sign=51794991B95863349FD191FAF417E29A&attach=
HTTP状态：
返回：OK

【2019-11-23 18:36:49】
订单号：20191123183116525654
通知地址：http://pay.vip6081.com/onlinepay/jiufubaov2/notify.do
通知报文：memberid=191155102&orderid=2019112318311201596&transaction_id=20191123183116525654&amount=200.0000&datetime=20191123183649&returncode=00&sign=CAA7CC332B136D3F1C357B35BF447FD7&attach=
HTTP状态：
返回：OK

【2019-11-23 18:59:10】
订单号：20191123185744565654
通知地址：http://pay1.dr5151.com/apis/pay_gateway/jiufujinzhifu/notice
通知报文：memberid=191209911&orderid=F201911231857393679&transaction_id=20191123185744565654&amount=100.0000&datetime=20191123185909&returncode=00&sign=6717AB4FA8A89F128831AB5EC76A43C7&attach=
HTTP状态：
返回：OK

【2019-11-23 19:04:29】
订单号：20191123190127555610
通知地址：http://pay.vip6081.com/onlinepay/jiufubaov2/notify.do
通知报文：memberid=191155102&orderid=2019112319012701687&transaction_id=20191123190127555610&amount=200.0000&datetime=20191123190428&returncode=00&sign=6F96218093ECDD2CF5EC87B1A31906A2&attach=
HTTP状态：
返回：OK

【2019-11-23 19:07:10】
订单号：20191123190523514999
通知地址：http://pay.1youbox.com/onlinepay/jiufubaov2/notify.do
通知报文：memberid=191209910&orderid=2019112319052302712&transaction_id=20191123190523514999&amount=100.0000&datetime=20191123190710&returncode=00&sign=0431A527F8BE7A88AEA74FF277A13E8F&attach=
HTTP状态：
返回：OK

【2019-11-23 19:16:05】
订单号：20191123191336481011
通知地址：http://pay.1youbox.com/onlinepay/jiufubaov2/notify.do
通知报文：memberid=191209910&orderid=2019112319133602743&transaction_id=20191123191336481011&amount=200.0000&datetime=20191123191604&returncode=00&sign=585E6C36B58473F5A50C95853F5545E2&attach=
HTTP状态：
返回：OK

【2019-11-23 19:16:21】
订单号：20191123191518545354
通知地址：http://pay1.dr5151.com/apis/pay_gateway/jiufujinzhifu/notice
通知报文：memberid=191209911&orderid=F201911231915191985&transaction_id=20191123191518545354&amount=100.0000&datetime=20191123191620&returncode=00&sign=D382DC174C998CBBA04396DE0275C9C3&attach=
HTTP状态：
返回：OK

【2019-11-23 19:16:30】
订单号：20191123191457495153
通知地址：http://pay1.dr5151.com/apis/pay_gateway/jiufujinzhifu/notice
通知报文：memberid=191209911&orderid=F201911231914474869&transaction_id=20191123191457495153&amount=100.0000&datetime=20191123191630&returncode=00&sign=14BA34A51941BDA7C39B0C546F87329A&attach=
HTTP状态：
返回：OK

【2019-11-23 19:21:15】
订单号：20191123192001491019
通知地址：http://pay.vip6081.com/onlinepay/jiufubaov2/notify.do
通知报文：memberid=191155102&orderid=2019112319200201732&transaction_id=20191123192001491019&amount=201.0000&datetime=20191123192115&returncode=00&sign=183AB2A34B661B7673F95BF7C0F39ADC&attach=
HTTP状态：
返回：OK

【2019-11-23 19:23:17】
订单号：20191123192113579999
通知地址：http://pay.1youbox.com/onlinepay/jiufubaov2/notify.do
通知报文：memberid=191209910&orderid=2019112319210302773&transaction_id=20191123192113579999&amount=100.0000&datetime=20191123192317&returncode=00&sign=07155BAA250C79E64CEA6E0E800BD0D1&attach=
HTTP状态：
返回：OK

【2019-11-23 19:30:48】
订单号：20191123192914971005
通知地址：https://a.818-158.com/Public.server.do
通知报文：memberid=191095866&orderid=O1911231929163684&transaction_id=20191123192914971005&amount=500.0000&datetime=20191123193048&returncode=00&sign=A61CDDCDAD72D56CE4E4F7D732D54094&attach=512,https://a.818-158.com/Account.jhrecharge.do
HTTP状态：
返回：OK

【2019-11-23 19:34:53】
订单号：20191123193333100505
通知地址：http://pay.vip6081.com/onlinepay/jiufubaov2/notify.do
通知报文：memberid=191155102&orderid=2019112319333301765&transaction_id=20191123193333100505&amount=300.0000&datetime=20191123193453&returncode=00&sign=1A06157A7B4D9B496052B342787B3845&attach=
HTTP状态：
返回：OK

【2019-11-23 19:43:26】
订单号：20191123194146975451
通知地址：https://a.818-158.com/Public.server.do
通知报文：memberid=191095866&orderid=U1911231941480799&transaction_id=20191123194146975451&amount=1500.0000&datetime=20191123194326&returncode=00&sign=955A0DE53DC4440FC83ED3FDD419FEE2&attach=512,https://a.818-158.com/Account.jhrecharge.do
HTTP状态：
返回：OK

【2019-11-23 19:58:22】
订单号：20191123195650509754
通知地址：http://pay.1youbox.com/onlinepay/jiufubaov2/notify.do
通知报文：memberid=191209910&orderid=2019112319565202934&transaction_id=20191123195650509754&amount=100.0000&datetime=20191123195820&returncode=00&sign=51F6D9AF8E437073595D85AAC0D63909&attach=
HTTP状态：
返回：OK

【2019-11-23 20:05:44】
订单号：20191123200312485351
通知地址：http://pay.1youbox.com/onlinepay/jiufubaov2/notify.do
通知报文：memberid=191209910&orderid=2019112320031102959&transaction_id=20191123200312485351&amount=100.0000&datetime=20191123200544&returncode=00&sign=0DEE9440D5060D35F827B74FFC1165FA&attach=
HTTP状态：
返回：OK

【2019-11-23 20:06:16】
订单号：20191123200425575351
通知地址：https://a.818-158.com/Public.server.do
通知报文：memberid=191095866&orderid=R1911232004197285&transaction_id=20191123200425575351&amount=500.0000&datetime=20191123200616&returncode=00&sign=5E50890568A8588D65EEAF29E6CD75AE&attach=499,https://a.818-158.com/Account.jhrecharge.do
HTTP状态：
返回：OK

【2019-11-23 20:15:03】
订单号：20191123200816485652
通知地址：http://pay.1youbox.com/onlinepay/jiufubaov2/notify.do
通知报文：memberid=191209910&orderid=2019112320081702982&transaction_id=20191123200816485652&amount=1008.0000&datetime=20191123201502&returncode=00&sign=6D4DF0A77EB60A6B462E003DA965A5BD&attach=
HTTP状态：
返回：OK

【2019-11-23 20:15:15】
订单号：20191123201346975499
通知地址：http://pay.1youbox.com/onlinepay/jiufubaov2/notify.do
通知报文：memberid=191209910&orderid=2019112320134602995&transaction_id=20191123201346975499&amount=100.0000&datetime=20191123201515&returncode=00&sign=DDF6317431069998AC8EF53BAA43CEDE&attach=
HTTP状态：
返回：OK

【2019-11-23 20:22:25】
订单号：20191123202036529951
通知地址：https://payback3.lebopay.net/jfbscpay/scallback.php
通知报文：memberid=191209913&orderid=2019112308203428593188&transaction_id=20191123202036529951&amount=100.0000&datetime=20191123202223&returncode=00&sign=3B16FF8A84BA15769D6613533F15E363&attach=41535-273773af93c174478e923f3be10a5729
HTTP状态：
返回：OK

【2019-11-23 20:27:53】
订单号：20191123202611515099
通知地址：http://pay.vip6081.com/onlinepay/jiufubaov2/notify.do
通知报文：memberid=191155102&orderid=2019112320261201961&transaction_id=20191123202611515099&amount=300.0000&datetime=20191123202753&returncode=00&sign=D266C8E8EB461D75E699705DF8C066C6&attach=
HTTP状态：
返回：OK

【2019-11-23 20:28:52】
订单号：20191123202730505098
通知地址：http://pay.1youbox.com/onlinepay/jiufubaov2/notify.do
通知报文：memberid=191209910&orderid=2019112320273003053&transaction_id=20191123202730505098&amount=500.0000&datetime=20191123202851&returncode=00&sign=EB61CB979038B1C211A1292EC0B0EFD4&attach=
HTTP状态：
返回：OK

【2019-11-23 20:29:30】
订单号：20191123202558541015
通知地址：http://pay.1youbox.com/onlinepay/jiufubaov2/notify.do
通知报文：memberid=191209910&orderid=2019112320255903042&transaction_id=20191123202558541015&amount=300.0000&datetime=20191123202930&returncode=00&sign=DB06D74A685B1A7F0A885B18999A652E&attach=
HTTP状态：
返回：OK

【2019-11-23 20:30:54】
订单号：20191123202654101975
通知地址：https://payback3.lebopay.net/jfbscpay/scallback.php
通知报文：memberid=191209913&orderid=2019112308264957977429&transaction_id=20191123202654101975&amount=200.0000&datetime=20191123203052&returncode=00&sign=38C141E6E70D6C30A20AF8298AF00534&attach=41536-e3fef405bf5c6d0f9e96463be8f03731
HTTP状态：
返回：OK

【2019-11-23 20:31:20】
订单号：20191123203002979997
通知地址：https://payback3.lebopay.net/jfbscpay/scallback.php
通知报文：memberid=191209913&orderid=2019112308300162272104&transaction_id=20191123203002979997&amount=3000.0000&datetime=20191123203118&returncode=00&sign=F2924E2148F6F5E8E1F07E59C6EC96DA&attach=41535-79991767133ce6b9f3cff2b9f4f2878c
HTTP状态：
返回：OK

【2019-11-23 20:37:51】
订单号：20191123203631102565
通知地址：https://a.818-158.com/Public.server.do
通知报文：memberid=191095866&orderid=N1911232036335758&transaction_id=20191123203631102565&amount=500.0000&datetime=20191123203751&returncode=00&sign=37A26FE5FBE243358E539A91CFD32F0F&attach=512,https://a.818-158.com/Account.jhrecharge.do
HTTP状态：
返回：OK

【2019-11-23 20:39:55】
订单号：20191123203821100525
通知地址：http://pay.1youbox.com/onlinepay/jiufubaov2/notify.do
通知报文：memberid=191209910&orderid=2019112320382203087&transaction_id=20191123203821100525&amount=120.0000&datetime=20191123203954&returncode=00&sign=FBC691FBF410C59E7C1A2146D5ADD5A6&attach=
HTTP状态：
返回：OK

【2019-11-23 21:14:01】
订单号：20191123211022101995
通知地址：http://awseb-e-q-awsebloa-p0jtqe3naeml-278855201.ap-northeast-1.elb.amazonaws.com/pay/notify/152/521
通知报文：memberid=191209912&orderid=1041143520191123211020417&transaction_id=20191123211022101995&amount=200.0000&datetime=20191123211401&returncode=00&sign=ECA809BD7903E30428B05A3629A5DA98&attach=
HTTP状态：
返回：OK

【2019-11-23 21:15:09】
订单号：20191123211322509848
通知地址：http://pay1.dr5151.com/apis/pay_gateway/jiufujinzhifu/notice
通知报文：memberid=191209911&orderid=F201911232113229255&transaction_id=20191123211322509848&amount=5000.0000&datetime=20191123211508&returncode=00&sign=66E02E0B538525AC08CF57153183A0E7&attach=
HTTP状态：
返回：OK

【2019-11-23 21:19:57】
订单号：20191123211339511015
通知地址：http://pay1.dr5151.com/apis/pay_gateway/jiufujinzhifu/notice
通知报文：memberid=191209911&orderid=F201911232113398639&transaction_id=20191123211339511015&amount=100.0000&datetime=20191123211956&returncode=00&sign=0E4B4A9B1E13C5A45F77420173BE37C2&attach=
HTTP状态：
返回：OK

【2019-11-23 21:27:07】
订单号：20191123212341100521
通知地址：http://awseb-e-q-awsebloa-p0jtqe3naeml-278855201.ap-northeast-1.elb.amazonaws.com/pay/notify/152/520
通知报文：memberid=191209912&orderid=1040828420191123212340356&transaction_id=20191123212341100521&amount=100.0000&datetime=20191123212707&returncode=00&sign=40B23C5E58CE3C85E64A8ABBB96C9CCB&attach=
HTTP状态：
返回：OK

【2019-11-23 21:28:36】
订单号：20191123212608485610
通知地址：http://pay.1youbox.com/onlinepay/jiufubaov2/notify.do
通知报文：memberid=191209910&orderid=2019112321260203272&transaction_id=20191123212608485610&amount=100.0000&datetime=20191123212836&returncode=00&sign=71040FDC461899ADD9BB2AFFB2F7BE27&attach=
HTTP状态：
返回：OK

【2019-11-23 21:32:44】
订单号：20191123212949100100
通知地址：http://pay.vip6081.com/onlinepay/jiufubaov2/notify.do
通知报文：memberid=191155102&orderid=2019112321294602184&transaction_id=20191123212949100100&amount=100.0000&datetime=20191123213244&returncode=00&sign=C4C9CDABEBEA47B5A8F0240FEAADF2D0&attach=
HTTP状态：
返回：OK

【2019-11-23 21:34:49】
订单号：20191123213306509951
通知地址：http://pay.1youbox.com/onlinepay/jiufubaov2/notify.do
通知报文：memberid=191209910&orderid=2019112321330403314&transaction_id=20191123213306509951&amount=100.1100&datetime=20191123213449&returncode=00&sign=653A7F3687BBDD3D45D08EA773806646&attach=
HTTP状态：
返回：OK

【2019-11-23 21:36:12】
订单号：20191123213424485554
通知地址：http://pay1.dr5151.com/apis/pay_gateway/jiufujinzhifu/notice
通知报文：memberid=191209911&orderid=F201911232134161267&transaction_id=20191123213424485554&amount=100.0000&datetime=20191123213610&returncode=00&sign=25395303095B0BBBDC348DB36FB2E7DF&attach=
HTTP状态：
返回：OK

【2019-11-23 21:40:37】
订单号：20191123213809494848
通知地址：http://awseb-e-q-awsebloa-p0jtqe3naeml-278855201.ap-northeast-1.elb.amazonaws.com/pay/notify/152/520
通知报文：memberid=191209912&orderid=1040722720191123213806652&transaction_id=20191123213809494848&amount=100.0000&datetime=20191123214037&returncode=00&sign=B51B54426722DF0ADD268CDE95023CA5&attach=
HTTP状态：
返回：OK

【2019-11-23 22:04:30】
订单号：20191123214647555351
通知地址：https://a.818-158.com/Public.server.do
通知报文：memberid=191095866&orderid=S1911232146461939&transaction_id=20191123214647555351&amount=500.0000&datetime=20191123220430&returncode=00&sign=88069A0FA5EA8DD0FA227515CD0EDDC3&attach=691,https://a.818-158.com/Account.jhrecharge.do
HTTP状态：
返回：OK

【2019-11-23 22:04:53】
订单号：20191123220205100975
通知地址：http://pay.vip6081.com/onlinepay/jiufubaov2/notify.do
通知报文：memberid=191155102&orderid=2019112322020402284&transaction_id=20191123220205100975&amount=200.0000&datetime=20191123220453&returncode=00&sign=64D9F67D6AC3DCB16BB72FB83549F466&attach=
HTTP状态：
返回：OK

【2019-11-23 22:19:28】
订单号：20191123221653539910
通知地址：https://a.818-158.com/Public.server.do
通知报文：memberid=191095866&orderid=L1911232216535474&transaction_id=20191123221653539910&amount=500.0000&datetime=20191123221928&returncode=00&sign=8FC8610D8A9BD7E3145D1801572CE410&attach=501,https://a.818-158.com/Account.jhrecharge.do
HTTP状态：
返回：OK

【2019-11-23 22:24:38】
订单号：20191123222052525554
通知地址：http://pay.vip6081.com/onlinepay/jiufubaov2/notify.do
通知报文：memberid=191155102&orderid=2019112322205102347&transaction_id=20191123222052525554&amount=100.0000&datetime=20191123222438&returncode=00&sign=4182946711B9AB9A93BAB57632F493F3&attach=
HTTP状态：
返回：OK

【2019-11-23 22:30:54】
订单号：20191123222755981015
通知地址：http://150.109.59.33/tools/notify-1bcf_8ae48b_b9b1_288ec52_7bbb
通知报文：memberid=191189793&orderid=WX191123222751746118&transaction_id=20191123222755981015&amount=500.1100&datetime=20191123223054&returncode=00&sign=2F7A7C7A3DD7E2D0AF9CE11447316237&attach=
HTTP状态：
返回：ok

【2019-11-23 22:43:40】
订单号：20191123224138504849
通知地址：https://a.818-158.com/Public.server.do
通知报文：memberid=191095866&orderid=S1911232241385798&transaction_id=20191123224138504849&amount=500.0000&datetime=20191123224340&returncode=00&sign=6034121E146FAA4DEE229CF1CAEABC3C&attach=512,https://a.818-158.com/Account.jhrecharge.do
HTTP状态：
返回：OK

【2019-11-23 22:55:12】
订单号：20191123225330979754
通知地址：http://pay1.dr5151.com/apis/pay_gateway/jiufujinzhifu/notice
通知报文：memberid=191209911&orderid=F201911232253245124&transaction_id=20191123225330979754&amount=100.0000&datetime=20191123225511&returncode=00&sign=7ED07C612E57B68FE7716A795A126908&attach=
HTTP状态：
返回：OK

【2019-11-23 22:55:54】
订单号：20191123225408485756
通知地址：http://pay.ffc585.com/JiuFuBaoZhiFuReturn/Index
通知报文：memberid=191205418&orderid=RK520689237631004293&transaction_id=20191123225408485756&amount=200.0000&datetime=20191123225551&returncode=00&sign=BA7DFA58938ED2E6EB43EC98EE1FF384&attach=
HTTP状态：
返回：OK

【2019-11-23 22:56:01】
订单号：20191123225242975352
通知地址：https://a.818-158.com/Public.server.do
通知报文：memberid=191095866&orderid=R1911232252427733&transaction_id=20191123225242975352&amount=1000.0000&datetime=20191123225559&returncode=00&sign=9FBA5554BA784E98E4B2819227FFC2F8&attach=512,https://a.818-158.com/Account.jhrecharge.do
HTTP状态：
返回：OK

【2019-11-23 23:18:06】
订单号：20191123231638545199
通知地址：https://a.818-158.com/Public.server.do
通知报文：memberid=191095866&orderid=T1911232316372690&transaction_id=20191123231638545199&amount=1000.0000&datetime=20191123231806&returncode=00&sign=313CF95085FD93E0A9373CE5511F0CFC&attach=512,https://a.818-158.com/Account.jhrecharge.do
HTTP状态：
返回：OK

【2019-11-23 23:32:55】
订单号：20191123233011514855
通知地址：http://pay.vip6081.com/onlinepay/jiufubaov2/notify.do
通知报文：memberid=191155102&orderid=2019112323301002545&transaction_id=20191123233011514855&amount=500.0000&datetime=20191123233254&returncode=00&sign=AA81FC8040C75125399BB1F1826815A7&attach=
HTTP状态：
返回：OK

【2019-11-23 23:37:31】
订单号：20191123233554979998
通知地址：http://pay.1youbox.com/onlinepay/jiufubaov2/notify.do
通知报文：memberid=191209910&orderid=2019112323355303692&transaction_id=20191123233554979998&amount=100.0000&datetime=20191123233730&returncode=00&sign=0F53FE6F3B7A1E18FB9AD537D3F572EE&attach=
HTTP状态：
返回：OK

