【2019-11-13 01:15:12】
订单号：20191113005157100505
通知地址：https://www.jiufupay.cn/Pay_Charges_notify.html
通知报文：memberid=20002&orderid=C20191113005156349366&transaction_id=20191113005157100505&amount=100.0000&datetime=20191113011512&returncode=00&sign=51E37750BB054AD4575C04746303B584&attach=
HTTP状态：
返回：OK

【2019-11-13 01:16:44】
订单号：20191113005157100505
通知地址：https://www.jiufupay.cn/Pay_Charges_notify.html
通知报文：memberid=20002&orderid=C20191113005156349366&transaction_id=20191113005157100505&amount=100.0000&datetime=20191113011644&returncode=00&sign=6EA768F89F2F3E560BED9889093F1819&attach=
HTTP状态：
返回：OK

【2019-11-13 01:16:48】
订单号：20191113003831555310
通知地址：https://www.jiufupay.cn/Pay_Charges_notify.html
通知报文：memberid=20002&orderid=C20191113003831384248&transaction_id=20191113003831555310&amount=100.0000&datetime=20191113011648&returncode=00&sign=7C3A90F3DBF2BB4D81B9E106D04EE150&attach=
HTTP状态：
返回：OK

【2019-11-13 01:16:50】
订单号：20191113001132525497
通知地址：http://bspay.7171r.com/Notify/Async/apiToken/D41BD23595D3EF7D3806D4F43D705ADE
通知报文：memberid=191165591&orderid=C2191968862981675669&transaction_id=20191113001132525497&amount=100.0000&datetime=20191113011650&returncode=00&sign=A810D86DED09A0727C06B0507B1722A4&attach=
HTTP状态：
返回：OK

【2019-11-13 01:16:52】
订单号：20191112235814545049
通知地址：https://www.jiufupay.cn/Pay_Charges_notify.html
通知报文：memberid=20002&orderid=C20191112235813255217&transaction_id=20191112235814545049&amount=100.0000&datetime=20191113011652&returncode=00&sign=3AC2E2C2206DB2BC4707FE4E8367ECD0&attach=
HTTP状态：
返回：OK

【2019-11-13 01:17:44】
订单号：20191112225432565110
通知地址：https://www.jiufupay.cn/Pay_Charges_notify.html
通知报文：memberid=191095866&orderid=C20191112225432586160&transaction_id=20191112225432565110&amount=100.0000&datetime=20191113011744&returncode=00&sign=AD6E7A939E92F413895EEF0CA4EF5B46&attach=
HTTP状态：
返回：OK

【2019-11-13 01:21:12】
订单号：20191107231731984999
通知地址：https://m.818-158.com/Public.server.do
通知报文：memberid=191095866&orderid=C1911072317309824&transaction_id=20191107231731984999&amount=5.0000&datetime=20191113012112&returncode=00&sign=412FB78E9AB246111D2B22AA4AD7C37D&attach=242,https://a.818-158.com/Account.jhrecharge.do
HTTP状态：
返回：

【2019-11-13 01:43:10】
订单号：20191113014155515298
通知地址：http://bspay.7171r.com/Notify/Async/apiToken/D41BD23595D3EF7D3806D4F43D705ADE
通知报文：memberid=191165591&orderid=C2191944373884201552&transaction_id=20191113014155515298&amount=1000.0000&datetime=20191113014309&returncode=00&sign=32CAB48BBB40C66B4833514C8277F1C6&attach=
HTTP状态：
返回：OK

【2019-11-13 02:18:58】
订单号：20191113021750101555
通知地址：http://e019cdb2app.miapp88api.com/Api/Home/payCallBack/jiufubao
通知报文：memberid=191121442&orderid=11130217541035&transaction_id=20191113021750101555&amount=101.0000&datetime=20191113021856&returncode=00&sign=7BB548D875C0E76AC150FE00D0020037&attach=
HTTP状态：
返回：查询订单失败查询订单订单状态为未支付ok

【2019-11-13 06:13:02】
订单号：20191113061228995055
通知地址：https://www.jiufupay.cn/Pay_Charges_notify.html
通知报文：memberid=20002&orderid=C20191113061227934160&transaction_id=20191113061228995055&amount=300.0000&datetime=20191113061302&returncode=00&sign=B7EDED32699696B6175B1EBBCCEFD3BC&attach=
HTTP状态：
返回：OK

【2019-11-13 06:13:03】
订单号：20191113061228995055
通知地址：https://www.jiufupay.cn/Pay_Charges_notify.html
通知报文：memberid=20002&orderid=C20191113061227934160&transaction_id=20191113061228995055&amount=300.0000&datetime=20191113061303&returncode=00&sign=98DB5FCBDF25D8E936578DF616F9DDFA&attach=
HTTP状态：
返回：OK

【2019-11-13 06:13:06】
订单号：20191113061228995055
通知地址：https://www.jiufupay.cn/Pay_Charges_notify.html
通知报文：memberid=20002&orderid=C20191113061227934160&transaction_id=20191113061228995055&amount=300.0000&datetime=20191113061306&returncode=00&sign=6C31579752034B73BE5D5DBADF59F688&attach=
HTTP状态：
返回：OK

【2019-11-13 06:17:11】
订单号：20191113061659989810
通知地址：http://a.818-158.com/Public.server.do
通知报文：memberid=191095866&orderid=V1911130616587383&transaction_id=20191113061659989810&amount=300.0000&datetime=20191113061711&returncode=00&sign=63A2D132B7A6736928FBC68079D5D8D5&attach=242,
HTTP状态：
返回：OK

【2019-11-13 06:17:13】
订单号：20191113061659989810
通知地址：http://a.818-158.com/Public.server.do
通知报文：memberid=191095866&orderid=V1911130616587383&transaction_id=20191113061659989810&amount=300.0000&datetime=20191113061713&returncode=00&sign=C7B16E41608B1E8EEA6B856D1768099E&attach=242,
HTTP状态：
返回：OK

【2019-11-13 06:17:15】
订单号：20191113061659989810
通知地址：http://a.818-158.com/Public.server.do
通知报文：memberid=191095866&orderid=V1911130616587383&transaction_id=20191113061659989810&amount=300.0000&datetime=20191113061715&returncode=00&sign=3EAB798D3DE4289DEFEBA9D88FA0DA89&attach=242,
HTTP状态：
返回：OK

【2019-11-13 06:19:35】
订单号：20191113061859515097
通知地址：http://a.818-158.com/Public.server.do
通知报文：memberid=191095866&orderid=B1911130618591416&transaction_id=20191113061859515097&amount=300.0000&datetime=20191113061935&returncode=00&sign=AA0C314CC1CADC4200338CDAD65D5169&attach=242,http://a.818-158.com/Account.jhrecharge.do
HTTP状态：
返回：OK

【2019-11-13 06:19:37】
订单号：20191113061859515097
通知地址：http://a.818-158.com/Public.server.do
通知报文：memberid=191095866&orderid=B1911130618591416&transaction_id=20191113061859515097&amount=300.0000&datetime=20191113061937&returncode=00&sign=A8A9DC2884C9DABF96D5753AEA9E962F&attach=242,http://a.818-158.com/Account.jhrecharge.do
HTTP状态：
返回：OK

【2019-11-13 06:19:39】
订单号：20191113061859515097
通知地址：http://a.818-158.com/Public.server.do
通知报文：memberid=191095866&orderid=B1911130618591416&transaction_id=20191113061859515097&amount=300.0000&datetime=20191113061939&returncode=00&sign=3677AB9C00B297337EA74176E12B1BF4&attach=242,http://a.818-158.com/Account.jhrecharge.do
HTTP状态：
返回：OK

【2019-11-13 06:20:50】
订单号：20191113062041575055
通知地址：http://a.818-158.com/Public.sesrver.do
通知报文：memberid=191095866&orderid=X1911130620416491&transaction_id=20191113062041575055&amount=300.0000&datetime=20191113062050&returncode=00&sign=70BECBE92A938D022393C8DF0ED10884&attach=242,http://a.818-158.com/Account.jhrecharge.do
HTTP状态：
返回：<!DOCTYPE html PUBLIC "-//W3C//DTD XHTML 1.0 Transitional//EN" "http://www.w3.org/TR/xhtml1/DTD/xhtml1-transitional.dtd">
<html xmlns="http://www.w3.org/1999/xhtml"><head>
<meta content="text/html; charset=utf-8" http-equiv="Content-Type">
<title>系统发生错误</title>
<style type="text/css">
*{ padding: 0; margin: 0; }
html{ overflow-y: scroll; }
body{ background: #fff; font-family: '微软雅黑'; color: #333; font-size: 16px; }
img{ border: 0; }
.error{ padding: 24px 48px; }
.face{ font-size: 100px; font-weight: normal; line-height: 120px; margin-bottom: 12px; }
h1{ font-size: 32px; line-height: 48px; }
.error .content{ padding-top: 10px}
.error .info{ margin-bottom: 12px; }
.error .info .title{ margin-bottom: 3px; }
.error .info .title h3{ color: #000; font-weight: 700; font-size: 16px; }
.error .info .text{ line-height: 24px; }
.copyright{ padding: 12px 48px; color: #999; }
.copyright a{ color: #000; text-decoration: none; }
</style>
</head>
<body>
<div class="error">
<p class="face">:(</p>
<h1>非法操作:sesrver</h1>
<div class="content">
	<div class="info">
		<div class="title">
			<h3>错误位置</h3>
		</div>
		<div class="text">
			<p>FILE: D:\wwwroot\web\Core\Library\Think\Controller.class.php &#12288;LINE: 173</p>
		</div>
	</div>
	<div class="info">
		<div class="title">
			<h3>TRACE</h3>
		</div>
		<div class="text">
			<p>#0 D:\wwwroot\web\Core\Library\Think\Controller.class.php(173): E('\xE9\x9D\x9E\xE6\xB3\x95\xE6\x93\x8D\xE4\xBD\x9C:se...')<br />
#1 [internal function]: Think\Controller->__call('sesrver', '')<br />
#2 D:\wwwroot\web\Core\Library\Think\App.class.php(114): ReflectionMethod->invokeArgs(Object(Home\Controller\PublicController), Array)<br />
#3 D:\wwwroot\web\Core\Library\Think\App.class.php(204): Think\App::exec()<br />
#4 D:\wwwroot\web\Core\Library\Think\Think.class.php(120): Think\App::run()<br />
#5 D:\wwwroot\web\Core\core.php(97): Think\Think::start()<br />
#6 D:\wwwroot\web\start.php(57): require('D:\\wwwroot\\web\\...')<br />
#7 {main}</p>
		</div>
	</div>
</div>
</div>
</body>
</html>


【2019-11-13 06:20:52】
订单号：20191113062041575055
通知地址：http://a.818-158.com/Public.sesrver.do
通知报文：memberid=191095866&orderid=X1911130620416491&transaction_id=20191113062041575055&amount=300.0000&datetime=20191113062052&returncode=00&sign=F99A0B68BDF692F9120CC9B2B7FA1417&attach=242,http://a.818-158.com/Account.jhrecharge.do
HTTP状态：
返回：<!DOCTYPE html PUBLIC "-//W3C//DTD XHTML 1.0 Transitional//EN" "http://www.w3.org/TR/xhtml1/DTD/xhtml1-transitional.dtd">
<html xmlns="http://www.w3.org/1999/xhtml"><head>
<meta content="text/html; charset=utf-8" http-equiv="Content-Type">
<title>系统发生错误</title>
<style type="text/css">
*{ padding: 0; margin: 0; }
html{ overflow-y: scroll; }
body{ background: #fff; font-family: '微软雅黑'; color: #333; font-size: 16px; }
img{ border: 0; }
.error{ padding: 24px 48px; }
.face{ font-size: 100px; font-weight: normal; line-height: 120px; margin-bottom: 12px; }
h1{ font-size: 32px; line-height: 48px; }
.error .content{ padding-top: 10px}
.error .info{ margin-bottom: 12px; }
.error .info .title{ margin-bottom: 3px; }
.error .info .title h3{ color: #000; font-weight: 700; font-size: 16px; }
.error .info .text{ line-height: 24px; }
.copyright{ padding: 12px 48px; color: #999; }
.copyright a{ color: #000; text-decoration: none; }
</style>
</head>
<body>
<div class="error">
<p class="face">:(</p>
<h1>非法操作:sesrver</h1>
<div class="content">
	<div class="info">
		<div class="title">
			<h3>错误位置</h3>
		</div>
		<div class="text">
			<p>FILE: D:\wwwroot\web\Core\Library\Think\Controller.class.php &#12288;LINE: 173</p>
		</div>
	</div>
	<div class="info">
		<div class="title">
			<h3>TRACE</h3>
		</div>
		<div class="text">
			<p>#0 D:\wwwroot\web\Core\Library\Think\Controller.class.php(173): E('\xE9\x9D\x9E\xE6\xB3\x95\xE6\x93\x8D\xE4\xBD\x9C:se...')<br />
#1 [internal function]: Think\Controller->__call('sesrver', '')<br />
#2 D:\wwwroot\web\Core\Library\Think\App.class.php(114): ReflectionMethod->invokeArgs(Object(Home\Controller\PublicController), Array)<br />
#3 D:\wwwroot\web\Core\Library\Think\App.class.php(204): Think\App::exec()<br />
#4 D:\wwwroot\web\Core\Library\Think\Think.class.php(120): Think\App::run()<br />
#5 D:\wwwroot\web\Core\core.php(97): Think\Think::start()<br />
#6 D:\wwwroot\web\start.php(57): require('D:\\wwwroot\\web\\...')<br />
#7 {main}</p>
		</div>
	</div>
</div>
</div>
</body>
</html>


【2019-11-13 06:20:54】
订单号：20191113062041575055
通知地址：http://a.818-158.com/Public.sesrver.do
通知报文：memberid=191095866&orderid=X1911130620416491&transaction_id=20191113062041575055&amount=300.0000&datetime=20191113062054&returncode=00&sign=D0F31BD5DC2D7987AD74A53D8F3D9A46&attach=242,http://a.818-158.com/Account.jhrecharge.do
HTTP状态：
返回：<!DOCTYPE html PUBLIC "-//W3C//DTD XHTML 1.0 Transitional//EN" "http://www.w3.org/TR/xhtml1/DTD/xhtml1-transitional.dtd">
<html xmlns="http://www.w3.org/1999/xhtml"><head>
<meta content="text/html; charset=utf-8" http-equiv="Content-Type">
<title>系统发生错误</title>
<style type="text/css">
*{ padding: 0; margin: 0; }
html{ overflow-y: scroll; }
body{ background: #fff; font-family: '微软雅黑'; color: #333; font-size: 16px; }
img{ border: 0; }
.error{ padding: 24px 48px; }
.face{ font-size: 100px; font-weight: normal; line-height: 120px; margin-bottom: 12px; }
h1{ font-size: 32px; line-height: 48px; }
.error .content{ padding-top: 10px}
.error .info{ margin-bottom: 12px; }
.error .info .title{ margin-bottom: 3px; }
.error .info .title h3{ color: #000; font-weight: 700; font-size: 16px; }
.error .info .text{ line-height: 24px; }
.copyright{ padding: 12px 48px; color: #999; }
.copyright a{ color: #000; text-decoration: none; }
</style>
</head>
<body>
<div class="error">
<p class="face">:(</p>
<h1>非法操作:sesrver</h1>
<div class="content">
	<div class="info">
		<div class="title">
			<h3>错误位置</h3>
		</div>
		<div class="text">
			<p>FILE: D:\wwwroot\web\Core\Library\Think\Controller.class.php &#12288;LINE: 173</p>
		</div>
	</div>
	<div class="info">
		<div class="title">
			<h3>TRACE</h3>
		</div>
		<div class="text">
			<p>#0 D:\wwwroot\web\Core\Library\Think\Controller.class.php(173): E('\xE9\x9D\x9E\xE6\xB3\x95\xE6\x93\x8D\xE4\xBD\x9C:se...')<br />
#1 [internal function]: Think\Controller->__call('sesrver', '')<br />
#2 D:\wwwroot\web\Core\Library\Think\App.class.php(114): ReflectionMethod->invokeArgs(Object(Home\Controller\PublicController), Array)<br />
#3 D:\wwwroot\web\Core\Library\Think\App.class.php(204): Think\App::exec()<br />
#4 D:\wwwroot\web\Core\Library\Think\Think.class.php(120): Think\App::run()<br />
#5 D:\wwwroot\web\Core\core.php(97): Think\Think::start()<br />
#6 D:\wwwroot\web\start.php(57): require('D:\\wwwroot\\web\\...')<br />
#7 {main}</p>
		</div>
	</div>
</div>
</div>
</body>
</html>


【2019-11-13 15:12:22】
订单号：20191113151020991005
通知地址：http://150.109.59.33/tools/notify-1bcf_825568_b9b1_286fd26_6c01
通知报文：memberid=191189793&orderid=WX191113151024208241&transaction_id=20191113151020991005&amount=100.0000&datetime=20191113151222&returncode=00&sign=6D47296072B022A8E2810E616F51C51E&attach=
HTTP状态：
返回：ok

【2019-11-13 15:19:22】
订单号：20191113151812524848
通知地址：http://e019cdb2app.miapp88api.com/Api/Home/payCallBack/jiufubao
通知报文：memberid=191121442&orderid=11131518164192&transaction_id=20191113151812524848&amount=101.0000&datetime=20191113151920&returncode=00&sign=8551180BD84FBE81DD44AD505E7D31E3&attach=
HTTP状态：
返回：查询订单失败查询订单订单状态为未支付ok

【2019-11-13 15:37:57】
订单号：20191113153426509753
通知地址：http://e019cdb2app.miapp88api.com/Api/Home/payCallBack/jiufubao
通知报文：memberid=191121442&orderid=11131534313261&transaction_id=20191113153426509753&amount=200.0000&datetime=20191113153756&returncode=00&sign=5E84D51B9BAFE4E65FAF950D0B31F03C&attach=
HTTP状态：
返回：查询订单失败查询订单订单状态为未支付ok

【2019-11-13 15:52:46】
订单号：20191113154958541015
通知地址：http://e019cdb2app.miapp88api.com/Api/Home/payCallBack/jiufubao
通知报文：memberid=191121442&orderid=11131550046045&transaction_id=20191113154958541015&amount=101.0000&datetime=20191113155245&returncode=00&sign=9C766469132495F824DDD282CEB9A8C0&attach=
HTTP状态：
返回：查询订单失败查询订单订单状态为未支付ok

【2019-11-13 16:58:11】
订单号：20191113165524994851
通知地址：http://bspay.7171r.com/Notify/Async/apiToken/D41BD23595D3EF7D3806D4F43D705ADE
通知报文：memberid=191165591&orderid=C2191916300367053582&transaction_id=20191113165524994851&amount=100.0000&datetime=20191113165810&returncode=00&sign=5FAF1AB65B0727BF282CE2FAC05C6D76&attach=
HTTP状态：
返回：OK

【2019-11-13 16:58:12】
订单号：20191113165700995456
通知地址：http://pay.vip6081.com/onlinepay/jiufubaov2/notify.do
通知报文：memberid=191155102&orderid=2019111316570501272&transaction_id=20191113165700995456&amount=101.0000&datetime=20191113165811&returncode=00&sign=F3361DD46ABF37E3526CFA4065E469B9&attach=
HTTP状态：
返回：

【2019-11-13 17:03:35】
订单号：20191113165700995456
通知地址：http://pay.vip6081.com/onlinepay/jiufubaov2/notify.do
通知报文：memberid=191155102&orderid=2019111316570501272&transaction_id=20191113165700995456&amount=101.0000&datetime=20191113170335&returncode=00&sign=A990F1C73E8FC0A6FE1C9339E18BBCDB&attach=
HTTP状态：
返回：

【2019-11-13 17:04:42】
订单号：20191113165700995456
通知地址：http://pay.vip6081.com/onlinepay/jiufubaov2/notify.do
通知报文：memberid=191155102&orderid=2019111316570501272&transaction_id=20191113165700995456&amount=101.0000&datetime=20191113170442&returncode=00&sign=1C03B03E8AFA776F1C3BBC2889C3B7C8&attach=
HTTP状态：
返回：

【2019-11-13 17:05:52】
订单号：20191113165700995456
通知地址：http://pay.vip6081.com/onlinepay/jiufubaov2/notify.do
通知报文：memberid=191155102&orderid=2019111316570501272&transaction_id=20191113165700995456&amount=101.0000&datetime=20191113170552&returncode=00&sign=E6D553CB2C53D6675FB2833F6EC9820D&attach=
HTTP状态：
返回：

【2019-11-13 17:05:54】
订单号：20191113165700995456
通知地址：http://pay.vip6081.com/onlinepay/jiufubaov2/notify.do
通知报文：memberid=191155102&orderid=2019111316570501272&transaction_id=20191113165700995456&amount=101.0000&datetime=20191113170553&returncode=00&sign=023676460910999023AFDF2615FA0277&attach=
HTTP状态：
返回：

【2019-11-13 17:07:39】
订单号：20191113165700995456
通知地址：http://pay.vip6081.com/onlinepay/jiufubaov2/notify.do
通知报文：memberid=191155102&orderid=2019111316570501272&transaction_id=20191113165700995456&amount=101.0000&datetime=20191113170739&returncode=00&sign=A9DAD8F2C0206D12C8678E8E7FD41300&attach=
HTTP状态：
返回：

【2019-11-13 17:10:01】
订单号：20191113165700995456
通知地址：http://pay.vip6081.com/onlinepay/jiufubaov2/notify.do
通知报文：memberid=191155102&orderid=2019111316570501272&transaction_id=20191113165700995456&amount=101.0000&datetime=20191113171000&returncode=00&sign=0D2EC8098D4C149384C17AC77BD8ADAA&attach=
HTTP状态：
返回：

【2019-11-13 17:17:44】
订单号：20191113171637535654
通知地址：http://e019cdb2app.miapp88api.com/Api/Home/payCallBack/jiufubao
通知报文：memberid=191121442&orderid=11131716422070&transaction_id=20191113171637535654&amount=101.0000&datetime=20191113171743&returncode=00&sign=EB31B0677B06EC575C38B1619BC35EAD&attach=
HTTP状态：
返回：查询订单失败查询订单订单状态为未支付ok

【2019-11-13 17:18:57】
订单号：20191113165700995456
通知地址：http://pay.vip6081.com/onlinepay/jiufubaov2/notify.do
通知报文：memberid=191155102&orderid=2019111316570501272&transaction_id=20191113165700995456&amount=101.0000&datetime=20191113171856&returncode=00&sign=66FD9B64AB7BB755B822578CC46A1070&attach=
HTTP状态：
返回：

【2019-11-13 17:33:17】
订单号：20191113173056489849
通知地址：http://e019cdb2app.miapp88api.com/Api/Home/payCallBack/jiufubao
通知报文：memberid=191121442&orderid=11131731026895&transaction_id=20191113173056489849&amount=101.0000&datetime=20191113173316&returncode=00&sign=74F5752D0362A5E547CD0E37EAB700ED&attach=
HTTP状态：
返回：查询订单失败查询订单订单状态为未支付ok

【2019-11-13 17:33:55】
订单号：20191113173228995610
通知地址：http://bspay.7171r.com/Notify/Async/apiToken/D41BD23595D3EF7D3806D4F43D705ADE
通知报文：memberid=191165591&orderid=C2191995619438802077&transaction_id=20191113173228995610&amount=100.0000&datetime=20191113173355&returncode=00&sign=EA59A3599D3D574048E5E79A4AEAB7B9&attach=
HTTP状态：
返回：OK

【2019-11-13 17:37:27】
订单号：20191113172747511009
通知地址：http://pay.suoete.top/bbinwh8/C/jiufupayReturn.aspx
通知报文：memberid=191129667&orderid=10916&transaction_id=20191113172747511009&amount=100.0000&datetime=20191113173721&returncode=00&sign=22E21060E8A845C5158FC28211397B39&attach=
HTTP状态：
返回：OK

【2019-11-13 17:42:40】
订单号：20191113174129575699
通知地址：http://pay.vip6081.com/onlinepay/jiufubaov2/notify.do
通知报文：memberid=191155102&orderid=2019111317412801392&transaction_id=20191113174129575699&amount=600.0000&datetime=20191113174240&returncode=00&sign=8433F75EE0ED1B485438770C6250055C&attach=
HTTP状态：
返回：

【2019-11-13 17:42:45】
订单号：20191113174129575699
通知地址：http://pay.vip6081.com/onlinepay/jiufubaov2/notify.do
通知报文：memberid=191155102&orderid=2019111317412801392&transaction_id=20191113174129575699&amount=600.0000&datetime=20191113174245&returncode=00&sign=903845FA146FAE194328A47D9F2475AE&attach=
HTTP状态：
返回：

【2019-11-13 17:42:47】
订单号：20191113174129575699
通知地址：http://pay.vip6081.com/onlinepay/jiufubaov2/notify.do
通知报文：memberid=191155102&orderid=2019111317412801392&transaction_id=20191113174129575699&amount=600.0000&datetime=20191113174247&returncode=00&sign=189752EB00434FDFF48B0C23F0069A0F&attach=
HTTP状态：
返回：

【2019-11-13 17:45:08】
订单号：20191113174129575699
通知地址：http://pay.vip6081.com/onlinepay/jiufubaov2/notify.do
通知报文：memberid=191155102&orderid=2019111317412801392&transaction_id=20191113174129575699&amount=600.0000&datetime=20191113174508&returncode=00&sign=898925B8C26819D86AA0D10C58F49E17&attach=
HTTP状态：
返回：

【2019-11-13 17:57:23】
订单号：20191113175607555452
通知地址：http://pay.suoete.top/bbinwh8/C/jiufupayReturn.aspx
通知报文：memberid=191129667&orderid=10917&transaction_id=20191113175607555452&amount=100.0000&datetime=20191113175723&returncode=00&sign=A9A2421090C7FF8699E42C1C1F3A2D58&attach=
HTTP状态：
返回：OK

【2019-11-13 17:57:46】
订单号：20191113175413535155
通知地址：http://bspay.7171r.com/Notify/Async/apiToken/D41BD23595D3EF7D3806D4F43D705ADE
通知报文：memberid=191165591&orderid=C2191925221517873900&transaction_id=20191113175413535155&amount=600.0000&datetime=20191113175746&returncode=00&sign=5A9A238E99F39BCF0BF0F6E4DDD5E37C&attach=
HTTP状态：
返回：OK

【2019-11-13 18:12:01】
订单号：20191113175915514849
通知地址：http://pay.vip6081.com/onlinepay/jiufubaov2/notify.do
通知报文：memberid=191155102&orderid=2019111317591301428&transaction_id=20191113175915514849&amount=100.0000&datetime=20191113181200&returncode=00&sign=02EE275479D0A83FFD9A1DFF4426AB88&attach=
HTTP状态：
返回：

【2019-11-13 18:26:12】
订单号：20191113175915514849
通知地址：http://pay.vip6081.com/onlinepay/jiufubaov2/notify.do
通知报文：memberid=191155102&orderid=2019111317591301428&transaction_id=20191113175915514849&amount=100.0000&datetime=20191113182612&returncode=00&sign=BA6E131B81FE0BC09A7BDDB0DD06F70F&attach=
HTTP状态：
返回：

【2019-11-13 18:27:43】
订单号：20191113182639102544
通知地址：http://bspay.7171r.com/Notify/Async/apiToken/D41BD23595D3EF7D3806D4F43D705ADE
通知报文：memberid=191165591&orderid=C2191923191151508176&transaction_id=20191113182639102544&amount=100.0000&datetime=20191113182743&returncode=00&sign=7FD8EAC3174A0B8FDFD972962998AEF2&attach=
HTTP状态：
返回：OK

【2019-11-13 18:33:22】
订单号：20191113175915514849
通知地址：http://pay.vip6081.com/onlinepay/jiufubaov2/notify.do
通知报文：memberid=191155102&orderid=2019111317591301428&transaction_id=20191113175915514849&amount=100.0000&datetime=20191113183322&returncode=00&sign=9CDCB224A00C80DD8FBA386694F4D884&attach=
HTTP状态：
返回：

【2019-11-13 18:36:50】
订单号：20191113183527102100
通知地址：http://e019cdb2app.miapp88api.com/Api/Home/payCallBack/jiufubao
通知报文：memberid=191121442&orderid=11131835277639&transaction_id=20191113183527102100&amount=101.0000&datetime=20191113183648&returncode=00&sign=0D238153637C1D633A91124FB613B3F5&attach=
HTTP状态：
返回：查询订单失败查询订单订单状态为未支付ok

【2019-11-13 18:44:56】
订单号：20191113184329499810
通知地址：http://e019cdb2app.miapp88api.com/Api/Home/payCallBack/jiufubao
通知报文：memberid=191121442&orderid=11131843299399&transaction_id=20191113184329499810&amount=200.0000&datetime=20191113184455&returncode=00&sign=8E0622AD62E78D4BAC61307511F766A1&attach=
HTTP状态：
返回：查询订单失败查询订单订单状态为未支付ok

【2019-11-13 19:22:51】
订单号：20191113192221100565
通知地址：https://a.818-158.com/Public.server.do
通知报文：memberid=191095866&orderid=I1911131921560126&transaction_id=20191113192221100565&amount=500.0000&datetime=20191113192249&returncode=00&sign=531FC5859E6827AC8331815E976B6FAD&attach=581,https://a.818-158.com/Account.jhrecharge.do
HTTP状态：
返回：OK

【2019-11-13 19:22:52】
订单号：20191113192221100565
通知地址：https://a.818-158.com/Public.server.do
通知报文：memberid=191095866&orderid=I1911131921560126&transaction_id=20191113192221100565&amount=500.0000&datetime=20191113192251&returncode=00&sign=E8A6AB9BB0592784A45073D611A93068&attach=581,https://a.818-158.com/Account.jhrecharge.do
HTTP状态：
返回：OK

【2019-11-13 19:22:53】
订单号：20191113192221100565
通知地址：https://a.818-158.com/Public.server.do
通知报文：memberid=191095866&orderid=I1911131921560126&transaction_id=20191113192221100565&amount=500.0000&datetime=20191113192253&returncode=00&sign=CF6752D6689F5360372B20C944123E1C&attach=581,https://a.818-158.com/Account.jhrecharge.do
HTTP状态：
返回：OK

【2019-11-13 19:26:25】
订单号：20191113192221100565
通知地址：https://a.818-158.com/Public.server.do
通知报文：memberid=191095866&orderid=I1911131921560126&transaction_id=20191113192221100565&amount=500.0000&datetime=20191113192624&returncode=00&sign=E58E5891030703B9903AD6617F7432A5&attach=581,https://a.818-158.com/Account.jhrecharge.do
HTTP状态：
返回：OK

【2019-11-13 19:26:55】
订单号：20191113192611515397
通知地址：http://bspay.7171r.com/Notify/Async/apiToken/D41BD23595D3EF7D3806D4F43D705ADE
通知报文：memberid=191165591&orderid=C2191932422850700565&transaction_id=20191113192611515397&amount=500.0000&datetime=20191113192654&returncode=00&sign=F740CA571CBCD1EDD243D966974C5BCF&attach=
HTTP状态：
返回：OK

【2019-11-13 19:26:57】
订单号：20191113192611515397
通知地址：http://bspay.7171r.com/Notify/Async/apiToken/D41BD23595D3EF7D3806D4F43D705ADE
通知报文：memberid=191165591&orderid=C2191932422850700565&transaction_id=20191113192611515397&amount=500.0000&datetime=20191113192656&returncode=00&sign=55052E8BE20F5867A06CC8E081722941&attach=
HTTP状态：
返回：OK

【2019-11-13 19:26:59】
订单号：20191113192611515397
通知地址：http://bspay.7171r.com/Notify/Async/apiToken/D41BD23595D3EF7D3806D4F43D705ADE
通知报文：memberid=191165591&orderid=C2191932422850700565&transaction_id=20191113192611515397&amount=500.0000&datetime=20191113192658&returncode=00&sign=572A0E0724EFDB0FEDAF116D82A97589&attach=
HTTP状态：
返回：OK

【2019-11-13 19:27:31】
订单号：20191113192611515397
通知地址：http://bspay.7171r.com/Notify/Async/apiToken/D41BD23595D3EF7D3806D4F43D705ADE
通知报文：memberid=191165591&orderid=C2191932422850700565&transaction_id=20191113192611515397&amount=500.0000&datetime=20191113192731&returncode=00&sign=544DFCB589F5C5A2F1BCFD64A9E98FD5&attach=
HTTP状态：
返回：OK

【2019-11-13 19:28:05】
订单号：20191113192611515397
通知地址：http://bspay.7171r.com/Notify/Async/apiToken/D41BD23595D3EF7D3806D4F43D705ADE
通知报文：memberid=191165591&orderid=C2191932422850700565&transaction_id=20191113192611515397&amount=500.0000&datetime=20191113192805&returncode=00&sign=9E8952146E2E647A095964839CA7AB0D&attach=
HTTP状态：
返回：OK

【2019-11-13 19:33:12】
订单号：20191113193153571025
通知地址：http://bspay.7171r.com/Notify/Async/apiToken/D41BD23595D3EF7D3806D4F43D705ADE
通知报文：memberid=191165591&orderid=C2191946519205003442&transaction_id=20191113193153571025&amount=1000.0000&datetime=20191113193312&returncode=00&sign=491375466F31E92C9F799351CF75B0DA&attach=
HTTP状态：
返回：OK

【2019-11-13 19:33:22】
订单号：20191113193153571025
通知地址：http://bspay.7171r.com/Notify/Async/apiToken/D41BD23595D3EF7D3806D4F43D705ADE
通知报文：memberid=191165591&orderid=C2191946519205003442&transaction_id=20191113193153571025&amount=1000.0000&datetime=20191113193322&returncode=00&sign=82C3FEDE65F3D25EF4C34C41BB7A0C3C&attach=
HTTP状态：
返回：OK

【2019-11-13 19:35:16】
订单号：20191113193153571025
通知地址：http://bspay.7171r.com/Notify/Async/apiToken/D41BD23595D3EF7D3806D4F43D705ADE
通知报文：memberid=191165591&orderid=C2191946519205003442&transaction_id=20191113193153571025&amount=1000.0000&datetime=20191113193516&returncode=00&sign=9AEA206666EBC1FB7C20753D1D4FA353&attach=
HTTP状态：
返回：OK

【2019-11-13 19:38:24】
订单号：20191113193153571025
通知地址：http://bspay.7171r.com/Notify/Async/apiToken/D41BD23595D3EF7D3806D4F43D705ADE
通知报文：memberid=191165591&orderid=C2191946519205003442&transaction_id=20191113193153571025&amount=1000.0000&datetime=20191113193824&returncode=00&sign=B39CF4259A1F11BA6954F7368CAD9BCC&attach=
HTTP状态：
返回：OK

【2019-11-13 19:39:34】
订单号：20191113193838101994
通知地址：http://bspay.7171r.com/Notify/Async/apiToken/D41BD23595D3EF7D3806D4F43D705ADE
通知报文：memberid=191165591&orderid=C2191989911541769581&transaction_id=20191113193838101994&amount=100.0000&datetime=20191113193933&returncode=00&sign=DCA31B06B9F0AEBD8679F29D150FAF1F&attach=
HTTP状态：
返回：OK

【2019-11-13 19:39:36】
订单号：20191113193838101994
通知地址：http://bspay.7171r.com/Notify/Async/apiToken/D41BD23595D3EF7D3806D4F43D705ADE
通知报文：memberid=191165591&orderid=C2191989911541769581&transaction_id=20191113193838101994&amount=100.0000&datetime=20191113193935&returncode=00&sign=582D1643628E373FA19568702C0954D2&attach=
HTTP状态：
返回：OK

【2019-11-13 19:39:37】
订单号：20191113193838101994
通知地址：http://bspay.7171r.com/Notify/Async/apiToken/D41BD23595D3EF7D3806D4F43D705ADE
通知报文：memberid=191165591&orderid=C2191989911541769581&transaction_id=20191113193838101994&amount=100.0000&datetime=20191113193937&returncode=00&sign=7CF8DDB1EC353F1A167716FE64D27BD8&attach=
HTTP状态：
返回：OK

【2019-11-13 19:39:53】
订单号：20191113193838101994
通知地址：http://bspay.7171r.com/Notify/Async/apiToken/D41BD23595D3EF7D3806D4F43D705ADE
通知报文：memberid=191165591&orderid=C2191989911541769581&transaction_id=20191113193838101994&amount=100.0000&datetime=20191113193953&returncode=00&sign=003524CB471C30635291F1F6A1E6336C&attach=
HTTP状态：
返回：OK

【2019-11-13 19:53:34】
订单号：20191113193838101994
通知地址：http://bspay.7171r.com/Notify/Async/apiToken/D41BD23595D3EF7D3806D4F43D705ADE
通知报文：memberid=191165591&orderid=C2191989911541769581&transaction_id=20191113193838101994&amount=100.0000&datetime=20191113195333&returncode=00&sign=290B06CE6DAF735C5B28A6AB2507BAD7&attach=
HTTP状态：
返回：OK

【2019-11-13 19:54:01】
订单号：20191113192221100565
通知地址：https://a.818-158.com/Public.server.do
通知报文：memberid=191095866&orderid=I1911131921560126&transaction_id=20191113192221100565&amount=500.0000&datetime=20191113195401&returncode=00&sign=590414F1A2A9A9EC2492644F4249981D&attach=581,https://a.818-158.com/Account.jhrecharge.do
HTTP状态：
返回：OK

【2019-11-13 19:55:44】
订单号：20191113193838101994
通知地址：http://bspay.7171r.com/Notify/Async/apiToken/D41BD23595D3EF7D3806D4F43D705ADE
通知报文：memberid=191165591&orderid=C2191989911541769581&transaction_id=20191113193838101994&amount=100.0000&datetime=20191113195544&returncode=00&sign=5317B8C128FAD785607EB1EC7326CD60&attach=
HTTP状态：
返回：OK

【2019-11-13 19:58:05】
订单号：20191113192221100565
通知地址：https://a.818-158.com/Public.server.do
通知报文：memberid=191095866&orderid=I1911131921560126&transaction_id=20191113192221100565&amount=500.0000&datetime=20191113195805&returncode=00&sign=C0EB90AFE7485A1BC1E0B7F93D8A4A99&attach=581,https://a.818-158.com/Account.jhrecharge.do
HTTP状态：
返回：OK

【2019-11-13 19:58:29】
订单号：20191113192221100565
通知地址：https://a.818-158.com/Public.server.do
通知报文：memberid=191095866&orderid=I1911131921560126&transaction_id=20191113192221100565&amount=500.0000&datetime=20191113195828&returncode=00&sign=CED5D209332DFCED67B1D6CDCA2AA45C&attach=581,https://a.818-158.com/Account.jhrecharge.do
HTTP状态：
返回：OK

【2019-11-13 20:00:26】
订单号：20191113195937575650
通知地址：http://bspay.7171r.com/Notify/Async/apiToken/D41BD23595D3EF7D3806D4F43D705ADE
通知报文：memberid=191165591&orderid=C2191928373208212719&transaction_id=20191113195937575650&amount=500.0000&datetime=20191113200025&returncode=00&sign=E99ED578CF8F8C8DD593750CBD2BBC74&attach=
HTTP状态：
返回：OK

【2019-11-13 20:00:26】
订单号：20191113195937575650
通知地址：http://bspay.7171r.com/Notify/Async/apiToken/D41BD23595D3EF7D3806D4F43D705ADE
通知报文：memberid=191165591&orderid=C2191928373208212719&transaction_id=20191113195937575650&amount=500.0000&datetime=20191113200026&returncode=00&sign=81CEA0745736C3E273C1DBDB1F6650FB&attach=
HTTP状态：
返回：OK

【2019-11-13 20:00:28】
订单号：20191113195937575650
通知地址：http://bspay.7171r.com/Notify/Async/apiToken/D41BD23595D3EF7D3806D4F43D705ADE
通知报文：memberid=191165591&orderid=C2191928373208212719&transaction_id=20191113195937575650&amount=500.0000&datetime=20191113200027&returncode=00&sign=6A23A95B68C2E69A2184F9E213955941&attach=
HTTP状态：
返回：OK

【2019-11-13 20:00:30】
订单号：20191113195937575650
通知地址：http://bspay.7171r.com/Notify/Async/apiToken/D41BD23595D3EF7D3806D4F43D705ADE
通知报文：memberid=191165591&orderid=C2191928373208212719&transaction_id=20191113195937575650&amount=500.0000&datetime=20191113200029&returncode=00&sign=EE68172F9862BC6861884EB1D8075715&attach=
HTTP状态：
返回：OK

【2019-11-13 20:08:22】
订单号：20191113185556995351
通知地址：http://bspay.7171r.com/Notify/Async/apiToken/D41BD23595D3EF7D3806D4F43D705ADE
通知报文：memberid=191165591&orderid=C2191952207996314682&transaction_id=20191113185556995351&amount=800.0000&datetime=20191113200822&returncode=00&sign=62A1EAAF9B4AA87D81E4D4F308AEDF08&attach=
HTTP状态：
返回：OK

【2019-11-13 20:36:16】
订单号：20191113200158549899
通知地址：https://www.jiufupay.cn/Pay_Charges_notify.html
通知报文：memberid=20002&orderid=C20191113200158197689&transaction_id=20191113200158549899&amount=100.0000&datetime=20191113203616&returncode=00&sign=AF9A608965339F7522E75DEDBFEB6E48&attach=
HTTP状态：
返回：OK

【2019-11-13 20:37:20】
订单号：20191113200158549899
通知地址：https://www.jiufupay.cn/Pay_Charges_notify.html
通知报文：memberid=20002&orderid=C20191113200158197689&transaction_id=20191113200158549899&amount=100.0000&datetime=20191113203720&returncode=00&sign=9D8DAF91C2305910427270B9BECF742B&attach=
HTTP状态：
返回：OK

【2019-11-13 21:22:58】
订单号：20191113195937575650
通知地址：http://bspay.7171r.com/Notify/Async/apiToken/D41BD23595D3EF7D3806D4F43D705ADE
通知报文：memberid=191165591&orderid=C2191928373208212719&transaction_id=20191113195937575650&amount=500.0000&datetime=20191113212258&returncode=00&sign=2F33A2FC7C4E73D8E25BD6EC4DB5ABA2&attach=
HTTP状态：
返回：OK

【2019-11-13 21:38:18】
订单号：20191113213603515097
通知地址：http://e019cdb2app.miapp88api.com/Api/Home/payCallBack/jiufubao
通知报文：memberid=191121442&orderid=11132136035090&transaction_id=20191113213603515097&amount=101.0000&datetime=20191113213816&returncode=00&sign=402840B7A645B71EAC9DE9683EFFB0CD&attach=
HTTP状态：
返回：查询订单失败查询订单订单状态为未支付ok

【2019-11-13 21:38:21】
订单号：20191113213603515097
通知地址：http://e019cdb2app.miapp88api.com/Api/Home/payCallBack/jiufubao
通知报文：memberid=191121442&orderid=11132136035090&transaction_id=20191113213603515097&amount=101.0000&datetime=20191113213821&returncode=00&sign=1145F2E0206F1EBB03B1E00C5DF94D5C&attach=
HTTP状态：
返回：查询订单失败查询订单订单状态为未支付ok

【2019-11-13 21:58:43】
订单号：20191113213603515097
通知地址：http://e019cdb2app.miapp88api.com/Api/Home/payCallBack/jiufubao
通知报文：memberid=191121442&orderid=11132136035090&transaction_id=20191113213603515097&amount=101.0000&datetime=20191113215841&returncode=00&sign=51435892131E4A7D5CD10D3873EFFFB0&attach=
HTTP状态：
返回：查询订单失败查询订单订单状态为未支付ok

【2019-11-13 22:06:43】
订单号：20191113213603515097
通知地址：http://e019cdb2app.miapp88api.com/Api/Home/payCallBack/jiufubao
通知报文：memberid=191121442&orderid=11132136035090&transaction_id=20191113213603515097&amount=101.0000&datetime=20191113220643&returncode=00&sign=4D6459E4BF015B6113D7EEB854715D88&attach=
HTTP状态：
返回：查询订单失败查询订单订单状态为未支付ok

【2019-11-13 22:07:11】
订单号：20191113195937575650
通知地址：http://bspay.7171r.com/Notify/Async/apiToken/D41BD23595D3EF7D3806D4F43D705ADE
通知报文：memberid=191165591&orderid=C2191928373208212719&transaction_id=20191113195937575650&amount=500.0000&datetime=20191113220711&returncode=00&sign=12C5FF0416BA871240A2D21371AD02DC&attach=
HTTP状态：
返回：OK

【2019-11-13 22:19:50】
订单号：20191113214832481015
通知地址：http://bspay.7171r.com/Notify/Async/apiToken/D41BD23595D3EF7D3806D4F43D705ADE
通知报文：memberid=191165591&orderid=C2191909565996057881&transaction_id=20191113214832481015&amount=500.0000&datetime=20191113221950&returncode=00&sign=E072B5B627FF8E2F16D88BC7C66ABA30&attach=
HTTP状态：
返回：OK

【2019-11-13 22:19:52】
订单号：20191113214832481015
通知地址：http://bspay.7171r.com/Notify/Async/apiToken/D41BD23595D3EF7D3806D4F43D705ADE
通知报文：memberid=191165591&orderid=C2191909565996057881&transaction_id=20191113214832481015&amount=500.0000&datetime=20191113221951&returncode=00&sign=10A4DE3DAF4FF07C157DC289E053672C&attach=
HTTP状态：
返回：OK

【2019-11-13 22:19:54】
订单号：20191113214832481015
通知地址：http://bspay.7171r.com/Notify/Async/apiToken/D41BD23595D3EF7D3806D4F43D705ADE
通知报文：memberid=191165591&orderid=C2191909565996057881&transaction_id=20191113214832481015&amount=500.0000&datetime=20191113221953&returncode=00&sign=CACB5B736518B9C6DBA2FE912445C896&attach=
HTTP状态：
返回：OK

【2019-11-13 22:33:38】
订单号：20191113223114504998
通知地址：http://e019cdb2app.miapp88api.com/Api/Home/payCallBack/jiufubao
通知报文：memberid=191121442&orderid=11132231149940&transaction_id=20191113223114504998&amount=300.0000&datetime=20191113223336&returncode=00&sign=11855741FCE83425D4711B2A8DD75240&attach=
HTTP状态：
返回：查询订单失败查询订单订单状态为未支付ok

【2019-11-13 22:35:19】
订单号：20191113223114504998
通知地址：http://e019cdb2app.miapp88api.com/Api/Home/payCallBack/jiufubao
通知报文：memberid=191121442&orderid=11132231149940&transaction_id=20191113223114504998&amount=300.0000&datetime=20191113223518&returncode=00&sign=60DB3B2CF4C1767DDB0F5F3ACA9C3FA6&attach=
HTTP状态：
返回：查询订单失败查询订单订单状态为未支付ok

【2019-11-13 22:35:21】
订单号：20191113223114504998
通知地址：http://e019cdb2app.miapp88api.com/Api/Home/payCallBack/jiufubao
通知报文：memberid=191121442&orderid=11132231149940&transaction_id=20191113223114504998&amount=300.0000&datetime=20191113223521&returncode=00&sign=29009551911AC9488D4C0952AC3293FC&attach=
HTTP状态：
返回：查询订单失败查询订单订单状态为未支付ok

【2019-11-13 22:35:29】
订单号：20191113223114504998
通知地址：http://e019cdb2app.miapp88api.com/Api/Home/payCallBack/jiufubao
通知报文：memberid=191121442&orderid=11132231149940&transaction_id=20191113223114504998&amount=300.0000&datetime=20191113223529&returncode=00&sign=38C7B81FB8A3A75C5BADEC43FB20ADBD&attach=
HTTP状态：
返回：查询订单失败查询订单订单状态为未支付ok

【2019-11-13 22:37:45】
订单号：20191113223619514948
通知地址：http://e019cdb2app.miapp88api.com/Api/Home/payCallBack/jiufubao
通知报文：memberid=191121442&orderid=11132236197496&transaction_id=20191113223619514948&amount=101.0000&datetime=20191113223744&returncode=00&sign=011B830A4F3AA5AD5F10B4B86134A728&attach=
HTTP状态：
返回：查询订单失败查询订单订单状态为未支付ok

【2019-11-13 22:37:56】
订单号：20191113223417575410
通知地址：http://a.818-158.com/Public.server.do
通知报文：memberid=191095866&orderid=C1911132234169059&transaction_id=20191113223417575410&amount=100.0000&datetime=20191113223755&returncode=00&sign=D8780EA120C39D7C8347191803C4B8E6&attach=242,http://a.818-158.com/Account.jhrecharge.do
HTTP状态：
返回：OK

【2019-11-13 22:38:29】
订单号：20191113223114504998
通知地址：http://e019cdb2app.miapp88api.com/Api/Home/payCallBack/jiufubao
通知报文：memberid=191121442&orderid=11132231149940&transaction_id=20191113223114504998&amount=300.0000&datetime=20191113223827&returncode=00&sign=138C3429935855C03B83240CCB221F21&attach=
HTTP状态：
返回：查询订单失败查询订单订单状态为未支付ok

【2019-11-13 22:43:25】
订单号：20191113193838101994
通知地址：http://bspay.7171r.com/Notify/Async/apiToken/D41BD23595D3EF7D3806D4F43D705ADE
通知报文：memberid=191165591&orderid=C2191989911541769581&transaction_id=20191113193838101994&amount=100.0000&datetime=20191113224324&returncode=00&sign=7BC03BF69EF33FEF37FBB70925989178&attach=
HTTP状态：
返回：OK

【2019-11-13 22:43:38】
订单号：20191113224228529856
通知地址：http://e019cdb2app.miapp88api.com/Api/Home/payCallBack/jiufubao
通知报文：memberid=191121442&orderid=11132242278123&transaction_id=20191113224228529856&amount=101.0000&datetime=20191113224336&returncode=00&sign=F3EBC1E153C1100283EC1A865BCF475F&attach=
HTTP状态：
返回：查询订单失败查询订单订单状态为未支付ok

【2019-11-13 22:43:47】
订单号：20191113223619514948
通知地址：http://e019cdb2app.miapp88api.com/Api/Home/payCallBack/jiufubao
通知报文：memberid=191121442&orderid=11132236197496&transaction_id=20191113223619514948&amount=101.0000&datetime=20191113224347&returncode=00&sign=3F82652EBA68FE8F7AF7DF5012E68E00&attach=
HTTP状态：
返回：查询订单失败查询订单订单状态为未支付ok

【2019-11-13 22:44:06】
订单号：20191113223417575410
通知地址：http://a.818-158.com/Public.server.do
通知报文：memberid=191095866&orderid=C1911132234169059&transaction_id=20191113223417575410&amount=100.0000&datetime=20191113224406&returncode=00&sign=334AD43B7FB3835884C22209F57B81D5&attach=242,http://a.818-158.com/Account.jhrecharge.do
HTTP状态：
返回：OK

【2019-11-13 22:46:12】
订单号：20191113224442975197
通知地址：http://a.818-158.com/Public.server.do
通知报文：memberid=191095866&orderid=T1911132244425403&transaction_id=20191113224442975197&amount=100.0000&datetime=20191113224612&returncode=00&sign=BC312CAEEB316C90B80E4CAE5A48A9CB&attach=242,http://a.818-158.com/Account.jhrecharge.do
HTTP状态：
返回：OK

【2019-11-13 22:47:46】
订单号：20191113224228529856
通知地址：http://e019cdb2app.miapp88api.com/Api/Home/payCallBack/jiufubao
通知报文：memberid=191121442&orderid=11132242278123&transaction_id=20191113224228529856&amount=101.0000&datetime=20191113224746&returncode=00&sign=A43AEFEAD7AC4C17FC8470232F38A2D4&attach=
HTTP状态：
返回：查询订单失败查询订单订单状态为未支付ok

【2019-11-13 22:47:56】
订单号：20191113224228529856
通知地址：http://e019cdb2app.miapp88api.com/Api/Home/payCallBack/jiufubao
通知报文：memberid=191121442&orderid=11132242278123&transaction_id=20191113224228529856&amount=101.0000&datetime=20191113224756&returncode=00&sign=F107CD76221DD75607273C2A7968C06F&attach=
HTTP状态：
返回：查询订单失败查询订单订单状态为未支付ok

【2019-11-13 22:55:26】
订单号：20191113224228529856
通知地址：http://e019cdb2app.miapp88api.com/Api/Home/payCallBack/jiufubao
通知报文：memberid=191121442&orderid=11132242278123&transaction_id=20191113224228529856&amount=101.0000&datetime=20191113225526&returncode=00&sign=52A70D0A1722DD7127AB5F8FCBB73A8E&attach=
HTTP状态：
返回：查询订单失败查询订单订单状态为未支付ok

【2019-11-13 22:59:31】
订单号：20191113223619514948
通知地址：http://e019cdb2app.miapp88api.com/Api/Home/payCallBack/jiufubao
通知报文：memberid=191121442&orderid=11132236197496&transaction_id=20191113223619514948&amount=101.0000&datetime=20191113225931&returncode=00&sign=8D7E8D8BB7C547A2C43D4CA08FF5178A&attach=
HTTP状态：
返回：查询订单失败查询订单订单状态为未支付ok

【2019-11-13 22:59:52】
订单号：20191113223417575410
通知地址：http://a.818-158.com/Public.server.do
通知报文：memberid=191095866&orderid=C1911132234169059&transaction_id=20191113223417575410&amount=100.0000&datetime=20191113225952&returncode=00&sign=844F3DC7FE29DBA415C2520446713814&attach=242,http://a.818-158.com/Account.jhrecharge.do
HTTP状态：
返回：OK

【2019-11-13 23:06:51】
订单号：20191113230344485757
通知地址：http://bspay.7171r.com/Notify/Async/apiToken/D41BD23595D3EF7D3806D4F43D705ADE
通知报文：memberid=191165591&orderid=C2191942581922637181&transaction_id=20191113230344485757&amount=200.0000&datetime=20191113230650&returncode=00&sign=FFD84D256A28B64C8C84295BE691D78E&attach=
HTTP状态：
返回：OK

【2019-11-13 23:11:11】
订单号：20191113223114504998
通知地址：http://e019cdb2app.miapp88api.com/Api/Home/payCallBack/jiufubao
通知报文：memberid=191121442&orderid=11132231149940&transaction_id=20191113223114504998&amount=300.0000&datetime=20191113231109&returncode=00&sign=57AE72B2DB50C56607A65C4481A3E846&attach=
HTTP状态：
返回：查询订单失败查询订单订单状态为未支付ok

【2019-11-13 23:14:28】
订单号：20191113195937575650
通知地址：http://bspay.7171r.com/Notify/Async/apiToken/D41BD23595D3EF7D3806D4F43D705ADE
通知报文：memberid=191165591&orderid=C2191928373208212719&transaction_id=20191113195937575650&amount=500.0000&datetime=20191113231428&returncode=00&sign=B77A5C46F11214D2F3B3872D3EE82C75&attach=
HTTP状态：
返回：OK

【2019-11-13 23:59:37】
订单号：20191113235601499998
通知地址：http://e019cdb2app.miapp88api.com/Api/Home/payCallBack/jiufubao
通知报文：memberid=191121442&orderid=11132356029590&transaction_id=20191113235601499998&amount=200.0000&datetime=20191113235936&returncode=00&sign=44D6956ADFFEFE1A0D740CE070347B78&attach=
HTTP状态：
返回：查询订单失败查询订单订单状态为未支付ok

