【2019-11-17 11:36:21】
订单号：20191117113503555653
通知地址：http://pay.vip6081.com/onlinepay/jiufubaov2/notify.do
通知报文：memberid=191155102&orderid=2019111711350100616&transaction_id=20191117113503555653&amount=300.0000&datetime=20191117113621&returncode=00&sign=4BA3882BFCC0844682F3474A2EFF3339&attach=
HTTP状态：
返回：OK

【2019-11-17 11:36:57】
订单号：20191117113331985250
通知地址：http://150.109.59.33/tools/notify-1bcf_821736_b9b1_28819ad_70e3
通知报文：memberid=191189793&orderid=WX191117113330010971&transaction_id=20191117113331985250&amount=200.1100&datetime=20191117113657&returncode=00&sign=08333982868FF6E6C70899E0C9CB5006&attach=
HTTP状态：
返回：ok

【2019-11-17 12:06:44】
订单号：20191117120358101521
通知地址：http://150.109.59.33/tools/notify-1bcf_821736_b9b1_2881a8c_70ee
通知报文：memberid=191189793&orderid=WX191117120355767686&transaction_id=20191117120358101521&amount=200.1100&datetime=20191117120644&returncode=00&sign=5526AAC00FE10B37E1E8AB7E5E7F5ADE&attach=
HTTP状态：
返回：ok

【2019-11-17 12:45:53】
订单号：20191117124431102995
通知地址：http://pay1.dr5151.com/apis/pay_gateway/jiufujinzhifu/notice
通知报文：memberid=191209911&orderid=F201911171244302844&transaction_id=20191117124431102995&amount=100.0000&datetime=20191117124552&returncode=00&sign=4B7BCC628FA6AD8E09DBE3F0055AC17A&attach=
HTTP状态：
返回：OK

【2019-11-17 12:51:52】
订单号：20191117125019985310
通知地址：http://pay1.dr5151.com/apis/pay_gateway/jiufujinzhifu/notice
通知报文：memberid=191209911&orderid=F201911171250161899&transaction_id=20191117125019985310&amount=1000.0000&datetime=20191117125151&returncode=00&sign=D95883E932C0A2F55F292FBF2CCA2F26&attach=
HTTP状态：
返回：OK

【2019-11-17 13:00:16】
订单号：20191117125441491025
通知地址：http://pay1.dr5151.com/apis/pay_gateway/jiufujinzhifu/notice
通知报文：memberid=191209911&orderid=F201911171254393723&transaction_id=20191117125441491025&amount=100.0000&datetime=20191117130016&returncode=00&sign=EAFE4366F9B99263D4B27993EFAFC9D2&attach=
HTTP状态：
返回：OK

【2019-11-17 13:13:12】
订单号：20191117131102545099
通知地址：http://pay1.dr5151.com/apis/pay_gateway/jiufujinzhifu/notice
通知报文：memberid=191209911&orderid=F201911171310565568&transaction_id=20191117131102545099&amount=100.0000&datetime=20191117131311&returncode=00&sign=2F31336B99CA8AF1DEA1A9363D4AB885&attach=
HTTP状态：
返回：OK

【2019-11-17 13:28:16】
订单号：20191117132421535252
通知地址：http://pay1.dr5151.com/apis/pay_gateway/jiufujinzhifu/notice
通知报文：memberid=191209911&orderid=F201911171324179914&transaction_id=20191117132421535252&amount=100.0000&datetime=20191117132816&returncode=00&sign=8ED04201BFC775EAD079EB07D5981E14&attach=
HTTP状态：
返回：OK

【2019-11-17 13:47:59】
订单号：20191117133555989848
通知地址：http://pay1.dr5151.com/apis/pay_gateway/jiufujinzhifu/notice
通知报文：memberid=191209911&orderid=F201911171335542371&transaction_id=20191117133555989848&amount=100.0000&datetime=20191117134759&returncode=00&sign=C4173CCCF283D284F63A48A0CACEF608&attach=
HTTP状态：
返回：已处理过过的订单

【2019-11-17 13:48:31】
订单号：20191117133555989848
通知地址：http://pay1.dr5151.com/apis/pay_gateway/jiufujinzhifu/notice
通知报文：memberid=191209911&orderid=F201911171335542371&transaction_id=20191117133555989848&amount=100.0000&datetime=20191117134831&returncode=00&sign=C178CF0F93B0B58324D83CB9D1F2F861&attach=
HTTP状态：
返回：已处理过过的订单

【2019-11-17 13:49:42】
订单号：20191117133555989848
通知地址：http://pay1.dr5151.com/apis/pay_gateway/jiufujinzhifu/notice
通知报文：memberid=191209911&orderid=F201911171335542371&transaction_id=20191117133555989848&amount=100.0000&datetime=20191117134941&returncode=00&sign=71255B613880AD61E9B3EF23DA095DFB&attach=
HTTP状态：
返回：已处理过过的订单

【2019-11-17 13:58:32】
订单号：20191117135719102100
通知地址：http://pay.768qppay1.com:5222/pay/api/callback/JIUFUBAOZF/1171
通知报文：memberid=191169232&orderid=20191117135719251kjQ&transaction_id=20191117135719102100&amount=100.0000&datetime=20191117135831&returncode=00&sign=1E6A65876E584FA8A8D684D5292E63F3&attach=
HTTP状态：
返回：{"status":-1,"msg":"网络维护中，稍后再试.","data":null}

【2019-11-17 13:58:58】
订单号：20191117135719102100
通知地址：http://pay.768qppay1.com:5222/pay/api/callback/JIUFUBAOZF/1171
通知报文：memberid=191169232&orderid=20191117135719251kjQ&transaction_id=20191117135719102100&amount=100.0000&datetime=20191117135858&returncode=00&sign=92CADD0DF91F8386AD1C41A2092CF003&attach=
HTTP状态：
返回：{"status":-1,"msg":"网络维护中，稍后再试.","data":null}

【2019-11-17 14:01:06】
订单号：20191117135935555250
通知地址：http://e019cdb2app.miapp88api.com/Api/Home/payCallBack/jiufubao
通知报文：memberid=191121442&orderid=11171359344177&transaction_id=20191117135935555250&amount=200.0000&datetime=20191117140105&returncode=00&sign=A63C3469986A7913141237CA303DD0A4&attach=
HTTP状态：
返回：查询订单失败查询订单订单状态为未支付ok

【2019-11-17 14:03:30】
订单号：20191117140146979852
通知地址：http://150.109.59.33/tools/notify-1bcf_821736_b9b1_2881eac_7129
通知报文：memberid=191189793&orderid=WX191117140143292373&transaction_id=20191117140146979852&amount=200.1100&datetime=20191117140330&returncode=00&sign=B8A0B5E87004F4781423B54B1446121F&attach=
HTTP状态：
返回：ok

【2019-11-17 14:09:00】
订单号：20191117140737579797
通知地址：http://pay1.dr5151.com/apis/pay_gateway/jiufujinzhifu/notice
通知报文：memberid=191209911&orderid=F201911171407368271&transaction_id=20191117140737579797&amount=320.0000&datetime=20191117140859&returncode=00&sign=988904EACFC3D43D5EA5299B1CB4E365&attach=
HTTP状态：
返回：OK

【2019-11-17 14:15:01】
订单号：20191117141315984952
通知地址：http://pay.768qppay1.com:5222/pay/api/callback/JIUFUBAOZF/1171
通知报文：memberid=191169232&orderid=20191117141313376aaK&transaction_id=20191117141315984952&amount=100.0000&datetime=20191117141501&returncode=00&sign=FD6C8F71225AE03EB8034F2D887D77FE&attach=
HTTP状态：
返回：{"status":-1,"msg":"网络维护中，稍后再试.","data":null}

【2019-11-17 14:16:06】
订单号：20191117141315984952
通知地址：http://pay.768qppay1.com:5222/pay/api/callback/JIUFUBAOZF/1171
通知报文：memberid=191169232&orderid=20191117141313376aaK&transaction_id=20191117141315984952&amount=100.0000&datetime=20191117141605&returncode=00&sign=A3266D7300D8CB888EACDF94EBCA03C6&attach=
HTTP状态：
返回：{"status":-1,"msg":"网络维护中，稍后再试.","data":null}

【2019-11-17 14:18:51】
订单号：20191117141715985055
通知地址：http://150.109.59.33/tools/notify-1bcf_887df9_8747_2891847_712f
通知报文：memberid=191189793&orderid=ZF191117141713074371&transaction_id=20191117141715985055&amount=300.0000&datetime=20191117141851&returncode=00&sign=5E882EDFD5A7FF03D082B182F6E5CB27&attach=
HTTP状态：
返回：ok

【2019-11-17 14:31:03】
订单号：20191117142910545710
通知地址：http://pay.vip6081.com/onlinepay/jiufubaov2/notify.do
通知报文：memberid=191155102&orderid=2019111714290601071&transaction_id=20191117142910545710&amount=902.0000&datetime=20191117143103&returncode=00&sign=75B79C5713D7B9A7C0530D5E0087EDF7&attach=
HTTP状态：
返回：OK

【2019-11-17 14:42:31】
订单号：20191117144112565055
通知地址：http://pay.768qppay1.com:5222/pay/api/callback/JIUFUBAOZF/1171
通知报文：memberid=191169232&orderid=20191117144044862xBo&transaction_id=20191117144112565055&amount=100.0000&datetime=20191117144230&returncode=00&sign=73D95BA85BB0F8C464AF93E3D981BF0F&attach=
HTTP状态：
返回：{"status":-1,"msg":"网络维护中，稍后再试.","data":null}

【2019-11-17 14:42:53】
订单号：20191117144112565055
通知地址：http://pay.768qppay1.com:5222/pay/api/callback/JIUFUBAOZF/1171
通知报文：memberid=191169232&orderid=20191117144044862xBo&transaction_id=20191117144112565055&amount=100.0000&datetime=20191117144253&returncode=00&sign=0FB1F7214CABA4A45F2FC4BD9121844D&attach=
HTTP状态：
返回：{"status":-1,"msg":"网络维护中，稍后再试.","data":null}

【2019-11-17 14:45:54】
订单号：20191117144310101975
通知地址：http://e019cdb2app.miapp88api.com/Api/Home/payCallBack/jiufubao
通知报文：memberid=191121442&orderid=11171443082364&transaction_id=20191117144310101975&amount=102.0000&datetime=20191117144552&returncode=00&sign=808F87515742D5CAFE4B905C79CFCE1F&attach=
HTTP状态：
返回：查询订单失败查询订单订单状态为未支付ok

【2019-11-17 15:02:45】
订单号：20191117150109535548
通知地址：http://pay1.dr5151.com/apis/pay_gateway/jiufujinzhifu/notice
通知报文：memberid=191209911&orderid=F201911171501064926&transaction_id=20191117150109535548&amount=200.0000&datetime=20191117150244&returncode=00&sign=5D29CF6E3FE63DE6148826DC4A94A0AA&attach=
HTTP状态：
返回：OK

【2019-11-17 15:24:19】
订单号：20191117152230545751
通知地址：http://pay1.dr5151.com/apis/pay_gateway/jiufujinzhifu/notice
通知报文：memberid=191209911&orderid=F201911171522295900&transaction_id=20191117152230545751&amount=100.0000&datetime=20191117152418&returncode=00&sign=CEEEB2D00B217E5242C1EE918D5651AC&attach=
HTTP状态：
返回：OK

【2019-11-17 15:44:54】
订单号：20191117153901535397
通知地址：http://pay1.dr5151.com/apis/pay_gateway/jiufujinzhifu/notice
通知报文：memberid=191209911&orderid=F201911171538396856&transaction_id=20191117153901535397&amount=100.0000&datetime=20191117154453&returncode=00&sign=B3FA79CC4EF748DF3ADC25860C2E350B&attach=
HTTP状态：
返回：OK

【2019-11-17 15:45:34】
订单号：20191117153523985310
通知地址：http://pay.vip6081.com/onlinepay/jiufubaov2/notify.do
通知报文：memberid=191155102&orderid=2019111715352201318&transaction_id=20191117153523985310&amount=100.0000&datetime=20191117154534&returncode=00&sign=D40317A45BECF933EBB02DBE65A4E7C6&attach=
HTTP状态：
返回：OK

【2019-11-17 16:01:32】
订单号：20191117160022545697
通知地址：http://e019cdb2webapi.miapp66dom.com/Api/Home/payCallBack/jiufubao
通知报文：memberid=191121442&orderid=11171600213141&transaction_id=20191117160022545697&amount=101.0000&datetime=20191117160130&returncode=00&sign=717B52A4138A8376A94D839CCFE78A46&attach=
HTTP状态：
返回：查询订单失败查询订单订单状态为未支付ok

【2019-11-17 16:06:22】
订单号：20191117160418501015
通知地址：http://150.109.59.33/tools/notify-1bcf_887df9_8747_2891bd9_714f
通知报文：memberid=191189793&orderid=ZF191117160414954416&transaction_id=20191117160418501015&amount=200.1100&datetime=20191117160622&returncode=00&sign=655F3EDBF45A37E3FF2ADB592806C3F8&attach=
HTTP状态：
返回：ok

【2019-11-17 17:02:36】
订单号：20191117165704485197
通知地址：http://150.109.59.33/tools/notify-1bcf_821736_b9b1_2882446_7166
通知报文：memberid=191189793&orderid=WX191117165701330156&transaction_id=20191117165704485197&amount=200.1100&datetime=20191117170236&returncode=00&sign=2EC2CF7152EAA5A55DA9452E669921A9&attach=
HTTP状态：
返回：ok

【2019-11-17 17:26:07】
订单号：20191117165549535310
通知地址：http://pay.9d9cdn.com/onlinepay/jiufubaov2/notify.do
通知报文：memberid=191141449&orderid=2019111716554501456&transaction_id=20191117165549535310&amount=200.0000&datetime=20191117172606&returncode=00&sign=1321545FF3091B472A3B21DB26B0FF64&attach=
HTTP状态：
返回：OK

【2019-11-17 17:26:08】
订单号：20191117165549535310
通知地址：http://pay.9d9cdn.com/onlinepay/jiufubaov2/notify.do
通知报文：memberid=191141449&orderid=2019111716554501456&transaction_id=20191117165549535310&amount=200.0000&datetime=20191117172608&returncode=00&sign=5D8C75A81E834418595A374C33FF09E4&attach=
HTTP状态：
返回：

【2019-11-17 17:26:10】
订单号：20191117165549535310
通知地址：http://pay.9d9cdn.com/onlinepay/jiufubaov2/notify.do
通知报文：memberid=191141449&orderid=2019111716554501456&transaction_id=20191117165549535310&amount=200.0000&datetime=20191117172610&returncode=00&sign=B33B14EEB721346B626F3D50F7A91177&attach=
HTTP状态：
返回：

【2019-11-17 17:26:13】
订单号：20191117165549535310
通知地址：http://pay.9d9cdn.com/onlinepay/jiufubaov2/notify.do
通知报文：memberid=191141449&orderid=2019111716554501456&transaction_id=20191117165549535310&amount=200.0000&datetime=20191117172613&returncode=00&sign=1211F08AC6BED60ABAA4BC1FDD2272D7&attach=
HTTP状态：
返回：

【2019-11-17 17:26:13】
订单号：20191117165549535310
通知地址：http://pay.9d9cdn.com/onlinepay/jiufubaov2/notify.do
通知报文：memberid=191141449&orderid=2019111716554501456&transaction_id=20191117165549535310&amount=200.0000&datetime=20191117172613&returncode=00&sign=1211F08AC6BED60ABAA4BC1FDD2272D7&attach=
HTTP状态：
返回：

【2019-11-17 17:26:14】
订单号：20191117165549535310
通知地址：http://pay.9d9cdn.com/onlinepay/jiufubaov2/notify.do
通知报文：memberid=191141449&orderid=2019111716554501456&transaction_id=20191117165549535310&amount=200.0000&datetime=20191117172614&returncode=00&sign=0452EF47428FC3B9E82F46F7AB7B6FD0&attach=
HTTP状态：
返回：

【2019-11-17 17:26:15】
订单号：20191117165549535310
通知地址：http://pay.9d9cdn.com/onlinepay/jiufubaov2/notify.do
通知报文：memberid=191141449&orderid=2019111716554501456&transaction_id=20191117165549535310&amount=200.0000&datetime=20191117172614&returncode=00&sign=0452EF47428FC3B9E82F46F7AB7B6FD0&attach=
HTTP状态：
返回：

【2019-11-17 17:26:39】
订单号：20191117165549535310
通知地址：http://pay.9d9cdn.com/onlinepay/jiufubaov2/notify.do
通知报文：memberid=191141449&orderid=2019111716554501456&transaction_id=20191117165549535310&amount=200.0000&datetime=20191117172639&returncode=00&sign=B85B2DE3664C990F845A53E236425806&attach=
HTTP状态：
返回：

【2019-11-17 17:28:21】
订单号：20191117165549535310
通知地址：http://pay.9d9cdn.com/onlinepay/jiufubaov2/notify.do
通知报文：memberid=191141449&orderid=2019111716554501456&transaction_id=20191117165549535310&amount=200.0000&datetime=20191117172821&returncode=00&sign=F231073DC3EC237BC23023EA013D382F&attach=
HTTP状态：
返回：

【2019-11-17 17:28:22】
订单号：20191117165549535310
通知地址：http://pay.9d9cdn.com/onlinepay/jiufubaov2/notify.do
通知报文：memberid=191141449&orderid=2019111716554501456&transaction_id=20191117165549535310&amount=200.0000&datetime=20191117172822&returncode=00&sign=CBAF9FFA90FC7DD8CBD4EA332CC277F1&attach=
HTTP状态：
返回：

【2019-11-17 17:28:33】
订单号：20191117171716999756
通知地址：http://pay1.dr5151.com/apis/pay_gateway/jiufujinzhifu/notice
通知报文：memberid=191209911&orderid=F201911171717158876&transaction_id=20191117171716999756&amount=1000.0000&datetime=20191117172832&returncode=00&sign=F05CD74D9B309730785A5CA67CAB3377&attach=
HTTP状态：
返回：已处理过过的订单

【2019-11-17 17:28:42】
订单号：20191117171716999756
通知地址：http://pay1.dr5151.com/apis/pay_gateway/jiufujinzhifu/notice
通知报文：memberid=191209911&orderid=F201911171717158876&transaction_id=20191117171716999756&amount=1000.0000&datetime=20191117172842&returncode=00&sign=14D4F861C860ECB810ACD5A073541D14&attach=
HTTP状态：
返回：已处理过过的订单

【2019-11-17 17:31:45】
订单号：20191117165549535310
通知地址：http://pay.9d9cdn.com/onlinepay/jiufubaov2/notify.do
通知报文：memberid=191141449&orderid=2019111716554501456&transaction_id=20191117165549535310&amount=200.0000&datetime=20191117173145&returncode=00&sign=3533BD87197A2DD37BF69D0D67FFDEE0&attach=
HTTP状态：
返回：

【2019-11-17 17:31:47】
订单号：20191117165549535310
通知地址：http://pay.9d9cdn.com/onlinepay/jiufubaov2/notify.do
通知报文：memberid=191141449&orderid=2019111716554501456&transaction_id=20191117165549535310&amount=200.0000&datetime=20191117173147&returncode=00&sign=E81872093520DEE983AE9E5E37712676&attach=
HTTP状态：
返回：

【2019-11-17 17:31:47】
订单号：20191117165549535310
通知地址：http://pay.9d9cdn.com/onlinepay/jiufubaov2/notify.do
通知报文：memberid=191141449&orderid=2019111716554501456&transaction_id=20191117165549535310&amount=200.0000&datetime=20191117173147&returncode=00&sign=E81872093520DEE983AE9E5E37712676&attach=
HTTP状态：
返回：

【2019-11-17 17:32:00】
订单号：20191117165549535310
通知地址：http://pay.9d9cdn.com/onlinepay/jiufubaov2/notify.do
通知报文：memberid=191141449&orderid=2019111716554501456&transaction_id=20191117165549535310&amount=200.0000&datetime=20191117173200&returncode=00&sign=79CBD72A0151A954D879944DDD1C1DC3&attach=
HTTP状态：
返回：

【2019-11-17 17:33:54】
订单号：20191117173154974899
通知地址：http://pay.9d9cdn.com/onlinepay/jiufubaov2/notify.do
通知报文：memberid=191141449&orderid=2019111717315001540&transaction_id=20191117173154974899&amount=100.1000&datetime=20191117173354&returncode=00&sign=AC72AF26C9222052E58CB06C355EED5D&attach=
HTTP状态：
返回：OK

【2019-11-17 17:35:20】
订单号：20191117165549535310
通知地址：http://pay.9d9cdn.com/onlinepay/jiufubaov2/notify.do
通知报文：memberid=191141449&orderid=2019111716554501456&transaction_id=20191117165549535310&amount=200.0000&datetime=20191117173520&returncode=00&sign=2388A517FA86AE472E2D52FE2C0021C7&attach=
HTTP状态：
返回：

【2019-11-17 17:55:26】
订单号：20191117175059519910
通知地址：http://pay.vip6081.com/onlinepay/jiufubaov2/notify.do
通知报文：memberid=191155102&orderid=2019111717505901698&transaction_id=20191117175059519910&amount=200.0000&datetime=20191117175526&returncode=00&sign=21801DC961480FBFAA72C05B0CC1AFA4&attach=
HTTP状态：
返回：OK

【2019-11-17 18:01:49】
订单号：20191117180011985057
通知地址：http://pay.vip6081.com/onlinepay/jiufubaov2/notify.do
通知报文：memberid=191155102&orderid=2019111718001001718&transaction_id=20191117180011985057&amount=206.0000&datetime=20191117180147&returncode=00&sign=594E951CC7277007CEC4F0D7D9E3E77D&attach=
HTTP状态：
返回：OK

【2019-11-17 18:19:42】
订单号：20191117181424485352
通知地址：http://e019cdb2app.miapp88api.com/Api/Home/payCallBack/jiufubao
通知报文：memberid=191121442&orderid=11171814244087&transaction_id=20191117181424485352&amount=101.0000&datetime=20191117181941&returncode=00&sign=296E03152E03544359F51E8CC3F7C3FB&attach=
HTTP状态：
返回：查询订单失败查询订单订单状态为未支付ok

【2019-11-17 18:38:12】
订单号：20191117183700995452
通知地址：http://pay.vip6081.com/onlinepay/jiufubaov2/notify.do
通知报文：memberid=191155102&orderid=2019111718365901804&transaction_id=20191117183700995452&amount=100.0000&datetime=20191117183812&returncode=00&sign=114F900A112DA5256C78EC9F89CC54C6&attach=
HTTP状态：
返回：OK

【2019-11-17 19:04:03】
订单号：20191117190259519954
通知地址：http://pay1.dr5151.com/apis/pay_gateway/jiufujinzhifu/notice
通知报文：memberid=191209911&orderid=F201911171902598954&transaction_id=20191117190259519954&amount=100.0000&datetime=20191117190403&returncode=00&sign=32CBF9A42AA051D7DC4B83B3844BEACA&attach=
HTTP状态：
返回：OK

【2019-11-17 19:08:11】
订单号：20191117190652995357
通知地址：http://e019cdb2app.miapp88api.com/Api/Home/payCallBack/jiufubao
通知报文：memberid=191121442&orderid=11171906527968&transaction_id=20191117190652995357&amount=101.0000&datetime=20191117190810&returncode=00&sign=6F142C0E52A99E33E49B1C7F65B7D898&attach=
HTTP状态：
返回：查询订单失败查询订单订单状态为未支付ok

【2019-11-17 19:08:41】
订单号：20191117190720565448
通知地址：http://pay.vip6081.com/onlinepay/jiufubaov2/notify.do
通知报文：memberid=191155102&orderid=2019111719071801881&transaction_id=20191117190720565448&amount=502.0000&datetime=20191117190841&returncode=00&sign=B80BF76D5B4C42EDAC0EE8EEB7923CD3&attach=
HTTP状态：
返回：OK

【2019-11-17 19:08:44】
订单号：20191117190720565448
通知地址：http://pay.vip6081.com/onlinepay/jiufubaov2/notify.do
通知报文：memberid=191155102&orderid=2019111719071801881&transaction_id=20191117190720565448&amount=502.0000&datetime=20191117190844&returncode=00&sign=DECCDA963F93F8C5133A068739D8FC8E&attach=
HTTP状态：
返回：

【2019-11-17 19:39:57】
订单号：20191117171716999756
通知地址：http://pay1.dr5151.com/apis/pay_gateway/jiufujinzhifu/notice
通知报文：memberid=191209911&orderid=F201911171717158876&transaction_id=20191117171716999756&amount=1000.0000&datetime=20191117193957&returncode=00&sign=243B25673BBDB330478E0F18DAFC3AF3&attach=
HTTP状态：
返回：已处理过过的订单

【2019-11-17 19:59:52】
订单号：20191117195756525154
通知地址：http://pay1.dr5151.com/apis/pay_gateway/jiufujinzhifu/notice
通知报文：memberid=191209911&orderid=F201911171957522811&transaction_id=20191117195756525154&amount=100.0000&datetime=20191117195951&returncode=00&sign=4FC8483BE9902E361D397A5C8AD4BF01&attach=
HTTP状态：
返回：OK

【2019-11-17 20:20:58】
订单号：20191117201915515552
通知地址：http://e019cdb2webapi.miapp66dom.com/Api/Home/payCallBack/jiufubao
通知报文：memberid=191121442&orderid=11172019134171&transaction_id=20191117201915515552&amount=101.0000&datetime=20191117202052&returncode=00&sign=7CFC080B63F3CAC2AA83876867551840&attach=
HTTP状态：
返回：查询订单失败查询订单订单状态为未支付ok

【2019-11-17 20:21:02】
订单号：20191117201915515552
通知地址：http://e019cdb2webapi.miapp66dom.com/Api/Home/payCallBack/jiufubao
通知报文：memberid=191121442&orderid=11172019134171&transaction_id=20191117201915515552&amount=101.0000&datetime=20191117202102&returncode=00&sign=5BCBE15A8F74995E1DDB07FD9BB4C9DF&attach=
HTTP状态：
返回：查询订单失败查询订单订单状态为未支付ok

【2019-11-17 20:29:37】
订单号：20191117202614545110
通知地址：http://35.220.204.236/pay/jsp/jiufubaopay/res.jsp
通知报文：memberid=191156325&orderid=191117082620407288374&transaction_id=20191117202614545110&amount=100.0000&datetime=20191117202937&returncode=00&sign=2937D3E6CA7C58A65279BFFFA3C7A08F&attach=en06900C8887D68A_84797528_113552
HTTP状态：
返回：OK

【2019-11-17 21:19:07】
订单号：20191117211719102551
通知地址：http://pay1.dr5151.com/apis/pay_gateway/jiufujinzhifu/notice
通知报文：memberid=191209911&orderid=F201911172117195696&transaction_id=20191117211719102551&amount=300.0000&datetime=20191117211906&returncode=00&sign=321A4948755168FE28BEC653F37F5C48&attach=
HTTP状态：
返回：OK

【2019-11-17 21:59:37】
订单号：20191117215652521009
通知地址：http://pay1.dr5151.com/apis/pay_gateway/jiufujinzhifu/notice
通知报文：memberid=191209911&orderid=F201911172156475195&transaction_id=20191117215652521009&amount=700.0000&datetime=20191117215934&returncode=00&sign=27087FA973CA2CA40286EF8A8F89635E&attach=
HTTP状态：
返回：OK

【2019-11-17 22:00:53】
订单号：20191117215937571005
通知地址：http://e019cdb2app.miapp88api.com/Api/Home/payCallBack/jiufubao
通知报文：memberid=191121442&orderid=11172159386412&transaction_id=20191117215937571005&amount=101.0000&datetime=20191117220052&returncode=00&sign=9313A95FBC6B7BB03EB5004AFC435BE4&attach=
HTTP状态：
返回：查询订单失败查询订单订单状态为未支付ok

【2019-11-17 22:04:43】
订单号：20191117220320565355
通知地址：http://150.109.59.33/tools/notify-1bcf_821736_b9b1_2882d3f_71c5
通知报文：memberid=191189793&orderid=WX191117220320483892&transaction_id=20191117220320565355&amount=200.1100&datetime=20191117220443&returncode=00&sign=A754D69F0F5CD2430958D4D812156CD1&attach=
HTTP状态：
返回：ok

【2019-11-17 22:15:21】
订单号：20191117221315989810
通知地址：http://e019cdb2app.miapp88api.com/Api/Home/payCallBack/jiufubao
通知报文：memberid=191121442&orderid=11172213169588&transaction_id=20191117221315989810&amount=101.0000&datetime=20191117221520&returncode=00&sign=8C8D5C3980A1894D7CBBBB5F823CC539&attach=
HTTP状态：
返回：查询订单失败查询订单订单状态为未支付ok

【2019-11-17 22:29:50】
订单号：20191117222818501004
通知地址：http://pay.vip6081.com/onlinepay/jiufubaov2/notify.do
通知报文：memberid=191155102&orderid=2019111722281702423&transaction_id=20191117222818501004&amount=400.0000&datetime=20191117222950&returncode=00&sign=D6185A90B47F2D10DEF43D4B8C2E4BFA&attach=
HTTP状态：
返回：OK

【2019-11-17 22:36:19】
订单号：20191117223459514853
通知地址：http://pay.vip6081.com/onlinepay/jiufubaov2/notify.do
通知报文：memberid=191155102&orderid=2019111722345402453&transaction_id=20191117223459514853&amount=260.0000&datetime=20191117223619&returncode=00&sign=A97C8269E1DBD2738F31B72CCFC4D44C&attach=
HTTP状态：
返回：OK

【2019-11-17 22:37:27】
订单号：20191117223500521011
通知地址：http://e019cdb2app.miapp88api.com/Api/Home/payCallBack/jiufubao
通知报文：memberid=191121442&orderid=11172235028644&transaction_id=20191117223500521011&amount=101.0000&datetime=20191117223726&returncode=00&sign=B468027B8F944D0E2DC71C39D122A07C&attach=
HTTP状态：
返回：查询订单失败查询订单订单状态为未支付ok

【2019-11-17 22:47:35】
订单号：20191117224540529910
通知地址：http://pay.vip6081.com/onlinepay/jiufubaov2/notify.do
通知报文：memberid=191155102&orderid=2019111722454002500&transaction_id=20191117224540529910&amount=300.0000&datetime=20191117224735&returncode=00&sign=77453419997D89828B7944B5151A1D21&attach=
HTTP状态：
返回：OK

【2019-11-17 22:58:47】
订单号：20191117225729574897
通知地址：http://e019cdb2app.miapp88api.com/Api/Home/payCallBack/jiufubao
通知报文：memberid=191121442&orderid=11172257296455&transaction_id=20191117225729574897&amount=101.0000&datetime=20191117225845&returncode=00&sign=227C8A85D2AC2CC0AD8AE93725F210AC&attach=
HTTP状态：
返回：查询订单失败查询订单订单状态为未支付ok

【2019-11-17 23:06:38】
订单号：20191117230340995398
通知地址：http://pay.vip6081.com/onlinepay/jiufubaov2/notify.do
通知报文：memberid=191155102&orderid=2019111723033902542&transaction_id=20191117230340995398&amount=500.0000&datetime=20191117230637&returncode=00&sign=048F93E78339559FB5713E6CDB41178C&attach=
HTTP状态：
返回：OK

【2019-11-17 23:15:19】
订单号：20191117230627515410
通知地址：http://pay.ffc585.com/JiuFuBaoZhiFuReturn/Index
通知报文：memberid=191205418&orderid=RK460429937411615842&transaction_id=20191117230627515410&amount=500.0000&datetime=20191117231519&returncode=00&sign=E9574FC6A7CCE1D69E1C26C3BE973027&attach=
HTTP状态：
返回：OK

【2019-11-17 23:23:47】
订单号：20191117232241499750
通知地址：http://pay.vip6081.com/onlinepay/jiufubaov2/notify.do
通知报文：memberid=191155102&orderid=2019111723224002603&transaction_id=20191117232241499750&amount=200.0000&datetime=20191117232346&returncode=00&sign=B614A3A5003433FA515BEAB18DB12B7D&attach=
HTTP状态：
返回：OK

【2019-11-17 23:42:37】
订单号：20191117234038544949
通知地址：http://pay1.dr5151.com/apis/pay_gateway/jiufujinzhifu/notice
通知报文：memberid=191209911&orderid=F201911172340337245&transaction_id=20191117234038544949&amount=900.0000&datetime=20191117234236&returncode=00&sign=883FD3A233ECA0C6DC572A7A5CBF0A54&attach=
HTTP状态：
返回：OK

【2019-11-17 23:55:08】
订单号：20191117235339515510
通知地址：http://pay.vip6081.com/onlinepay/jiufubaov2/notify.do
通知报文：memberid=191155102&orderid=2019111723533902680&transaction_id=20191117235339515510&amount=100.0000&datetime=20191117235507&returncode=00&sign=23218D82DF34D8697E3905D9E2AC926E&attach=
HTTP状态：
返回：OK

