【2019-11-22 00:03:54】
订单号：20191121234834505657
通知地址：http://834raw.top.cxmyjd.com/pay/jsp/jiufubaopay/res.jsp
通知报文：memberid=191156325&orderid=191121114820907647421&transaction_id=20191121234834505657&amount=500.0000&datetime=20191122000354&returncode=00&sign=A6E0B4A5F232439FB7C0FE8FC0A71D20&attach=en0690FD6EA2AA59_85786676_113552
HTTP状态：
返回：OK

【2019-11-22 00:10:55】
订单号：20191121225030545354
通知地址：http://e019cdb2webapi.miapp66dom.com/Api/Home/payCallBack/jiufubao
通知报文：memberid=191121442&orderid=11212250294877&transaction_id=20191121225030545354&amount=500.0000&datetime=20191122001053&returncode=00&sign=7699D3FF3ADD0FCDDC661E768070D53D&attach=
HTTP状态：
返回：查询订单失败查询订单订单状态为未支付ok

【2019-11-22 00:32:37】
订单号：20191122002854545097
通知地址：http://e019cdb2app.miapp88api.com/Api/Home/payCallBack/jiufubao
通知报文：memberid=191121442&orderid=11220028536249&transaction_id=20191122002854545097&amount=101.0000&datetime=20191122003235&returncode=00&sign=A2FEA54AF45B915699F8EDE584B94924&attach=
HTTP状态：
返回：查询订单失败查询订单订单状态为未支付ok

【2019-11-22 11:55:51】
订单号：20191122115358545650
通知地址：http://e019cdb2app.miapp88api.com/Api/Home/payCallBack/jiufubao
通知报文：memberid=191121442&orderid=11221153589853&transaction_id=20191122115358545650&amount=200.0000&datetime=20191122115550&returncode=00&sign=1CD0D06609CF82A5268718B7520A9B6E&attach=
HTTP状态：
返回：查询订单失败查询订单订单状态为未支付ok

【2019-11-22 12:14:26】
订单号：20191122121235514998
通知地址：http://e019cdb2webapi.miapp66dom.com/Api/Home/payCallBack/jiufubao
通知报文：memberid=191121442&orderid=11221212359994&transaction_id=20191122121235514998&amount=500.0000&datetime=20191122121424&returncode=00&sign=62852C1EB743E1CD215A890EEB8CC8D7&attach=
HTTP状态：
返回：查询订单失败查询订单订单状态为未支付ok

【2019-11-22 12:19:56】
订单号：20191122121620525456
通知地址：http://e019cdb2app.miapp88api.com/Api/Home/payCallBack/jiufubao
通知报文：memberid=191121442&orderid=11221216206195&transaction_id=20191122121620525456&amount=200.0000&datetime=20191122121954&returncode=00&sign=41FA1638AA87EB34F19F5FBE8B830378&attach=
HTTP状态：
返回：查询订单失败查询订单订单状态为未支付ok

【2019-11-22 12:27:57】
订单号：20191122122527555357
通知地址：http://e019cdb2webapi.miapp66dom.com/Api/Home/payCallBack/jiufubao
通知报文：memberid=191121442&orderid=11221225268478&transaction_id=20191122122527555357&amount=200.0000&datetime=20191122122756&returncode=00&sign=82175E5F23A7195C4080A28E33DB99AE&attach=
HTTP状态：
返回：查询订单失败查询订单订单状态为未支付ok

【2019-11-22 12:28:30】
订单号：20191122122526545651
通知地址：https://payback3.lebopay.net/jfbscpay/scallback.php
通知报文：memberid=191209913&orderid=2019112200252437277088&transaction_id=20191122122526545651&amount=150.0000&datetime=20191122122828&returncode=00&sign=4FCC74DEF86967233F2CDA746CDC6CF8&attach=41535-9578cf8c9defdb83cc4dc4bb110b8da5
HTTP状态：
返回：OK

【2019-11-22 12:34:53】
订单号：20191122123020994957
通知地址：http://e019cdb2app.miapp88api.com/Api/Home/payCallBack/jiufubao
通知报文：memberid=191121442&orderid=11221230211236&transaction_id=20191122123020994957&amount=101.0000&datetime=20191122123451&returncode=00&sign=BD81D15598EC9FF5FC5901F19887BF9E&attach=
HTTP状态：
返回：查询订单失败查询订单订单状态为未支付ok

【2019-11-22 12:37:12】
订单号：20191122123345579910
通知地址：http://pay.ffc585.com/JiuFuBaoZhiFuReturn/Index
通知报文：memberid=191205418&orderid=RK510784226837147390&transaction_id=20191122123345579910&amount=1000.0000&datetime=20191122123711&returncode=00&sign=672DD01DA67E0A69ADAFDF499AAB8912&attach=
HTTP状态：
返回：OK

【2019-11-22 12:41:44】
订单号：20191122123955989849
通知地址：http://pay1.dr5151.com/apis/pay_gateway/jiufujinzhifu/notice
通知报文：memberid=191209911&orderid=F201911221239529949&transaction_id=20191122123955989849&amount=100.0000&datetime=20191122124143&returncode=00&sign=F205570A387E3C09E57F6D8F3CB886D3&attach=
HTTP状态：
返回：OK

【2019-11-22 12:42:04】
订单号：20191122124029100985
通知地址：http://pay.ffc585.com/JiuFuBaoZhiFuReturn/Index
通知报文：memberid=191205418&orderid=RK510662794517489390&transaction_id=20191122124029100985&amount=500.0000&datetime=20191122124204&returncode=00&sign=1AD95B0605000858A41B34AF4B70DC67&attach=
HTTP状态：
返回：OK

【2019-11-22 12:43:19】
订单号：20191122124156525254
通知地址：https://payback3.lebopay.net/jfbscpay/scallback.php
通知报文：memberid=191209913&orderid=2019112200415385677088&transaction_id=20191122124156525254&amount=150.0000&datetime=20191122124317&returncode=00&sign=9B8D37F3F4DA39E63072335D885F171A&attach=41535-652694276eb49d8e710900f27d92c24b
HTTP状态：
返回：OK

【2019-11-22 12:49:12】
订单号：20191122124803515649
通知地址：http://e019cdb2webapi.miapp66dom.com/Api/Home/payCallBack/jiufubao
通知报文：memberid=191121442&orderid=11221248036985&transaction_id=20191122124803515649&amount=300.0000&datetime=20191122124911&returncode=00&sign=00BC92F54480426DAF535AECFF7896E4&attach=
HTTP状态：
返回：查询订单失败查询订单订单状态为未支付ok

【2019-11-22 12:57:14】
订单号：20191122125554975597
通知地址：http://e019cdb2webapi.miapp66dom.com/Api/Home/payCallBack/jiufubao
通知报文：memberid=191121442&orderid=11221255542911&transaction_id=20191122125554975597&amount=101.0000&datetime=20191122125712&returncode=00&sign=CAAC57CF4FA8C505B3EF1AF8AFFDEAEF&attach=
HTTP状态：
返回：查询订单失败查询订单订单状态为未支付ok

【2019-11-22 13:01:37】
订单号：20191122125924999854
通知地址：http://e019cdb2app.miapp88api.com/Api/Home/payCallBack/jiufubao
通知报文：memberid=191121442&orderid=11221259247798&transaction_id=20191122125924999854&amount=200.0000&datetime=20191122130135&returncode=00&sign=FCF98F5DC893C386BAEC4F630C9B35FF&attach=
HTTP状态：
返回：查询订单失败查询订单订单状态为未支付ok

【2019-11-22 13:03:40】
订单号：20191122130135102100
通知地址：http://pay.ffc585.com/JiuFuBaoZhiFuReturn/Index
通知报文：memberid=191205418&orderid=RK510373556838851177&transaction_id=20191122130135102100&amount=2000.0000&datetime=20191122130340&returncode=00&sign=2BB4D20987B73912025AA63F9FFB6BDC&attach=
HTTP状态：
返回：OK

【2019-11-22 13:11:19】
订单号：20191122130958545410
通知地址：http://pay.ffc585.com/JiuFuBaoZhiFuReturn/Index
通知报文：memberid=191205418&orderid=RK510653916833142294&transaction_id=20191122130958545410&amount=5000.0000&datetime=20191122131119&returncode=00&sign=C43683BA72230D97E75B85F96AFD336B&attach=
HTTP状态：
返回：OK

【2019-11-22 13:23:05】
订单号：20191122132143559710
通知地址：http://pay1.dr5151.com/apis/pay_gateway/jiufujinzhifu/notice
通知报文：memberid=191209911&orderid=F201911221321362794&transaction_id=20191122132143559710&amount=300.0000&datetime=20191122132304&returncode=00&sign=AA435C64DCCFC37CBFDFDB0C75658EC6&attach=
HTTP状态：
返回：OK

【2019-11-22 13:41:42】
订单号：20191122133941100515
通知地址：http://e019cdb2app.miapp88api.com/Api/Home/payCallBack/jiufubao
通知报文：memberid=191121442&orderid=11221339406692&transaction_id=20191122133941100515&amount=300.0000&datetime=20191122134141&returncode=00&sign=4157CCAC2475DBD2E69F8A1A990DEB50&attach=
HTTP状态：
返回：查询订单失败查询订单订单状态为未支付ok

【2019-11-22 13:48:56】
订单号：20191122134551102975
通知地址：http://pay.1youbox.com/onlinepay/jiufubaov2/notify.do
通知报文：memberid=191209910&orderid=2019112213453601466&transaction_id=20191122134551102975&amount=200.0000&datetime=20191122134856&returncode=00&sign=922513368929DC0DED780917C49AD93E&attach=
HTTP状态：
返回：OK

【2019-11-22 13:49:20】
订单号：20191122134330504856
通知地址：http://e019cdb2webapi.miapp66dom.com/Api/Home/payCallBack/jiufubao
通知报文：memberid=191121442&orderid=11221343294543&transaction_id=20191122134330504856&amount=401.0000&datetime=20191122134917&returncode=00&sign=F3883B4C3A9E48695A4FC7B41CD1983A&attach=
HTTP状态：
返回：查询订单失败查询订单订单状态为未支付ok

【2019-11-22 14:02:01】
订单号：20191122140053531015
通知地址：http://e019cdb2app.miapp88api.com/Api/Home/payCallBack/jiufubao
通知报文：memberid=191121442&orderid=11221400542349&transaction_id=20191122140053531015&amount=101.0000&datetime=20191122140159&returncode=00&sign=870169F08481CA1F425540A1D94FADE9&attach=
HTTP状态：
返回：查询订单失败查询订单订单状态为未支付ok

【2019-11-22 14:05:35】
订单号：20191122140403511005
通知地址：http://pay.1youbox.com/onlinepay/jiufubaov2/notify.do
通知报文：memberid=191209910&orderid=2019112214035901532&transaction_id=20191122140403511005&amount=100.1000&datetime=20191122140534&returncode=00&sign=2BABE4488028D363A8E805517E5EDA34&attach=
HTTP状态：
返回：OK

【2019-11-22 14:06:08】
订单号：20191122140407559956
通知地址：http://pay.ffc585.com/JiuFuBaoZhiFuReturn/Index
通知报文：memberid=191205418&orderid=RK510131038973676750&transaction_id=20191122140407559956&amount=200.0000&datetime=20191122140608&returncode=00&sign=6AEB9FCCA5363420DDCEF234687D251A&attach=
HTTP状态：
返回：OK

【2019-11-22 14:06:19】
订单号：20191122140504485198
通知地址：http://pay.1youbox.com/onlinepay/jiufubaov2/notify.do
通知报文：memberid=191209910&orderid=2019112214050201536&transaction_id=20191122140504485198&amount=100.0000&datetime=20191122140619&returncode=00&sign=D38FA03946B041B33E5EDE686547162B&attach=
HTTP状态：
返回：OK

【2019-11-22 14:07:41】
订单号：20191122140630541015
通知地址：http://e019cdb2app.miapp88api.com/Api/Home/payCallBack/jiufubao
通知报文：memberid=191121442&orderid=11221406315023&transaction_id=20191122140630541015&amount=101.0000&datetime=20191122140740&returncode=00&sign=AFFA215FAD3AD2B23FBF18568ED087AA&attach=
HTTP状态：
返回：查询订单失败查询订单订单状态为未支付ok

【2019-11-22 14:12:55】
订单号：20191122140041571005
通知地址：http://e019cdb2app.miapp88api.com/Api/Home/payCallBack/jiufubao
通知报文：memberid=191121442&orderid=11221400423059&transaction_id=20191122140041571005&amount=101.0000&datetime=20191122141253&returncode=00&sign=8D75984E717CF43D73CF49F5641296E3&attach=
HTTP状态：
返回：查询订单失败查询订单订单状态为未支付ok

【2019-11-22 14:14:43】
订单号：20191122141249495256
通知地址：http://pay.1youbox.com/onlinepay/jiufubaov2/notify.do
通知报文：memberid=191209910&orderid=2019112214124601562&transaction_id=20191122141249495256&amount=200.0000&datetime=20191122141443&returncode=00&sign=B73B5E9FD04C6164066541404FD14329&attach=
HTTP状态：
返回：OK

【2019-11-22 14:19:03】
订单号：20191122141531519857
通知地址：http://e019cdb2app.miapp88api.com/Api/Home/payCallBack/jiufubao
通知报文：memberid=191121442&orderid=11221415301089&transaction_id=20191122141531519857&amount=300.0000&datetime=20191122141900&returncode=00&sign=2D50A2E2B311760C636A98872282B8DA&attach=
HTTP状态：
返回：查询订单失败查询订单订单状态为未支付ok

【2019-11-22 14:22:32】
订单号：20191122134340995653
通知地址：http://pay.1youbox.com/onlinepay/jiufubaov2/notify.do
通知报文：memberid=191209910&orderid=2019112213433601458&transaction_id=20191122134340995653&amount=100.0000&datetime=20191122142231&returncode=00&sign=081D7A72E21D375E865A94545BE3290E&attach=
HTTP状态：
返回：OK

【2019-11-22 14:32:27】
订单号：20191122143006101101
通知地址：http://pay.1youbox.com/onlinepay/jiufubaov2/notify.do
通知报文：memberid=191209910&orderid=2019112214300301649&transaction_id=20191122143006101101&amount=100.0000&datetime=20191122143227&returncode=00&sign=D10887CB1D8EBB8051261304F16FC148&attach=
HTTP状态：
返回：OK

【2019-11-22 14:39:55】
订单号：20191122143811515356
通知地址：http://e019cdb2webapi.miapp66dom.com/Api/Home/payCallBack/jiufubao
通知报文：memberid=191121442&orderid=11221438101145&transaction_id=20191122143811515356&amount=500.0000&datetime=20191122143954&returncode=00&sign=09BC87099F04EDC5BD5D16081E8E825F&attach=
HTTP状态：
返回：查询订单失败查询订单订单状态为未支付ok

【2019-11-22 14:41:36】
订单号：20191122144000485199
通知地址：http://pay.1youbox.com/onlinepay/jiufubaov2/notify.do
通知报文：memberid=191209910&orderid=2019112214395501680&transaction_id=20191122144000485199&amount=100.0000&datetime=20191122144136&returncode=00&sign=6E7B63216250699096DC3D445C607F73&attach=
HTTP状态：
返回：OK

【2019-11-22 15:02:18】
订单号：20191122145817575648
通知地址：http://e019cdb2app.miapp88api.com/Api/Home/payCallBack/jiufubao
通知报文：memberid=191121442&orderid=11221458179786&transaction_id=20191122145817575648&amount=100.0000&datetime=20191122150214&returncode=00&sign=C6207EF6D8DA8A817A24103831EE3FC7&attach=
HTTP状态：
返回：查询订单失败查询订单订单状态为未支付ok

【2019-11-22 15:05:43】
订单号：20191122150317535156
通知地址：http://pay.1youbox.com/onlinepay/jiufubaov2/notify.do
通知报文：memberid=191209910&orderid=2019112215031501807&transaction_id=20191122150317535156&amount=100.0000&datetime=20191122150543&returncode=00&sign=B34A6316BF1C0652AF9AC74E54C9DDBE&attach=
HTTP状态：
返回：OK

【2019-11-22 15:09:54】
订单号：20191122150747514899
通知地址：http://pay.1youbox.com/onlinepay/jiufubaov2/notify.do
通知报文：memberid=191209910&orderid=2019112215073701825&transaction_id=20191122150747514899&amount=100.0000&datetime=20191122150954&returncode=00&sign=7643B0A44E46F83CF6983BF9AAA2A624&attach=
HTTP状态：
返回：OK

【2019-11-22 15:11:10】
订单号：20191122150201575099
通知地址：http://pay.1youbox.com/onlinepay/jiufubaov2/notify.do
通知报文：memberid=191209910&orderid=2019112215015701797&transaction_id=20191122150201575099&amount=100.0000&datetime=20191122151110&returncode=00&sign=977D170947222FD72249B19C5FBED3B0&attach=
HTTP状态：
返回：OK

【2019-11-22 15:18:23】
订单号：20191122151408481014
通知地址：http://pay.1youbox.com/onlinepay/jiufubaov2/notify.do
通知报文：memberid=191209910&orderid=2019112215140801854&transaction_id=20191122151408481014&amount=100.0000&datetime=20191122151823&returncode=00&sign=5C75ABF61E4B3DF92AEA9D08C01B674E&attach=
HTTP状态：
返回：OK

【2019-11-22 15:18:46】
订单号：20191122151737491024
通知地址：http://e019cdb2app.miapp88api.com/Api/Home/payCallBack/jiufubao
通知报文：memberid=191121442&orderid=11221517383974&transaction_id=20191122151737491024&amount=500.0000&datetime=20191122151845&returncode=00&sign=1C44B0D692B443C5B60D5BD17B134C6F&attach=
HTTP状态：
返回：查询订单失败查询订单订单状态为未支付ok

【2019-11-22 15:27:55】
订单号：20191122152618975356
通知地址：http://pay.1youbox.com/onlinepay/jiufubaov2/notify.do
通知报文：memberid=191209910&orderid=2019112215261701883&transaction_id=20191122152618975356&amount=100.0000&datetime=20191122152755&returncode=00&sign=CF529FEF8EC3A7851B6052EB6C0F9269&attach=
HTTP状态：
返回：OK

【2019-11-22 15:32:21】
订单号：20191122152649575449
通知地址：http://pay.vip6081.com/onlinepay/jiufubaov2/notify.do
通知报文：memberid=191155102&orderid=2019112215264801254&transaction_id=20191122152649575449&amount=150.0000&datetime=20191122153220&returncode=00&sign=75F5CA5B30640A88DBC297AA57B1DBE9&attach=
HTTP状态：
返回：OK

【2019-11-22 15:32:33】
订单号：20191122153053100501
通知地址：http://pay.ffc585.com/JiuFuBaoZhiFuReturn/Index
通知报文：memberid=191205418&orderid=RK510771609538397235&transaction_id=20191122153053100501&amount=300.0000&datetime=20191122153232&returncode=00&sign=C61EA4EC852FF2010783AB320EDC2EE7&attach=
HTTP状态：
返回：OK

【2019-11-22 15:39:01】
订单号：20191122153727551004
通知地址：http://pay1.dr5151.com/apis/pay_gateway/jiufujinzhifu/notice
通知报文：memberid=191209911&orderid=F201911221537213618&transaction_id=20191122153727551004&amount=100.0000&datetime=20191122153901&returncode=00&sign=445F512BC0E89822C810FC3068D59D44&attach=
HTTP状态：
返回：OK

【2019-11-22 15:41:05】
订单号：20191122153055102975
通知地址：http://pay1.dr5151.com/apis/pay_gateway/jiufujinzhifu/notice
通知报文：memberid=191209911&orderid=F201911221530482465&transaction_id=20191122153055102975&amount=100.0000&datetime=20191122154105&returncode=00&sign=4E887488BB920303E8137E0DBCA06357&attach=
HTTP状态：
返回：OK

【2019-11-22 15:49:59】
订单号：20191122154733535354
通知地址：http://834raw.top.cxmyjd.com/pay/jsp/jiufubaopay/res.jsp
通知报文：memberid=191156325&orderid=191122034720407581285&transaction_id=20191122154733535354&amount=300.0000&datetime=20191122154959&returncode=00&sign=8930ABC32C45443E91984401C5F75559&attach=en0635F9F372B4CA_85933270_113552
HTTP状态：
返回：OK

【2019-11-22 15:57:39】
订单号：20191122155556994899
通知地址：http://pay.1youbox.com/onlinepay/jiufubaov2/notify.do
通知报文：memberid=191209910&orderid=2019112215555501987&transaction_id=20191122155556994899&amount=100.0000&datetime=20191122155739&returncode=00&sign=450F18443110E85B95C34B15385E7797&attach=
HTTP状态：
返回：OK

【2019-11-22 16:16:42】
订单号：20191122161450975253
通知地址：http://pay.1youbox.com/onlinepay/jiufubaov2/notify.do
通知报文：memberid=191209910&orderid=2019112216144802063&transaction_id=20191122161450975253&amount=300.0000&datetime=20191122161641&returncode=00&sign=B9AC746ECC3148F15F0C16D48A5C81FE&attach=
HTTP状态：
返回：OK

【2019-11-22 16:27:23】
订单号：20191122162602975549
通知地址：http://e019cdb2app.miapp88api.com/Api/Home/payCallBack/jiufubao
通知报文：memberid=191121442&orderid=11221626027789&transaction_id=20191122162602975549&amount=188.0000&datetime=20191122162722&returncode=00&sign=1C411DF86778F1A6203995123C2DDA31&attach=
HTTP状态：
返回：查询订单失败查询订单订单状态为未支付ok

【2019-11-22 16:31:57】
订单号：20191122163000569810
通知地址：http://e019cdb2webapi.miapp66dom.com/Api/Home/payCallBack/jiufubao
通知报文：memberid=191121442&orderid=11221629596995&transaction_id=20191122163000569810&amount=300.0000&datetime=20191122163156&returncode=00&sign=BC2408BE21D88CA01D402DBDED6AE3CE&attach=
HTTP状态：
返回：查询订单失败查询订单订单状态为未支付ok

【2019-11-22 16:50:31】
订单号：20191122164752564856
通知地址：http://e019cdb2webapi.miapp66dom.com/Api/Home/payCallBack/jiufubao
通知报文：memberid=191121442&orderid=11221647482487&transaction_id=20191122164752564856&amount=100.0000&datetime=20191122165030&returncode=00&sign=C13793FDB14389388033D2CE34363FF3&attach=
HTTP状态：
返回：查询订单失败查询订单订单状态为未支付ok

【2019-11-22 17:09:33】
订单号：20191122170726101569
通知地址：http://pay.ffc585.com/JiuFuBaoZhiFuReturn/Index
通知报文：memberid=191205418&orderid=RK510384747636831645&transaction_id=20191122170726101569&amount=200.0000&datetime=20191122170933&returncode=00&sign=4B678DFE1FD1593767A0A41A4593DCFA&attach=
HTTP状态：
返回：OK

【2019-11-22 17:12:36】
订单号：20191122171028525697
通知地址：http://e019cdb2app.miapp88api.com/Api/Home/payCallBack/jiufubao
通知报文：memberid=191121442&orderid=11221710271270&transaction_id=20191122171028525697&amount=300.0000&datetime=20191122171235&returncode=00&sign=576BE95B0F3A9C71857E85F49CBC9276&attach=
HTTP状态：
返回：查询订单失败查询订单订单状态为未支付ok

【2019-11-22 17:29:01】
订单号：20191122172649571024
通知地址：http://pay1.dr5151.com/apis/pay_gateway/jiufujinzhifu/notice
通知报文：memberid=191209911&orderid=F201911221726498547&transaction_id=20191122172649571024&amount=100.0000&datetime=20191122172901&returncode=00&sign=C13076EA81AD9666671FFBA8F0C476DB&attach=
HTTP状态：
返回：OK

【2019-11-22 17:30:20】
订单号：20191122172850509851
通知地址：http://834raw.top.cxmyjd.com/pay/jsp/jiufubaopay/res.jsp
通知报文：memberid=191156325&orderid=191122052820407586254&transaction_id=20191122172850509851&amount=300.0000&datetime=20191122173019&returncode=00&sign=308F984136434EAB6E6BBD647F4D1FC1&attach=en0697B82AF5A101_85935338_113552
HTTP状态：
返回：OK

【2019-11-22 17:37:33】
订单号：20191122173608565048
通知地址：http://e019cdb2app.miapp88api.com/Api/Home/payCallBack/jiufubao
通知报文：memberid=191121442&orderid=11221736079495&transaction_id=20191122173608565048&amount=200.0000&datetime=20191122173731&returncode=00&sign=4B5EC758DB3ED04807952FFDEA9A2689&attach=
HTTP状态：
返回：查询订单失败查询订单订单状态为未支付ok

【2019-11-22 17:54:37】
订单号：20191122175201491001
通知地址：http://pay1.dr5151.com/apis/pay_gateway/jiufujinzhifu/notice
通知报文：memberid=191209911&orderid=F201911221751562825&transaction_id=20191122175201491001&amount=300.0000&datetime=20191122175437&returncode=00&sign=46FCE0B4A495C4CF2FEBA9F3986320A0&attach=
HTTP状态：
返回：OK

【2019-11-22 17:56:18】
订单号：20191122175218505452
通知地址：http://e019cdb2app.miapp88api.com/Api/Home/payCallBack/jiufubao
通知报文：memberid=191121442&orderid=11221752179370&transaction_id=20191122175218505452&amount=238.0000&datetime=20191122175616&returncode=00&sign=9201C03ECAB409115AC9328A39F3792E&attach=
HTTP状态：
返回：查询订单失败查询订单订单状态为未支付ok

【2019-11-22 18:04:35】
订单号：20191122180206101100
通知地址：http://e019cdb2app.miapp88api.com/Api/Home/payCallBack/jiufubao
通知报文：memberid=191121442&orderid=11221802055385&transaction_id=20191122180206101100&amount=100.0000&datetime=20191122180433&returncode=00&sign=8104F32D2589AB54450E599B028B87AA&attach=
HTTP状态：
返回：查询订单失败查询订单订单状态为未支付ok

【2019-11-22 18:05:27】
订单号：20191122180037535310
通知地址：http://pay.1youbox.com/onlinepay/jiufubaov2/notify.do
通知报文：memberid=191209910&orderid=2019112218003302354&transaction_id=20191122180037535310&amount=150.1000&datetime=20191122180527&returncode=00&sign=DA5F72F253D7DB88285A0D4A19096F61&attach=
HTTP状态：
返回：OK

【2019-11-22 18:09:10】
订单号：20191122180642504954
通知地址：http://pay.vip6081.com/onlinepay/jiufubaov2/notify.do
通知报文：memberid=191155102&orderid=2019112218064001698&transaction_id=20191122180642504954&amount=200.0000&datetime=20191122180910&returncode=00&sign=C91F81691479DD4399359B4A2BC883AF&attach=
HTTP状态：
返回：OK

【2019-11-22 18:09:35】
订单号：20191122180807554955
通知地址：http://834raw.top.cxmyjd.com/pay/jsp/jiufubaopay/res.jsp
通知报文：memberid=191156325&orderid=191122060820907690734&transaction_id=20191122180807554955&amount=300.0000&datetime=20191122180933&returncode=00&sign=151B0F1D450212A727DCA21C2393F488&attach=en0620E664FCEA4B_85963779_113552
HTTP状态：
返回：OK

【2019-11-22 18:10:17】
订单号：20191122180059985798
通知地址：http://e019cdb2app.miapp88api.com/Api/Home/payCallBack/jiufubao
通知报文：memberid=191121442&orderid=11221800589947&transaction_id=20191122180059985798&amount=101.0000&datetime=20191122181015&returncode=00&sign=9946FCE5678D94EC0CDA318E2B5F94DE&attach=
HTTP状态：
返回：查询订单失败查询订单订单状态为未支付ok

【2019-11-22 18:13:33】
订单号：20191122181214101971
通知地址：http://pay1.dr5151.com/apis/pay_gateway/jiufujinzhifu/notice
通知报文：memberid=191209911&orderid=F201911221812112574&transaction_id=20191122181214101971&amount=600.0000&datetime=20191122181332&returncode=00&sign=6CAD4A494CD5C9CD9BA1CA36FA838F1E&attach=
HTTP状态：
返回：OK

【2019-11-22 18:19:16】
订单号：20191122181731981009
通知地址：http://e019cdb2app.miapp88api.com/Api/Home/payCallBack/jiufubao
通知报文：memberid=191121442&orderid=11221817308829&transaction_id=20191122181731981009&amount=101.0000&datetime=20191122181915&returncode=00&sign=0307C1AB9AFF0EA0AB8670EFF585F014&attach=
HTTP状态：
返回：查询订单失败查询订单订单状态为未支付ok

【2019-11-22 18:32:25】
订单号：20191122183038101505
通知地址：http://e019cdb2app.miapp88api.com/Api/Home/payCallBack/jiufubao
通知报文：memberid=191121442&orderid=11221830322025&transaction_id=20191122183038101505&amount=400.0000&datetime=20191122183224&returncode=00&sign=F4B6415D749A0AF5701A90AE810ECB15&attach=
HTTP状态：
返回：查询订单失败查询订单订单状态为未支付ok

【2019-11-22 18:47:16】
订单号：20191122184511559754
通知地址：http://e019cdb2webapi.miapp66dom.com/Api/Home/payCallBack/jiufubao
通知报文：memberid=191121442&orderid=11221845104803&transaction_id=20191122184511559754&amount=1000.0000&datetime=20191122184714&returncode=00&sign=6F84A98964A765C28D413A9507C00DB6&attach=
HTTP状态：
返回：查询订单失败查询订单订单状态为未支付ok

【2019-11-22 18:51:29】
订单号：20191122184939515551
通知地址：http://pay1.dr5151.com/apis/pay_gateway/jiufujinzhifu/notice
通知报文：memberid=191209911&orderid=F201911221849358448&transaction_id=20191122184939515551&amount=100.0000&datetime=20191122185129&returncode=00&sign=A57B28FC9EFEF79D9C0A3B78D963F977&attach=
HTTP状态：
返回：OK

【2019-11-22 18:56:27】
订单号：20191122185242974810
通知地址：https://payback3.lebopay.net/jfbscpay/scallback.php
通知报文：memberid=191209913&orderid=2019112206523688969508&transaction_id=20191122185242974810&amount=100.0000&datetime=20191122185625&returncode=00&sign=73BB3FE643689D2539C6BE4876F4BFAE&attach=41535-dc786dcff85f952a3cdbbd592944b9fe
HTTP状态：
返回：OK

【2019-11-22 19:09:02】
订单号：20191122190723985510
通知地址：https://payback3.lebopay.net/jfbscpay/scallback.php
通知报文：memberid=191209913&orderid=2019112207071872319508&transaction_id=20191122190723985510&amount=100.0000&datetime=20191122190900&returncode=00&sign=1B06A13BDA6FFF32242C17AF8413E53D&attach=41535-0fd814b61f089a24816bf4a6fdb04be0
HTTP状态：
返回：OK

【2019-11-22 19:13:43】
订单号：20191122191025491011
通知地址：http://834raw.top.cxmyjd.com/pay/jsp/jiufubaopay/res.jsp
通知报文：memberid=191156325&orderid=191122071020907694130&transaction_id=20191122191025491011&amount=500.0000&datetime=20191122191343&returncode=00&sign=0DF1521B43ACC4B6662915302F4EBF61&attach=en0633D7EC63D9D1_85965347_113552
HTTP状态：
返回：OK

【2019-11-22 19:14:54】
订单号：20191122191307515348
通知地址：http://pay.ffc585.com/JiuFuBaoZhiFuReturn/Index
通知报文：memberid=191205418&orderid=RK510269125939977296&transaction_id=20191122191307515348&amount=300.0000&datetime=20191122191454&returncode=00&sign=87BFFF4E5A067BD40A4B4611DF76EB44&attach=
HTTP状态：
返回：OK

【2019-11-22 19:17:29】
订单号：20191122191321495257
通知地址：https://payback3.lebopay.net/jfbscpay/scallback.php
通知报文：memberid=191209913&orderid=2019112207131638209508&transaction_id=20191122191321495257&amount=100.0000&datetime=20191122191727&returncode=00&sign=4D01C2D5E4706E3C04EA7B0180E297FB&attach=41535-828020901330f48f2322714f99b21b23
HTTP状态：
返回：OK

【2019-11-22 19:28:32】
订单号：20191122192656481005
通知地址：http://pay.1youbox.com/onlinepay/jiufubaov2/notify.do
通知报文：memberid=191209910&orderid=2019112219265402578&transaction_id=20191122192656481005&amount=100.1000&datetime=20191122192832&returncode=00&sign=5AEA9ECA705E3DB19BA92D0FEB2CF334&attach=
HTTP状态：
返回：OK

【2019-11-22 19:28:36】
订单号：20191122192457571015
通知地址：http://pay.1youbox.com/onlinepay/jiufubaov2/notify.do
通知报文：memberid=191209910&orderid=2019112219245402571&transaction_id=20191122192457571015&amount=100.0000&datetime=20191122192836&returncode=00&sign=565C83CC2889CB92D22FB6208B4CBC5D&attach=
HTTP状态：
返回：OK

【2019-11-22 19:37:13】
订单号：20191122193603515554
通知地址：http://pay.1youbox.com/onlinepay/jiufubaov2/notify.do
通知报文：memberid=191209910&orderid=2019112219360102615&transaction_id=20191122193603515554&amount=150.0000&datetime=20191122193712&returncode=00&sign=739319B8DEACE75671958779432FDEDB&attach=
HTTP状态：
返回：OK

【2019-11-22 19:46:38】
订单号：20191122194018505610
通知地址：http://pay.1youbox.com/onlinepay/jiufubaov2/notify.do
通知报文：memberid=191209910&orderid=2019112219401602636&transaction_id=20191122194018505610&amount=300.0000&datetime=20191122194637&returncode=00&sign=88804D40EFCD84B59D0C928164469B8F&attach=
HTTP状态：
返回：OK

【2019-11-22 19:47:21】
订单号：20191122194435515255
通知地址：http://e019cdb2webapi.miapp66dom.com/Api/Home/payCallBack/jiufubao
通知报文：memberid=191121442&orderid=11221944304155&transaction_id=20191122194435515255&amount=101.0000&datetime=20191122194719&returncode=00&sign=CAC551E8351537B0452459089A6C8E8C&attach=
HTTP状态：
返回：查询订单失败查询订单订单状态为未支付ok

【2019-11-22 19:48:12】
订单号：20191122194341100575
通知地址：http://834raw.top.cxmyjd.com/pay/jsp/jiufubaopay/res.jsp
通知报文：memberid=191156325&orderid=191122074320407593388&transaction_id=20191122194341100575&amount=300.0000&datetime=20191122194811&returncode=00&sign=A0F6B6C677AA19AF1107A52784AE6F54&attach=en063392F05E94E1_86003532_113552
HTTP状态：
返回：OK

【2019-11-22 20:05:01】
订单号：20191122200336565149
通知地址：https://payback3.lebopay.net/jfbscpay/scallback.php
通知报文：memberid=191209913&orderid=2019112208033299153188&transaction_id=20191122200336565149&amount=200.0000&datetime=20191122200459&returncode=00&sign=A5D07027732D94420E293EFA2E035BA0&attach=41535-61f5b85691bd174c9783318b240843d1
HTTP状态：
返回：OK

【2019-11-22 20:05:18】
订单号：20191122195743559956
通知地址：http://e019cdb2app.miapp88api.com/Api/Home/payCallBack/jiufubao
通知报文：memberid=191121442&orderid=11221957424205&transaction_id=20191122195743559956&amount=101.0000&datetime=20191122200516&returncode=00&sign=13D53A874676A2A8F2D5440F5A2EDA19&attach=
HTTP状态：
返回：查询订单失败查询订单订单状态为未支付ok

【2019-11-22 20:05:29】
订单号：20191122200338975353
通知地址：http://pay1.dr5151.com/apis/pay_gateway/jiufujinzhifu/notice
通知报文：memberid=191209911&orderid=F201911222003311067&transaction_id=20191122200338975353&amount=100.0000&datetime=20191122200527&returncode=00&sign=D991C81343D5C39671B962828521CC51&attach=
HTTP状态：
返回：OK

【2019-11-22 20:11:24】
订单号：20191122201004991015
通知地址：http://pay.1youbox.com/onlinepay/jiufubaov2/notify.do
通知报文：memberid=191209910&orderid=2019112220090902771&transaction_id=20191122201004991015&amount=100.0000&datetime=20191122201124&returncode=00&sign=355884DAC3C4DC16057732C101A38FBC&attach=
HTTP状态：
返回：OK

【2019-11-22 20:13:22】
订单号：20191122201159102981
通知地址：http://pay1.dr5151.com/apis/pay_gateway/jiufujinzhifu/notice
通知报文：memberid=191209911&orderid=F201911222011533869&transaction_id=20191122201159102981&amount=100.0000&datetime=20191122201322&returncode=00&sign=D533610E58B0320480E7BE75B19FB7CF&attach=
HTTP状态：
返回：OK

【2019-11-22 20:17:13】
订单号：20191122201548525650
通知地址：http://e019cdb2app.miapp88api.com/Api/Home/payCallBack/jiufubao
通知报文：memberid=191121442&orderid=11222015487595&transaction_id=20191122201548525650&amount=900.0000&datetime=20191122201712&returncode=00&sign=15AD5E5C9948B56E7C269BB21AF1EBF5&attach=
HTTP状态：
返回：查询订单失败查询订单订单状态为未支付ok

【2019-11-22 20:21:24】
订单号：20191122202005535755
通知地址：http://e019cdb2app.miapp88api.com/Api/Home/payCallBack/jiufubao
通知报文：memberid=191121442&orderid=11222020035845&transaction_id=20191122202005535755&amount=101.0000&datetime=20191122202122&returncode=00&sign=E84F7A442C7788BEE9BC94D408557F23&attach=
HTTP状态：
返回：查询订单失败查询订单订单状态为未支付ok

【2019-11-22 20:26:04】
订单号：20191122202245535556
通知地址：http://e019cdb2app.miapp88api.com/Api/Home/payCallBack/jiufubao
通知报文：memberid=191121442&orderid=11222022452884&transaction_id=20191122202245535556&amount=100.0000&datetime=20191122202602&returncode=00&sign=9269A94271BC3392CE7D68C67FC2CC4C&attach=
HTTP状态：
返回：查询订单失败查询订单订单状态为未支付ok

【2019-11-22 20:26:17】
订单号：20191122201232485152
通知地址：http://pay.ffc585.com/JiuFuBaoZhiFuReturn/Index
通知报文：memberid=191205418&orderid=RK510474961477308843&transaction_id=20191122201232485152&amount=500.0000&datetime=20191122202615&returncode=00&sign=431027468B259A4386B9E35119218AD1&attach=
HTTP状态：
返回：OK

【2019-11-22 20:27:38】
订单号：20191122202605100551
通知地址：http://e019cdb2app.miapp88api.com/Api/Home/payCallBack/jiufubao
通知报文：memberid=191121442&orderid=11222026046173&transaction_id=20191122202605100551&amount=200.0000&datetime=20191122202736&returncode=00&sign=B24BC6D974599155DFD2DA612D9523F0&attach=
HTTP状态：
返回：查询订单失败查询订单订单状态为未支付ok

【2019-11-22 20:28:52】
订单号：20191122202636995457
通知地址：http://pay1.dr5151.com/apis/pay_gateway/jiufujinzhifu/notice
通知报文：memberid=191209911&orderid=F201911222026281647&transaction_id=20191122202636995457&amount=100.0000&datetime=20191122202852&returncode=00&sign=C61FB911CFDE70F68816780CDCB5FA34&attach=
HTTP状态：
返回：OK

【2019-11-22 20:30:46】
订单号：20191122202914971015
通知地址：http://pay1.dr5151.com/apis/pay_gateway/jiufujinzhifu/notice
通知报文：memberid=191209911&orderid=F201911222029137210&transaction_id=20191122202914971015&amount=700.0000&datetime=20191122203045&returncode=00&sign=91E507FFA51C49344A32729428E8C3A9&attach=
HTTP状态：
返回：OK

【2019-11-22 20:32:02】
订单号：20191122203055102561
通知地址：http://pay1.dr5151.com/apis/pay_gateway/jiufujinzhifu/notice
通知报文：memberid=191209911&orderid=F201911222030542139&transaction_id=20191122203055102561&amount=300.0000&datetime=20191122203202&returncode=00&sign=D8B5DF08D6B2AB08ED28DC04F06E3756&attach=
HTTP状态：
返回：OK

【2019-11-22 20:35:21】
订单号：20191122203304485149
通知地址：http://pay1.dr5151.com/apis/pay_gateway/jiufujinzhifu/notice
通知报文：memberid=191209911&orderid=F201911222032569222&transaction_id=20191122203304485149&amount=100.0000&datetime=20191122203521&returncode=00&sign=CE941129FBCA213D35349A8C7437CB9E&attach=
HTTP状态：
返回：OK

【2019-11-22 20:35:26】
订单号：20191122203216485457
通知地址：http://pay1.dr5151.com/apis/pay_gateway/jiufujinzhifu/notice
通知报文：memberid=191209911&orderid=F201911222032154638&transaction_id=20191122203216485457&amount=100.0000&datetime=20191122203526&returncode=00&sign=4ACA4475A8A3A172E07870F5C38DDE6E&attach=
HTTP状态：
返回：OK

【2019-11-22 20:39:51】
订单号：20191122203736484856
通知地址：http://pay.1youbox.com/onlinepay/jiufubaov2/notify.do
通知报文：memberid=191209910&orderid=2019112220373102891&transaction_id=20191122203736484856&amount=200.0000&datetime=20191122203950&returncode=00&sign=15E92EE8A75A10AF3C77359858E23A28&attach=
HTTP状态：
返回：OK

【2019-11-22 20:40:05】
订单号：20191122203459511004
通知地址：http://pay.1youbox.com/onlinepay/jiufubaov2/notify.do
通知报文：memberid=191209910&orderid=2019112220345502882&transaction_id=20191122203459511004&amount=200.0000&datetime=20191122204004&returncode=00&sign=342F171854A8F2AFE81E0C145006AF02&attach=
HTTP状态：
返回：OK

【2019-11-22 20:41:45】
订单号：20191122203837100579
通知地址：http://e019cdb2app.miapp88api.com/Api/Home/payCallBack/jiufubao
通知报文：memberid=191121442&orderid=11222038359840&transaction_id=20191122203837100579&amount=500.0000&datetime=20191122204143&returncode=00&sign=22399635F9B60DC204963FBDF0550D8A&attach=
HTTP状态：
返回：查询订单失败查询订单订单状态为未支付ok

【2019-11-22 20:59:48】
订单号：20191122205617494850
通知地址：http://pay1.dr5151.com/apis/pay_gateway/jiufujinzhifu/notice
通知报文：memberid=191209911&orderid=F201911222056137504&transaction_id=20191122205617494850&amount=100.0000&datetime=20191122205948&returncode=00&sign=C327EE937EE7774B57743132425DD06B&attach=
HTTP状态：
返回：OK

【2019-11-22 21:09:26】
订单号：20191122210351555610
通知地址：http://e019cdb2app.miapp88api.com/Api/Home/payCallBack/jiufubao
通知报文：memberid=191121442&orderid=11222103493399&transaction_id=20191122210351555610&amount=100.0000&datetime=20191122210925&returncode=00&sign=C8B57A30016C2E0F9137842DBA454A81&attach=
HTTP状态：
返回：查询订单失败查询订单订单状态为未支付ok

【2019-11-22 21:14:16】
订单号：20191122211150549810
通知地址：http://pay.1youbox.com/onlinepay/jiufubaov2/notify.do
通知报文：memberid=191209910&orderid=2019112221114803026&transaction_id=20191122211150549810&amount=100.0000&datetime=20191122211414&returncode=00&sign=9EBD9107328105D3E200A183472EBB19&attach=
HTTP状态：
返回：OK

【2019-11-22 21:16:07】
订单号：20191122211415554950
通知地址：http://pay1.dr5151.com/apis/pay_gateway/jiufujinzhifu/notice
通知报文：memberid=191209911&orderid=F201911222114095374&transaction_id=20191122211415554950&amount=100.0000&datetime=20191122211606&returncode=00&sign=B38D655651266EE42D7C468C0B7D7E88&attach=
HTTP状态：
返回：OK

【2019-11-22 21:17:20】
订单号：20191122210516995557
通知地址：http://pay.1youbox.com/onlinepay/jiufubaov2/notify.do
通知报文：memberid=191209910&orderid=2019112221051002997&transaction_id=20191122210516995557&amount=100.0000&datetime=20191122211720&returncode=00&sign=335F6053E152ECF6F08698D07421CA26&attach=
HTTP状态：
返回：OK

【2019-11-22 21:18:52】
订单号：20191122211705494910
通知地址：http://e019cdb2webapi.miapp66dom.com/Api/Home/payCallBack/jiufubao
通知报文：memberid=191121442&orderid=11222117045208&transaction_id=20191122211705494910&amount=101.0000&datetime=20191122211850&returncode=00&sign=FE4E8CDFDFC835FE84498779CF6E3BD6&attach=
HTTP状态：
返回：查询订单失败查询订单订单状态为未支付ok

【2019-11-22 21:19:21】
订单号：20191122211758549710
通知地址：http://pay1.dr5151.com/apis/pay_gateway/jiufujinzhifu/notice
通知报文：memberid=191209911&orderid=F201911222117549658&transaction_id=20191122211758549710&amount=100.0000&datetime=20191122211921&returncode=00&sign=6DBDE394FE14B7B94E59F6888BD983C8&attach=
HTTP状态：
返回：OK

【2019-11-22 21:24:54】
订单号：20191122210642505310
通知地址：http://pay.1youbox.com/onlinepay/jiufubaov2/notify.do
通知报文：memberid=191209910&orderid=2019112221063903005&transaction_id=20191122210642505310&amount=500.0000&datetime=20191122212454&returncode=00&sign=1B28C076560CEAC673DA08214D2CDA3B&attach=
HTTP状态：
返回：OK

【2019-11-22 21:29:51】
订单号：20191122212800489956
通知地址：http://e019cdb2app.miapp88api.com/Api/Home/payCallBack/jiufubao
通知报文：memberid=191121442&orderid=11222128006726&transaction_id=20191122212800489956&amount=101.0000&datetime=20191122212949&returncode=00&sign=D8F4EEC4A818C730D3CCD0600902DFA1&attach=
HTTP状态：
返回：查询订单失败查询订单订单状态为未支付ok

【2019-11-22 21:41:36】
订单号：20191122213940995310
通知地址：http://pay1.dr5151.com/apis/pay_gateway/jiufujinzhifu/notice
通知报文：memberid=191209911&orderid=F201911222139326809&transaction_id=20191122213940995310&amount=200.0000&datetime=20191122214135&returncode=00&sign=E05F8FE6F9217C96FE680F7094E1311E&attach=
HTTP状态：
返回：OK

【2019-11-22 21:42:09】
订单号：20191122210626501024
通知地址：http://e019cdb2app.miapp88api.com/Api/Home/payCallBack/jiufubao
通知报文：memberid=191121442&orderid=11222106261777&transaction_id=20191122210626501024&amount=200.0000&datetime=20191122214206&returncode=00&sign=7386B4031C8D920EA23F94DC8347309E&attach=
HTTP状态：
返回：查询订单失败查询订单订单状态为未支付ok

【2019-11-22 21:43:43】
订单号：20191122214050505354
通知地址：http://pay.1youbox.com/onlinepay/jiufubaov2/notify.do
通知报文：memberid=191209910&orderid=2019112221404803169&transaction_id=20191122214050505354&amount=300.0000&datetime=20191122214342&returncode=00&sign=516555E09DEA1326ADD36EFE6A708F04&attach=
HTTP状态：
返回：OK

【2019-11-22 21:45:19】
订单号：20191122214331515152
通知地址：http://e019cdb2app.miapp88api.com/Api/Home/payCallBack/jiufubao
通知报文：memberid=191121442&orderid=11222143311993&transaction_id=20191122214331515152&amount=400.0000&datetime=20191122214517&returncode=00&sign=250367D1A5EEDF759D4DFDCA7674F888&attach=
HTTP状态：
返回：查询订单失败查询订单订单状态为未支付ok

【2019-11-22 21:46:49】
订单号：20191122214416485353
通知地址：https://payback3.lebopay.net/jfbscpay/scallback.php
通知报文：memberid=191209913&orderid=2019112209441359805782&transaction_id=20191122214416485353&amount=400.0000&datetime=20191122214647&returncode=00&sign=3C2B74F795FAFE08DDE3DCF16CE4927A&attach=41535-64a9724128f29c726f86a209af67e360
HTTP状态：
返回：OK

【2019-11-22 21:52:34】
订单号：20191122215044525349
通知地址：http://e019cdb2app.miapp88api.com/Api/Home/payCallBack/jiufubao
通知报文：memberid=191121442&orderid=11222150438130&transaction_id=20191122215044525349&amount=101.0000&datetime=20191122215232&returncode=00&sign=B1B7CC12ECC8EE1C36A158E403062122&attach=
HTTP状态：
返回：查询订单失败查询订单订单状态为未支付ok

【2019-11-22 21:53:54】
订单号：20191122215159102525
通知地址：http://e019cdb2app.miapp88api.com/Api/Home/payCallBack/jiufubao
通知报文：memberid=191121442&orderid=11222151581473&transaction_id=20191122215159102525&amount=400.0000&datetime=20191122215352&returncode=00&sign=31EB9ED8E3F77E61218D8108EC81F4B6&attach=
HTTP状态：
返回：查询订单失败查询订单订单状态为未支付ok

【2019-11-22 21:54:02】
订单号：20191122215149531005
通知地址：http://pay.1youbox.com/onlinepay/jiufubaov2/notify.do
通知报文：memberid=191209910&orderid=2019112221514703216&transaction_id=20191122215149531005&amount=100.0000&datetime=20191122215402&returncode=00&sign=A9A18F0BE2196BDE30F60858B74ADC79&attach=
HTTP状态：
返回：OK

【2019-11-22 21:56:54】
订单号：20191122215530504855
通知地址：http://pay.1youbox.com/onlinepay/jiufubaov2/notify.do
通知报文：memberid=191209910&orderid=2019112221552703228&transaction_id=20191122215530504855&amount=100.0000&datetime=20191122215653&returncode=00&sign=423F89FBB4BD37E00ABFCC2ADA610F5E&attach=
HTTP状态：
返回：OK

【2019-11-22 21:59:12】
订单号：20191122215740525748
通知地址：http://e019cdb2app.miapp88api.com/Api/Home/payCallBack/jiufubao
通知报文：memberid=191121442&orderid=11222157386874&transaction_id=20191122215740525748&amount=101.0000&datetime=20191122215911&returncode=00&sign=060C6BD3021BABFA13DD6FEEF0582E73&attach=
HTTP状态：
返回：查询订单失败查询订单订单状态为未支付ok

【2019-11-22 22:00:33】
订单号：20191122215930509999
通知地址：http://pay.1youbox.com/onlinepay/jiufubaov2/notify.do
通知报文：memberid=191209910&orderid=2019112221592903244&transaction_id=20191122215930509999&amount=300.0000&datetime=20191122220033&returncode=00&sign=48F0D7A602AE0ADF6B7EC51EC8F234C5&attach=
HTTP状态：
返回：OK

【2019-11-22 22:02:25】
订单号：20191122220019519897
通知地址：http://e019cdb2app.miapp88api.com/Api/Home/payCallBack/jiufubao
通知报文：memberid=191121442&orderid=11222200184613&transaction_id=20191122220019519897&amount=200.0000&datetime=20191122220223&returncode=00&sign=FABABAFB1A4C39566EC1B441419B15A7&attach=
HTTP状态：
返回：查询订单失败查询订单订单状态为未支付ok

【2019-11-22 22:03:21】
订单号：20191122220223102535
通知地址：http://pay.1youbox.com/onlinepay/jiufubaov2/notify.do
通知报文：memberid=191209910&orderid=2019112222022203258&transaction_id=20191122220223102535&amount=400.0000&datetime=20191122220321&returncode=00&sign=C1376F2B3F28029C9197FB54188A8183&attach=
HTTP状态：
返回：OK

【2019-11-22 22:07:13】
订单号：20191122220558545555
通知地址：http://pay.1youbox.com/onlinepay/jiufubaov2/notify.do
通知报文：memberid=191209910&orderid=2019112222055303280&transaction_id=20191122220558545555&amount=100.0000&datetime=20191122220713&returncode=00&sign=C1DCDBBF97F4000A665BC99462D675C1&attach=
HTTP状态：
返回：OK

【2019-11-22 22:10:50】
订单号：20191122220824565556
通知地址：http://pay1.dr5151.com/apis/pay_gateway/jiufujinzhifu/notice
通知报文：memberid=191209911&orderid=F201911222208192863&transaction_id=20191122220824565556&amount=200.0000&datetime=20191122221050&returncode=00&sign=FC3AAF0E8DD496D7516B92FB589AEAE7&attach=
HTTP状态：
返回：OK

【2019-11-22 22:12:08】
订单号：20191122221036994951
通知地址：http://e019cdb2app.miapp88api.com/Api/Home/payCallBack/jiufubao
通知报文：memberid=191121442&orderid=11222210356289&transaction_id=20191122221036994951&amount=200.0000&datetime=20191122221206&returncode=00&sign=A264C2647F128444EE4E774D69E9DD67&attach=
HTTP状态：
返回：查询订单失败查询订单订单状态为未支付ok

【2019-11-22 22:12:46】
订单号：20191122221135554898
通知地址：http://pay.1youbox.com/onlinepay/jiufubaov2/notify.do
通知报文：memberid=191209910&orderid=2019112222113403304&transaction_id=20191122221135554898&amount=500.0000&datetime=20191122221246&returncode=00&sign=FE5D3041260E58784A9AC330A8429421&attach=
HTTP状态：
返回：OK

【2019-11-22 22:14:33】
订单号：20191122221250505751
通知地址：http://pay.vip6081.com/onlinepay/jiufubaov2/notify.do
通知报文：memberid=191155102&orderid=2019112222124802386&transaction_id=20191122221250505751&amount=145.0000&datetime=20191122221433&returncode=00&sign=A0A6F591E7AD523348B9520BD9361AAF&attach=
HTTP状态：
返回：OK

【2019-11-22 22:15:04】
订单号：20191122221340525653
通知地址：http://pay.1youbox.com/onlinepay/jiufubaov2/notify.do
通知报文：memberid=191209910&orderid=2019112222133603330&transaction_id=20191122221340525653&amount=200.0000&datetime=20191122221503&returncode=00&sign=BB13C9D9EC9A07593CF89DD9A69ED823&attach=
HTTP状态：
返回：OK

【2019-11-22 22:19:51】
订单号：20191122221209579748
通知地址：http://pay1.dr5151.com/apis/pay_gateway/jiufujinzhifu/notice
通知报文：memberid=191209911&orderid=F201911222211599387&transaction_id=20191122221209579748&amount=100.0000&datetime=20191122221951&returncode=00&sign=7751BC49D38178F0AB684CC3B5ADA297&attach=
HTTP状态：
返回：OK

【2019-11-22 22:37:16】
订单号：20191122220543559853
通知地址：http://pay1.dr5151.com/apis/pay_gateway/jiufujinzhifu/notice
通知报文：memberid=191209911&orderid=F201911222205423057&transaction_id=20191122220543559853&amount=100.0000&datetime=20191122223716&returncode=00&sign=83354D076889F02632E5AC8B7769B1A7&attach=
HTTP状态：
返回：OK

【2019-11-22 22:38:02】
订单号：20191122223635515510
通知地址：http://pay.1youbox.com/onlinepay/jiufubaov2/notify.do
通知报文：memberid=191209910&orderid=2019112222363403416&transaction_id=20191122223635515510&amount=200.0000&datetime=20191122223802&returncode=00&sign=BBCF230B93B502E469FFB0EB4BB2777F&attach=
HTTP状态：
返回：OK

【2019-11-22 22:43:41】
订单号：20191122224209494849
通知地址：http://pay.1youbox.com/onlinepay/jiufubaov2/notify.do
通知报文：memberid=191209910&orderid=2019112222420803429&transaction_id=20191122224209494849&amount=600.0000&datetime=20191122224341&returncode=00&sign=5AA81BDF71D8E7CEC86308150CCDCECB&attach=
HTTP状态：
返回：OK

【2019-11-22 22:44:11】
订单号：20191122224249575497
通知地址：http://pay.1youbox.com/onlinepay/jiufubaov2/notify.do
通知报文：memberid=191209910&orderid=2019112222424603433&transaction_id=20191122224249575497&amount=300.0000&datetime=20191122224410&returncode=00&sign=52F4543F4FCB9E6DE7711F7AE20CB807&attach=
HTTP状态：
返回：OK

【2019-11-22 22:47:25】
订单号：20191122223024484849
通知地址：http://e019cdb2app.miapp88api.com/Api/Home/payCallBack/jiufubao
通知报文：memberid=191121442&orderid=11222230231651&transaction_id=20191122223024484849&amount=101.0000&datetime=20191122224724&returncode=00&sign=CC7C04973D7BD0392E2353817E8C2AF3&attach=
HTTP状态：
返回：查询订单失败查询订单订单状态为未支付ok

【2019-11-22 22:57:11】
订单号：20191122225548525510
通知地址：http://pay1.dr5151.com/apis/pay_gateway/jiufujinzhifu/notice
通知报文：memberid=191209911&orderid=F201911222255433380&transaction_id=20191122225548525510&amount=100.0000&datetime=20191122225711&returncode=00&sign=1D770B8FD4127CCE7E548F62E14C4B5A&attach=
HTTP状态：
返回：OK

【2019-11-22 23:07:41】
订单号：20191122230605100535
通知地址：http://pay1.dr5151.com/apis/pay_gateway/jiufujinzhifu/notice
通知报文：memberid=191209911&orderid=F201911222305516433&transaction_id=20191122230605100535&amount=100.0000&datetime=20191122230741&returncode=00&sign=02DB0446A33C1515BA5D6F91E1620A02&attach=
HTTP状态：
返回：OK

【2019-11-22 23:13:09】
订单号：20191122231114505755
通知地址：http://pay.ffc585.com/JiuFuBaoZhiFuReturn/Index
通知报文：memberid=191205418&orderid=RK510314104173143335&transaction_id=20191122231114505755&amount=200.0000&datetime=20191122231307&returncode=00&sign=C58EC669C477358F80CE3BA8D7D9C955&attach=
HTTP状态：
返回：OK

【2019-11-22 23:16:25】
订单号：20191122225649491009
通知地址：http://pay.1youbox.com/onlinepay/jiufubaov2/notify.do
通知报文：memberid=191209910&orderid=2019112222564503477&transaction_id=20191122225649491009&amount=200.0000&datetime=20191122231625&returncode=00&sign=3D2BDD89FE3A6725AE9E3E740B2E61E0&attach=
HTTP状态：
返回：OK

【2019-11-22 23:19:18】
订单号：20191122231614101525
通知地址：http://834raw.top.cxmyjd.com/pay/jsp/jiufubaopay/res.jsp
通知报文：memberid=191156325&orderid=191122111620907710527&transaction_id=20191122231614101525&amount=300.0000&datetime=20191122231917&returncode=00&sign=56F429DBEC0DF7BD1F04BA95FFE09AC9&attach=en0625BE3AA0E26D_86041903_113552
HTTP状态：
返回：OK

【2019-11-22 23:19:57】
订单号：20191122225455102975
通知地址：http://834raw.top.cxmyjd.com/pay/jsp/jiufubaopay/res.jsp
通知报文：memberid=191156325&orderid=191122105420907709106&transaction_id=20191122225455102975&amount=100.0000&datetime=20191122231956&returncode=00&sign=E7896F7031F6FB557521B4749C24B5F9&attach=en0641BF3368B0F1_86041290_113552
HTTP状态：
返回：OK

【2019-11-22 23:28:33】
订单号：20191122232547985349
通知地址：http://pay1.dr5151.com/apis/pay_gateway/jiufujinzhifu/notice
通知报文：memberid=191209911&orderid=F201911222325452166&transaction_id=20191122232547985349&amount=100.0000&datetime=20191122232833&returncode=00&sign=4F7DDC93CBB2FECFF8F812BF10758015&attach=
HTTP状态：
返回：OK

【2019-11-22 23:38:52】
订单号：20191122233548525499
通知地址：http://e019cdb2app.miapp88api.com/Api/Home/payCallBack/jiufubao
通知报文：memberid=191121442&orderid=11222335475824&transaction_id=20191122233548525499&amount=101.0000&datetime=20191122233850&returncode=00&sign=3EFC7C6CAD1D625A3FB88E1CA2FFE52E&attach=
HTTP状态：
返回：查询订单失败查询订单订单状态为未支付ok

【2019-11-22 23:41:02】
订单号：20191122233935555148
通知地址：http://834raw.top.cxmyjd.com/pay/jsp/jiufubaopay/res.jsp
通知报文：memberid=191156325&orderid=191122113920407609594&transaction_id=20191122233935555148&amount=300.0000&datetime=20191122234101&returncode=00&sign=28BF4AE9A7E2F94D466E50C9E853545E&attach=en067850287EA2A7_86049940_113552
HTTP状态：
返回：OK

