【2019-12-26 01:08:21】
订单号：20191226010655102101
通知地址：https://wanjia365.cn/Public.server.do
通知报文：memberid=191095866&orderid=E1912260106523417&transaction_id=20191226010655102101&amount=100.0000&datetime=20191226010821&returncode=00&sign=E96097BE9F8271604FCAF84455AFD8F1&attach=761,https://wanjia365.cn/Account.jhrecharge.do
HTTP状态：
返回：

【2019-12-26 01:08:37】
订单号：20191226010655102101
通知地址：https://wanjia365.cn/Public.server.do
通知报文：memberid=191095866&orderid=E1912260106523417&transaction_id=20191226010655102101&amount=100.0000&datetime=20191226010836&returncode=00&sign=5107F66F6EB3A46B080FA85CCFD00EFE&attach=761,https://wanjia365.cn/Account.jhrecharge.do
HTTP状态：
返回：

【2019-12-26 01:09:07】
订单号：20191226010655102101
通知地址：https://wanjia365.cn/Public.server.do
通知报文：memberid=191095866&orderid=E1912260106523417&transaction_id=20191226010655102101&amount=100.0000&datetime=20191226010907&returncode=00&sign=AFECF073ECE05D98FE8AEC5187945305&attach=761,https://wanjia365.cn/Account.jhrecharge.do
HTTP状态：
返回：

【2019-12-26 01:09:54】
订单号：20191226010655102101
通知地址：https://wanjia365.cn/Public.server.do
通知报文：memberid=191095866&orderid=E1912260106523417&transaction_id=20191226010655102101&amount=100.0000&datetime=20191226010954&returncode=00&sign=0FE23C2E6AA4CC84DA248F0F5CB98C7D&attach=761,https://wanjia365.cn/Account.jhrecharge.do
HTTP状态：
返回：

【2019-12-26 01:10:54】
订单号：20191226010655102101
通知地址：https://wanjia365.cn/Public.server.do
通知报文：memberid=191095866&orderid=E1912260106523417&transaction_id=20191226010655102101&amount=100.0000&datetime=20191226011054&returncode=00&sign=090EA69644C2B59AB84762A21A6BF2C7&attach=761,https://wanjia365.cn/Account.jhrecharge.do
HTTP状态：
返回：

【2019-12-26 01:12:09】
订单号：20191226010655102101
通知地址：https://wanjia365.cn/Public.server.do
通知报文：memberid=191095866&orderid=E1912260106523417&transaction_id=20191226010655102101&amount=100.0000&datetime=20191226011209&returncode=00&sign=225E916D6509AE7861BB05E3918A0B25&attach=761,https://wanjia365.cn/Account.jhrecharge.do
HTTP状态：
返回：

【2019-12-26 01:13:40】
订单号：20191226010655102101
通知地址：https://wanjia365.cn/Public.server.do
通知报文：memberid=191095866&orderid=E1912260106523417&transaction_id=20191226010655102101&amount=100.0000&datetime=20191226011340&returncode=00&sign=845656D08E3950F3DAA5BE07F0E3DA6F&attach=761,https://wanjia365.cn/Account.jhrecharge.do
HTTP状态：
返回：

【2019-12-26 01:15:25】
订单号：20191226010655102101
通知地址：https://wanjia365.cn/Public.server.do
通知报文：memberid=191095866&orderid=E1912260106523417&transaction_id=20191226010655102101&amount=100.0000&datetime=20191226011525&returncode=00&sign=BF64F3BF097AF6BBC83143F522C50C64&attach=761,https://wanjia365.cn/Account.jhrecharge.do
HTTP状态：
返回：

【2019-12-26 01:17:25】
订单号：20191226010655102101
通知地址：https://wanjia365.cn/Public.server.do
通知报文：memberid=191095866&orderid=E1912260106523417&transaction_id=20191226010655102101&amount=100.0000&datetime=20191226011725&returncode=00&sign=9BA6D9E3F3D345D35A8AE4AFE34F06E5&attach=761,https://wanjia365.cn/Account.jhrecharge.do
HTTP状态：
返回：

【2019-12-26 01:19:42】
订单号：20191226010655102101
通知地址：https://wanjia365.cn/Public.server.do
通知报文：memberid=191095866&orderid=E1912260106523417&transaction_id=20191226010655102101&amount=100.0000&datetime=20191226011942&returncode=00&sign=B36E4F96E79F7D6BAF66376F0220A801&attach=761,https://wanjia365.cn/Account.jhrecharge.do
HTTP状态：
返回：

【2019-12-26 01:22:13】
订单号：20191226010655102101
通知地址：https://wanjia365.cn/Public.server.do
通知报文：memberid=191095866&orderid=E1912260106523417&transaction_id=20191226010655102101&amount=100.0000&datetime=20191226012213&returncode=00&sign=CFF27E7F0223268EC74FA52F70B348DE&attach=761,https://wanjia365.cn/Account.jhrecharge.do
HTTP状态：
返回：

【2019-12-26 01:49:35】
订单号：20191225124902101521
通知地址：https://wanjia365.cn/Public.server.do
通知报文：memberid=191095866&orderid=X1912251249017580&transaction_id=20191225124902101521&amount=100.0000&datetime=20191226014935&returncode=00&sign=C1B78C8D919F5B871E0E0D9A323389A4&attach=761,https://wanjia365.cn/Account.jhrecharge.do
HTTP状态：
返回：

【2019-12-26 01:49:46】
订单号：20191225124902101521
通知地址：https://wanjia365.cn/Public.server.do
通知报文：memberid=191095866&orderid=X1912251249017580&transaction_id=20191225124902101521&amount=100.0000&datetime=20191226014946&returncode=00&sign=7BFEE7E5CAA819027A2E77A2770822EE&attach=761,https://wanjia365.cn/Account.jhrecharge.do
HTTP状态：
返回：

