【2019-11-28 00:09:52】
订单号：20191128000856564952
通知地址：https://www.wanjia365.cn/Public.server.do
通知报文：memberid=191095866&orderid=W1911280008527443&transaction_id=20191128000856564952&amount=500.0000&datetime=20191128000952&returncode=00&sign=4E61AFDAD8E7BD2D744874DC72CC9BE9&attach=487,https://www.wanjia365.cn/Account.jhrecharge.do
HTTP状态：
返回：OK

【2019-11-28 00:18:22】
订单号：20191128001534549710
通知地址：http://pay.ffc585.com/JiuFuBaoZhiFuReturn/Index
通知报文：memberid=191205418&orderid=RK570466160329034837&transaction_id=20191128001534549710&amount=300.0000&datetime=20191128001821&returncode=00&sign=38CD20697C50247288281112E63F9FEE&attach=
HTTP状态：
返回：OK

【2019-11-28 00:23:19】
订单号：20191128002152485297
通知地址：http://pay.vip6081.com/onlinepay/jiufubaov2/notify.do
通知报文：memberid=191155102&orderid=2019112800214900053&transaction_id=20191128002152485297&amount=100.0000&datetime=20191128002319&returncode=00&sign=7E14898930B76BC890E8E7047F3EC535&attach=
HTTP状态：
返回：OK

【2019-11-28 00:29:41】
订单号：20191128002723985150
通知地址：http://e019cdb2app.miapp88api.com/Api/Home/payCallBack/jiufubao
通知报文：memberid=191121442&orderid=11280027222153&transaction_id=20191128002723985150&amount=101.0000&datetime=20191128002939&returncode=00&sign=21648FA481AE6F5A8A061A578A7EDE24&attach=
HTTP状态：
返回：查询订单失败查询订单订单状态为未支付ok

【2019-11-28 00:32:19】
订单号：20191128002926545055
通知地址：http://pay.vip6081.com/onlinepay/jiufubaov2/notify.do
通知报文：memberid=191155102&orderid=2019112800291900064&transaction_id=20191128002926545055&amount=200.0000&datetime=20191128003219&returncode=00&sign=4EEE01C9254D3D463D7A4D93E61309C6&attach=
HTTP状态：
返回：OK

【2019-11-28 00:34:50】
订单号：20191128003228994851
通知地址：http://e019cdb2app.miapp88api.com/Api/Home/payCallBack/jiufubao
通知报文：memberid=191121442&orderid=11280032269838&transaction_id=20191128003228994851&amount=100.0000&datetime=20191128003448&returncode=00&sign=E3EDDD12A3E68D7FB525E27FE549A5E6&attach=
HTTP状态：
返回：查询订单失败查询订单订单状态为未支付ok

【2019-11-28 00:47:36】
订单号：20191128003319102501
通知地址：http://pay.vip6081.com/onlinepay/jiufubaov2/notify.do
通知报文：memberid=191155102&orderid=2019112800331700071&transaction_id=20191128003319102501&amount=100.0000&datetime=20191128004736&returncode=00&sign=752040E19390AF10683E0366E3983828&attach=
HTTP状态：
返回：OK

【2019-11-28 00:50:01】
订单号：20191128004719559849
通知地址：http://e019cdb2app.miapp88api.com/Api/Home/payCallBack/jiufubao
通知报文：memberid=191121442&orderid=11280047168973&transaction_id=20191128004719559849&amount=200.0000&datetime=20191128004959&returncode=00&sign=E3159664903BFC78FF9601DA22F4BEB0&attach=
HTTP状态：
返回：查询订单失败查询订单订单状态为未支付ok

【2019-11-28 00:55:09】
订单号：20191128005330975749
通知地址：http://pay.ffc585.com/JiuFuBaoZhiFuReturn/Index
通知报文：memberid=191205418&orderid=RK570801460320100988&transaction_id=20191128005330975749&amount=500.0000&datetime=20191128005508&returncode=00&sign=20DC1640C70792E5C016FC910FF092E0&attach=
HTTP状态：
返回：OK

【2019-11-28 01:00:02】
订单号：20191128005843515348
通知地址：http://pay.vip6081.com/onlinepay/jiufubaov2/notify.do
通知报文：memberid=191155102&orderid=2019112800584100095&transaction_id=20191128005843515348&amount=240.0000&datetime=20191128010001&returncode=00&sign=51C93EF559E023F0DA67E5EBDD67472B&attach=
HTTP状态：
返回：OK

【2019-11-28 01:02:44】
订单号：20191128010119102544
通知地址：https://e019cdb2webapi.miapp66dom.com/Api/Home/payCallBack/jiufubao
通知报文：memberid=191121442&orderid=11280101174800&transaction_id=20191128010119102544&amount=500.0000&datetime=20191128010243&returncode=00&sign=B5E631F7DD6F3B8FDDCFA80BE67D8C3D&attach=
HTTP状态：
返回：查询订单失败查询订单订单状态为未支付ok

【2019-11-28 01:02:50】
订单号：20191128010049495552
通知地址：http://pay.vip6081.com/onlinepay/jiufubaov2/notify.do
通知报文：memberid=191155102&orderid=2019112801004700098&transaction_id=20191128010049495552&amount=100.0000&datetime=20191128010249&returncode=00&sign=196771ADFFEB1B31513BE74A913CFFAC&attach=
HTTP状态：
返回：OK

【2019-11-28 01:11:43】
订单号：20191128011011515450
通知地址：http://pay.vip6081.com/onlinepay/jiufubaov2/notify.do
通知报文：memberid=191155102&orderid=2019112801100900106&transaction_id=20191128011011515450&amount=100.0000&datetime=20191128011143&returncode=00&sign=62DE068780AAB6939144772380AC85BE&attach=
HTTP状态：
返回：OK

【2019-11-28 01:20:18】
订单号：20191128011736484997
通知地址：http://pay.vip6081.com/onlinepay/jiufubaov2/notify.do
通知报文：memberid=191155102&orderid=2019112801173500112&transaction_id=20191128011736484997&amount=300.0000&datetime=20191128012018&returncode=00&sign=FBC2E7C3DCD79105D74A655C0405F619&attach=
HTTP状态：
返回：OK

【2019-11-28 01:22:09】
订单号：20191128012034504810
通知地址：http://pay.vip6081.com/onlinepay/jiufubaov2/notify.do
通知报文：memberid=191155102&orderid=2019112801203100118&transaction_id=20191128012034504810&amount=200.0000&datetime=20191128012209&returncode=00&sign=0D58375C874F853F9546B0270C74A282&attach=
HTTP状态：
返回：OK

【2019-11-28 01:27:12】
订单号：20191128010801491005
通知地址：http://e019cdb2app.miapp88api.com/Api/Home/payCallBack/jiufubao
通知报文：memberid=191121442&orderid=11280107593607&transaction_id=20191128010801491005&amount=200.0000&datetime=20191128012710&returncode=00&sign=6239F5B2FECBA44D867D1966C2406113&attach=
HTTP状态：
返回：查询订单失败查询订单订单状态为未支付ok

【2019-11-28 01:30:32】
订单号：20191128012856561024
通知地址：http://pay.vip6081.com/onlinepay/jiufubaov2/notify.do
通知报文：memberid=191155102&orderid=2019112801285500127&transaction_id=20191128012856561024&amount=200.0000&datetime=20191128013032&returncode=00&sign=1C735190BCE0C5AD144D06F44DE9704A&attach=
HTTP状态：
返回：OK

【2019-11-28 01:30:43】
订单号：20191128012930979951
通知地址：https://www.wanjia365.cn/Public.server.do
通知报文：memberid=191095866&orderid=B1911280129285043&transaction_id=20191128012930979951&amount=500.0000&datetime=20191128013042&returncode=00&sign=83089022F866011C7DD7F006FF9B71DC&attach=487,https://www.wanjia365.cn/Account.jhrecharge.do
HTTP状态：
返回：OK

【2019-11-28 01:49:22】
订单号：20191128014240481005
通知地址：http://pay.vip6081.com/onlinepay/jiufubaov2/notify.do
通知报文：memberid=191155102&orderid=2019112801423900143&transaction_id=20191128014240481005&amount=200.0000&datetime=20191128014922&returncode=00&sign=7D2FCD3B8F5F731D94F47533148B9B07&attach=
HTTP状态：
返回：OK

【2019-11-28 01:50:56】
订单号：20191128014856565654
通知地址：http://e019cdb2app.miapp88api.com/Api/Home/payCallBack/jiufubao
通知报文：memberid=191121442&orderid=11280148558211&transaction_id=20191128014856565654&amount=200.0000&datetime=20191128015054&returncode=00&sign=9E89A353F8BD450B1BA94719A4066646&attach=
HTTP状态：
返回：查询订单失败查询订单订单状态为未支付ok

【2019-11-28 01:51:03】
订单号：20191128014957535752
通知地址：https://wanjia365.cn/Public.server.do
通知报文：memberid=191095866&orderid=Z1911280149555286&transaction_id=20191128014957535752&amount=500.0000&datetime=20191128015103&returncode=00&sign=1CCA0C24BA0AC5EAB0D6E37AAC581819&attach=487,https://wanjia365.cn/Account.jhrecharge.do
HTTP状态：
返回：

【2019-11-28 01:58:05】
订单号：20191128015709535153
通知地址：https://wanjia365.cn/Public.server.do
通知报文：memberid=191095866&orderid=L1911280157072762&transaction_id=20191128015709535153&amount=500.0000&datetime=20191128015805&returncode=00&sign=D2E00B8F89D518BE8CE04D76387E6250&attach=487,https://wanjia365.cn/Account.jhrecharge.do
HTTP状态：
返回：

【2019-11-28 02:11:40】
订单号：20191128020645535150
通知地址：https://wanjia365.cn/Public.server.do
通知报文：memberid=191095866&orderid=A1911280206435558&transaction_id=20191128020645535150&amount=200.0000&datetime=20191128021140&returncode=00&sign=C8CC483C729EB6C9D09EB3C0FBB29E1D&attach=242,https://wanjia365.cn/Account.jhrecharge.do
HTTP状态：
返回：

【2019-11-28 02:11:56】
订单号：20191128020554505598
通知地址：http://e019cdb2app.miapp88api.com/Api/Home/payCallBack/jiufubao
通知报文：memberid=191121442&orderid=11280205535816&transaction_id=20191128020554505598&amount=101.0000&datetime=20191128021154&returncode=00&sign=843569A5EBE6E2BC72CE661B255B336D&attach=
HTTP状态：
返回：查询订单失败查询订单订单状态为未支付ok

【2019-11-28 02:12:01】
订单号：20191128021048569799
通知地址：https://www.wanjia365.cn/Public.server.do
通知报文：memberid=191095866&orderid=L1911280210460826&transaction_id=20191128021048569799&amount=200.0000&datetime=20191128021201&returncode=00&sign=546612B6907B6E97D727DD5551A36D91&attach=242,https://www.wanjia365.cn/Account.jhrecharge.do
HTTP状态：
返回：OK

【2019-11-28 02:24:23】
订单号：20191128022332525156
通知地址：https://wanjia365.cn/Public.server.do
通知报文：memberid=191095866&orderid=X1911280221242790&transaction_id=20191128022332525156&amount=200.0000&datetime=20191128022422&returncode=00&sign=A0AD8DD6BC46BFBBFAF168F42FE8E72A&attach=242,https://wanjia365.cn/Account.jhrecharge.do
HTTP状态：
返回：

【2019-11-28 02:37:49】
订单号：20191128023508999951
通知地址：https://wanjia365.cn/Public.server.do
通知报文：memberid=191095866&orderid=L1911280235061313&transaction_id=20191128023508999951&amount=200.0000&datetime=20191128023748&returncode=00&sign=175AAE9F0B726152A53084A3F9F95569&attach=242,https://wanjia365.cn/Account.jhrecharge.do
HTTP状态：
返回：

【2019-11-28 02:44:52】
订单号：20191128024420525548
通知地址：https://www.wanjia365.cn/Public.server.do
通知报文：memberid=191095866&orderid=O1911280244079034&transaction_id=20191128024420525548&amount=200.0000&datetime=20191128024452&returncode=00&sign=9FC9C7E63E04E690838FC0A088CFD7F0&attach=242,https://wanjia365.cn/Account.jhrecharge.do
HTTP状态：
返回：OK

【2019-11-28 10:13:09】
订单号：20191128101137574853
通知地址：http://pay1.dr5151.com/apis/pay_gateway/jiufujinzhifu/notice
通知报文：memberid=191209911&orderid=F201911281011357954&transaction_id=20191128101137574853&amount=500.0000&datetime=20191128101309&returncode=00&sign=70AF1595DD30AEFCF23562BB0C3867FD&attach=
HTTP状态：
返回：OK

【2019-11-28 10:39:45】
订单号：20191128103723515310
通知地址：http://pay.vip6081.com/onlinepay/jiufubaov2/notify.do
通知报文：memberid=191155102&orderid=2019112810371900448&transaction_id=20191128103723515310&amount=100.0000&datetime=20191128103945&returncode=00&sign=EDC4AD1C2B0F48DAE7E8E526DE1C6BB7&attach=
HTTP状态：
返回：OK

【2019-11-28 10:45:18】
订单号：20191128104326101515
通知地址：http://pay.vip6081.com/onlinepay/jiufubaov2/notify.do
通知报文：memberid=191155102&orderid=2019112810432300455&transaction_id=20191128104326101515&amount=100.0000&datetime=20191128104518&returncode=00&sign=C8581AE04054A3274A057E425F7F911A&attach=
HTTP状态：
返回：OK

【2019-11-28 10:45:53】
订单号：20191128104420525652
通知地址：http://pay.1youbox.com/onlinepay/jiufubaov2/notify.do
通知报文：memberid=191209910&orderid=2019112810441900817&transaction_id=20191128104420525652&amount=3077.0000&datetime=20191128104553&returncode=00&sign=2F00746801B2ACC0430A334032707DE4&attach=
HTTP状态：
返回：OK

【2019-11-28 10:54:08】
订单号：20191128105158101541
通知地址：http://pay.vip6081.com/onlinepay/jiufubaov2/notify.do
通知报文：memberid=191155102&orderid=2019112810515500477&transaction_id=20191128105158101541&amount=100.0000&datetime=20191128105407&returncode=00&sign=247EC0CD9377D0B52096E059C32B335C&attach=
HTTP状态：
返回：OK

【2019-11-28 11:05:08】
订单号：20191128110252999954
通知地址：http://pay.1youbox.com/onlinepay/jiufubaov2/notify.do
通知报文：memberid=191209910&orderid=2019112811024800869&transaction_id=20191128110252999954&amount=998.0000&datetime=20191128110508&returncode=00&sign=C09E142292D896C3279F86AA84EB16AA&attach=
HTTP状态：
返回：OK

【2019-11-28 11:32:45】
订单号：20191128112958545397
通知地址：http://pay.1youbox.com/onlinepay/jiufubaov2/notify.do
通知报文：memberid=191209910&orderid=2019112811295500923&transaction_id=20191128112958545397&amount=300.0000&datetime=20191128113245&returncode=00&sign=6E48A31B4A6C9EA2CE80AD14D9F9789A&attach=
HTTP状态：
返回：OK

【2019-11-28 11:38:33】
订单号：20191128113506975451
通知地址：http://pay1.dr5151.com/apis/pay_gateway/jiufujinzhifu/notice
通知报文：memberid=191209911&orderid=F201911281135039641&transaction_id=20191128113506975451&amount=901.0000&datetime=20191128113833&returncode=00&sign=AA631EAB35157FF2B3789AD91A3491F0&attach=
HTTP状态：
返回：OK

【2019-11-28 11:43:06】
订单号：20191128114046101485
通知地址：http://pay.vip6081.com/onlinepay/jiufubaov2/notify.do
通知报文：memberid=191155102&orderid=2019112811404300565&transaction_id=20191128114046101485&amount=400.0000&datetime=20191128114306&returncode=00&sign=898E93744A9D7F6A5400043CBDCB0588&attach=
HTTP状态：
返回：OK

【2019-11-28 11:58:39】
订单号：20191128115619515252
通知地址：http://pay.vip6081.com/onlinepay/jiufubaov2/notify.do
通知报文：memberid=191155102&orderid=2019112811561700594&transaction_id=20191128115619515252&amount=100.0000&datetime=20191128115839&returncode=00&sign=87B5C4665A27102F8C01B29BDD2F8118&attach=
HTTP状态：
返回：OK

【2019-11-28 11:59:43】
订单号：20191128115715989951
通知地址：http://pay.1youbox.com/onlinepay/jiufubaov2/notify.do
通知报文：memberid=191209910&orderid=2019112811571300999&transaction_id=20191128115715989951&amount=100.0000&datetime=20191128115942&returncode=00&sign=EF935573FF66E26BB9F2D6B00C1E02B0&attach=
HTTP状态：
返回：OK

【2019-11-28 12:11:24】
订单号：20191128120950101565
通知地址：http://pay1.dr5151.com/apis/pay_gateway/jiufujinzhifu/notice
通知报文：memberid=191209911&orderid=F201911281209454181&transaction_id=20191128120950101565&amount=200.0000&datetime=20191128121123&returncode=00&sign=80724BCB3C72449AA6A68F77F96BEE9C&attach=
HTTP状态：
返回：OK

【2019-11-28 12:28:08】
订单号：20191128114455555054
通知地址：http://pay.1youbox.com/onlinepay/jiufubaov2/notify.do
通知报文：memberid=191209910&orderid=2019112811445300965&transaction_id=20191128114455555054&amount=200.0000&datetime=20191128122808&returncode=00&sign=A7600B8D47A5A3906DA6132CE1BFF20D&attach=
HTTP状态：
返回：OK

【2019-11-28 13:02:27】
订单号：20191128130048485156
通知地址：http://e019cdb2app.miapp88api.com/Api/Home/payCallBack/jiufubao
通知报文：memberid=191121442&orderid=11281300462050&transaction_id=20191128130048485156&amount=500.0000&datetime=20191128130226&returncode=00&sign=33FBA80D36EB88EB6071FF8602002447&attach=
HTTP状态：
返回：查询订单失败查询订单订单状态为未支付ok

【2019-11-28 13:05:10】
订单号：20191128130346501015
通知地址：http://e019cdb2app.miapp88api.com/Api/Home/payCallBack/jiufubao
通知报文：memberid=191121442&orderid=11281303469355&transaction_id=20191128130346501015&amount=7500.0000&datetime=20191128130508&returncode=00&sign=F487C6805FD8A1ACB1E0B3AC0820B50B&attach=
HTTP状态：
返回：查询订单失败查询订单订单状态为未支付ok

【2019-11-28 13:14:58】
订单号：20191128131314974951
通知地址：http://pay.vip6081.com/onlinepay/jiufubaov2/notify.do
通知报文：memberid=191155102&orderid=2019112813131100812&transaction_id=20191128131314974951&amount=100.0000&datetime=20191128131458&returncode=00&sign=9E4A1C998EF34AE11DB8C914DCF4D9EA&attach=
HTTP状态：
返回：OK

【2019-11-28 13:24:42】
订单号：20191128132135102495
通知地址：http://pay.ffc585.com/JiuFuBaoZhiFuReturn/Index
通知报文：memberid=191205418&orderid=RK570548258199388703&transaction_id=20191128132135102495&amount=1100.0000&datetime=20191128132442&returncode=00&sign=53E42E1DE6ECBDCF2C9FD9092B0FFE19&attach=
HTTP状态：
返回：OK

【2019-11-28 13:37:23】
订单号：20191128133546505210
通知地址：http://pay.ffc585.com/JiuFuBaoZhiFuReturn/Index
通知报文：memberid=191205418&orderid=RK570799983851067280&transaction_id=20191128133546505210&amount=1000.0000&datetime=20191128133723&returncode=00&sign=4EC278AFA3A22630E6F20D31460F41BB&attach=
HTTP状态：
返回：OK

【2019-11-28 13:38:06】
订单号：20191128131429535448
通知地址：http://pay.1youbox.com/onlinepay/jiufubaov2/notify.do
通知报文：memberid=191209910&orderid=2019112813142201293&transaction_id=20191128131429535448&amount=300.0000&datetime=20191128133806&returncode=00&sign=1EAC23A26799EDF321D9E5630EFB8DFC&attach=
HTTP状态：
返回：OK

【2019-11-28 13:44:28】
订单号：20191128134221100554
通知地址：http://pay1.dr5151.com/apis/pay_gateway/jiufujinzhifu/notice
通知报文：memberid=191209911&orderid=F201911281342105563&transaction_id=20191128134221100554&amount=700.0000&datetime=20191128134428&returncode=00&sign=4A30A2294DD62011EEF759D4DE05A3E4&attach=
HTTP状态：
返回：OK

【2019-11-28 13:47:11】
订单号：20191128133410505710
通知地址：http://pay.vip6081.com/onlinepay/jiufubaov2/notify.do
通知报文：memberid=191155102&orderid=2019112813340700895&transaction_id=20191128133410505710&amount=200.0000&datetime=20191128134711&returncode=00&sign=6D2B5CD4EDEC2D26EAF006043BB8C90A&attach=
HTTP状态：
返回：OK

【2019-11-28 13:57:59】
订单号：20191128135645100531
通知地址：http://pay.vip6081.com/onlinepay/jiufubaov2/notify.do
通知报文：memberid=191155102&orderid=2019112813564300991&transaction_id=20191128135645100531&amount=202.0000&datetime=20191128135758&returncode=00&sign=CD38DAC44A6ED8000925A959B36E6F5E&attach=
HTTP状态：
返回：OK

【2019-11-28 14:02:16】
订单号：20191128135826509857
通知地址：http://pay1.dr5151.com/apis/pay_gateway/jiufujinzhifu/notice
通知报文：memberid=191209911&orderid=F201911281358234289&transaction_id=20191128135826509857&amount=100.0000&datetime=20191128140215&returncode=00&sign=B6145C5B65F019E94628F63E1CDB4977&attach=
HTTP状态：
返回：OK

【2019-11-28 14:06:20】
订单号：20191128140347515097
通知地址：http://pay.1youbox.com/onlinepay/jiufubaov2/notify.do
通知报文：memberid=191209910&orderid=2019112814034301502&transaction_id=20191128140347515097&amount=100.0000&datetime=20191128140619&returncode=00&sign=32047C331F81BA2F9595828751D21831&attach=
HTTP状态：
返回：OK

【2019-11-28 14:06:28】
订单号：20191128135418975151
通知地址：http://pay1.dr5151.com/apis/pay_gateway/jiufujinzhifu/notice
通知报文：memberid=191209911&orderid=F201911281354114513&transaction_id=20191128135418975151&amount=300.0000&datetime=20191128140628&returncode=00&sign=07C0C559B2E04475C5652C2CF1DF713E&attach=
HTTP状态：
返回：OK

【2019-11-28 14:15:26】
订单号：20191128141413539799
通知地址：http://pay.1youbox.com/onlinepay/jiufubaov2/notify.do
通知报文：memberid=191209910&orderid=2019112814141201552&transaction_id=20191128141413539799&amount=3000.0000&datetime=20191128141526&returncode=00&sign=50BECBBBCCC5F53821EB168137FED317&attach=
HTTP状态：
返回：OK

【2019-11-28 14:20:32】
订单号：20191128141733100521
通知地址：http://pay.1youbox.com/onlinepay/jiufubaov2/notify.do
通知报文：memberid=191209910&orderid=2019112814173001576&transaction_id=20191128141733100521&amount=200.0000&datetime=20191128142032&returncode=00&sign=02323E4995EBAE615754D4A5D98EE4E8&attach=
HTTP状态：
返回：OK

【2019-11-28 14:28:58】
订单号：20191128142726101539
通知地址：http://pay.1youbox.com/onlinepay/jiufubaov2/notify.do
通知报文：memberid=191209910&orderid=2019112814272001609&transaction_id=20191128142726101539&amount=500.0000&datetime=20191128142857&returncode=00&sign=28602C5029AE8B8FA14F8FEC93B8BAFC&attach=
HTTP状态：
返回：OK

【2019-11-28 14:31:11】
订单号：20191128142750545453
通知地址：http://pay.1youbox.com/onlinepay/jiufubaov2/notify.do
通知报文：memberid=191209910&orderid=2019112814274601610&transaction_id=20191128142750545453&amount=100.1100&datetime=20191128143110&returncode=00&sign=540AC1C00C986836251EF6D0D7CCF553&attach=
HTTP状态：
返回：OK

【2019-11-28 14:37:29】
订单号：20191128143546505152
通知地址：http://e019cdb2app.miapp88api.com/Api/Home/payCallBack/jiufubao
通知报文：memberid=191121442&orderid=11281435441300&transaction_id=20191128143546505152&amount=101.0000&datetime=20191128143727&returncode=00&sign=4F9A0D344CA14EEADF290D8FF288D671&attach=
HTTP状态：
返回：查询订单失败查询订单订单状态为未支付ok

【2019-11-28 14:40:42】
订单号：20191128143709539810
通知地址：http://pay1.dr5151.com/apis/pay_gateway/jiufujinzhifu/notice
通知报文：memberid=191209911&orderid=F201911281437058484&transaction_id=20191128143709539810&amount=3000.0000&datetime=20191128144041&returncode=00&sign=8C0A5941B801C3BEE7A9C416AE9D74C7&attach=
HTTP状态：
返回：OK

【2019-11-28 14:42:18】
订单号：20191128144054545550
通知地址：http://pay.1youbox.com/onlinepay/jiufubaov2/notify.do
通知报文：memberid=191209910&orderid=2019112814405201661&transaction_id=20191128144054545550&amount=202.0000&datetime=20191128144218&returncode=00&sign=4EE88DC688611D4348D801C968B025B1&attach=
HTTP状态：
返回：OK

【2019-11-28 14:42:36】
订单号：20191128144112569910
通知地址：http://pay.1youbox.com/onlinepay/jiufubaov2/notify.do
通知报文：memberid=191209910&orderid=2019112814410801664&transaction_id=20191128144112569910&amount=400.0000&datetime=20191128144236&returncode=00&sign=470BE6C6E8329BB486A11FA2336AA2E9&attach=
HTTP状态：
返回：OK

【2019-11-28 14:45:52】
订单号：20191128143845531015
通知地址：http://pay1.dr5151.com/apis/pay_gateway/jiufujinzhifu/notice
通知报文：memberid=191209911&orderid=F201911281438413273&transaction_id=20191128143845531015&amount=100.0000&datetime=20191128144552&returncode=00&sign=C59134A5AD948139A24B2F69980F24F0&attach=
HTTP状态：
返回：OK

【2019-11-28 14:52:23】
订单号：20191128145113491009
通知地址：http://pay1.dr5151.com/apis/pay_gateway/jiufujinzhifu/notice
通知报文：memberid=191209911&orderid=F201911281451115751&transaction_id=20191128145113491009&amount=200.0000&datetime=20191128145222&returncode=00&sign=CAE766E8B846008281C0F40E64F8C111&attach=
HTTP状态：
返回：OK

【2019-11-28 14:52:45】
订单号：20191128145124995156
通知地址：https://www.wanjia365.cn/Public.server.do
通知报文：memberid=191095866&orderid=M1911281451176657&transaction_id=20191128145124995156&amount=1000.0000&datetime=20191128145244&returncode=00&sign=3EA67DBB382D46D28738ABE293F29CE1&attach=512,https://wanjia365.cn/Account.jhrecharge.do
HTTP状态：
返回：OK

【2019-11-28 14:54:08】
订单号：20191128145238545748
通知地址：http://pay1.dr5151.com/apis/pay_gateway/jiufujinzhifu/notice
通知报文：memberid=191209911&orderid=F201911281452366587&transaction_id=20191128145238545748&amount=101.0000&datetime=20191128145408&returncode=00&sign=67599F3C1F68F2D9AB00234057851AFE&attach=
HTTP状态：
返回：OK

【2019-11-28 14:54:39】
订单号：20191128145321491011
通知地址：http://pay1.dr5151.com/apis/pay_gateway/jiufujinzhifu/notice
通知报文：memberid=191209911&orderid=F201911281453215975&transaction_id=20191128145321491011&amount=100.0000&datetime=20191128145438&returncode=00&sign=B78EAF3D8EC7991F2BB1959E8A1C8191&attach=
HTTP状态：
返回：OK

【2019-11-28 14:58:56】
订单号：20191128145652529753
通知地址：http://e019cdb2app.miapp88api.com/Api/Home/payCallBack/jiufubao
通知报文：memberid=191121442&orderid=11281456521603&transaction_id=20191128145652529753&amount=600.0000&datetime=20191128145854&returncode=00&sign=4F0F964D96A87305BB47079E5CDFBA22&attach=
HTTP状态：
返回：查询订单失败查询订单订单状态为未支付ok

【2019-11-28 15:04:39】
订单号：20191128150235989899
通知地址：http://pay.1youbox.com/onlinepay/jiufubaov2/notify.do
通知报文：memberid=191209910&orderid=2019112815023301738&transaction_id=20191128150235989899&amount=200.0000&datetime=20191128150438&returncode=00&sign=774F5E38A05512354613F6F8422970DC&attach=
HTTP状态：
返回：OK

【2019-11-28 15:07:33】
订单号：20191128150427985610
通知地址：http://e019cdb2app.miapp88api.com/Api/Home/payCallBack/jiufubao
通知报文：memberid=191121442&orderid=11281504265600&transaction_id=20191128150427985610&amount=101.0000&datetime=20191128150731&returncode=00&sign=E4366EC24029992760A8C738ABCCFB16&attach=
HTTP状态：
返回：查询订单失败查询订单订单状态为未支付ok

【2019-11-28 15:21:11】
订单号：20191128151414545551
通知地址：http://pay.1youbox.com/onlinepay/jiufubaov2/notify.do
通知报文：memberid=191209910&orderid=2019112815141001777&transaction_id=20191128151414545551&amount=440.0000&datetime=20191128152111&returncode=00&sign=D0C6167189E896C95E9320824D215855&attach=
HTTP状态：
返回：OK

【2019-11-28 15:23:54】
订单号：20191128152059981005
通知地址：http://pay.vip6081.com/onlinepay/jiufubaov2/notify.do
通知报文：memberid=191155102&orderid=2019112815205601319&transaction_id=20191128152059981005&amount=200.0000&datetime=20191128152354&returncode=00&sign=D00F6F9E820EA63F0FFEDF632558B17A&attach=
HTTP状态：
返回：OK

【2019-11-28 15:29:36】
订单号：20191128152646549999
通知地址：http://pay1.dr5151.com/apis/pay_gateway/jiufujinzhifu/notice
通知报文：memberid=191209911&orderid=F201911281526401614&transaction_id=20191128152646549999&amount=200.0000&datetime=20191128152936&returncode=00&sign=94FAEE1DB9F8DB72BABA04CB0CB78A67&attach=
HTTP状态：
返回：OK

【2019-11-28 15:31:33】
订单号：20191128152647555055
通知地址：http://e019cdb2app.miapp88api.com/Api/Home/payCallBack/jiufubao
通知报文：memberid=191121442&orderid=11281526469813&transaction_id=20191128152647555055&amount=210.0000&datetime=20191128153131&returncode=00&sign=733A60F9685CE26B158189556575B7E3&attach=
HTTP状态：
返回：查询订单失败查询订单订单状态为未支付ok

【2019-11-28 15:46:59】
订单号：20191128154452521015
通知地址：http://pay.1youbox.com/onlinepay/jiufubaov2/notify.do
通知报文：memberid=191209910&orderid=2019112815445101938&transaction_id=20191128154452521015&amount=202.0000&datetime=20191128154659&returncode=00&sign=2EA880239CC2BFDF51BDF2FA16BC00A3&attach=
HTTP状态：
返回：OK

【2019-11-28 15:50:26】
订单号：20191128154524524810
通知地址：http://e019cdb2app.miapp88api.com/Api/Home/payCallBack/jiufubao
通知报文：memberid=191121442&orderid=11281545226971&transaction_id=20191128154524524810&amount=10000.0000&datetime=20191128155024&returncode=00&sign=85EC4E5F527AA85948F5793B9BEE2847&attach=
HTTP状态：
返回：查询订单失败查询订单订单状态为未支付ok

【2019-11-28 15:53:00】
订单号：20191128155124995599
通知地址：https://www.wanjia365.cn/Public.server.do
通知报文：memberid=191095866&orderid=N1911281551224193&transaction_id=20191128155124995599&amount=500.0000&datetime=20191128155258&returncode=00&sign=FB1F6D346607F453CA2BE6D3AC886CBC&attach=501,https://wanjia365.cn/Account.jhrecharge.do
HTTP状态：
返回：OK

【2019-11-28 16:20:22】
订单号：20191128140206101101
通知地址：http://e019cdb2app.miapp88api.com/Api/Home/payCallBack/jiufubao
通知报文：memberid=191121442&orderid=11281402052419&transaction_id=20191128140206101101&amount=400.0000&datetime=20191128162020&returncode=00&sign=842998BE1368879575FACD98E5D0AF49&attach=
HTTP状态：
返回：查询订单失败查询订单订单状态为未支付ok

【2019-11-28 16:23:43】
订单号：20191128162155515657
通知地址：http://pay.1youbox.com/onlinepay/jiufubaov2/notify.do
通知报文：memberid=191209910&orderid=2019112816215402110&transaction_id=20191128162155515657&amount=300.0000&datetime=20191128162343&returncode=00&sign=2A240EAE1B5F6BA05C464649ED613F26&attach=
HTTP状态：
返回：OK

【2019-11-28 16:27:31】
订单号：20191128162520489854
通知地址：http://pay.ffc585.com/JiuFuBaoZhiFuReturn/Index
通知报文：memberid=191205418&orderid=RK570355220099979596&transaction_id=20191128162520489854&amount=500.0000&datetime=20191128162730&returncode=00&sign=AB011193E9F7D85E05B2A99DD6EBFA60&attach=
HTTP状态：
返回：OK

【2019-11-28 16:31:06】
订单号：20191128162922501011
通知地址：http://e019cdb2app.miapp88api.com/Api/Home/payCallBack/jiufubao
通知报文：memberid=191121442&orderid=11281629227233&transaction_id=20191128162922501011&amount=101.0000&datetime=20191128163103&returncode=00&sign=5C060A8DA88A2125308B8165047CDCC1&attach=
HTTP状态：
返回：查询订单失败查询订单订单状态为未支付ok

【2019-11-28 16:42:57】
订单号：20191128164023551019
通知地址：http://e019cdb2app.miapp88api.com/Api/Home/payCallBack/jiufubao
通知报文：memberid=191121442&orderid=11281640221129&transaction_id=20191128164023551019&amount=200.0000&datetime=20191128164255&returncode=00&sign=5FA82CCAE9F7B6FA95FD473ECA7CB89F&attach=
HTTP状态：
返回：查询订单失败查询订单订单状态为未支付ok

【2019-11-28 16:43:08】
订单号：20191128164145571011
通知地址：http://pay1.dr5151.com/apis/pay_gateway/jiufujinzhifu/notice
通知报文：memberid=191209911&orderid=F201911281641443672&transaction_id=20191128164145571011&amount=100.0000&datetime=20191128164308&returncode=00&sign=D5CABF7BE3CD9C62584E3332E3DB38DF&attach=
HTTP状态：
返回：OK

【2019-11-28 16:54:49】
订单号：20191128165306505152
通知地址：http://e019cdb2app.miapp88api.com/Api/Home/payCallBack/jiufubao
通知报文：memberid=191121442&orderid=11281653059943&transaction_id=20191128165306505152&amount=200.0000&datetime=20191128165447&returncode=00&sign=9292CA82C0BD5F73834CC4CB67764B94&attach=
HTTP状态：
返回：查询订单失败查询订单订单状态为未支付ok

【2019-11-28 17:08:39】
订单号：20191128170407559848
通知地址：http://pay1.dr5151.com/apis/pay_gateway/jiufujinzhifu/notice
通知报文：memberid=191209911&orderid=F201911281704049417&transaction_id=20191128170407559848&amount=100.0000&datetime=20191128170839&returncode=00&sign=C7197E7DB02CA9DEF664040F3463B02A&attach=
HTTP状态：
返回：OK

【2019-11-28 17:08:46】
订单号：20191128170444995549
通知地址：http://pay.1youbox.com/onlinepay/jiufubaov2/notify.do
通知报文：memberid=191209910&orderid=2019112817044102286&transaction_id=20191128170444995549&amount=1000.0000&datetime=20191128170846&returncode=00&sign=339C2FCFCA8164C29E2A40578F2A93A3&attach=
HTTP状态：
返回：OK

【2019-11-28 17:14:05】
订单号：20191128171218504853
通知地址：http://pay.1youbox.com/onlinepay/jiufubaov2/notify.do
通知报文：memberid=191209910&orderid=2019112817121502315&transaction_id=20191128171218504853&amount=100.0000&datetime=20191128171405&returncode=00&sign=E65A3151D139795EC80D1EC89148B431&attach=
HTTP状态：
返回：OK

【2019-11-28 17:18:40】
订单号：20191128171636525710
通知地址：http://pay.1youbox.com/onlinepay/jiufubaov2/notify.do
通知报文：memberid=191209910&orderid=2019112817163402339&transaction_id=20191128171636525710&amount=100.0000&datetime=20191128171840&returncode=00&sign=571262CF85CE9D8ADC197B5E484F7BE4&attach=
HTTP状态：
返回：OK

【2019-11-28 17:31:30】
订单号：20191128172954501011
通知地址：http://pay1.dr5151.com/apis/pay_gateway/jiufujinzhifu/notice
通知报文：memberid=191209911&orderid=F201911281729517475&transaction_id=20191128172954501011&amount=720.0000&datetime=20191128173130&returncode=00&sign=4A11C6C19D24731E62AA73BB306F7522&attach=
HTTP状态：
返回：OK

【2019-11-28 17:31:35】
订单号：20191128173002979910
通知地址：http://pay.1youbox.com/onlinepay/jiufubaov2/notify.do
通知报文：memberid=191209910&orderid=2019112817295902391&transaction_id=20191128173002979910&amount=101.0000&datetime=20191128173135&returncode=00&sign=1DBB3C0DCD120092BF35531C7470FD2D&attach=
HTTP状态：
返回：OK

【2019-11-28 17:34:05】
订单号：20191128173115519748
通知地址：http://pay.1youbox.com/onlinepay/jiufubaov2/notify.do
通知报文：memberid=191209910&orderid=2019112817311302395&transaction_id=20191128173115519748&amount=100.0000&datetime=20191128173404&returncode=00&sign=17BF106D05D0C439A03331712E738E08&attach=
HTTP状态：
返回：OK

【2019-11-28 17:42:06】
订单号：20191128173956999798
通知地址：https://e019cdb2webapi.miapp66dom.com/Api/Home/payCallBack/jiufubao
通知报文：memberid=191121442&orderid=11281739527229&transaction_id=20191128173956999798&amount=300.0000&datetime=20191128174204&returncode=00&sign=77F3E86EF8979D40D5697CC05CFCDD42&attach=
HTTP状态：
返回：查询订单失败查询订单订单状态为未支付ok

【2019-11-28 17:45:00】
订单号：20191128174238101101
通知地址：https://e019cdb2webapi.miapp66dom.com/Api/Home/payCallBack/jiufubao
通知报文：memberid=191121442&orderid=11281742363320&transaction_id=20191128174238101101&amount=300.0000&datetime=20191128174458&returncode=00&sign=E72A89FD425200D6E2CFAFD2307AC025&attach=
HTTP状态：
返回：查询订单失败查询订单订单状态为未支付ok

【2019-11-28 17:47:55】
订单号：20191128174553495056
通知地址：http://pay1.dr5151.com/apis/pay_gateway/jiufujinzhifu/notice
通知报文：memberid=191209911&orderid=F201911281745481482&transaction_id=20191128174553495056&amount=200.0000&datetime=20191128174754&returncode=00&sign=0F660C2B249E4E95523583871A640F34&attach=
HTTP状态：
返回：OK

【2019-11-28 17:48:52】
订单号：20191128174302541015
通知地址：http://pay1.dr5151.com/apis/pay_gateway/jiufujinzhifu/notice
通知报文：memberid=191209911&orderid=F201911281742596029&transaction_id=20191128174302541015&amount=2000.0000&datetime=20191128174851&returncode=00&sign=5677AC23B3291DB7172BBA0EA69C74CF&attach=
HTTP状态：
返回：OK

【2019-11-28 18:04:48】
订单号：20191128180306971004
通知地址：https://e019cdb2webapi.miapp66dom.com/Api/Home/payCallBack/jiufubao
通知报文：memberid=191121442&orderid=11281803051762&transaction_id=20191128180306971004&amount=300.0000&datetime=20191128180446&returncode=00&sign=017937630DD4BEE01AE157F9BBBB2E13&attach=
HTTP状态：
返回：查询订单失败查询订单订单状态为未支付ok

【2019-11-28 18:13:24】
订单号：20191128181116525655
通知地址：http://pay.vip6081.com/onlinepay/jiufubaov2/notify.do
通知报文：memberid=191155102&orderid=2019112818111301817&transaction_id=20191128181116525655&amount=100.0000&datetime=20191128181324&returncode=00&sign=2C6982255FD321245F835FE5187891E7&attach=
HTTP状态：
返回：OK

【2019-11-28 18:29:33】
订单号：20191128182444995110
通知地址：http://e019cdb2app.miapp88api.com/Api/Home/payCallBack/jiufubao
通知报文：memberid=191121442&orderid=11281824432033&transaction_id=20191128182444995110&amount=800.0000&datetime=20191128182931&returncode=00&sign=DAC3FE3B228CCFC81E5256C09202E538&attach=
HTTP状态：
返回：查询订单失败查询订单订单状态为未支付ok

【2019-11-28 18:31:05】
订单号：20191128182907519910
通知地址：http://e019cdb2app.miapp88api.com/Api/Home/payCallBack/jiufubao
通知报文：memberid=191121442&orderid=11281829062972&transaction_id=20191128182907519910&amount=101.0000&datetime=20191128183104&returncode=00&sign=DF68EB6E8F59EFD97F321194485736EA&attach=
HTTP状态：
返回：查询订单失败查询订单订单状态为未支付ok

【2019-11-28 18:40:49】
订单号：20191128183921571019
通知地址：http://e019cdb2app.miapp88api.com/Api/Home/payCallBack/jiufubao
通知报文：memberid=191121442&orderid=11281839207038&transaction_id=20191128183921571019&amount=1000.0000&datetime=20191128184047&returncode=00&sign=AAB41F8650D5B9721FC5B3916E08522B&attach=
HTTP状态：
返回：查询订单失败查询订单订单状态为未支付ok

【2019-11-28 18:40:52】
订单号：20191128183844525757
通知地址：https://www.wanjia365.cn/Public.server.do
通知报文：memberid=191095866&orderid=K1911281838394255&transaction_id=20191128183844525757&amount=1000.0000&datetime=20191128184052&returncode=00&sign=F53E9D9AA9F498960A71BFDD108BF94E&attach=501,https://wanjia365.cn/Account.jhrecharge.do
HTTP状态：
返回：OK

【2019-11-28 18:43:20】
订单号：20191128174952485099
通知地址：http://pay1.dr5151.com/apis/pay_gateway/jiufujinzhifu/notice
通知报文：memberid=191209911&orderid=F201911281749414488&transaction_id=20191128174952485099&amount=150.0000&datetime=20191128184319&returncode=00&sign=ED85495A88BCB2A151F77C1D704A5012&attach=
HTTP状态：
返回：OK

【2019-11-28 18:51:19】
订单号：20191128184841574952
通知地址：http://pay.1youbox.com/onlinepay/jiufubaov2/notify.do
通知报文：memberid=191209910&orderid=2019112818483502761&transaction_id=20191128184841574952&amount=150.0000&datetime=20191128185119&returncode=00&sign=0C0C638B7CCAA7BF3551EBE637C797F4&attach=
HTTP状态：
返回：OK

【2019-11-28 18:58:00】
订单号：20191128185628999854
通知地址：http://pay.ffc585.com/JiuFuBaoZhiFuReturn/Index
通知报文：memberid=191205418&orderid=RK570887794172897293&transaction_id=20191128185628999854&amount=1000.0000&datetime=20191128185800&returncode=00&sign=26E00DC36896C9AB010D1B7649A28147&attach=
HTTP状态：
返回：OK

【2019-11-28 18:58:56】
订单号：20191128185628995598
通知地址：https://www.wanjia365.cn/Public.server.do
通知报文：memberid=191095866&orderid=Z1911281856243259&transaction_id=20191128185628995598&amount=2000.0000&datetime=20191128185855&returncode=00&sign=D8C29EB308BA3BC3555BAB236C428D2C&attach=501,https://wanjia365.cn/Account.jhrecharge.do
HTTP状态：
返回：OK

【2019-11-28 19:04:27】
订单号：20191128185937579955
通知地址：http://pay1.dr5151.com/apis/pay_gateway/jiufujinzhifu/notice
通知报文：memberid=191209911&orderid=F201911281859347067&transaction_id=20191128185937579955&amount=900.0000&datetime=20191128190426&returncode=00&sign=459572A4D730872AF36BD81EC9AD0B8F&attach=
HTTP状态：
返回：OK

【2019-11-28 19:05:16】
订单号：20191128190237100102
通知地址：http://pay.vip6081.com/onlinepay/jiufubaov2/notify.do
通知报文：memberid=191155102&orderid=2019112819023502003&transaction_id=20191128190237100102&amount=200.0000&datetime=20191128190516&returncode=00&sign=392D84AEC3F5F931419AB570D63302BD&attach=
HTTP状态：
返回：OK

【2019-11-28 19:08:04】
订单号：20191128190606101485
通知地址：http://pay.vip6081.com/onlinepay/jiufubaov2/notify.do
通知报文：memberid=191155102&orderid=2019112819060202024&transaction_id=20191128190606101485&amount=200.0000&datetime=20191128190803&returncode=00&sign=D19FA3E0C6A41CE1823415A00038EB11&attach=
HTTP状态：
返回：OK

【2019-11-28 19:16:04】
订单号：20191128185917535056
通知地址：http://pay1.dr5151.com/apis/pay_gateway/jiufujinzhifu/notice
通知报文：memberid=191209911&orderid=F201911281859105136&transaction_id=20191128185917535056&amount=700.1100&datetime=20191128191603&returncode=00&sign=6349248D7C9488248EDA5FEBCCF561CA&attach=
HTTP状态：
返回：已处理过过的订单

【2019-11-28 19:21:43】
订单号：20191128191105574955
通知地址：http://pay.vip6081.com/onlinepay/jiufubaov2/notify.do
通知报文：memberid=191155102&orderid=2019112819110202041&transaction_id=20191128191105574955&amount=200.0000&datetime=20191128192143&returncode=00&sign=44D2157969B28F0FA1054B0E99C2B3BF&attach=
HTTP状态：
返回：OK

【2019-11-28 19:26:03】
订单号：20191128192321575610
通知地址：http://e019cdb2app.miapp88api.com/Api/Home/payCallBack/jiufubao
通知报文：memberid=191121442&orderid=11281923216087&transaction_id=20191128192321575610&amount=200.0000&datetime=20191128192601&returncode=00&sign=043F81841D543817235842D1306485FB&attach=
HTTP状态：
返回：查询订单失败查询订单订单状态为未支付ok

【2019-11-28 19:27:11】
订单号：20191128190543555650
通知地址：http://e019cdb2app.miapp88api.com/Api/Home/payCallBack/jiufubao
通知报文：memberid=191121442&orderid=11281905425306&transaction_id=20191128190543555650&amount=100.0000&datetime=20191128192709&returncode=00&sign=E4230C6929B4487BE13D69196626E014&attach=
HTTP状态：
返回：查询订单失败查询订单订单状态为未支付ok

【2019-11-28 19:27:56】
订单号：20191128192634975452
通知地址：http://e019cdb2app.miapp88api.com/Api/Home/payCallBack/jiufubao
通知报文：memberid=191121442&orderid=11281926331833&transaction_id=20191128192634975452&amount=101.0000&datetime=20191128192755&returncode=00&sign=11605569833A06C2CA9BB3EE0170CF15&attach=
HTTP状态：
返回：查询订单失败查询订单订单状态为未支付ok

【2019-11-28 19:28:31】
订单号：20191128192529575653
通知地址：http://pay.1youbox.com/onlinepay/jiufubaov2/notify.do
通知报文：memberid=191209910&orderid=2019112819252502928&transaction_id=20191128192529575653&amount=180.8800&datetime=20191128192831&returncode=00&sign=B2E886296EE2750C523F58D5D99F74E6&attach=
HTTP状态：
返回：OK

【2019-11-28 19:30:33】
订单号：20191128192818505052
通知地址：http://pay.1youbox.com/onlinepay/jiufubaov2/notify.do
通知报文：memberid=191209910&orderid=2019112819281602942&transaction_id=20191128192818505052&amount=100.0000&datetime=20191128193033&returncode=00&sign=37F68299C54FCB6F3B61B4ACC1C593A9&attach=
HTTP状态：
返回：OK

【2019-11-28 19:31:02】
订单号：20191128192911551005
通知地址：http://e019cdb2app.miapp88api.com/Api/Home/payCallBack/jiufubao
通知报文：memberid=191121442&orderid=11281929103129&transaction_id=20191128192911551005&amount=101.0000&datetime=20191128193101&returncode=00&sign=95EFD5A1398DB3D85D40A61D2BA83839&attach=
HTTP状态：
返回：查询订单失败查询订单订单状态为未支付ok

【2019-11-28 19:31:19】
订单号：20191128193001575799
通知地址：http://pay1.dr5151.com/apis/pay_gateway/jiufujinzhifu/notice
通知报文：memberid=191209911&orderid=F201911281929569846&transaction_id=20191128193001575799&amount=201.0000&datetime=20191128193119&returncode=00&sign=D9385826144A5B266A45B8E35EF69ACF&attach=
HTTP状态：
返回：OK

【2019-11-28 19:34:02】
订单号：20191128193147514854
通知地址：https://e019cdb2webapi.miapp66dom.com/Api/Home/payCallBack/jiufubao
通知报文：memberid=191121442&orderid=11281931419617&transaction_id=20191128193147514854&amount=200.0000&datetime=20191128193359&returncode=00&sign=04EF9845694AEAA8F568403821C4B176&attach=
HTTP状态：
返回：查询订单失败查询订单订单状态为未支付ok

【2019-11-28 19:50:11】
订单号：20191128194735555251
通知地址：http://e019cdb2app.miapp88api.com/Api/Home/payCallBack/jiufubao
通知报文：memberid=191121442&orderid=11281947349728&transaction_id=20191128194735555251&amount=100.0000&datetime=20191128195009&returncode=00&sign=28AEE18B371B42F7DCC322D34084641A&attach=
HTTP状态：
返回：查询订单失败查询订单订单状态为未支付ok

【2019-11-28 19:50:51】
订单号：20191128194623102101
通知地址：https://payback3.lebopay.net/jfbscpay/scallback.php
通知报文：memberid=191209913&orderid=2019112807461970827290&transaction_id=20191128194623102101&amount=100.0000&datetime=20191128195048&returncode=00&sign=27E60945D5F440B8F9BA25D395AF8C50&attach=41536-180535f15a76981eb198919d03ee974e
HTTP状态：
返回：OK

【2019-11-28 19:50:55】
订单号：20191128194237100100
通知地址：http://pay.1youbox.com/onlinepay/jiufubaov2/notify.do
通知报文：memberid=191209910&orderid=2019112819423403009&transaction_id=20191128194237100100&amount=100.0000&datetime=20191128195055&returncode=00&sign=85AF7E118062228062C379D770F85AEC&attach=
HTTP状态：
返回：OK

【2019-11-28 19:54:20】
订单号：20191128195013535457
通知地址：http://e019cdb2app.miapp88api.com/Api/Home/payCallBack/jiufubao
通知报文：memberid=191121442&orderid=11281950123516&transaction_id=20191128195013535457&amount=101.0000&datetime=20191128195419&returncode=00&sign=F10ABEB835DEC9AE529BD58DCFA97C8E&attach=
HTTP状态：
返回：查询订单失败查询订单订单状态为未支付ok

【2019-11-28 19:55:35】
订单号：20191128195333100994
通知地址：http://e019cdb2app.miapp88api.com/Api/Home/payCallBack/jiufubao
通知报文：memberid=191121442&orderid=11281953325169&transaction_id=20191128195333100994&amount=100.0000&datetime=20191128195533&returncode=00&sign=678AD8C8CF5EDC3D735253C908663D33&attach=
HTTP状态：
返回：查询订单失败查询订单订单状态为未支付ok

【2019-11-28 19:58:17】
订单号：20191128195521579754
通知地址：http://pay1.dr5151.com/apis/pay_gateway/jiufujinzhifu/notice
通知报文：memberid=191209911&orderid=F201911281955185319&transaction_id=20191128195521579754&amount=101.0000&datetime=20191128195817&returncode=00&sign=54692B54B49CE6D21C065499B4CDAECF&attach=
HTTP状态：
返回：OK

【2019-11-28 20:00:31】
订单号：20191128195903559798
通知地址：http://e019cdb2app.miapp88api.com/Api/Home/payCallBack/jiufubao
通知报文：memberid=191121442&orderid=11281959033892&transaction_id=20191128195903559798&amount=120.0000&datetime=20191128200029&returncode=00&sign=0A56C60C00A7DED71C58898AB3656FD1&attach=
HTTP状态：
返回：查询订单失败查询订单订单状态为未支付ok

【2019-11-28 20:01:06】
订单号：20191128195816565798
通知地址：http://e019cdb2app.miapp88api.com/Api/Home/payCallBack/jiufubao
通知报文：memberid=191121442&orderid=11281958151389&transaction_id=20191128195816565798&amount=101.0000&datetime=20191128200104&returncode=00&sign=875D13C673C17C96428BD306AEFD173C&attach=
HTTP状态：
返回：查询订单失败查询订单订单状态为未支付ok

【2019-11-28 20:02:13】
订单号：20191128200050505197
通知地址：http://pay.1youbox.com/onlinepay/jiufubaov2/notify.do
通知报文：memberid=191209910&orderid=2019112820004503092&transaction_id=20191128200050505197&amount=100.0000&datetime=20191128200211&returncode=00&sign=802FD31CE5CD1C56924DE68149D1A13E&attach=
HTTP状态：
返回：OK

【2019-11-28 20:02:52】
订单号：20191128200004524951
通知地址：http://pay.vip6081.com/onlinepay/jiufubaov2/notify.do
通知报文：memberid=191155102&orderid=2019112819595402293&transaction_id=20191128200004524951&amount=160.0000&datetime=20191128200252&returncode=00&sign=EA31FA0E6449584621BE15A254F892A7&attach=
HTTP状态：
返回：OK

【2019-11-28 20:07:29】
订单号：20191128200446101989
通知地址：https://payback3.lebopay.net/jfbscpay/scallback.php
通知报文：memberid=191209913&orderid=2019112808044429473630&transaction_id=20191128200446101989&amount=300.0000&datetime=20191128200727&returncode=00&sign=CF5B4FA3D07CD6FB07B3236054211CD4&attach=41536-66cbb122f4aee3c53307c1b3119cc536
HTTP状态：
返回：OK

【2019-11-28 20:07:44】
订单号：20191128140007555756
通知地址：http://e019cdb2app.miapp88api.com/Api/Home/payCallBack/jiufubao
通知报文：memberid=191121442&orderid=11281400073948&transaction_id=20191128140007555756&amount=300.0000&datetime=20191128200742&returncode=00&sign=C6FA592AA3F17382A7BE5BE7050563B1&attach=
HTTP状态：
返回：查询订单失败查询订单订单状态为未支付ok

【2019-11-28 20:10:11】
订单号：20191128200821534849
通知地址：http://e019cdb2app.miapp88api.com/Api/Home/payCallBack/jiufubao
通知报文：memberid=191121442&orderid=11282008191656&transaction_id=20191128200821534849&amount=200.0000&datetime=20191128201007&returncode=00&sign=F9CBE0A97C2CE0428DE6D925FB2D0D5F&attach=
HTTP状态：
返回：查询订单失败查询订单订单状态为未支付ok

【2019-11-28 20:12:43】
订单号：20191128201111102995
通知地址：http://pay1.dr5151.com/apis/pay_gateway/jiufujinzhifu/notice
通知报文：memberid=191209911&orderid=F201911282011099226&transaction_id=20191128201111102995&amount=102.0000&datetime=20191128201243&returncode=00&sign=F66E8747F2470F443B782E638724C21A&attach=
HTTP状态：
返回：OK

【2019-11-28 20:14:47】
订单号：20191128201251514951
通知地址：http://pay.1youbox.com/onlinepay/jiufubaov2/notify.do
通知报文：memberid=191209910&orderid=2019112820124803180&transaction_id=20191128201251514951&amount=100.0000&datetime=20191128201447&returncode=00&sign=3B9B2A51D8E45803126E75C68032185A&attach=
HTTP状态：
返回：OK

【2019-11-28 20:15:09】
订单号：20191128201212994910
通知地址：http://e019cdb2app.miapp88api.com/Api/Home/payCallBack/jiufubao
通知报文：memberid=191121442&orderid=11282012115181&transaction_id=20191128201212994910&amount=200.0000&datetime=20191128201507&returncode=00&sign=74F4EDB8DE759DB4BC9804B08FBD1A74&attach=
HTTP状态：
返回：查询订单失败查询订单订单状态为未支付ok

【2019-11-28 20:15:17】
订单号：20191128201245100101
通知地址：https://e019cdb2webapi.miapp66dom.com/Api/Home/payCallBack/jiufubao
通知报文：memberid=191121442&orderid=11282012449243&transaction_id=20191128201245100101&amount=200.0000&datetime=20191128201515&returncode=00&sign=49BB23CC6B9D6C1D371271D42C514608&attach=
HTTP状态：
返回：查询订单失败查询订单订单状态为未支付ok

【2019-11-28 20:15:21】
订单号：20191128201249495154
通知地址：http://pay1.dr5151.com/apis/pay_gateway/jiufujinzhifu/notice
通知报文：memberid=191209911&orderid=F201911282012472549&transaction_id=20191128201249495154&amount=100.0000&datetime=20191128201519&returncode=00&sign=CED574E07E8B68B1731CC83F5A3E0B1D&attach=
HTTP状态：
返回：OK

【2019-11-28 20:19:10】
订单号：20191128201724529850
通知地址：https://e019cdb2webapi.miapp66dom.com/Api/Home/payCallBack/jiufubao
通知报文：memberid=191121442&orderid=11282017231153&transaction_id=20191128201724529850&amount=100.0000&datetime=20191128201908&returncode=00&sign=955298A04C5F0D11B999F818973CD372&attach=
HTTP状态：
返回：查询订单失败查询订单订单状态为未支付ok

【2019-11-28 20:20:54】
订单号：20191128190426971005
通知地址：http://pay.1youbox.com/onlinepay/jiufubaov2/notify.do
通知报文：memberid=191209910&orderid=2019112819042002839&transaction_id=20191128190426971005&amount=100.0000&datetime=20191128202052&returncode=00&sign=A157FA258DDD73E5D603E855B55F0A74&attach=
HTTP状态：
返回：OK

【2019-11-28 20:24:24】
订单号：20191128202301535755
通知地址：http://e019cdb2app.miapp88api.com/Api/Home/payCallBack/jiufubao
通知报文：memberid=191121442&orderid=11282022596217&transaction_id=20191128202301535755&amount=400.0000&datetime=20191128202422&returncode=00&sign=D47928C1B4F59E2DCDDAF95FE7232BE8&attach=
HTTP状态：
返回：查询订单失败查询订单订单状态为未支付ok

【2019-11-28 20:26:10】
订单号：20191128202452529799
通知地址：http://pay1.dr5151.com/apis/pay_gateway/jiufujinzhifu/notice
通知报文：memberid=191209911&orderid=F201911282024493328&transaction_id=20191128202452529799&amount=500.0000&datetime=20191128202608&returncode=00&sign=EFED4AFD51808D3A1F67FC9972352381&attach=
HTTP状态：
返回：OK

【2019-11-28 20:32:27】
订单号：20191128203017571015
通知地址：http://pay1.dr5151.com/apis/pay_gateway/jiufujinzhifu/notice
通知报文：memberid=191209911&orderid=F201911282030141425&transaction_id=20191128203017571015&amount=1000.0000&datetime=20191128203226&returncode=00&sign=8F8F38F5D45FD1946FFEBC04DD359D02&attach=
HTTP状态：
返回：OK

【2019-11-28 20:32:59】
订单号：20191128202115985310
通知地址：http://e019cdb2app.miapp88api.com/Api/Home/payCallBack/jiufubao
通知报文：memberid=191121442&orderid=11282021143308&transaction_id=20191128202115985310&amount=160.0000&datetime=20191128203257&returncode=00&sign=391FA127CBA62F7708D94875BB9988D3&attach=
HTTP状态：
返回：查询订单失败查询订单订单状态为未支付ok

【2019-11-28 20:34:16】
订单号：20191128203221534854
通知地址：http://pay.ffc585.com/JiuFuBaoZhiFuReturn/Index
通知报文：memberid=191205418&orderid=RK570597598328119365&transaction_id=20191128203221534854&amount=1000.0000&datetime=20191128203416&returncode=00&sign=9194E8F70A9C07EF1B144A1D481B4DF0&attach=
HTTP状态：
返回：OK

【2019-11-28 20:34:23】
订单号：20191128203109100535
通知地址：http://pay.1youbox.com/onlinepay/jiufubaov2/notify.do
通知报文：memberid=191209910&orderid=2019112820310503307&transaction_id=20191128203109100535&amount=150.0000&datetime=20191128203423&returncode=00&sign=C74EEA07FA89DC47F919C2A76B45B0F0&attach=
HTTP状态：
返回：OK

【2019-11-28 20:36:22】
订单号：20191128202750545756
通知地址：http://pay.1youbox.com/onlinepay/jiufubaov2/notify.do
通知报文：memberid=191209910&orderid=2019112820274803286&transaction_id=20191128202750545756&amount=100.0000&datetime=20191128203622&returncode=00&sign=7204BD9F95FBCCBB15CEACFAA6216989&attach=
HTTP状态：
返回：OK

【2019-11-28 20:37:16】
订单号：20191128191815551015
通知地址：https://www.wanjia365.cn/Public.server.do
通知报文：memberid=191095866&orderid=F1911281918130455&transaction_id=20191128191815551015&amount=2000.0000&datetime=20191128203715&returncode=00&sign=C0E919266660BB247B973299B3470A21&attach=501,https://wanjia365.cn/Account.jhrecharge.do
HTTP状态：
返回：OK

【2019-11-28 20:39:02】
订单号：20191128203731985399
通知地址：http://pay.1youbox.com/onlinepay/jiufubaov2/notify.do
通知报文：memberid=191209910&orderid=2019112820372903335&transaction_id=20191128203731985399&amount=100.0000&datetime=20191128203901&returncode=00&sign=576AA364D9AC1EFBE607DF34274CCDF2&attach=
HTTP状态：
返回：OK

【2019-11-28 20:41:20】
订单号：20191128203920564997
通知地址：http://pay.1youbox.com/onlinepay/jiufubaov2/notify.do
通知报文：memberid=191209910&orderid=2019112820391803345&transaction_id=20191128203920564997&amount=102.0000&datetime=20191128204119&returncode=00&sign=A446694C7587264F5D8F0EBF5C0663CA&attach=
HTTP状态：
返回：OK

【2019-11-28 20:41:31】
订单号：20191128203609571025
通知地址：http://pay.vip6081.com/onlinepay/jiufubaov2/notify.do
通知报文：memberid=191155102&orderid=2019112820360802538&transaction_id=20191128203609571025&amount=200.0000&datetime=20191128204131&returncode=00&sign=C80AE59B36BB71F440D7ADDE203C1BFB&attach=
HTTP状态：
返回：OK

【2019-11-28 20:42:57】
订单号：20191128204059985110
通知地址：http://e019cdb2app.miapp88api.com/Api/Home/payCallBack/jiufubao
通知报文：memberid=191121442&orderid=11282040586970&transaction_id=20191128204059985110&amount=101.0000&datetime=20191128204255&returncode=00&sign=E45545C196F794267FA8C0EAB63F4AA1&attach=
HTTP状态：
返回：查询订单失败查询订单订单状态为未支付ok

【2019-11-28 20:46:34】
订单号：20191128204336565549
通知地址：http://pay.1youbox.com/onlinepay/jiufubaov2/notify.do
通知报文：memberid=191209910&orderid=2019112820433403376&transaction_id=20191128204336565549&amount=300.0000&datetime=20191128204634&returncode=00&sign=B195AB70558427FCB5D8117E4EA7A5A3&attach=
HTTP状态：
返回：OK

【2019-11-28 20:50:41】
订单号：20191128204852521001
通知地址：http://pay.1youbox.com/onlinepay/jiufubaov2/notify.do
通知报文：memberid=191209910&orderid=2019112820485103412&transaction_id=20191128204852521001&amount=500.0000&datetime=20191128205040&returncode=00&sign=1973962285403E8CE03C322E371809FD&attach=
HTTP状态：
返回：OK

【2019-11-28 20:50:59】
订单号：20191128204924525797
通知地址：https://e019cdb2webapi.miapp66dom.com/Api/Home/payCallBack/jiufubao
通知报文：memberid=191121442&orderid=11282049211819&transaction_id=20191128204924525797&amount=600.0000&datetime=20191128205057&returncode=00&sign=608D1274E0A26B4E2C89F6F28AEB2E46&attach=
HTTP状态：
返回：查询订单失败查询订单订单状态为未支付ok

【2019-11-28 20:51:39】
订单号：20191128203449575352
通知地址：http://e019cdb2app.miapp88api.com/Api/Home/payCallBack/jiufubao
通知报文：memberid=191121442&orderid=11282034485861&transaction_id=20191128203449575352&amount=101.0000&datetime=20191128205137&returncode=00&sign=BAD18A2717548B05EC678B999E8D8648&attach=
HTTP状态：
返回：查询订单失败查询订单订单状态为未支付ok

【2019-11-28 20:54:45】
订单号：20191128201754501024
通知地址：http://e019cdb2app.miapp88api.com/Api/Home/payCallBack/jiufubao
通知报文：memberid=191121442&orderid=11282017543561&transaction_id=20191128201754501024&amount=200.0000&datetime=20191128205443&returncode=00&sign=CA949C65F9E3090158B1B51BC35168F5&attach=
HTTP状态：
返回：查询订单失败查询订单订单状态为未支付ok

【2019-11-28 20:55:25】
订单号：20191128205111102101
通知地址：http://pay.vip6081.com/onlinepay/jiufubaov2/notify.do
通知报文：memberid=191155102&orderid=2019112820510602682&transaction_id=20191128205111102101&amount=200.0000&datetime=20191128205525&returncode=00&sign=7E9E66A7693474AD8443A3614960041C&attach=
HTTP状态：
返回：OK

【2019-11-28 20:58:15】
订单号：20191128205514501011
通知地址：https://e019cdb2webapi.miapp66dom.com/Api/Home/payCallBack/jiufubao
通知报文：memberid=191121442&orderid=11282055132155&transaction_id=20191128205514501011&amount=120.0000&datetime=20191128205813&returncode=00&sign=D517584508D686C34D2109D41243576A&attach=
HTTP状态：
返回：查询订单失败查询订单订单状态为未支付ok

【2019-11-28 21:02:11】
订单号：20191128210101100515
通知地址：https://www.wanjia365.cn/Public.server.do
通知报文：memberid=191095866&orderid=Q1911282100599057&transaction_id=20191128210101100515&amount=500.0000&datetime=20191128210210&returncode=00&sign=BE890D59BD3BFADFEE16558D1E247075&attach=512,https://wanjia365.cn/Account.jhrecharge.do
HTTP状态：
返回：OK

【2019-11-28 21:06:19】
订单号：20191128210329494857
通知地址：http://pay.vip6081.com/onlinepay/jiufubaov2/notify.do
通知报文：memberid=191155102&orderid=2019112821032202789&transaction_id=20191128210329494857&amount=200.0000&datetime=20191128210609&returncode=00&sign=A08F8D799D9771C2463E007D2F2C3572&attach=
HTTP状态：
返回：

【2019-11-28 21:06:44】
订单号：20191128210429100551
通知地址：http://e019cdb2app.miapp88api.com/Api/Home/payCallBack/jiufubao
通知报文：memberid=191121442&orderid=11282104244784&transaction_id=20191128210429100551&amount=100.0000&datetime=20191128210642&returncode=00&sign=81E0134C27D49B0DD094CC5A4600EE92&attach=
HTTP状态：
返回：查询订单失败查询订单订单状态为未支付ok

【2019-11-28 21:09:32】
订单号：20191128210709100529
通知地址：http://pay1.dr5151.com/apis/pay_gateway/jiufujinzhifu/notice
通知报文：memberid=191209911&orderid=F201911282107073436&transaction_id=20191128210709100529&amount=1000.0000&datetime=20191128210932&returncode=00&sign=48E2911FF4C4051CFE50D0B353709EAA&attach=
HTTP状态：
返回：OK

【2019-11-28 21:09:35】
订单号：20191128210756999752
通知地址：http://pay.vip6081.com/onlinepay/jiufubaov2/notify.do
通知报文：memberid=191155102&orderid=2019112821075402817&transaction_id=20191128210756999752&amount=300.0000&datetime=20191128210934&returncode=00&sign=787875C0E3AA3A1C5B01B3D5CA3F698E&attach=
HTTP状态：
返回：OK

【2019-11-28 21:09:47】
订单号：20191128210616565048
通知地址：http://e019cdb2app.miapp88api.com/Api/Home/payCallBack/jiufubao
通知报文：memberid=191121442&orderid=11282106143489&transaction_id=20191128210616565048&amount=101.0000&datetime=20191128210945&returncode=00&sign=BC762740605DA1734E7C1CF6B72C5BA8&attach=
HTTP状态：
返回：查询订单失败查询订单订单状态为未支付ok

【2019-11-28 21:12:21】
订单号：20191128200333535297
通知地址：http://e019cdb2app.miapp88api.com/Api/Home/payCallBack/jiufubao
通知报文：memberid=191121442&orderid=11282003327912&transaction_id=20191128200333535297&amount=200.0000&datetime=20191128211218&returncode=00&sign=FFD5211C774C0ACFA0A237DA72DE4234&attach=
HTTP状态：
返回：查询订单失败查询订单订单状态为未支付ok

【2019-11-28 21:13:27】
订单号：20191128211142101989
通知地址：http://pay.vip6081.com/onlinepay/jiufubaov2/notify.do
通知报文：memberid=191155102&orderid=2019112821113902861&transaction_id=20191128211142101989&amount=100.0000&datetime=20191128211326&returncode=00&sign=BBCBD64CAC574A846BDD2839A7F71EBF&attach=
HTTP状态：
返回：OK

【2019-11-28 21:16:04】
订单号：20191128211317100569
通知地址：http://pay.vip6081.com/onlinepay/jiufubaov2/notify.do
通知报文：memberid=191155102&orderid=2019112821131102876&transaction_id=20191128211317100569&amount=551.0000&datetime=20191128211603&returncode=00&sign=FFA2FB7E57A10891A0AA172B2CC41238&attach=
HTTP状态：
返回：OK

【2019-11-28 21:16:17】
订单号：20191128211223555798
通知地址：https://e019cdb2webapi.miapp66dom.com/Api/Home/payCallBack/jiufubao
通知报文：memberid=191121442&orderid=11282112214476&transaction_id=20191128211223555798&amount=200.0000&datetime=20191128211614&returncode=00&sign=9204F4A67D3947FE5C652A41FC189542&attach=
HTTP状态：
返回：查询订单失败查询订单订单状态为未支付ok

【2019-11-28 21:20:45】
订单号：20191128211813535149
通知地址：http://e019cdb2app.miapp88api.com/Api/Home/payCallBack/jiufubao
通知报文：memberid=191121442&orderid=11282118129760&transaction_id=20191128211813535149&amount=101.0000&datetime=20191128212043&returncode=00&sign=5ECD810141CFFD3A219D7E6B96C41CA8&attach=
HTTP状态：
返回：查询订单失败查询订单订单状态为未支付ok

【2019-11-28 21:20:59】
订单号：20191128211851985657
通知地址：https://www.wanjia365.cn/Public.server.do
通知报文：memberid=191095866&orderid=S1911282118500853&transaction_id=20191128211851985657&amount=500.0000&datetime=20191128212057&returncode=00&sign=356C79B09B5488FDC8A18E02515B12B2&attach=512,https://wanjia365.cn/Account.jhrecharge.do
HTTP状态：
返回：OK

【2019-11-28 21:26:35】
订单号：20191128212413100514
通知地址：https://e019cdb2webapi.miapp66dom.com/Api/Home/payCallBack/jiufubao
通知报文：memberid=191121442&orderid=11282124118160&transaction_id=20191128212413100514&amount=200.0000&datetime=20191128212633&returncode=00&sign=8DE98D42BDFD65E633A6BB91B89ADEE4&attach=
HTTP状态：
返回：查询订单失败查询订单订单状态为未支付ok

【2019-11-28 21:28:26】
订单号：20191128211641579951
通知地址：http://pay.vip6081.com/onlinepay/jiufubaov2/notify.do
通知报文：memberid=191155102&orderid=2019112821163902909&transaction_id=20191128211641579951&amount=200.0000&datetime=20191128212826&returncode=00&sign=9BC8E29A9B6B92CEF330A9BFDE6DC154&attach=
HTTP状态：
返回：OK

【2019-11-28 21:28:40】
订单号：20191128212624489999
通知地址：http://pay1.dr5151.com/apis/pay_gateway/jiufujinzhifu/notice
通知报文：memberid=191209911&orderid=F201911282126217568&transaction_id=20191128212624489999&amount=100.0000&datetime=20191128212840&returncode=00&sign=EA3F14B57D6C9FCF63D6C655F04C6955&attach=
HTTP状态：
返回：OK

【2019-11-28 21:29:04】
订单号：20191128211945499754
通知地址：http://pay1.dr5151.com/apis/pay_gateway/jiufujinzhifu/notice
通知报文：memberid=191209911&orderid=F201911282119378501&transaction_id=20191128211945499754&amount=100.0000&datetime=20191128212903&returncode=00&sign=664CDBC51129E249651EAF6AD99EFC85&attach=
HTTP状态：
返回：OK

【2019-11-28 21:32:57】
订单号：20191128212832485153
通知地址：http://e019cdb2app.miapp88api.com/Api/Home/payCallBack/jiufubao
通知报文：memberid=191121442&orderid=11282128317244&transaction_id=20191128212832485153&amount=100.0000&datetime=20191128213255&returncode=00&sign=946912497022CE71CF74E1644974AC50&attach=
HTTP状态：
返回：查询订单失败查询订单订单状态为未支付ok

【2019-11-28 21:35:33】
订单号：20191128212624485253
通知地址：http://pay1.dr5151.com/apis/pay_gateway/jiufujinzhifu/notice
通知报文：memberid=191209911&orderid=F201911282126207949&transaction_id=20191128212624485253&amount=100.0000&datetime=20191128213533&returncode=00&sign=95D2F216AE475B241139AA762A837537&attach=
HTTP状态：
返回：OK

【2019-11-28 21:38:40】
订单号：20191128213609571005
通知地址：http://e019cdb2app.miapp88api.com/Api/Home/payCallBack/jiufubao
通知报文：memberid=191121442&orderid=11282136085009&transaction_id=20191128213609571005&amount=101.0000&datetime=20191128213839&returncode=00&sign=A5DD5C10E14AC30F25AF4324E5274B63&attach=
HTTP状态：
返回：查询订单失败查询订单订单状态为未支付ok

【2019-11-28 21:38:42】
订单号：20191128213609574954
通知地址：http://pay.ffc585.com/JiuFuBaoZhiFuReturn/Index
通知报文：memberid=191205418&orderid=RK570533873800424182&transaction_id=20191128213609574954&amount=200.0000&datetime=20191128213842&returncode=00&sign=4D596D110464DD8E9361FE120B3CCBA5&attach=
HTTP状态：
返回：OK

【2019-11-28 21:43:09】
订单号：20191128213958101561
通知地址：http://pay.vip6081.com/onlinepay/jiufubaov2/notify.do
通知报文：memberid=191155102&orderid=2019112821395703066&transaction_id=20191128213958101561&amount=290.0000&datetime=20191128214308&returncode=00&sign=6969CF67C8B8D5D6D88665459AF05993&attach=
HTTP状态：
返回：OK

【2019-11-28 21:45:05】
订单号：20191128214256485510
通知地址：http://pay.1youbox.com/onlinepay/jiufubaov2/notify.do
通知报文：memberid=191209910&orderid=2019112821425403804&transaction_id=20191128214256485510&amount=150.0000&datetime=20191128214505&returncode=00&sign=374CF637DF19E76B5D4F5899A99234E8&attach=
HTTP状态：
返回：OK

【2019-11-28 21:51:36】
订单号：20191128214954509710
通知地址：http://pay.1youbox.com/onlinepay/jiufubaov2/notify.do
通知报文：memberid=191209910&orderid=2019112821495003859&transaction_id=20191128214954509710&amount=500.0000&datetime=20191128215136&returncode=00&sign=44A082CF311FED010F01E9046F1F6846&attach=
HTTP状态：
返回：OK

【2019-11-28 21:52:54】
订单号：20191128214754974954
通知地址：https://www.wanjia365.cn/Public.server.do
通知报文：memberid=191095866&orderid=T1911282147510467&transaction_id=20191128214754974954&amount=2000.0000&datetime=20191128215253&returncode=00&sign=49C677983EFA32B5B1F2AE469175F21B&attach=512,https://wanjia365.cn/Account.jhrecharge.do
HTTP状态：
返回：OK

【2019-11-28 21:57:05】
订单号：20191128215519559749
通知地址：http://pay.vip6081.com/onlinepay/jiufubaov2/notify.do
通知报文：memberid=191155102&orderid=2019112821551703177&transaction_id=20191128215519559749&amount=306.0000&datetime=20191128215704&returncode=00&sign=964BAC8C2A0B1359F87B2A621FD38CF1&attach=
HTTP状态：
返回：OK

【2019-11-28 21:57:13】
订单号：20191128215248485110
通知地址：http://pay.1youbox.com/onlinepay/jiufubaov2/notify.do
通知报文：memberid=191209910&orderid=2019112821524303889&transaction_id=20191128215248485110&amount=100.0000&datetime=20191128215713&returncode=00&sign=618D679B1649925704EE16E28E19F838&attach=
HTTP状态：
返回：OK

【2019-11-28 21:57:55】
订单号：20191128215438101102
通知地址：https://e019cdb2webapi.miapp66dom.com/Api/Home/payCallBack/jiufubao
通知报文：memberid=191121442&orderid=11282154377553&transaction_id=20191128215438101102&amount=100.0000&datetime=20191128215752&returncode=00&sign=19C353207F159C1AFB9027A02FF0D7D8&attach=
HTTP状态：
返回：查询订单失败查询订单订单状态为未支付ok

【2019-11-28 22:04:21】
订单号：20191128215900525610
通知地址：http://e019cdb2app.miapp88api.com/Api/Home/payCallBack/jiufubao
通知报文：memberid=191121442&orderid=11282158594872&transaction_id=20191128215900525610&amount=100.0000&datetime=20191128220418&returncode=00&sign=0552B5AF98C0D92661BD22F2D54B3B0E&attach=
HTTP状态：
返回：查询订单失败查询订单订单状态为未支付ok

【2019-11-28 22:06:32】
订单号：20191128220503102574
通知地址：http://e019cdb2app.miapp88api.com/Api/Home/payCallBack/jiufubao
通知报文：memberid=191121442&orderid=11282205023011&transaction_id=20191128220503102574&amount=100.0000&datetime=20191128220630&returncode=00&sign=B0274AD946D9FD61059ABA67DB998272&attach=
HTTP状态：
返回：查询订单失败查询订单订单状态为未支付ok

【2019-11-28 22:12:08】
订单号：20191128221020995456
通知地址：http://pay.vip6081.com/onlinepay/jiufubaov2/notify.do
通知报文：memberid=191155102&orderid=2019112822101603243&transaction_id=20191128221020995456&amount=500.0000&datetime=20191128221207&returncode=00&sign=564E3A7322D7475456D8A7D804AE5965&attach=
HTTP状态：
返回：OK

【2019-11-28 22:14:30】
订单号：20191128221256565755
通知地址：http://pay1.dr5151.com/apis/pay_gateway/jiufujinzhifu/notice
通知报文：memberid=191209911&orderid=F201911282212522731&transaction_id=20191128221256565755&amount=400.0000&datetime=20191128221429&returncode=00&sign=43A11A32A5813997844235A37F3E79DD&attach=
HTTP状态：
返回：OK

【2019-11-28 22:19:35】
订单号：20191128221718101529
通知地址：https://www.wanjia365.cn/Public.server.do
通知报文：memberid=191095866&orderid=T1911282217164549&transaction_id=20191128221718101529&amount=2000.0000&datetime=20191128221932&returncode=00&sign=F84AE35F5306B0E94B84E67DF594A592&attach=512,https://wanjia365.cn/Account.jhrecharge.do
HTTP状态：
返回：OK

【2019-11-28 22:27:48】
订单号：20191128222616565550
通知地址：http://pay.1youbox.com/onlinepay/jiufubaov2/notify.do
通知报文：memberid=191209910&orderid=2019112822261404065&transaction_id=20191128222616565550&amount=202.0000&datetime=20191128222748&returncode=00&sign=816BE7DC6EAEF660510F25E8B3CC0CCE&attach=
HTTP状态：
返回：OK

【2019-11-28 22:33:17】
订单号：20191128222927555610
通知地址：http://pay.vip6081.com/onlinepay/jiufubaov2/notify.do
通知报文：memberid=191155102&orderid=2019112822292403314&transaction_id=20191128222927555610&amount=100.0000&datetime=20191128223317&returncode=00&sign=5EF127A594C16FF2B1366885AADFAC64&attach=
HTTP状态：
返回：OK

【2019-11-28 22:39:17】
订单号：20191128223710545253
通知地址：http://pay.1youbox.com/onlinepay/jiufubaov2/notify.do
通知报文：memberid=191209910&orderid=2019112822370204098&transaction_id=20191128223710545253&amount=500.0000&datetime=20191128223917&returncode=00&sign=2A35EA7CD5469FE0802C4661A78BFB25&attach=
HTTP状态：
返回：OK

【2019-11-28 22:46:25】
订单号：20191128224519102579
通知地址：http://pay.1youbox.com/onlinepay/jiufubaov2/notify.do
通知报文：memberid=191209910&orderid=2019112822451604136&transaction_id=20191128224519102579&amount=102.0000&datetime=20191128224625&returncode=00&sign=480204F957ED3785B704F83E9E3F0024&attach=
HTTP状态：
返回：OK

【2019-11-28 22:48:40】
订单号：20191128224711102541
通知地址：http://pay.vip6081.com/onlinepay/jiufubaov2/notify.do
通知报文：memberid=191155102&orderid=2019112822471003375&transaction_id=20191128224711102541&amount=300.0000&datetime=20191128224839&returncode=00&sign=C4364F83447C4B78778F730E6D138856&attach=
HTTP状态：
返回：OK

【2019-11-28 22:53:22】
订单号：20191128225149535452
通知地址：http://pay.vip6081.com/onlinepay/jiufubaov2/notify.do
通知报文：memberid=191155102&orderid=2019112822514703386&transaction_id=20191128225149535452&amount=900.0000&datetime=20191128225322&returncode=00&sign=548F9F7E09E23DA74938B5582C4898B1&attach=
HTTP状态：
返回：OK

【2019-11-28 22:55:06】
订单号：20191128225317100505
通知地址：http://pay1.dr5151.com/apis/pay_gateway/jiufujinzhifu/notice
通知报文：memberid=191209911&orderid=F201911282253136449&transaction_id=20191128225317100505&amount=100.0000&datetime=20191128225506&returncode=00&sign=A4E5B9C2B6E3897BD85EAA8829042725&attach=
HTTP状态：
返回：OK

【2019-11-28 22:56:47】
订单号：20191128225521575710
通知地址：http://e019cdb2app.miapp88api.com/Api/Home/payCallBack/jiufubao
通知报文：memberid=191121442&orderid=11282255208436&transaction_id=20191128225521575710&amount=500.0000&datetime=20191128225646&returncode=00&sign=4863190F3A2B25FE07FE1B8623898A0B&attach=
HTTP状态：
返回：查询订单失败查询订单订单状态为未支付ok

【2019-11-28 22:58:46】
订单号：20191128225700995256
通知地址：http://e019cdb2app.miapp88api.com/Api/Home/payCallBack/jiufubao
通知报文：memberid=191121442&orderid=11282256587262&transaction_id=20191128225700995256&amount=100.0000&datetime=20191128225844&returncode=00&sign=6354B57E5406BCD7E48AB20F1FC53A3B&attach=
HTTP状态：
返回：查询订单失败查询订单订单状态为未支付ok

【2019-11-28 23:03:53】
订单号：20191128230214545255
通知地址：http://pay1.dr5151.com/apis/pay_gateway/jiufujinzhifu/notice
通知报文：memberid=191209911&orderid=F201911282302075226&transaction_id=20191128230214545255&amount=100.0000&datetime=20191128230352&returncode=00&sign=1DFCFFBD15AA0AE9B1652FCA21D4100A&attach=
HTTP状态：
返回：OK

【2019-11-28 23:04:16】
订单号：20191128224954505248
通知地址：https://payback3.lebopay.net/jfbscpay/scallback.php
通知报文：memberid=191209913&orderid=2019112810494818276172&transaction_id=20191128224954505248&amount=150.0000&datetime=20191128230414&returncode=00&sign=64F9F4261C6FFD64B5FBC3BFC90B9C6A&attach=41536-85d7ccc40a58a7e9f2202dbaf07fe83d
HTTP状态：
返回：OK

【2019-11-28 23:07:28】
订单号：20191128230548999755
通知地址：https://www.wanjia365.cn/Public.server.do
通知报文：memberid=191095866&orderid=X1911282305462723&transaction_id=20191128230548999755&amount=200.0000&datetime=20191128230727&returncode=00&sign=F1F96F265F633819A4F02A2ADDEBFC03&attach=499,https://wanjia365.cn/Account.jhrecharge.do
HTTP状态：
返回：OK

【2019-11-28 23:18:38】
订单号：20191128231338505748
通知地址：https://e019cdb2webapi.miapp66dom.com/Api/Home/payCallBack/jiufubao
通知报文：memberid=191121442&orderid=11282313365980&transaction_id=20191128231338505748&amount=450.0000&datetime=20191128231835&returncode=00&sign=5E1E76FC3BE4035A3809655C061FBF0D&attach=
HTTP状态：
返回：查询订单失败查询订单订单状态为未支付ok

【2019-11-28 23:19:09】
订单号：20191128231654541001
通知地址：http://pay.ffc585.com/JiuFuBaoZhiFuReturn/Index
通知报文：memberid=191205418&orderid=RK570797534171748118&transaction_id=20191128231654541001&amount=200.0000&datetime=20191128231909&returncode=00&sign=5153D08398FEC2755F031DD5A4E82281&attach=
HTTP状态：
返回：OK

【2019-11-28 23:19:15】
订单号：20191128231711559852
通知地址：http://pay.vip6081.com/onlinepay/jiufubaov2/notify.do
通知报文：memberid=191155102&orderid=2019112823170903484&transaction_id=20191128231711559852&amount=300.0000&datetime=20191128231915&returncode=00&sign=57C54731AD530E338C9A8AB40E1205E4&attach=
HTTP状态：
返回：OK

【2019-11-28 23:19:22】
订单号：20191128231350101555
通知地址：http://pay.1youbox.com/onlinepay/jiufubaov2/notify.do
通知报文：memberid=191209910&orderid=2019112823134504220&transaction_id=20191128231350101555&amount=100.0000&datetime=20191128231921&returncode=00&sign=953392CA5C3959F1BF4884A941E49729&attach=
HTTP状态：
返回：OK

【2019-11-28 23:22:21】
订单号：20191128232106505456
通知地址：https://e019cdb2webapi.miapp66dom.com/Api/Home/payCallBack/jiufubao
通知报文：memberid=191121442&orderid=11282321025317&transaction_id=20191128232106505456&amount=150.0000&datetime=20191128232218&returncode=00&sign=DDAAB12E8D5DF85324D321DB0705F243&attach=
HTTP状态：
返回：查询订单失败查询订单订单状态为未支付ok

【2019-11-28 23:24:44】
订单号：20191128232320565551
通知地址：https://www.wanjia365.cn/Public.server.do
通知报文：memberid=191095866&orderid=H1911282323141673&transaction_id=20191128232320565551&amount=200.0000&datetime=20191128232444&returncode=00&sign=902B29108CD03AB783E560AEC50EFB5A&attach=691,https://wanjia365.cn/Account.jhrecharge.do
HTTP状态：
返回：OK

【2019-11-28 23:31:46】
订单号：20191128232736564810
通知地址：http://pay.vip6081.com/onlinepay/jiufubaov2/notify.do
通知报文：memberid=191155102&orderid=2019112823273403511&transaction_id=20191128232736564810&amount=2100.0000&datetime=20191128233136&returncode=00&sign=475F878D7A52A4B73B56F61BE674E8ED&attach=
HTTP状态：
返回：

【2019-11-28 23:31:59】
订单号：20191128232736564810
通知地址：http://pay.vip6081.com/onlinepay/jiufubaov2/notify.do
通知报文：memberid=191155102&orderid=2019112823273403511&transaction_id=20191128232736564810&amount=2100.0000&datetime=20191128233159&returncode=00&sign=4344D7341B5E8F79A09CB06EE015914E&attach=
HTTP状态：
返回：OK

【2019-11-28 23:33:26】
订单号：20191128233123989897
通知地址：https://e019cdb2webapi.miapp66dom.com/Api/Home/payCallBack/jiufubao
通知报文：memberid=191121442&orderid=11282331102284&transaction_id=20191128233123989897&amount=800.0000&datetime=20191128233323&returncode=00&sign=930BDF76BC2B9A7C07541F078491EB49&attach=
HTTP状态：
返回：查询订单失败查询订单订单状态为未支付ok

【2019-11-28 23:33:31】
订单号：20191128233015555010
通知地址：http://e019cdb2app.miapp88api.com/Api/Home/payCallBack/jiufubao
通知报文：memberid=191121442&orderid=11282330146247&transaction_id=20191128233015555010&amount=200.0000&datetime=20191128233329&returncode=00&sign=1CD9FFCB1DC05BCC41BA5B5C9B55570E&attach=
HTTP状态：
返回：查询订单失败查询订单订单状态为未支付ok

【2019-11-28 23:34:39】
订单号：20191128233317100101
通知地址：http://pay1.dr5151.com/apis/pay_gateway/jiufujinzhifu/notice
通知报文：memberid=191209911&orderid=F201911282333157549&transaction_id=20191128233317100101&amount=100.0000&datetime=20191128233439&returncode=00&sign=5BB2B41F5906EC02CF499F4CDB95F4F3&attach=
HTTP状态：
返回：OK

【2019-11-28 23:37:21】
订单号：20191128232201571025
通知地址：http://e019cdb2app.miapp88api.com/Api/Home/payCallBack/jiufubao
通知报文：memberid=191121442&orderid=11282322014620&transaction_id=20191128232201571025&amount=101.0000&datetime=20191128233720&returncode=00&sign=7E9E42B662378C35436605C6FD418F24&attach=
HTTP状态：
返回：查询订单失败查询订单订单状态为未支付ok

【2019-11-28 23:38:23】
订单号：20191128232630549710
通知地址：http://e019cdb2app.miapp88api.com/Api/Home/payCallBack/jiufubao
通知报文：memberid=191121442&orderid=11282326308293&transaction_id=20191128232630549710&amount=100.0000&datetime=20191128233820&returncode=00&sign=3AA698F140C1D88E7226179AC55BBBF4&attach=
HTTP状态：
返回：查询订单失败查询订单订单状态为未支付ok

【2019-11-28 23:42:48】
订单号：20191128234126545048
通知地址：https://www.wanjia365.cn/Public.server.do
通知报文：memberid=191095866&orderid=X1911282341231093&transaction_id=20191128234126545048&amount=2000.0000&datetime=20191128234248&returncode=00&sign=0B07915EFBA5EE07595478EE3DF08D4B&attach=501,https://wanjia365.cn/Account.jhrecharge.do
HTTP状态：
返回：OK

【2019-11-28 23:47:40】
订单号：20191128231559102100
通知地址：http://pay.1youbox.com/onlinepay/jiufubaov2/notify.do
通知报文：memberid=191209910&orderid=2019112823155804227&transaction_id=20191128231559102100&amount=300.0000&datetime=20191128234740&returncode=00&sign=3974D836005785AFED30FD79CDDECE25&attach=
HTTP状态：
返回：OK

【2019-11-28 23:50:57】
订单号：20191128234822549953
通知地址：https://www.wanjia365.cn/Public.server.do
通知报文：memberid=191095866&orderid=W1911282348210858&transaction_id=20191128234822549953&amount=100.0000&datetime=20191128235056&returncode=00&sign=AF3499066DB7AC04B74B493AFBEF86C8&attach=499,https://wanjia365.cn/Account.jhrecharge.do
HTTP状态：
返回：OK

【2019-11-28 23:58:48】
订单号：20191128235717100101
通知地址：https://www.wanjia365.cn/Public.server.do
通知报文：memberid=191095866&orderid=A1911282357152269&transaction_id=20191128235717100101&amount=2000.0000&datetime=20191128235848&returncode=00&sign=D19E605E279ABB8830C40738B257B0E6&attach=501,https://wanjia365.cn/Account.jhrecharge.do
HTTP状态：
返回：OK

