【2019-12-10 00:00:49】
订单号：20191209235819985653
通知地址：https://pay.fh89zf.com/onlinePay/notify/p2jiufubaov2.do
通知报文：memberid=191194184&orderid=D2019120923581401107&transaction_id=20191209235819985653&amount=1800.0000&datetime=20191210000039&returncode=00&sign=FF7F1743A1FC410886A98620FAED0CC4&attach=
HTTP状态：
返回：

【2019-12-10 00:02:08】
订单号：20191209235819985653
通知地址：https://pay.fh89zf.com/onlinePay/notify/p2jiufubaov2.do
通知报文：memberid=191194184&orderid=D2019120923581401107&transaction_id=20191209235819985653&amount=1800.0000&datetime=20191210000207&returncode=00&sign=7E0CD65B196E32A1D303647E796AC5E9&attach=
HTTP状态：
返回：OK

【2019-12-10 00:11:44】
订单号：20191210001029535555
通知地址：http://e019cdb2app.miapp88api.com/Api/Home/payCallBack/jiufubao
通知报文：memberid=191121442&orderid=12100010294651&transaction_id=20191210001029535555&amount=100.0000&datetime=20191210001143&returncode=00&sign=59D08D32C33C1A622840157E13EEEFC1&attach=
HTTP状态：
返回：查询订单失败查询订单订单状态为未支付ok

【2019-12-10 00:14:33】
订单号：20191210001127102981
通知地址：https://pay.fh89zf.com/onlinePay/notify/p2jiufubaov2.do
通知报文：memberid=191194184&orderid=D2019121000111800011&transaction_id=20191210001127102981&amount=100.0000&datetime=20191210001423&returncode=00&sign=06C7433BF98AABBE88C4AE3BB26297F4&attach=
HTTP状态：
返回：OK

【2019-12-10 00:43:43】
订单号：20191210004244525149
通知地址：https://pay.fh89zf.com/onlinePay/notify/p2jiufubaov2.do
通知报文：memberid=191194184&orderid=D2019121000424100030&transaction_id=20191210004244525149&amount=100.0000&datetime=20191210004337&returncode=00&sign=5D42DBCEEB828252296EEC345D64B2DE&attach=
HTTP状态：
返回：OK

【2019-12-10 00:57:52】
订单号：20191210005623551015
通知地址：http://e019cdb2app.miapp88api.com/Api/Home/payCallBack/jiufubao
通知报文：memberid=191121442&orderid=12100056231950&transaction_id=20191210005623551015&amount=100.0000&datetime=20191210005750&returncode=00&sign=23D505E5773ED2C16C90C1459D3AA673&attach=
HTTP状态：
返回：查询订单失败查询订单订单状态为未支付ok

【2019-12-10 01:00:24】
订单号：20191210005738504998
通知地址：https://pay.fh89zf.com/onlinePay/notify/p2jiufubaov2.do
通知报文：memberid=191194184&orderid=D2019121000572100046&transaction_id=20191210005738504998&amount=100.0000&datetime=20191210010016&returncode=00&sign=B720142E8FED14062A1577287CFDBD08&attach=
HTTP状态：
返回：OK

【2019-12-10 01:21:45】
订单号：20191210012000489957
通知地址：https://wanjia365.cn/Public.server.do
通知报文：memberid=191095866&orderid=K1912100119584912&transaction_id=20191210012000489957&amount=2000.0000&datetime=20191210012144&returncode=00&sign=DAD0B75F2BE5E19BB6C4FCB1322417F3&attach=501,https://wanjia365.cn/Account.jhrecharge.do
HTTP状态：
返回：

【2019-12-10 09:01:29】
订单号：20191210085737491005
通知地址：http://pay.ffc585.com/JiuFuBaoZhiFuReturn/Index
通知报文：memberid=191205418&orderid=RK401004587294130783&transaction_id=20191210085737491005&amount=680.0000&datetime=20191210090128&returncode=00&sign=029756694D20CA33C91AFF9ACFA6E340&attach=
HTTP状态：
返回：OK

【2019-12-10 09:28:24】
订单号：20191210092611515652
通知地址：https://wanjia365.cn/Public.server.do
通知报文：memberid=191095866&orderid=H1912100926095819&transaction_id=20191210092611515652&amount=500.0000&datetime=20191210092824&returncode=00&sign=8EBA40BB19224160D23F5DC5C9A1254A&attach=512,https://wanjia365.cn/Account.jhrecharge.do
HTTP状态：
返回：

【2019-12-10 11:25:55】
订单号：20191210111946504957
通知地址：https://pay.fh89zf.com/onlinePay/notify/p2jiufubaov2.do
通知报文：memberid=191194184&orderid=D2019121011194000219&transaction_id=20191210111946504957&amount=100.0000&datetime=20191210112550&returncode=00&sign=77942AF0658A2F51942D0E43B40833CF&attach=
HTTP状态：
返回：OK

【2019-12-10 11:37:59】
订单号：20191210113559102555
通知地址：https://pay.fh89zf.com/onlinePay/notify/p2jiufubaov2.do
通知报文：memberid=191194184&orderid=D2019121011355700234&transaction_id=20191210113559102555&amount=150.0000&datetime=20191210113749&returncode=00&sign=385EE7C5C8458C7B5CB45ECC15C70DB5&attach=
HTTP状态：
返回：

【2019-12-10 11:38:11】
订单号：20191210113559102555
通知地址：https://pay.fh89zf.com/onlinePay/notify/p2jiufubaov2.do
通知报文：memberid=191194184&orderid=D2019121011355700234&transaction_id=20191210113559102555&amount=150.0000&datetime=20191210113809&returncode=00&sign=8C62A79DA4186C7985AF4EECBF65DC5E&attach=
HTTP状态：
返回：OK

【2019-12-10 11:40:25】
订单号：20191210113921575157
通知地址：http://e019cdb2app.miapp88api.com/Api/Home/payCallBack/jiufubao
通知报文：memberid=191121442&orderid=12101139218050&transaction_id=20191210113921575157&amount=3000.0000&datetime=20191210114023&returncode=00&sign=397016BDD1DD61F5F363243869907A68&attach=
HTTP状态：
返回：查询订单失败查询订单订单状态为未支付ok

【2019-12-10 11:49:26】
订单号：20191210114617575797
通知地址：https://pay.fh89zf.com/onlinePay/notify/p2jiufubaov2.do
通知报文：memberid=191194184&orderid=D2019121011461500238&transaction_id=20191210114617575797&amount=500.0000&datetime=20191210114926&returncode=00&sign=52876B1A796A0345DF341E7E5FE70F6F&attach=
HTTP状态：
返回：OK

【2019-12-10 12:09:14】
订单号：20191210120528561004
通知地址：http://e019cdb2app.miapp88api.com/Api/Home/payCallBack/jiufubao
通知报文：memberid=191121442&orderid=12101205282176&transaction_id=20191210120528561004&amount=500.0000&datetime=20191210120911&returncode=00&sign=C2066547C66A7815E523B5E5B077D452&attach=
HTTP状态：
返回：查询订单失败查询订单订单状态为未支付ok

【2019-12-10 12:13:53】
订单号：20191210121258975054
通知地址：https://e019cdb2webapi.miapp66dom.com/Api/Home/payCallBack/jiufubao
通知报文：memberid=191121442&orderid=12101212577598&transaction_id=20191210121258975054&amount=401.0000&datetime=20191210121350&returncode=00&sign=0DD9C789A88F19C36E121E0AB08EF7C5&attach=
HTTP状态：
返回：查询订单失败查询订单订单状态为未支付ok

【2019-12-10 12:27:21】
订单号：20191210122632565199
通知地址：https://e019cdb2webapi.miapp66dom.com/Api/Home/payCallBack/jiufubao
通知报文：memberid=191121442&orderid=12101226322346&transaction_id=20191210122632565199&amount=402.0000&datetime=20191210122719&returncode=00&sign=1CDFEA1EF40072258F9D9109EAAC90AA&attach=
HTTP状态：
返回：查询订单失败查询订单订单状态为未支付ok

【2019-12-10 12:31:44】
订单号：20191210123105574856
通知地址：https://e019cdb2webapi.miapp66dom.com/Api/Home/payCallBack/jiufubao
通知报文：memberid=191121442&orderid=12101231025586&transaction_id=20191210123105574856&amount=389.0000&datetime=20191210123141&returncode=00&sign=E051DFB270140420233C7904CEA52E9E&attach=
HTTP状态：
返回：查询订单失败查询订单订单状态为未支付ok

【2019-12-10 12:39:06】
订单号：20191210123621534951
通知地址：http://pay.1youbox.com/onlinepay/jiufubaov2/notify.do
通知报文：memberid=191209910&orderid=2019121012362001588&transaction_id=20191210123621534951&amount=100.0000&datetime=20191210123905&returncode=00&sign=DFD1F61D7BDBA99EDE653271A38A5114&attach=
HTTP状态：
返回：OK

【2019-12-10 13:20:24】
订单号：20191210131432565448
通知地址：http://pay.ffc585.com/JiuFuBaoZhiFuReturn/Index
通知报文：memberid=191205418&orderid=RK400465387629620172&transaction_id=20191210131432565448&amount=500.0000&datetime=20191210132023&returncode=00&sign=AA4D12E6BF171ACCE3149EADE8881754&attach=
HTTP状态：
返回：OK

【2019-12-10 13:21:52】
订单号：20191210132036525497
通知地址：http://e019cdb2app.miapp88api.com/Api/Home/payCallBack/jiufubao
通知报文：memberid=191121442&orderid=12101320364664&transaction_id=20191210132036525497&amount=300.0000&datetime=20191210132149&returncode=00&sign=800E71752CFFCE10BCC4905AFC2EE145&attach=
HTTP状态：
返回：查询订单失败查询订单订单状态为未支付ok

【2019-12-10 13:23:02】
订单号：20191210132042975597
通知地址：http://pay.1youbox.com/onlinepay/jiufubaov2/notify.do
通知报文：memberid=191209910&orderid=2019121013204201817&transaction_id=20191210132042975597&amount=400.0000&datetime=20191210132302&returncode=00&sign=6C0243E9776E7558097A946C4CC49D26&attach=
HTTP状态：
返回：OK

【2019-12-10 13:28:44】
订单号：20191210132728485749
通知地址：http://pay.1youbox.com/onlinepay/jiufubaov2/notify.do
通知报文：memberid=191209910&orderid=2019121013272801857&transaction_id=20191210132728485749&amount=100.0000&datetime=20191210132843&returncode=00&sign=14AC3BF98E76F52A54B5097BC604D1EC&attach=
HTTP状态：
返回：OK

【2019-12-10 13:39:45】
订单号：20191210133701100975
通知地址：http://pay.ffc585.com/JiuFuBaoZhiFuReturn/Index
通知报文：memberid=191205418&orderid=RK400896230690706824&transaction_id=20191210133701100975&amount=300.0000&datetime=20191210133944&returncode=00&sign=B861FE041DC9F6559F27978CCA50990F&attach=
HTTP状态：
返回：OK

【2019-12-10 13:46:45】
订单号：20191210134402509951
通知地址：http://pay.ffc585.com/JiuFuBaoZhiFuReturn/Index
通知报文：memberid=191205418&orderid=RK400482849534755949&transaction_id=20191210134402509951&amount=300.0000&datetime=20191210134644&returncode=00&sign=F647F55DFDC3CF4616D061E0C4D49F82&attach=
HTTP状态：
返回：OK

【2019-12-10 13:46:58】
订单号：20191210134349539999
通知地址：https://e019cdb2webapi.miapp66dom.com/Api/Home/payCallBack/jiufubao
通知报文：memberid=191121442&orderid=12101343494966&transaction_id=20191210134349539999&amount=500.0000&datetime=20191210134656&returncode=00&sign=A614A0B3C095AFC44491058099CC122E&attach=
HTTP状态：
返回：查询订单失败查询订单订单状态为未支付ok

【2019-12-10 13:55:35】
订单号：20191210134930979856
通知地址：https://pay.fh89zf.com/onlinePay/notify/p2jiufubaov2.do
通知报文：memberid=191194184&orderid=D2019121013492000312&transaction_id=20191210134930979856&amount=100.0000&datetime=20191210135534&returncode=00&sign=8D33DBF60545AE0CEE9EFCDB0931FFF7&attach=
HTTP状态：
返回：OK

【2019-12-10 13:59:13】
订单号：20191210135531519910
通知地址：http://e019cdb2app.miapp88api.com/Api/Home/payCallBack/jiufubao
通知报文：memberid=191121442&orderid=12101355327062&transaction_id=20191210135531519910&amount=1001.0000&datetime=20191210135910&returncode=00&sign=62CCB32FA69C881A6336A0C920DDEBAD&attach=
HTTP状态：
返回：查询订单失败查询订单订单状态为未支付ok

【2019-12-10 14:06:53】
订单号：20191210140205100561
通知地址：http://pay.1youbox.com/onlinepay/jiufubaov2/notify.do
通知报文：memberid=191209910&orderid=2019121014020502047&transaction_id=20191210140205100561&amount=500.0000&datetime=20191210140652&returncode=00&sign=300CB6179A4373581C82E4335EB17487&attach=
HTTP状态：
返回：OK

【2019-12-10 14:07:32】
订单号：20191210140416485548
通知地址：http://pay1.dr5151.com/apis/pay_gateway/jiufujinzhifu/notice
通知报文：memberid=191209911&orderid=F201912101404168883&transaction_id=20191210140416485548&amount=300.0000&datetime=20191210140732&returncode=00&sign=1064FE9485E08F4439425DE847DC6C8E&attach=
HTTP状态：
返回：OK

【2019-12-10 14:22:13】
订单号：20191210141838101515
通知地址：http://pay1.dr5151.com/apis/pay_gateway/jiufujinzhifu/notice
通知报文：memberid=191209911&orderid=F201912101418331169&transaction_id=20191210141838101515&amount=100.0000&datetime=20191210142212&returncode=00&sign=7638A0BF6EC983AF0073A476E7E2F9F5&attach=
HTTP状态：
返回：OK

【2019-12-10 14:32:38】
订单号：20191210142647555452
通知地址：https://pay.fh89zf.com/onlinePay/notify/p2jiufubaov2.do
通知报文：memberid=191194184&orderid=D2019121014264300354&transaction_id=20191210142647555452&amount=100.0000&datetime=20191210143236&returncode=00&sign=0DEA5D5B3385485CA8B65EA194A43B1D&attach=
HTTP状态：
返回：OK

【2019-12-10 14:45:55】
订单号：20191210144439555155
通知地址：http://e019cdb2app.miapp88api.com/Api/Home/payCallBack/jiufubao
通知报文：memberid=191121442&orderid=12101444396030&transaction_id=20191210144439555155&amount=500.0000&datetime=20191210144553&returncode=00&sign=F84D12D56E71E79FC841A9AED5E2FB36&attach=
HTTP状态：
返回：查询订单失败查询订单订单状态为未支付ok

【2019-12-10 14:48:33】
订单号：20191210144515989897
通知地址：https://pay.fh89zf.com/onlinePay/notify/p2jiufubaov2.do
通知报文：memberid=191194184&orderid=D2019121014451600382&transaction_id=20191210144515989897&amount=700.0000&datetime=20191210144832&returncode=00&sign=5749A8F68AE0C84CBCE34CA2152F34F4&attach=
HTTP状态：
返回：OK

【2019-12-10 15:09:38】
订单号：20191210150503102535
通知地址：http://e019cdb2app.miapp88api.com/Api/Home/payCallBack/jiufubao
通知报文：memberid=191121442&orderid=12101505011362&transaction_id=20191210150503102535&amount=500.0000&datetime=20191210150936&returncode=00&sign=B60E164DB1BC19FB1D7F70ECA56AF265&attach=
HTTP状态：
返回：查询订单失败查询订单订单状态为未支付ok

【2019-12-10 15:17:35】
订单号：20191210151355519749
通知地址：http://pay1.dr5151.com/apis/pay_gateway/jiufujinzhifu/notice
通知报文：memberid=191209911&orderid=F201912101513504264&transaction_id=20191210151355519749&amount=100.0000&datetime=20191210151734&returncode=00&sign=783E13611A251D719807E83BB0B9A237&attach=
HTTP状态：
返回：OK

【2019-12-10 15:23:35】
订单号：20191210151649499799
通知地址：http://pay1.dr5151.com/apis/pay_gateway/jiufujinzhifu/notice
通知报文：memberid=191209911&orderid=F201912101516482767&transaction_id=20191210151649499799&amount=100.0000&datetime=20191210152335&returncode=00&sign=8DE949E657CB0E801B9297395CFAC911&attach=
HTTP状态：
返回：OK

【2019-12-10 15:40:35】
订单号：20191210153616489953
通知地址：http://e019cdb2app.miapp88api.com/Api/Home/payCallBack/jiufubao
通知报文：memberid=191121442&orderid=12101536168063&transaction_id=20191210153616489953&amount=100.0000&datetime=20191210154033&returncode=00&sign=055172C0B08AA301AF160381D0049EC1&attach=
HTTP状态：
返回：查询订单失败查询订单订单状态为未支付ok

【2019-12-10 15:46:54】
订单号：20191210154003519849
通知地址：http://pay1.dr5151.com/apis/pay_gateway/jiufujinzhifu/notice
通知报文：memberid=191209911&orderid=F201912101539593963&transaction_id=20191210154003519849&amount=200.0000&datetime=20191210154654&returncode=00&sign=D8488063CEBB7D19EB09A54D96E45E71&attach=
HTTP状态：
返回：OK

【2019-12-10 15:47:01】
订单号：20191210154119102994
通知地址：http://e019cdb2app.miapp88api.com/Api/Home/payCallBack/jiufubao
通知报文：memberid=191121442&orderid=12101541201477&transaction_id=20191210154119102994&amount=100.0000&datetime=20191210154659&returncode=00&sign=937D21262116B135C06104823B82D4BF&attach=
HTTP状态：
返回：查询订单失败查询订单订单状态为未支付ok

【2019-12-10 16:02:32】
订单号：20191210160013100515
通知地址：https://pay.fh89zf.com/onlinePay/notify/p2jiufubaov2.do
通知报文：memberid=191194184&orderid=D2019121016001400470&transaction_id=20191210160013100515&amount=100.0000&datetime=20191210160231&returncode=00&sign=F6D579B9D6BB567BF35462835554E788&attach=
HTTP状态：
返回：OK

【2019-12-10 16:04:08】
订单号：20191210155043515256
通知地址：http://pay1.dr5151.com/apis/pay_gateway/jiufujinzhifu/notice
通知报文：memberid=191209911&orderid=F201912101550405012&transaction_id=20191210155043515256&amount=100.0000&datetime=20191210160408&returncode=00&sign=57DCB4AC75C9758E3FA01A750D3BDE1C&attach=
HTTP状态：
返回：OK

【2019-12-10 16:30:16】
订单号：20191210162745499799
通知地址：http://e019cdb2app.miapp88api.com/Api/Home/payCallBack/jiufubao
通知报文：memberid=191121442&orderid=12101627463642&transaction_id=20191210162745499799&amount=100.0000&datetime=20191210163013&returncode=00&sign=6EE81A5953A9AE0ABDC26B6B9AC7C2D3&attach=
HTTP状态：
返回：查询订单失败查询订单订单状态为未支付ok

【2019-12-10 16:34:10】
订单号：20191210163234509997
通知地址：https://pay.fh89zf.com/onlinePay/notify/p2jiufubaov2.do
通知报文：memberid=191194184&orderid=D2019121016322900503&transaction_id=20191210163234509997&amount=3000.0000&datetime=20191210163409&returncode=00&sign=0F1663DCCD22144FC60F1C270617A95D&attach=
HTTP状态：
返回：OK

【2019-12-10 16:39:27】
订单号：20191210163204525154
通知地址：http://pay.ffc585.com/JiuFuBaoZhiFuReturn/Index
通知报文：memberid=191205418&orderid=RK400398244059751859&transaction_id=20191210163204525154&amount=100.0000&datetime=20191210163927&returncode=00&sign=CC04EBADCAE02E04FB8E14D98D1646A8&attach=
HTTP状态：
返回：OK

【2019-12-10 16:54:06】
订单号：20191210163945491015
通知地址：http://pay.ffc585.com/JiuFuBaoZhiFuReturn/Index
通知报文：memberid=191205418&orderid=RK400855238653428382&transaction_id=20191210163945491015&amount=300.0000&datetime=20191210165405&returncode=00&sign=7150556FC3B93855E3DEFD6716C4A95D&attach=
HTTP状态：
返回：OK

【2019-12-10 16:57:13】
订单号：20191210165441495099
通知地址：http://pay.ffc585.com/JiuFuBaoZhiFuReturn/Index
通知报文：memberid=191205418&orderid=RK400983734281908885&transaction_id=20191210165441495099&amount=5000.0000&datetime=20191210165713&returncode=00&sign=3A0CCBA1072EAD00CC9C98F5CDEBB322&attach=
HTTP状态：
返回：OK

【2019-12-10 16:58:39】
订单号：20191210165710545756
通知地址：http://pay.ffc585.com/JiuFuBaoZhiFuReturn/Index
通知报文：memberid=191205418&orderid=RK400709254056398924&transaction_id=20191210165710545756&amount=100.0000&datetime=20191210165838&returncode=00&sign=E1ED2A10C068D07059C3543FFA3B1D5B&attach=
HTTP状态：
返回：OK

【2019-12-10 17:04:08】
订单号：20191210170248565153
通知地址：http://pay.ffc585.com/JiuFuBaoZhiFuReturn/Index
通知报文：memberid=191205418&orderid=RK400552220321737251&transaction_id=20191210170248565153&amount=100.0000&datetime=20191210170407&returncode=00&sign=4DB7C8AA8F6F09422D067DA8BAEAF713&attach=
HTTP状态：
返回：OK

【2019-12-10 17:21:12】
订单号：20191210171856489999
通知地址：https://pay.fh89zf.com/onlinePay/notify/p2jiufubaov2.do
通知报文：memberid=191194184&orderid=D2019121017185300557&transaction_id=20191210171856489999&amount=100.0000&datetime=20191210172111&returncode=00&sign=607317DDB69871F92427F8A7ACCC87C4&attach=
HTTP状态：
返回：OK

【2019-12-10 17:22:55】
订单号：20191210172103102565
通知地址：https://wanjia365.cn/Public.server.do
通知报文：memberid=191095866&orderid=Y1912101721011316&transaction_id=20191210172103102565&amount=500.0000&datetime=20191210172255&returncode=00&sign=D20A0237F157273A57FBDBF7B8B597AF&attach=512,https://wanjia365.cn/Account.jhrecharge.do
HTTP状态：
返回：

【2019-12-10 17:28:08】
订单号：20191210172537495354
通知地址：http://e019cdb2app.miapp88api.com/Api/Home/payCallBack/jiufubao
通知报文：memberid=191121442&orderid=12101725375623&transaction_id=20191210172537495354&amount=500.0000&datetime=20191210172805&returncode=00&sign=2743FF0A127A4EDCF8FA1E30AF8CC49F&attach=
HTTP状态：
返回：查询订单失败查询订单订单状态为未支付ok

【2019-12-10 17:36:49】
订单号：20191210173507985248
通知地址：http://pay.1youbox.com/onlinepay/jiufubaov2/notify.do
通知报文：memberid=191209910&orderid=2019121017350503064&transaction_id=20191210173507985248&amount=500.0000&datetime=20191210173648&returncode=00&sign=B72C8F13131FEA2D538D6CDF08BF24D9&attach=
HTTP状态：
返回：OK

【2019-12-10 17:38:46】
订单号：20191210173656569798
通知地址：https://wanjia365.cn/Public.server.do
通知报文：memberid=191095866&orderid=R1912101736562743&transaction_id=20191210173656569798&amount=2000.0000&datetime=20191210173845&returncode=00&sign=46CD53A67A70CB80D4893850058D8F0D&attach=512,https://wanjia365.cn/Account.jhrecharge.do
HTTP状态：
返回：

【2019-12-10 17:38:54】
订单号：20191210173656569798
通知地址：https://wanjia365.cn/Public.server.do
通知报文：memberid=191095866&orderid=R1912101736562743&transaction_id=20191210173656569798&amount=2000.0000&datetime=20191210173853&returncode=00&sign=5C5E56709E2CA0EBA91D59E3FC9EAA2D&attach=512,https://wanjia365.cn/Account.jhrecharge.do
HTTP状态：
返回：

【2019-12-10 17:43:40】
订单号：20191210174216561014
通知地址：https://wanjia365.cn/Public.server.do
通知报文：memberid=191095866&orderid=R1912101742164221&transaction_id=20191210174216561014&amount=5000.0000&datetime=20191210174340&returncode=00&sign=617C2EFB6E8C5FB0E1C27669913DA9C6&attach=512,https://wanjia365.cn/Account.jhrecharge.do
HTTP状态：
返回：

【2019-12-10 17:47:01】
订单号：20191210174553499810
通知地址：http://pay.1youbox.com/onlinepay/jiufubaov2/notify.do
通知报文：memberid=191209910&orderid=2019121017455303127&transaction_id=20191210174553499810&amount=100.0000&datetime=20191210174701&returncode=00&sign=6837EB549A0015C42F0BD9897E97D9C5&attach=
HTTP状态：
返回：OK

【2019-12-10 17:47:30】
订单号：20191210174557535251
通知地址：http://150.109.59.33/tools/notify-1bcf_908fc8_b9b1_28bdbfa_99bc
通知报文：memberid=191189793&orderid=WX191210174557838398&transaction_id=20191210174557535251&amount=200.1100&datetime=20191210174730&returncode=00&sign=B1FDD154EF74A5F36A44EC251D0AD58F&attach=
HTTP状态：
返回：ok

【2019-12-10 17:56:15】
订单号：20191210175446545197
通知地址：https://pay.fh89zf.com/onlinePay/notify/p2jiufubaov2.do
通知报文：memberid=191194184&orderid=D2019121017544000603&transaction_id=20191210175446545197&amount=350.0000&datetime=20191210175614&returncode=00&sign=2FC17A970846275D8EA7BC17B1FA6C79&attach=
HTTP状态：
返回：OK

【2019-12-10 18:32:57】
订单号：20191210182934101565
通知地址：http://pay1.dr5151.com/apis/pay_gateway/jiufujinzhifu/notice
通知报文：memberid=191209911&orderid=F201912101829283368&transaction_id=20191210182934101565&amount=100.0000&datetime=20191210183256&returncode=00&sign=BE331F9B74E8CC41C0CF97000C195F2F&attach=
HTTP状态：
返回：OK

【2019-12-10 18:48:30】
订单号：20191210184452525553
通知地址：http://e019cdb2app.miapp88api.com/Api/Home/payCallBack/jiufubao
通知报文：memberid=191121442&orderid=12101844525425&transaction_id=20191210184452525553&amount=500.0000&datetime=20191210184828&returncode=00&sign=F586D3834D8210FD2EDA7FCCF80D2D54&attach=
HTTP状态：
返回：查询订单失败查询订单订单状态为未支付ok

【2019-12-10 18:51:08】
订单号：20191210184755989810
通知地址：http://pay1.dr5151.com/apis/pay_gateway/jiufujinzhifu/notice
通知报文：memberid=191209911&orderid=F201912101847562459&transaction_id=20191210184755989810&amount=100.0000&datetime=20191210185108&returncode=00&sign=43422A56EAB3F29E557D4C5B71C11315&attach=
HTTP状态：
返回：OK

【2019-12-10 18:57:20】
订单号：20191210185603519852
通知地址：http://pay.1youbox.com/onlinepay/jiufubaov2/notify.do
通知报文：memberid=191209910&orderid=2019121018555903437&transaction_id=20191210185603519852&amount=200.0000&datetime=20191210185719&returncode=00&sign=EFF0A8F9B95AEB2880B8CE68FB1AF0FB&attach=
HTTP状态：
返回：OK

【2019-12-10 19:04:18】
订单号：20191210190258501005
通知地址：http://pay.ffc585.com/JiuFuBaoZhiFuReturn/Index
通知报文：memberid=191205418&orderid=RK400654180335282916&transaction_id=20191210190258501005&amount=400.0000&datetime=20191210190417&returncode=00&sign=ED9F6BDAAD67CACE6115B3EE1F247786&attach=
HTTP状态：
返回：OK

【2019-12-10 19:08:21】
订单号：20191210190636991019
通知地址：http://e019cdb2app.miapp88api.com/Api/Home/payCallBack/jiufubao
通知报文：memberid=191121442&orderid=12101906381311&transaction_id=20191210190636991019&amount=300.0000&datetime=20191210190818&returncode=00&sign=7052CD47488178744BC570A70364E9B0&attach=
HTTP状态：
返回：查询订单失败查询订单订单状态为未支付ok

【2019-12-10 19:10:51】
订单号：20191210190846101575
通知地址：http://pay.1youbox.com/onlinepay/jiufubaov2/notify.do
通知报文：memberid=191209910&orderid=2019121019084603500&transaction_id=20191210190846101575&amount=300.0000&datetime=20191210191051&returncode=00&sign=0804D471722B4DA3EA4BE4F456BCD893&attach=
HTTP状态：
返回：OK

【2019-12-10 19:17:11】
订单号：20191210191136561005
通知地址：https://e019cdb2webapi.miapp66dom.com/Api/Home/payCallBack/jiufubao
通知报文：memberid=191121442&orderid=12101911361977&transaction_id=20191210191136561005&amount=300.0000&datetime=20191210191709&returncode=00&sign=EABF5195D18A765E551EB2ED486DC592&attach=
HTTP状态：
返回：查询订单失败查询订单订单状态为未支付ok

【2019-12-10 19:20:33】
订单号：20191210191826504897
通知地址：http://pay1.dr5151.com/apis/pay_gateway/jiufujinzhifu/notice
通知报文：memberid=191209911&orderid=F201912101918257563&transaction_id=20191210191826504897&amount=200.0000&datetime=20191210192032&returncode=00&sign=6A575324FF9EB5A4075F448837EA530F&attach=
HTTP状态：
返回：OK

【2019-12-10 19:21:14】
订单号：20191210191821100555
通知地址：http://e019cdb2app.miapp88api.com/Api/Home/payCallBack/jiufubao
通知报文：memberid=191121442&orderid=12101918223119&transaction_id=20191210191821100555&amount=300.0000&datetime=20191210192112&returncode=00&sign=B24B4F243EA70DA484DFA30BED9E9AA4&attach=
HTTP状态：
返回：查询订单失败查询订单订单状态为未支付ok

【2019-12-10 19:27:38】
订单号：20191210192435519851
通知地址：http://e019cdb2app.miapp88api.com/Api/Home/payCallBack/jiufubao
通知报文：memberid=191121442&orderid=12101924364506&transaction_id=20191210192435519851&amount=100.0000&datetime=20191210192736&returncode=00&sign=85414AF664B5D4096B9DAB2A6510F431&attach=
HTTP状态：
返回：查询订单失败查询订单订单状态为未支付ok

【2019-12-10 19:27:42】
订单号：20191210192512565710
通知地址：http://e019cdb2app.miapp88api.com/Api/Home/payCallBack/jiufubao
通知报文：memberid=191121442&orderid=12101925132365&transaction_id=20191210192512565710&amount=300.0000&datetime=20191210192740&returncode=00&sign=3FC7F19CD0F37767BE2F2D6D97A7D1C4&attach=
HTTP状态：
返回：查询订单失败查询订单订单状态为未支付ok

【2019-12-10 19:28:08】
订单号：20191210192441575154
通知地址：http://e019cdb2app.miapp88api.com/Api/Home/payCallBack/jiufubao
通知报文：memberid=191121442&orderid=12101924421540&transaction_id=20191210192441575154&amount=200.0000&datetime=20191210192806&returncode=00&sign=F282966CAE8605C3C458BD9E4C1D7DF2&attach=
HTTP状态：
返回：查询订单失败查询订单订单状态为未支付ok

【2019-12-10 19:28:31】
订单号：20191210192658505598
通知地址：http://pay.1youbox.com/onlinepay/jiufubaov2/notify.do
通知报文：memberid=191209910&orderid=2019121019265903646&transaction_id=20191210192658505598&amount=100.0000&datetime=20191210192831&returncode=00&sign=C6B4B3AC359E7194526C582D62D1336F&attach=
HTTP状态：
返回：OK

【2019-12-10 19:46:27】
订单号：20191210194423551011
通知地址：https://e019cdb2webapi.miapp66dom.com/Api/Home/payCallBack/jiufubao
通知报文：memberid=191121442&orderid=12101944238561&transaction_id=20191210194423551011&amount=100.0000&datetime=20191210194624&returncode=00&sign=66B7F6D7D385E40240916D2E789193C3&attach=
HTTP状态：
返回：查询订单失败查询订单订单状态为未支付ok

【2019-12-10 19:46:31】
订单号：20191210194452529899
通知地址：https://pay.fh89zf.com/onlinePay/notify/p2jiufubaov2.do
通知报文：memberid=191194184&orderid=D2019121019445100771&transaction_id=20191210194452529899&amount=150.0000&datetime=20191210194629&returncode=00&sign=E01CD18073513AD82F42C1AF695F8889&attach=
HTTP状态：
返回：OK

【2019-12-10 19:50:41】
订单号：20191210194930971009
通知地址：http://pay.ffc585.com/JiuFuBaoZhiFuReturn/Index
通知报文：memberid=191205418&orderid=RK400874507168923567&transaction_id=20191210194930971009&amount=500.0000&datetime=20191210195041&returncode=00&sign=304C6ACD122CBCAE3C8D30B2B07E77BB&attach=
HTTP状态：
返回：OK

【2019-12-10 19:54:40】
订单号：20191210195323519810
通知地址：https://pay.fh89zf.com/onlinePay/notify/p2jiufubaov2.do
通知报文：memberid=191194184&orderid=D2019121019532200791&transaction_id=20191210195323519810&amount=300.0000&datetime=20191210195439&returncode=00&sign=3E3C2B4CD16C4CAB859B944E81AC5C16&attach=
HTTP状态：
返回：OK

【2019-12-10 20:14:02】
订单号：20191210201115519954
通知地址：https://e019cdb2webapi.miapp66dom.com/Api/Home/payCallBack/jiufubao
通知报文：memberid=191121442&orderid=12102011167784&transaction_id=20191210201115519954&amount=300.0000&datetime=20191210201400&returncode=00&sign=8C4D2DA6D151DDB7548F4D74033A0E99&attach=
HTTP状态：
返回：查询订单失败查询订单订单状态为未支付ok

【2019-12-10 20:14:40】
订单号：20191210201211985251
通知地址：http://pay.1youbox.com/onlinepay/jiufubaov2/notify.do
通知报文：memberid=191209910&orderid=2019121020121103971&transaction_id=20191210201211985251&amount=208.0000&datetime=20191210201439&returncode=00&sign=488905823DF6FDD9A9738906B3BF6548&attach=
HTTP状态：
返回：OK

【2019-12-10 20:16:45】
订单号：20191210201346975456
通知地址：http://pay.1youbox.com/onlinepay/jiufubaov2/notify.do
通知报文：memberid=191209910&orderid=2019121020134303984&transaction_id=20191210201346975456&amount=750.0000&datetime=20191210201645&returncode=00&sign=13BF414A7CDA1FAE9A8C2CF2303618B5&attach=
HTTP状态：
返回：OK

【2019-12-10 20:16:54】
订单号：20191210201331984854
通知地址：http://pay.ffc585.com/JiuFuBaoZhiFuReturn/Index
通知报文：memberid=191205418&orderid=RK400504607161673635&transaction_id=20191210201331984854&amount=300.0000&datetime=20191210201653&returncode=00&sign=1B598529F3D36AF7A4AB51C68ED0E38B&attach=
HTTP状态：
返回：OK

【2019-12-10 20:17:07】
订单号：20191210201610975757
通知地址：http://pay1.dr5151.com/apis/pay_gateway/jiufujinzhifu/notice
通知报文：memberid=191209911&orderid=F201912102016118541&transaction_id=20191210201610975757&amount=522.2200&datetime=20191210201705&returncode=00&sign=1E150CC442FEDC269CAD9CD8AA50E012&attach=
HTTP状态：
返回：OK

【2019-12-10 20:17:54】
订单号：20191210201540995454
通知地址：http://pay.ffc585.com/JiuFuBaoZhiFuReturn/Index
通知报文：memberid=191205418&orderid=RK400639770693307335&transaction_id=20191210201540995454&amount=300.0000&datetime=20191210201753&returncode=00&sign=6FABA8310A72CA70D2771A09969A8737&attach=
HTTP状态：
返回：OK

【2019-12-10 20:24:43】
订单号：20191210202149100975
通知地址：https://pay.fh89zf.com/onlinePay/notify/p2jiufubaov2.do
通知报文：memberid=191194184&orderid=D2019121020214800854&transaction_id=20191210202149100975&amount=400.0000&datetime=20191210202437&returncode=00&sign=492BCB05271DAC5A19AAFF4AB0A237BC&attach=
HTTP状态：
返回：OK

【2019-12-10 20:29:16】
订单号：20191210202738975551
通知地址：http://pay1.dr5151.com/apis/pay_gateway/jiufujinzhifu/notice
通知报文：memberid=191209911&orderid=F201912102027368574&transaction_id=20191210202738975551&amount=200.0000&datetime=20191210202915&returncode=00&sign=39A240FCE966C3E419E7FADA8DA6CF25&attach=
HTTP状态：
返回：OK

【2019-12-10 20:30:02】
订单号：20191210202720565650
通知地址：http://e019cdb2app.miapp88api.com/Api/Home/payCallBack/jiufubao
通知报文：memberid=191121442&orderid=12102027219058&transaction_id=20191210202720565650&amount=300.0000&datetime=20191210203000&returncode=00&sign=F322D1D9D0DA37837671D1D242FAC180&attach=
HTTP状态：
返回：查询订单失败查询订单订单状态为未支付ok

【2019-12-10 20:32:38】
订单号：20191210203047551015
通知地址：http://pay1.dr5151.com/apis/pay_gateway/jiufujinzhifu/notice
通知报文：memberid=191209911&orderid=F201912102030456509&transaction_id=20191210203047551015&amount=100.0000&datetime=20191210203238&returncode=00&sign=3B6270D127F96CB88F883C62A0D7F9AB&attach=
HTTP状态：
返回：OK

【2019-12-10 20:33:37】
订单号：20191210203217491015
通知地址：https://pay.fh89zf.com/onlinePay/notify/p2jiufubaov2.do
通知报文：memberid=191194184&orderid=D2019121020320800877&transaction_id=20191210203217491015&amount=100.0000&datetime=20191210203334&returncode=00&sign=8A8F35A39902C1768AAAC6D0680988FB&attach=
HTTP状态：
返回：OK

【2019-12-10 20:36:24】
订单号：20191210203346975551
通知地址：https://e019cdb2webapi.miapp66dom.com/Api/Home/payCallBack/jiufubao
通知报文：memberid=191121442&orderid=12102033445496&transaction_id=20191210203346975551&amount=720.0000&datetime=20191210203621&returncode=00&sign=ABD734B85FA9EB581453D98EABCC7BA7&attach=
HTTP状态：
返回：查询订单失败查询订单订单状态为未支付ok

【2019-12-10 20:40:52】
订单号：20191210203854101565
通知地址：http://pay1.dr5151.com/apis/pay_gateway/jiufujinzhifu/notice
通知报文：memberid=191209911&orderid=F201912102038529099&transaction_id=20191210203854101565&amount=558.0000&datetime=20191210204051&returncode=00&sign=95898325E3F69E90B885957DF310CF08&attach=
HTTP状态：
返回：OK

【2019-12-10 20:42:20】
订单号：20191210204051515110
通知地址：http://e019cdb2app.miapp88api.com/Api/Home/payCallBack/jiufubao
通知报文：memberid=191121442&orderid=12102040529208&transaction_id=20191210204051515110&amount=200.0000&datetime=20191210204218&returncode=00&sign=88017C8AF57B8BC0E800E484886799F0&attach=
HTTP状态：
返回：查询订单失败查询订单订单状态为未支付ok

【2019-12-10 20:45:34】
订单号：20191210204312485755
通知地址：http://pay1.dr5151.com/apis/pay_gateway/jiufujinzhifu/notice
通知报文：memberid=191209911&orderid=F201912102043121966&transaction_id=20191210204312485755&amount=300.0000&datetime=20191210204534&returncode=00&sign=D14EF75CACF97766FB8FC48A0A4E653B&attach=
HTTP状态：
返回：OK

【2019-12-10 20:48:42】
订单号：20191210204658505051
通知地址：http://pay.1youbox.com/onlinepay/jiufubaov2/notify.do
通知报文：memberid=191209910&orderid=2019121020465504307&transaction_id=20191210204658505051&amount=101.0000&datetime=20191210204841&returncode=00&sign=A7415322A992541156F50EBA80253DCE&attach=
HTTP状态：
返回：OK

【2019-12-10 20:52:19】
订单号：20191210204953491025
通知地址：http://pay.1youbox.com/onlinepay/jiufubaov2/notify.do
通知报文：memberid=191209910&orderid=2019121020495204338&transaction_id=20191210204953491025&amount=650.0000&datetime=20191210205218&returncode=00&sign=660D3ACDDEB5A7D4E577670E80E66491&attach=
HTTP状态：
返回：OK

【2019-12-10 20:52:26】
订单号：20191210204924529710
通知地址：http://pay1.dr5151.com/apis/pay_gateway/jiufujinzhifu/notice
通知报文：memberid=191209911&orderid=F201912102049241860&transaction_id=20191210204924529710&amount=501.0000&datetime=20191210205225&returncode=00&sign=A0190ED3379C944D87AF0D23B310F851&attach=
HTTP状态：
返回：OK

【2019-12-10 21:00:25】
订单号：20191210205347984951
通知地址：http://pay.ffc585.com/JiuFuBaoZhiFuReturn/Index
通知报文：memberid=191205418&orderid=RK401083373943025627&transaction_id=20191210205347984951&amount=100.0000&datetime=20191210210025&returncode=00&sign=0441E6D406F396492532EDB248BE1C0C&attach=
HTTP状态：
返回：OK

【2019-12-10 21:01:05】
订单号：20191210205759555654
通知地址：https://pay.fh89zf.com/onlinePay/notify/p2jiufubaov2.do
通知报文：memberid=191194184&orderid=D2019121020575200911&transaction_id=20191210205759555654&amount=500.1000&datetime=20191210210059&returncode=00&sign=DF7D4E6E3DDA9FD39F7C01D2265A7528&attach=
HTTP状态：
返回：OK

【2019-12-10 21:01:55】
订单号：20191210205412524810
通知地址：http://pay.ffc585.com/JiuFuBaoZhiFuReturn/Index
通知报文：memberid=191205418&orderid=RK400722168586323553&transaction_id=20191210205412524810&amount=100.0000&datetime=20191210210154&returncode=00&sign=6B47A5D82CAFA28B65335A3D400D1DF7&attach=
HTTP状态：
返回：OK

【2019-12-10 21:02:36】
订单号：20191210204947981005
通知地址：http://pay.ffc585.com/JiuFuBaoZhiFuReturn/Index
通知报文：memberid=191205418&orderid=RK401010092118566683&transaction_id=20191210204947981005&amount=500.0000&datetime=20191210210236&returncode=00&sign=593A24A6E3DA6429864F6CF3178C62F1&attach=
HTTP状态：
返回：OK

【2019-12-10 21:05:57】
订单号：20191210205858505110
通知地址：https://pay.fh89zf.com/onlinePay/notify/p2jiufubaov2.do
通知报文：memberid=191194184&orderid=D2019121020585900913&transaction_id=20191210205858505110&amount=100.0000&datetime=20191210210554&returncode=00&sign=895D23EAA8DF49D5D22849BACC63F55D&attach=
HTTP状态：
返回：OK

【2019-12-10 21:07:39】
订单号：20191210210435511004
通知地址：http://e019cdb2app.miapp88api.com/Api/Home/payCallBack/jiufubao
通知报文：memberid=191121442&orderid=12102104369960&transaction_id=20191210210435511004&amount=100.0000&datetime=20191210210737&returncode=00&sign=AA9DD49FCB4443F91DDFF02BF495608C&attach=
HTTP状态：
返回：查询订单失败查询订单订单状态为未支付ok

【2019-12-10 21:10:00】
订单号：20191210210659519852
通知地址：http://pay1.dr5151.com/apis/pay_gateway/jiufujinzhifu/notice
通知报文：memberid=191209911&orderid=F201912102106583337&transaction_id=20191210210659519852&amount=400.0000&datetime=20191210210957&returncode=00&sign=EFEC2FF530E5FFDB68100C72DEEFA69F&attach=
HTTP状态：
返回：OK

【2019-12-10 21:16:34】
订单号：20191210211442501004
通知地址：http://e019cdb2app.miapp88api.com/Api/Home/payCallBack/jiufubao
通知报文：memberid=191121442&orderid=12102114439678&transaction_id=20191210211442501004&amount=100.0000&datetime=20191210211632&returncode=00&sign=203512139D1BC5E5248D941D05FFEEE3&attach=
HTTP状态：
返回：查询订单失败查询订单订单状态为未支付ok

【2019-12-10 21:23:28】
订单号：20191210211050979810
通知地址：http://pay1.dr5151.com/apis/pay_gateway/jiufujinzhifu/notice
通知报文：memberid=191209911&orderid=F201912102110495675&transaction_id=20191210211050979810&amount=100.0000&datetime=20191210212328&returncode=00&sign=2D216AD039410C27E0D9C46DAA2135EA&attach=
HTTP状态：
返回：已处理过过的订单

【2019-12-10 21:23:40】
订单号：20191210211050979810
通知地址：http://pay1.dr5151.com/apis/pay_gateway/jiufujinzhifu/notice
通知报文：memberid=191209911&orderid=F201912102110495675&transaction_id=20191210211050979810&amount=100.0000&datetime=20191210212339&returncode=00&sign=729920B927762925016CB4005C12E49C&attach=
HTTP状态：
返回：已处理过过的订单

【2019-12-10 21:23:48】
订单号：20191210211050979810
通知地址：http://pay1.dr5151.com/apis/pay_gateway/jiufujinzhifu/notice
通知报文：memberid=191209911&orderid=F201912102110495675&transaction_id=20191210211050979810&amount=100.0000&datetime=20191210212347&returncode=00&sign=E3E2919EE32BE201D9CAFC0CAB6635A2&attach=
HTTP状态：
返回：已处理过过的订单

【2019-12-10 21:25:01】
订单号：20191210211317100995
通知地址：https://pay.fh89zf.com/onlinePay/notify/p2jiufubaov2.do
通知报文：memberid=191194184&orderid=D2019121021131900936&transaction_id=20191210211317100995&amount=200.0000&datetime=20191210212457&returncode=00&sign=4C6E3C61EAE1F53D8146B3D7E641FD9A&attach=
HTTP状态：
返回：OK

【2019-12-10 21:26:20】
订单号：20191210205754509854
通知地址：http://pay.1youbox.com/onlinepay/jiufubaov2/notify.do
通知报文：memberid=191209910&orderid=2019121020574904395&transaction_id=20191210205754509854&amount=200.0000&datetime=20191210212619&returncode=00&sign=175D688AF2187C032E16E56AB7B2EE3C&attach=
HTTP状态：
返回：OK

【2019-12-10 21:34:05】
订单号：20191210213150545510
通知地址：http://pay.ffc585.com/JiuFuBaoZhiFuReturn/Index
通知报文：memberid=191205418&orderid=RK400918496575782982&transaction_id=20191210213150545510&amount=300.0000&datetime=20191210213358&returncode=00&sign=3722D15A4672BCB1A99A9EE6935C0ECD&attach=
HTTP状态：
返回：OK

【2019-12-10 21:46:38】
订单号：20191210214406549954
通知地址：http://pay.1youbox.com/onlinepay/jiufubaov2/notify.do
通知报文：memberid=191209910&orderid=2019121021440104733&transaction_id=20191210214406549954&amount=300.0000&datetime=20191210214637&returncode=00&sign=1196D544D8AE12B7744BAD63631E7DBB&attach=
HTTP状态：
返回：OK

【2019-12-10 21:46:52】
订单号：20191210214406545755
通知地址：https://pay.fh89zf.com/onlinePay/notify/p2jiufubaov2.do
通知报文：memberid=191194184&orderid=D2019121021440800989&transaction_id=20191210214406545755&amount=3000.0000&datetime=20191210214643&returncode=00&sign=68CE3D412C52717BABABB78369AAA5A7&attach=
HTTP状态：
返回：OK

【2019-12-10 21:47:18】
订单号：20191210214612525049
通知地址：https://pay.fh89zf.com/onlinePay/notify/p2jiufubaov2.do
通知报文：memberid=191194184&orderid=D2019121021461100996&transaction_id=20191210214612525049&amount=300.0000&datetime=20191210214714&returncode=00&sign=352F1774ADEC9C86885C9F25DD4E6658&attach=
HTTP状态：
返回：OK

【2019-12-10 21:48:39】
订单号：20191210214724995052
通知地址：http://e019cdb2app.miapp88api.com/Api/Home/payCallBack/jiufubao
通知报文：memberid=191121442&orderid=12102147248868&transaction_id=20191210214724995052&amount=300.0000&datetime=20191210214836&returncode=00&sign=1390E7D55B84302627D5EA52E0D6819A&attach=
HTTP状态：
返回：查询订单失败查询订单订单状态为未支付ok

【2019-12-10 21:56:55】
订单号：20191210215524999798
通知地址：http://pay1.dr5151.com/apis/pay_gateway/jiufujinzhifu/notice
通知报文：memberid=191209911&orderid=F201912102155242268&transaction_id=20191210215524999798&amount=200.0000&datetime=20191210215654&returncode=00&sign=15EE9F38C1B140B9E76E7D623014BFC3&attach=
HTTP状态：
返回：OK

【2019-12-10 21:58:48】
订单号：20191210215557100575
通知地址：http://pay1.dr5151.com/apis/pay_gateway/jiufujinzhifu/notice
通知报文：memberid=191209911&orderid=F201912102155525561&transaction_id=20191210215557100575&amount=200.0000&datetime=20191210215845&returncode=00&sign=0B7898936C0C3205DD23B1512DB6C534&attach=
HTTP状态：
返回：OK

【2019-12-10 21:59:10】
订单号：20191210215745571005
通知地址：http://pay1.dr5151.com/apis/pay_gateway/jiufujinzhifu/notice
通知报文：memberid=191209911&orderid=F201912102157445570&transaction_id=20191210215745571005&amount=100.0000&datetime=20191210215909&returncode=00&sign=3B0F15CBF00F6CFA62B5385516C2C35D&attach=
HTTP状态：
返回：OK

【2019-12-10 22:18:49】
订单号：20191210221409499957
通知地址：http://pay.ffc585.com/JiuFuBaoZhiFuReturn/Index
通知报文：memberid=191205418&orderid=RK400275240753910840&transaction_id=20191210221409499957&amount=1600.0000&datetime=20191210221849&returncode=00&sign=63E7C5A8E8BFE98B78E16368BA1EDB3B&attach=
HTTP状态：
返回：OK

【2019-12-10 22:23:42】
订单号：20191210222151102485
通知地址：http://pay.ffc585.com/JiuFuBaoZhiFuReturn/Index
通知报文：memberid=191205418&orderid=RK400819660758194549&transaction_id=20191210222151102485&amount=500.0000&datetime=20191210222341&returncode=00&sign=DAEAD2078E08993B28F9678775B1C9B8&attach=
HTTP状态：
返回：OK

【2019-12-10 22:26:01】
订单号：20191210222417495754
通知地址：https://pay.fh89zf.com/onlinePay/notify/p2jiufubaov2.do
通知报文：memberid=191194184&orderid=D2019121022241401067&transaction_id=20191210222417495754&amount=200.0000&datetime=20191210222558&returncode=00&sign=D52B0B67A792F37700E76B1D00F64ECA&attach=
HTTP状态：
返回：OK

【2019-12-10 22:28:46】
订单号：20191210222440565610
通知地址：http://pay.1youbox.com/onlinepay/jiufubaov2/notify.do
通知报文：memberid=191209910&orderid=2019121022243805064&transaction_id=20191210222440565610&amount=100.0000&datetime=20191210222846&returncode=00&sign=5350F09CFB82A72DC29F29A6F1C04882&attach=
HTTP状态：
返回：OK

【2019-12-10 22:35:28】
订单号：20191210222610501005
通知地址：http://e019cdb2app.miapp88api.com/Api/Home/payCallBack/jiufubao
通知报文：memberid=191121442&orderid=12102226089665&transaction_id=20191210222610501005&amount=300.0000&datetime=20191210223526&returncode=00&sign=B3A6DDD608D15D1BB1EAB05F54A9F38E&attach=
HTTP状态：
返回：查询订单失败查询订单订单状态为未支付ok

【2019-12-10 22:37:23】
订单号：20191210223600489953
通知地址：https://pay.fh89zf.com/onlinePay/notify/p2jiufubaov2.do
通知报文：memberid=191194184&orderid=D2019121022360101085&transaction_id=20191210223600489953&amount=100.0000&datetime=20191210223721&returncode=00&sign=A94AFA087ED1A799A0E1C46CAC57E73E&attach=
HTTP状态：
返回：OK

【2019-12-10 22:44:46】
订单号：20191210224346505455
通知地址：https://pay.fh89zf.com/onlinePay/notify/p2jiufubaov2.do
通知报文：memberid=191194184&orderid=D2019121022434701095&transaction_id=20191210224346505455&amount=300.0000&datetime=20191210224440&returncode=00&sign=81F9EDCC1A8C6E5328C9A77D3F81020F&attach=
HTTP状态：
返回：OK

【2019-12-10 22:57:58】
订单号：20191210225424485510
通知地址：https://pay.fh89zf.com/onlinePay/notify/p2jiufubaov2.do
通知报文：memberid=191194184&orderid=D2019121022542401111&transaction_id=20191210225424485510&amount=200.0000&datetime=20191210225755&returncode=00&sign=90B5A59E1F33840F653ECB9077E677F0&attach=
HTTP状态：
返回：OK

【2019-12-10 23:03:04】
订单号：20191210225744565150
通知地址：https://pay.fh89zf.com/onlinePay/notify/p2jiufubaov2.do
通知报文：memberid=191194184&orderid=D2019121022574201116&transaction_id=20191210225744565150&amount=200.0000&datetime=20191210230302&returncode=00&sign=D9F16667CA206E2105FB1C37B53FB1BA&attach=
HTTP状态：
返回：OK

【2019-12-10 23:12:42】
订单号：20191210231143102575
通知地址：https://pay.fh89zf.com/onlinePay/notify/p2jiufubaov2.do
通知报文：memberid=191194184&orderid=D2019121023114401135&transaction_id=20191210231143102575&amount=400.0000&datetime=20191210231234&returncode=00&sign=25D94EA4A11B0C6734FD826BA725F6DE&attach=
HTTP状态：
返回：OK

【2019-12-10 23:12:44】
订单号：20191210231035981011
通知地址：https://wanjia365.cn/Public.server.do
通知报文：memberid=191095866&orderid=E1912102310334284&transaction_id=20191210231035981011&amount=500.0000&datetime=20191210231243&returncode=00&sign=5B8082AE658470321A35ED93D474225A&attach=512,https://wanjia365.cn/Account.jhrecharge.do
HTTP状态：
返回：

【2019-12-10 23:31:13】
订单号：20191210232401491005
通知地址：http://pay.ffc585.com/JiuFuBaoZhiFuReturn/Index
通知报文：memberid=191205418&orderid=RK400381939534799346&transaction_id=20191210232401491005&amount=300.0000&datetime=20191210233112&returncode=00&sign=CA5D29AADE836D0A54602A424070220B&attach=
HTTP状态：
返回：OK

【2019-12-10 23:33:08】
订单号：20191210233104565355
通知地址：https://e019cdb2webapi.miapp66dom.com/Api/Home/payCallBack/jiufubao
通知报文：memberid=191121442&orderid=12102331048814&transaction_id=20191210233104565355&amount=300.0000&datetime=20191210233306&returncode=00&sign=64BF0DC4A79FFB01404A88B9898B7917&attach=
HTTP状态：
返回：查询订单失败查询订单订单状态为未支付ok

【2019-12-10 23:35:50】
订单号：20191210233346975251
通知地址：http://e019cdb2app.miapp88api.com/Api/Home/payCallBack/jiufubao
通知报文：memberid=191121442&orderid=12102333465074&transaction_id=20191210233346975251&amount=100.0000&datetime=20191210233548&returncode=00&sign=718E6E550BAEBE5D9793FF1F798DF9BA&attach=
HTTP状态：
返回：查询订单失败查询订单订单状态为未支付ok

【2019-12-10 23:36:09】
订单号：20191210233431554898
通知地址：http://e019cdb2app.miapp88api.com/Api/Home/payCallBack/jiufubao
通知报文：memberid=191121442&orderid=12102334318761&transaction_id=20191210233431554898&amount=300.0000&datetime=20191210233607&returncode=00&sign=3B8214FC60C20715A6E19711C240E0B7&attach=
HTTP状态：
返回：查询订单失败查询订单订单状态为未支付ok

