【2019-11-24 00:21:20】
订单号：20191124000928565055
通知地址：http://awseb-e-q-awsebloa-p0jtqe3naeml-278855201.ap-northeast-1.elb.amazonaws.com/pay/notify/152/521
通知报文：memberid=191209912&orderid=1041206820191124000925825&transaction_id=20191124000928565055&amount=100.0000&datetime=20191124002120&returncode=00&sign=72AF175FB8BB6835A644D01472904545&attach=
HTTP状态：
返回：OK

【2019-11-24 00:27:34】
订单号：20191124002433495156
通知地址：http://pay.1youbox.com/onlinepay/jiufubaov2/notify.do
通知报文：memberid=191209910&orderid=2019112400242700046&transaction_id=20191124002433495156&amount=300.0000&datetime=20191124002732&returncode=00&sign=A7334E7D44CF205CF7B40D6CCD77E745&attach=
HTTP状态：
返回：OK

【2019-11-24 10:31:04】
订单号：20191124102828999848
通知地址：http://pay.ffc585.com/JiuFuBaoZhiFuReturn/Index
通知报文：memberid=191205418&orderid=RK530660449539117290&transaction_id=20191124102828999848&amount=500.0000&datetime=20191124103102&returncode=00&sign=4795F9029D0E8FED9512C2B855B9CB54&attach=
HTTP状态：
返回：OK

【2019-11-24 10:44:56】
订单号：20191124104159555752
通知地址：http://pay.1youbox.com/onlinepay/jiufubaov2/notify.do
通知报文：memberid=191209910&orderid=2019112410415600843&transaction_id=20191124104159555752&amount=150.1000&datetime=20191124104456&returncode=00&sign=BDC754F12C2D745D237C9FCC3B1D0603&attach=
HTTP状态：
返回：OK

【2019-11-24 10:56:34】
订单号：20191124105450975752
通知地址：http://pay1.dr5151.com/apis/pay_gateway/jiufujinzhifu/notice
通知报文：memberid=191209911&orderid=F201911241054311703&transaction_id=20191124105450975752&amount=100.0000&datetime=20191124105634&returncode=00&sign=112FA87142E21390E607CB70AA8A30F3&attach=
HTTP状态：
返回：OK

【2019-11-24 11:05:20】
订单号：20191124110316525657
通知地址：http://pay1.dr5151.com/apis/pay_gateway/jiufujinzhifu/notice
通知报文：memberid=191209911&orderid=F201911241103095692&transaction_id=20191124110316525657&amount=101.0000&datetime=20191124110520&returncode=00&sign=F2AD78049CB0E33E7218746B3F2FC211&attach=
HTTP状态：
返回：OK

【2019-11-24 11:14:17】
订单号：20191124111257575099
通知地址：http://pay1.dr5151.com/apis/pay_gateway/jiufujinzhifu/notice
通知报文：memberid=191209911&orderid=F201911241112551928&transaction_id=20191124111257575099&amount=101.0000&datetime=20191124111416&returncode=00&sign=C7F44F0698D5CF7A1C5FC448234FD11D&attach=
HTTP状态：
返回：OK

【2019-11-24 11:48:31】
订单号：20191124114634975057
通知地址：http://pay.1youbox.com/onlinepay/jiufubaov2/notify.do
通知报文：memberid=191209910&orderid=2019112411463001083&transaction_id=20191124114634975057&amount=200.0000&datetime=20191124114830&returncode=00&sign=025D61CBC64EAB2CB7118ED466EE8F4C&attach=
HTTP状态：
返回：OK

【2019-11-24 11:54:00】
订单号：20191124115216484899
通知地址：http://150.109.59.33/tools/notify-1bcf_89999c_b9b1_28921ee_7c2f
通知报文：memberid=191189793&orderid=WX191124115213030726&transaction_id=20191124115216484899&amount=500.1100&datetime=20191124115400&returncode=00&sign=167EE768D9A29F84856DB042D2C5E16A&attach=
HTTP状态：
返回：ok

【2019-11-24 12:01:06】
订单号：20191124115911102985
通知地址：http://pay.1youbox.com/onlinepay/jiufubaov2/notify.do
通知报文：memberid=191209910&orderid=2019112411591001124&transaction_id=20191124115911102985&amount=300.0000&datetime=20191124120106&returncode=00&sign=14D6CC1E3CB7C25692FFFD75F0961219&attach=
HTTP状态：
返回：OK

【2019-11-24 12:26:42】
订单号：20191124122323981024
通知地址：https://a.818-158.com/Public.server.do
通知报文：memberid=191095866&orderid=N1911241223172015&transaction_id=20191124122323981024&amount=500.0000&datetime=20191124122642&returncode=00&sign=BF975202D2B47DE859F3E9E885907BB5&attach=501,https://a.818-158.com/Account.jhrecharge.do
HTTP状态：
返回：OK

【2019-11-24 12:44:57】
订单号：20191124124024569948
通知地址：http://pay.1youbox.com/onlinepay/jiufubaov2/notify.do
通知报文：memberid=191209910&orderid=2019112412401701271&transaction_id=20191124124024569948&amount=501.0000&datetime=20191124124457&returncode=00&sign=9270FAF50E032157A0899C0EA6DC278C&attach=
HTTP状态：
返回：OK

【2019-11-24 12:49:12】
订单号：20191124124623102499
通知地址：http://pay.1youbox.com/onlinepay/jiufubaov2/notify.do
通知报文：memberid=191209910&orderid=2019112412461801294&transaction_id=20191124124623102499&amount=500.0000&datetime=20191124124912&returncode=00&sign=29C9EDE1D10E3FDFF75FB637D5CD066C&attach=
HTTP状态：
返回：OK

【2019-11-24 12:53:10】
订单号：20191124125158101995
通知地址：http://pay1.dr5151.com/apis/pay_gateway/jiufujinzhifu/notice
通知报文：memberid=191209911&orderid=F201911241251562944&transaction_id=20191124125158101995&amount=500.0000&datetime=20191124125310&returncode=00&sign=6D11253CDA667B57293FDCF94DA0B577&attach=
HTTP状态：
返回：OK

【2019-11-24 12:53:35】
订单号：20191124125232485050
通知地址：http://pay1.dr5151.com/apis/pay_gateway/jiufujinzhifu/notice
通知报文：memberid=191209911&orderid=F201911241252323182&transaction_id=20191124125232485050&amount=400.0000&datetime=20191124125335&returncode=00&sign=AE529D00007E1268AB46C4481031304D&attach=
HTTP状态：
返回：OK

【2019-11-24 12:54:39】
订单号：20191124125216485550
通知地址：https://a.818-158.com/Public.server.do
通知报文：memberid=191095866&orderid=K1911241252169243&transaction_id=20191124125216485550&amount=500.0000&datetime=20191124125439&returncode=00&sign=BF51A217BAE1F9494F661FF7BE22FC5F&attach=501,https://a.818-158.com/Account.jhrecharge.do
HTTP状态：
返回：OK

【2019-11-24 12:55:49】
订单号：20191124125039102481
通知地址：http://pay.1youbox.com/onlinepay/jiufubaov2/notify.do
通知报文：memberid=191209910&orderid=2019112412503801313&transaction_id=20191124125039102481&amount=100.0000&datetime=20191124125549&returncode=00&sign=4FEEEFE2EE22FAE4B0FF773B949A3077&attach=
HTTP状态：
返回：OK

【2019-11-24 12:58:56】
订单号：20191124125107981005
通知地址：http://pay.ffc585.com/JiuFuBaoZhiFuReturn/Index
通知报文：memberid=191205418&orderid=RK530583087637758819&transaction_id=20191124125107981005&amount=200.0000&datetime=20191124125855&returncode=00&sign=6A662D8D69580B4DDCCD0126737AB10A&attach=
HTTP状态：
返回：OK

【2019-11-24 12:59:18】
订单号：20191124125724525451
通知地址：http://pay.1youbox.com/onlinepay/jiufubaov2/notify.do
通知报文：memberid=191209910&orderid=2019112412572501357&transaction_id=20191124125724525451&amount=100.0000&datetime=20191124125918&returncode=00&sign=DFEF56AA486DED08A5E93EAABC338BB4&attach=
HTTP状态：
返回：OK

【2019-11-24 13:04:30】
订单号：20191124123416564954
通知地址：http://pay.1youbox.com/onlinepay/jiufubaov2/notify.do
通知报文：memberid=191209910&orderid=2019112412341301241&transaction_id=20191124123416564954&amount=100.0000&datetime=20191124130429&returncode=00&sign=F36B69911EF9ADC509A9498C23D6E86E&attach=
HTTP状态：
返回：OK

【2019-11-24 13:07:26】
订单号：20191124130204994910
通知地址：http://pay.1youbox.com/onlinepay/jiufubaov2/notify.do
通知报文：memberid=191209910&orderid=2019112413020201378&transaction_id=20191124130204994910&amount=100.0000&datetime=20191124130726&returncode=00&sign=7EFFED629E36376B6BDE972509AF3A9E&attach=
HTTP状态：
返回：OK

【2019-11-24 13:08:38】
订单号：20191124115827515348
通知地址：http://pay.1youbox.com/onlinepay/jiufubaov2/notify.do
通知报文：memberid=191209910&orderid=2019112411582701116&transaction_id=20191124115827515348&amount=100.0000&datetime=20191124130838&returncode=00&sign=3C7CD02F544120E4330C774E7F054F59&attach=
HTTP状态：
返回：OK

【2019-11-24 13:13:20】
订单号：20191124131113494810
通知地址：http://pay.1youbox.com/onlinepay/jiufubaov2/notify.do
通知报文：memberid=191209910&orderid=2019112413111201418&transaction_id=20191124131113494810&amount=100.0000&datetime=20191124131319&returncode=00&sign=59E34CBCC8F08CE3F9EC8E3A96C865B3&attach=
HTTP状态：
返回：OK

【2019-11-24 13:22:46】
订单号：20191124131701100981
通知地址：http://pay.1youbox.com/onlinepay/jiufubaov2/notify.do
通知报文：memberid=191209910&orderid=2019112413165901440&transaction_id=20191124131701100981&amount=100.1100&datetime=20191124132245&returncode=00&sign=34B93A3BC5218A50571B98B2EB81CFCF&attach=
HTTP状态：
返回：OK

【2019-11-24 13:23:27】
订单号：20191124132148999854
通知地址：http://pay.1youbox.com/onlinepay/jiufubaov2/notify.do
通知报文：memberid=191209910&orderid=2019112413213601468&transaction_id=20191124132148999854&amount=100.0000&datetime=20191124132327&returncode=00&sign=B267C13C30245333F490A700D22EBEDB&attach=
HTTP状态：
返回：OK

【2019-11-24 13:23:31】
订单号：20191124132119102571
通知地址：http://pay.1youbox.com/onlinepay/jiufubaov2/notify.do
通知报文：memberid=191209910&orderid=2019112413210501464&transaction_id=20191124132119102571&amount=100.0000&datetime=20191124132331&returncode=00&sign=6AA3BAAE779DAB956676372AAB83D652&attach=
HTTP状态：
返回：OK

【2019-11-24 13:28:50】
订单号：20191124131651515751
通知地址：http://pay.1youbox.com/onlinepay/jiufubaov2/notify.do
通知报文：memberid=191209910&orderid=2019112413165101437&transaction_id=20191124131651515751&amount=500.0000&datetime=20191124132850&returncode=00&sign=2B93AE651205E52D25E86936248C9969&attach=
HTTP状态：
返回：OK

【2019-11-24 13:36:32】
订单号：20191124133514505149
通知地址：http://pay.ffc585.com/JiuFuBaoZhiFuReturn/Index
通知报文：memberid=191205418&orderid=RK530505209394696986&transaction_id=20191124133514505149&amount=5000.0000&datetime=20191124133632&returncode=00&sign=28EE4864C0CD1C30C0DE208D9FC9C65D&attach=
HTTP状态：
返回：OK

【2019-11-24 13:36:57】
订单号：20191124133300994853
通知地址：http://pay.1youbox.com/onlinepay/jiufubaov2/notify.do
通知报文：memberid=191209910&orderid=2019112413330001513&transaction_id=20191124133300994853&amount=100.0000&datetime=20191124133657&returncode=00&sign=F9C53462F698F93782BBA6BE28B4BFAF&attach=
HTTP状态：
返回：OK

【2019-11-24 13:43:14】
订单号：20191124134124525748
通知地址：http://e019cdb2app.miapp88api.com/Api/Home/payCallBack/jiufubao
通知报文：memberid=191121442&orderid=11241341259491&transaction_id=20191124134124525748&amount=101.0000&datetime=20191124134313&returncode=00&sign=94688153CBB93085D47188D006E7021F&attach=
HTTP状态：
返回：查询订单失败查询订单订单状态为未支付ok

【2019-11-24 13:47:56】
订单号：20191124134509535451
通知地址：http://pay.ffc585.com/JiuFuBaoZhiFuReturn/Index
通知报文：memberid=191205418&orderid=RK530550939394582722&transaction_id=20191124134509535451&amount=5000.0000&datetime=20191124134755&returncode=00&sign=8F69ADAA89C5ACEE9DED139A0011E9D9&attach=
HTTP状态：
返回：OK

【2019-11-24 13:49:27】
订单号：20191124134804525056
通知地址：http://e019cdb2app.miapp88api.com/Api/Home/payCallBack/jiufubao
通知报文：memberid=191121442&orderid=11241348031963&transaction_id=20191124134804525056&amount=300.0000&datetime=20191124134925&returncode=00&sign=7994AC81880A6B0C8C41B87E6AC50308&attach=
HTTP状态：
返回：查询订单失败查询订单订单状态为未支付ok

【2019-11-24 13:51:31】
订单号：20191124134905495749
通知地址：http://pay.1youbox.com/onlinepay/jiufubaov2/notify.do
通知报文：memberid=191209910&orderid=2019112413490301576&transaction_id=20191124134905495749&amount=200.0000&datetime=20191124135131&returncode=00&sign=BD975C406F82242F23DFD537A4A830DD&attach=
HTTP状态：
返回：OK

【2019-11-24 13:55:05】
订单号：20191124135330971005
通知地址：http://pay.ffc585.com/JiuFuBaoZhiFuReturn/Index
通知报文：memberid=191205418&orderid=RK530838659394628899&transaction_id=20191124135330971005&amount=5000.0000&datetime=20191124135504&returncode=00&sign=FA90A20DD20FCC558365477869518CBC&attach=
HTTP状态：
返回：OK

【2019-11-24 14:03:19】
订单号：20191124135812525653
通知地址：http://pay.1youbox.com/onlinepay/jiufubaov2/notify.do
通知报文：memberid=191209910&orderid=2019112413581101624&transaction_id=20191124135812525653&amount=100.0000&datetime=20191124140319&returncode=00&sign=CB7C2EB940E8FE8C4D79EDACDADFCD88&attach=
HTTP状态：
返回：OK

【2019-11-24 14:03:34】
订单号：20191124140142541001
通知地址：http://pay.1youbox.com/onlinepay/jiufubaov2/notify.do
通知报文：memberid=191209910&orderid=2019112414014201637&transaction_id=20191124140142541001&amount=100.0000&datetime=20191124140333&returncode=00&sign=1D88D021E9FE242B2D4A2B219B5D1E2B&attach=
HTTP状态：
返回：OK

【2019-11-24 14:07:40】
订单号：20191124140616564899
通知地址：https://payback3.lebopay.net/jfbscpay/scallback.php
通知报文：memberid=191209913&orderid=2019112402061528042827&transaction_id=20191124140616564899&amount=200.0000&datetime=20191124140738&returncode=00&sign=29B5D4A49A2FF93D2E6680C557A642F9&attach=41536-84b4700993c0bbd853e025422d7f9b43
HTTP状态：
返回：OK

【2019-11-24 14:11:46】
订单号：20191124140912565753
通知地址：http://e019cdb2app.miapp88api.com/Api/Home/payCallBack/jiufubao
通知报文：memberid=191121442&orderid=11241409129038&transaction_id=20191124140912565753&amount=200.0000&datetime=20191124141145&returncode=00&sign=C8B04B1CDD3AC01888AB9E58186532D4&attach=
HTTP状态：
返回：查询订单失败查询订单订单状态为未支付ok

【2019-11-24 14:13:56】
订单号：20191124141236521025
通知地址：http://pay1.dr5151.com/apis/pay_gateway/jiufujinzhifu/notice
通知报文：memberid=191209911&orderid=F201911241412364144&transaction_id=20191124141236521025&amount=501.0000&datetime=20191124141354&returncode=00&sign=5C08167B6189F52E92FAE3085D4E69DC&attach=
HTTP状态：
返回：OK

【2019-11-24 14:15:14】
订单号：20191124141341535155
通知地址：http://e019cdb2webapi.miapp66dom.com/Api/Home/payCallBack/jiufubao
通知报文：memberid=191121442&orderid=11241413418865&transaction_id=20191124141341535155&amount=120.0000&datetime=20191124141513&returncode=00&sign=BDE28A9AD0A328C2766AADAB884CA9CE&attach=
HTTP状态：
返回：查询订单失败查询订单订单状态为未支付ok

【2019-11-24 14:15:21】
订单号：20191124141322505549
通知地址：http://pay1.dr5151.com/apis/pay_gateway/jiufujinzhifu/notice
通知报文：memberid=191209911&orderid=F201911241413224604&transaction_id=20191124141322505549&amount=100.0000&datetime=20191124141520&returncode=00&sign=3BCFDFC4471BE4077F2F5BE8199171D9&attach=
HTTP状态：
返回：OK

【2019-11-24 14:15:24】
订单号：20191124141242975150
通知地址：http://pay1.dr5151.com/apis/pay_gateway/jiufujinzhifu/notice
通知报文：memberid=191209911&orderid=F201911241412332673&transaction_id=20191124141242975150&amount=100.0000&datetime=20191124141524&returncode=00&sign=03BD4DCD484D5A67389169EDC80FD053&attach=
HTTP状态：
返回：OK

【2019-11-24 14:22:28】
订单号：20191124142051515148
通知地址：http://pay1.dr5151.com/apis/pay_gateway/jiufujinzhifu/notice
通知报文：memberid=191209911&orderid=F201911241420472567&transaction_id=20191124142051515148&amount=200.0000&datetime=20191124142228&returncode=00&sign=51D5D17128D91DA785B9748A049738E8&attach=
HTTP状态：
返回：OK

【2019-11-24 14:23:18】
订单号：20191124142001495352
通知地址：http://e019cdb2webapi.miapp66dom.com/Api/Home/payCallBack/jiufubao
通知报文：memberid=191121442&orderid=11241419539573&transaction_id=20191124142001495352&amount=200.0000&datetime=20191124142316&returncode=00&sign=BD0C337B34AA363EC6D0BE9FA3A408D2&attach=
HTTP状态：
返回：查询订单失败查询订单订单状态为未支付ok

【2019-11-24 14:24:18】
订单号：20191124142233579798
通知地址：http://pay1.dr5151.com/apis/pay_gateway/jiufujinzhifu/notice
通知报文：memberid=191209911&orderid=F201911241422325520&transaction_id=20191124142233579798&amount=100.0000&datetime=20191124142418&returncode=00&sign=FFA256812D784A46EE4DCA4CE2AE9C00&attach=
HTTP状态：
返回：OK

【2019-11-24 14:24:48】
订单号：20191124141543102100
通知地址：http://e019cdb2app.miapp88api.com/Api/Home/payCallBack/jiufubao
通知报文：memberid=191121442&orderid=11241415443617&transaction_id=20191124141543102100&amount=101.0000&datetime=20191124142446&returncode=00&sign=126ECEA29F882885D959F3C23FB3670D&attach=
HTTP状态：
返回：查询订单失败查询订单订单状态为未支付ok

【2019-11-24 14:25:03】
订单号：20191124142154505051
通知地址：http://e019cdb2webapi.miapp66dom.com/Api/Home/payCallBack/jiufubao
通知报文：memberid=191121442&orderid=11241421536324&transaction_id=20191124142154505051&amount=101.0000&datetime=20191124142501&returncode=00&sign=DDD9E14DD32CFB58604D96E489A7C42D&attach=
HTTP状态：
返回：查询订单失败查询订单订单状态为未支付ok

【2019-11-24 14:25:14】
订单号：20191124142303554850
通知地址：http://pay1.dr5151.com/apis/pay_gateway/jiufujinzhifu/notice
通知报文：memberid=191209911&orderid=F201911241423022285&transaction_id=20191124142303554850&amount=401.0000&datetime=20191124142513&returncode=00&sign=14DE5D89E1F82B84536741EF3ACB1558&attach=
HTTP状态：
返回：OK

【2019-11-24 14:25:25】
订单号：20191124142339984953
通知地址：http://pay1.dr5151.com/apis/pay_gateway/jiufujinzhifu/notice
通知报文：memberid=191209911&orderid=F201911241423242259&transaction_id=20191124142339984953&amount=200.0000&datetime=20191124142524&returncode=00&sign=4DD2234A3CD7F5E096A7E272DE11BD5D&attach=
HTTP状态：
返回：OK

【2019-11-24 14:25:31】
订单号：20191124142357100565
通知地址：https://91876543.com/api/lottery/pay/notify/jfb/11706
通知报文：memberid=191141219&orderid=P1911241423589061379&transaction_id=20191124142357100565&amount=100.0000&datetime=20191124142530&returncode=00&sign=F546EB92694FA38FA5FA12C76A618DC3&attach=1234|456
HTTP状态：
返回：OK

【2019-11-24 14:26:51】
订单号：20191124142310101100
通知地址：http://pay1.dr5151.com/apis/pay_gateway/jiufujinzhifu/notice
通知报文：memberid=191209911&orderid=F201911241423057504&transaction_id=20191124142310101100&amount=100.0000&datetime=20191124142651&returncode=00&sign=EF4AB7A5DEB42D251E92DCE3DBB78378&attach=
HTTP状态：
返回：OK

【2019-11-24 14:29:21】
订单号：20191124142720565550
通知地址：http://pay1.dr5151.com/apis/pay_gateway/jiufujinzhifu/notice
通知报文：memberid=191209911&orderid=F201911241427203198&transaction_id=20191124142720565550&amount=200.0000&datetime=20191124142920&returncode=00&sign=6F07A98D5A6E0D84D2AA9A52F6CEB53C&attach=
HTTP状态：
返回：OK

【2019-11-24 14:29:25】
订单号：20191124142704561014
通知地址：https://91876543.com/api/lottery/pay/notify/jfb/11706
通知报文：memberid=191141219&orderid=P1911241427057314391&transaction_id=20191124142704561014&amount=100.0000&datetime=20191124142924&returncode=00&sign=B349DF89D2C5FA291A77C77121692928&attach=1234|456
HTTP状态：
返回：OK

【2019-11-24 14:29:53】
订单号：20191124142824569955
通知地址：http://e019cdb2app.miapp88api.com/Api/Home/payCallBack/jiufubao
通知报文：memberid=191121442&orderid=11241428246259&transaction_id=20191124142824569955&amount=101.0000&datetime=20191124142952&returncode=00&sign=346F7096914E3FD98D2ED6549B1AAC0A&attach=
HTTP状态：
返回：查询订单失败查询订单订单状态为未支付ok

【2019-11-24 14:30:15】
订单号：20191124142308991019
通知地址：http://pay1.dr5151.com/apis/pay_gateway/jiufujinzhifu/notice
通知报文：memberid=191209911&orderid=F201911241423057408&transaction_id=20191124142308991019&amount=100.0000&datetime=20191124143015&returncode=00&sign=576AC277D2D04396D1D0BC30EB70F60F&attach=
HTTP状态：
返回：OK

【2019-11-24 14:31:48】
订单号：20191124143028524910
通知地址：http://e019cdb2app.miapp88api.com/Api/Home/payCallBack/jiufubao
通知报文：memberid=191121442&orderid=11241430289066&transaction_id=20191124143028524910&amount=200.0000&datetime=20191124143146&returncode=00&sign=E55D64467E557B9E3DEED8976A7DCAF5&attach=
HTTP状态：
返回：查询订单失败查询订单订单状态为未支付ok

【2019-11-24 14:36:23】
订单号：20191124143425499910
通知地址：http://e019cdb2app.miapp88api.com/Api/Home/payCallBack/jiufubao
通知报文：memberid=191121442&orderid=11241434263110&transaction_id=20191124143425499910&amount=101.0000&datetime=20191124143621&returncode=00&sign=6D0E843F94CB3AF1408C01B848DC49BB&attach=
HTTP状态：
返回：查询订单失败查询订单订单状态为未支付ok

【2019-11-24 14:45:01】
订单号：20191124144325100100
通知地址：http://pay1.dr5151.com/apis/pay_gateway/jiufujinzhifu/notice
通知报文：memberid=191209911&orderid=F201911241443119501&transaction_id=20191124144325100100&amount=101.0000&datetime=20191124144501&returncode=00&sign=41C4882F81BA759C9A7CC445190D6BFC&attach=
HTTP状态：
返回：OK

【2019-11-24 14:52:15】
订单号：20191124144950101985
通知地址：http://pay.1youbox.com/onlinepay/jiufubaov2/notify.do
通知报文：memberid=191209910&orderid=2019112414495001801&transaction_id=20191124144950101985&amount=200.0000&datetime=20191124145214&returncode=00&sign=CE7A6567F5EB1109CCE844EF6847C3F7&attach=
HTTP状态：
返回：OK

【2019-11-24 14:59:42】
订单号：20191124145604525057
通知地址：https://91876543.com/api/lottery/pay/notify/jfb/11706
通知报文：memberid=191141219&orderid=P1911241456044637913&transaction_id=20191124145604525057&amount=3500.0000&datetime=20191124145941&returncode=00&sign=6C28CDDEF6B69776164A73F13DF5F30C&attach=1234|456
HTTP状态：
返回：OK

【2019-11-24 15:00:04】
订单号：20191124145604525010
通知地址：http://pay1.dr5151.com/apis/pay_gateway/jiufujinzhifu/notice
通知报文：memberid=191209911&orderid=F201911241456007964&transaction_id=20191124145604525010&amount=100.0000&datetime=20191124150002&returncode=00&sign=7913571F85EDF67ABDA0312C4D46B8A9&attach=
HTTP状态：
返回：OK

【2019-11-24 15:07:27】
订单号：20191124150524524953
通知地址：http://pay.1youbox.com/onlinepay/jiufubaov2/notify.do
通知报文：memberid=191209910&orderid=2019112415051701871&transaction_id=20191124150524524953&amount=100.0000&datetime=20191124150727&returncode=00&sign=23A4C996785F63707C7655DE67EB442B&attach=
HTTP状态：
返回：OK

【2019-11-24 15:09:03】
订单号：20191124150542541005
通知地址：http://e019cdb2app.miapp88api.com/Api/Home/payCallBack/jiufubao
通知报文：memberid=191121442&orderid=11241505436095&transaction_id=20191124150542541005&amount=101.0000&datetime=20191124150901&returncode=00&sign=0E0D7013A54139D4176EC8B2B8CCBEC2&attach=
HTTP状态：
返回：查询订单失败查询订单订单状态为未支付ok

【2019-11-24 15:09:21】
订单号：20191124150719551005
通知地址：http://e019cdb2app.miapp88api.com/Api/Home/payCallBack/jiufubao
通知报文：memberid=191121442&orderid=11241507186355&transaction_id=20191124150719551005&amount=301.0000&datetime=20191124150919&returncode=00&sign=5ACDD5581B5A4936D5960C0D12889A39&attach=
HTTP状态：
返回：查询订单失败查询订单订单状态为未支付ok

【2019-11-24 15:20:49】
订单号：20191124151857495310
通知地址：http://e019cdb2webapi.miapp66dom.com/Api/Home/payCallBack/jiufubao
通知报文：memberid=191121442&orderid=11241518574175&transaction_id=20191124151857495310&amount=150.0000&datetime=20191124152047&returncode=00&sign=C4EF15F34907734BE629D04A30DB7B8D&attach=
HTTP状态：
返回：查询订单失败查询订单订单状态为未支付ok

【2019-11-24 15:28:33】
订单号：20191124152709100511
通知地址：http://e019cdb2app.miapp88api.com/Api/Home/payCallBack/jiufubao
通知报文：memberid=191121442&orderid=11241527101010&transaction_id=20191124152709100511&amount=101.0000&datetime=20191124152831&returncode=00&sign=2E281B2F4EF1A7F6290C04BFC8043A5E&attach=
HTTP状态：
返回：查询订单失败查询订单订单状态为未支付ok

【2019-11-24 15:29:04】
订单号：20191124152637100571
通知地址：http://e019cdb2app.miapp88api.com/Api/Home/payCallBack/jiufubao
通知报文：memberid=191121442&orderid=11241526384743&transaction_id=20191124152637100571&amount=101.0000&datetime=20191124152902&returncode=00&sign=EA4595C7B607A823D34B8D0515A7F73B&attach=
HTTP状态：
返回：查询订单失败查询订单订单状态为未支付ok

【2019-11-24 15:32:50】
订单号：20191124153104569751
通知地址：http://150.109.59.33/tools/notify-1bcf_81d2b5_b9b1_289045f_7c9e
通知报文：memberid=191189793&orderid=WX191124153102177470&transaction_id=20191124153104569751&amount=200.1100&datetime=20191124153249&returncode=00&sign=4035F75A094278221FC673BAD9EF4752&attach=
HTTP状态：
返回：ok

【2019-11-24 15:33:34】
订单号：20191124153222549798
通知地址：http://e019cdb2app.miapp88api.com/Api/Home/payCallBack/jiufubao
通知报文：memberid=191121442&orderid=11241532239922&transaction_id=20191124153222549798&amount=101.0000&datetime=20191124153332&returncode=00&sign=55D36FD9AF28857D173884F2B192AEFE&attach=
HTTP状态：
返回：查询订单失败查询订单订单状态为未支付ok

【2019-11-24 15:40:35】
订单号：20191124153851985410
通知地址：http://e019cdb2app.miapp88api.com/Api/Home/payCallBack/jiufubao
通知报文：memberid=191121442&orderid=11241538523242&transaction_id=20191124153851985410&amount=101.0000&datetime=20191124154034&returncode=00&sign=01293F970CB2865547FB1AC611F3EF1A&attach=
HTTP状态：
返回：查询订单失败查询订单订单状态为未支付ok

【2019-11-24 16:00:27】
订单号：20191124155907985056
通知地址：https://91876543.com/api/lottery/pay/notify/jfb/11706
通知报文：memberid=191141219&orderid=P1911241559082418008&transaction_id=20191124155907985056&amount=100.0000&datetime=20191124160027&returncode=00&sign=E79BED1F8923A4A25011E0DA835D0568&attach=1234|456
HTTP状态：
返回：OK

【2019-11-24 16:01:39】
订单号：20191124155804995557
通知地址：http://150.109.59.33/tools/notify-1bcf_8b163c_8747_2892c74_7ca7
通知报文：memberid=191189793&orderid=ZF191124155805476408&transaction_id=20191124155804995557&amount=500.1100&datetime=20191124160139&returncode=00&sign=D0446FD9CEF88B2C385A28AF2E197F80&attach=
HTTP状态：
返回：ok

【2019-11-24 16:15:35】
订单号：20191124161340525552
通知地址：http://e019cdb2webapi.miapp66dom.com/Api/Home/payCallBack/jiufubao
通知报文：memberid=191121442&orderid=11241613395503&transaction_id=20191124161340525552&amount=1000.0000&datetime=20191124161534&returncode=00&sign=A976D831B45385869C05B4913831A44B&attach=
HTTP状态：
返回：查询订单失败查询订单订单状态为未支付ok

【2019-11-24 16:21:06】
订单号：20191124161813535050
通知地址：http://pay.1youbox.com/onlinepay/jiufubaov2/notify.do
通知报文：memberid=191209910&orderid=2019112416181302206&transaction_id=20191124161813535050&amount=200.0000&datetime=20191124162105&returncode=00&sign=B51C4659D0FD0D0C12F229163B022A78&attach=
HTTP状态：
返回：OK

【2019-11-24 16:25:39】
订单号：20191124161936564897
通知地址：http://e019cdb2app.miapp88api.com/Api/Home/payCallBack/jiufubao
通知报文：memberid=191121442&orderid=11241619361056&transaction_id=20191124161936564897&amount=200.0000&datetime=20191124162537&returncode=00&sign=8E1F1D7FAA72317AF62CF6CA7C31B495&attach=
HTTP状态：
返回：查询订单失败查询订单订单状态为未支付ok

【2019-11-24 16:27:43】
订单号：20191124162447102985
通知地址：http://e019cdb2app.miapp88api.com/Api/Home/payCallBack/jiufubao
通知报文：memberid=191121442&orderid=11241624486575&transaction_id=20191124162447102985&amount=500.0000&datetime=20191124162741&returncode=00&sign=9D60AD1BAB5A204C5E6A819FF2C78506&attach=
HTTP状态：
返回：查询订单失败查询订单订单状态为未支付ok

【2019-11-24 16:30:24】
订单号：20191124162220991015
通知地址：http://pay1.dr5151.com/apis/pay_gateway/jiufujinzhifu/notice
通知报文：memberid=191209911&orderid=F201911241622134627&transaction_id=20191124162220991015&amount=900.0000&datetime=20191124163024&returncode=00&sign=349E930D246DE1633C3302F52EC6BA36&attach=
HTTP状态：
返回：OK

【2019-11-24 16:45:25】
订单号：20191124164320565210
通知地址：http://e019cdb2webapi.miapp66dom.com/Api/Home/payCallBack/jiufubao
通知报文：memberid=191121442&orderid=11241643193913&transaction_id=20191124164320565210&amount=101.0000&datetime=20191124164523&returncode=00&sign=A8B7558DD92E4BA80BBB8A050365B417&attach=
HTTP状态：
返回：查询订单失败查询订单订单状态为未支付ok

【2019-11-24 16:47:28】
订单号：20191124164557535510
通知地址：http://e019cdb2app.miapp88api.com/Api/Home/payCallBack/jiufubao
通知报文：memberid=191121442&orderid=11241645571435&transaction_id=20191124164557535510&amount=101.0000&datetime=20191124164726&returncode=00&sign=10EE61309D6D0D08A158387A1B538047&attach=
HTTP状态：
返回：查询订单失败查询订单订单状态为未支付ok

【2019-11-24 16:47:51】
订单号：20191124164454545010
通知地址：http://pay.1youbox.com/onlinepay/jiufubaov2/notify.do
通知报文：memberid=191209910&orderid=2019112416444702279&transaction_id=20191124164454545010&amount=100.0000&datetime=20191124164750&returncode=00&sign=3D004B6BA237D0548714CECC5C6F2A91&attach=
HTTP状态：
返回：OK

【2019-11-24 16:49:09】
订单号：20191124161551559997
通知地址：https://91876543.com/api/lottery/pay/notify/jfb/11706
通知报文：memberid=191141219&orderid=P1911241615527656176&transaction_id=20191124161551559997&amount=100.0000&datetime=20191124164909&returncode=00&sign=7944CB51033467FDC86A38ED761B1AF4&attach=1234|456
HTTP状态：
返回：OK

【2019-11-24 16:54:01】
订单号：20191124163604525710
通知地址：http://pay.1youbox.com/onlinepay/jiufubaov2/notify.do
通知报文：memberid=191209910&orderid=2019112416360402254&transaction_id=20191124163604525710&amount=100.0000&datetime=20191124165400&returncode=00&sign=4CCBF6F0A88FB0C775ECFA144CEF3644&attach=
HTTP状态：
返回：OK

【2019-11-24 16:56:10】
订单号：20191124165252525510
通知地址：http://e019cdb2webapi.miapp66dom.com/Api/Home/payCallBack/jiufubao
通知报文：memberid=191121442&orderid=11241652506016&transaction_id=20191124165252525510&amount=101.0000&datetime=20191124165609&returncode=00&sign=C0F6726BD821C379B3B3B0F1F9753979&attach=
HTTP状态：
返回：查询订单失败查询订单订单状态为未支付ok

【2019-11-24 16:59:57】
订单号：20191124165750101100
通知地址：http://e019cdb2webapi.miapp66dom.com/Api/Home/payCallBack/jiufubao
通知报文：memberid=191121442&orderid=11241657497626&transaction_id=20191124165750101100&amount=200.0000&datetime=20191124165955&returncode=00&sign=CE8F935EFCCFF3D39F4B1DA4CD602B6A&attach=
HTTP状态：
返回：查询订单失败查询订单订单状态为未支付ok

【2019-11-24 17:03:31】
订单号：20191124165924995310
通知地址：http://pay.vip6081.com/onlinepay/jiufubaov2/notify.do
通知报文：memberid=191155102&orderid=2019112416592201471&transaction_id=20191124165924995310&amount=100.0000&datetime=20191124170331&returncode=00&sign=18641D9F5F86D6377329CE6C2364C2A5&attach=
HTTP状态：
返回：OK

【2019-11-24 17:04:56】
订单号：20191124170319551005
通知地址：http://pay1.dr5151.com/apis/pay_gateway/jiufujinzhifu/notice
通知报文：memberid=191209911&orderid=F201911241703148033&transaction_id=20191124170319551005&amount=100.0000&datetime=20191124170456&returncode=00&sign=9BE55025DCAE767EB240F779DF8397C7&attach=
HTTP状态：
返回：OK

【2019-11-24 17:16:17】
订单号：20191124171441499797
通知地址：https://91876543.com/api/lottery/pay/notify/jfb/11706
通知报文：memberid=191141219&orderid=P1911241714429729916&transaction_id=20191124171441499797&amount=100.0000&datetime=20191124171616&returncode=00&sign=FB167B96D52401DA9E908FE2D37ACA6F&attach=1234|456
HTTP状态：
返回：OK

【2019-11-24 17:30:41】
订单号：20191124172914975098
通知地址：https://91876543.com/api/lottery/pay/notify/jfb/11706
通知报文：memberid=191141219&orderid=P1911241729150599814&transaction_id=20191124172914975098&amount=100.0000&datetime=20191124173041&returncode=00&sign=86B5FB873C59E1C8BCC721FC1A7EF3E2&attach=1234|456
HTTP状态：
返回：OK

【2019-11-24 17:40:32】
订单号：20191124173733100489
通知地址：http://pay.ffc585.com/JiuFuBaoZhiFuReturn/Index
通知报文：memberid=191205418&orderid=RK530746647202362825&transaction_id=20191124173733100489&amount=200.0000&datetime=20191124174031&returncode=00&sign=28178455A53A5592A00940C549F04BAF&attach=
HTTP状态：
返回：OK

【2019-11-24 17:41:19】
订单号：20191124173959102541
通知地址：http://e019cdb2app.miapp88api.com/Api/Home/payCallBack/jiufubao
通知报文：memberid=191121442&orderid=11241740002764&transaction_id=20191124173959102541&amount=101.0000&datetime=20191124174117&returncode=00&sign=D9FE6BB4C655ADEF6B84014C8039B27B&attach=
HTTP状态：
返回：查询订单失败查询订单订单状态为未支付ok

【2019-11-24 17:45:17】
订单号：20191124174136484857
通知地址：https://91876543.com/api/lottery/pay/notify/jfb/11706
通知报文：memberid=191141219&orderid=P1911241741377130926&transaction_id=20191124174136484857&amount=100.0000&datetime=20191124174516&returncode=00&sign=BC67E9229B3D6C121304AAA7575E283D&attach=1234|456
HTTP状态：
返回：OK

【2019-11-24 17:46:06】
订单号：20191124174413100101
通知地址：http://e019cdb2app.miapp88api.com/Api/Home/payCallBack/jiufubao
通知报文：memberid=191121442&orderid=11241744143718&transaction_id=20191124174413100101&amount=101.0000&datetime=20191124174604&returncode=00&sign=419B6CCF5281902F98D096444F2E4209&attach=
HTTP状态：
返回：查询订单失败查询订单订单状态为未支付ok

【2019-11-24 17:53:23】
订单号：20191124175206545048
通知地址：http://pay.vip6081.com/onlinepay/jiufubaov2/notify.do
通知报文：memberid=191155102&orderid=2019112417520301660&transaction_id=20191124175206545048&amount=486.0000&datetime=20191124175323&returncode=00&sign=F5496B14BB3A8817BBD4E438F81914AB&attach=
HTTP状态：
返回：OK

【2019-11-24 17:54:04】
订单号：20191124175157100100
通知地址：http://pay.vip6081.com/onlinepay/jiufubaov2/notify.do
通知报文：memberid=191155102&orderid=2019112417515801659&transaction_id=20191124175157100100&amount=100.0000&datetime=20191124175404&returncode=00&sign=D7F1715CC8E56CE7F085B090FE3934E7&attach=
HTTP状态：
返回：OK

【2019-11-24 17:54:19】
订单号：20191124175310544898
通知地址：http://e019cdb2app.miapp88api.com/Api/Home/payCallBack/jiufubao
通知报文：memberid=191121442&orderid=11241753051993&transaction_id=20191124175310544898&amount=500.0000&datetime=20191124175417&returncode=00&sign=9F6633EDCFF4CD7A7C26D6FE4D83A9E2&attach=
HTTP状态：
返回：查询订单失败查询订单订单状态为未支付ok

【2019-11-24 17:57:00】
订单号：20191124175535559855
通知地址：https://91876543.com/api/lottery/pay/notify/jfb/11706
通知报文：memberid=191141219&orderid=P1911241755375924533&transaction_id=20191124175535559855&amount=100.0000&datetime=20191124175700&returncode=00&sign=0A25B96AC75BC83B1337D65773840ADF&attach=1234|456
HTTP状态：
返回：OK

【2019-11-24 17:57:19】
订单号：20191124175552565450
通知地址：https://payback3.lebopay.net/jfbscpay/scallback.php
通知报文：memberid=191209913&orderid=2019112405554603972104&transaction_id=20191124175552565450&amount=2000.0000&datetime=20191124175716&returncode=00&sign=9CB9197C6B6B5ED6502D6D477241A893&attach=41535-de455fd5153b9ba10730e9072b918963
HTTP状态：
返回：OK

【2019-11-24 17:59:25】
订单号：20191124175750101529
通知地址：http://e019cdb2app.miapp88api.com/Api/Home/payCallBack/jiufubao
通知报文：memberid=191121442&orderid=11241757499418&transaction_id=20191124175750101529&amount=101.0000&datetime=20191124175923&returncode=00&sign=625812E0A7718654CDCD0F1B9D084BE8&attach=
HTTP状态：
返回：查询订单失败查询订单订单状态为未支付ok

【2019-11-24 18:00:02】
订单号：20191124175821100101
通知地址：https://payback3.lebopay.net/jfbscpay/scallback.php
通知报文：memberid=191209913&orderid=2019112405581690439508&transaction_id=20191124175821100101&amount=200.0000&datetime=20191124180000&returncode=00&sign=659E953DDBF833EB7673065FA14B33A7&attach=41535-68676481865f3cc7a165c0596b1025bb
HTTP状态：
返回：OK

【2019-11-24 18:01:51】
订单号：20191124175956991015
通知地址：http://pay.1youbox.com/onlinepay/jiufubaov2/notify.do
通知报文：memberid=191209910&orderid=2019112417595502549&transaction_id=20191124175956991015&amount=200.0000&datetime=20191124180150&returncode=00&sign=231D7AF86F449C289B7A18FE2BA01B55&attach=
HTTP状态：
返回：OK

【2019-11-24 18:02:00】
订单号：20191124175831555210
通知地址：http://e019cdb2app.miapp88api.com/Api/Home/payCallBack/jiufubao
通知报文：memberid=191121442&orderid=11241758324762&transaction_id=20191124175831555210&amount=101.0000&datetime=20191124180158&returncode=00&sign=ED4CA342CE7D4ABF918D02B9420071D9&attach=
HTTP状态：
返回：查询订单失败查询订单订单状态为未支付ok

【2019-11-24 18:02:41】
订单号：20191124180021535597
通知地址：https://91876543.com/api/lottery/pay/notify/jfb/11706
通知报文：memberid=191141219&orderid=P1911241800226528541&transaction_id=20191124180021535597&amount=100.0000&datetime=20191124180240&returncode=00&sign=3B10140B5C9838BA99ADC296C25C24D8&attach=1234|456
HTTP状态：
返回：OK

【2019-11-24 18:05:21】
订单号：20191124180337575010
通知地址：http://pay.vip6081.com/onlinepay/jiufubaov2/notify.do
通知报文：memberid=191155102&orderid=2019112418033701694&transaction_id=20191124180337575010&amount=150.0000&datetime=20191124180521&returncode=00&sign=F3588042ED094A83E8FE4CED0FBA4D03&attach=
HTTP状态：
返回：OK

【2019-11-24 18:05:48】
订单号：20191124140555515748
通知地址：http://e019cdb2app.miapp88api.com/Api/Home/payCallBack/jiufubao
通知报文：memberid=191121442&orderid=11241405562281&transaction_id=20191124140555515748&amount=101.0000&datetime=20191124180547&returncode=00&sign=32B0B1C906CDA0E10AC2F3BFFCD6F6BB&attach=
HTTP状态：
返回：查询订单失败查询订单订单状态为未支付ok

【2019-11-24 18:06:53】
订单号：20191124180517100995
通知地址：http://pay1.dr5151.com/apis/pay_gateway/jiufujinzhifu/notice
通知报文：memberid=191209911&orderid=F201911241805144130&transaction_id=20191124180517100995&amount=100.0000&datetime=20191124180653&returncode=00&sign=1EA16914CDC66E007F645670610782BC&attach=
HTTP状态：
返回：OK

【2019-11-24 18:09:37】
订单号：20191124180724995610
通知地址：http://pay1.dr5151.com/apis/pay_gateway/jiufujinzhifu/notice
通知报文：memberid=191209911&orderid=F201911241807199493&transaction_id=20191124180724995610&amount=1000.0000&datetime=20191124180937&returncode=00&sign=57AD9D962DF98D46DA1E8DCCB9ACEB1C&attach=
HTTP状态：
返回：OK

【2019-11-24 18:09:42】
订单号：20191124180820524953
通知地址：http://pay.ffc585.com/JiuFuBaoZhiFuReturn/Index
通知报文：memberid=191205418&orderid=RK530324924518141891&transaction_id=20191124180820524953&amount=500.0000&datetime=20191124180942&returncode=00&sign=2765D06B1963F0424E5A302530B7A981&attach=
HTTP状态：
返回：OK

【2019-11-24 18:11:02】
订单号：20191124180937499999
通知地址：https://payback3.lebopay.net/jfbscpay/scallback.php
通知报文：memberid=191209913&orderid=2019112406093181259508&transaction_id=20191124180937499999&amount=300.0000&datetime=20191124181100&returncode=00&sign=B01A87931C754A80FCBD00430123522C&attach=41535-b6f624df2880f597d7480c6191cbdb74
HTTP状态：
返回：OK

【2019-11-24 18:12:16】
订单号：20191124180813100541
通知地址：http://e019cdb2app.miapp88api.com/Api/Home/payCallBack/jiufubao
通知报文：memberid=191121442&orderid=11241808133874&transaction_id=20191124180813100541&amount=300.0000&datetime=20191124181215&returncode=00&sign=8E18B1FD73AC071DC599F038ED44D928&attach=
HTTP状态：
返回：查询订单失败查询订单订单状态为未支付ok

【2019-11-24 18:19:20】
订单号：20191124181801579848
通知地址：http://150.109.59.33/tools/notify-1bcf_89999c_b9b1_28931af_7cfa
通知报文：memberid=191189793&orderid=WX191124181803148109&transaction_id=20191124181801579848&amount=200.1100&datetime=20191124181920&returncode=00&sign=94595AF1D0EF8A860634C577D21AFFCC&attach=
HTTP状态：
返回：ok

【2019-11-24 18:20:46】
订单号：20191124181733100499
通知地址：https://payback3.lebopay.net/jfbscpay/scallback.php
通知报文：memberid=191209913&orderid=2019112406173052429508&transaction_id=20191124181733100499&amount=500.0000&datetime=20191124182043&returncode=00&sign=D4782308AE2B5FAD0B4D434048E5258F&attach=41535-10e110ada89d5d0a3d1b459c42c81f00
HTTP状态：
返回：OK

【2019-11-24 18:21:25】
订单号：20191124181940999948
通知地址：https://91876543.com/api/lottery/pay/notify/jfb/11706
通知报文：memberid=191141219&orderid=P1911241819413156345&transaction_id=20191124181940999948&amount=184.0000&datetime=20191124182125&returncode=00&sign=8CBF0EA7EE25F777E2AA87D6CD1BEECE&attach=1234|456
HTTP状态：
返回：OK

【2019-11-24 18:22:40】
订单号：20191124182021534954
通知地址：http://pay.ffc585.com/JiuFuBaoZhiFuReturn/Index
通知报文：memberid=191205418&orderid=RK530438783488901810&transaction_id=20191124182021534954&amount=1000.0000&datetime=20191124182240&returncode=00&sign=ACA6AC2815B794E169EC5380F7419D6A&attach=
HTTP状态：
返回：OK

【2019-11-24 18:24:18】
订单号：20191124182153495052
通知地址：http://e019cdb2app.miapp88api.com/Api/Home/payCallBack/jiufubao
通知报文：memberid=191121442&orderid=11241821532592&transaction_id=20191124182153495052&amount=101.0000&datetime=20191124182416&returncode=00&sign=9422900F79660AED2F6644287FF171FA&attach=
HTTP状态：
返回：查询订单失败查询订单订单状态为未支付ok

【2019-11-24 18:24:25】
订单号：20191124182142545056
通知地址：http://pay1.dr5151.com/apis/pay_gateway/jiufujinzhifu/notice
通知报文：memberid=191209911&orderid=F201911241821406807&transaction_id=20191124182142545056&amount=100.0000&datetime=20191124182425&returncode=00&sign=161A2AD926C1097463678C8BE23CA550&attach=
HTTP状态：
返回：OK

【2019-11-24 18:24:41】
订单号：20191124182159551009
通知地址：http://e019cdb2webapi.miapp66dom.com/Api/Home/payCallBack/jiufubao
通知报文：memberid=191121442&orderid=11241821597023&transaction_id=20191124182159551009&amount=102.0000&datetime=20191124182439&returncode=00&sign=2A894DDE9B2ED7CCC8FDCD98A57CC8C2&attach=
HTTP状态：
返回：查询订单失败查询订单订单状态为未支付ok

【2019-11-24 18:27:39】
订单号：20191124182508525249
通知地址：http://e019cdb2app.miapp88api.com/Api/Home/payCallBack/jiufubao
通知报文：memberid=191121442&orderid=11241825087457&transaction_id=20191124182508525249&amount=101.0000&datetime=20191124182737&returncode=00&sign=FD9969120522323CC73AAA77C4F2A87B&attach=
HTTP状态：
返回：查询订单失败查询订单订单状态为未支付ok

【2019-11-24 18:32:59】
订单号：20191124182938505599
通知地址：http://pay.1youbox.com/onlinepay/jiufubaov2/notify.do
通知报文：memberid=191209910&orderid=2019112418293802663&transaction_id=20191124182938505599&amount=100.0000&datetime=20191124183259&returncode=00&sign=744F33E12C61CDB7CE032A48A01FE2D0&attach=
HTTP状态：
返回：OK

【2019-11-24 18:35:25】
订单号：20191124182403515598
通知地址：http://pay.1youbox.com/onlinepay/jiufubaov2/notify.do
通知报文：memberid=191209910&orderid=2019112418240102638&transaction_id=20191124182403515598&amount=500.0000&datetime=20191124183525&returncode=00&sign=BFED6CE94A77160C58364AC9A6630B3A&attach=
HTTP状态：
返回：OK

【2019-11-24 18:36:20】
订单号：20191124183326549910
通知地址：http://e019cdb2webapi.miapp66dom.com/Api/Home/payCallBack/jiufubao
通知报文：memberid=191121442&orderid=11241833276103&transaction_id=20191124183326549910&amount=101.0000&datetime=20191124183618&returncode=00&sign=059C68CA224CF178583008369598C084&attach=
HTTP状态：
返回：查询订单失败查询订单订单状态为未支付ok

【2019-11-24 18:38:38】
订单号：20191124183615102529
通知地址：https://91876543.com/api/lottery/pay/notify/jfb/11706
通知报文：memberid=191141219&orderid=P1911241836164625122&transaction_id=20191124183615102529&amount=100.0000&datetime=20191124183838&returncode=00&sign=E09B9B191BA5EE731C748F9C8CC38F29&attach=1234|456
HTTP状态：
返回：OK

【2019-11-24 18:42:02】
订单号：20191124183917535410
通知地址：http://e019cdb2app.miapp88api.com/Api/Home/payCallBack/jiufubao
通知报文：memberid=191121442&orderid=11241839179845&transaction_id=20191124183917535410&amount=300.0000&datetime=20191124184200&returncode=00&sign=CFA5E91D0603CF772452AFE4BF8A9E40&attach=
HTTP状态：
返回：查询订单失败查询订单订单状态为未支付ok

【2019-11-24 18:42:09】
订单号：20191124182528569710
通知地址：http://pay1.dr5151.com/apis/pay_gateway/jiufujinzhifu/notice
通知报文：memberid=191209911&orderid=F201911241825268221&transaction_id=20191124182528569710&amount=100.0000&datetime=20191124184209&returncode=00&sign=B5774CFB180B093870AFCB03A46FB605&attach=
HTTP状态：
返回：已处理过过的订单

【2019-11-24 18:44:30】
订单号：20191124184311102995
通知地址：https://a.818-158.com/Public.server.do
通知报文：memberid=191095866&orderid=C1911241842597486&transaction_id=20191124184311102995&amount=300.0000&datetime=20191124184430&returncode=00&sign=D09C9F864BA92B7E5D463A3E4BC572F6&attach=499,https://a.818-158.com/Account.jhrecharge.do
HTTP状态：
返回：OK

【2019-11-24 18:46:49】
订单号：20191124184249575748
通知地址：http://pay1.dr5151.com/apis/pay_gateway/jiufujinzhifu/notice
通知报文：memberid=191209911&orderid=F201911241842491081&transaction_id=20191124184249575748&amount=100.0000&datetime=20191124184649&returncode=00&sign=856CF0868860378FB30B757E4DC7BD98&attach=
HTTP状态：
返回：OK

【2019-11-24 18:55:43】
订单号：20191124185122975310
通知地址：http://e019cdb2app.miapp88api.com/Api/Home/payCallBack/jiufubao
通知报文：memberid=191121442&orderid=11241851232500&transaction_id=20191124185122975310&amount=101.0000&datetime=20191124185540&returncode=00&sign=77DA5CF7BFFD97B2A20E0BBE464217C7&attach=
HTTP状态：
返回：查询订单失败查询订单订单状态为未支付ok

【2019-11-24 18:57:35】
订单号：20191124185536569998
通知地址：https://payback3.lebopay.net/jfbscpay/scallback.php
通知报文：memberid=191209913&orderid=2019112406553710504798&transaction_id=20191124185536569998&amount=248.0000&datetime=20191124185733&returncode=00&sign=AF008ECF92C3B853C7A06C89EC12F861&attach=41536-bb046df6a6ed55c97f136d07071f443a
HTTP状态：
返回：OK

【2019-11-24 19:06:57】
订单号：20191124190516999710
通知地址：http://pay1.dr5151.com/apis/pay_gateway/jiufujinzhifu/notice
通知报文：memberid=191209911&orderid=F201911241905161573&transaction_id=20191124190516999710&amount=900.0000&datetime=20191124190656&returncode=00&sign=68D2F0CBF03D144E84387D598B00A51C&attach=
HTTP状态：
返回：OK

【2019-11-24 19:10:48】
订单号：20191124190817495156
通知地址：http://pay1.dr5151.com/apis/pay_gateway/jiufujinzhifu/notice
通知报文：memberid=191209911&orderid=F201911241908168838&transaction_id=20191124190817495156&amount=100.0000&datetime=20191124191048&returncode=00&sign=2A54E89EF4A680FEC3A3490AE55E8B50&attach=
HTTP状态：
返回：OK

【2019-11-24 19:12:07】
订单号：20191124190451515353
通知地址：http://pay.1youbox.com/onlinepay/jiufubaov2/notify.do
通知报文：memberid=191209910&orderid=2019112419045002867&transaction_id=20191124190451515353&amount=500.0000&datetime=20191124191206&returncode=00&sign=57197991A392D86429D80F9350385945&attach=
HTTP状态：
返回：OK

【2019-11-24 19:16:22】
订单号：20191124190731515149
通知地址：http://e019cdb2app.miapp88api.com/Api/Home/payCallBack/jiufubao
通知报文：memberid=191121442&orderid=11241907319041&transaction_id=20191124190731515149&amount=500.0000&datetime=20191124191620&returncode=00&sign=8B0AAC53102865CC8373BA69DECD0651&attach=
HTTP状态：
返回：查询订单失败查询订单订单状态为未支付ok

【2019-11-24 19:19:59】
订单号：20191124191759559910
通知地址：http://pay.ffc585.com/JiuFuBaoZhiFuReturn/Index
通知报文：memberid=191205418&orderid=RK530260866038381295&transaction_id=20191124191759559910&amount=200.0000&datetime=20191124191959&returncode=00&sign=652A5D245A87AAD7D7B13E862D6F5E8E&attach=
HTTP状态：
返回：OK

【2019-11-24 19:25:40】
订单号：20191124192247555010
通知地址：http://pay1.dr5151.com/apis/pay_gateway/jiufujinzhifu/notice
通知报文：memberid=191209911&orderid=F201911241922425036&transaction_id=20191124192247555010&amount=1000.0000&datetime=20191124192539&returncode=00&sign=A3C0EAC6EF6A12AE9FBBB3188FE78A27&attach=
HTTP状态：
返回：OK

【2019-11-24 19:29:27】
订单号：20191124190237100561
通知地址：http://pay1.dr5151.com/apis/pay_gateway/jiufujinzhifu/notice
通知报文：memberid=191209911&orderid=F201911241902303427&transaction_id=20191124190237100561&amount=500.1000&datetime=20191124192927&returncode=00&sign=94F7F9FD6687B9E74E450A356F8FC58D&attach=
HTTP状态：
返回：OK

【2019-11-24 19:29:52】
订单号：20191124191444529799
通知地址：http://e019cdb2webapi.miapp66dom.com/Api/Home/payCallBack/jiufubao
通知报文：memberid=191121442&orderid=11241914453532&transaction_id=20191124191444529799&amount=303.0000&datetime=20191124192951&returncode=00&sign=7DBEF4DCF34D09C394891356FADBA95C&attach=
HTTP状态：
返回：查询订单失败查询订单订单状态为未支付ok

【2019-11-24 19:32:22】
订单号：20191124193038101485
通知地址：http://e019cdb2app.miapp88api.com/Api/Home/payCallBack/jiufubao
通知报文：memberid=191121442&orderid=11241930395945&transaction_id=20191124193038101485&amount=101.0000&datetime=20191124193220&returncode=00&sign=3C57743FCF73CCBDBE2AFF3348809D3E&attach=
HTTP状态：
返回：查询订单失败查询订单订单状态为未支付ok

【2019-11-24 19:34:34】
订单号：20191124193252529810
通知地址：http://pay.1youbox.com/onlinepay/jiufubaov2/notify.do
通知报文：memberid=191209910&orderid=2019112419325402998&transaction_id=20191124193252529810&amount=502.0000&datetime=20191124193433&returncode=00&sign=C19F065CBF0AEA74F28534D7D48E9B73&attach=
HTTP状态：
返回：OK

【2019-11-24 19:40:05】
订单号：20191124193128485497
通知地址：http://e019cdb2webapi.miapp66dom.com/Api/Home/payCallBack/jiufubao
通知报文：memberid=191121442&orderid=11241931275602&transaction_id=20191124193128485497&amount=200.0000&datetime=20191124194002&returncode=00&sign=7DB4AB98D3653596DD84671382D9257F&attach=
HTTP状态：
返回：查询订单失败查询订单订单状态为未支付ok

【2019-11-24 19:42:05】
订单号：20191124193632484848
通知地址：http://pay1.dr5151.com/apis/pay_gateway/jiufujinzhifu/notice
通知报文：memberid=191209911&orderid=F201911241936241309&transaction_id=20191124193632484848&amount=100.0000&datetime=20191124194204&returncode=00&sign=AE23C35FC7566A75A4BA0D588DC00197&attach=
HTTP状态：
返回：OK

【2019-11-24 19:46:09】
订单号：20191124194340995010
通知地址：http://e019cdb2app.miapp88api.com/Api/Home/payCallBack/jiufubao
通知报文：memberid=191121442&orderid=11241943397754&transaction_id=20191124194340995010&amount=200.0000&datetime=20191124194608&returncode=00&sign=11551CA4E32364CABD0326E0EA19F7CA&attach=
HTTP状态：
返回：查询订单失败查询订单订单状态为未支付ok

【2019-11-24 19:47:52】
订单号：20191124194637100485
通知地址：https://payback3.lebopay.net/jfbscpay/scallback.php
通知报文：memberid=191209913&orderid=2019112407463471453135&transaction_id=20191124194637100485&amount=500.0000&datetime=20191124194750&returncode=00&sign=9FD12353872381930F254ACD26F5357D&attach=41535-1194bf903cdc59474c0f26d08f3dc859
HTTP状态：
返回：OK

【2019-11-24 19:49:52】
订单号：20191124194525534954
通知地址：http://e019cdb2app.miapp88api.com/Api/Home/payCallBack/jiufubao
通知报文：memberid=191121442&orderid=11241945247293&transaction_id=20191124194525534954&amount=101.0000&datetime=20191124194950&returncode=00&sign=C57DB98AA4EE2EBB0B3A78337015AAC4&attach=
HTTP状态：
返回：查询订单失败查询订单订单状态为未支付ok

【2019-11-24 19:58:16】
订单号：20191124192503102515
通知地址：http://pay.vip6081.com/onlinepay/jiufubaov2/notify.do
通知报文：memberid=191155102&orderid=2019112419250302031&transaction_id=20191124192503102515&amount=100.0000&datetime=20191124195815&returncode=00&sign=F010BB26775D9DE152393CF6A952F72C&attach=
HTTP状态：
返回：OK

【2019-11-24 20:00:31】
订单号：20191124195818975352
通知地址：http://pay1.dr5151.com/apis/pay_gateway/jiufujinzhifu/notice
通知报文：memberid=191209911&orderid=F201911241958126398&transaction_id=20191124195818975352&amount=100.0000&datetime=20191124200031&returncode=00&sign=0BB0E6BE50521DACDB0F97091168C793&attach=
HTTP状态：
返回：OK

【2019-11-24 20:11:51】
订单号：20191124200912565050
通知地址：http://pay.1youbox.com/onlinepay/jiufubaov2/notify.do
通知报文：memberid=191209910&orderid=2019112420090903187&transaction_id=20191124200912565050&amount=400.0000&datetime=20191124201151&returncode=00&sign=9A8529A377A8A1601DD8C273A6AFBEA4&attach=
HTTP状态：
返回：OK

【2019-11-24 20:11:57】
订单号：20191124200659515650
通知地址：http://e019cdb2app.miapp88api.com/Api/Home/payCallBack/jiufubao
通知报文：memberid=191121442&orderid=11242006592701&transaction_id=20191124200659515650&amount=101.0000&datetime=20191124201155&returncode=00&sign=5743AD0D17DA38EA1EAACBD5A7755A1D&attach=
HTTP状态：
返回：查询订单失败查询订单订单状态为未支付ok

【2019-11-24 20:16:16】
订单号：20191124201409495310
通知地址：http://pay.1youbox.com/onlinepay/jiufubaov2/notify.do
通知报文：memberid=191209910&orderid=2019112420140703225&transaction_id=20191124201409495310&amount=500.0000&datetime=20191124201616&returncode=00&sign=649C2E504132D286A688D8844FD82DDA&attach=
HTTP状态：
返回：OK

【2019-11-24 20:20:25】
订单号：20191124201834975253
通知地址：http://pay1.dr5151.com/apis/pay_gateway/jiufujinzhifu/notice
通知报文：memberid=191209911&orderid=F201911242018314102&transaction_id=20191124201834975253&amount=101.0000&datetime=20191124202024&returncode=00&sign=44284ED0D9212630B4190ECE560EF23B&attach=
HTTP状态：
返回：OK

【2019-11-24 20:20:35】
订单号：20191124201836991015
通知地址：http://e019cdb2app.miapp88api.com/Api/Home/payCallBack/jiufubao
通知报文：memberid=191121442&orderid=11242018308412&transaction_id=20191124201836991015&amount=101.0000&datetime=20191124202033&returncode=00&sign=60DFF822A87F8FAB8BF4A2938D9F379E&attach=
HTTP状态：
返回：查询订单失败查询订单订单状态为未支付ok

【2019-11-24 20:21:49】
订单号：20191124202011985049
通知地址：http://pay1.dr5151.com/apis/pay_gateway/jiufujinzhifu/notice
通知报文：memberid=191209911&orderid=F201911242020079422&transaction_id=20191124202011985049&amount=700.0000&datetime=20191124202148&returncode=00&sign=3A68A4D33B05157C08A7BC99021A188E&attach=
HTTP状态：
返回：OK

【2019-11-24 20:32:14】
订单号：20191124203003989956
通知地址：https://payback3.lebopay.net/jfbscpay/scallback.php
通知报文：memberid=191209913&orderid=2019112408300146267429&transaction_id=20191124203003989956&amount=200.0000&datetime=20191124203212&returncode=00&sign=0AA472C827372431BA31EDC5C2C6803B&attach=41536-ef2535418d3f67ebf2f54c2f025be391
HTTP状态：
返回：OK

【2019-11-24 20:32:20】
订单号：20191124202859985750
通知地址：http://e019cdb2app.miapp88api.com/Api/Home/payCallBack/jiufubao
通知报文：memberid=191121442&orderid=11242028595069&transaction_id=20191124202859985750&amount=300.0000&datetime=20191124203219&returncode=00&sign=084E19A02BA79D2984BEE3DC811973A0&attach=
HTTP状态：
返回：查询订单失败查询订单订单状态为未支付ok

【2019-11-24 20:32:35】
订单号：20191124202332524949
通知地址：http://pay.1youbox.com/onlinepay/jiufubaov2/notify.do
通知报文：memberid=191209910&orderid=2019112420233003317&transaction_id=20191124202332524949&amount=150.5500&datetime=20191124203235&returncode=00&sign=F68800F2DA37A37E4CC97BB86E2AAB9B&attach=
HTTP状态：
返回：OK

【2019-11-24 20:34:26】
订单号：20191124203223555210
通知地址：http://pay1.dr5151.com/apis/pay_gateway/jiufujinzhifu/notice
通知报文：memberid=191209911&orderid=F201911242032119416&transaction_id=20191124203223555210&amount=200.0000&datetime=20191124203425&returncode=00&sign=E433B0C9DD00AFFEC46BE95712C04610&attach=
HTTP状态：
返回：OK

【2019-11-24 20:41:01】
订单号：20191124203832565652
通知地址：http://e019cdb2app.miapp88api.com/Api/Home/payCallBack/jiufubao
通知报文：memberid=191121442&orderid=11242038328240&transaction_id=20191124203832565652&amount=101.0000&datetime=20191124204059&returncode=00&sign=5B30BEB1B5B5B91DD1268E574DDDE2C7&attach=
HTTP状态：
返回：查询订单失败查询订单订单状态为未支付ok

【2019-11-24 20:42:09】
订单号：20191124203933535155
通知地址：http://pay.1youbox.com/onlinepay/jiufubaov2/notify.do
通知报文：memberid=191209910&orderid=2019112420392903459&transaction_id=20191124203933535155&amount=100.0000&datetime=20191124204207&returncode=00&sign=BA9DAC30938D8DE4803B4715BACA096D&attach=
HTTP状态：
返回：OK

【2019-11-24 20:42:16】
订单号：20191124203925100979
通知地址：http://pay.1youbox.com/onlinepay/jiufubaov2/notify.do
通知报文：memberid=191209910&orderid=2019112420392503458&transaction_id=20191124203925100979&amount=100.0000&datetime=20191124204216&returncode=00&sign=84208224A28E64C498FDCA1E7D8E4E98&attach=
HTTP状态：
返回：OK

【2019-11-24 20:45:18】
订单号：20191124194634971014
通知地址：http://pay1.dr5151.com/apis/pay_gateway/jiufujinzhifu/notice
通知报文：memberid=191209911&orderid=F201911241946286283&transaction_id=20191124194634971014&amount=100.0000&datetime=20191124204517&returncode=00&sign=DA026B67D823A4C389DA76431E7E0AA0&attach=
HTTP状态：
返回：OK

【2019-11-24 20:45:31】
订单号：20191124204141534854
通知地址：http://e019cdb2app.miapp88api.com/Api/Home/payCallBack/jiufubao
通知报文：memberid=191121442&orderid=11242041409765&transaction_id=20191124204141534854&amount=300.0000&datetime=20191124204528&returncode=00&sign=2DFAFB5924E07684737F2E48E95FBB68&attach=
HTTP状态：
返回：查询订单失败查询订单订单状态为未支付ok

【2019-11-24 20:49:20】
订单号：20191124204331511005
通知地址：http://pay.vip6081.com/onlinepay/jiufubaov2/notify.do
通知报文：memberid=191155102&orderid=2019112420433102458&transaction_id=20191124204331511005&amount=300.0000&datetime=20191124204920&returncode=00&sign=0F52474577E6B690C1739EE12FF533F0&attach=
HTTP状态：
返回：OK

【2019-11-24 20:50:22】
订单号：20191124204734541009
通知地址：http://e019cdb2app.miapp88api.com/Api/Home/payCallBack/jiufubao
通知报文：memberid=191121442&orderid=11242047351818&transaction_id=20191124204734541009&amount=200.0000&datetime=20191124205020&returncode=00&sign=E5104C2CA3B70CC113AC1166FBA378B0&attach=
HTTP状态：
返回：查询订单失败查询订单订单状态为未支付ok

【2019-11-24 20:53:53】
订单号：20191124205228995354
通知地址：http://pay1.dr5151.com/apis/pay_gateway/jiufujinzhifu/notice
通知报文：memberid=191209911&orderid=F201911242052259249&transaction_id=20191124205228995354&amount=200.0000&datetime=20191124205353&returncode=00&sign=03249AFC2E4503C39568BA7D3525A000&attach=
HTTP状态：
返回：OK

【2019-11-24 20:54:05】
订单号：20191124203113495751
通知地址：http://e019cdb2app.miapp88api.com/Api/Home/payCallBack/jiufubao
通知报文：memberid=191121442&orderid=11242031133776&transaction_id=20191124203113495751&amount=101.0000&datetime=20191124205403&returncode=00&sign=5C5120E19AA1643117E7325BD91966F7&attach=
HTTP状态：
返回：查询订单失败查询订单订单状态为未支付ok

【2019-11-24 20:55:20】
订单号：20191124205302101971
通知地址：http://e019cdb2app.miapp88api.com/Api/Home/payCallBack/jiufubao
通知报文：memberid=191121442&orderid=11242053029455&transaction_id=20191124205302101971&amount=101.0000&datetime=20191124205518&returncode=00&sign=F5941DB7F22A5C59211CF4F6DFAC4993&attach=
HTTP状态：
返回：查询订单失败查询订单订单状态为未支付ok

【2019-11-24 20:55:28】
订单号：20191124205247102100
通知地址：http://pay.1youbox.com/onlinepay/jiufubaov2/notify.do
通知报文：memberid=191209910&orderid=2019112420524203578&transaction_id=20191124205247102100&amount=101.0000&datetime=20191124205526&returncode=00&sign=FC6E1F13FE5352FE7640CADA8FC24FDF&attach=
HTTP状态：
返回：OK

【2019-11-24 20:55:55】
订单号：20191124205204524852
通知地址：http://e019cdb2app.miapp88api.com/Api/Home/payCallBack/jiufubao
通知报文：memberid=191121442&orderid=11242052045596&transaction_id=20191124205204524852&amount=101.0000&datetime=20191124205554&returncode=00&sign=9A5D55931278B0B04B710E0730156775&attach=
HTTP状态：
返回：查询订单失败查询订单订单状态为未支付ok

【2019-11-24 20:56:07】
订单号：20191124205414545457
通知地址：http://e019cdb2app.miapp88api.com/Api/Home/payCallBack/jiufubao
通知报文：memberid=191121442&orderid=11242054145311&transaction_id=20191124205414545457&amount=101.0000&datetime=20191124205605&returncode=00&sign=348D153CFEA5E4B854D64A9D4E76D14C&attach=
HTTP状态：
返回：查询订单失败查询订单订单状态为未支付ok

【2019-11-24 20:56:44】
订单号：20191124205549535110
通知地址：http://pay1.dr5151.com/apis/pay_gateway/jiufujinzhifu/notice
通知报文：memberid=191209911&orderid=F201911242055452150&transaction_id=20191124205549535110&amount=400.1100&datetime=20191124205644&returncode=00&sign=3DF73B2B48B823A0388F1216DD8ED52F&attach=
HTTP状态：
返回：OK

【2019-11-24 20:57:30】
订单号：20191124205552561004
通知地址：http://pay.1youbox.com/onlinepay/jiufubaov2/notify.do
通知报文：memberid=191209910&orderid=2019112420552903597&transaction_id=20191124205552561004&amount=100.0000&datetime=20191124205730&returncode=00&sign=934C984A7E0E1799CAF6A073F82B28DA&attach=
HTTP状态：
返回：OK

【2019-11-24 21:01:54】
订单号：20191124165330975110
通知地址：http://e019cdb2webapi.miapp66dom.com/Api/Home/payCallBack/jiufubao
通知报文：memberid=191121442&orderid=11241653305187&transaction_id=20191124165330975110&amount=300.0000&datetime=20191124210153&returncode=00&sign=752A8C2FB3ADA0F496F1019035AC7E01&attach=
HTTP状态：
返回：查询订单失败查询订单订单状态为未支付ok

【2019-11-24 21:03:14】
订单号：20191124210117100525
通知地址：http://e019cdb2app.miapp88api.com/Api/Home/payCallBack/jiufubao
通知报文：memberid=191121442&orderid=11242101176392&transaction_id=20191124210117100525&amount=600.0000&datetime=20191124210312&returncode=00&sign=0B1A048F14F30D39EA82460C34EB9D79&attach=
HTTP状态：
返回：查询订单失败查询订单订单状态为未支付ok

【2019-11-24 21:03:51】
订单号：20191124210239102489
通知地址：http://pay.1youbox.com/onlinepay/jiufubaov2/notify.do
通知报文：memberid=191209910&orderid=2019112421023303649&transaction_id=20191124210239102489&amount=200.0000&datetime=20191124210351&returncode=00&sign=C124EBA18315361952240E6535532CD2&attach=
HTTP状态：
返回：OK

【2019-11-24 21:04:05】
订单号：20191124210306975349
通知地址：http://e019cdb2app.miapp88api.com/Api/Home/payCallBack/jiufubao
通知报文：memberid=191121442&orderid=11242103064240&transaction_id=20191124210306975349&amount=101.0000&datetime=20191124210404&returncode=00&sign=13124B026FE574AF4F2DBF50FE8FA7F2&attach=
HTTP状态：
返回：查询订单失败查询订单订单状态为未支付ok

【2019-11-24 21:18:59】
订单号：20191124211736485599
通知地址：http://pay.1youbox.com/onlinepay/jiufubaov2/notify.do
通知报文：memberid=191209910&orderid=2019112421173503757&transaction_id=20191124211736485599&amount=100.0000&datetime=20191124211857&returncode=00&sign=7DE6920CF29C2584D227850615AAC1B8&attach=
HTTP状态：
返回：OK

【2019-11-24 21:22:54】
订单号：20191124205711559898
通知地址：http://pay1.dr5151.com/apis/pay_gateway/jiufujinzhifu/notice
通知报文：memberid=191209911&orderid=F201911242057081875&transaction_id=20191124205711559898&amount=101.0000&datetime=20191124212254&returncode=00&sign=53AF1E94B9EA36DD0B19C0C23A153DAE&attach=
HTTP状态：
返回：已处理过过的订单

【2019-11-24 21:26:46】
订单号：20191124211637531001
通知地址：https://a.818-158.com/Public.server.do
通知报文：memberid=191095866&orderid=M1911242116301029&transaction_id=20191124211637531001&amount=100.0000&datetime=20191124212646&returncode=00&sign=BEF20B3E0B751D118D0906D0429662AA&attach=421,https://a.818-158.com/Account.jhrecharge.do
HTTP状态：
返回：OK

【2019-11-24 21:30:25】
订单号：20191124212810975457
通知地址：http://pay.vip6081.com/onlinepay/jiufubaov2/notify.do
通知报文：memberid=191155102&orderid=2019112421280802758&transaction_id=20191124212810975457&amount=200.0000&datetime=20191124213023&returncode=00&sign=6B70B68AD877D12CCB3D5957F967C543&attach=
HTTP状态：
返回：OK

【2019-11-24 21:35:15】
订单号：20191124212250975155
通知地址：http://pay.vip6081.com/onlinepay/jiufubaov2/notify.do
通知报文：memberid=191155102&orderid=2019112421224802736&transaction_id=20191124212250975155&amount=100.0000&datetime=20191124213513&returncode=00&sign=9AD8581CBF99DE8BEB826B11594FB6C3&attach=
HTTP状态：
返回：OK

【2019-11-24 22:12:17】
订单号：20191124220722975610
通知地址：http://pay.1youbox.com/onlinepay/jiufubaov2/notify.do
通知报文：memberid=191209910&orderid=2019112422072004087&transaction_id=20191124220722975610&amount=500.0000&datetime=20191124221217&returncode=00&sign=D9A92B37472459B623D71A2FBD2A891E&attach=
HTTP状态：
返回：OK

【2019-11-24 22:21:23】
订单号：20191124220227514857
通知地址：http://pay.1youbox.com/onlinepay/jiufubaov2/notify.do
通知报文：memberid=191209910&orderid=2019112422022404052&transaction_id=20191124220227514857&amount=100.0000&datetime=20191124222123&returncode=00&sign=2C194D66E6C3226E5C6DBB3AA6907E62&attach=
HTTP状态：
返回：OK

【2019-11-24 22:34:06】
订单号：20191124205711559898
通知地址：http://pay1.dr5151.com/apis/pay_gateway/jiufujinzhifu/notice
通知报文：memberid=191209911&orderid=F201911242057081875&transaction_id=20191124205711559898&amount=101.0000&datetime=20191124223406&returncode=00&sign=5FC06C60D5D704950C5E640DDFB59433&attach=
HTTP状态：
返回：已处理过过的订单

【2019-11-24 22:34:19】
订单号：20191124223202505652
通知地址：http://pay.vip6081.com/onlinepay/jiufubaov2/notify.do
通知报文：memberid=191155102&orderid=2019112422315803134&transaction_id=20191124223202505652&amount=1000.0000&datetime=20191124223419&returncode=00&sign=252CDF58C63DE78CF4A54844900EB09C&attach=
HTTP状态：
返回：OK

【2019-11-24 22:35:37】
订单号：20191124223250505748
通知地址：https://a.818-158.com/Public.server.do
通知报文：memberid=191095866&orderid=K1911242232490491&transaction_id=20191124223250505748&amount=3000.0000&datetime=20191124223537&returncode=00&sign=465AC9F503DECAB83A80E6AD585450B2&attach=512,https://a.818-158.com/Account.jhrecharge.do
HTTP状态：
返回：OK

【2019-11-24 22:36:02】
订单号：20191124223344565050
通知地址：http://pay.1youbox.com/onlinepay/jiufubaov2/notify.do
通知报文：memberid=191209910&orderid=2019112422332104212&transaction_id=20191124223344565050&amount=500.0000&datetime=20191124223602&returncode=00&sign=D584E2BBD1238AB86A7E313BB9C4DE07&attach=
HTTP状态：
返回：OK

【2019-11-24 22:43:34】
订单号：20191124224059981005
通知地址：https://a.818-158.com/Public.server.do
通知报文：memberid=191095866&orderid=Z1911242240597873&transaction_id=20191124224059981005&amount=600.0000&datetime=20191124224334&returncode=00&sign=EAE14592CA6BAEAC6DEBE8253ECD6A09&attach=501,https://a.818-158.com/Account.jhrecharge.do
HTTP状态：
返回：OK

【2019-11-24 22:48:51】
订单号：20191124224711102545
通知地址：http://pay.vip6081.com/onlinepay/jiufubaov2/notify.do
通知报文：memberid=191155102&orderid=2019112422470903190&transaction_id=20191124224711102545&amount=100.0000&datetime=20191124224851&returncode=00&sign=C5CE29D68617348EFB9ADB66FAB729D6&attach=
HTTP状态：
返回：OK

【2019-11-24 22:51:59】
订单号：20191124224320565110
通知地址：https://a.818-158.com/Public.server.do
通知报文：memberid=191095866&orderid=H1911242243201680&transaction_id=20191124224320565110&amount=5000.0000&datetime=20191124225159&returncode=00&sign=BBBD20349615DEA53A3B5CBA3B0E9A60&attach=512,https://a.818-158.com/Account.jhrecharge.do
HTTP状态：
返回：OK

【2019-11-24 22:57:18】
订单号：20191124225542101101
通知地址：http://pay.vip6081.com/onlinepay/jiufubaov2/notify.do
通知报文：memberid=191155102&orderid=2019112422554103214&transaction_id=20191124225542101101&amount=100.0000&datetime=20191124225718&returncode=00&sign=20AD0135C484D98D9CFF92D28A6349E2&attach=
HTTP状态：
返回：OK

【2019-11-24 23:09:45】
订单号：20191124230725100531
通知地址：http://pay.1youbox.com/onlinepay/jiufubaov2/notify.do
通知报文：memberid=191209910&orderid=2019112423072304372&transaction_id=20191124230725100531&amount=600.0000&datetime=20191124230944&returncode=00&sign=9BC8CBC63A5F01BF41342D26969299F7&attach=
HTTP状态：
返回：OK

【2019-11-24 23:51:47】
订单号：20191124235006101579
通知地址：http://pay.vip6081.com/onlinepay/jiufubaov2/notify.do
通知报文：memberid=191155102&orderid=2019112423495603358&transaction_id=20191124235006101579&amount=100.0000&datetime=20191124235145&returncode=00&sign=F8E97CFA9D11F52F8AFBC90154B34D20&attach=
HTTP状态：
返回：OK

【2019-11-24 23:52:52】
订单号：20191124235112485498
通知地址：http://pay1.dr5151.com/apis/pay_gateway/jiufujinzhifu/notice
通知报文：memberid=191209911&orderid=F201911242351114930&transaction_id=20191124235112485498&amount=300.0000&datetime=20191124235250&returncode=00&sign=13A77879E577D7C5D7F2D0CF47620BF9&attach=
HTTP状态：
返回：OK

