【2019-12-08 00:40:28】
订单号：20191208003844521009
通知地址：https://payback3.lebopay.net/jfbscpay/scallback.php
通知报文：memberid=191209913&orderid=2019120712383830142827&transaction_id=20191208003844521009&amount=100.0000&datetime=20191208004026&returncode=00&sign=356732B714EB65368986744BC838584B&attach=41536-a403e7fcc146242a13bf6e8c7ae749d9
HTTP状态：
返回：OK

【2019-12-08 00:56:04】
订单号：20191208004916995298
通知地址：http://pay.1youbox.com/onlinepay/jiufubaov2/notify.do
通知报文：memberid=191209910&orderid=2019120800470500101&transaction_id=20191208004916995298&amount=500.0000&datetime=20191208005603&returncode=00&sign=E19615EB1CCD06CC0F5D749D8E3C63BC&attach=
HTTP状态：
返回：OK

【2019-12-08 11:26:59】
订单号：20191208112443985110
通知地址：https://wanjia365.cn/Public.server.do
通知报文：memberid=191095866&orderid=S1912081124368236&transaction_id=20191208112443985110&amount=500.0000&datetime=20191208112659&returncode=00&sign=DE34A7C1148A229557F790FC8B6995D4&attach=691,https://wanjia365.cn/Account.jhrecharge.do
HTTP状态：
返回：

【2019-12-08 11:27:06】
订单号：20191208112443985110
通知地址：https://wanjia365.cn/Public.server.do
通知报文：memberid=191095866&orderid=S1912081124368236&transaction_id=20191208112443985110&amount=500.0000&datetime=20191208112705&returncode=00&sign=0C2E47ED667306FD2183F4A3F14D47A5&attach=691,https://wanjia365.cn/Account.jhrecharge.do
HTTP状态：
返回：

【2019-12-08 11:27:11】
订单号：20191208112443985110
通知地址：https://wanjia365.cn/Public.server.do
通知报文：memberid=191095866&orderid=S1912081124368236&transaction_id=20191208112443985110&amount=500.0000&datetime=20191208112711&returncode=00&sign=B259BB5B6AD55B4301826E314A51A74D&attach=691,https://wanjia365.cn/Account.jhrecharge.do
HTTP状态：
返回：

【2019-12-08 11:29:44】
订单号：20191208112732521015
通知地址：https://wanjia365.cn/Public.server.do
通知报文：memberid=191095866&orderid=E1912081127322004&transaction_id=20191208112732521015&amount=500.0000&datetime=20191208112944&returncode=00&sign=8062A0D976CB30E8E76DDAFB6362053A&attach=501,https://wanjia365.cn/Account.jhrecharge.do
HTTP状态：
返回：

【2019-12-08 11:30:00】
订单号：20191208112732521015
通知地址：https://wanjia365.cn/Public.server.do
通知报文：memberid=191095866&orderid=E1912081127322004&transaction_id=20191208112732521015&amount=500.0000&datetime=20191208112959&returncode=00&sign=7F6567591AE0A0203100D040C2DA1D7F&attach=501,https://wanjia365.cn/Account.jhrecharge.do
HTTP状态：
返回：

【2019-12-08 11:30:11】
订单号：20191208112732521015
通知地址：https://wanjia365.cn/Public.server.do
通知报文：memberid=191095866&orderid=E1912081127322004&transaction_id=20191208112732521015&amount=500.0000&datetime=20191208113011&returncode=00&sign=892C5C3BC25B4B990A32D45987906BA0&attach=501,https://wanjia365.cn/Account.jhrecharge.do
HTTP状态：
返回：

【2019-12-08 11:37:47】
订单号：20191208113335102539
通知地址：http://pay.ffc585.com/JiuFuBaoZhiFuReturn/Index
通知报文：memberid=191205418&orderid=RK380699644799270447&transaction_id=20191208113335102539&amount=500.0000&datetime=20191208113746&returncode=00&sign=A8803A7D00B2559B6CF0841A53AE3895&attach=
HTTP状态：
返回：OK

【2019-12-08 11:52:22】
订单号：20191208115102545610
通知地址：https://wanjia365.cn/Public.server.do
通知报文：memberid=191095866&orderid=S1912081151022609&transaction_id=20191208115102545610&amount=1000.0000&datetime=20191208115221&returncode=00&sign=0451361CD054256A403EC24E2385D0D0&attach=501,https://wanjia365.cn/Account.jhrecharge.do
HTTP状态：
返回：

【2019-12-08 12:01:08】
订单号：20191208115640561019
通知地址：https://wanjia365.cn/Public.server.do
通知报文：memberid=191095866&orderid=G1912081156386047&transaction_id=20191208115640561019&amount=1000.0000&datetime=20191208120107&returncode=00&sign=2CF184A0B295969D4367F27604837564&attach=691,https://wanjia365.cn/Account.jhrecharge.do
HTTP状态：
返回：

【2019-12-08 12:01:12】
订单号：20191208115640561019
通知地址：https://wanjia365.cn/Public.server.do
通知报文：memberid=191095866&orderid=G1912081156386047&transaction_id=20191208115640561019&amount=1000.0000&datetime=20191208120111&returncode=00&sign=EF00FD1AC3DEE5218210DEA01D007CC3&attach=691,https://wanjia365.cn/Account.jhrecharge.do
HTTP状态：
返回：

【2019-12-08 12:01:12】
订单号：20191208115640561019
通知地址：https://wanjia365.cn/Public.server.do
通知报文：memberid=191095866&orderid=G1912081156386047&transaction_id=20191208115640561019&amount=1000.0000&datetime=20191208120111&returncode=00&sign=EF00FD1AC3DEE5218210DEA01D007CC3&attach=691,https://wanjia365.cn/Account.jhrecharge.do
HTTP状态：
返回：

【2019-12-08 12:01:12】
订单号：20191208115908994949
通知地址：http://pay.vip6081.com/onlinepay/jiufubaov2/notify.do
通知报文：memberid=191155102&orderid=2019120811590200594&transaction_id=20191208115908994949&amount=1000.0000&datetime=20191208120111&returncode=00&sign=002066183CD168FC8CEC8655317075EE&attach=
HTTP状态：
返回：OK

【2019-12-08 12:01:18】
订单号：20191208115640561019
通知地址：https://wanjia365.cn/Public.server.do
通知报文：memberid=191095866&orderid=G1912081156386047&transaction_id=20191208115640561019&amount=1000.0000&datetime=20191208120117&returncode=00&sign=0EA45845868021D84249EF208284F74F&attach=691,https://wanjia365.cn/Account.jhrecharge.do
HTTP状态：
返回：

【2019-12-08 12:20:57】
订单号：20191208121615102985
通知地址：https://pay.fh89zf.com/onlinePay/notify/p2jiufubaov2.do
通知报文：memberid=191194184&orderid=D2019120812161700290&transaction_id=20191208121615102985&amount=300.0000&datetime=20191208122055&returncode=00&sign=2FC0BE28C10E621663B56D85E90DA10B&attach=
HTTP状态：
返回：OK

【2019-12-08 12:31:05】
订单号：20191208122509535651
通知地址：https://wanjia365.cn/Public.server.do
通知报文：memberid=191095866&orderid=I1912081225090470&transaction_id=20191208122509535651&amount=2000.0000&datetime=20191208123104&returncode=00&sign=E9484DBDC1B726FA4BE1126244E48D83&attach=501,https://wanjia365.cn/Account.jhrecharge.do
HTTP状态：
返回：

【2019-12-08 12:31:32】
订单号：20191208122232565210
通知地址：http://pay.1youbox.com/onlinepay/jiufubaov2/notify.do
通知报文：memberid=191209910&orderid=2019120812222901407&transaction_id=20191208122232565210&amount=200.0000&datetime=20191208123132&returncode=00&sign=DDADDB8790D9F63AA133BC95B44587B2&attach=
HTTP状态：
返回：OK

【2019-12-08 12:35:22】
订单号：20191208123126101499
通知地址：http://pay.1youbox.com/onlinepay/jiufubaov2/notify.do
通知报文：memberid=191209910&orderid=2019120812312701453&transaction_id=20191208123126101499&amount=100.0000&datetime=20191208123522&returncode=00&sign=B6EF30A45984C0EECBA435ACDB3CD95C&attach=
HTTP状态：
返回：OK

【2019-12-08 12:37:40】
订单号：20191208123356529910
通知地址：https://wanjia365.cn/Public.server.do
通知报文：memberid=191095866&orderid=L1912081233476165&transaction_id=20191208123356529910&amount=1000.0000&datetime=20191208123740&returncode=00&sign=37FF56572E8556B8CC9606AC4BF8B13D&attach=691,https://wanjia365.cn/Account.jhrecharge.do
HTTP状态：
返回：

【2019-12-08 12:40:52】
订单号：20191208123813539957
通知地址：http://e019cdb2app.miapp88api.com/Api/Home/payCallBack/jiufubao
通知报文：memberid=191121442&orderid=12081238152281&transaction_id=20191208123813539957&amount=3000.0000&datetime=20191208124050&returncode=00&sign=42404307FC4BCA0345DEACE8A463E7FE&attach=
HTTP状态：
返回：查询订单失败查询订单订单状态为未支付ok

【2019-12-08 12:44:01】
订单号：20191208124247555349
通知地址：http://e019cdb2app.miapp88api.com/Api/Home/payCallBack/jiufubao
通知报文：memberid=191121442&orderid=12081242453911&transaction_id=20191208124247555349&amount=2000.0000&datetime=20191208124358&returncode=00&sign=D4C38C99C7F8E4B27989B5256D47C747&attach=
HTTP状态：
返回：查询订单失败查询订单订单状态为未支付ok

【2019-12-08 12:54:34】
订单号：20191208125302101551
通知地址：https://wanjia365.cn/Public.server.do
通知报文：memberid=191095866&orderid=N1912081253025429&transaction_id=20191208125302101551&amount=2000.0000&datetime=20191208125433&returncode=00&sign=4AAD6B7FAF66E9B5FA91D8EDF8180D0D&attach=501,https://wanjia365.cn/Account.jhrecharge.do
HTTP状态：
返回：

【2019-12-08 12:58:35】
订单号：20191208125524991005
通知地址：http://pay.1youbox.com/onlinepay/jiufubaov2/notify.do
通知报文：memberid=191209910&orderid=2019120812552101563&transaction_id=20191208125524991005&amount=200.0000&datetime=20191208125834&returncode=00&sign=2D733D07465BF7C7561D75A5D22F44EE&attach=
HTTP状态：
返回：OK

【2019-12-08 13:01:33】
订单号：20191208125020995310
通知地址：http://pay.1youbox.com/onlinepay/jiufubaov2/notify.do
通知报文：memberid=191209910&orderid=2019120812501801544&transaction_id=20191208125020995310&amount=100.0000&datetime=20191208130133&returncode=00&sign=E138CB5F9E7B1335B1D139B50CA8A310&attach=
HTTP状态：
返回：OK

【2019-12-08 13:04:01】
订单号：20191208130218971001
通知地址：http://e019cdb2app.miapp88api.com/Api/Home/payCallBack/jiufubao
通知报文：memberid=191121442&orderid=12081302204386&transaction_id=20191208130218971001&amount=150.0000&datetime=20191208130359&returncode=00&sign=9B3F61F22FEF768C8C7D424C0094CEFC&attach=
HTTP状态：
返回：查询订单失败查询订单订单状态为未支付ok

【2019-12-08 13:09:22】
订单号：20191208130739985548
通知地址：http://e019cdb2app.miapp88api.com/Api/Home/payCallBack/jiufubao
通知报文：memberid=191121442&orderid=12081307407145&transaction_id=20191208130739985548&amount=300.0000&datetime=20191208130919&returncode=00&sign=7EC3F626B76AD38D4AA5724566CFDA1B&attach=
HTTP状态：
返回：查询订单失败查询订单订单状态为未支付ok

【2019-12-08 13:16:28】
订单号：20191208131236525650
通知地址：http://pay.1youbox.com/onlinepay/jiufubaov2/notify.do
通知报文：memberid=191209910&orderid=2019120813123201639&transaction_id=20191208131236525650&amount=300.0000&datetime=20191208131627&returncode=00&sign=FE64477A2AF16EABF61BD04A6E56599F&attach=
HTTP状态：
返回：OK

【2019-12-08 13:16:31】
订单号：20191208131414541005
通知地址：https://pay.fh89zf.com/onlinePay/notify/p2jiufubaov2.do
通知报文：memberid=191194184&orderid=D2019120813141600353&transaction_id=20191208131414541005&amount=100.0000&datetime=20191208131630&returncode=00&sign=825C395D869F7C3E0426EF383C1E2DA2&attach=
HTTP状态：
返回：OK

【2019-12-08 13:18:05】
订单号：20191208131614101985
通知地址：http://pay.vip6081.com/onlinepay/jiufubaov2/notify.do
通知报文：memberid=191155102&orderid=2019120813161400849&transaction_id=20191208131614101985&amount=120.0000&datetime=20191208131804&returncode=00&sign=099A7A6AEE500A55E31710174DACCB3E&attach=
HTTP状态：
返回：OK

【2019-12-08 13:24:19】
订单号：20191208132138505710
通知地址：http://pay.1youbox.com/onlinepay/jiufubaov2/notify.do
通知报文：memberid=191209910&orderid=2019120813213901687&transaction_id=20191208132138505710&amount=200.0000&datetime=20191208132418&returncode=00&sign=409A50D47DAAD2C91B2EFA40AC1EA48E&attach=
HTTP状态：
返回：OK

【2019-12-08 13:28:57】
订单号：20191208132632561005
通知地址：http://pay.1youbox.com/onlinepay/jiufubaov2/notify.do
通知报文：memberid=191209910&orderid=2019120813263401724&transaction_id=20191208132632561005&amount=250.0000&datetime=20191208132857&returncode=00&sign=06341A4C8A8943CF5D10847302E0C8B8&attach=
HTTP状态：
返回：OK

【2019-12-08 13:32:41】
订单号：20191208133040485351
通知地址：http://e019cdb2app.miapp88api.com/Api/Home/payCallBack/jiufubao
通知报文：memberid=191121442&orderid=12081330411298&transaction_id=20191208133040485351&amount=300.0000&datetime=20191208133239&returncode=00&sign=978A72CDE1EB395FBE4299E9F9727C3E&attach=
HTTP状态：
返回：查询订单失败查询订单订单状态为未支付ok

【2019-12-08 13:40:43】
订单号：20191208133835985099
通知地址：https://pay.fh89zf.com/onlinePay/notify/p2jiufubaov2.do
通知报文：memberid=191194184&orderid=D2019120813383600369&transaction_id=20191208133835985099&amount=200.0000&datetime=20191208134039&returncode=00&sign=6B8B5E88F888AA24D6C97F7F30797A7A&attach=
HTTP状态：
返回：OK

【2019-12-08 13:48:26】
订单号：20191208134449495649
通知地址：http://pay.vip6081.com/onlinepay/jiufubaov2/notify.do
通知报文：memberid=191155102&orderid=2019120813444900961&transaction_id=20191208134449495649&amount=300.0000&datetime=20191208134825&returncode=00&sign=138788BA451F5A8068528AA1C7C1CFBF&attach=
HTTP状态：
返回：OK

【2019-12-08 13:52:25】
订单号：20191208133058505210
通知地址：http://pay.1youbox.com/onlinepay/jiufubaov2/notify.do
通知报文：memberid=191209910&orderid=2019120813305001741&transaction_id=20191208133058505210&amount=150.0000&datetime=20191208135225&returncode=00&sign=88378ABA40238E883EDDFDD3A21E0F6D&attach=
HTTP状态：
返回：OK

【2019-12-08 14:02:40】
订单号：20191208140044995455
通知地址：https://wanjia365.cn/Public.server.do
通知报文：memberid=191095866&orderid=Q1912081400437663&transaction_id=20191208140044995455&amount=500.0000&datetime=20191208140240&returncode=00&sign=D919D2C205F4F1A26158EC128D524932&attach=512,https://wanjia365.cn/Account.jhrecharge.do
HTTP状态：
返回：

【2019-12-08 14:06:20】
订单号：20191208140457571005
通知地址：http://pay.1youbox.com/onlinepay/jiufubaov2/notify.do
通知报文：memberid=191209910&orderid=2019120814045602017&transaction_id=20191208140457571005&amount=101.0000&datetime=20191208140620&returncode=00&sign=FFF5F69032BD6EB079B428BEB5A64947&attach=
HTTP状态：
返回：OK

【2019-12-08 14:11:13】
订单号：20191208140853535310
通知地址：https://pay.fh89zf.com/onlinePay/notify/p2jiufubaov2.do
通知报文：memberid=191194184&orderid=D2019120814084700401&transaction_id=20191208140853535310&amount=200.0000&datetime=20191208141111&returncode=00&sign=5E151CBE8A5E8E8EF08155CAF06C2484&attach=
HTTP状态：
返回：OK

【2019-12-08 14:14:13】
订单号：20191208141223555598
通知地址：http://pay.1youbox.com/onlinepay/jiufubaov2/notify.do
通知报文：memberid=191209910&orderid=2019120814122402084&transaction_id=20191208141223555598&amount=200.0000&datetime=20191208141411&returncode=00&sign=2F1CC854CA4BF7EDAE1F96155CEDBD84&attach=
HTTP状态：
返回：OK

【2019-12-08 14:21:39】
订单号：20191208141909100501
通知地址：http://e019cdb2app.miapp88api.com/Api/Home/payCallBack/jiufubao
通知报文：memberid=191121442&orderid=12081419107114&transaction_id=20191208141909100501&amount=300.0000&datetime=20191208142136&returncode=00&sign=44E854D4B4620673A556B1EB245A5989&attach=
HTTP状态：
返回：查询订单失败查询订单订单状态为未支付ok

【2019-12-08 14:23:44】
订单号：20191208142203989910
通知地址：http://pay.1youbox.com/onlinepay/jiufubaov2/notify.do
通知报文：memberid=191209910&orderid=2019120814220402139&transaction_id=20191208142203989910&amount=200.0000&datetime=20191208142344&returncode=00&sign=340768D70DE8C8FAA4BCBB1CBBC6D9B2&attach=
HTTP状态：
返回：OK

【2019-12-08 14:25:14】
订单号：20191208135917535548
通知地址：http://pay.vip6081.com/onlinepay/jiufubaov2/notify.do
通知报文：memberid=191155102&orderid=2019120813591700998&transaction_id=20191208135917535548&amount=550.0000&datetime=20191208142512&returncode=00&sign=2163E92EC99B3FD3ACC637702C62B0A7&attach=
HTTP状态：
返回：

【2019-12-08 14:26:59】
订单号：20191208142443984850
通知地址：https://wanjia365.cn/Public.server.do
通知报文：memberid=191095866&orderid=W1912081424433133&transaction_id=20191208142443984850&amount=1000.0000&datetime=20191208142659&returncode=00&sign=FF6205B2B617BB7B5080FA5BC1C3CC5A&attach=512,https://wanjia365.cn/Account.jhrecharge.do
HTTP状态：
返回：

【2019-12-08 14:33:45】
订单号：20191208142934101101
通知地址：http://e019cdb2app.miapp88api.com/Api/Home/payCallBack/jiufubao
通知报文：memberid=191121442&orderid=12081429362774&transaction_id=20191208142934101101&amount=100.0000&datetime=20191208143343&returncode=00&sign=CC95E7D7B0773B8E83A95DA02A1EA0DF&attach=
HTTP状态：
返回：查询订单失败查询订单订单状态为未支付ok

【2019-12-08 14:35:15】
订单号：20191208143232481015
通知地址：http://pay.1youbox.com/onlinepay/jiufubaov2/notify.do
通知报文：memberid=191209910&orderid=2019120814323402222&transaction_id=20191208143232481015&amount=501.0000&datetime=20191208143514&returncode=00&sign=52686BB2ED1E9A33ED8B77F880336253&attach=
HTTP状态：
返回：OK

【2019-12-08 14:42:41】
订单号：20191208144059981015
通知地址：http://pay.vip6081.com/onlinepay/jiufubaov2/notify.do
通知报文：memberid=191155102&orderid=2019120814410001134&transaction_id=20191208144059981015&amount=200.0000&datetime=20191208144238&returncode=00&sign=DEB3C5AF908682C9AEA0B62B295D0256&attach=
HTTP状态：
返回：OK

【2019-12-08 14:44:10】
订单号：20191208144230549850
通知地址：http://pay.1youbox.com/onlinepay/jiufubaov2/notify.do
通知报文：memberid=191209910&orderid=2019120814423102273&transaction_id=20191208144230549850&amount=200.0000&datetime=20191208144410&returncode=00&sign=A3E067BBE0CC542FF7BA0F1DA1050D59&attach=
HTTP状态：
返回：OK

【2019-12-08 14:53:51】
订单号：20191208145046545799
通知地址：https://pay.fh89zf.com/onlinePay/notify/p2jiufubaov2.do
通知报文：memberid=191194184&orderid=D2019120814504800457&transaction_id=20191208145046545799&amount=500.0000&datetime=20191208145350&returncode=00&sign=80272E913BB9C205D7D3262E1B3EEC03&attach=
HTTP状态：
返回：OK

【2019-12-08 14:56:35】
订单号：20191208145307511015
通知地址：https://pay.fh89zf.com/onlinePay/notify/p2jiufubaov2.do
通知报文：memberid=191194184&orderid=D2019120814530100459&transaction_id=20191208145307511015&amount=100.0000&datetime=20191208145633&returncode=00&sign=59AAA6C178E0745D789218CF10FB28DA&attach=
HTTP状态：
返回：OK

【2019-12-08 14:58:09】
订单号：20191208145603514955
通知地址：https://wanjia365.cn/Public.server.do
通知报文：memberid=191095866&orderid=G1912081456039508&transaction_id=20191208145603514955&amount=2000.0000&datetime=20191208145809&returncode=00&sign=7B6AC2EB91FF312D58724834391D5B81&attach=512,https://wanjia365.cn/Account.jhrecharge.do
HTTP状态：
返回：

【2019-12-08 15:00:16】
订单号：20191208145746975798
通知地址：https://pay.fh89zf.com/onlinePay/notify/p2jiufubaov2.do
通知报文：memberid=191194184&orderid=D2019120814574500466&transaction_id=20191208145746975798&amount=200.0000&datetime=20191208150012&returncode=00&sign=E73D68EB836526215BFC6F3861BF8F96&attach=
HTTP状态：
返回：OK

【2019-12-08 15:08:31】
订单号：20191208150700525556
通知地址：http://e019cdb2app.miapp88api.com/Api/Home/payCallBack/jiufubao
通知报文：memberid=191121442&orderid=12081507025129&transaction_id=20191208150700525556&amount=1000.0000&datetime=20191208150829&returncode=00&sign=DE2A87A02B427058EB670CD65DBB9EC1&attach=
HTTP状态：
返回：查询订单失败查询订单订单状态为未支付ok

【2019-12-08 15:25:56】
订单号：20191208151323514810
通知地址：http://pay.1youbox.com/onlinepay/jiufubaov2/notify.do
通知报文：memberid=191209910&orderid=2019120815132402474&transaction_id=20191208151323514810&amount=100.0000&datetime=20191208152554&returncode=00&sign=D38E3FA5DF5CA771342116DAE1ADF46D&attach=
HTTP状态：
返回：OK

【2019-12-08 15:26:58】
订单号：20191208152516995251
通知地址：http://pay.vip6081.com/onlinepay/jiufubaov2/notify.do
通知报文：memberid=191155102&orderid=2019120815251701258&transaction_id=20191208152516995251&amount=101.0000&datetime=20191208152658&returncode=00&sign=78192B3C96CB2B84095C8AFA52C45049&attach=
HTTP状态：
返回：OK

【2019-12-08 15:31:17】
订单号：20191208152800489953
通知地址：http://pay.1youbox.com/onlinepay/jiufubaov2/notify.do
通知报文：memberid=191209910&orderid=2019120815275602563&transaction_id=20191208152800489953&amount=500.0000&datetime=20191208153117&returncode=00&sign=14804F422C268348A2A79F4F09CD98CA&attach=
HTTP状态：
返回：OK

【2019-12-08 15:35:47】
订单号：20191208153356529750
通知地址：http://pay.vip6081.com/onlinepay/jiufubaov2/notify.do
通知报文：memberid=191155102&orderid=2019120815335801286&transaction_id=20191208153356529750&amount=260.0000&datetime=20191208153546&returncode=00&sign=6BC4A56CD3DAD719DF7F9F4D0CF6792A&attach=
HTTP状态：
返回：OK

【2019-12-08 15:38:59】
订单号：20191208153615102101
通知地址：http://pay.1youbox.com/onlinepay/jiufubaov2/notify.do
通知报文：memberid=191209910&orderid=2019120815361602601&transaction_id=20191208153615102101&amount=500.0000&datetime=20191208153859&returncode=00&sign=F3C605B960D4E05ACBB44D8A9EA23B42&attach=
HTTP状态：
返回：OK

【2019-12-08 15:44:41】
订单号：20191208154146979850
通知地址：http://pay.1youbox.com/onlinepay/jiufubaov2/notify.do
通知报文：memberid=191209910&orderid=2019120815414602635&transaction_id=20191208154146979850&amount=200.0000&datetime=20191208154441&returncode=00&sign=2FC9D8D7B6A94EB8880863236DCA0933&attach=
HTTP状态：
返回：OK

【2019-12-08 16:03:30】
订单号：20191208160116995450
通知地址：http://pay.ffc585.com/JiuFuBaoZhiFuReturn/Index
通知报文：memberid=191205418&orderid=RK380225970971490913&transaction_id=20191208160116995450&amount=1000.0000&datetime=20191208160328&returncode=00&sign=0E93F0C62F16FD08B1069357127FA31A&attach=
HTTP状态：
返回：OK

【2019-12-08 16:10:00】
订单号：20191208160647559710
通知地址：https://www.wanjia365.cn/Public.server.do
通知报文：memberid=191095866&orderid=O1912081602538443&transaction_id=20191208160647559710&amount=500.0000&datetime=20191208160959&returncode=00&sign=D3B95E228D15CF59A8C689E8B4E211A6&attach=521,https://www.wanjia365.cn/Account.jhrecharge.do
HTTP状态：
返回：OK

【2019-12-08 16:14:15】
订单号：20191208161218505552
通知地址：https://pay.fh89zf.com/onlinePay/notify/p2jiufubaov2.do
通知报文：memberid=191194184&orderid=D2019120816121300559&transaction_id=20191208161218505552&amount=1000.0000&datetime=20191208161414&returncode=00&sign=1B890DAE783C11C7655D90BFD84C932A&attach=
HTTP状态：
返回：OK

【2019-12-08 16:35:08】
订单号：20191208163341535354
通知地址：https://pay.fh89zf.com/onlinePay/notify/p2jiufubaov2.do
通知报文：memberid=191194184&orderid=D2019120816334200594&transaction_id=20191208163341535354&amount=101.0000&datetime=20191208163506&returncode=00&sign=39884CD7EEF55395147BD43FEA8305FD&attach=
HTTP状态：
返回：OK

【2019-12-08 16:36:14】
订单号：20191208163143102100
通知地址：https://pay.fh89zf.com/onlinePay/notify/p2jiufubaov2.do
通知报文：memberid=191194184&orderid=D2019120816314500590&transaction_id=20191208163143102100&amount=100.0000&datetime=20191208163612&returncode=00&sign=E1E0BB237157162ABBF70CE58E8B0E8B&attach=
HTTP状态：
返回：OK

【2019-12-08 16:46:58】
订单号：20191208164512569756
通知地址：http://pay.ffc585.com/JiuFuBaoZhiFuReturn/Index
通知报文：memberid=191205418&orderid=RK380609142396702712&transaction_id=20191208164512569756&amount=1000.0000&datetime=20191208164658&returncode=00&sign=BE9C4E62C52723A036B1C60B3CE9BD7F&attach=
HTTP状态：
返回：OK

【2019-12-08 16:49:47】
订单号：20191208164823555397
通知地址：http://pay.vip6081.com/onlinepay/jiufubaov2/notify.do
通知报文：memberid=191155102&orderid=2019120816482501558&transaction_id=20191208164823555397&amount=301.0000&datetime=20191208164946&returncode=00&sign=91AF6420E0DCC5A93BE742677A43ACB5&attach=
HTTP状态：
返回：OK

【2019-12-08 17:06:46】
订单号：20191208170454541011
通知地址：https://pay.fh89zf.com/onlinePay/notify/p2jiufubaov2.do
通知报文：memberid=191194184&orderid=D2019120817045400625&transaction_id=20191208170454541011&amount=200.0000&datetime=20191208170646&returncode=00&sign=D61264522CF23E8474CB0FD41D655175&attach=
HTTP状态：
返回：OK

【2019-12-08 17:11:37】
订单号：20191208170833491005
通知地址：http://pay.vip6081.com/onlinepay/jiufubaov2/notify.do
通知报文：memberid=191155102&orderid=2019120817083501633&transaction_id=20191208170833491005&amount=105.0000&datetime=20191208171136&returncode=00&sign=6674B1B21657200B22CC5FEF26EC9041&attach=
HTTP状态：
返回：OK

【2019-12-08 17:21:25】
订单号：20191208172013100975
通知地址：https://pay.fh89zf.com/onlinePay/notify/p2jiufubaov2.do
通知报文：memberid=191194184&orderid=D2019120817200600636&transaction_id=20191208172013100975&amount=200.0000&datetime=20191208172122&returncode=00&sign=47A6AFE2691A9F5C1CF5173D44E29B7C&attach=
HTTP状态：
返回：OK

【2019-12-08 17:23:31】
订单号：20191208172222101575
通知地址：http://e019cdb2app.miapp88api.com/Api/Home/payCallBack/jiufubao
通知报文：memberid=191121442&orderid=12081722248498&transaction_id=20191208172222101575&amount=100.0000&datetime=20191208172329&returncode=00&sign=9E656770107E51897175A5B1BBBB2A7D&attach=
HTTP状态：
返回：查询订单失败查询订单订单状态为未支付ok

【2019-12-08 17:38:52】
订单号：20191208173759551005
通知地址：https://pay.fh89zf.com/onlinePay/notify/p2jiufubaov2.do
通知报文：memberid=191194184&orderid=D2019120817380100650&transaction_id=20191208173759551005&amount=200.0000&datetime=20191208173850&returncode=00&sign=5B8D5026D0D4F66DA4A4304B20B8E06B&attach=
HTTP状态：
返回：OK

【2019-12-08 17:49:01】
订单号：20191208174752565150
通知地址：https://pay.fh89zf.com/onlinePay/notify/p2jiufubaov2.do
通知报文：memberid=191194184&orderid=D2019120817474900658&transaction_id=20191208174752565150&amount=300.0000&datetime=20191208174900&returncode=00&sign=BAD10D7848464A833CCED5F26E6C31E9&attach=
HTTP状态：
返回：OK

【2019-12-08 18:10:08】
订单号：20191208180716529850
通知地址：http://e019cdb2app.miapp88api.com/Api/Home/payCallBack/jiufubao
通知报文：memberid=191121442&orderid=12081807169389&transaction_id=20191208180716529850&amount=300.0000&datetime=20191208181006&returncode=00&sign=3F64ABFC5AB66F6644B2CE45CAB2324B&attach=
HTTP状态：
返回：查询订单失败查询订单订单状态为未支付ok

【2019-12-08 18:25:38】
订单号：20191208182312481015
通知地址：https://e019cdb2webapi.miapp66dom.com/Api/Home/payCallBack/jiufubao
通知报文：memberid=191121442&orderid=12081823089499&transaction_id=20191208182312481015&amount=100.0000&datetime=20191208182536&returncode=00&sign=5D80BEF7A25F17D09569895FC294399A&attach=
HTTP状态：
返回：查询订单失败查询订单订单状态为未支付ok

【2019-12-08 19:00:40】
订单号：20191208185838101535
通知地址：http://e019cdb2app.miapp88api.com/Api/Home/payCallBack/jiufubao
通知报文：memberid=191121442&orderid=12081858392124&transaction_id=20191208185838101535&amount=300.0000&datetime=20191208190038&returncode=00&sign=AF7CAB7570D7BB821FCF2351C865EF7E&attach=
HTTP状态：
返回：查询订单失败查询订单订单状态为未支付ok

【2019-12-08 19:02:16】
订单号：20191208190102101555
通知地址：https://pay.fh89zf.com/onlinePay/notify/p2jiufubaov2.do
通知报文：memberid=191194184&orderid=D2019120819010200726&transaction_id=20191208190102101555&amount=400.0000&datetime=20191208190214&returncode=00&sign=BAF4449E89F66BB2E4D796FEEBBA33C4&attach=
HTTP状态：
返回：OK

【2019-12-08 19:02:26】
订单号：20191208185855102564
通知地址：https://pay.fh89zf.com/onlinePay/notify/p2jiufubaov2.do
通知报文：memberid=191194184&orderid=D2019120818584700725&transaction_id=20191208185855102564&amount=120.0000&datetime=20191208190225&returncode=00&sign=FA055D580656C1C262B4BBB42C325D2B&attach=
HTTP状态：
返回：OK

【2019-12-08 19:03:05】
订单号：20191208190019515148
通知地址：http://e019cdb2app.miapp88api.com/Api/Home/payCallBack/jiufubao
通知报文：memberid=191121442&orderid=12081900212624&transaction_id=20191208190019515148&amount=300.0000&datetime=20191208190303&returncode=00&sign=2A2815E3DEA17BC6015D2FA76110A16F&attach=
HTTP状态：
返回：查询订单失败查询订单订单状态为未支付ok

【2019-12-08 19:10:25】
订单号：20191208190837534855
通知地址：https://wanjia365.cn/Public.server.do
通知报文：memberid=191095866&orderid=M1912081908371322&transaction_id=20191208190837534855&amount=3000.0000&datetime=20191208191025&returncode=00&sign=FC4E34A8237078D1EF956440057987AF&attach=512,https://wanjia365.cn/Account.jhrecharge.do
HTTP状态：
返回：

【2019-12-08 19:27:19】
订单号：20191208192507515555
通知地址：http://pay.ffc585.com/JiuFuBaoZhiFuReturn/Index
通知报文：memberid=191205418&orderid=RK380382167572613667&transaction_id=20191208192507515555&amount=300.0000&datetime=20191208192719&returncode=00&sign=97C091D76B142693A03FBC82AFD39DA3&attach=
HTTP状态：
返回：OK

【2019-12-08 19:38:21】
订单号：20191208193535555453
通知地址：http://pay.ffc585.com/JiuFuBaoZhiFuReturn/Index
通知报文：memberid=191205418&orderid=RK380752547647321016&transaction_id=20191208193535555453&amount=100.0000&datetime=20191208193821&returncode=00&sign=80A086C99AEAC19AB5E02806C13C2B8E&attach=
HTTP状态：
返回：OK

【2019-12-08 20:00:45】
订单号：20191208195800561015
通知地址：http://pay.ffc585.com/JiuFuBaoZhiFuReturn/Index
通知报文：memberid=191205418&orderid=RK380656207166654126&transaction_id=20191208195800561015&amount=500.0000&datetime=20191208200045&returncode=00&sign=590EE43FC8FAFDB629EB8B0616A633DE&attach=
HTTP状态：
返回：OK

【2019-12-08 20:20:09】
订单号：20191208201731985657
通知地址：http://e019cdb2app.miapp88api.com/Api/Home/payCallBack/jiufubao
通知报文：memberid=191121442&orderid=12082017304858&transaction_id=20191208201731985657&amount=300.0000&datetime=20191208202007&returncode=00&sign=DAD2B4EF513F9CC4C8E9B68FC7ADF22A&attach=
HTTP状态：
返回：查询订单失败查询订单订单状态为未支付ok

【2019-12-08 20:27:22】
订单号：20191208202459989910
通知地址：http://e019cdb2app.miapp88api.com/Api/Home/payCallBack/jiufubao
通知报文：memberid=191121442&orderid=12082024567547&transaction_id=20191208202459989910&amount=500.0000&datetime=20191208202720&returncode=00&sign=5339AC68454A7EB645D847855721857A&attach=
HTTP状态：
返回：查询订单失败查询订单订单状态为未支付ok

【2019-12-08 20:34:53】
订单号：20191208203328565710
通知地址：http://pay.1youbox.com/onlinepay/jiufubaov2/notify.do
通知报文：memberid=191209910&orderid=2019120820332604024&transaction_id=20191208203328565710&amount=100.0000&datetime=20191208203453&returncode=00&sign=0B7782864BA3FEDD39173ED8FF343826&attach=
HTTP状态：
返回：OK

【2019-12-08 20:53:40】
订单号：20191208205124995410
通知地址：http://e019cdb2app.miapp88api.com/Api/Home/payCallBack/jiufubao
通知报文：memberid=191121442&orderid=12082051233893&transaction_id=20191208205124995410&amount=1000.0000&datetime=20191208205337&returncode=00&sign=8C0CBE682EDED599310A72CF217CECD8&attach=
HTTP状态：
返回：查询订单失败查询订单订单状态为未支付ok

【2019-12-08 21:40:47】
订单号：20191208213723515357
通知地址：https://e019cdb2webapi.miapp66dom.com/Api/Home/payCallBack/jiufubao
通知报文：memberid=191121442&orderid=12082137218620&transaction_id=20191208213723515357&amount=100.0000&datetime=20191208214045&returncode=00&sign=49098AE740FA860268952F3DBA497B2F&attach=
HTTP状态：
返回：查询订单失败查询订单订单状态为未支付ok

【2019-12-08 21:48:25】
订单号：20191208214543555210
通知地址：http://e019cdb2app.miapp88api.com/Api/Home/payCallBack/jiufubao
通知报文：memberid=191121442&orderid=12082145417166&transaction_id=20191208214543555210&amount=300.0000&datetime=20191208214823&returncode=00&sign=9FA0A8D2FE5BC3931928C1A50DD5FB59&attach=
HTTP状态：
返回：查询订单失败查询订单订单状态为未支付ok

【2019-12-08 21:50:09】
订单号：20191208214628529854
通知地址：https://pay.fh89zf.com/onlinePay/notify/p2jiufubaov2.do
通知报文：memberid=191194184&orderid=D2019120821462500882&transaction_id=20191208214628529854&amount=200.0000&datetime=20191208215005&returncode=00&sign=BEF645C34C9E5E0638E41011A9E3CB90&attach=
HTTP状态：
返回：OK

【2019-12-08 21:55:30】
订单号：20191208215246101101
通知地址：https://e019cdb2webapi.miapp66dom.com/Api/Home/payCallBack/jiufubao
通知报文：memberid=191121442&orderid=12082152456332&transaction_id=20191208215246101101&amount=100.0000&datetime=20191208215528&returncode=00&sign=9D3810D04B83EF0D2924F95F60807C38&attach=
HTTP状态：
返回：查询订单失败查询订单订单状态为未支付ok

【2019-12-08 22:04:38】
订单号：20191208220048485397
通知地址：https://pay.fh89zf.com/onlinePay/notify/p2jiufubaov2.do
通知报文：memberid=191194184&orderid=D2019120822004500896&transaction_id=20191208220048485397&amount=500.0000&datetime=20191208220436&returncode=00&sign=C910C60410F89750224ED4CBD9E70425&attach=
HTTP状态：
返回：OK

【2019-12-08 22:21:55】
订单号：20191208222026971001
通知地址：https://e019cdb2webapi.miapp66dom.com/Api/Home/payCallBack/jiufubao
通知报文：memberid=191121442&orderid=12082220219333&transaction_id=20191208222026971001&amount=300.0000&datetime=20191208222153&returncode=00&sign=DA9A169C36C65C14A99F70A974A66D44&attach=
HTTP状态：
返回：查询订单失败查询订单订单状态为未支付ok

【2019-12-08 22:29:58】
订单号：20191208222456561015
通知地址：https://pay.fh89zf.com/onlinePay/notify/p2jiufubaov2.do
通知报文：memberid=191194184&orderid=D2019120822243400919&transaction_id=20191208222456561015&amount=2000.0000&datetime=20191208222957&returncode=00&sign=4ABC882CEC4424C514759C3DEAE09F82&attach=
HTTP状态：
返回：OK

【2019-12-08 22:41:36】
订单号：20191208224004524999
通知地址：https://e019cdb2webapi.miapp66dom.com/Api/Home/payCallBack/jiufubao
通知报文：memberid=191121442&orderid=12082240013637&transaction_id=20191208224004524999&amount=100.0000&datetime=20191208224134&returncode=00&sign=C56B5AAE09AF867BEA26AE274BB20E39&attach=
HTTP状态：
返回：查询订单失败查询订单订单状态为未支付ok

【2019-12-08 22:48:58】
订单号：20191208224734544954
通知地址：https://e019cdb2webapi.miapp66dom.com/Api/Home/payCallBack/jiufubao
通知报文：memberid=191121442&orderid=12082247339600&transaction_id=20191208224734544954&amount=100.0000&datetime=20191208224856&returncode=00&sign=92C80A31C402D54EF614CA8157DAA902&attach=
HTTP状态：
返回：查询订单失败查询订单订单状态为未支付ok

【2019-12-08 22:58:57】
订单号：20191208225644995156
通知地址：http://pay.ffc585.com/JiuFuBaoZhiFuReturn/Index
通知报文：memberid=191205418&orderid=RK381102187574548118&transaction_id=20191208225644995156&amount=500.0000&datetime=20191208225855&returncode=00&sign=2C8395F6D6897A968CFEE7AA4F53A513&attach=
HTTP状态：
返回：OK

【2019-12-08 23:17:00】
订单号：20191208231327554948
通知地址：http://pay.1youbox.com/onlinepay/jiufubaov2/notify.do
通知报文：memberid=191209910&orderid=2019120823130804721&transaction_id=20191208231327554948&amount=100.0000&datetime=20191208231700&returncode=00&sign=CCEF5E826DA2CB912F6549DE3527A56F&attach=
HTTP状态：
返回：OK

