【2019-12-07 00:23:05】
订单号：20191207002119102101
通知地址：http://pay.1youbox.com/onlinepay/jiufubaov2/notify.do
通知报文：memberid=191209910&orderid=2019120700212200044&transaction_id=20191207002119102101&amount=700.0000&datetime=20191207002305&returncode=00&sign=B5747FC2283E03FC4F0A6E2C9AE7DAB4&attach=
HTTP状态：
返回：OK

【2019-12-07 00:43:23】
订单号：20191207003945491024
通知地址：http://pay.1youbox.com/onlinepay/jiufubaov2/notify.do
通知报文：memberid=191209910&orderid=2019120700394900084&transaction_id=20191207003945491024&amount=200.0000&datetime=20191207004322&returncode=00&sign=1067792602842F9D35A0FB0470960A4A&attach=
HTTP状态：
返回：OK

【2019-12-07 01:11:31】
订单号：20191207010920485798
通知地址：http://pay.1youbox.com/onlinepay/jiufubaov2/notify.do
通知报文：memberid=191209910&orderid=2019120701092300132&transaction_id=20191207010920485798&amount=5000.0000&datetime=20191207011130&returncode=00&sign=5E7205436139EE2BB6FF675599C795D9&attach=
HTTP状态：
返回：OK

【2019-12-07 01:17:17】
订单号：20191207011658975297
通知地址：https://pay.fh89zf.com/onlinePay/notify/p2jiufubaov2.do
通知报文：memberid=191194184&orderid=D2019120701170000057&transaction_id=20191207011658975297&amount=5000.0000&datetime=20191207011713&returncode=00&sign=68C017E4062AB54E22BFF96F8D9E17FC&attach=
HTTP状态：
返回：OK

【2019-12-07 11:28:27】
订单号：20191207112631554998
通知地址：http://pay.ffc585.com/JiuFuBaoZhiFuReturn/Index
通知报文：memberid=191205418&orderid=RK370712358194683113&transaction_id=20191207112631554998&amount=500.0000&datetime=20191207112826&returncode=00&sign=D12E1EBB906E1FE2E3E0C61EBC425AB3&attach=
HTTP状态：
返回：OK

【2019-12-07 11:52:52】
订单号：20191207114753575251
通知地址：http://pay.1youbox.com/onlinepay/jiufubaov2/notify.do
通知报文：memberid=191209910&orderid=2019120711475601428&transaction_id=20191207114753575251&amount=200.0000&datetime=20191207115251&returncode=00&sign=D859204F126023945FC82943526CB32B&attach=
HTTP状态：
返回：OK

【2019-12-07 11:56:39】
订单号：20191207115434975599
通知地址：http://pay.1youbox.com/onlinepay/jiufubaov2/notify.do
通知报文：memberid=191209910&orderid=2019120711543701472&transaction_id=20191207115434975599&amount=200.0000&datetime=20191207115638&returncode=00&sign=793D9172DD85A17F925E6805944D5CC5&attach=
HTTP状态：
返回：OK

【2019-12-07 12:32:21】
订单号：20191207123048565298
通知地址：http://pay.ffc585.com/JiuFuBaoZhiFuReturn/Index
通知报文：memberid=191205418&orderid=RK370766632117902879&transaction_id=20191207123048565298&amount=500.0000&datetime=20191207123219&returncode=00&sign=A407B77D3C9A55E90BD1257710DEB64D&attach=
HTTP状态：
返回：OK

【2019-12-07 12:56:30】
订单号：20191207125105575254
通知地址：https://pay.fh89zf.com/onlinePay/notify/p2jiufubaov2.do
通知报文：memberid=191194184&orderid=D2019120712510300312&transaction_id=20191207125105575254&amount=100.0000&datetime=20191207125629&returncode=00&sign=ED79D8C85AD8406D72F3C61FE839DDBB&attach=
HTTP状态：
返回：OK

【2019-12-07 13:15:42】
订单号：20191207131422101485
通知地址：http://pay.vip6081.com/onlinepay/jiufubaov2/notify.do
通知报文：memberid=191155102&orderid=2019120713142400821&transaction_id=20191207131422101485&amount=101.0000&datetime=20191207131541&returncode=00&sign=FBE906F4A3FCE0E104AA19F1644ECF6C&attach=
HTTP状态：
返回：OK

【2019-12-07 13:20:04】
订单号：20191207131625571005
通知地址：http://pay.1youbox.com/onlinepay/jiufubaov2/notify.do
通知报文：memberid=191209910&orderid=2019120713162401924&transaction_id=20191207131625571005&amount=200.0000&datetime=20191207132003&returncode=00&sign=53155A163D58E8A57BDABF55B0FC90E2&attach=
HTTP状态：
返回：OK

【2019-12-07 13:22:41】
订单号：20191207132102101555
通知地址：https://wanjia365.cn/Public.server.do
通知报文：memberid=191095866&orderid=M1912071321049535&transaction_id=20191207132102101555&amount=500.0000&datetime=20191207132241&returncode=00&sign=80F534CBA207F2E980B6990578A40AED&attach=501,https://wanjia365.cn/Account.jhrecharge.do
HTTP状态：
返回：

【2019-12-07 13:47:27】
订单号：20191207134337579997
通知地址：https://pay.fh89zf.com/onlinePay/notify/p2jiufubaov2.do
通知报文：memberid=191194184&orderid=D2019120713433500421&transaction_id=20191207134337579997&amount=1500.2000&datetime=20191207134726&returncode=00&sign=7AEB6A4C917F819130C3E391C29C23B2&attach=
HTTP状态：
返回：OK

【2019-12-07 14:10:14】
订单号：20191207140633579754
通知地址：https://wanjia365.cn/Public.server.do
通知报文：memberid=191095866&orderid=I1912071406360846&transaction_id=20191207140633579754&amount=200.0000&datetime=20191207141014&returncode=00&sign=9FFEAF03C52E351CD2BEC89E53A67FAD&attach=691,https://wanjia365.cn/Account.jhrecharge.do
HTTP状态：
返回：

【2019-12-07 14:11:02】
订单号：20191207140748525057
通知地址：http://pay.1youbox.com/onlinepay/jiufubaov2/notify.do
通知报文：memberid=191209910&orderid=2019120714074902225&transaction_id=20191207140748525057&amount=100.0000&datetime=20191207141101&returncode=00&sign=736EDCFE2BB74DDB9FB1ED0CE6FA7073&attach=
HTTP状态：
返回：OK

【2019-12-07 14:28:52】
订单号：20191207142613535354
通知地址：http://pay.1youbox.com/onlinepay/jiufubaov2/notify.do
通知报文：memberid=191209910&orderid=2019120714261702341&transaction_id=20191207142613535354&amount=200.0000&datetime=20191207142852&returncode=00&sign=B13228A05C77268D0ADA0EA459661B20&attach=
HTTP状态：
返回：OK

【2019-12-07 15:07:05】
订单号：20191207150424565752
通知地址：http://pay.vip6081.com/onlinepay/jiufubaov2/notify.do
通知报文：memberid=191155102&orderid=2019120715042801219&transaction_id=20191207150424565752&amount=300.0000&datetime=20191207150704&returncode=00&sign=EFC0855848780CDCA5F8327D6346D0EE&attach=
HTTP状态：
返回：OK

【2019-12-07 15:12:04】
订单号：20191207151051985451
通知地址：http://pay.ffc585.com/JiuFuBaoZhiFuReturn/Index
通知报文：memberid=191205418&orderid=RK370686897570218424&transaction_id=20191207151051985451&amount=100.0000&datetime=20191207151203&returncode=00&sign=9A3FCFA78FCA7F888B344A6BE3E97CBA&attach=
HTTP状态：
返回：OK

【2019-12-07 15:14:38】
订单号：20191207151104569950
通知地址：https://pay.fh89zf.com/onlinePay/notify/p2jiufubaov2.do
通知报文：memberid=191194184&orderid=D2019120715105500515&transaction_id=20191207151104569950&amount=100.0000&datetime=20191207151437&returncode=00&sign=AB0083386066A4F403969F7429A517D8&attach=
HTTP状态：
返回：OK

【2019-12-07 15:14:58】
订单号：20191207151245100535
通知地址：http://pay.1youbox.com/onlinepay/jiufubaov2/notify.do
通知报文：memberid=191209910&orderid=2019120715124602614&transaction_id=20191207151245100535&amount=300.0000&datetime=20191207151457&returncode=00&sign=64EE7E469BE74FE3463836490EAC7134&attach=
HTTP状态：
返回：OK

【2019-12-07 15:15:01】
订单号：20191207151357539898
通知地址：http://pay.ffc585.com/JiuFuBaoZhiFuReturn/Index
通知报文：memberid=191205418&orderid=RK370182517575873936&transaction_id=20191207151357539898&amount=100.0000&datetime=20191207151500&returncode=00&sign=131412C31971AD72453D5326BFDDE07F&attach=
HTTP状态：
返回：OK

【2019-12-07 15:20:09】
订单号：20191207151837100559
通知地址：https://pay.fh89zf.com/onlinePay/notify/p2jiufubaov2.do
通知报文：memberid=191194184&orderid=D2019120715184200524&transaction_id=20191207151837100559&amount=400.0000&datetime=20191207152006&returncode=00&sign=6BD57359077E98629AFEB95158A0EA13&attach=
HTTP状态：
返回：OK

【2019-12-07 15:27:40】
订单号：20191207152604995754
通知地址：http://pay.ffc585.com/JiuFuBaoZhiFuReturn/Index
通知报文：memberid=191205418&orderid=RK370331897572093844&transaction_id=20191207152604995754&amount=300.0000&datetime=20191207152738&returncode=00&sign=C1593AB5DBA872341799899C33E62569&attach=
HTTP状态：
返回：OK

【2019-12-07 15:38:41】
订单号：20191207153517539754
通知地址：http://pay.1youbox.com/onlinepay/jiufubaov2/notify.do
通知报文：memberid=191209910&orderid=2019120715351602775&transaction_id=20191207153517539754&amount=300.0000&datetime=20191207153841&returncode=00&sign=440C840C8909D66805AC5FB6954C34A3&attach=
HTTP状态：
返回：OK

【2019-12-07 15:59:27】
订单号：20191207155740525010
通知地址：https://pay.fh89zf.com/onlinePay/notify/p2jiufubaov2.do
通知报文：memberid=191194184&orderid=D2019120715573800569&transaction_id=20191207155740525010&amount=101.0000&datetime=20191207155924&returncode=00&sign=397CF6D71DE51A734573FC65FC49F96E&attach=
HTTP状态：
返回：OK

【2019-12-07 16:03:43】
订单号：20191207160200564957
通知地址：http://pay.ffc585.com/JiuFuBaoZhiFuReturn/Index
通知报文：memberid=191205418&orderid=RK370616087419215366&transaction_id=20191207160200564957&amount=500.0000&datetime=20191207160343&returncode=00&sign=255CB086F0319E486DDAE4FEBA4268AE&attach=
HTTP状态：
返回：OK

【2019-12-07 16:26:05】
订单号：20191207162353575398
通知地址：https://pay.fh89zf.com/onlinePay/notify/p2jiufubaov2.do
通知报文：memberid=191194184&orderid=D2019120716235300599&transaction_id=20191207162353575398&amount=100.0000&datetime=20191207162602&returncode=00&sign=10873C3EB6EE09633C1CE1FE3CB9A6EA&attach=
HTTP状态：
返回：OK

【2019-12-07 16:26:09】
订单号：20191207161953579710
通知地址：https://pay.fh89zf.com/onlinePay/notify/p2jiufubaov2.do
通知报文：memberid=191194184&orderid=D2019120716192900593&transaction_id=20191207161953579710&amount=100.0000&datetime=20191207162607&returncode=00&sign=B406DB7CDB1852CADA5F2FD10C1E217D&attach=
HTTP状态：
返回：OK

【2019-12-07 16:35:48】
订单号：20191207163358545798
通知地址：https://pay.fh89zf.com/onlinePay/notify/p2jiufubaov2.do
通知报文：memberid=191194184&orderid=D2019120716335400611&transaction_id=20191207163358545798&amount=100.0000&datetime=20191207163547&returncode=00&sign=07CCCB01363B61803E73701E2DB32526&attach=
HTTP状态：
返回：OK

【2019-12-07 16:41:37】
订单号：20191207163955985798
通知地址：http://pay.ffc585.com/JiuFuBaoZhiFuReturn/Index
通知报文：memberid=191205418&orderid=RK370984287575429776&transaction_id=20191207163955985798&amount=300.0000&datetime=20191207164136&returncode=00&sign=47D3D67FBE766A3BB691F9014D7177A2&attach=
HTTP状态：
返回：OK

【2019-12-07 16:42:26】
订单号：20191207163901535699
通知地址：http://pay.1youbox.com/onlinepay/jiufubaov2/notify.do
通知报文：memberid=191209910&orderid=2019120716390003078&transaction_id=20191207163901535699&amount=200.0000&datetime=20191207164225&returncode=00&sign=F952B20DC3B8F5E5C5F766621D917A78&attach=
HTTP状态：
返回：OK

【2019-12-07 16:56:59】
订单号：20191207165521575651
通知地址：https://pay.fh89zf.com/onlinePay/notify/p2jiufubaov2.do
通知报文：memberid=191194184&orderid=D2019120716551300639&transaction_id=20191207165521575651&amount=100.0000&datetime=20191207165657&returncode=00&sign=EDF5EE9F9E9C4978776EF84E03CF4F14&attach=
HTTP状态：
返回：OK

【2019-12-07 17:05:18】
订单号：20191207170245535010
通知地址：http://e019cdb2app.miapp88api.com/Api/Home/payCallBack/jiufubao
通知报文：memberid=191121442&orderid=12071702438312&transaction_id=20191207170245535010&amount=300.0000&datetime=20191207170516&returncode=00&sign=EAB88C21038CC620D619EDFC0D0BBD74&attach=
HTTP状态：
返回：查询订单失败查询订单订单状态为未支付ok

【2019-12-07 17:10:04】
订单号：20191207170807555657
通知地址：http://pay.ffc585.com/JiuFuBaoZhiFuReturn/Index
通知报文：memberid=191205418&orderid=RK370158199530349122&transaction_id=20191207170807555657&amount=300.0000&datetime=20191207171004&returncode=00&sign=539CE3B9DD1A62792E20E4AE04F3448C&attach=
HTTP状态：
返回：OK

【2019-12-07 17:18:44】
订单号：20191207171644999850
通知地址：http://e019cdb2app.miapp88api.com/Api/Home/payCallBack/jiufubao
通知报文：memberid=191121442&orderid=12071716427962&transaction_id=20191207171644999850&amount=2000.0000&datetime=20191207171842&returncode=00&sign=79CB58F3609DA103E3D34D56E43877F8&attach=
HTTP状态：
返回：查询订单失败查询订单订单状态为未支付ok

【2019-12-07 17:30:15】
订单号：20191207172553495456
通知地址：https://e019cdb2webapi.miapp66dom.com/Api/Home/payCallBack/jiufubao
通知报文：memberid=191121442&orderid=12071725493482&transaction_id=20191207172553495456&amount=600.0000&datetime=20191207173013&returncode=00&sign=C171A0B73020F3D5632C25BA58C6D5B2&attach=
HTTP状态：
返回：查询订单失败查询订单订单状态为未支付ok

【2019-12-07 17:31:19】
订单号：20191207172918101554
通知地址：https://pay.fh89zf.com/onlinePay/notify/p2jiufubaov2.do
通知报文：memberid=191194184&orderid=D2019120717290800670&transaction_id=20191207172918101554&amount=900.0000&datetime=20191207173118&returncode=00&sign=8059647C391C653AB19AA715D72FC03B&attach=
HTTP状态：
返回：OK

【2019-12-07 17:38:04】
订单号：20191207173546505254
通知地址：https://pay.fh89zf.com/onlinePay/notify/p2jiufubaov2.do
通知报文：memberid=191194184&orderid=D2019120717353400676&transaction_id=20191207173546505254&amount=1800.0000&datetime=20191207173801&returncode=00&sign=20FA6C6CEF9BB80F5CDFB5D43419C0CD&attach=
HTTP状态：
返回：OK

【2019-12-07 17:49:17】
订单号：20191207174714505410
通知地址：https://e019cdb2webapi.miapp66dom.com/Api/Home/payCallBack/jiufubao
通知报文：memberid=191121442&orderid=12071747129319&transaction_id=20191207174714505410&amount=600.0000&datetime=20191207174915&returncode=00&sign=3DB685ACA130BF7343EF14EAAB528E73&attach=
HTTP状态：
返回：查询订单失败查询订单订单状态为未支付ok

【2019-12-07 17:51:40】
订单号：20191207174853535151
通知地址：http://pay.vip6081.com/onlinepay/jiufubaov2/notify.do
通知报文：memberid=191155102&orderid=2019120717485201776&transaction_id=20191207174853535151&amount=150.0000&datetime=20191207175140&returncode=00&sign=B956B736F7971C3403C21F6D7DEF70CF&attach=
HTTP状态：
返回：OK

【2019-12-07 17:55:07】
订单号：20191207175159102579
通知地址：https://pay.fh89zf.com/onlinePay/notify/p2jiufubaov2.do
通知报文：memberid=191194184&orderid=D2019120717515500698&transaction_id=20191207175159102579&amount=320.0000&datetime=20191207175506&returncode=00&sign=CFCB8EB516FA61813FEA7263D7511E3C&attach=
HTTP状态：
返回：OK

【2019-12-07 17:55:12】
订单号：20191207175400565657
通知地址：http://e019cdb2app.miapp88api.com/Api/Home/payCallBack/jiufubao
通知报文：memberid=191121442&orderid=12071754008331&transaction_id=20191207175400565657&amount=300.0000&datetime=20191207175510&returncode=00&sign=19F2C559A7026B2AAD60E6922B064A82&attach=
HTTP状态：
返回：查询订单失败查询订单订单状态为未支付ok

【2019-12-07 17:57:41】
订单号：20191207175557100545
通知地址：https://e019cdb2webapi.miapp66dom.com/Api/Home/payCallBack/jiufubao
通知报文：memberid=191121442&orderid=12071755555089&transaction_id=20191207175557100545&amount=800.0000&datetime=20191207175739&returncode=00&sign=3ADEDF73807A33CF43B5460CEDD7667C&attach=
HTTP状态：
返回：查询订单失败查询订单订单状态为未支付ok

【2019-12-07 18:02:32】
订单号：20191207180037535197
通知地址：http://pay.ffc585.com/JiuFuBaoZhiFuReturn/Index
通知报文：memberid=191205418&orderid=RK370431527576252338&transaction_id=20191207180037535197&amount=300.0000&datetime=20191207180232&returncode=00&sign=EBDA1AD896EF16056694D5A61B75C016&attach=
HTTP状态：
返回：OK

【2019-12-07 18:08:58】
订单号：20191207180258505151
通知地址：http://150.109.59.33/tools/notify-1bcf_8e8e95_b9b1_28bbe85_93d8
通知报文：memberid=191189793&orderid=WX191207180258072904&transaction_id=20191207180258505151&amount=200.1100&datetime=20191207180857&returncode=00&sign=69D3F483F8669FC3F6A462F4DBD56785&attach=
HTTP状态：
返回：ok

【2019-12-07 18:19:03】
订单号：20191207181717100499
通知地址：http://e019cdb2app.miapp88api.com/Api/Home/payCallBack/jiufubao
通知报文：memberid=191121442&orderid=12071817168411&transaction_id=20191207181717100499&amount=3000.0000&datetime=20191207181900&returncode=00&sign=7F83F5F149668753F9F5243B0CF2C650&attach=
HTTP状态：
返回：查询订单失败查询订单订单状态为未支付ok

【2019-12-07 18:20:08】
订单号：20191207181840485110
通知地址：http://pay.ffc585.com/JiuFuBaoZhiFuReturn/Index
通知报文：memberid=191205418&orderid=RK370639844171667302&transaction_id=20191207181840485110&amount=4000.0000&datetime=20191207182007&returncode=00&sign=20C07D07F9729729EA8325853A1DC8D3&attach=
HTTP状态：
返回：OK

【2019-12-07 18:22:10】
订单号：20191207182009575648
通知地址：http://e019cdb2app.miapp88api.com/Api/Home/payCallBack/jiufubao
通知报文：memberid=191121442&orderid=12071820098479&transaction_id=20191207182009575648&amount=200.0000&datetime=20191207182207&returncode=00&sign=F96DEC698103575687909D9DB36974A8&attach=
HTTP状态：
返回：查询订单失败查询订单订单状态为未支付ok

【2019-12-07 18:26:45】
订单号：20191207182538505449
通知地址：http://e019cdb2app.miapp88api.com/Api/Home/payCallBack/jiufubao
通知报文：memberid=191121442&orderid=12071825372068&transaction_id=20191207182538505449&amount=4000.0000&datetime=20191207182643&returncode=00&sign=DCBADBCB4A01B8629610BF58813A5286&attach=
HTTP状态：
返回：查询订单失败查询订单订单状态为未支付ok

【2019-12-07 18:31:35】
订单号：20191207182903102545
通知地址：http://pay.ffc585.com/JiuFuBaoZhiFuReturn/Index
通知报文：memberid=191205418&orderid=RK370920224792575898&transaction_id=20191207182903102545&amount=300.0000&datetime=20191207183134&returncode=00&sign=21FBAA837B174D51CA3E8EE521182621&attach=
HTTP状态：
返回：OK

【2019-12-07 18:34:41】
订单号：20191207183110101491
通知地址：http://e019cdb2app.miapp88api.com/Api/Home/payCallBack/jiufubao
通知报文：memberid=191121442&orderid=12071831096773&transaction_id=20191207183110101491&amount=10000.0000&datetime=20191207183439&returncode=00&sign=ED8AFB3B1927EADECA83FCAE025A33A8&attach=
HTTP状态：
返回：查询订单失败查询订单订单状态为未支付ok

【2019-12-07 18:36:22】
订单号：20191207182657499799
通知地址：http://e019cdb2app.miapp88api.com/Api/Home/payCallBack/jiufubao
通知报文：memberid=191121442&orderid=12071826579214&transaction_id=20191207182657499799&amount=200.0000&datetime=20191207183620&returncode=00&sign=76CD1AC449EA6C70A718947525CDA8E2&attach=
HTTP状态：
返回：查询订单失败查询订单订单状态为未支付ok

【2019-12-07 18:38:54】
订单号：20191207183749100575
通知地址：https://e019cdb2webapi.miapp66dom.com/Api/Home/payCallBack/jiufubao
通知报文：memberid=191121442&orderid=12071837479630&transaction_id=20191207183749100575&amount=300.0000&datetime=20191207183852&returncode=00&sign=7DC3DC5030F2A3A994C9ED41B72BD7FC&attach=
HTTP状态：
返回：查询订单失败查询订单订单状态为未支付ok

【2019-12-07 18:41:05】
订单号：20191207183836994956
通知地址：http://pay.1youbox.com/onlinepay/jiufubaov2/notify.do
通知报文：memberid=191209910&orderid=2019120718383003598&transaction_id=20191207183836994956&amount=300.0000&datetime=20191207184104&returncode=00&sign=1AC094CEC0356696C55935565090E531&attach=
HTTP状态：
返回：OK

【2019-12-07 18:55:27】
订单号：20191207185203519857
通知地址：https://pay.fh89zf.com/onlinePay/notify/p2jiufubaov2.do
通知报文：memberid=191194184&orderid=D2019120718520000836&transaction_id=20191207185203519857&amount=200.0000&datetime=20191207185526&returncode=00&sign=3BAC5A27434FECDF63FD576A5182E14F&attach=
HTTP状态：
返回：OK

【2019-12-07 18:55:31】
订单号：20191207185329579850
通知地址：http://e019cdb2app.miapp88api.com/Api/Home/payCallBack/jiufubao
通知报文：memberid=191121442&orderid=12071853292785&transaction_id=20191207185329579850&amount=300.0000&datetime=20191207185529&returncode=00&sign=B3FCF68FA092AD401A4DE7479A7EBEA6&attach=
HTTP状态：
返回：查询订单失败查询订单订单状态为未支付ok

【2019-12-07 18:57:25】
订单号：20191207185427515797
通知地址：https://e019cdb2webapi.miapp66dom.com/Api/Home/payCallBack/jiufubao
通知报文：memberid=191121442&orderid=12071854239225&transaction_id=20191207185427515797&amount=2100.0000&datetime=20191207185723&returncode=00&sign=C6DFB560C9DB23BB12F9CC62584739DC&attach=
HTTP状态：
返回：查询订单失败查询订单订单状态为未支付ok

【2019-12-07 19:09:23】
订单号：20191207190530975754
通知地址：http://pay.ffc585.com/JiuFuBaoZhiFuReturn/Index
通知报文：memberid=191205418&orderid=RK370420854795453081&transaction_id=20191207190530975754&amount=500.0000&datetime=20191207190922&returncode=00&sign=2D1F539B5F1E6E4ABFC2BD16CA591496&attach=
HTTP状态：
返回：OK

【2019-12-07 19:10:18】
订单号：20191207190616569950
通知地址：http://e019cdb2app.miapp88api.com/Api/Home/payCallBack/jiufubao
通知报文：memberid=191121442&orderid=12071906161307&transaction_id=20191207190616569950&amount=300.0000&datetime=20191207191016&returncode=00&sign=AEB5AB1E34894FA1791D4ABFE69F8406&attach=
HTTP状态：
返回：查询订单失败查询订单订单状态为未支付ok

【2019-12-07 19:13:45】
订单号：20191207191231102545
通知地址：http://pay.ffc585.com/JiuFuBaoZhiFuReturn/Index
通知报文：memberid=191205418&orderid=RK370477826939273302&transaction_id=20191207191231102545&amount=300.0000&datetime=20191207191345&returncode=00&sign=594D04281697104A3EE29C5B5233301C&attach=
HTTP状态：
返回：OK

【2019-12-07 19:28:13】
订单号：20191207192626505099
通知地址：http://e019cdb2app.miapp88api.com/Api/Home/payCallBack/jiufubao
通知报文：memberid=191121442&orderid=12071926268738&transaction_id=20191207192626505099&amount=200.0000&datetime=20191207192811&returncode=00&sign=2A257A9AED997E7B6B9D0C22DA7B8A69&attach=
HTTP状态：
返回：查询订单失败查询订单订单状态为未支付ok

【2019-12-07 19:28:19】
订单号：20191207192703559950
通知地址：https://e019cdb2webapi.miapp66dom.com/Api/Home/payCallBack/jiufubao
通知报文：memberid=191121442&orderid=12071926593680&transaction_id=20191207192703559950&amount=800.0000&datetime=20191207192815&returncode=00&sign=A832895F103D6FF5A01B2C0CB06AD84B&attach=
HTTP状态：
返回：查询订单失败查询订单订单状态为未支付ok

【2019-12-07 19:31:17】
订单号：20191207192919102989
通知地址：http://e019cdb2app.miapp88api.com/Api/Home/payCallBack/jiufubao
通知报文：memberid=191121442&orderid=12071929192619&transaction_id=20191207192919102989&amount=100.0000&datetime=20191207193115&returncode=00&sign=6E616BA853368FCBE0855569A0F4ECC4&attach=
HTTP状态：
返回：查询订单失败查询订单订单状态为未支付ok

【2019-12-07 19:36:54】
订单号：20191207193242975149
通知地址：http://e019cdb2app.miapp88api.com/Api/Home/payCallBack/jiufubao
通知报文：memberid=191121442&orderid=12071932412395&transaction_id=20191207193242975149&amount=300.0000&datetime=20191207193652&returncode=00&sign=596E5002D46CA246FA6351E35936962C&attach=
HTTP状态：
返回：查询订单失败查询订单订单状态为未支付ok

【2019-12-07 19:41:34】
订单号：20191207192742101979
通知地址：http://96f24223.ngrok.io/finance/return/guazi/pay/pig
通知报文：memberid=191201767&orderid=CZ20191207192736129098&transaction_id=20191207192742101979&amount=500.0000&datetime=20191207194129&returncode=00&sign=D05C582B6020CBFCC6F8D56C1951BCDD&attach=
HTTP状态：
返回：

【2019-12-07 19:44:55】
订单号：20191207194024569798
通知地址：http://pay.vip6081.com/onlinepay/jiufubaov2/notify.do
通知报文：memberid=191155102&orderid=2019120719402002123&transaction_id=20191207194024569798&amount=300.0000&datetime=20191207194454&returncode=00&sign=ED903429B2649B98D909AF5B71ECA4CE&attach=
HTTP状态：
返回：OK

【2019-12-07 19:55:30】
订单号：20191207195120565354
通知地址：http://pay.1youbox.com/onlinepay/jiufubaov2/notify.do
通知报文：memberid=191209910&orderid=2019120719512004004&transaction_id=20191207195120565354&amount=800.0000&datetime=20191207195529&returncode=00&sign=D0C70E0C754F0FEE55B39F5D03B6EFF2&attach=
HTTP状态：
返回：OK

【2019-12-07 19:58:39】
订单号：20191207195624565010
通知地址：http://e019cdb2app.miapp88api.com/Api/Home/payCallBack/jiufubao
通知报文：memberid=191121442&orderid=12071956242275&transaction_id=20191207195624565010&amount=300.0000&datetime=20191207195837&returncode=00&sign=2D31D49D22DE7646A65708AC87898F79&attach=
HTTP状态：
返回：查询订单失败查询订单订单状态为未支付ok

【2019-12-07 20:08:07】
订单号：20191207200336565550
通知地址：http://e019cdb2app.miapp88api.com/Api/Home/payCallBack/jiufubao
通知报文：memberid=191121442&orderid=12072003354724&transaction_id=20191207200336565550&amount=100.0000&datetime=20191207200805&returncode=00&sign=1F5A6805BC7FD1DDFEA2E00F619788DF&attach=
HTTP状态：
返回：查询订单失败查询订单订单状态为未支付ok

【2019-12-07 20:12:43】
订单号：20191207201105575655
通知地址：https://e019cdb2webapi.miapp66dom.com/Api/Home/payCallBack/jiufubao
通知报文：memberid=191121442&orderid=12072010592338&transaction_id=20191207201105575655&amount=500.0000&datetime=20191207201240&returncode=00&sign=0ED881591BA7BEB52727E0BF29722778&attach=
HTTP状态：
返回：查询订单失败查询订单订单状态为未支付ok

【2019-12-07 20:17:45】
订单号：20191207201503555155
通知地址：http://e019cdb2app.miapp88api.com/Api/Home/payCallBack/jiufubao
通知报文：memberid=191121442&orderid=12072015029417&transaction_id=20191207201503555155&amount=100.0000&datetime=20191207201743&returncode=00&sign=59791C83966FD857FE8C8705C71452AE&attach=
HTTP状态：
返回：查询订单失败查询订单订单状态为未支付ok

【2019-12-07 20:22:05】
订单号：20191207202014101545
通知地址：https://www.wanjia365.cn/Public.server.do
通知报文：memberid=191095866&orderid=H1912072020050843&transaction_id=20191207202014101545&amount=100.0000&datetime=20191207202204&returncode=00&sign=73FC9635F93333A95872E940DF023247&attach=725,https://www.wanjia365.cn/Account.jhrecharge.do
HTTP状态：
返回：OK

【2019-12-07 20:22:08】
订单号：20191207201911102524
通知地址：http://pay.1youbox.com/onlinepay/jiufubaov2/notify.do
通知报文：memberid=191209910&orderid=2019120720190604169&transaction_id=20191207201911102524&amount=345.0000&datetime=20191207202208&returncode=00&sign=2BCEC784A79E6A188C5B4F5E3E4F7A95&attach=
HTTP状态：
返回：OK

【2019-12-07 20:26:55】
订单号：20191207202319559949
通知地址：http://e019cdb2app.miapp88api.com/Api/Home/payCallBack/jiufubao
通知报文：memberid=191121442&orderid=12072023184780&transaction_id=20191207202319559949&amount=100.0000&datetime=20191207202652&returncode=00&sign=EB4E30F5FBC38B2F3BD3F84397F0BFA5&attach=
HTTP状态：
返回：查询订单失败查询订单订单状态为未支付ok

【2019-12-07 20:27:57】
订单号：20191207202534101541
通知地址：https://pay.fh89zf.com/onlinePay/notify/p2jiufubaov2.do
通知报文：memberid=191194184&orderid=D2019120720253200998&transaction_id=20191207202534101541&amount=500.0000&datetime=20191207202756&returncode=00&sign=BFC3481E434B6B8BB9EBCEDFD12941B5&attach=
HTTP状态：
返回：OK

【2019-12-07 20:34:54】
订单号：20191207203301100985
通知地址：http://e019cdb2app.miapp88api.com/Api/Home/payCallBack/jiufubao
通知报文：memberid=191121442&orderid=12072032585718&transaction_id=20191207203301100985&amount=100.0000&datetime=20191207203452&returncode=00&sign=20283BB6792041701AE865D44CBC6A09&attach=
HTTP状态：
返回：查询订单失败查询订单订单状态为未支付ok

【2019-12-07 20:38:59】
订单号：20191207203619514855
通知地址：http://e019cdb2app.miapp88api.com/Api/Home/payCallBack/jiufubao
通知报文：memberid=191121442&orderid=12072036178019&transaction_id=20191207203619514855&amount=100.0000&datetime=20191207203857&returncode=00&sign=A2E0FEAD2CE7EF84BC56C4AD8E08A809&attach=
HTTP状态：
返回：查询订单失败查询订单订单状态为未支付ok

【2019-12-07 20:40:09】
订单号：20191207203627985351
通知地址：http://e019cdb2app.miapp88api.com/Api/Home/payCallBack/jiufubao
通知报文：memberid=191121442&orderid=12072036276942&transaction_id=20191207203627985351&amount=200.0000&datetime=20191207204007&returncode=00&sign=3D980F4128253D55E16D6D5F659B701F&attach=
HTTP状态：
返回：查询订单失败查询订单订单状态为未支付ok

【2019-12-07 20:42:31】
订单号：20191207204027984997
通知地址：https://e019cdb2webapi.miapp66dom.com/Api/Home/payCallBack/jiufubao
通知报文：memberid=191121442&orderid=12072040261308&transaction_id=20191207204027984997&amount=1400.0000&datetime=20191207204228&returncode=00&sign=15AB051D9C5C67EE3B4A12E0A2DFEC8C&attach=
HTTP状态：
返回：查询订单失败查询订单订单状态为未支付ok

【2019-12-07 20:46:36】
订单号：20191207204257491009
通知地址：http://e019cdb2app.miapp88api.com/Api/Home/payCallBack/jiufubao
通知报文：memberid=191121442&orderid=12072042581426&transaction_id=20191207204257491009&amount=100.0000&datetime=20191207204633&returncode=00&sign=19C265F76EDCE62E0C6325999A98845A&attach=
HTTP状态：
返回：查询订单失败查询订单订单状态为未支付ok

【2019-12-07 20:47:28】
订单号：20191207204618975250
通知地址：https://pay.fh89zf.com/onlinePay/notify/p2jiufubaov2.do
通知报文：memberid=191194184&orderid=D2019120720461201033&transaction_id=20191207204618975250&amount=730.0000&datetime=20191207204726&returncode=00&sign=6665FC78992ACC6707D74FFD6D29D95F&attach=
HTTP状态：
返回：OK

【2019-12-07 20:48:02】
订单号：20191207204450505010
通知地址：http://pay.1youbox.com/onlinepay/jiufubaov2/notify.do
通知报文：memberid=191209910&orderid=2019120720444504353&transaction_id=20191207204450505010&amount=100.0000&datetime=20191207204800&returncode=00&sign=0B65080D449892B16C264E54383A0079&attach=
HTTP状态：
返回：OK

【2019-12-07 20:48:45】
订单号：20191207204708991019
通知地址：http://pay.1youbox.com/onlinepay/jiufubaov2/notify.do
通知报文：memberid=191209910&orderid=2019120720470704371&transaction_id=20191207204708991019&amount=300.0000&datetime=20191207204845&returncode=00&sign=40A1205059785ABBF644E0A750C77FCE&attach=
HTTP状态：
返回：OK

【2019-12-07 20:48:55】
订单号：20191207204723981011
通知地址：http://e019cdb2app.miapp88api.com/Api/Home/payCallBack/jiufubao
通知报文：memberid=191121442&orderid=12072047233658&transaction_id=20191207204723981011&amount=1000.0000&datetime=20191207204853&returncode=00&sign=73494B0871BEDB11D16ABD8EAE139EB9&attach=
HTTP状态：
返回：查询订单失败查询订单订单状态为未支付ok

【2019-12-07 20:54:28】
订单号：20191207204922501005
通知地址：http://e019cdb2app.miapp88api.com/Api/Home/payCallBack/jiufubao
通知报文：memberid=191121442&orderid=12072049228283&transaction_id=20191207204922501005&amount=100.0000&datetime=20191207205426&returncode=00&sign=DD477B90F02C99BBA50C4A13CA3120D0&attach=
HTTP状态：
返回：查询订单失败查询订单订单状态为未支付ok

【2019-12-07 20:55:38】
订单号：20191207205312564910
通知地址：http://e019cdb2app.miapp88api.com/Api/Home/payCallBack/jiufubao
通知报文：memberid=191121442&orderid=12072053118974&transaction_id=20191207205312564910&amount=300.0000&datetime=20191207205536&returncode=00&sign=26C29FFFD58217E056CE21BE0D7DC20B&attach=
HTTP状态：
返回：查询订单失败查询订单订单状态为未支付ok

【2019-12-07 20:59:09】
订单号：20191207204410975656
通知地址：https://e019cdb2webapi.miapp66dom.com/Api/Home/payCallBack/jiufubao
通知报文：memberid=191121442&orderid=12072044096246&transaction_id=20191207204410975656&amount=300.0000&datetime=20191207205906&returncode=00&sign=64450A636FD28AE46EE93AF2010FE5FA&attach=
HTTP状态：
返回：查询订单失败查询订单订单状态为未支付ok

【2019-12-07 20:59:11】
订单号：20191207204512561005
通知地址：https://pay.fh89zf.com/onlinePay/notify/p2jiufubaov2.do
通知报文：memberid=191194184&orderid=D2019120720451001031&transaction_id=20191207204512561005&amount=100.0000&datetime=20191207205910&returncode=00&sign=982D1C53BC641086942893F450639807&attach=
HTTP状态：
返回：OK

【2019-12-07 21:07:05】
订单号：20191207210452525610
通知地址：http://e019cdb2app.miapp88api.com/Api/Home/payCallBack/jiufubao
通知报文：memberid=191121442&orderid=12072104521766&transaction_id=20191207210452525610&amount=500.0000&datetime=20191207210703&returncode=00&sign=483977BB842A3289E918C380B40E48DA&attach=
HTTP状态：
返回：查询订单失败查询订单订单状态为未支付ok

【2019-12-07 21:08:15】
订单号：20191207210621100525
通知地址：http://e019cdb2app.miapp88api.com/Api/Home/payCallBack/jiufubao
通知报文：memberid=191121442&orderid=12072106216964&transaction_id=20191207210621100525&amount=200.0000&datetime=20191207210813&returncode=00&sign=CE353A2DC795DA4BE1EB18561A0EACE4&attach=
HTTP状态：
返回：查询订单失败查询订单订单状态为未支付ok

【2019-12-07 21:09:23】
订单号：20191207210656484954
通知地址：http://pay.1youbox.com/onlinepay/jiufubaov2/notify.do
通知报文：memberid=191209910&orderid=2019120721065304555&transaction_id=20191207210656484954&amount=100.0000&datetime=20191207210923&returncode=00&sign=9F730C205DCAAC64BA01906C5AE71544&attach=
HTTP状态：
返回：OK

【2019-12-07 21:14:09】
订单号：20191207211150545051
通知地址：https://e019cdb2webapi.miapp66dom.com/Api/Home/payCallBack/jiufubao
通知报文：memberid=191121442&orderid=12072111485650&transaction_id=20191207211150545051&amount=400.0000&datetime=20191207211407&returncode=00&sign=7CE90721EC1BCBA2886A0854C9373A2B&attach=
HTTP状态：
返回：查询订单失败查询订单订单状态为未支付ok

【2019-12-07 21:18:24】
订单号：20191207211539981015
通知地址：http://e019cdb2app.miapp88api.com/Api/Home/payCallBack/jiufubao
通知报文：memberid=191121442&orderid=12072115402049&transaction_id=20191207211539981015&amount=500.0000&datetime=20191207211822&returncode=00&sign=5B9880BAE1E6739A272EF4E77099F258&attach=
HTTP状态：
返回：查询订单失败查询订单订单状态为未支付ok

【2019-12-07 21:21:32】
订单号：20191207211933535753
通知地址：https://pay.fh89zf.com/onlinePay/notify/p2jiufubaov2.do
通知报文：memberid=191194184&orderid=D2019120721192901108&transaction_id=20191207211933535753&amount=3000.0000&datetime=20191207212131&returncode=00&sign=08F2B48BA390688010FE4916A6946FB5&attach=
HTTP状态：
返回：OK

【2019-12-07 21:25:59】
订单号：20191207212053534854
通知地址：https://e019cdb2webapi.miapp66dom.com/Api/Home/payCallBack/jiufubao
通知报文：memberid=191121442&orderid=12072120519812&transaction_id=20191207212053534854&amount=200.0000&datetime=20191207212557&returncode=00&sign=1A27F18C3F240E20F2ABF53FB6CB3E4A&attach=
HTTP状态：
返回：查询订单失败查询订单订单状态为未支付ok

【2019-12-07 21:31:39】
订单号：20191207212902101991
通知地址：http://pay.1youbox.com/onlinepay/jiufubaov2/notify.do
通知报文：memberid=191209910&orderid=2019120721285804709&transaction_id=20191207212902101991&amount=120.0000&datetime=20191207213138&returncode=00&sign=5F1FBB6FFF14CB1A95C9352675CF28F7&attach=
HTTP状态：
返回：OK

【2019-12-07 21:50:46】
订单号：20191207214918101991
通知地址：http://pay.1youbox.com/onlinepay/jiufubaov2/notify.do
通知报文：memberid=191209910&orderid=2019120721491704895&transaction_id=20191207214918101991&amount=100.0000&datetime=20191207215045&returncode=00&sign=8CA6E6747E3EDBF11573F7CEC2A0290E&attach=
HTTP状态：
返回：OK

【2019-12-07 22:09:59】
订单号：20191207220811984999
通知地址：https://www.wanjia365.cn/Public.server.do
通知报文：memberid=191095866&orderid=A1912072208076887&transaction_id=20191207220811984999&amount=100.0000&datetime=20191207220958&returncode=00&sign=08A18504851E9F1CBB7984FA99B9133B&attach=725,https://www.wanjia365.cn/Account.jhrecharge.do
HTTP状态：
返回：OK

【2019-12-07 22:13:20】
订单号：20191207220745495049
通知地址：http://e019cdb2app.miapp88api.com/Api/Home/payCallBack/jiufubao
通知报文：memberid=191121442&orderid=12072207433287&transaction_id=20191207220745495049&amount=300.0000&datetime=20191207221318&returncode=00&sign=35C71B7722AF880A3AB7965801702B9C&attach=
HTTP状态：
返回：查询订单失败查询订单订单状态为未支付ok

【2019-12-07 22:23:20】
订单号：20191207222156525653
通知地址：https://payback3.lebopay.net/jfbscpay/scallback.php
通知报文：memberid=191209913&orderid=2019120710215454207035&transaction_id=20191207222156525653&amount=300.0000&datetime=20191207222318&returncode=00&sign=8FF313A588C47C2A6792B80E04A2F628&attach=41536-bb0d5836d59299bb7f0801c95d108f4f
HTTP状态：
返回：OK

【2019-12-07 22:45:15】
订单号：20191207224245534810
通知地址：http://e019cdb2app.miapp88api.com/Api/Home/payCallBack/jiufubao
通知报文：memberid=191121442&orderid=12072242456272&transaction_id=20191207224245534810&amount=100.0000&datetime=20191207224513&returncode=00&sign=F45A424777A9819DFE746945FECA7E8B&attach=
HTTP状态：
返回：查询订单失败查询订单订单状态为未支付ok

【2019-12-07 22:57:31】
订单号：20191207225553575453
通知地址：https://pay.fh89zf.com/onlinePay/notify/p2jiufubaov2.do
通知报文：memberid=191194184&orderid=D2019120722554801248&transaction_id=20191207225553575453&amount=100.0000&datetime=20191207225728&returncode=00&sign=F9C10A8AB85D42E4CE3BE4191B2BEE65&attach=
HTTP状态：
返回：OK

【2019-12-07 22:58:04】
订单号：20191207225307511001
通知地址：http://e019cdb2app.miapp88api.com/Api/Home/payCallBack/jiufubao
通知报文：memberid=191121442&orderid=12072253065440&transaction_id=20191207225307511001&amount=100.0000&datetime=20191207225802&returncode=00&sign=5CF378C01C114C1EFCF4716D831BEB3E&attach=
HTTP状态：
返回：查询订单失败查询订单订单状态为未支付ok

【2019-12-07 23:12:03】
订单号：20191207230751555350
通知地址：http://e019cdb2app.miapp88api.com/Api/Home/payCallBack/jiufubao
通知报文：memberid=191121442&orderid=12072307492023&transaction_id=20191207230751555350&amount=100.0000&datetime=20191207231201&returncode=00&sign=C603F4CEDE4355606E3706E616F20EC0&attach=
HTTP状态：
返回：查询订单失败查询订单订单状态为未支付ok

【2019-12-07 23:14:08】
订单号：20191207231140994853
通知地址：https://pay.fh89zf.com/onlinePay/notify/p2jiufubaov2.do
通知报文：memberid=191194184&orderid=D2019120723113201257&transaction_id=20191207231140994853&amount=1700.0000&datetime=20191207231407&returncode=00&sign=B19F75183C34679DB83F3F626FAB8E8F&attach=
HTTP状态：
返回：OK

【2019-12-07 23:17:53】
订单号：20191207231030541025
通知地址：http://pay.1youbox.com/onlinepay/jiufubaov2/notify.do
通知报文：memberid=191209910&orderid=2019120723102305266&transaction_id=20191207231030541025&amount=200.0000&datetime=20191207231752&returncode=00&sign=8A041A2FFE7524DB5CB72CE96898BF87&attach=
HTTP状态：
返回：OK

【2019-12-07 23:23:48】
订单号：20191207232150101981
通知地址：https://pay.fh89zf.com/onlinePay/notify/p2jiufubaov2.do
通知报文：memberid=191194184&orderid=D2019120723214001261&transaction_id=20191207232150101981&amount=1500.0000&datetime=20191207232343&returncode=00&sign=99C41379F70FBC6B74307064E430C63B&attach=
HTTP状态：
返回：OK

【2019-12-07 23:40:06】
订单号：20191207233659989752
通知地址：http://e019cdb2app.miapp88api.com/Api/Home/payCallBack/jiufubao
通知报文：memberid=191121442&orderid=12072336592944&transaction_id=20191207233659989752&amount=300.0000&datetime=20191207234003&returncode=00&sign=07F1431252E80038CE71458C034A03BE&attach=
HTTP状态：
返回：查询订单失败查询订单订单状态为未支付ok

【2019-12-07 23:40:15】
订单号：20191207233747989810
通知地址：https://pay.fh89zf.com/onlinePay/notify/p2jiufubaov2.do
通知报文：memberid=191194184&orderid=D2019120723373801274&transaction_id=20191207233747989810&amount=500.0000&datetime=20191207234013&returncode=00&sign=D7516DCC0D5D89A35BC924FBE8325D78&attach=
HTTP状态：
返回：OK

【2019-12-07 23:58:15】
订单号：20191207235503555254
通知地址：http://pay.1youbox.com/onlinepay/jiufubaov2/notify.do
通知报文：memberid=191209910&orderid=2019120723545805425&transaction_id=20191207235503555254&amount=250.0000&datetime=20191207235814&returncode=00&sign=C32FB257EE7D5515A3B6CCD4A77796B7&attach=
HTTP状态：
返回：OK

