[ 2020-06-10T00:08:13+08:00 ] 117.24.35.73 /Agent_Login_verifycode.html
INFO: [ app_init ] --START--
INFO: Run Behavior\BuildLiteBehavior [ RunTime:0.000010s ]
INFO: [ app_init ] --END-- [ RunTime:0.000047s ]
INFO: [ app_begin ] --START--
INFO: Run Behavior\ReadHtmlCacheBehavior [ RunTime:0.000310s ]
INFO: Run Behavior\CheckLangBehavior [ RunTime:0.000306s ]
INFO: [ app_begin ] --END-- [ RunTime:0.000678s ]
INFO: [ action_begin ] --START--
INFO: Run Behavior\CheckAuthBehavior [ RunTime:0.000709s ]
INFO: [ action_begin ] --END-- [ RunTime:0.000754s ]
INFO: [ app_end ] --START--
INFO: Run Behavior\ShowPageTraceBehavior [ RunTime:0.000235s ]
INFO: [ app_end ] --END-- [ RunTime:0.000269s ]

[ 2020-06-10T00:08:18+08:00 ] 42.236.10.114 /Agent_Login_verifycode.html
INFO: [ app_init ] --START--
INFO: Run Behavior\BuildLiteBehavior [ RunTime:0.000009s ]
INFO: [ app_init ] --END-- [ RunTime:0.000046s ]
INFO: [ app_begin ] --START--
INFO: Run Behavior\ReadHtmlCacheBehavior [ RunTime:0.000300s ]
INFO: Run Behavior\CheckLangBehavior [ RunTime:0.000279s ]
INFO: [ app_begin ] --END-- [ RunTime:0.000641s ]
INFO: [ action_begin ] --START--
INFO: Run Behavior\CheckAuthBehavior [ RunTime:0.000467s ]
INFO: [ action_begin ] --END-- [ RunTime:0.000515s ]
INFO: [ app_end ] --START--
INFO: Run Behavior\ShowPageTraceBehavior [ RunTime:0.000221s ]
INFO: [ app_end ] --END-- [ RunTime:0.000251s ]

[ 2020-06-10T00:08:18+08:00 ] 180.163.220.4 /Agent_Login_verifycode.html
INFO: [ app_init ] --START--
INFO: Run Behavior\BuildLiteBehavior [ RunTime:0.000009s ]
INFO: [ app_init ] --END-- [ RunTime:0.000047s ]
INFO: [ app_begin ] --START--
INFO: Run Behavior\ReadHtmlCacheBehavior [ RunTime:0.000266s ]
INFO: Run Behavior\CheckLangBehavior [ RunTime:0.000299s ]
INFO: [ app_begin ] --END-- [ RunTime:0.000624s ]
INFO: [ action_begin ] --START--
INFO: Run Behavior\CheckAuthBehavior [ RunTime:0.000677s ]
INFO: [ action_begin ] --END-- [ RunTime:0.000718s ]
INFO: [ app_end ] --START--
INFO: Run Behavior\ShowPageTraceBehavior [ RunTime:0.000354s ]
INFO: [ app_end ] --END-- [ RunTime:0.000408s ]

[ 2020-06-10T00:08:18+08:00 ] 180.163.220.68 /Agent_Login_verifycode.html
INFO: [ app_init ] --START--
INFO: Run Behavior\BuildLiteBehavior [ RunTime:0.000010s ]
INFO: [ app_init ] --END-- [ RunTime:0.000048s ]
INFO: [ app_begin ] --START--
INFO: Run Behavior\ReadHtmlCacheBehavior [ RunTime:0.000279s ]
INFO: Run Behavior\CheckLangBehavior [ RunTime:0.000263s ]
INFO: [ app_begin ] --END-- [ RunTime:0.000603s ]
INFO: [ action_begin ] --START--
INFO: Run Behavior\CheckAuthBehavior [ RunTime:0.000486s ]
INFO: [ action_begin ] --END-- [ RunTime:0.000519s ]
INFO: [ app_end ] --START--
INFO: Run Behavior\ShowPageTraceBehavior [ RunTime:0.000305s ]
INFO: [ app_end ] --END-- [ RunTime:0.000347s ]

[ 2020-06-10T00:08:24+08:00 ] 42.236.10.114 /Agent_Login_verifycode.html
INFO: [ app_init ] --START--
INFO: Run Behavior\BuildLiteBehavior [ RunTime:0.000006s ]
INFO: [ app_init ] --END-- [ RunTime:0.000031s ]
INFO: [ app_begin ] --START--
INFO: Run Behavior\ReadHtmlCacheBehavior [ RunTime:0.000302s ]
INFO: Run Behavior\CheckLangBehavior [ RunTime:0.000288s ]
INFO: [ app_begin ] --END-- [ RunTime:0.000653s ]
INFO: [ action_begin ] --START--
INFO: Run Behavior\CheckAuthBehavior [ RunTime:0.000700s ]
INFO: [ action_begin ] --END-- [ RunTime:0.000742s ]
INFO: [ app_end ] --START--
INFO: Run Behavior\ShowPageTraceBehavior [ RunTime:0.000226s ]
INFO: [ app_end ] --END-- [ RunTime:0.000255s ]

[ 2020-06-10T00:09:35+08:00 ] 180.163.220.68 /Agent_Login_verifycode.html
INFO: [ app_init ] --START--
INFO: Run Behavior\BuildLiteBehavior [ RunTime:0.000007s ]
INFO: [ app_init ] --END-- [ RunTime:0.000030s ]
INFO: [ app_begin ] --START--
INFO: Run Behavior\ReadHtmlCacheBehavior [ RunTime:0.000192s ]
INFO: Run Behavior\CheckLangBehavior [ RunTime:0.000190s ]
INFO: [ app_begin ] --END-- [ RunTime:0.000423s ]
INFO: [ action_begin ] --START--
INFO: Run Behavior\CheckAuthBehavior [ RunTime:0.000443s ]
INFO: [ action_begin ] --END-- [ RunTime:0.000473s ]
INFO: [ app_end ] --START--
INFO: Run Behavior\ShowPageTraceBehavior [ RunTime:0.000232s ]
INFO: [ app_end ] --END-- [ RunTime:0.000263s ]

[ 2020-06-10T11:58:55+08:00 ] 86.106.121.113 /agent_Login_register.html
INFO: [ app_init ] --START--
INFO: Run Behavior\BuildLiteBehavior [ RunTime:0.000007s ]
INFO: [ app_init ] --END-- [ RunTime:0.000034s ]
INFO: [ app_begin ] --START--
INFO: Run Behavior\ReadHtmlCacheBehavior [ RunTime:0.000198s ]
INFO: Run Behavior\CheckLangBehavior [ RunTime:0.000196s ]
INFO: [ app_begin ] --END-- [ RunTime:0.000433s ]
INFO: [ action_begin ] --START--
INFO: Run Behavior\CheckAuthBehavior [ RunTime:0.000464s ]
INFO: [ action_begin ] --END-- [ RunTime:0.000495s ]
INFO: [ view_parse ] --START--
INFO: [ template_filter ] --START--
INFO: Run Behavior\ContentReplaceBehavior [ RunTime:0.000024s ]
INFO: [ template_filter ] --END-- [ RunTime:0.000048s ]
NOTIC: [8] Undefined index: invitecode /www/wwwroot/web/Runtime/Cache/User/79f66d8b4fb4ea6f1ecc9517963eb677.php 第 70 行.
INFO: Run Behavior\ParseTemplateBehavior [ RunTime:0.003232s ]
INFO: [ view_parse ] --END-- [ RunTime:0.003255s ]
INFO: [ view_filter ] --START--
INFO: Run Behavior\WriteHtmlCacheBehavior [ RunTime:0.000072s ]
INFO: Run Behavior\TokenBuildBehavior [ RunTime:0.000157s ]
INFO: [ view_filter ] --END-- [ RunTime:0.000255s ]
INFO: [ app_end ] --START--
INFO: Run Behavior\ShowPageTraceBehavior [ RunTime:0.000293s ]
INFO: [ app_end ] --END-- [ RunTime:0.000318s ]

[ 2020-06-10T11:58:55+08:00 ] 86.106.121.113 /Agent_Login_index.html
INFO: [ app_init ] --START--
INFO: Run Behavior\BuildLiteBehavior [ RunTime:0.000007s ]
INFO: [ app_init ] --END-- [ RunTime:0.000031s ]
INFO: [ app_begin ] --START--
INFO: Run Behavior\ReadHtmlCacheBehavior [ RunTime:0.000207s ]
INFO: Run Behavior\CheckLangBehavior [ RunTime:0.000196s ]
INFO: [ app_begin ] --END-- [ RunTime:0.000443s ]
INFO: [ action_begin ] --START--
INFO: Run Behavior\CheckAuthBehavior [ RunTime:0.000452s ]
INFO: [ action_begin ] --END-- [ RunTime:0.000488s ]
INFO: [ view_parse ] --START--
INFO: [ template_filter ] --START--
INFO: Run Behavior\ContentReplaceBehavior [ RunTime:0.000025s ]
INFO: [ template_filter ] --END-- [ RunTime:0.000051s ]
NOTIC: [8] Undefined variable: verifycode /www/wwwroot/web/Runtime/Cache/User/cd7f950d5de11f03979102b93709231a.php 第 62 行.
INFO: Run Behavior\ParseTemplateBehavior [ RunTime:0.002868s ]
INFO: [ view_parse ] --END-- [ RunTime:0.002890s ]
INFO: [ view_filter ] --START--
INFO: Run Behavior\WriteHtmlCacheBehavior [ RunTime:0.000077s ]
INFO: Run Behavior\TokenBuildBehavior [ RunTime:0.000152s ]
INFO: [ view_filter ] --END-- [ RunTime:0.000257s ]
INFO: [ app_end ] --START--
INFO: Run Behavior\ShowPageTraceBehavior [ RunTime:0.000290s ]
INFO: [ app_end ] --END-- [ RunTime:0.000317s ]

[ 2020-06-10T11:58:56+08:00 ] 86.106.121.113 /agent_Login_forgetpwd.html
INFO: [ app_init ] --START--
INFO: Run Behavior\BuildLiteBehavior [ RunTime:0.000008s ]
INFO: [ app_init ] --END-- [ RunTime:0.000035s ]
INFO: [ app_begin ] --START--
INFO: Run Behavior\ReadHtmlCacheBehavior [ RunTime:0.000225s ]
INFO: Run Behavior\CheckLangBehavior [ RunTime:0.000202s ]
INFO: [ app_begin ] --END-- [ RunTime:0.000467s ]
INFO: [ action_begin ] --START--
INFO: Run Behavior\CheckAuthBehavior [ RunTime:0.000477s ]
INFO: [ action_begin ] --END-- [ RunTime:0.000506s ]
INFO: [ view_parse ] --START--
INFO: [ template_filter ] --START--
INFO: Run Behavior\ContentReplaceBehavior [ RunTime:0.000023s ]
INFO: [ template_filter ] --END-- [ RunTime:0.000049s ]
INFO: Run Behavior\ParseTemplateBehavior [ RunTime:0.003213s ]
INFO: [ view_parse ] --END-- [ RunTime:0.003238s ]
INFO: [ view_filter ] --START--
INFO: Run Behavior\WriteHtmlCacheBehavior [ RunTime:0.000068s ]
INFO: Run Behavior\TokenBuildBehavior [ RunTime:0.000168s ]
INFO: [ view_filter ] --END-- [ RunTime:0.000265s ]
INFO: [ app_end ] --START--
INFO: Run Behavior\ShowPageTraceBehavior [ RunTime:0.000289s ]
INFO: [ app_end ] --END-- [ RunTime:0.000315s ]

[ 2020-06-10T13:06:37+08:00 ] 45.76.156.143 /Agent_Login_checkRegister.html
INFO: [ app_init ] --START--
INFO: Run Behavior\BuildLiteBehavior [ RunTime:0.000007s ]
INFO: [ app_init ] --END-- [ RunTime:0.000041s ]
INFO: [ app_begin ] --START--
INFO: Run Behavior\ReadHtmlCacheBehavior [ RunTime:0.000208s ]
INFO: Run Behavior\CheckLangBehavior [ RunTime:0.000189s ]
INFO: [ app_begin ] --END-- [ RunTime:0.000437s ]
INFO: [ action_begin ] --START--
INFO: Run Behavior\CheckAuthBehavior [ RunTime:0.000552s ]
INFO: [ action_begin ] --END-- [ RunTime:0.000582s ]

[ 2020-06-10T19:08:45+08:00 ] 111.231.134.42 /Agent_Login_verifycode.html
INFO: [ app_init ] --START--
INFO: Run Behavior\BuildLiteBehavior [ RunTime:0.000006s ]
INFO: [ app_init ] --END-- [ RunTime:0.000030s ]
INFO: [ app_begin ] --START--
INFO: Run Behavior\ReadHtmlCacheBehavior [ RunTime:0.000280s ]
INFO: Run Behavior\CheckLangBehavior [ RunTime:0.000291s ]
INFO: [ app_begin ] --END-- [ RunTime:0.000631s ]
INFO: [ action_begin ] --START--
INFO: Run Behavior\CheckAuthBehavior [ RunTime:0.000468s ]
INFO: [ action_begin ] --END-- [ RunTime:0.000498s ]
INFO: [ app_end ] --START--
INFO: Run Behavior\ShowPageTraceBehavior [ RunTime:0.000230s ]
INFO: [ app_end ] --END-- [ RunTime:0.000261s ]

[ 2020-06-10T19:09:15+08:00 ] 223.104.90.63 /Agent_Login_verifycode.html
INFO: [ app_init ] --START--
INFO: Run Behavior\BuildLiteBehavior [ RunTime:0.000006s ]
INFO: [ app_init ] --END-- [ RunTime:0.000030s ]
INFO: [ app_begin ] --START--
INFO: Run Behavior\ReadHtmlCacheBehavior [ RunTime:0.000206s ]
INFO: Run Behavior\CheckLangBehavior [ RunTime:0.000193s ]
INFO: [ app_begin ] --END-- [ RunTime:0.000439s ]
INFO: [ action_begin ] --START--
INFO: Run Behavior\CheckAuthBehavior [ RunTime:0.000458s ]
INFO: [ action_begin ] --END-- [ RunTime:0.000488s ]
INFO: [ app_end ] --START--
INFO: Run Behavior\ShowPageTraceBehavior [ RunTime:0.000229s ]
INFO: [ app_end ] --END-- [ RunTime:0.000260s ]

[ 2020-06-10T19:09:17+08:00 ] 223.104.90.63 /Agent_Login_verifycode.html
INFO: [ app_init ] --START--
INFO: Run Behavior\BuildLiteBehavior [ RunTime:0.000007s ]
INFO: [ app_init ] --END-- [ RunTime:0.000034s ]
INFO: [ app_begin ] --START--
INFO: Run Behavior\ReadHtmlCacheBehavior [ RunTime:0.000197s ]
INFO: Run Behavior\CheckLangBehavior [ RunTime:0.000195s ]
INFO: [ app_begin ] --END-- [ RunTime:0.000433s ]
INFO: [ action_begin ] --START--
INFO: Run Behavior\CheckAuthBehavior [ RunTime:0.000438s ]
INFO: [ action_begin ] --END-- [ RunTime:0.000468s ]
INFO: [ app_end ] --START--
INFO: Run Behavior\ShowPageTraceBehavior [ RunTime:0.000226s ]
INFO: [ app_end ] --END-- [ RunTime:0.000255s ]

[ 2020-06-10T19:09:21+08:00 ] 111.231.134.42 /user.html
INFO: [ app_init ] --START--
INFO: Run Behavior\BuildLiteBehavior [ RunTime:0.000007s ]
INFO: [ app_init ] --END-- [ RunTime:0.000042s ]
INFO: [ app_begin ] --START--
INFO: Run Behavior\ReadHtmlCacheBehavior [ RunTime:0.000203s ]
INFO: Run Behavior\CheckLangBehavior [ RunTime:0.000192s ]
INFO: [ app_begin ] --END-- [ RunTime:0.000436s ]
INFO: [ action_begin ] --START--
INFO: Run Behavior\CheckAuthBehavior [ RunTime:0.000443s ]
INFO: [ action_begin ] --END-- [ RunTime:0.000472s ]
INFO: [ view_parse ] --START--
INFO: [ template_filter ] --START--
INFO: Run Behavior\ContentReplaceBehavior [ RunTime:0.000030s ]
INFO: [ template_filter ] --END-- [ RunTime:0.000055s ]
NOTIC: [8] Use of undefined constant groupid - assumed 'groupid' /www/wwwroot/web/Runtime/Cache/User/d7a7632f153cf12d0db44c934c28bcfe.php 第 7 行.
NOTIC: [8] Use of undefined constant groupid - assumed 'groupid' /www/wwwroot/web/Runtime/Cache/User/d7a7632f153cf12d0db44c934c28bcfe.php 第 8 行.
NOTIC: [8] Use of undefined constant groupid - assumed 'groupid' /www/wwwroot/web/Runtime/Cache/User/d7a7632f153cf12d0db44c934c28bcfe.php 第 9 行.
NOTIC: [8] Use of undefined constant groupid - assumed 'groupid' /www/wwwroot/web/Runtime/Cache/User/d7a7632f153cf12d0db44c934c28bcfe.php 第 10 行.
NOTIC: [8] Use of undefined constant groupid - assumed 'groupid' /www/wwwroot/web/Runtime/Cache/User/d7a7632f153cf12d0db44c934c28bcfe.php 第 37 行.
NOTIC: [8] Use of undefined constant groupid - assumed 'groupid' /www/wwwroot/web/Runtime/Cache/User/d7a7632f153cf12d0db44c934c28bcfe.php 第 38 行.
NOTIC: [8] Use of undefined constant groupid - assumed 'groupid' /www/wwwroot/web/Runtime/Cache/User/d7a7632f153cf12d0db44c934c28bcfe.php 第 39 行.
NOTIC: [8] Use of undefined constant groupid - assumed 'groupid' /www/wwwroot/web/Runtime/Cache/User/d7a7632f153cf12d0db44c934c28bcfe.php 第 40 行.
NOTIC: [8] Use of undefined constant groupid - assumed 'groupid' /www/wwwroot/web/Runtime/Cache/User/d7a7632f153cf12d0db44c934c28bcfe.php 第 72 行.
NOTIC: [8] Use of undefined constant groupid - assumed 'groupid' /www/wwwroot/web/Runtime/Cache/User/d7a7632f153cf12d0db44c934c28bcfe.php 第 82 行.
NOTIC: [8] Use of undefined constant open_charge - assumed 'open_charge' /www/wwwroot/web/Runtime/Cache/User/d7a7632f153cf12d0db44c934c28bcfe.php 第 82 行.
NOTIC: [8] Use of undefined constant groupid - assumed 'groupid' /www/wwwroot/web/Runtime/Cache/User/d7a7632f153cf12d0db44c934c28bcfe.php 第 118 行.
NOTIC: [8] Use of undefined constant groupid - assumed 'groupid' /www/wwwroot/web/Runtime/Cache/User/d7a7632f153cf12d0db44c934c28bcfe.php 第 119 行.
NOTIC: [8] Use of undefined constant df_api - assumed 'df_api' /www/wwwroot/web/Runtime/Cache/User/d7a7632f153cf12d0db44c934c28bcfe.php 第 131 行.
NOTIC: [8] Use of undefined constant groupid - assumed 'groupid' /www/wwwroot/web/Runtime/Cache/User/d7a7632f153cf12d0db44c934c28bcfe.php 第 134 行.
NOTIC: [8] Use of undefined constant groupid - assumed 'groupid' /www/wwwroot/web/Runtime/Cache/User/d7a7632f153cf12d0db44c934c28bcfe.php 第 140 行.
NOTIC: [8] Use of undefined constant groupid - assumed 'groupid' /www/wwwroot/web/Runtime/Cache/User/d7a7632f153cf12d0db44c934c28bcfe.php 第 154 行.
NOTIC: [8] Use of undefined constant groupid - assumed 'groupid' /www/wwwroot/web/Runtime/Cache/User/d7a7632f153cf12d0db44c934c28bcfe.php 第 168 行.
INFO: Run Behavior\ParseTemplateBehavior [ RunTime:0.006341s ]
INFO: [ view_parse ] --END-- [ RunTime:0.006364s ]
INFO: [ view_filter ] --START--
INFO: Run Behavior\WriteHtmlCacheBehavior [ RunTime:0.000082s ]
INFO: Run Behavior\TokenBuildBehavior [ RunTime:0.000164s ]
INFO: [ view_filter ] --END-- [ RunTime:0.000274s ]
INFO: [ app_end ] --START--
INFO: Run Behavior\ShowPageTraceBehavior [ RunTime:0.000254s ]
INFO: [ app_end ] --END-- [ RunTime:0.000279s ]

[ 2020-06-10T19:09:21+08:00 ] 111.231.134.42 /agent_Index_main.html
INFO: [ app_init ] --START--
INFO: Run Behavior\BuildLiteBehavior [ RunTime:0.000007s ]
INFO: [ app_init ] --END-- [ RunTime:0.000031s ]
INFO: [ app_begin ] --START--
INFO: Run Behavior\ReadHtmlCacheBehavior [ RunTime:0.000195s ]
INFO: Run Behavior\CheckLangBehavior [ RunTime:0.000203s ]
INFO: [ app_begin ] --END-- [ RunTime:0.000440s ]
INFO: [ action_begin ] --START--
INFO: Run Behavior\CheckAuthBehavior [ RunTime:0.000454s ]
INFO: [ action_begin ] --END-- [ RunTime:0.000483s ]
NOTIC: [8] Undefined variable: category /www/wwwroot/web/Application/User/Controller/IndexController.class.php 第 59 行.
NOTIC: [2] implode(): Invalid arguments passed /www/wwwroot/web/Application/User/Controller/IndexController.class.php 第 59 行.
NOTIC: [8] Undefined variable: dataone /www/wwwroot/web/Application/User/Controller/IndexController.class.php 第 60 行.
NOTIC: [2] implode(): Invalid arguments passed /www/wwwroot/web/Application/User/Controller/IndexController.class.php 第 60 行.
NOTIC: [8] Undefined variable: datatwo /www/wwwroot/web/Application/User/Controller/IndexController.class.php 第 61 行.
NOTIC: [2] implode(): Invalid arguments passed /www/wwwroot/web/Application/User/Controller/IndexController.class.php 第 61 行.
NOTIC: [8] Undefined variable: ipItem /www/wwwroot/web/Application/User/Controller/IndexController.class.php 第 100 行.
INFO: [ view_parse ] --START--
INFO: [ template_filter ] --START--
INFO: Run Behavior\ContentReplaceBehavior [ RunTime:0.000022s ]
INFO: [ template_filter ] --END-- [ RunTime:0.000046s ]
NOTIC: [2] Illegal string offset 'loginip' /www/wwwroot/web/Runtime/Cache/User/0a2302724c4cbc626c8639028f086c96.php 第 31 行.
NOTIC: [8] Uninitialized string offset: 0 /www/wwwroot/web/Runtime/Cache/User/0a2302724c4cbc626c8639028f086c96.php 第 31 行.
NOTIC: [2] Illegal string offset 'loginaddress' /www/wwwroot/web/Runtime/Cache/User/0a2302724c4cbc626c8639028f086c96.php 第 31 行.
NOTIC: [8] Uninitialized string offset: 0 /www/wwwroot/web/Runtime/Cache/User/0a2302724c4cbc626c8639028f086c96.php 第 31 行.
NOTIC: [2] Illegal string offset 'logindatetime' /www/wwwroot/web/Runtime/Cache/User/0a2302724c4cbc626c8639028f086c96.php 第 31 行.
NOTIC: [8] Uninitialized string offset: 0 /www/wwwroot/web/Runtime/Cache/User/0a2302724c4cbc626c8639028f086c96.php 第 31 行.
NOTIC: [8] Use of undefined constant groupid - assumed 'groupid' /www/wwwroot/web/Runtime/Cache/User/0a2302724c4cbc626c8639028f086c96.php 第 40 行.
NOTIC: [8] Use of undefined constant groupid - assumed 'groupid' /www/wwwroot/web/Runtime/Cache/User/0a2302724c4cbc626c8639028f086c96.php 第 91 行.
INFO: Run Behavior\ParseTemplateBehavior [ RunTime:0.004353s ]
INFO: [ view_parse ] --END-- [ RunTime:0.004374s ]
INFO: [ view_filter ] --START--
INFO: Run Behavior\WriteHtmlCacheBehavior [ RunTime:0.000071s ]
INFO: Run Behavior\TokenBuildBehavior [ RunTime:0.000155s ]
INFO: [ view_filter ] --END-- [ RunTime:0.000255s ]
INFO: [ app_end ] --START--
INFO: Run Behavior\ShowPageTraceBehavior [ RunTime:0.000200s ]
INFO: [ app_end ] --END-- [ RunTime:0.000218s ]

[ 2020-06-10T19:09:58+08:00 ] 223.104.90.63 /Agent_Login_verifycode.html
INFO: [ app_init ] --START--
INFO: Run Behavior\BuildLiteBehavior [ RunTime:0.000011s ]
INFO: [ app_init ] --END-- [ RunTime:0.000049s ]
INFO: [ app_begin ] --START--
INFO: Run Behavior\ReadHtmlCacheBehavior [ RunTime:0.000276s ]
INFO: Run Behavior\CheckLangBehavior [ RunTime:0.000295s ]
INFO: [ app_begin ] --END-- [ RunTime:0.000631s ]
INFO: [ action_begin ] --START--
INFO: Run Behavior\CheckAuthBehavior [ RunTime:0.000628s ]
INFO: [ action_begin ] --END-- [ RunTime:0.000670s ]
INFO: [ app_end ] --START--
INFO: Run Behavior\ShowPageTraceBehavior [ RunTime:0.000232s ]
INFO: [ app_end ] --END-- [ RunTime:0.000261s ]

[ 2020-06-10T19:09:59+08:00 ] 223.104.90.63 /Agent_Login_verifycode.html
INFO: [ app_init ] --START--
INFO: Run Behavior\BuildLiteBehavior [ RunTime:0.000010s ]
INFO: [ app_init ] --END-- [ RunTime:0.000039s ]
INFO: [ app_begin ] --START--
INFO: Run Behavior\ReadHtmlCacheBehavior [ RunTime:0.000197s ]
INFO: Run Behavior\CheckLangBehavior [ RunTime:0.000191s ]
INFO: [ app_begin ] --END-- [ RunTime:0.000430s ]
INFO: [ action_begin ] --START--
INFO: Run Behavior\CheckAuthBehavior [ RunTime:0.000456s ]
INFO: [ action_begin ] --END-- [ RunTime:0.000483s ]
INFO: [ app_end ] --START--
INFO: Run Behavior\ShowPageTraceBehavior [ RunTime:0.000218s ]
INFO: [ app_end ] --END-- [ RunTime:0.000247s ]

[ 2020-06-10T19:10:04+08:00 ] 223.104.90.63 /Agent_Login_verifycode.html
INFO: [ app_init ] --START--
INFO: Run Behavior\BuildLiteBehavior [ RunTime:0.000010s ]
INFO: [ app_init ] --END-- [ RunTime:0.000047s ]
INFO: [ app_begin ] --START--
INFO: Run Behavior\ReadHtmlCacheBehavior [ RunTime:0.000292s ]
INFO: Run Behavior\CheckLangBehavior [ RunTime:0.000293s ]
INFO: [ app_begin ] --END-- [ RunTime:0.000651s ]
INFO: [ action_begin ] --START--
INFO: Run Behavior\CheckAuthBehavior [ RunTime:0.000587s ]
INFO: [ action_begin ] --END-- [ RunTime:0.000631s ]
INFO: [ app_end ] --START--
INFO: Run Behavior\ShowPageTraceBehavior [ RunTime:0.000227s ]
INFO: [ app_end ] --END-- [ RunTime:0.000256s ]

[ 2020-06-10T19:10:04+08:00 ] 223.104.90.63 /Agent_Login_verifycode.html
INFO: [ app_init ] --START--
INFO: Run Behavior\BuildLiteBehavior [ RunTime:0.000006s ]
INFO: [ app_init ] --END-- [ RunTime:0.000032s ]
INFO: [ app_begin ] --START--
INFO: Run Behavior\ReadHtmlCacheBehavior [ RunTime:0.000192s ]
INFO: Run Behavior\CheckLangBehavior [ RunTime:0.000203s ]
INFO: [ app_begin ] --END-- [ RunTime:0.000437s ]
INFO: [ action_begin ] --START--
INFO: Run Behavior\CheckAuthBehavior [ RunTime:0.000459s ]
INFO: [ action_begin ] --END-- [ RunTime:0.000489s ]
INFO: [ app_end ] --START--
INFO: Run Behavior\ShowPageTraceBehavior [ RunTime:0.000220s ]
INFO: [ app_end ] --END-- [ RunTime:0.000251s ]

[ 2020-06-10T19:10:17+08:00 ] 223.104.90.63 /agent_Login_verifycode.html?d=0.9897129094447369
INFO: [ app_init ] --START--
INFO: Run Behavior\BuildLiteBehavior [ RunTime:0.000007s ]
INFO: [ app_init ] --END-- [ RunTime:0.000035s ]
INFO: [ app_begin ] --START--
INFO: Run Behavior\ReadHtmlCacheBehavior [ RunTime:0.000196s ]
INFO: Run Behavior\CheckLangBehavior [ RunTime:0.000202s ]
INFO: [ app_begin ] --END-- [ RunTime:0.000439s ]
INFO: [ action_begin ] --START--
INFO: Run Behavior\CheckAuthBehavior [ RunTime:0.000451s ]
INFO: [ action_begin ] --END-- [ RunTime:0.000479s ]
INFO: [ app_end ] --START--
INFO: Run Behavior\ShowPageTraceBehavior [ RunTime:0.000229s ]
INFO: [ app_end ] --END-- [ RunTime:0.000260s ]

[ 2020-06-10T19:10:25+08:00 ] 223.104.90.63 /user_Login_checklogin.html
INFO: [ app_init ] --START--
INFO: Run Behavior\BuildLiteBehavior [ RunTime:0.000008s ]
INFO: [ app_init ] --END-- [ RunTime:0.000033s ]
INFO: [ app_begin ] --START--
INFO: Run Behavior\ReadHtmlCacheBehavior [ RunTime:0.000195s ]
INFO: Run Behavior\CheckLangBehavior [ RunTime:0.000191s ]
INFO: [ app_begin ] --END-- [ RunTime:0.000426s ]
INFO: [ action_begin ] --START--
INFO: Run Behavior\CheckAuthBehavior [ RunTime:0.000465s ]
INFO: [ action_begin ] --END-- [ RunTime:0.000493s ]

[ 2020-06-10T19:10:48+08:00 ] 223.104.90.63 /Agent_Login_verifycode.html
INFO: [ app_init ] --START--
INFO: Run Behavior\BuildLiteBehavior [ RunTime:0.000009s ]
INFO: [ app_init ] --END-- [ RunTime:0.000044s ]
INFO: [ app_begin ] --START--
INFO: Run Behavior\ReadHtmlCacheBehavior [ RunTime:0.000298s ]
INFO: Run Behavior\CheckLangBehavior [ RunTime:0.000215s ]
INFO: [ app_begin ] --END-- [ RunTime:0.000570s ]
INFO: [ action_begin ] --START--
INFO: Run Behavior\CheckAuthBehavior [ RunTime:0.000541s ]
INFO: [ action_begin ] --END-- [ RunTime:0.000577s ]
INFO: [ app_end ] --START--
INFO: Run Behavior\ShowPageTraceBehavior [ RunTime:0.000225s ]
INFO: [ app_end ] --END-- [ RunTime:0.000255s ]

[ 2020-06-10T19:10:48+08:00 ] 223.104.90.63 /Agent_Login_verifycode.html
INFO: [ app_init ] --START--
INFO: Run Behavior\BuildLiteBehavior [ RunTime:0.000007s ]
INFO: [ app_init ] --END-- [ RunTime:0.000034s ]
INFO: [ app_begin ] --START--
INFO: Run Behavior\ReadHtmlCacheBehavior [ RunTime:0.000199s ]
INFO: Run Behavior\CheckLangBehavior [ RunTime:0.000196s ]
INFO: [ app_begin ] --END-- [ RunTime:0.000435s ]
INFO: [ action_begin ] --START--
INFO: Run Behavior\CheckAuthBehavior [ RunTime:0.000447s ]
INFO: [ action_begin ] --END-- [ RunTime:0.000475s ]
INFO: [ app_end ] --START--
INFO: Run Behavior\ShowPageTraceBehavior [ RunTime:0.000224s ]
INFO: [ app_end ] --END-- [ RunTime:0.000254s ]

[ 2020-06-10T19:11:03+08:00 ] 223.104.90.63 /user_Login_checklogin.html
INFO: [ app_init ] --START--
INFO: Run Behavior\BuildLiteBehavior [ RunTime:0.000007s ]
INFO: [ app_init ] --END-- [ RunTime:0.000034s ]
INFO: [ app_begin ] --START--
INFO: Run Behavior\ReadHtmlCacheBehavior [ RunTime:0.000197s ]
INFO: Run Behavior\CheckLangBehavior [ RunTime:0.000197s ]
INFO: [ app_begin ] --END-- [ RunTime:0.000435s ]
INFO: [ action_begin ] --START--
INFO: Run Behavior\CheckAuthBehavior [ RunTime:0.000450s ]
INFO: [ action_begin ] --END-- [ RunTime:0.000477s ]

[ 2020-06-10T19:11:18+08:00 ] 223.104.90.63 /Agent_Login_verifycode.html
INFO: [ app_init ] --START--
INFO: Run Behavior\BuildLiteBehavior [ RunTime:0.000009s ]
INFO: [ app_init ] --END-- [ RunTime:0.000051s ]
INFO: [ app_begin ] --START--
INFO: Run Behavior\ReadHtmlCacheBehavior [ RunTime:0.000274s ]
INFO: Run Behavior\CheckLangBehavior [ RunTime:0.000306s ]
INFO: [ app_begin ] --END-- [ RunTime:0.000650s ]
INFO: [ action_begin ] --START--
INFO: Run Behavior\CheckAuthBehavior [ RunTime:0.000660s ]
INFO: [ action_begin ] --END-- [ RunTime:0.000698s ]
INFO: [ app_end ] --START--
INFO: Run Behavior\ShowPageTraceBehavior [ RunTime:0.000239s ]
INFO: [ app_end ] --END-- [ RunTime:0.000269s ]

[ 2020-06-10T19:11:19+08:00 ] 223.104.90.63 /Agent_Login_verifycode.html
INFO: [ app_init ] --START--
INFO: Run Behavior\BuildLiteBehavior [ RunTime:0.000007s ]
INFO: [ app_init ] --END-- [ RunTime:0.000034s ]
INFO: [ app_begin ] --START--
INFO: Run Behavior\ReadHtmlCacheBehavior [ RunTime:0.000209s ]
INFO: Run Behavior\CheckLangBehavior [ RunTime:0.000195s ]
INFO: [ app_begin ] --END-- [ RunTime:0.000446s ]
INFO: [ action_begin ] --START--
INFO: Run Behavior\CheckAuthBehavior [ RunTime:0.000455s ]
INFO: [ action_begin ] --END-- [ RunTime:0.000493s ]
INFO: [ app_end ] --START--
INFO: Run Behavior\ShowPageTraceBehavior [ RunTime:0.000223s ]
INFO: [ app_end ] --END-- [ RunTime:0.000253s ]

[ 2020-06-10T19:11:30+08:00 ] 223.104.90.63 /Agent_Login_verifycode.html
INFO: [ app_init ] --START--
INFO: Run Behavior\BuildLiteBehavior [ RunTime:0.000009s ]
INFO: [ app_init ] --END-- [ RunTime:0.000051s ]
INFO: [ app_begin ] --START--
INFO: Run Behavior\ReadHtmlCacheBehavior [ RunTime:0.000279s ]
INFO: Run Behavior\CheckLangBehavior [ RunTime:0.000289s ]
INFO: [ app_begin ] --END-- [ RunTime:0.000634s ]
INFO: [ action_begin ] --START--
INFO: Run Behavior\CheckAuthBehavior [ RunTime:0.000482s ]
INFO: [ action_begin ] --END-- [ RunTime:0.000517s ]
INFO: [ app_end ] --START--
INFO: Run Behavior\ShowPageTraceBehavior [ RunTime:0.000231s ]
INFO: [ app_end ] --END-- [ RunTime:0.000261s ]

[ 2020-06-10T19:11:30+08:00 ] 223.104.90.63 /Agent_Login_verifycode.html
INFO: [ app_init ] --START--
INFO: Run Behavior\BuildLiteBehavior [ RunTime:0.000016s ]
INFO: [ app_init ] --END-- [ RunTime:0.000044s ]
INFO: [ app_begin ] --START--
INFO: Run Behavior\ReadHtmlCacheBehavior [ RunTime:0.000206s ]
INFO: Run Behavior\CheckLangBehavior [ RunTime:0.000207s ]
INFO: [ app_begin ] --END-- [ RunTime:0.000454s ]
INFO: [ action_begin ] --START--
INFO: Run Behavior\CheckAuthBehavior [ RunTime:0.000452s ]
INFO: [ action_begin ] --END-- [ RunTime:0.000481s ]
INFO: [ app_end ] --START--
INFO: Run Behavior\ShowPageTraceBehavior [ RunTime:0.000233s ]
INFO: [ app_end ] --END-- [ RunTime:0.000264s ]

[ 2020-06-10T19:11:53+08:00 ] 223.104.90.63 /user_Login_checklogin.html
INFO: [ app_init ] --START--
INFO: Run Behavior\BuildLiteBehavior [ RunTime:0.000008s ]
INFO: [ app_init ] --END-- [ RunTime:0.000032s ]
INFO: [ app_begin ] --START--
INFO: Run Behavior\ReadHtmlCacheBehavior [ RunTime:0.000204s ]
INFO: Run Behavior\CheckLangBehavior [ RunTime:0.000207s ]
INFO: [ app_begin ] --END-- [ RunTime:0.000452s ]
INFO: [ action_begin ] --START--
INFO: Run Behavior\CheckAuthBehavior [ RunTime:0.000450s ]
INFO: [ action_begin ] --END-- [ RunTime:0.000477s ]

[ 2020-06-10T19:11:56+08:00 ] 223.104.90.63 /user_Index_index.html
INFO: [ app_init ] --START--
INFO: Run Behavior\BuildLiteBehavior [ RunTime:0.000006s ]
INFO: [ app_init ] --END-- [ RunTime:0.000034s ]
INFO: [ app_begin ] --START--
INFO: Run Behavior\ReadHtmlCacheBehavior [ RunTime:0.000211s ]
INFO: Run Behavior\CheckLangBehavior [ RunTime:0.000192s ]
INFO: [ app_begin ] --END-- [ RunTime:0.000442s ]
INFO: [ action_begin ] --START--
INFO: Run Behavior\CheckAuthBehavior [ RunTime:0.000447s ]
INFO: [ action_begin ] --END-- [ RunTime:0.000476s ]
INFO: [ view_parse ] --START--
INFO: [ template_filter ] --START--
INFO: Run Behavior\ContentReplaceBehavior [ RunTime:0.000031s ]
INFO: [ template_filter ] --END-- [ RunTime:0.000057s ]
NOTIC: [8] Use of undefined constant groupid - assumed 'groupid' /www/wwwroot/web/Runtime/Cache/User/d7a7632f153cf12d0db44c934c28bcfe.php 第 7 行.
NOTIC: [8] Use of undefined constant groupid - assumed 'groupid' /www/wwwroot/web/Runtime/Cache/User/d7a7632f153cf12d0db44c934c28bcfe.php 第 8 行.
NOTIC: [8] Use of undefined constant groupid - assumed 'groupid' /www/wwwroot/web/Runtime/Cache/User/d7a7632f153cf12d0db44c934c28bcfe.php 第 9 行.
NOTIC: [8] Use of undefined constant groupid - assumed 'groupid' /www/wwwroot/web/Runtime/Cache/User/d7a7632f153cf12d0db44c934c28bcfe.php 第 10 行.
NOTIC: [8] Use of undefined constant groupid - assumed 'groupid' /www/wwwroot/web/Runtime/Cache/User/d7a7632f153cf12d0db44c934c28bcfe.php 第 37 行.
NOTIC: [8] Use of undefined constant groupid - assumed 'groupid' /www/wwwroot/web/Runtime/Cache/User/d7a7632f153cf12d0db44c934c28bcfe.php 第 38 行.
NOTIC: [8] Use of undefined constant groupid - assumed 'groupid' /www/wwwroot/web/Runtime/Cache/User/d7a7632f153cf12d0db44c934c28bcfe.php 第 39 行.
NOTIC: [8] Use of undefined constant groupid - assumed 'groupid' /www/wwwroot/web/Runtime/Cache/User/d7a7632f153cf12d0db44c934c28bcfe.php 第 40 行.
NOTIC: [8] Use of undefined constant groupid - assumed 'groupid' /www/wwwroot/web/Runtime/Cache/User/d7a7632f153cf12d0db44c934c28bcfe.php 第 72 行.
NOTIC: [8] Use of undefined constant groupid - assumed 'groupid' /www/wwwroot/web/Runtime/Cache/User/d7a7632f153cf12d0db44c934c28bcfe.php 第 82 行.
NOTIC: [8] Use of undefined constant open_charge - assumed 'open_charge' /www/wwwroot/web/Runtime/Cache/User/d7a7632f153cf12d0db44c934c28bcfe.php 第 82 行.
NOTIC: [8] Use of undefined constant groupid - assumed 'groupid' /www/wwwroot/web/Runtime/Cache/User/d7a7632f153cf12d0db44c934c28bcfe.php 第 118 行.
NOTIC: [8] Use of undefined constant groupid - assumed 'groupid' /www/wwwroot/web/Runtime/Cache/User/d7a7632f153cf12d0db44c934c28bcfe.php 第 119 行.
NOTIC: [8] Use of undefined constant df_api - assumed 'df_api' /www/wwwroot/web/Runtime/Cache/User/d7a7632f153cf12d0db44c934c28bcfe.php 第 131 行.
NOTIC: [8] Use of undefined constant groupid - assumed 'groupid' /www/wwwroot/web/Runtime/Cache/User/d7a7632f153cf12d0db44c934c28bcfe.php 第 134 行.
NOTIC: [8] Use of undefined constant groupid - assumed 'groupid' /www/wwwroot/web/Runtime/Cache/User/d7a7632f153cf12d0db44c934c28bcfe.php 第 140 行.
NOTIC: [8] Use of undefined constant groupid - assumed 'groupid' /www/wwwroot/web/Runtime/Cache/User/d7a7632f153cf12d0db44c934c28bcfe.php 第 154 行.
NOTIC: [8] Use of undefined constant groupid - assumed 'groupid' /www/wwwroot/web/Runtime/Cache/User/d7a7632f153cf12d0db44c934c28bcfe.php 第 168 行.
INFO: Run Behavior\ParseTemplateBehavior [ RunTime:0.006342s ]
INFO: [ view_parse ] --END-- [ RunTime:0.006366s ]
INFO: [ view_filter ] --START--
INFO: Run Behavior\WriteHtmlCacheBehavior [ RunTime:0.000073s ]
INFO: Run Behavior\TokenBuildBehavior [ RunTime:0.000169s ]
INFO: [ view_filter ] --END-- [ RunTime:0.000270s ]
INFO: [ app_end ] --START--
INFO: Run Behavior\ShowPageTraceBehavior [ RunTime:0.000265s ]
INFO: [ app_end ] --END-- [ RunTime:0.000290s ]

[ 2020-06-10T19:11:56+08:00 ] 223.104.90.63 /agent_Index_main.html
INFO: [ app_init ] --START--
INFO: Run Behavior\BuildLiteBehavior [ RunTime:0.000007s ]
INFO: [ app_init ] --END-- [ RunTime:0.000032s ]
INFO: [ app_begin ] --START--
INFO: Run Behavior\ReadHtmlCacheBehavior [ RunTime:0.000204s ]
INFO: Run Behavior\CheckLangBehavior [ RunTime:0.000209s ]
INFO: [ app_begin ] --END-- [ RunTime:0.000454s ]
INFO: [ action_begin ] --START--
INFO: Run Behavior\CheckAuthBehavior [ RunTime:0.000487s ]
INFO: [ action_begin ] --END-- [ RunTime:0.000515s ]
NOTIC: [8] Undefined variable: category /www/wwwroot/web/Application/User/Controller/IndexController.class.php 第 59 行.
NOTIC: [2] implode(): Invalid arguments passed /www/wwwroot/web/Application/User/Controller/IndexController.class.php 第 59 行.
NOTIC: [8] Undefined variable: dataone /www/wwwroot/web/Application/User/Controller/IndexController.class.php 第 60 行.
NOTIC: [2] implode(): Invalid arguments passed /www/wwwroot/web/Application/User/Controller/IndexController.class.php 第 60 行.
NOTIC: [8] Undefined variable: datatwo /www/wwwroot/web/Application/User/Controller/IndexController.class.php 第 61 行.
NOTIC: [2] implode(): Invalid arguments passed /www/wwwroot/web/Application/User/Controller/IndexController.class.php 第 61 行.
NOTIC: [8] Undefined variable: ipItem /www/wwwroot/web/Application/User/Controller/IndexController.class.php 第 100 行.
INFO: [ view_parse ] --START--
INFO: [ template_filter ] --START--
INFO: Run Behavior\ContentReplaceBehavior [ RunTime:0.000023s ]
INFO: [ template_filter ] --END-- [ RunTime:0.000046s ]
NOTIC: [2] Illegal string offset 'loginip' /www/wwwroot/web/Runtime/Cache/User/0a2302724c4cbc626c8639028f086c96.php 第 31 行.
NOTIC: [8] Uninitialized string offset: 0 /www/wwwroot/web/Runtime/Cache/User/0a2302724c4cbc626c8639028f086c96.php 第 31 行.
NOTIC: [2] Illegal string offset 'loginaddress' /www/wwwroot/web/Runtime/Cache/User/0a2302724c4cbc626c8639028f086c96.php 第 31 行.
NOTIC: [8] Uninitialized string offset: 0 /www/wwwroot/web/Runtime/Cache/User/0a2302724c4cbc626c8639028f086c96.php 第 31 行.
NOTIC: [2] Illegal string offset 'logindatetime' /www/wwwroot/web/Runtime/Cache/User/0a2302724c4cbc626c8639028f086c96.php 第 31 行.
NOTIC: [8] Uninitialized string offset: 0 /www/wwwroot/web/Runtime/Cache/User/0a2302724c4cbc626c8639028f086c96.php 第 31 行.
NOTIC: [8] Use of undefined constant groupid - assumed 'groupid' /www/wwwroot/web/Runtime/Cache/User/0a2302724c4cbc626c8639028f086c96.php 第 40 行.
NOTIC: [8] Use of undefined constant groupid - assumed 'groupid' /www/wwwroot/web/Runtime/Cache/User/0a2302724c4cbc626c8639028f086c96.php 第 91 行.
INFO: Run Behavior\ParseTemplateBehavior [ RunTime:0.004383s ]
INFO: [ view_parse ] --END-- [ RunTime:0.004406s ]
INFO: [ view_filter ] --START--
INFO: Run Behavior\WriteHtmlCacheBehavior [ RunTime:0.000072s ]
INFO: Run Behavior\TokenBuildBehavior [ RunTime:0.000152s ]
INFO: [ view_filter ] --END-- [ RunTime:0.000252s ]
INFO: [ app_end ] --START--
INFO: Run Behavior\ShowPageTraceBehavior [ RunTime:0.000192s ]
INFO: [ app_end ] --END-- [ RunTime:0.000210s ]

[ 2020-06-10T19:12:50+08:00 ] 117.153.194.23 /Agent_Login_verifycode.html
INFO: [ app_init ] --START--
INFO: Run Behavior\BuildLiteBehavior [ RunTime:0.000011s ]
INFO: [ app_init ] --END-- [ RunTime:0.000052s ]
INFO: [ app_begin ] --START--
INFO: Run Behavior\ReadHtmlCacheBehavior [ RunTime:0.000279s ]
INFO: Run Behavior\CheckLangBehavior [ RunTime:0.000311s ]
INFO: [ app_begin ] --END-- [ RunTime:0.000651s ]
INFO: [ action_begin ] --START--
INFO: Run Behavior\CheckAuthBehavior [ RunTime:0.000656s ]
INFO: [ action_begin ] --END-- [ RunTime:0.000698s ]
INFO: [ app_end ] --START--
INFO: Run Behavior\ShowPageTraceBehavior [ RunTime:0.000293s ]
INFO: [ app_end ] --END-- [ RunTime:0.000338s ]

[ 2020-06-10T19:14:32+08:00 ] 117.153.194.23 /user_Login_checklogin.html
INFO: [ app_init ] --START--
INFO: Run Behavior\BuildLiteBehavior [ RunTime:0.000010s ]
INFO: [ app_init ] --END-- [ RunTime:0.000047s ]
INFO: [ app_begin ] --START--
INFO: Run Behavior\ReadHtmlCacheBehavior [ RunTime:0.000198s ]
INFO: Run Behavior\CheckLangBehavior [ RunTime:0.000195s ]
INFO: [ app_begin ] --END-- [ RunTime:0.000433s ]
INFO: [ action_begin ] --START--
INFO: Run Behavior\CheckAuthBehavior [ RunTime:0.000475s ]
INFO: [ action_begin ] --END-- [ RunTime:0.000502s ]

[ 2020-06-10T19:14:35+08:00 ] 117.153.194.23 /user_Index_index.html
INFO: [ app_init ] --START--
INFO: Run Behavior\BuildLiteBehavior [ RunTime:0.000008s ]
INFO: [ app_init ] --END-- [ RunTime:0.000034s ]
INFO: [ app_begin ] --START--
INFO: Run Behavior\ReadHtmlCacheBehavior [ RunTime:0.000195s ]
INFO: Run Behavior\CheckLangBehavior [ RunTime:0.000208s ]
INFO: [ app_begin ] --END-- [ RunTime:0.000445s ]
INFO: [ action_begin ] --START--
INFO: Run Behavior\CheckAuthBehavior [ RunTime:0.000449s ]
INFO: [ action_begin ] --END-- [ RunTime:0.000478s ]
INFO: [ view_parse ] --START--
INFO: [ template_filter ] --START--
INFO: Run Behavior\ContentReplaceBehavior [ RunTime:0.000031s ]
INFO: [ template_filter ] --END-- [ RunTime:0.000055s ]
NOTIC: [8] Use of undefined constant groupid - assumed 'groupid' /www/wwwroot/web/Runtime/Cache/User/d7a7632f153cf12d0db44c934c28bcfe.php 第 7 行.
NOTIC: [8] Use of undefined constant groupid - assumed 'groupid' /www/wwwroot/web/Runtime/Cache/User/d7a7632f153cf12d0db44c934c28bcfe.php 第 8 行.
NOTIC: [8] Use of undefined constant groupid - assumed 'groupid' /www/wwwroot/web/Runtime/Cache/User/d7a7632f153cf12d0db44c934c28bcfe.php 第 9 行.
NOTIC: [8] Use of undefined constant groupid - assumed 'groupid' /www/wwwroot/web/Runtime/Cache/User/d7a7632f153cf12d0db44c934c28bcfe.php 第 10 行.
NOTIC: [8] Use of undefined constant groupid - assumed 'groupid' /www/wwwroot/web/Runtime/Cache/User/d7a7632f153cf12d0db44c934c28bcfe.php 第 37 行.
NOTIC: [8] Use of undefined constant groupid - assumed 'groupid' /www/wwwroot/web/Runtime/Cache/User/d7a7632f153cf12d0db44c934c28bcfe.php 第 38 行.
NOTIC: [8] Use of undefined constant groupid - assumed 'groupid' /www/wwwroot/web/Runtime/Cache/User/d7a7632f153cf12d0db44c934c28bcfe.php 第 39 行.
NOTIC: [8] Use of undefined constant groupid - assumed 'groupid' /www/wwwroot/web/Runtime/Cache/User/d7a7632f153cf12d0db44c934c28bcfe.php 第 40 行.
NOTIC: [8] Use of undefined constant groupid - assumed 'groupid' /www/wwwroot/web/Runtime/Cache/User/d7a7632f153cf12d0db44c934c28bcfe.php 第 72 行.
NOTIC: [8] Use of undefined constant groupid - assumed 'groupid' /www/wwwroot/web/Runtime/Cache/User/d7a7632f153cf12d0db44c934c28bcfe.php 第 82 行.
NOTIC: [8] Use of undefined constant open_charge - assumed 'open_charge' /www/wwwroot/web/Runtime/Cache/User/d7a7632f153cf12d0db44c934c28bcfe.php 第 82 行.
NOTIC: [8] Use of undefined constant groupid - assumed 'groupid' /www/wwwroot/web/Runtime/Cache/User/d7a7632f153cf12d0db44c934c28bcfe.php 第 118 行.
NOTIC: [8] Use of undefined constant groupid - assumed 'groupid' /www/wwwroot/web/Runtime/Cache/User/d7a7632f153cf12d0db44c934c28bcfe.php 第 119 行.
NOTIC: [8] Use of undefined constant df_api - assumed 'df_api' /www/wwwroot/web/Runtime/Cache/User/d7a7632f153cf12d0db44c934c28bcfe.php 第 131 行.
NOTIC: [8] Use of undefined constant groupid - assumed 'groupid' /www/wwwroot/web/Runtime/Cache/User/d7a7632f153cf12d0db44c934c28bcfe.php 第 134 行.
NOTIC: [8] Use of undefined constant groupid - assumed 'groupid' /www/wwwroot/web/Runtime/Cache/User/d7a7632f153cf12d0db44c934c28bcfe.php 第 140 行.
NOTIC: [8] Use of undefined constant groupid - assumed 'groupid' /www/wwwroot/web/Runtime/Cache/User/d7a7632f153cf12d0db44c934c28bcfe.php 第 154 行.
NOTIC: [8] Use of undefined constant groupid - assumed 'groupid' /www/wwwroot/web/Runtime/Cache/User/d7a7632f153cf12d0db44c934c28bcfe.php 第 168 行.
INFO: Run Behavior\ParseTemplateBehavior [ RunTime:0.006381s ]
INFO: [ view_parse ] --END-- [ RunTime:0.006404s ]
INFO: [ view_filter ] --START--
INFO: Run Behavior\WriteHtmlCacheBehavior [ RunTime:0.000078s ]
INFO: Run Behavior\TokenBuildBehavior [ RunTime:0.000181s ]
INFO: [ view_filter ] --END-- [ RunTime:0.000287s ]
INFO: [ app_end ] --START--
INFO: Run Behavior\ShowPageTraceBehavior [ RunTime:0.000266s ]
INFO: [ app_end ] --END-- [ RunTime:0.000297s ]

[ 2020-06-10T19:14:35+08:00 ] 117.153.194.23 /agent_Index_main.html
INFO: [ app_init ] --START--
INFO: Run Behavior\BuildLiteBehavior [ RunTime:0.000006s ]
INFO: [ app_init ] --END-- [ RunTime:0.000030s ]
INFO: [ app_begin ] --START--
INFO: Run Behavior\ReadHtmlCacheBehavior [ RunTime:0.000204s ]
INFO: Run Behavior\CheckLangBehavior [ RunTime:0.000193s ]
INFO: [ app_begin ] --END-- [ RunTime:0.000437s ]
INFO: [ action_begin ] --START--
INFO: Run Behavior\CheckAuthBehavior [ RunTime:0.000449s ]
INFO: [ action_begin ] --END-- [ RunTime:0.000476s ]
NOTIC: [8] Undefined variable: category /www/wwwroot/web/Application/User/Controller/IndexController.class.php 第 59 行.
NOTIC: [2] implode(): Invalid arguments passed /www/wwwroot/web/Application/User/Controller/IndexController.class.php 第 59 行.
NOTIC: [8] Undefined variable: dataone /www/wwwroot/web/Application/User/Controller/IndexController.class.php 第 60 行.
NOTIC: [2] implode(): Invalid arguments passed /www/wwwroot/web/Application/User/Controller/IndexController.class.php 第 60 行.
NOTIC: [8] Undefined variable: datatwo /www/wwwroot/web/Application/User/Controller/IndexController.class.php 第 61 行.
NOTIC: [2] implode(): Invalid arguments passed /www/wwwroot/web/Application/User/Controller/IndexController.class.php 第 61 行.
NOTIC: [8] Undefined variable: ipItem /www/wwwroot/web/Application/User/Controller/IndexController.class.php 第 100 行.
INFO: [ view_parse ] --START--
INFO: [ template_filter ] --START--
INFO: Run Behavior\ContentReplaceBehavior [ RunTime:0.000023s ]
INFO: [ template_filter ] --END-- [ RunTime:0.000047s ]
NOTIC: [8] Use of undefined constant groupid - assumed 'groupid' /www/wwwroot/web/Runtime/Cache/User/0a2302724c4cbc626c8639028f086c96.php 第 40 行.
NOTIC: [8] Use of undefined constant groupid - assumed 'groupid' /www/wwwroot/web/Runtime/Cache/User/0a2302724c4cbc626c8639028f086c96.php 第 91 行.
INFO: Run Behavior\ParseTemplateBehavior [ RunTime:0.004310s ]
INFO: [ view_parse ] --END-- [ RunTime:0.004332s ]
INFO: [ view_filter ] --START--
INFO: Run Behavior\WriteHtmlCacheBehavior [ RunTime:0.000070s ]
INFO: Run Behavior\TokenBuildBehavior [ RunTime:0.000158s ]
INFO: [ view_filter ] --END-- [ RunTime:0.000255s ]
INFO: [ app_end ] --START--
INFO: Run Behavior\ShowPageTraceBehavior [ RunTime:0.000201s ]
INFO: [ app_end ] --END-- [ RunTime:0.000219s ]

[ 2020-06-10T19:16:21+08:00 ] 117.153.194.23 /agent_Withdrawal_clearing.html
INFO: [ app_init ] --START--
INFO: Run Behavior\BuildLiteBehavior [ RunTime:0.000007s ]
INFO: [ app_init ] --END-- [ RunTime:0.000034s ]
INFO: [ app_begin ] --START--
INFO: Run Behavior\ReadHtmlCacheBehavior [ RunTime:0.000195s ]
INFO: Run Behavior\CheckLangBehavior [ RunTime:0.000204s ]
INFO: [ app_begin ] --END-- [ RunTime:0.000439s ]
INFO: [ action_begin ] --START--
INFO: Run Behavior\CheckAuthBehavior [ RunTime:0.000448s ]
INFO: [ action_begin ] --END-- [ RunTime:0.000477s ]
INFO: [ view_parse ] --START--
INFO: [ template_filter ] --START--
INFO: Run Behavior\ContentReplaceBehavior [ RunTime:0.000029s ]
INFO: [ template_filter ] --END-- [ RunTime:0.000054s ]
NOTIC: [8] Use of undefined constant t1zt - assumed 't1zt' /www/wwwroot/web/Runtime/Cache/User/de2411f4124e1f9d67d82a8b67210965.php 第 33 行.
NOTIC: [8] Use of undefined constant t1zt - assumed 't1zt' /www/wwwroot/web/Runtime/Cache/User/de2411f4124e1f9d67d82a8b67210965.php 第 33 行.
NOTIC: [8] Use of undefined constant tkzxmoney - assumed 'tkzxmoney' /www/wwwroot/web/Runtime/Cache/User/de2411f4124e1f9d67d82a8b67210965.php 第 34 行.
NOTIC: [8] Use of undefined constant tkzdmoney - assumed 'tkzdmoney' /www/wwwroot/web/Runtime/Cache/User/de2411f4124e1f9d67d82a8b67210965.php 第 35 行.
NOTIC: [8] Use of undefined constant id - assumed 'id' /www/wwwroot/web/Runtime/Cache/User/de2411f4124e1f9d67d82a8b67210965.php 第 39 行.
NOTIC: [8] Use of undefined constant tktype - assumed 'tktype' /www/wwwroot/web/Runtime/Cache/User/de2411f4124e1f9d67d82a8b67210965.php 第 41 行.
NOTIC: [8] Use of undefined constant tktype - assumed 'tktype' /www/wwwroot/web/Runtime/Cache/User/de2411f4124e1f9d67d82a8b67210965.php 第 42 行.
NOTIC: [8] Use of undefined constant sxffixed - assumed 'sxffixed' /www/wwwroot/web/Runtime/Cache/User/de2411f4124e1f9d67d82a8b67210965.php 第 43 行.
NOTIC: [8] Use of undefined constant id - assumed 'id' /www/wwwroot/web/Runtime/Cache/User/de2411f4124e1f9d67d82a8b67210965.php 第 49 行.
INFO: Run Behavior\ParseTemplateBehavior [ RunTime:0.004727s ]
INFO: [ view_parse ] --END-- [ RunTime:0.004763s ]
INFO: [ view_filter ] --START--
INFO: Run Behavior\WriteHtmlCacheBehavior [ RunTime:0.000089s ]
INFO: Run Behavior\TokenBuildBehavior [ RunTime:0.000162s ]
INFO: [ view_filter ] --END-- [ RunTime:0.000282s ]
INFO: [ app_end ] --START--
INFO: Run Behavior\ShowPageTraceBehavior [ RunTime:0.000292s ]
INFO: [ app_end ] --END-- [ RunTime:0.000316s ]

[ 2020-06-10T19:16:47+08:00 ] 117.153.194.23 /agent_Account_link.html
INFO: [ app_init ] --START--
INFO: Run Behavior\BuildLiteBehavior [ RunTime:0.000007s ]
INFO: [ app_init ] --END-- [ RunTime:0.000036s ]
INFO: [ app_begin ] --START--
INFO: Run Behavior\ReadHtmlCacheBehavior [ RunTime:0.000207s ]
INFO: Run Behavior\CheckLangBehavior [ RunTime:0.000209s ]
INFO: [ app_begin ] --END-- [ RunTime:0.000460s ]
INFO: [ action_begin ] --START--
INFO: Run Behavior\CheckAuthBehavior [ RunTime:0.000465s ]
INFO: [ action_begin ] --END-- [ RunTime:0.000495s ]
INFO: [ view_parse ] --START--
INFO: [ template_filter ] --START--
INFO: Run Behavior\ContentReplaceBehavior [ RunTime:0.000018s ]
INFO: [ template_filter ] --END-- [ RunTime:0.000043s ]
INFO: Run Behavior\ParseTemplateBehavior [ RunTime:0.002538s ]
INFO: [ view_parse ] --END-- [ RunTime:0.002563s ]
INFO: [ view_filter ] --START--
INFO: Run Behavior\WriteHtmlCacheBehavior [ RunTime:0.000068s ]
INFO: Run Behavior\TokenBuildBehavior [ RunTime:0.000142s ]
INFO: [ view_filter ] --END-- [ RunTime:0.000238s ]
INFO: [ app_end ] --START--
INFO: Run Behavior\ShowPageTraceBehavior [ RunTime:0.000206s ]
INFO: [ app_end ] --END-- [ RunTime:0.000226s ]

[ 2020-06-10T19:16:50+08:00 ] 117.153.194.23 /agent_Index_index.html
INFO: [ app_init ] --START--
INFO: Run Behavior\BuildLiteBehavior [ RunTime:0.000008s ]
INFO: [ app_init ] --END-- [ RunTime:0.000036s ]
INFO: [ app_begin ] --START--
INFO: Run Behavior\ReadHtmlCacheBehavior [ RunTime:0.000205s ]
INFO: Run Behavior\CheckLangBehavior [ RunTime:0.000213s ]
INFO: [ app_begin ] --END-- [ RunTime:0.000464s ]
INFO: [ action_begin ] --START--
INFO: Run Behavior\CheckAuthBehavior [ RunTime:0.000460s ]
INFO: [ action_begin ] --END-- [ RunTime:0.000488s ]
INFO: [ view_parse ] --START--
INFO: [ template_filter ] --START--
INFO: Run Behavior\ContentReplaceBehavior [ RunTime:0.000029s ]
INFO: [ template_filter ] --END-- [ RunTime:0.000054s ]
NOTIC: [8] Use of undefined constant groupid - assumed 'groupid' /www/wwwroot/web/Runtime/Cache/User/d7a7632f153cf12d0db44c934c28bcfe.php 第 7 行.
NOTIC: [8] Use of undefined constant groupid - assumed 'groupid' /www/wwwroot/web/Runtime/Cache/User/d7a7632f153cf12d0db44c934c28bcfe.php 第 8 行.
NOTIC: [8] Use of undefined constant groupid - assumed 'groupid' /www/wwwroot/web/Runtime/Cache/User/d7a7632f153cf12d0db44c934c28bcfe.php 第 9 行.
NOTIC: [8] Use of undefined constant groupid - assumed 'groupid' /www/wwwroot/web/Runtime/Cache/User/d7a7632f153cf12d0db44c934c28bcfe.php 第 10 行.
NOTIC: [8] Use of undefined constant groupid - assumed 'groupid' /www/wwwroot/web/Runtime/Cache/User/d7a7632f153cf12d0db44c934c28bcfe.php 第 37 行.
NOTIC: [8] Use of undefined constant groupid - assumed 'groupid' /www/wwwroot/web/Runtime/Cache/User/d7a7632f153cf12d0db44c934c28bcfe.php 第 38 行.
NOTIC: [8] Use of undefined constant groupid - assumed 'groupid' /www/wwwroot/web/Runtime/Cache/User/d7a7632f153cf12d0db44c934c28bcfe.php 第 39 行.
NOTIC: [8] Use of undefined constant groupid - assumed 'groupid' /www/wwwroot/web/Runtime/Cache/User/d7a7632f153cf12d0db44c934c28bcfe.php 第 40 行.
NOTIC: [8] Use of undefined constant groupid - assumed 'groupid' /www/wwwroot/web/Runtime/Cache/User/d7a7632f153cf12d0db44c934c28bcfe.php 第 72 行.
NOTIC: [8] Use of undefined constant groupid - assumed 'groupid' /www/wwwroot/web/Runtime/Cache/User/d7a7632f153cf12d0db44c934c28bcfe.php 第 82 行.
NOTIC: [8] Use of undefined constant open_charge - assumed 'open_charge' /www/wwwroot/web/Runtime/Cache/User/d7a7632f153cf12d0db44c934c28bcfe.php 第 82 行.
NOTIC: [8] Use of undefined constant groupid - assumed 'groupid' /www/wwwroot/web/Runtime/Cache/User/d7a7632f153cf12d0db44c934c28bcfe.php 第 118 行.
NOTIC: [8] Use of undefined constant groupid - assumed 'groupid' /www/wwwroot/web/Runtime/Cache/User/d7a7632f153cf12d0db44c934c28bcfe.php 第 119 行.
NOTIC: [8] Use of undefined constant df_api - assumed 'df_api' /www/wwwroot/web/Runtime/Cache/User/d7a7632f153cf12d0db44c934c28bcfe.php 第 131 行.
NOTIC: [8] Use of undefined constant groupid - assumed 'groupid' /www/wwwroot/web/Runtime/Cache/User/d7a7632f153cf12d0db44c934c28bcfe.php 第 134 行.
NOTIC: [8] Use of undefined constant groupid - assumed 'groupid' /www/wwwroot/web/Runtime/Cache/User/d7a7632f153cf12d0db44c934c28bcfe.php 第 140 行.
NOTIC: [8] Use of undefined constant groupid - assumed 'groupid' /www/wwwroot/web/Runtime/Cache/User/d7a7632f153cf12d0db44c934c28bcfe.php 第 154 行.
NOTIC: [8] Use of undefined constant groupid - assumed 'groupid' /www/wwwroot/web/Runtime/Cache/User/d7a7632f153cf12d0db44c934c28bcfe.php 第 168 行.
INFO: Run Behavior\ParseTemplateBehavior [ RunTime:0.006326s ]
INFO: [ view_parse ] --END-- [ RunTime:0.006349s ]
INFO: [ view_filter ] --START--
INFO: Run Behavior\WriteHtmlCacheBehavior [ RunTime:0.000084s ]
INFO: Run Behavior\TokenBuildBehavior [ RunTime:0.000167s ]
INFO: [ view_filter ] --END-- [ RunTime:0.000278s ]
INFO: [ app_end ] --START--
INFO: Run Behavior\ShowPageTraceBehavior [ RunTime:0.000269s ]
INFO: [ app_end ] --END-- [ RunTime:0.000294s ]

[ 2020-06-10T19:16:50+08:00 ] 117.153.194.23 /agent_Index_main.html
INFO: [ app_init ] --START--
INFO: Run Behavior\BuildLiteBehavior [ RunTime:0.000007s ]
INFO: [ app_init ] --END-- [ RunTime:0.000031s ]
INFO: [ app_begin ] --START--
INFO: Run Behavior\ReadHtmlCacheBehavior [ RunTime:0.000198s ]
INFO: Run Behavior\CheckLangBehavior [ RunTime:0.000193s ]
INFO: [ app_begin ] --END-- [ RunTime:0.000431s ]
INFO: [ action_begin ] --START--
INFO: Run Behavior\CheckAuthBehavior [ RunTime:0.000453s ]
INFO: [ action_begin ] --END-- [ RunTime:0.000483s ]
NOTIC: [8] Undefined variable: category /www/wwwroot/web/Application/User/Controller/IndexController.class.php 第 59 行.
NOTIC: [2] implode(): Invalid arguments passed /www/wwwroot/web/Application/User/Controller/IndexController.class.php 第 59 行.
NOTIC: [8] Undefined variable: dataone /www/wwwroot/web/Application/User/Controller/IndexController.class.php 第 60 行.
NOTIC: [2] implode(): Invalid arguments passed /www/wwwroot/web/Application/User/Controller/IndexController.class.php 第 60 行.
NOTIC: [8] Undefined variable: datatwo /www/wwwroot/web/Application/User/Controller/IndexController.class.php 第 61 行.
NOTIC: [2] implode(): Invalid arguments passed /www/wwwroot/web/Application/User/Controller/IndexController.class.php 第 61 行.
NOTIC: [8] Undefined variable: ipItem /www/wwwroot/web/Application/User/Controller/IndexController.class.php 第 100 行.
INFO: [ view_parse ] --START--
INFO: [ template_filter ] --START--
INFO: Run Behavior\ContentReplaceBehavior [ RunTime:0.000023s ]
INFO: [ template_filter ] --END-- [ RunTime:0.000047s ]
NOTIC: [8] Use of undefined constant groupid - assumed 'groupid' /www/wwwroot/web/Runtime/Cache/User/0a2302724c4cbc626c8639028f086c96.php 第 40 行.
NOTIC: [8] Use of undefined constant groupid - assumed 'groupid' /www/wwwroot/web/Runtime/Cache/User/0a2302724c4cbc626c8639028f086c96.php 第 91 行.
INFO: Run Behavior\ParseTemplateBehavior [ RunTime:0.004322s ]
INFO: [ view_parse ] --END-- [ RunTime:0.004347s ]
INFO: [ view_filter ] --START--
INFO: Run Behavior\WriteHtmlCacheBehavior [ RunTime:0.000081s ]
INFO: Run Behavior\TokenBuildBehavior [ RunTime:0.000152s ]
INFO: [ view_filter ] --END-- [ RunTime:0.000262s ]
INFO: [ app_end ] --START--
INFO: Run Behavior\ShowPageTraceBehavior [ RunTime:0.000199s ]
INFO: [ app_end ] --END-- [ RunTime:0.000219s ]

[ 2020-06-10T19:16:53+08:00 ] 117.153.194.23 /agent_Order_index.html
INFO: [ app_init ] --START--
INFO: Run Behavior\BuildLiteBehavior [ RunTime:0.000007s ]
INFO: [ app_init ] --END-- [ RunTime:0.000034s ]
INFO: [ app_begin ] --START--
INFO: Run Behavior\ReadHtmlCacheBehavior [ RunTime:0.000209s ]
INFO: Run Behavior\CheckLangBehavior [ RunTime:0.000198s ]
INFO: [ app_begin ] --END-- [ RunTime:0.000449s ]
NOTIC: [2048] Declaration of User\Controller\OrderController::show() should be compatible with Think\Controller::show($content, $charset = '', $contentType = '', $prefix = '') /www/wwwroot/web/Application/User/Controller/OrderController.class.php 第 18 行.
INFO: [ action_begin ] --START--
INFO: Run Behavior\CheckAuthBehavior [ RunTime:0.000446s ]
INFO: [ action_begin ] --END-- [ RunTime:0.000470s ]
INFO: [ view_parse ] --START--
INFO: [ template_filter ] --START--
INFO: Run Behavior\ContentReplaceBehavior [ RunTime:0.000033s ]
INFO: [ template_filter ] --END-- [ RunTime:0.000072s ]
NOTIC: [8] Use of undefined constant code - assumed 'code' /www/wwwroot/web/Runtime/Cache/User/9efe4e2e7d8b5d087d2c6ca784b0e3f7.php 第 64 行.
NOTIC: [8] Use of undefined constant code - assumed 'code' /www/wwwroot/web/Runtime/Cache/User/9efe4e2e7d8b5d087d2c6ca784b0e3f7.php 第 64 行.
NOTIC: [8] Use of undefined constant code - assumed 'code' /www/wwwroot/web/Runtime/Cache/User/9efe4e2e7d8b5d087d2c6ca784b0e3f7.php 第 64 行.
NOTIC: [8] Use of undefined constant code - assumed 'code' /www/wwwroot/web/Runtime/Cache/User/9efe4e2e7d8b5d087d2c6ca784b0e3f7.php 第 64 行.
NOTIC: [8] Use of undefined constant code - assumed 'code' /www/wwwroot/web/Runtime/Cache/User/9efe4e2e7d8b5d087d2c6ca784b0e3f7.php 第 64 行.
NOTIC: [8] Use of undefined constant code - assumed 'code' /www/wwwroot/web/Runtime/Cache/User/9efe4e2e7d8b5d087d2c6ca784b0e3f7.php 第 64 行.
NOTIC: [8] Undefined index: status /www/wwwroot/web/Runtime/Cache/User/9efe4e2e7d8b5d087d2c6ca784b0e3f7.php 第 95 行.
NOTIC: [8] Undefined index: createtime /www/wwwroot/web/Runtime/Cache/User/9efe4e2e7d8b5d087d2c6ca784b0e3f7.php 第 98 行.
NOTIC: [8] Undefined index: successtime /www/wwwroot/web/Runtime/Cache/User/9efe4e2e7d8b5d087d2c6ca784b0e3f7.php 第 98 行.
NOTIC: [8] Undefined variable: memberid /www/wwwroot/web/Runtime/Cache/User/9efe4e2e7d8b5d087d2c6ca784b0e3f7.php 第 226 行.
INFO: Run Behavior\ParseTemplateBehavior [ RunTime:0.006047s ]
INFO: [ view_parse ] --END-- [ RunTime:0.006070s ]
INFO: [ view_filter ] --START--
INFO: Run Behavior\WriteHtmlCacheBehavior [ RunTime:0.000070s ]
INFO: Run Behavior\TokenBuildBehavior [ RunTime:0.000123s ]
INFO: [ view_filter ] --END-- [ RunTime:0.000221s ]
INFO: [ app_end ] --START--
INFO: Run Behavior\ShowPageTraceBehavior [ RunTime:0.000277s ]
INFO: [ app_end ] --END-- [ RunTime:0.000303s ]

[ 2020-06-10T19:21:30+08:00 ] 117.153.194.23 /Agent_Login_verifycode.html
INFO: [ app_init ] --START--
INFO: Run Behavior\BuildLiteBehavior [ RunTime:0.000010s ]
INFO: [ app_init ] --END-- [ RunTime:0.000049s ]
INFO: [ app_begin ] --START--
INFO: Run Behavior\ReadHtmlCacheBehavior [ RunTime:0.000293s ]
INFO: Run Behavior\CheckLangBehavior [ RunTime:0.000289s ]
INFO: [ app_begin ] --END-- [ RunTime:0.000642s ]
INFO: [ action_begin ] --START--
INFO: Run Behavior\CheckAuthBehavior [ RunTime:0.000682s ]
INFO: [ action_begin ] --END-- [ RunTime:0.000718s ]
INFO: [ app_end ] --START--
INFO: Run Behavior\ShowPageTraceBehavior [ RunTime:0.000221s ]
INFO: [ app_end ] --END-- [ RunTime:0.000250s ]

[ 2020-06-10T19:49:31+08:00 ] 47.101.32.174 /Agent_Login_verifycode.html
INFO: [ app_init ] --START--
INFO: Run Behavior\BuildLiteBehavior [ RunTime:0.000008s ]
INFO: [ app_init ] --END-- [ RunTime:0.000034s ]
INFO: [ app_begin ] --START--
INFO: Run Behavior\ReadHtmlCacheBehavior [ RunTime:0.000204s ]
INFO: Run Behavior\CheckLangBehavior [ RunTime:0.000192s ]
INFO: [ app_begin ] --END-- [ RunTime:0.000435s ]
INFO: [ action_begin ] --START--
INFO: Run Behavior\CheckAuthBehavior [ RunTime:0.000455s ]
INFO: [ action_begin ] --END-- [ RunTime:0.000486s ]
INFO: [ app_end ] --START--
INFO: Run Behavior\ShowPageTraceBehavior [ RunTime:0.000231s ]
INFO: [ app_end ] --END-- [ RunTime:0.000261s ]

[ 2020-06-10T20:14:35+08:00 ] 116.62.112.111 /Agent_Login_verifycode.html
INFO: [ app_init ] --START--
INFO: Run Behavior\BuildLiteBehavior [ RunTime:0.000007s ]
INFO: [ app_init ] --END-- [ RunTime:0.000035s ]
INFO: [ app_begin ] --START--
INFO: Run Behavior\ReadHtmlCacheBehavior [ RunTime:0.000196s ]
INFO: Run Behavior\CheckLangBehavior [ RunTime:0.000191s ]
INFO: [ app_begin ] --END-- [ RunTime:0.000428s ]
INFO: [ action_begin ] --START--
INFO: Run Behavior\CheckAuthBehavior [ RunTime:0.000464s ]
INFO: [ action_begin ] --END-- [ RunTime:0.000496s ]
INFO: [ app_end ] --START--
INFO: Run Behavior\ShowPageTraceBehavior [ RunTime:0.000225s ]
INFO: [ app_end ] --END-- [ RunTime:0.000255s ]

[ 2020-06-10T20:28:21+08:00 ] 47.101.195.72 /Agent_Login_verifycode.html
INFO: [ app_init ] --START--
INFO: Run Behavior\BuildLiteBehavior [ RunTime:0.000007s ]
INFO: [ app_init ] --END-- [ RunTime:0.000033s ]
INFO: [ app_begin ] --START--
INFO: Run Behavior\ReadHtmlCacheBehavior [ RunTime:0.000200s ]
INFO: Run Behavior\CheckLangBehavior [ RunTime:0.000200s ]
INFO: [ app_begin ] --END-- [ RunTime:0.000443s ]
INFO: [ action_begin ] --START--
INFO: Run Behavior\CheckAuthBehavior [ RunTime:0.000449s ]
INFO: [ action_begin ] --END-- [ RunTime:0.000478s ]
INFO: [ app_end ] --START--
INFO: Run Behavior\ShowPageTraceBehavior [ RunTime:0.000221s ]
INFO: [ app_end ] --END-- [ RunTime:0.000250s ]

[ 2020-06-10T20:41:54+08:00 ] 47.101.199.100 /Agent_Login_verifycode.html
INFO: [ app_init ] --START--
INFO: Run Behavior\BuildLiteBehavior [ RunTime:0.000007s ]
INFO: [ app_init ] --END-- [ RunTime:0.000033s ]
INFO: [ app_begin ] --START--
INFO: Run Behavior\ReadHtmlCacheBehavior [ RunTime:0.000199s ]
INFO: Run Behavior\CheckLangBehavior [ RunTime:0.000187s ]
INFO: [ app_begin ] --END-- [ RunTime:0.000425s ]
INFO: [ action_begin ] --START--
INFO: Run Behavior\CheckAuthBehavior [ RunTime:0.000459s ]
INFO: [ action_begin ] --END-- [ RunTime:0.000497s ]
INFO: [ app_end ] --START--
INFO: Run Behavior\ShowPageTraceBehavior [ RunTime:0.000222s ]
INFO: [ app_end ] --END-- [ RunTime:0.000251s ]

[ 2020-06-10T21:18:57+08:00 ] 47.101.197.133 /Agent_Login_verifycode.html
INFO: [ app_init ] --START--
INFO: Run Behavior\BuildLiteBehavior [ RunTime:0.000007s ]
INFO: [ app_init ] --END-- [ RunTime:0.000034s ]
INFO: [ app_begin ] --START--
INFO: Run Behavior\ReadHtmlCacheBehavior [ RunTime:0.000194s ]
INFO: Run Behavior\CheckLangBehavior [ RunTime:0.000187s ]
INFO: [ app_begin ] --END-- [ RunTime:0.000420s ]
INFO: [ action_begin ] --START--
INFO: Run Behavior\CheckAuthBehavior [ RunTime:0.000465s ]
INFO: [ action_begin ] --END-- [ RunTime:0.000495s ]
INFO: [ app_end ] --START--
INFO: Run Behavior\ShowPageTraceBehavior [ RunTime:0.000226s ]
INFO: [ app_end ] --END-- [ RunTime:0.000255s ]

[ 2020-06-10T21:28:57+08:00 ] 47.101.198.72 /Agent_Login_verifycode.html
INFO: [ app_init ] --START--
INFO: Run Behavior\BuildLiteBehavior [ RunTime:0.000006s ]
INFO: [ app_init ] --END-- [ RunTime:0.000033s ]
INFO: [ app_begin ] --START--
INFO: Run Behavior\ReadHtmlCacheBehavior [ RunTime:0.000198s ]
INFO: Run Behavior\CheckLangBehavior [ RunTime:0.000192s ]
INFO: [ app_begin ] --END-- [ RunTime:0.000428s ]
INFO: [ action_begin ] --START--
INFO: Run Behavior\CheckAuthBehavior [ RunTime:0.000447s ]
INFO: [ action_begin ] --END-- [ RunTime:0.000477s ]
INFO: [ app_end ] --START--
INFO: Run Behavior\ShowPageTraceBehavior [ RunTime:0.000232s ]
INFO: [ app_end ] --END-- [ RunTime:0.000268s ]

[ 2020-06-10T23:09:51+08:00 ] 47.101.202.0 /Agent_Login_verifycode.html
INFO: [ app_init ] --START--
INFO: Run Behavior\BuildLiteBehavior [ RunTime:0.000006s ]
INFO: [ app_init ] --END-- [ RunTime:0.000032s ]
INFO: [ app_begin ] --START--
INFO: Run Behavior\ReadHtmlCacheBehavior [ RunTime:0.000206s ]
INFO: Run Behavior\CheckLangBehavior [ RunTime:0.000186s ]
INFO: [ app_begin ] --END-- [ RunTime:0.000431s ]
INFO: [ action_begin ] --START--
INFO: Run Behavior\CheckAuthBehavior [ RunTime:0.000450s ]
INFO: [ action_begin ] --END-- [ RunTime:0.000480s ]
INFO: [ app_end ] --START--
INFO: Run Behavior\ShowPageTraceBehavior [ RunTime:0.000231s ]
INFO: [ app_end ] --END-- [ RunTime:0.000262s ]

