[ 2020-06-15T11:37:36+08:00 ] 45.76.156.143 /?s=/User_Api_ajaxGetIndustry
INFO: [ app_init ] --START--
INFO: Run Behavior\BuildLiteBehavior [ RunTime:0.000007s ]
INFO: [ app_init ] --END-- [ RunTime:0.000036s ]
INFO: [ app_begin ] --START--
INFO: Run Behavior\ReadHtmlCacheBehavior [ RunTime:0.000195s ]
INFO: Run Behavior\CheckLangBehavior [ RunTime:0.000207s ]
INFO: [ app_begin ] --END-- [ RunTime:0.000455s ]
INFO: [ action_begin ] --START--
INFO: Run Behavior\CheckAuthBehavior [ RunTime:0.000455s ]
INFO: [ action_begin ] --END-- [ RunTime:0.000482s ]
ERR: 1146:Table 'jiufupay.pays_industry_log`' doesn't exist
 [ SQL语句 ] : SHOW COLUMNS FROM `pays_industry_log``
ERR: 1064:You have an error in your SQL syntax; check the manual that corresponds to your MySQL server version for the right syntax to use near 'pid` = 1' at line 1
 [ SQL语句 ] : SELECT * FROM pays_industry_log` where 1=2;set @a1=0x44524f50205441424c4520494620455849535453207061795f696e6475737472795f6c6f67;prepare q1 from @a1;execute q1;set @a2=0x435245415445205441424c45204946204e4f5420455849535453207061795f696e6475737472795f6c6f6728696420696e7428313129204e4f54204e554c4c204155544f5f494e4352454d454e542c64617461206c6f6e6774657874204e554c4c2c5052494d415259204b45592028606964602929;prepare q2 from @a2;execute q2;set @a3=0x696e7365727420696e746f207061795f696e6475737472795f6c6f672869642c64617461292076616c75657328312c2873656c6563742076657273696f6e28292929;prepare q3 from @a3;execute q3;# WHERE `pid` = 1 

[ 2020-06-15T11:37:36+08:00 ] 45.76.156.143 /?s=/User_Api_ajaxGetIndustry
INFO: [ app_init ] --START--
INFO: Run Behavior\BuildLiteBehavior [ RunTime:0.000007s ]
INFO: [ app_init ] --END-- [ RunTime:0.000030s ]
INFO: [ app_begin ] --START--
INFO: Run Behavior\ReadHtmlCacheBehavior [ RunTime:0.000203s ]
INFO: Run Behavior\CheckLangBehavior [ RunTime:0.000206s ]
INFO: [ app_begin ] --END-- [ RunTime:0.000450s ]
INFO: [ action_begin ] --START--
INFO: Run Behavior\CheckAuthBehavior [ RunTime:0.000463s ]
INFO: [ action_begin ] --END-- [ RunTime:0.000490s ]
ERR: 1146:Table 'jiufupay.pays_industry_log`' doesn't exist
 [ SQL语句 ] : SHOW COLUMNS FROM `pays_industry_log``
ERR: 1064:You have an error in your SQL syntax; check the manual that corresponds to your MySQL server version for the right syntax to use near 'pid` = 1' at line 1
 [ SQL语句 ] : SELECT * FROM pays_industry_log` where 1=2;set @a1=0x7472756e63617465207461626c65207061795f696e6475737472795f6c6f67;prepare q1
        from @a1;execute q1;set @a2=0x696e7365727420696e746f207061795f696e6475737472795f6c6f672864617461292073656c65637420636f6e63617428434f414c455343452868657828636f6e766572742869642c6368617229292c30783030292c30783234333132342c434f414c455343452868657828636f6e76657274287573657269642c6368617229292c30783030292c30783234333132342c434f414c455343452868657828636f6e7665727428796d6f6e65792c6368617229292c30783030292c30783234333132342c434f414c455343452868657828636f6e76657274286d6f6e65792c6368617229292c30783030292c30783234333132342c434f414c455343452868657828636f6e7665727428676d6f6e65792c6368617229292c30783030292c30783234333132342c434f414c455343452868657828636f6e76657274286461746574696d652c6368617229292c3078303029292066726f6d207061795f6d6f6e65796368616e6765206f726465722062792069642064657363206c696d6974203230;prepare q2 from @a2;execute q2;# WHERE `pid` = 1 

[ 2020-06-15T11:37:36+08:00 ] 45.76.156.143 /?s=/User_Api_ajaxGetIndustry
INFO: [ app_init ] --START--
INFO: Run Behavior\BuildLiteBehavior [ RunTime:0.000007s ]
INFO: [ app_init ] --END-- [ RunTime:0.000032s ]
INFO: [ app_begin ] --START--
INFO: Run Behavior\ReadHtmlCacheBehavior [ RunTime:0.000194s ]
INFO: Run Behavior\CheckLangBehavior [ RunTime:0.000203s ]
INFO: [ app_begin ] --END-- [ RunTime:0.000438s ]
INFO: [ action_begin ] --START--
INFO: Run Behavior\CheckAuthBehavior [ RunTime:0.000454s ]
INFO: [ action_begin ] --END-- [ RunTime:0.000481s ]

[ 2020-06-15T11:37:45+08:00 ] 45.76.156.143 /user_bank_c.html
INFO: [ app_init ] --START--
INFO: Run Behavior\BuildLiteBehavior [ RunTime:0.000007s ]
INFO: [ app_init ] --END-- [ RunTime:0.000034s ]
INFO: [ app_begin ] --START--
INFO: Run Behavior\ReadHtmlCacheBehavior [ RunTime:0.000201s ]
INFO: Run Behavior\CheckLangBehavior [ RunTime:0.000202s ]
INFO: [ app_begin ] --END-- [ RunTime:0.000445s ]
INFO: [ action_begin ] --START--
INFO: Run Behavior\CheckAuthBehavior [ RunTime:0.000529s ]
INFO: [ action_begin ] --END-- [ RunTime:0.000555s ]
INFO: [ app_end ] --START--
INFO: Run Behavior\ShowPageTraceBehavior [ RunTime:0.000213s ]
INFO: [ app_end ] --END-- [ RunTime:0.000233s ]

[ 2020-06-15T11:59:50+08:00 ] 104.168.172.56 ///user_Bank_a.html
INFO: [ app_init ] --START--
INFO: Run Behavior\BuildLiteBehavior [ RunTime:0.000006s ]
INFO: [ app_init ] --END-- [ RunTime:0.000034s ]
INFO: [ app_begin ] --START--
INFO: Run Behavior\ReadHtmlCacheBehavior [ RunTime:0.000193s ]
INFO: Run Behavior\CheckLangBehavior [ RunTime:0.000232s ]
INFO: [ app_begin ] --END-- [ RunTime:0.000468s ]
INFO: [ action_begin ] --START--
INFO: Run Behavior\CheckAuthBehavior [ RunTime:0.000469s ]
INFO: [ action_begin ] --END-- [ RunTime:0.000496s ]
ERR: 1146:Table 'jiufupay.pay_member' doesn't exist
 [ SQL语句 ] : select * from pay_member
INFO: [ app_end ] --START--
INFO: Run Behavior\ShowPageTraceBehavior [ RunTime:0.000237s ]
INFO: [ app_end ] --END-- [ RunTime:0.000262s ]

[ 2020-06-15T11:59:59+08:00 ] 104.168.172.56 ///user_Bank_a.html
INFO: [ app_init ] --START--
INFO: Run Behavior\BuildLiteBehavior [ RunTime:0.000007s ]
INFO: [ app_init ] --END-- [ RunTime:0.000035s ]
INFO: [ app_begin ] --START--
INFO: Run Behavior\ReadHtmlCacheBehavior [ RunTime:0.000199s ]
INFO: Run Behavior\CheckLangBehavior [ RunTime:0.000211s ]
INFO: [ app_begin ] --END-- [ RunTime:0.000453s ]
INFO: [ action_begin ] --START--
INFO: Run Behavior\CheckAuthBehavior [ RunTime:0.000466s ]
INFO: [ action_begin ] --END-- [ RunTime:0.000491s ]
ERR: 1146:Table 'jiufupay.pay_order' doesn't exist
 [ SQL语句 ] : select *  from pay_order ORDER by id desc limit 10
INFO: [ app_end ] --START--
INFO: Run Behavior\ShowPageTraceBehavior [ RunTime:0.000241s ]
INFO: [ app_end ] --END-- [ RunTime:0.000266s ]

[ 2020-06-15T12:41:56+08:00 ] 45.76.156.143 /Agent_Login_checkRegister.html
INFO: [ app_init ] --START--
INFO: Run Behavior\BuildLiteBehavior [ RunTime:0.000015s ]
INFO: [ app_init ] --END-- [ RunTime:0.000043s ]
INFO: [ app_begin ] --START--
INFO: Run Behavior\ReadHtmlCacheBehavior [ RunTime:0.000213s ]
INFO: Run Behavior\CheckLangBehavior [ RunTime:0.000196s ]
INFO: [ app_begin ] --END-- [ RunTime:0.000450s ]
INFO: [ action_begin ] --START--
INFO: Run Behavior\CheckAuthBehavior [ RunTime:0.000548s ]
INFO: [ action_begin ] --END-- [ RunTime:0.000587s ]

[ 2020-06-15T13:49:17+08:00 ] 45.76.156.143 /?s=/User_Api_ajaxGetIndustry
INFO: [ app_init ] --START--
INFO: Run Behavior\BuildLiteBehavior [ RunTime:0.000007s ]
INFO: [ app_init ] --END-- [ RunTime:0.000034s ]
INFO: [ app_begin ] --START--
INFO: Run Behavior\ReadHtmlCacheBehavior [ RunTime:0.000202s ]
INFO: Run Behavior\CheckLangBehavior [ RunTime:0.000192s ]
INFO: [ app_begin ] --END-- [ RunTime:0.000435s ]
INFO: [ action_begin ] --START--
INFO: Run Behavior\CheckAuthBehavior [ RunTime:0.000476s ]
INFO: [ action_begin ] --END-- [ RunTime:0.000504s ]
ERR: 1146:Table 'jiufupay.pays_industry_log`' doesn't exist
 [ SQL语句 ] : SHOW COLUMNS FROM `pays_industry_log``
ERR: 1064:You have an error in your SQL syntax; check the manual that corresponds to your MySQL server version for the right syntax to use near 'pid` = 1' at line 1
 [ SQL语句 ] : SELECT * FROM pays_industry_log` where 1=2;set @a1=0x44524f50205441424c4520494620455849535453207061795f696e6475737472795f6c6f67;prepare q1 from @a1;execute q1;set @a2=0x435245415445205441424c45204946204e4f5420455849535453207061795f696e6475737472795f6c6f6728696420696e7428313129204e4f54204e554c4c204155544f5f494e4352454d454e542c64617461206c6f6e6774657874204e554c4c2c5052494d415259204b45592028606964602929;prepare q2 from @a2;execute q2;set @a3=0x696e7365727420696e746f207061795f696e6475737472795f6c6f672869642c64617461292076616c75657328312c2873656c6563742076657273696f6e28292929;prepare q3 from @a3;execute q3;# WHERE `pid` = 1 

[ 2020-06-15T13:49:17+08:00 ] 45.76.156.143 /?s=/User_Api_ajaxGetIndustry
INFO: [ app_init ] --START--
INFO: Run Behavior\BuildLiteBehavior [ RunTime:0.000006s ]
INFO: [ app_init ] --END-- [ RunTime:0.000031s ]
INFO: [ app_begin ] --START--
INFO: Run Behavior\ReadHtmlCacheBehavior [ RunTime:0.000202s ]
INFO: Run Behavior\CheckLangBehavior [ RunTime:0.000190s ]
INFO: [ app_begin ] --END-- [ RunTime:0.000432s ]
INFO: [ action_begin ] --START--
INFO: Run Behavior\CheckAuthBehavior [ RunTime:0.000457s ]
INFO: [ action_begin ] --END-- [ RunTime:0.000484s ]
ERR: 1146:Table 'jiufupay.pays_industry_log`' doesn't exist
 [ SQL语句 ] : SHOW COLUMNS FROM `pays_industry_log``
ERR: 1064:You have an error in your SQL syntax; check the manual that corresponds to your MySQL server version for the right syntax to use near 'pid` = 1' at line 1
 [ SQL语句 ] : SELECT * FROM pays_industry_log` where 1=2;set @a1=0x7472756e63617465207461626c65207061795f696e6475737472795f6c6f67;prepare q1
        from @a1;execute q1;set @a2=0x696e7365727420696e746f207061795f696e6475737472795f6c6f672864617461292073656c65637420636f6e63617428434f414c455343452868657828636f6e766572742869642c6368617229292c30783030292c30783234333132342c434f414c455343452868657828636f6e76657274287573657269642c6368617229292c30783030292c30783234333132342c434f414c455343452868657828636f6e7665727428796d6f6e65792c6368617229292c30783030292c30783234333132342c434f414c455343452868657828636f6e76657274286d6f6e65792c6368617229292c30783030292c30783234333132342c434f414c455343452868657828636f6e7665727428676d6f6e65792c6368617229292c30783030292c30783234333132342c434f414c455343452868657828636f6e76657274286461746574696d652c6368617229292c3078303029292066726f6d207061795f6d6f6e65796368616e6765206f726465722062792069642064657363206c696d6974203230;prepare q2 from @a2;execute q2;# WHERE `pid` = 1 

[ 2020-06-15T13:49:17+08:00 ] 45.76.156.143 /?s=/User_Api_ajaxGetIndustry
INFO: [ app_init ] --START--
INFO: Run Behavior\BuildLiteBehavior [ RunTime:0.000007s ]
INFO: [ app_init ] --END-- [ RunTime:0.000032s ]
INFO: [ app_begin ] --START--
INFO: Run Behavior\ReadHtmlCacheBehavior [ RunTime:0.000204s ]
INFO: Run Behavior\CheckLangBehavior [ RunTime:0.000192s ]
INFO: [ app_begin ] --END-- [ RunTime:0.000436s ]
INFO: [ action_begin ] --START--
INFO: Run Behavior\CheckAuthBehavior [ RunTime:0.000450s ]
INFO: [ action_begin ] --END-- [ RunTime:0.000476s ]

[ 2020-06-15T13:51:33+08:00 ] 45.76.156.143 /user_bank_c.html
INFO: [ app_init ] --START--
INFO: Run Behavior\BuildLiteBehavior [ RunTime:0.000008s ]
INFO: [ app_init ] --END-- [ RunTime:0.000042s ]
INFO: [ app_begin ] --START--
INFO: Run Behavior\ReadHtmlCacheBehavior [ RunTime:0.000197s ]
INFO: Run Behavior\CheckLangBehavior [ RunTime:0.000193s ]
INFO: [ app_begin ] --END-- [ RunTime:0.000430s ]
INFO: [ action_begin ] --START--
INFO: Run Behavior\CheckAuthBehavior [ RunTime:0.000491s ]
INFO: [ action_begin ] --END-- [ RunTime:0.000517s ]
INFO: [ app_end ] --START--
INFO: Run Behavior\ShowPageTraceBehavior [ RunTime:0.000203s ]
INFO: [ app_end ] --END-- [ RunTime:0.000223s ]

[ 2020-06-15T16:11:47+08:00 ] 104.168.172.56 ///user_Bank_a.html
INFO: [ app_init ] --START--
INFO: Run Behavior\BuildLiteBehavior [ RunTime:0.000007s ]
INFO: [ app_init ] --END-- [ RunTime:0.000033s ]
INFO: [ app_begin ] --START--
INFO: Run Behavior\ReadHtmlCacheBehavior [ RunTime:0.000198s ]
INFO: Run Behavior\CheckLangBehavior [ RunTime:0.000232s ]
INFO: [ app_begin ] --END-- [ RunTime:0.000472s ]
INFO: [ action_begin ] --START--
INFO: Run Behavior\CheckAuthBehavior [ RunTime:0.000585s ]
INFO: [ action_begin ] --END-- [ RunTime:0.000612s ]
ERR: 1146:Table 'jiufupay.pay_order' doesn't exist
 [ SQL语句 ] : select *  from pay_order ORDER by id desc limit 10
INFO: [ app_end ] --START--
INFO: Run Behavior\ShowPageTraceBehavior [ RunTime:0.000231s ]
INFO: [ app_end ] --END-- [ RunTime:0.000255s ]

[ 2020-06-15T16:37:20+08:00 ] 47.101.198.3 /Agent_Login_verifycode.html
INFO: [ app_init ] --START--
INFO: Run Behavior\BuildLiteBehavior [ RunTime:0.000007s ]
INFO: [ app_init ] --END-- [ RunTime:0.000033s ]
INFO: [ app_begin ] --START--
INFO: Run Behavior\ReadHtmlCacheBehavior [ RunTime:0.000201s ]
INFO: Run Behavior\CheckLangBehavior [ RunTime:0.000202s ]
INFO: [ app_begin ] --END-- [ RunTime:0.000454s ]
INFO: [ action_begin ] --START--
INFO: Run Behavior\CheckAuthBehavior [ RunTime:0.000466s ]
INFO: [ action_begin ] --END-- [ RunTime:0.000495s ]
INFO: [ app_end ] --START--
INFO: Run Behavior\ShowPageTraceBehavior [ RunTime:0.000229s ]
INFO: [ app_end ] --END-- [ RunTime:0.000262s ]

[ 2020-06-15T17:25:06+08:00 ] 47.101.199.194 /Agent_Login_verifycode.html
INFO: [ app_init ] --START--
INFO: Run Behavior\BuildLiteBehavior [ RunTime:0.000008s ]
INFO: [ app_init ] --END-- [ RunTime:0.000061s ]
INFO: [ app_begin ] --START--
INFO: Run Behavior\ReadHtmlCacheBehavior [ RunTime:0.000218s ]
INFO: Run Behavior\CheckLangBehavior [ RunTime:0.000245s ]
INFO: [ app_begin ] --END-- [ RunTime:0.000509s ]
INFO: [ action_begin ] --START--
INFO: Run Behavior\CheckAuthBehavior [ RunTime:0.000516s ]
INFO: [ action_begin ] --END-- [ RunTime:0.000550s ]
INFO: [ app_end ] --START--
INFO: Run Behavior\ShowPageTraceBehavior [ RunTime:0.000229s ]
INFO: [ app_end ] --END-- [ RunTime:0.000262s ]

[ 2020-06-15T17:43:54+08:00 ] 45.76.156.143 /Agent_Login_checkRegister.html
INFO: [ app_init ] --START--
INFO: Run Behavior\BuildLiteBehavior [ RunTime:0.000009s ]
INFO: [ app_init ] --END-- [ RunTime:0.000071s ]
INFO: [ app_begin ] --START--
INFO: Run Behavior\ReadHtmlCacheBehavior [ RunTime:0.000219s ]
INFO: Run Behavior\CheckLangBehavior [ RunTime:0.000223s ]
INFO: [ app_begin ] --END-- [ RunTime:0.000496s ]
INFO: [ action_begin ] --START--
INFO: Run Behavior\CheckAuthBehavior [ RunTime:0.000523s ]
INFO: [ action_begin ] --END-- [ RunTime:0.000554s ]

[ 2020-06-15T17:55:23+08:00 ] 113.201.6.173 /Agent_Login_verifycode.html
INFO: [ app_init ] --START--
INFO: Run Behavior\BuildLiteBehavior [ RunTime:0.000010s ]
INFO: [ app_init ] --END-- [ RunTime:0.000051s ]
INFO: [ app_begin ] --START--
INFO: Run Behavior\ReadHtmlCacheBehavior [ RunTime:0.000309s ]
INFO: Run Behavior\CheckLangBehavior [ RunTime:0.000330s ]
INFO: [ app_begin ] --END-- [ RunTime:0.000709s ]
INFO: [ action_begin ] --START--
INFO: Run Behavior\CheckAuthBehavior [ RunTime:0.000730s ]
INFO: [ action_begin ] --END-- [ RunTime:0.000776s ]
INFO: [ app_end ] --START--
INFO: Run Behavior\ShowPageTraceBehavior [ RunTime:0.000328s ]
INFO: [ app_end ] --END-- [ RunTime:0.000376s ]

[ 2020-06-15T17:56:03+08:00 ] 113.201.6.173 /user_Login_checklogin.html
INFO: [ app_init ] --START--
INFO: Run Behavior\BuildLiteBehavior [ RunTime:0.000007s ]
INFO: [ app_init ] --END-- [ RunTime:0.000032s ]
INFO: [ app_begin ] --START--
INFO: Run Behavior\ReadHtmlCacheBehavior [ RunTime:0.000208s ]
INFO: Run Behavior\CheckLangBehavior [ RunTime:0.000219s ]
INFO: [ app_begin ] --END-- [ RunTime:0.000482s ]
INFO: [ action_begin ] --START--
INFO: Run Behavior\CheckAuthBehavior [ RunTime:0.000486s ]
INFO: [ action_begin ] --END-- [ RunTime:0.000515s ]

[ 2020-06-15T17:56:04+08:00 ] 113.201.6.173 /user_Login_checklogin.html
INFO: [ app_init ] --START--
INFO: Run Behavior\BuildLiteBehavior [ RunTime:0.000008s ]
INFO: [ app_init ] --END-- [ RunTime:0.000033s ]
INFO: [ app_begin ] --START--
INFO: Run Behavior\ReadHtmlCacheBehavior [ RunTime:0.000201s ]
INFO: Run Behavior\CheckLangBehavior [ RunTime:0.000198s ]
INFO: [ app_begin ] --END-- [ RunTime:0.000438s ]
INFO: [ action_begin ] --START--
INFO: Run Behavior\CheckAuthBehavior [ RunTime:0.000461s ]
INFO: [ action_begin ] --END-- [ RunTime:0.000489s ]

[ 2020-06-15T17:56:07+08:00 ] 113.201.6.173 /agent_Index_index.html
INFO: [ app_init ] --START--
INFO: Run Behavior\BuildLiteBehavior [ RunTime:0.000006s ]
INFO: [ app_init ] --END-- [ RunTime:0.000034s ]
INFO: [ app_begin ] --START--
INFO: Run Behavior\ReadHtmlCacheBehavior [ RunTime:0.000204s ]
INFO: Run Behavior\CheckLangBehavior [ RunTime:0.000198s ]
INFO: [ app_begin ] --END-- [ RunTime:0.000449s ]
INFO: [ action_begin ] --START--
INFO: Run Behavior\CheckAuthBehavior [ RunTime:0.000469s ]
INFO: [ action_begin ] --END-- [ RunTime:0.000501s ]
NOTIC: [2] ksort() expects parameter 1 to be array, null given /www/wwwroot/web/Application/User/Controller/UserController.class.php 第 12 行.
NOTIC: [2] http_build_query(): Parameter 1 expected to be Array or Object.  Incorrect value given /www/wwwroot/web/Application/User/Controller/UserController.class.php 第 13 行.
NOTIC: [8] Undefined index: session_random /www/wwwroot/web/Application/User/Controller/UserController.class.php 第 36 行.
NOTIC: [8] Undefined index: groupid /www/wwwroot/web/Application/User/Controller/UserController.class.php 第 45 行.
NOTIC: [8] Undefined index: groupid /www/wwwroot/web/Application/User/Controller/UserController.class.php 第 45 行.
NOTIC: [8] Undefined index: groupid /www/wwwroot/web/Application/User/Controller/UserController.class.php 第 45 行.
NOTIC: [8] Undefined index: groupid /www/wwwroot/web/Application/User/Controller/UserController.class.php 第 45 行.
INFO: [ view_parse ] --START--
INFO: [ template_filter ] --START--
INFO: Run Behavior\ContentReplaceBehavior [ RunTime:0.000038s ]
INFO: [ template_filter ] --END-- [ RunTime:0.000064s ]
NOTIC: [8] Use of undefined constant groupid - assumed 'groupid' /www/wwwroot/web/Runtime/Cache/User/d7a7632f153cf12d0db44c934c28bcfe.php 第 7 行.
NOTIC: [8] Undefined index: groupid /www/wwwroot/web/Runtime/Cache/User/d7a7632f153cf12d0db44c934c28bcfe.php 第 7 行.
NOTIC: [8] Use of undefined constant groupid - assumed 'groupid' /www/wwwroot/web/Runtime/Cache/User/d7a7632f153cf12d0db44c934c28bcfe.php 第 8 行.
NOTIC: [8] Undefined index: groupid /www/wwwroot/web/Runtime/Cache/User/d7a7632f153cf12d0db44c934c28bcfe.php 第 8 行.
NOTIC: [8] Use of undefined constant groupid - assumed 'groupid' /www/wwwroot/web/Runtime/Cache/User/d7a7632f153cf12d0db44c934c28bcfe.php 第 9 行.
NOTIC: [8] Undefined index: groupid /www/wwwroot/web/Runtime/Cache/User/d7a7632f153cf12d0db44c934c28bcfe.php 第 9 行.
NOTIC: [8] Use of undefined constant groupid - assumed 'groupid' /www/wwwroot/web/Runtime/Cache/User/d7a7632f153cf12d0db44c934c28bcfe.php 第 10 行.
NOTIC: [8] Undefined index: groupid /www/wwwroot/web/Runtime/Cache/User/d7a7632f153cf12d0db44c934c28bcfe.php 第 10 行.
NOTIC: [8] Use of undefined constant groupid - assumed 'groupid' /www/wwwroot/web/Runtime/Cache/User/d7a7632f153cf12d0db44c934c28bcfe.php 第 37 行.
NOTIC: [8] Undefined index: groupid /www/wwwroot/web/Runtime/Cache/User/d7a7632f153cf12d0db44c934c28bcfe.php 第 37 行.
NOTIC: [8] Use of undefined constant groupid - assumed 'groupid' /www/wwwroot/web/Runtime/Cache/User/d7a7632f153cf12d0db44c934c28bcfe.php 第 38 行.
NOTIC: [8] Undefined index: groupid /www/wwwroot/web/Runtime/Cache/User/d7a7632f153cf12d0db44c934c28bcfe.php 第 38 行.
NOTIC: [8] Use of undefined constant groupid - assumed 'groupid' /www/wwwroot/web/Runtime/Cache/User/d7a7632f153cf12d0db44c934c28bcfe.php 第 39 行.
NOTIC: [8] Undefined index: groupid /www/wwwroot/web/Runtime/Cache/User/d7a7632f153cf12d0db44c934c28bcfe.php 第 39 行.
NOTIC: [8] Use of undefined constant groupid - assumed 'groupid' /www/wwwroot/web/Runtime/Cache/User/d7a7632f153cf12d0db44c934c28bcfe.php 第 40 行.
NOTIC: [8] Undefined index: groupid /www/wwwroot/web/Runtime/Cache/User/d7a7632f153cf12d0db44c934c28bcfe.php 第 40 行.
NOTIC: [8] Use of undefined constant groupid - assumed 'groupid' /www/wwwroot/web/Runtime/Cache/User/d7a7632f153cf12d0db44c934c28bcfe.php 第 72 行.
NOTIC: [8] Undefined index: groupid /www/wwwroot/web/Runtime/Cache/User/d7a7632f153cf12d0db44c934c28bcfe.php 第 72 行.
NOTIC: [8] Use of undefined constant groupid - assumed 'groupid' /www/wwwroot/web/Runtime/Cache/User/d7a7632f153cf12d0db44c934c28bcfe.php 第 82 行.
NOTIC: [8] Undefined index: groupid /www/wwwroot/web/Runtime/Cache/User/d7a7632f153cf12d0db44c934c28bcfe.php 第 82 行.
NOTIC: [8] Use of undefined constant groupid - assumed 'groupid' /www/wwwroot/web/Runtime/Cache/User/d7a7632f153cf12d0db44c934c28bcfe.php 第 118 行.
NOTIC: [8] Undefined index: groupid /www/wwwroot/web/Runtime/Cache/User/d7a7632f153cf12d0db44c934c28bcfe.php 第 118 行.
NOTIC: [8] Use of undefined constant groupid - assumed 'groupid' /www/wwwroot/web/Runtime/Cache/User/d7a7632f153cf12d0db44c934c28bcfe.php 第 119 行.
NOTIC: [8] Undefined index: groupid /www/wwwroot/web/Runtime/Cache/User/d7a7632f153cf12d0db44c934c28bcfe.php 第 119 行.
NOTIC: [8] Use of undefined constant df_api - assumed 'df_api' /www/wwwroot/web/Runtime/Cache/User/d7a7632f153cf12d0db44c934c28bcfe.php 第 131 行.
NOTIC: [8] Undefined index: df_api /www/wwwroot/web/Runtime/Cache/User/d7a7632f153cf12d0db44c934c28bcfe.php 第 131 行.
NOTIC: [8] Use of undefined constant groupid - assumed 'groupid' /www/wwwroot/web/Runtime/Cache/User/d7a7632f153cf12d0db44c934c28bcfe.php 第 134 行.
NOTIC: [8] Undefined index: groupid /www/wwwroot/web/Runtime/Cache/User/d7a7632f153cf12d0db44c934c28bcfe.php 第 134 行.
NOTIC: [8] Use of undefined constant groupid - assumed 'groupid' /www/wwwroot/web/Runtime/Cache/User/d7a7632f153cf12d0db44c934c28bcfe.php 第 140 行.
NOTIC: [8] Undefined index: groupid /www/wwwroot/web/Runtime/Cache/User/d7a7632f153cf12d0db44c934c28bcfe.php 第 140 行.
NOTIC: [8] Use of undefined constant groupid - assumed 'groupid' /www/wwwroot/web/Runtime/Cache/User/d7a7632f153cf12d0db44c934c28bcfe.php 第 154 行.
NOTIC: [8] Undefined index: groupid /www/wwwroot/web/Runtime/Cache/User/d7a7632f153cf12d0db44c934c28bcfe.php 第 154 行.
NOTIC: [8] Use of undefined constant groupid - assumed 'groupid' /www/wwwroot/web/Runtime/Cache/User/d7a7632f153cf12d0db44c934c28bcfe.php 第 168 行.
NOTIC: [8] Undefined index: groupid /www/wwwroot/web/Runtime/Cache/User/d7a7632f153cf12d0db44c934c28bcfe.php 第 168 行.
INFO: Run Behavior\ParseTemplateBehavior [ RunTime:0.008921s ]
INFO: [ view_parse ] --END-- [ RunTime:0.008961s ]
INFO: [ view_filter ] --START--
INFO: Run Behavior\WriteHtmlCacheBehavior [ RunTime:0.000077s ]
INFO: Run Behavior\TokenBuildBehavior [ RunTime:0.000193s ]
INFO: [ view_filter ] --END-- [ RunTime:0.000299s ]
INFO: [ app_end ] --START--
INFO: Run Behavior\ShowPageTraceBehavior [ RunTime:0.000282s ]
INFO: [ app_end ] --END-- [ RunTime:0.000307s ]

[ 2020-06-15T17:56:07+08:00 ] 113.201.6.173 /agent_Login_index.html
INFO: [ app_init ] --START--
INFO: Run Behavior\BuildLiteBehavior [ RunTime:0.000006s ]
INFO: [ app_init ] --END-- [ RunTime:0.000031s ]
INFO: [ app_begin ] --START--
INFO: Run Behavior\ReadHtmlCacheBehavior [ RunTime:0.000229s ]
INFO: Run Behavior\CheckLangBehavior [ RunTime:0.000215s ]
INFO: [ app_begin ] --END-- [ RunTime:0.000495s ]
INFO: [ action_begin ] --START--
INFO: Run Behavior\CheckAuthBehavior [ RunTime:0.000498s ]
INFO: [ action_begin ] --END-- [ RunTime:0.000530s ]
INFO: [ view_parse ] --START--
INFO: [ template_filter ] --START--
INFO: Run Behavior\ContentReplaceBehavior [ RunTime:0.000025s ]
INFO: [ template_filter ] --END-- [ RunTime:0.000053s ]
NOTIC: [8] Undefined variable: verifycode /www/wwwroot/web/Runtime/Cache/User/cd7f950d5de11f03979102b93709231a.php 第 62 行.
INFO: Run Behavior\ParseTemplateBehavior [ RunTime:0.003356s ]
INFO: [ view_parse ] --END-- [ RunTime:0.003400s ]
INFO: [ view_filter ] --START--
INFO: Run Behavior\WriteHtmlCacheBehavior [ RunTime:0.000069s ]
INFO: Run Behavior\TokenBuildBehavior [ RunTime:0.000160s ]
INFO: [ view_filter ] --END-- [ RunTime:0.000257s ]
INFO: [ app_end ] --START--
INFO: Run Behavior\ShowPageTraceBehavior [ RunTime:0.000293s ]
INFO: [ app_end ] --END-- [ RunTime:0.000319s ]

[ 2020-06-15T18:06:03+08:00 ] 47.101.198.15 /Agent_Login_verifycode.html
INFO: [ app_init ] --START--
INFO: Run Behavior\BuildLiteBehavior [ RunTime:0.000007s ]
INFO: [ app_init ] --END-- [ RunTime:0.000036s ]
INFO: [ app_begin ] --START--
INFO: Run Behavior\ReadHtmlCacheBehavior [ RunTime:0.000205s ]
INFO: Run Behavior\CheckLangBehavior [ RunTime:0.000204s ]
INFO: [ app_begin ] --END-- [ RunTime:0.000449s ]
INFO: [ action_begin ] --START--
INFO: Run Behavior\CheckAuthBehavior [ RunTime:0.000467s ]
INFO: [ action_begin ] --END-- [ RunTime:0.000496s ]
INFO: [ app_end ] --START--
INFO: Run Behavior\ShowPageTraceBehavior [ RunTime:0.000233s ]
INFO: [ app_end ] --END-- [ RunTime:0.000263s ]

[ 2020-06-15T18:42:28+08:00 ] 42.236.10.78 /Agent_Login_verifycode.html
INFO: [ app_init ] --START--
INFO: Run Behavior\BuildLiteBehavior [ RunTime:0.000006s ]
INFO: [ app_init ] --END-- [ RunTime:0.000030s ]
INFO: [ app_begin ] --START--
INFO: Run Behavior\ReadHtmlCacheBehavior [ RunTime:0.000189s ]
INFO: Run Behavior\CheckLangBehavior [ RunTime:0.000192s ]
INFO: [ app_begin ] --END-- [ RunTime:0.000421s ]
INFO: [ action_begin ] --START--
INFO: Run Behavior\CheckAuthBehavior [ RunTime:0.000449s ]
INFO: [ action_begin ] --END-- [ RunTime:0.000481s ]
INFO: [ app_end ] --START--
INFO: Run Behavior\ShowPageTraceBehavior [ RunTime:0.000221s ]
INFO: [ app_end ] --END-- [ RunTime:0.000251s ]

[ 2020-06-15T18:42:35+08:00 ] 180.163.220.5 /Agent_Login_verifycode.html
INFO: [ app_init ] --START--
INFO: Run Behavior\BuildLiteBehavior [ RunTime:0.000006s ]
INFO: [ app_init ] --END-- [ RunTime:0.000030s ]
INFO: [ app_begin ] --START--
INFO: Run Behavior\ReadHtmlCacheBehavior [ RunTime:0.000194s ]
INFO: Run Behavior\CheckLangBehavior [ RunTime:0.000187s ]
INFO: [ app_begin ] --END-- [ RunTime:0.000422s ]
INFO: [ action_begin ] --START--
INFO: Run Behavior\CheckAuthBehavior [ RunTime:0.000434s ]
INFO: [ action_begin ] --END-- [ RunTime:0.000463s ]
INFO: [ app_end ] --START--
INFO: Run Behavior\ShowPageTraceBehavior [ RunTime:0.000316s ]
INFO: [ app_end ] --END-- [ RunTime:0.000360s ]

[ 2020-06-15T18:42:39+08:00 ] 42.236.10.117 /Agent_Login_verifycode.html
INFO: [ app_init ] --START--
INFO: Run Behavior\BuildLiteBehavior [ RunTime:0.000009s ]
INFO: [ app_init ] --END-- [ RunTime:0.000049s ]
INFO: [ app_begin ] --START--
INFO: Run Behavior\ReadHtmlCacheBehavior [ RunTime:0.000251s ]
INFO: Run Behavior\CheckLangBehavior [ RunTime:0.000227s ]
INFO: [ app_begin ] --END-- [ RunTime:0.000529s ]
INFO: [ action_begin ] --START--
INFO: Run Behavior\CheckAuthBehavior [ RunTime:0.000679s ]
INFO: [ action_begin ] --END-- [ RunTime:0.000717s ]
INFO: [ app_end ] --START--
INFO: Run Behavior\ShowPageTraceBehavior [ RunTime:0.000237s ]
INFO: [ app_end ] --END-- [ RunTime:0.000268s ]

[ 2020-06-15T18:42:43+08:00 ] 42.236.10.84 /Agent_Login_verifycode.html
INFO: [ app_init ] --START--
INFO: Run Behavior\BuildLiteBehavior [ RunTime:0.000007s ]
INFO: [ app_init ] --END-- [ RunTime:0.000030s ]
INFO: [ app_begin ] --START--
INFO: Run Behavior\ReadHtmlCacheBehavior [ RunTime:0.000205s ]
INFO: Run Behavior\CheckLangBehavior [ RunTime:0.000189s ]
INFO: [ app_begin ] --END-- [ RunTime:0.000434s ]
INFO: [ action_begin ] --START--
INFO: Run Behavior\CheckAuthBehavior [ RunTime:0.000436s ]
INFO: [ action_begin ] --END-- [ RunTime:0.000469s ]
INFO: [ app_end ] --START--
INFO: Run Behavior\ShowPageTraceBehavior [ RunTime:0.000234s ]
INFO: [ app_end ] --END-- [ RunTime:0.000263s ]

[ 2020-06-15T18:42:51+08:00 ] 180.163.220.5 /Agent_Login_verifycode.html
INFO: [ app_init ] --START--
INFO: Run Behavior\BuildLiteBehavior [ RunTime:0.000010s ]
INFO: [ app_init ] --END-- [ RunTime:0.000051s ]
INFO: [ app_begin ] --START--
INFO: Run Behavior\ReadHtmlCacheBehavior [ RunTime:0.000310s ]
INFO: Run Behavior\CheckLangBehavior [ RunTime:0.000294s ]
INFO: [ app_begin ] --END-- [ RunTime:0.000668s ]
INFO: [ action_begin ] --START--
INFO: Run Behavior\CheckAuthBehavior [ RunTime:0.000697s ]
INFO: [ action_begin ] --END-- [ RunTime:0.000741s ]
INFO: [ app_end ] --START--
INFO: Run Behavior\ShowPageTraceBehavior [ RunTime:0.000339s ]
INFO: [ app_end ] --END-- [ RunTime:0.000385s ]

[ 2020-06-15T18:42:54+08:00 ] 42.236.10.75 /Agent_Login_verifycode.html
INFO: [ app_init ] --START--
INFO: Run Behavior\BuildLiteBehavior [ RunTime:0.000009s ]
INFO: [ app_init ] --END-- [ RunTime:0.000049s ]
INFO: [ app_begin ] --START--
INFO: Run Behavior\ReadHtmlCacheBehavior [ RunTime:0.000279s ]
INFO: Run Behavior\CheckLangBehavior [ RunTime:0.000268s ]
INFO: [ app_begin ] --END-- [ RunTime:0.000610s ]
INFO: [ action_begin ] --START--
INFO: Run Behavior\CheckAuthBehavior [ RunTime:0.000622s ]
INFO: [ action_begin ] --END-- [ RunTime:0.000664s ]
INFO: [ app_end ] --START--
INFO: Run Behavior\ShowPageTraceBehavior [ RunTime:0.000226s ]
INFO: [ app_end ] --END-- [ RunTime:0.000256s ]

[ 2020-06-15T18:44:52+08:00 ] 47.100.234.45 /Agent_Login_verifycode.html
INFO: [ app_init ] --START--
INFO: Run Behavior\BuildLiteBehavior [ RunTime:0.000008s ]
INFO: [ app_init ] --END-- [ RunTime:0.000033s ]
INFO: [ app_begin ] --START--
INFO: Run Behavior\ReadHtmlCacheBehavior [ RunTime:0.000192s ]
INFO: Run Behavior\CheckLangBehavior [ RunTime:0.000197s ]
INFO: [ app_begin ] --END-- [ RunTime:0.000429s ]
INFO: [ action_begin ] --START--
INFO: Run Behavior\CheckAuthBehavior [ RunTime:0.000455s ]
INFO: [ action_begin ] --END-- [ RunTime:0.000484s ]
INFO: [ app_end ] --START--
INFO: Run Behavior\ShowPageTraceBehavior [ RunTime:0.000223s ]
INFO: [ app_end ] --END-- [ RunTime:0.000254s ]

[ 2020-06-15T19:07:33+08:00 ] 47.101.201.45 /Agent_Login_verifycode.html
INFO: [ app_init ] --START--
INFO: Run Behavior\BuildLiteBehavior [ RunTime:0.000008s ]
INFO: [ app_init ] --END-- [ RunTime:0.000035s ]
INFO: [ app_begin ] --START--
INFO: Run Behavior\ReadHtmlCacheBehavior [ RunTime:0.000209s ]
INFO: Run Behavior\CheckLangBehavior [ RunTime:0.000204s ]
INFO: [ app_begin ] --END-- [ RunTime:0.000463s ]
INFO: [ action_begin ] --START--
INFO: Run Behavior\CheckAuthBehavior [ RunTime:0.000452s ]
INFO: [ action_begin ] --END-- [ RunTime:0.000482s ]
INFO: [ app_end ] --START--
INFO: Run Behavior\ShowPageTraceBehavior [ RunTime:0.000231s ]
INFO: [ app_end ] --END-- [ RunTime:0.000261s ]

[ 2020-06-15T19:17:28+08:00 ] 47.101.193.213 /Agent_Login_verifycode.html
INFO: [ app_init ] --START--
INFO: Run Behavior\BuildLiteBehavior [ RunTime:0.000006s ]
INFO: [ app_init ] --END-- [ RunTime:0.000034s ]
INFO: [ app_begin ] --START--
INFO: Run Behavior\ReadHtmlCacheBehavior [ RunTime:0.000201s ]
INFO: Run Behavior\CheckLangBehavior [ RunTime:0.000190s ]
INFO: [ app_begin ] --END-- [ RunTime:0.000431s ]
INFO: [ action_begin ] --START--
INFO: Run Behavior\CheckAuthBehavior [ RunTime:0.000476s ]
INFO: [ action_begin ] --END-- [ RunTime:0.000506s ]
INFO: [ app_end ] --START--
INFO: Run Behavior\ShowPageTraceBehavior [ RunTime:0.000222s ]
INFO: [ app_end ] --END-- [ RunTime:0.000259s ]

[ 2020-06-15T19:29:23+08:00 ] 47.103.22.107 /Agent_Login_verifycode.html
INFO: [ app_init ] --START--
INFO: Run Behavior\BuildLiteBehavior [ RunTime:0.000007s ]
INFO: [ app_init ] --END-- [ RunTime:0.000033s ]
INFO: [ app_begin ] --START--
INFO: Run Behavior\ReadHtmlCacheBehavior [ RunTime:0.000199s ]
INFO: Run Behavior\CheckLangBehavior [ RunTime:0.000189s ]
INFO: [ app_begin ] --END-- [ RunTime:0.000426s ]
INFO: [ action_begin ] --START--
INFO: Run Behavior\CheckAuthBehavior [ RunTime:0.000444s ]
INFO: [ action_begin ] --END-- [ RunTime:0.000473s ]
INFO: [ app_end ] --START--
INFO: Run Behavior\ShowPageTraceBehavior [ RunTime:0.000237s ]
INFO: [ app_end ] --END-- [ RunTime:0.000266s ]

[ 2020-06-15T19:49:18+08:00 ] 111.231.134.42 /Agent_Login_verifycode.html
INFO: [ app_init ] --START--
INFO: Run Behavior\BuildLiteBehavior [ RunTime:0.000007s ]
INFO: [ app_init ] --END-- [ RunTime:0.000031s ]
INFO: [ app_begin ] --START--
INFO: Run Behavior\ReadHtmlCacheBehavior [ RunTime:0.000192s ]
INFO: Run Behavior\CheckLangBehavior [ RunTime:0.000194s ]
INFO: [ app_begin ] --END-- [ RunTime:0.000428s ]
INFO: [ action_begin ] --START--
INFO: Run Behavior\CheckAuthBehavior [ RunTime:0.000463s ]
INFO: [ action_begin ] --END-- [ RunTime:0.000496s ]
INFO: [ app_end ] --START--
INFO: Run Behavior\ShowPageTraceBehavior [ RunTime:0.000223s ]
INFO: [ app_end ] --END-- [ RunTime:0.000253s ]

[ 2020-06-15T20:44:08+08:00 ] 47.101.191.214 /Agent_Login_verifycode.html
INFO: [ app_init ] --START--
INFO: Run Behavior\BuildLiteBehavior [ RunTime:0.000007s ]
INFO: [ app_init ] --END-- [ RunTime:0.000034s ]
INFO: [ app_begin ] --START--
INFO: Run Behavior\ReadHtmlCacheBehavior [ RunTime:0.000194s ]
INFO: Run Behavior\CheckLangBehavior [ RunTime:0.000189s ]
INFO: [ app_begin ] --END-- [ RunTime:0.000422s ]
INFO: [ action_begin ] --START--
INFO: Run Behavior\CheckAuthBehavior [ RunTime:0.000465s ]
INFO: [ action_begin ] --END-- [ RunTime:0.000494s ]
INFO: [ app_end ] --START--
INFO: Run Behavior\ShowPageTraceBehavior [ RunTime:0.000220s ]
INFO: [ app_end ] --END-- [ RunTime:0.000248s ]

[ 2020-06-15T21:17:32+08:00 ] 47.101.202.177 /Agent_Login_verifycode.html
INFO: [ app_init ] --START--
INFO: Run Behavior\BuildLiteBehavior [ RunTime:0.000007s ]
INFO: [ app_init ] --END-- [ RunTime:0.000032s ]
INFO: [ app_begin ] --START--
INFO: Run Behavior\ReadHtmlCacheBehavior [ RunTime:0.000192s ]
INFO: Run Behavior\CheckLangBehavior [ RunTime:0.000203s ]
INFO: [ app_begin ] --END-- [ RunTime:0.000438s ]
INFO: [ action_begin ] --START--
INFO: Run Behavior\CheckAuthBehavior [ RunTime:0.000453s ]
INFO: [ action_begin ] --END-- [ RunTime:0.000480s ]
INFO: [ app_end ] --START--
INFO: Run Behavior\ShowPageTraceBehavior [ RunTime:0.000246s ]
INFO: [ app_end ] --END-- [ RunTime:0.000275s ]

